2018-10-21 19:26:16,199:INFO: Loading the dataset ...
2018-10-21 19:26:16,639:INFO: - done.
2018-10-21 19:26:20,899:INFO: Starting evaluation
2018-10-21 19:26:25,966:INFO: Labels=[0. 0. 1. 0. 0. 0. 0. 1. 0. 1.]
2018-10-21 19:26:25,967:INFO: Out prob=[2.30750605e-01 2.18252763e-01 5.27222574e-01 5.48101723e-01
 8.42031956e-01 4.53696848e-04 2.86624804e-02 9.46374297e-01
 2.71376818e-01 9.73354757e-01]
2018-10-21 19:26:25,967:INFO: ------------------------------------------------------------------------------------------------------------------------
2018-10-21 19:26:25,967:INFO: len labels after =15872
2018-10-21 19:26:25,967:INFO: len out_prob after15872
2018-10-21 19:26:25,967:INFO: length y_test=15872
2018-10-21 19:26:25,967:INFO: Lenght y_score=15872
2018-10-21 19:26:25,970:INFO: Length y_score 15872
2018-10-21 19:26:25,970:INFO: Length y_test 15872
2018-10-21 19:26:25,970:INFO: Thresholds[0:6] = 
 [0.99865854 0.99767441 0.99761367 0.99583721 0.99579805 0.99547452]
2018-10-21 19:26:25,970:INFO: Thresholds lenght = 
15859
2018-10-21 19:26:25,971:INFO: fpr lenght15859
2018-10-21 19:26:25,971:INFO: tpr lenght15859
2018-10-21 19:26:26,023:INFO: ------------------------------------------------------------------------------------------------------------------------
2018-10-21 19:26:26,027:INFO: roc_auc=0.9060018898669192
2018-10-21 19:26:26,027:INFO: ------------------------------------------------------------------------------------------------------------------------
2018-10-21 19:26:26,028:INFO: - Eval metrics : accuracy: 0.824 ; loss: 0.383
