2018-10-21 19:05:56,042:INFO: sample_name=top_qcd_jets_antikt_kt__40000_Njets_256_batch
2018-10-21 19:05:56,043:INFO: ------------------------------------------------------------
2018-10-21 19:05:56,043:INFO: Loading the datasets...
2018-10-21 19:05:57,290:INFO: - done loading the datasets
2018-10-21 19:05:57,291:INFO: ------------------------------------------------------------
2018-10-21 19:06:01,304:INFO: Building optimizer...
2018-10-21 19:06:01,304:INFO: Starting training for 30 epoch(s)
2018-10-21 19:06:01,304:INFO: Epoch 1/30
2018-10-21 19:06:39,673:INFO: - Train metrics: accuracy: 0.529 ; loss: 0.777
2018-10-21 19:06:44,778:INFO: - Eval metrics : accuracy: 0.541 ; loss: 0.687
2018-10-21 19:06:44,836:INFO: - Found new best accuracy
2018-10-21 19:06:44,836:INFO: Epoch 2/30
2018-10-21 19:07:23,573:INFO: - Train metrics: accuracy: 0.674 ; loss: 0.576
2018-10-21 19:07:29,420:INFO: - Eval metrics : accuracy: 0.795 ; loss: 0.460
2018-10-21 19:07:29,460:INFO: - Found new best accuracy
2018-10-21 19:07:29,460:INFO: Epoch 3/30
2018-10-21 19:08:08,050:INFO: - Train metrics: accuracy: 0.811 ; loss: 0.443
2018-10-21 19:08:13,671:INFO: - Eval metrics : accuracy: 0.799 ; loss: 0.455
2018-10-21 19:08:13,712:INFO: - Found new best accuracy
2018-10-21 19:08:13,713:INFO: Epoch 4/30
2018-10-21 19:08:47,855:INFO: - Train metrics: accuracy: 0.816 ; loss: 0.435
2018-10-21 19:08:53,433:INFO: - Eval metrics : accuracy: 0.803 ; loss: 0.434
2018-10-21 19:08:53,475:INFO: - Found new best accuracy
2018-10-21 19:08:53,475:INFO: Epoch 5/30
2018-10-21 19:09:27,640:INFO: - Train metrics: accuracy: 0.830 ; loss: 0.419
2018-10-21 19:09:33,128:INFO: - Eval metrics : accuracy: 0.807 ; loss: 0.432
2018-10-21 19:09:33,175:INFO: - Found new best accuracy
2018-10-21 19:09:33,176:INFO: Epoch 6/30
2018-10-21 19:10:11,794:INFO: - Train metrics: accuracy: 0.824 ; loss: 0.416
2018-10-21 19:10:17,500:INFO: - Eval metrics : accuracy: 0.810 ; loss: 0.422
2018-10-21 19:10:17,539:INFO: - Found new best accuracy
2018-10-21 19:10:17,540:INFO: Epoch 7/30
2018-10-21 19:10:54,432:INFO: - Train metrics: accuracy: 0.836 ; loss: 0.407
2018-10-21 19:10:59,847:INFO: - Eval metrics : accuracy: 0.811 ; loss: 0.412
2018-10-21 19:10:59,889:INFO: - Found new best accuracy
2018-10-21 19:10:59,889:INFO: Epoch 8/30
2018-10-21 19:11:36,362:INFO: - Train metrics: accuracy: 0.836 ; loss: 0.396
2018-10-21 19:11:40,514:INFO: - Eval metrics : accuracy: 0.811 ; loss: 0.407
2018-10-21 19:11:40,555:INFO: - Found new best accuracy
2018-10-21 19:11:40,556:INFO: Epoch 9/30
2018-10-21 19:12:14,562:INFO: - Train metrics: accuracy: 0.834 ; loss: 0.388
2018-10-21 19:12:18,765:INFO: - Eval metrics : accuracy: 0.812 ; loss: 0.406
2018-10-21 19:12:18,807:INFO: - Found new best accuracy
2018-10-21 19:12:18,809:INFO: Epoch 10/30
2018-10-21 19:12:52,856:INFO: - Train metrics: accuracy: 0.834 ; loss: 0.383
2018-10-21 19:12:57,191:INFO: - Eval metrics : accuracy: 0.814 ; loss: 0.405
2018-10-21 19:12:57,233:INFO: - Found new best accuracy
2018-10-21 19:12:57,234:INFO: Epoch 11/30
2018-10-21 19:13:31,894:INFO: - Train metrics: accuracy: 0.830 ; loss: 0.378
2018-10-21 19:13:37,815:INFO: - Eval metrics : accuracy: 0.814 ; loss: 0.401
2018-10-21 19:13:37,858:INFO: Epoch 12/30
2018-10-21 19:14:12,209:INFO: - Train metrics: accuracy: 0.832 ; loss: 0.373
2018-10-21 19:14:18,146:INFO: - Eval metrics : accuracy: 0.816 ; loss: 0.398
2018-10-21 19:14:18,188:INFO: - Found new best accuracy
2018-10-21 19:14:18,189:INFO: Epoch 13/30
2018-10-21 19:14:52,243:INFO: - Train metrics: accuracy: 0.834 ; loss: 0.370
2018-10-21 19:14:57,441:INFO: - Eval metrics : accuracy: 0.816 ; loss: 0.396
2018-10-21 19:14:57,484:INFO: - Found new best accuracy
2018-10-21 19:14:57,485:INFO: Epoch 14/30
2018-10-21 19:15:32,411:INFO: - Train metrics: accuracy: 0.834 ; loss: 0.367
2018-10-21 19:15:37,625:INFO: - Eval metrics : accuracy: 0.818 ; loss: 0.394
2018-10-21 19:15:37,668:INFO: - Found new best accuracy
2018-10-21 19:15:37,669:INFO: Epoch 15/30
2018-10-21 19:16:16,233:INFO: - Train metrics: accuracy: 0.840 ; loss: 0.362
2018-10-21 19:16:21,449:INFO: - Eval metrics : accuracy: 0.818 ; loss: 0.392
2018-10-21 19:16:21,487:INFO: - Found new best accuracy
2018-10-21 19:16:21,488:INFO: Epoch 16/30
2018-10-21 19:16:56,102:INFO: - Train metrics: accuracy: 0.846 ; loss: 0.359
2018-10-21 19:17:00,302:INFO: - Eval metrics : accuracy: 0.818 ; loss: 0.391
2018-10-21 19:17:00,338:INFO: - Found new best accuracy
2018-10-21 19:17:00,338:INFO: Epoch 17/30
2018-10-21 19:17:36,402:INFO: - Train metrics: accuracy: 0.848 ; loss: 0.358
2018-10-21 19:17:40,542:INFO: - Eval metrics : accuracy: 0.818 ; loss: 0.390
2018-10-21 19:17:40,575:INFO: Epoch 18/30
2018-10-21 19:18:16,226:INFO: - Train metrics: accuracy: 0.848 ; loss: 0.357
2018-10-21 19:18:20,387:INFO: - Eval metrics : accuracy: 0.818 ; loss: 0.390
2018-10-21 19:18:20,430:INFO: Epoch 19/30
2018-10-21 19:18:55,479:INFO: - Train metrics: accuracy: 0.852 ; loss: 0.355
2018-10-21 19:18:59,667:INFO: - Eval metrics : accuracy: 0.817 ; loss: 0.391
2018-10-21 19:18:59,706:INFO: Epoch 20/30
2018-10-21 19:19:34,416:INFO: - Train metrics: accuracy: 0.852 ; loss: 0.355
2018-10-21 19:19:38,607:INFO: - Eval metrics : accuracy: 0.816 ; loss: 0.391
2018-10-21 19:19:38,640:INFO: Epoch 21/30
2018-10-21 19:20:13,102:INFO: - Train metrics: accuracy: 0.854 ; loss: 0.354
2018-10-21 19:20:18,411:INFO: - Eval metrics : accuracy: 0.817 ; loss: 0.391
2018-10-21 19:20:18,449:INFO: Epoch 22/30
2018-10-21 19:20:53,640:INFO: - Train metrics: accuracy: 0.848 ; loss: 0.354
2018-10-21 19:20:57,831:INFO: - Eval metrics : accuracy: 0.817 ; loss: 0.392
2018-10-21 19:20:57,870:INFO: Epoch 23/30
2018-10-21 19:21:34,010:INFO: - Train metrics: accuracy: 0.848 ; loss: 0.353
2018-10-21 19:21:38,215:INFO: - Eval metrics : accuracy: 0.818 ; loss: 0.389
2018-10-21 19:21:38,254:INFO: Epoch 24/30
2018-10-21 19:22:13,251:INFO: - Train metrics: accuracy: 0.852 ; loss: 0.351
2018-10-21 19:22:17,388:INFO: - Eval metrics : accuracy: 0.819 ; loss: 0.386
2018-10-21 19:22:17,426:INFO: - Found new best accuracy
2018-10-21 19:22:17,427:INFO: Epoch 25/30
2018-10-21 19:22:51,428:INFO: - Train metrics: accuracy: 0.850 ; loss: 0.349
2018-10-21 19:22:55,620:INFO: - Eval metrics : accuracy: 0.819 ; loss: 0.385
2018-10-21 19:22:55,623:INFO: - Found new best accuracy
2018-10-21 19:22:55,624:INFO: Epoch 26/30
2018-10-21 19:23:31,653:INFO: - Train metrics: accuracy: 0.846 ; loss: 0.349
2018-10-21 19:23:35,849:INFO: - Eval metrics : accuracy: 0.820 ; loss: 0.385
2018-10-21 19:23:35,873:INFO: - Found new best accuracy
2018-10-21 19:23:35,873:INFO: Epoch 27/30
2018-10-21 19:24:09,688:INFO: - Train metrics: accuracy: 0.846 ; loss: 0.348
2018-10-21 19:24:13,881:INFO: - Eval metrics : accuracy: 0.819 ; loss: 0.386
2018-10-21 19:24:13,921:INFO: Epoch 28/30
2018-10-21 19:24:47,981:INFO: - Train metrics: accuracy: 0.846 ; loss: 0.348
2018-10-21 19:24:52,979:INFO: - Eval metrics : accuracy: 0.819 ; loss: 0.386
2018-10-21 19:24:53,014:INFO: Epoch 29/30
2018-10-21 19:25:31,114:INFO: - Train metrics: accuracy: 0.848 ; loss: 0.348
2018-10-21 19:25:35,311:INFO: - Eval metrics : accuracy: 0.819 ; loss: 0.387
2018-10-21 19:25:35,354:INFO: Epoch 30/30
2018-10-21 19:26:09,260:INFO: - Train metrics: accuracy: 0.854 ; loss: 0.348
2018-10-21 19:26:14,257:INFO: - Eval metrics : accuracy: 0.819 ; loss: 0.387
2018-10-21 19:26:14,297:INFO: Total time (minutes) =20.30424472093582
