2018-10-29 17:43:56,804:INFO: Loading the dataset ...
2018-10-29 17:43:57,061:INFO: - done.
2018-10-29 17:43:58,885:INFO: Starting evaluation
2018-10-29 17:44:00,636:INFO: Labels=[0. 0. 1. 0. 0. 0. 0. 1. 0. 1.]
2018-10-29 17:44:00,637:INFO: Out prob=[1.84463468e-04 8.38563681e-01 8.38604093e-01 8.32465529e-01
 7.45620310e-01 2.47269381e-05 3.42160161e-03 6.93341434e-01
 1.41323850e-01 9.28407133e-01]
2018-10-29 17:44:00,637:INFO: ------------------------------------------------------------------------------------------------------------------------
2018-10-29 17:44:00,637:INFO: len labels after =15872
2018-10-29 17:44:00,637:INFO: len out_prob after15872
2018-10-29 17:44:00,637:INFO: length y_test=15872
2018-10-29 17:44:00,637:INFO: Lenght y_score=15872
2018-10-29 17:44:00,644:INFO: Length y_score 15872
2018-10-29 17:44:00,644:INFO: Length y_test 15872
2018-10-29 17:44:00,645:INFO: Thresholds[0:6] = 
 [0.98300296 0.97718221 0.97594666 0.97576535 0.97477496 0.97373992]
2018-10-29 17:44:00,645:INFO: Thresholds lenght = 
15869
2018-10-29 17:44:00,645:INFO: fpr lenght15869
2018-10-29 17:44:00,645:INFO: tpr lenght15869
2018-10-29 17:44:00,746:INFO: ------------------------------------------------------------------------------------------------------------------------
2018-10-29 17:44:00,752:INFO: roc_auc=0.8777508690999772
2018-10-29 17:44:00,752:INFO: ------------------------------------------------------------------------------------------------------------------------
2018-10-29 17:44:00,754:INFO: - Eval metrics : accuracy: 0.79486 ; loss: 0.42581
