2018-10-29 17:10:18,900:INFO: Loading the dataset ...
2018-10-29 17:10:19,239:INFO: - done.
2018-10-29 17:10:20,971:INFO: Starting evaluation
2018-10-29 17:10:23,575:INFO: Labels=[0. 0. 1. 0. 0. 0. 0. 1. 0. 1.]
2018-10-29 17:10:23,575:INFO: Out prob=[2.06017194e-05 6.98050737e-01 9.46230114e-01 8.73163462e-01
 5.17971158e-01 7.17221171e-09 8.76831543e-03 6.80125713e-01
 2.36416217e-02 9.40067768e-01]
2018-10-29 17:10:23,575:INFO: ------------------------------------------------------------------------------------------------------------------------
2018-10-29 17:10:23,575:INFO: len labels after =16000
2018-10-29 17:10:23,576:INFO: len out_prob after16000
2018-10-29 17:10:23,576:INFO: length y_test=16000
2018-10-29 17:10:23,576:INFO: Lenght y_score=16000
2018-10-29 17:10:23,579:INFO: Length y_score 16000
2018-10-29 17:10:23,579:INFO: Length y_test 16000
2018-10-29 17:10:23,579:INFO: Thresholds[0:6] = 
 [0.96282423 0.96272844 0.96077478 0.95998621 0.95931739 0.95910823]
2018-10-29 17:10:23,579:INFO: Thresholds lenght = 
15992
2018-10-29 17:10:23,579:INFO: fpr lenght15992
2018-10-29 17:10:23,579:INFO: tpr lenght15992
2018-10-29 17:10:23,627:INFO: ------------------------------------------------------------------------------------------------------------------------
2018-10-29 17:10:23,631:INFO: roc_auc=0.8784435918506812
2018-10-29 17:10:23,631:INFO: ------------------------------------------------------------------------------------------------------------------------
2018-10-29 17:10:23,632:INFO: - Eval metrics : accuracy: 0.79719 ; loss: 0.42402
