2018-10-29 17:48:11,642:INFO: Loading the dataset ...
2018-10-29 17:48:11,973:INFO: - done.
2018-10-29 17:48:13,665:INFO: Starting evaluation
2018-10-29 17:48:15,394:INFO: Labels=[0. 0. 1. 0. 0. 0. 0. 1. 0. 1.]
2018-10-29 17:48:15,394:INFO: Out prob=[7.44833887e-05 8.65300655e-01 8.55632246e-01 7.01872110e-01
 7.81022191e-01 2.25904543e-04 2.49810927e-02 6.43458247e-01
 5.10354459e-01 8.77971232e-01]
2018-10-29 17:48:15,394:INFO: ------------------------------------------------------------------------------------------------------------------------
2018-10-29 17:48:15,394:INFO: len labels after =15872
2018-10-29 17:48:15,394:INFO: len out_prob after15872
2018-10-29 17:48:15,394:INFO: length y_test=15872
2018-10-29 17:48:15,394:INFO: Lenght y_score=15872
2018-10-29 17:48:15,398:INFO: Length y_score 15872
2018-10-29 17:48:15,398:INFO: Length y_test 15872
2018-10-29 17:48:15,398:INFO: Thresholds[0:6] = 
 [0.98722655 0.98036557 0.97857124 0.97699773 0.97552288 0.9749912 ]
2018-10-29 17:48:15,398:INFO: Thresholds lenght = 
15860
2018-10-29 17:48:15,398:INFO: fpr lenght15860
2018-10-29 17:48:15,398:INFO: tpr lenght15860
2018-10-29 17:48:15,445:INFO: ------------------------------------------------------------------------------------------------------------------------
2018-10-29 17:48:15,449:INFO: roc_auc=0.864219625832263
2018-10-29 17:48:15,449:INFO: ------------------------------------------------------------------------------------------------------------------------
2018-10-29 17:48:15,450:INFO: - Eval metrics : accuracy: 0.78604 ; loss: 0.44553
