2018-10-29 17:44:02,009:INFO: search_hyperparam_sample_name=top_qcd_jets_antikt_kt__40000_Njets_256_batch
2018-10-29 17:44:02,010:INFO: ------------------------------------------------------------
2018-10-29 17:44:02,010:INFO: Loading the datasets...
2018-10-29 17:44:03,157:INFO: - done loading the datasets
2018-10-29 17:44:03,158:INFO: ------------------------------------------------------------
2018-10-29 17:44:04,698:INFO: Building optimizer...
2018-10-29 17:44:04,699:INFO: Starting training for 30 epoch(s)
2018-10-29 17:44:04,699:INFO: Epoch 1/30
2018-10-29 17:44:12,685:INFO: - Train metrics: accuracy: 0.639 ; loss: 1.199
2018-10-29 17:44:14,348:INFO: - Eval metrics : accuracy: 0.735 ; loss: 0.524
2018-10-29 17:44:14,358:INFO: - Found new best accuracy
2018-10-29 17:44:14,358:INFO: Epoch 2/30
2018-10-29 17:44:20,828:INFO: - Train metrics: accuracy: 0.744 ; loss: 0.506
2018-10-29 17:44:22,254:INFO: - Eval metrics : accuracy: 0.752 ; loss: 0.498
2018-10-29 17:44:22,292:INFO: - Found new best accuracy
2018-10-29 17:44:22,293:INFO: Epoch 3/30
2018-10-29 17:44:29,176:INFO: - Train metrics: accuracy: 0.779 ; loss: 0.479
2018-10-29 17:44:30,678:INFO: - Eval metrics : accuracy: 0.761 ; loss: 0.481
2018-10-29 17:44:30,720:INFO: - Found new best accuracy
2018-10-29 17:44:30,720:INFO: Epoch 4/30
2018-10-29 17:44:37,168:INFO: - Train metrics: accuracy: 0.789 ; loss: 0.458
2018-10-29 17:44:38,876:INFO: - Eval metrics : accuracy: 0.776 ; loss: 0.460
2018-10-29 17:44:38,906:INFO: - Found new best accuracy
2018-10-29 17:44:38,907:INFO: Epoch 5/30
2018-10-29 17:44:45,682:INFO: - Train metrics: accuracy: 0.793 ; loss: 0.433
2018-10-29 17:44:47,111:INFO: - Eval metrics : accuracy: 0.777 ; loss: 0.454
2018-10-29 17:44:47,151:INFO: - Found new best accuracy
2018-10-29 17:44:47,152:INFO: Epoch 6/30
2018-10-29 17:44:54,148:INFO: - Train metrics: accuracy: 0.799 ; loss: 0.426
2018-10-29 17:44:55,616:INFO: - Eval metrics : accuracy: 0.780 ; loss: 0.450
2018-10-29 17:44:55,654:INFO: - Found new best accuracy
2018-10-29 17:44:55,655:INFO: Epoch 7/30
2018-10-29 17:45:02,121:INFO: - Train metrics: accuracy: 0.805 ; loss: 0.421
2018-10-29 17:45:03,692:INFO: - Eval metrics : accuracy: 0.780 ; loss: 0.450
2018-10-29 17:45:03,729:INFO: - Found new best accuracy
2018-10-29 17:45:03,730:INFO: Epoch 8/30
2018-10-29 17:45:10,328:INFO: - Train metrics: accuracy: 0.809 ; loss: 0.421
2018-10-29 17:45:11,639:INFO: - Eval metrics : accuracy: 0.782 ; loss: 0.447
2018-10-29 17:45:11,674:INFO: - Found new best accuracy
2018-10-29 17:45:11,675:INFO: Epoch 9/30
2018-10-29 17:45:18,618:INFO: - Train metrics: accuracy: 0.803 ; loss: 0.417
2018-10-29 17:45:20,010:INFO: - Eval metrics : accuracy: 0.781 ; loss: 0.448
2018-10-29 17:45:20,012:INFO: Epoch 10/30
2018-10-29 17:45:26,707:INFO: - Train metrics: accuracy: 0.814 ; loss: 0.415
2018-10-29 17:45:28,235:INFO: - Eval metrics : accuracy: 0.783 ; loss: 0.443
2018-10-29 17:45:28,289:INFO: - Found new best accuracy
2018-10-29 17:45:28,290:INFO: Epoch 11/30
2018-10-29 17:45:35,027:INFO: - Train metrics: accuracy: 0.814 ; loss: 0.411
2018-10-29 17:45:36,317:INFO: - Eval metrics : accuracy: 0.786 ; loss: 0.442
2018-10-29 17:45:36,354:INFO: - Found new best accuracy
2018-10-29 17:45:36,355:INFO: Epoch 12/30
2018-10-29 17:45:43,144:INFO: - Train metrics: accuracy: 0.811 ; loss: 0.409
2018-10-29 17:45:44,547:INFO: - Eval metrics : accuracy: 0.785 ; loss: 0.441
2018-10-29 17:45:44,582:INFO: Epoch 13/30
2018-10-29 17:45:51,280:INFO: - Train metrics: accuracy: 0.811 ; loss: 0.408
2018-10-29 17:45:52,810:INFO: - Eval metrics : accuracy: 0.787 ; loss: 0.441
2018-10-29 17:45:52,861:INFO: - Found new best accuracy
2018-10-29 17:45:52,862:INFO: Epoch 14/30
2018-10-29 17:45:59,490:INFO: - Train metrics: accuracy: 0.807 ; loss: 0.407
2018-10-29 17:46:00,812:INFO: - Eval metrics : accuracy: 0.787 ; loss: 0.440
2018-10-29 17:46:00,856:INFO: Epoch 15/30
2018-10-29 17:46:07,831:INFO: - Train metrics: accuracy: 0.807 ; loss: 0.407
2018-10-29 17:46:09,110:INFO: - Eval metrics : accuracy: 0.786 ; loss: 0.440
2018-10-29 17:46:09,151:INFO: Epoch 16/30
2018-10-29 17:46:15,614:INFO: - Train metrics: accuracy: 0.807 ; loss: 0.407
2018-10-29 17:46:16,926:INFO: - Eval metrics : accuracy: 0.786 ; loss: 0.440
2018-10-29 17:46:16,962:INFO: Epoch 17/30
2018-10-29 17:46:23,716:INFO: - Train metrics: accuracy: 0.805 ; loss: 0.407
2018-10-29 17:46:25,130:INFO: - Eval metrics : accuracy: 0.786 ; loss: 0.440
2018-10-29 17:46:25,170:INFO: Epoch 18/30
2018-10-29 17:46:31,889:INFO: - Train metrics: accuracy: 0.803 ; loss: 0.407
2018-10-29 17:46:33,224:INFO: - Eval metrics : accuracy: 0.786 ; loss: 0.440
2018-10-29 17:46:33,261:INFO: Epoch 19/30
2018-10-29 17:46:39,960:INFO: - Train metrics: accuracy: 0.803 ; loss: 0.407
2018-10-29 17:46:41,243:INFO: - Eval metrics : accuracy: 0.786 ; loss: 0.440
2018-10-29 17:46:41,286:INFO: Epoch 20/30
2018-10-29 17:46:48,205:INFO: - Train metrics: accuracy: 0.803 ; loss: 0.407
2018-10-29 17:46:49,632:INFO: - Eval metrics : accuracy: 0.786 ; loss: 0.440
2018-10-29 17:46:49,667:INFO: Epoch 21/30
2018-10-29 17:46:56,105:INFO: - Train metrics: accuracy: 0.805 ; loss: 0.407
2018-10-29 17:46:57,377:INFO: - Eval metrics : accuracy: 0.786 ; loss: 0.440
2018-10-29 17:46:57,413:INFO: Epoch 22/30
2018-10-29 17:47:03,962:INFO: - Train metrics: accuracy: 0.805 ; loss: 0.407
2018-10-29 17:47:05,199:INFO: - Eval metrics : accuracy: 0.786 ; loss: 0.440
2018-10-29 17:47:05,254:INFO: Epoch 23/30
2018-10-29 17:47:12,174:INFO: - Train metrics: accuracy: 0.805 ; loss: 0.407
2018-10-29 17:47:13,393:INFO: - Eval metrics : accuracy: 0.786 ; loss: 0.440
2018-10-29 17:47:13,436:INFO: Epoch 24/30
2018-10-29 17:47:20,040:INFO: - Train metrics: accuracy: 0.805 ; loss: 0.407
2018-10-29 17:47:21,256:INFO: - Eval metrics : accuracy: 0.786 ; loss: 0.440
2018-10-29 17:47:21,298:INFO: Epoch 25/30
2018-10-29 17:47:28,353:INFO: - Train metrics: accuracy: 0.805 ; loss: 0.407
2018-10-29 17:47:29,718:INFO: - Eval metrics : accuracy: 0.786 ; loss: 0.440
2018-10-29 17:47:29,751:INFO: Epoch 26/30
2018-10-29 17:47:36,541:INFO: - Train metrics: accuracy: 0.805 ; loss: 0.407
2018-10-29 17:47:37,750:INFO: - Eval metrics : accuracy: 0.786 ; loss: 0.440
2018-10-29 17:47:37,788:INFO: Epoch 27/30
2018-10-29 17:47:44,824:INFO: - Train metrics: accuracy: 0.805 ; loss: 0.407
2018-10-29 17:47:46,062:INFO: - Eval metrics : accuracy: 0.785 ; loss: 0.440
2018-10-29 17:47:46,083:INFO: Epoch 28/30
2018-10-29 17:47:52,681:INFO: - Train metrics: accuracy: 0.805 ; loss: 0.407
2018-10-29 17:47:53,946:INFO: - Eval metrics : accuracy: 0.785 ; loss: 0.440
2018-10-29 17:47:53,986:INFO: Epoch 29/30
2018-10-29 17:48:00,511:INFO: - Train metrics: accuracy: 0.805 ; loss: 0.407
2018-10-29 17:48:01,731:INFO: - Eval metrics : accuracy: 0.785 ; loss: 0.440
2018-10-29 17:48:01,769:INFO: Epoch 30/30
2018-10-29 17:48:08,457:INFO: - Train metrics: accuracy: 0.805 ; loss: 0.407
2018-10-29 17:48:09,733:INFO: - Eval metrics : accuracy: 0.785 ; loss: 0.440
2018-10-29 17:48:09,736:INFO: Total time (minutes) =4.128781000773112
