2018-10-29 18:08:40,234:INFO: search_hyperparam_sample_name=top_qcd_jets_antikt_kt__40000_Njets_256_batch
2018-10-29 18:08:40,235:INFO: ------------------------------------------------------------
2018-10-29 18:08:40,235:INFO: Loading the datasets...
2018-10-29 18:08:41,267:INFO: - done loading the datasets
2018-10-29 18:08:41,267:INFO: ------------------------------------------------------------
2018-10-29 18:08:42,956:INFO: Building optimizer...
2018-10-29 18:08:42,956:INFO: Starting training for 35 epoch(s)
2018-10-29 18:08:42,956:INFO: Epoch 1/35
2018-10-29 18:08:50,790:INFO: - Train metrics: accuracy: 0.658 ; loss: 1.179
2018-10-29 18:08:52,238:INFO: - Eval metrics : accuracy: 0.759 ; loss: 0.490
2018-10-29 18:08:52,247:INFO: - Found new best accuracy
2018-10-29 18:08:52,248:INFO: Epoch 2/35
2018-10-29 18:08:59,683:INFO: - Train metrics: accuracy: 0.768 ; loss: 0.493
2018-10-29 18:09:00,927:INFO: - Eval metrics : accuracy: 0.773 ; loss: 0.467
2018-10-29 18:09:00,957:INFO: - Found new best accuracy
2018-10-29 18:09:00,958:INFO: Epoch 3/35
2018-10-29 18:09:07,887:INFO: - Train metrics: accuracy: 0.771 ; loss: 0.477
2018-10-29 18:09:09,264:INFO: - Eval metrics : accuracy: 0.774 ; loss: 0.465
2018-10-29 18:09:09,302:INFO: - Found new best accuracy
2018-10-29 18:09:09,303:INFO: Epoch 4/35
2018-10-29 18:09:16,823:INFO: - Train metrics: accuracy: 0.783 ; loss: 0.450
2018-10-29 18:09:18,052:INFO: - Eval metrics : accuracy: 0.777 ; loss: 0.458
2018-10-29 18:09:18,088:INFO: - Found new best accuracy
2018-10-29 18:09:18,089:INFO: Epoch 5/35
2018-10-29 18:09:25,770:INFO: - Train metrics: accuracy: 0.789 ; loss: 0.445
2018-10-29 18:09:26,976:INFO: - Eval metrics : accuracy: 0.785 ; loss: 0.448
2018-10-29 18:09:27,016:INFO: - Found new best accuracy
2018-10-29 18:09:27,017:INFO: Epoch 6/35
2018-10-29 18:09:34,203:INFO: - Train metrics: accuracy: 0.799 ; loss: 0.443
2018-10-29 18:09:35,453:INFO: - Eval metrics : accuracy: 0.794 ; loss: 0.436
2018-10-29 18:09:35,494:INFO: - Found new best accuracy
2018-10-29 18:09:35,495:INFO: Epoch 7/35
2018-10-29 18:09:42,986:INFO: - Train metrics: accuracy: 0.807 ; loss: 0.432
2018-10-29 18:09:44,217:INFO: - Eval metrics : accuracy: 0.795 ; loss: 0.434
2018-10-29 18:09:44,252:INFO: - Found new best accuracy
2018-10-29 18:09:44,253:INFO: Epoch 8/35
2018-10-29 18:09:51,745:INFO: - Train metrics: accuracy: 0.824 ; loss: 0.418
2018-10-29 18:09:52,942:INFO: - Eval metrics : accuracy: 0.801 ; loss: 0.421
2018-10-29 18:09:52,980:INFO: - Found new best accuracy
2018-10-29 18:09:52,980:INFO: Epoch 9/35
2018-10-29 18:10:00,468:INFO: - Train metrics: accuracy: 0.814 ; loss: 0.412
2018-10-29 18:10:01,684:INFO: - Eval metrics : accuracy: 0.803 ; loss: 0.418
2018-10-29 18:10:01,724:INFO: - Found new best accuracy
2018-10-29 18:10:01,725:INFO: Epoch 10/35
2018-10-29 18:10:09,514:INFO: - Train metrics: accuracy: 0.836 ; loss: 0.401
2018-10-29 18:10:10,869:INFO: - Eval metrics : accuracy: 0.801 ; loss: 0.419
2018-10-29 18:10:10,922:INFO: Epoch 11/35
2018-10-29 18:10:17,562:INFO: - Train metrics: accuracy: 0.818 ; loss: 0.406
2018-10-29 18:10:18,911:INFO: - Eval metrics : accuracy: 0.804 ; loss: 0.412
2018-10-29 18:10:18,951:INFO: - Found new best accuracy
2018-10-29 18:10:18,952:INFO: Epoch 12/35
2018-10-29 18:10:26,431:INFO: - Train metrics: accuracy: 0.812 ; loss: 0.397
2018-10-29 18:10:27,657:INFO: - Eval metrics : accuracy: 0.809 ; loss: 0.402
2018-10-29 18:10:27,695:INFO: - Found new best accuracy
2018-10-29 18:10:27,696:INFO: Epoch 13/35
2018-10-29 18:10:34,777:INFO: - Train metrics: accuracy: 0.820 ; loss: 0.398
2018-10-29 18:10:36,121:INFO: - Eval metrics : accuracy: 0.808 ; loss: 0.405
2018-10-29 18:10:36,123:INFO: Epoch 14/35
2018-10-29 18:10:43,083:INFO: - Train metrics: accuracy: 0.822 ; loss: 0.407
2018-10-29 18:10:44,399:INFO: - Eval metrics : accuracy: 0.816 ; loss: 0.394
2018-10-29 18:10:44,435:INFO: - Found new best accuracy
2018-10-29 18:10:44,436:INFO: Epoch 15/35
2018-10-29 18:10:51,360:INFO: - Train metrics: accuracy: 0.822 ; loss: 0.392
2018-10-29 18:10:52,710:INFO: - Eval metrics : accuracy: 0.814 ; loss: 0.394
2018-10-29 18:10:52,746:INFO: Epoch 16/35
2018-10-29 18:11:00,370:INFO: - Train metrics: accuracy: 0.807 ; loss: 0.405
2018-10-29 18:11:01,586:INFO: - Eval metrics : accuracy: 0.833 ; loss: 0.365
2018-10-29 18:11:01,612:INFO: - Found new best accuracy
2018-10-29 18:11:01,613:INFO: Epoch 17/35
2018-10-29 18:11:08,925:INFO: - Train metrics: accuracy: 0.830 ; loss: 0.378
2018-10-29 18:11:10,058:INFO: - Eval metrics : accuracy: 0.848 ; loss: 0.340
2018-10-29 18:11:10,099:INFO: - Found new best accuracy
2018-10-29 18:11:10,100:INFO: Epoch 18/35
2018-10-29 18:11:17,364:INFO: - Train metrics: accuracy: 0.852 ; loss: 0.350
2018-10-29 18:11:18,562:INFO: - Eval metrics : accuracy: 0.858 ; loss: 0.318
2018-10-29 18:11:18,597:INFO: - Found new best accuracy
2018-10-29 18:11:18,598:INFO: Epoch 19/35
2018-10-29 18:11:25,277:INFO: - Train metrics: accuracy: 0.854 ; loss: 0.320
2018-10-29 18:11:26,529:INFO: - Eval metrics : accuracy: 0.870 ; loss: 0.299
2018-10-29 18:11:26,555:INFO: - Found new best accuracy
2018-10-29 18:11:26,556:INFO: Epoch 20/35
2018-10-29 18:11:33,612:INFO: - Train metrics: accuracy: 0.852 ; loss: 0.300
2018-10-29 18:11:34,835:INFO: - Eval metrics : accuracy: 0.878 ; loss: 0.278
2018-10-29 18:11:34,875:INFO: - Found new best accuracy
2018-10-29 18:11:34,876:INFO: Epoch 21/35
2018-10-29 18:11:42,075:INFO: - Train metrics: accuracy: 0.865 ; loss: 0.301
2018-10-29 18:11:43,513:INFO: - Eval metrics : accuracy: 0.885 ; loss: 0.267
2018-10-29 18:11:43,557:INFO: - Found new best accuracy
2018-10-29 18:11:43,558:INFO: Epoch 22/35
2018-10-29 18:11:50,765:INFO: - Train metrics: accuracy: 0.875 ; loss: 0.283
2018-10-29 18:11:52,019:INFO: - Eval metrics : accuracy: 0.890 ; loss: 0.257
2018-10-29 18:11:52,052:INFO: - Found new best accuracy
2018-10-29 18:11:52,052:INFO: Epoch 23/35
2018-10-29 18:11:58,463:INFO: - Train metrics: accuracy: 0.883 ; loss: 0.270
2018-10-29 18:11:59,705:INFO: - Eval metrics : accuracy: 0.893 ; loss: 0.252
2018-10-29 18:11:59,743:INFO: - Found new best accuracy
2018-10-29 18:11:59,744:INFO: Epoch 24/35
2018-10-29 18:12:07,127:INFO: - Train metrics: accuracy: 0.900 ; loss: 0.261
2018-10-29 18:12:08,381:INFO: - Eval metrics : accuracy: 0.895 ; loss: 0.252
2018-10-29 18:12:08,438:INFO: - Found new best accuracy
2018-10-29 18:12:08,439:INFO: Epoch 25/35
2018-10-29 18:12:14,883:INFO: - Train metrics: accuracy: 0.889 ; loss: 0.255
2018-10-29 18:12:16,047:INFO: - Eval metrics : accuracy: 0.899 ; loss: 0.240
2018-10-29 18:12:16,087:INFO: - Found new best accuracy
2018-10-29 18:12:16,087:INFO: Epoch 26/35
2018-10-29 18:12:23,398:INFO: - Train metrics: accuracy: 0.902 ; loss: 0.242
2018-10-29 18:12:24,644:INFO: - Eval metrics : accuracy: 0.901 ; loss: 0.235
2018-10-29 18:12:24,682:INFO: - Found new best accuracy
2018-10-29 18:12:24,683:INFO: Epoch 27/35
2018-10-29 18:12:31,915:INFO: - Train metrics: accuracy: 0.906 ; loss: 0.235
2018-10-29 18:12:33,137:INFO: - Eval metrics : accuracy: 0.903 ; loss: 0.231
2018-10-29 18:12:33,168:INFO: - Found new best accuracy
2018-10-29 18:12:33,169:INFO: Epoch 28/35
2018-10-29 18:12:40,557:INFO: - Train metrics: accuracy: 0.912 ; loss: 0.231
2018-10-29 18:12:41,793:INFO: - Eval metrics : accuracy: 0.905 ; loss: 0.228
2018-10-29 18:12:41,795:INFO: - Found new best accuracy
2018-10-29 18:12:41,796:INFO: Epoch 29/35
2018-10-29 18:12:49,424:INFO: - Train metrics: accuracy: 0.908 ; loss: 0.227
2018-10-29 18:12:50,857:INFO: - Eval metrics : accuracy: 0.905 ; loss: 0.229
2018-10-29 18:12:50,895:INFO: - Found new best accuracy
2018-10-29 18:12:50,896:INFO: Epoch 30/35
2018-10-29 18:12:57,753:INFO: - Train metrics: accuracy: 0.910 ; loss: 0.225
2018-10-29 18:12:59,163:INFO: - Eval metrics : accuracy: 0.906 ; loss: 0.227
2018-10-29 18:12:59,198:INFO: - Found new best accuracy
2018-10-29 18:12:59,199:INFO: Epoch 31/35
2018-10-29 18:13:06,981:INFO: - Train metrics: accuracy: 0.906 ; loss: 0.222
2018-10-29 18:13:08,337:INFO: - Eval metrics : accuracy: 0.906 ; loss: 0.224
2018-10-29 18:13:08,376:INFO: Epoch 32/35
2018-10-29 18:13:15,661:INFO: - Train metrics: accuracy: 0.914 ; loss: 0.221
2018-10-29 18:13:16,965:INFO: - Eval metrics : accuracy: 0.906 ; loss: 0.224
2018-10-29 18:13:16,968:INFO: - Found new best accuracy
2018-10-29 18:13:16,968:INFO: Epoch 33/35
2018-10-29 18:13:23,305:INFO: - Train metrics: accuracy: 0.912 ; loss: 0.221
2018-10-29 18:13:24,569:INFO: - Eval metrics : accuracy: 0.906 ; loss: 0.223
2018-10-29 18:13:24,607:INFO: Epoch 34/35
2018-10-29 18:13:30,877:INFO: - Train metrics: accuracy: 0.912 ; loss: 0.224
2018-10-29 18:13:32,087:INFO: - Eval metrics : accuracy: 0.907 ; loss: 0.222
2018-10-29 18:13:32,089:INFO: - Found new best accuracy
2018-10-29 18:13:32,090:INFO: Epoch 35/35
2018-10-29 18:13:38,205:INFO: - Train metrics: accuracy: 0.906 ; loss: 0.227
2018-10-29 18:13:39,486:INFO: - Eval metrics : accuracy: 0.907 ; loss: 0.220
2018-10-29 18:13:39,527:INFO: Total time (minutes) =4.988219014803568
