2018-10-29 17:21:40,445:INFO: search_hyperparam_sample_name=top_qcd_jets_antikt_kt__40000_Njets_64_batch
2018-10-29 17:21:40,447:INFO: ------------------------------------------------------------
2018-10-29 17:21:40,447:INFO: Loading the datasets...
2018-10-29 17:21:41,719:INFO: - done loading the datasets
2018-10-29 17:21:41,719:INFO: ------------------------------------------------------------
2018-10-29 17:21:43,301:INFO: Building optimizer...
2018-10-29 17:21:43,301:INFO: Starting training for 35 epoch(s)
2018-10-29 17:21:43,302:INFO: Epoch 1/35
2018-10-29 17:22:01,773:INFO: - Train metrics: accuracy: 0.701 ; loss: 0.752
2018-10-29 17:22:05,681:INFO: - Eval metrics : accuracy: 0.764 ; loss: 0.478
2018-10-29 17:22:05,692:INFO: - Found new best accuracy
2018-10-29 17:22:05,693:INFO: Epoch 2/35
2018-10-29 17:22:23,386:INFO: - Train metrics: accuracy: 0.773 ; loss: 0.455
2018-10-29 17:22:27,293:INFO: - Eval metrics : accuracy: 0.780 ; loss: 0.445
2018-10-29 17:22:27,331:INFO: - Found new best accuracy
2018-10-29 17:22:27,331:INFO: Epoch 3/35
2018-10-29 17:22:45,001:INFO: - Train metrics: accuracy: 0.779 ; loss: 0.434
2018-10-29 17:22:48,878:INFO: - Eval metrics : accuracy: 0.794 ; loss: 0.430
2018-10-29 17:22:48,918:INFO: - Found new best accuracy
2018-10-29 17:22:48,919:INFO: Epoch 4/35
2018-10-29 17:23:07,295:INFO: - Train metrics: accuracy: 0.794 ; loss: 0.414
2018-10-29 17:23:11,206:INFO: - Eval metrics : accuracy: 0.795 ; loss: 0.426
2018-10-29 17:23:11,241:INFO: - Found new best accuracy
2018-10-29 17:23:11,241:INFO: Epoch 5/35
2018-10-29 17:23:28,755:INFO: - Train metrics: accuracy: 0.794 ; loss: 0.403
2018-10-29 17:23:32,599:INFO: - Eval metrics : accuracy: 0.798 ; loss: 0.424
2018-10-29 17:23:32,636:INFO: - Found new best accuracy
2018-10-29 17:23:32,636:INFO: Epoch 6/35
2018-10-29 17:23:50,034:INFO: - Train metrics: accuracy: 0.805 ; loss: 0.400
2018-10-29 17:23:53,868:INFO: - Eval metrics : accuracy: 0.801 ; loss: 0.418
2018-10-29 17:23:53,906:INFO: - Found new best accuracy
2018-10-29 17:23:53,907:INFO: Epoch 7/35
2018-10-29 17:24:11,692:INFO: - Train metrics: accuracy: 0.807 ; loss: 0.392
2018-10-29 17:24:15,610:INFO: - Eval metrics : accuracy: 0.802 ; loss: 0.416
2018-10-29 17:24:15,656:INFO: - Found new best accuracy
2018-10-29 17:24:15,656:INFO: Epoch 8/35
2018-10-29 17:24:34,439:INFO: - Train metrics: accuracy: 0.805 ; loss: 0.386
2018-10-29 17:24:38,561:INFO: - Eval metrics : accuracy: 0.806 ; loss: 0.410
2018-10-29 17:24:38,603:INFO: - Found new best accuracy
2018-10-29 17:24:38,604:INFO: Epoch 9/35
2018-10-29 17:24:55,904:INFO: - Train metrics: accuracy: 0.815 ; loss: 0.379
2018-10-29 17:24:59,739:INFO: - Eval metrics : accuracy: 0.812 ; loss: 0.406
2018-10-29 17:24:59,774:INFO: - Found new best accuracy
2018-10-29 17:24:59,775:INFO: Epoch 10/35
2018-10-29 17:25:18,482:INFO: - Train metrics: accuracy: 0.810 ; loss: 0.375
2018-10-29 17:25:22,419:INFO: - Eval metrics : accuracy: 0.815 ; loss: 0.398
2018-10-29 17:25:22,457:INFO: - Found new best accuracy
2018-10-29 17:25:22,457:INFO: Epoch 11/35
2018-10-29 17:25:40,898:INFO: - Train metrics: accuracy: 0.828 ; loss: 0.372
2018-10-29 17:25:44,822:INFO: - Eval metrics : accuracy: 0.816 ; loss: 0.395
2018-10-29 17:25:44,859:INFO: - Found new best accuracy
2018-10-29 17:25:44,860:INFO: Epoch 12/35
2018-10-29 17:26:02,393:INFO: - Train metrics: accuracy: 0.836 ; loss: 0.367
2018-10-29 17:26:06,335:INFO: - Eval metrics : accuracy: 0.817 ; loss: 0.390
2018-10-29 17:26:06,337:INFO: - Found new best accuracy
2018-10-29 17:26:06,338:INFO: Epoch 13/35
2018-10-29 17:26:24,485:INFO: - Train metrics: accuracy: 0.833 ; loss: 0.357
2018-10-29 17:26:28,470:INFO: - Eval metrics : accuracy: 0.820 ; loss: 0.386
2018-10-29 17:26:28,507:INFO: - Found new best accuracy
2018-10-29 17:26:28,508:INFO: Epoch 14/35
2018-10-29 17:26:45,825:INFO: - Train metrics: accuracy: 0.849 ; loss: 0.346
2018-10-29 17:26:49,764:INFO: - Eval metrics : accuracy: 0.824 ; loss: 0.380
2018-10-29 17:26:49,803:INFO: - Found new best accuracy
2018-10-29 17:26:49,803:INFO: Epoch 15/35
2018-10-29 17:27:08,355:INFO: - Train metrics: accuracy: 0.857 ; loss: 0.342
2018-10-29 17:27:12,283:INFO: - Eval metrics : accuracy: 0.827 ; loss: 0.374
2018-10-29 17:27:12,322:INFO: - Found new best accuracy
2018-10-29 17:27:12,323:INFO: Epoch 16/35
2018-10-29 17:27:31,410:INFO: - Train metrics: accuracy: 0.859 ; loss: 0.335
2018-10-29 17:27:35,254:INFO: - Eval metrics : accuracy: 0.831 ; loss: 0.368
2018-10-29 17:27:35,291:INFO: - Found new best accuracy
2018-10-29 17:27:35,292:INFO: Epoch 17/35
2018-10-29 17:27:54,189:INFO: - Train metrics: accuracy: 0.862 ; loss: 0.328
2018-10-29 17:27:58,101:INFO: - Eval metrics : accuracy: 0.835 ; loss: 0.361
2018-10-29 17:27:58,139:INFO: - Found new best accuracy
2018-10-29 17:27:58,139:INFO: Epoch 18/35
2018-10-29 17:28:16,011:INFO: - Train metrics: accuracy: 0.854 ; loss: 0.323
2018-10-29 17:28:19,908:INFO: - Eval metrics : accuracy: 0.841 ; loss: 0.354
2018-10-29 17:28:19,950:INFO: - Found new best accuracy
2018-10-29 17:28:19,951:INFO: Epoch 19/35
2018-10-29 17:28:37,501:INFO: - Train metrics: accuracy: 0.859 ; loss: 0.317
2018-10-29 17:28:41,397:INFO: - Eval metrics : accuracy: 0.845 ; loss: 0.345
2018-10-29 17:28:41,437:INFO: - Found new best accuracy
2018-10-29 17:28:41,437:INFO: Epoch 20/35
2018-10-29 17:28:58,543:INFO: - Train metrics: accuracy: 0.865 ; loss: 0.308
2018-10-29 17:29:02,366:INFO: - Eval metrics : accuracy: 0.849 ; loss: 0.338
2018-10-29 17:29:02,391:INFO: - Found new best accuracy
2018-10-29 17:29:02,392:INFO: Epoch 21/35
2018-10-29 17:29:19,598:INFO: - Train metrics: accuracy: 0.867 ; loss: 0.301
2018-10-29 17:29:23,520:INFO: - Eval metrics : accuracy: 0.852 ; loss: 0.331
2018-10-29 17:29:23,561:INFO: - Found new best accuracy
2018-10-29 17:29:23,562:INFO: Epoch 22/35
2018-10-29 17:29:41,027:INFO: - Train metrics: accuracy: 0.865 ; loss: 0.295
2018-10-29 17:29:44,889:INFO: - Eval metrics : accuracy: 0.856 ; loss: 0.324
2018-10-29 17:29:44,923:INFO: - Found new best accuracy
2018-10-29 17:29:44,924:INFO: Epoch 23/35
2018-10-29 17:30:02,389:INFO: - Train metrics: accuracy: 0.865 ; loss: 0.287
2018-10-29 17:30:06,273:INFO: - Eval metrics : accuracy: 0.859 ; loss: 0.319
2018-10-29 17:30:06,310:INFO: - Found new best accuracy
2018-10-29 17:30:06,310:INFO: Epoch 24/35
2018-10-29 17:30:23,399:INFO: - Train metrics: accuracy: 0.865 ; loss: 0.281
2018-10-29 17:30:27,266:INFO: - Eval metrics : accuracy: 0.863 ; loss: 0.313
2018-10-29 17:30:27,294:INFO: - Found new best accuracy
2018-10-29 17:30:27,294:INFO: Epoch 25/35
2018-10-29 17:30:44,736:INFO: - Train metrics: accuracy: 0.870 ; loss: 0.274
2018-10-29 17:30:49,249:INFO: - Eval metrics : accuracy: 0.866 ; loss: 0.308
2018-10-29 17:30:49,292:INFO: - Found new best accuracy
2018-10-29 17:30:49,292:INFO: Epoch 26/35
2018-10-29 17:31:07,029:INFO: - Train metrics: accuracy: 0.878 ; loss: 0.270
2018-10-29 17:31:10,951:INFO: - Eval metrics : accuracy: 0.868 ; loss: 0.305
2018-10-29 17:31:10,992:INFO: - Found new best accuracy
2018-10-29 17:31:10,992:INFO: Epoch 27/35
2018-10-29 17:31:29,409:INFO: - Train metrics: accuracy: 0.878 ; loss: 0.267
2018-10-29 17:31:33,323:INFO: - Eval metrics : accuracy: 0.870 ; loss: 0.301
2018-10-29 17:31:33,348:INFO: - Found new best accuracy
2018-10-29 17:31:33,348:INFO: Epoch 28/35
2018-10-29 17:31:50,939:INFO: - Train metrics: accuracy: 0.880 ; loss: 0.264
2018-10-29 17:31:54,949:INFO: - Eval metrics : accuracy: 0.870 ; loss: 0.298
2018-10-29 17:31:54,985:INFO: - Found new best accuracy
2018-10-29 17:31:54,986:INFO: Epoch 29/35
2018-10-29 17:32:13,106:INFO: - Train metrics: accuracy: 0.885 ; loss: 0.261
2018-10-29 17:32:17,007:INFO: - Eval metrics : accuracy: 0.872 ; loss: 0.296
2018-10-29 17:32:17,046:INFO: - Found new best accuracy
2018-10-29 17:32:17,047:INFO: Epoch 30/35
2018-10-29 17:32:36,887:INFO: - Train metrics: accuracy: 0.896 ; loss: 0.257
2018-10-29 17:32:40,810:INFO: - Eval metrics : accuracy: 0.874 ; loss: 0.294
2018-10-29 17:32:40,848:INFO: - Found new best accuracy
2018-10-29 17:32:40,849:INFO: Epoch 31/35
2018-10-29 17:32:59,161:INFO: - Train metrics: accuracy: 0.896 ; loss: 0.254
2018-10-29 17:33:03,080:INFO: - Eval metrics : accuracy: 0.874 ; loss: 0.292
2018-10-29 17:33:03,131:INFO: - Found new best accuracy
2018-10-29 17:33:03,132:INFO: Epoch 32/35
2018-10-29 17:33:21,604:INFO: - Train metrics: accuracy: 0.901 ; loss: 0.251
2018-10-29 17:33:25,566:INFO: - Eval metrics : accuracy: 0.874 ; loss: 0.290
2018-10-29 17:33:25,604:INFO: - Found new best accuracy
2018-10-29 17:33:25,604:INFO: Epoch 33/35
2018-10-29 17:33:45,125:INFO: - Train metrics: accuracy: 0.901 ; loss: 0.249
2018-10-29 17:33:49,160:INFO: - Eval metrics : accuracy: 0.875 ; loss: 0.289
2018-10-29 17:33:49,198:INFO: - Found new best accuracy
2018-10-29 17:33:49,198:INFO: Epoch 34/35
2018-10-29 17:34:07,812:INFO: - Train metrics: accuracy: 0.901 ; loss: 0.246
2018-10-29 17:34:11,802:INFO: - Eval metrics : accuracy: 0.875 ; loss: 0.288
2018-10-29 17:34:11,839:INFO: - Found new best accuracy
2018-10-29 17:34:11,839:INFO: Epoch 35/35
2018-10-29 17:34:30,139:INFO: - Train metrics: accuracy: 0.901 ; loss: 0.243
2018-10-29 17:34:34,132:INFO: - Eval metrics : accuracy: 0.875 ; loss: 0.286
2018-10-29 17:34:34,167:INFO: - Found new best accuracy
2018-10-29 17:34:34,167:INFO: Total time (minutes) =12.895357390244802
