2018-10-21 21:59:19,410:INFO: Loading the dataset ...
2018-10-21 21:59:19,770:INFO: - done.
2018-10-21 21:59:23,819:INFO: Starting evaluation
2018-10-21 21:59:25,264:INFO: Labels=[0. 0. 1. 0. 0. 0. 0. 1. 0. 1.]
2018-10-21 21:59:25,265:INFO: Out prob=[2.26587340e-01 2.96068251e-01 5.14257491e-01 6.77739501e-01
 7.60755599e-01 5.86729322e-04 6.03043800e-03 9.52305973e-01
 2.40747169e-01 9.73942220e-01]
2018-10-21 21:59:25,265:INFO: ------------------------------------------------------------------------------------------------------------------------
2018-10-21 21:59:25,265:INFO: len labels after =15360
2018-10-21 21:59:25,265:INFO: len out_prob after15360
2018-10-21 21:59:25,265:INFO: length y_test=15360
2018-10-21 21:59:25,265:INFO: Lenght y_score=15360
2018-10-21 21:59:25,268:INFO: Length y_score 15360
2018-10-21 21:59:25,268:INFO: Length y_test 15360
2018-10-21 21:59:25,268:INFO: Thresholds[0:6] = 
 [0.99864751 0.9985128  0.9983741  0.99826068 0.99818987 0.99790657]
2018-10-21 21:59:25,268:INFO: Thresholds lenght = 
15353
2018-10-21 21:59:25,268:INFO: fpr lenght15353
2018-10-21 21:59:25,268:INFO: tpr lenght15353
2018-10-21 21:59:25,313:INFO: ------------------------------------------------------------------------------------------------------------------------
2018-10-21 21:59:25,317:INFO: roc_auc=0.9093077665423546
2018-10-21 21:59:25,317:INFO: ------------------------------------------------------------------------------------------------------------------------
2018-10-21 21:59:25,317:INFO: - Eval metrics : accuracy: 0.826 ; loss: 0.377
