2018-10-21 21:53:17,447:INFO: sample_name=top_qcd_jets_antikt_kt__40000_Njets_1024_batch
2018-10-21 21:53:17,447:INFO: ------------------------------------------------------------
2018-10-21 21:53:17,447:INFO: Loading the datasets...
2018-10-21 21:53:18,582:INFO: - done loading the datasets
2018-10-21 21:53:18,582:INFO: ------------------------------------------------------------
2018-10-21 21:53:22,446:INFO: Building optimizer...
2018-10-21 21:53:22,446:INFO: Starting training for 30 epoch(s)
2018-10-21 21:53:22,447:INFO: Epoch 1/30
2018-10-21 21:53:32,876:INFO: - Train metrics: accuracy: 0.519 ; loss: 0.898
2018-10-21 21:53:34,554:INFO: - Eval metrics : accuracy: 0.526 ; loss: 0.692
2018-10-21 21:53:34,635:INFO: - Found new best accuracy
2018-10-21 21:53:34,635:INFO: Epoch 2/30
2018-10-21 21:53:45,054:INFO: - Train metrics: accuracy: 0.514 ; loss: 0.693
2018-10-21 21:53:46,560:INFO: - Eval metrics : accuracy: 0.560 ; loss: 0.681
2018-10-21 21:53:46,603:INFO: - Found new best accuracy
2018-10-21 21:53:46,603:INFO: Epoch 3/30
2018-10-21 21:53:56,989:INFO: - Train metrics: accuracy: 0.542 ; loss: 0.680
2018-10-21 21:53:58,528:INFO: - Eval metrics : accuracy: 0.762 ; loss: 0.512
2018-10-21 21:53:58,566:INFO: - Found new best accuracy
2018-10-21 21:53:58,566:INFO: Epoch 4/30
2018-10-21 21:54:08,897:INFO: - Train metrics: accuracy: 0.773 ; loss: 0.491
2018-10-21 21:54:10,437:INFO: - Eval metrics : accuracy: 0.777 ; loss: 0.481
2018-10-21 21:54:10,471:INFO: - Found new best accuracy
2018-10-21 21:54:10,472:INFO: Epoch 5/30
2018-10-21 21:54:20,902:INFO: - Train metrics: accuracy: 0.784 ; loss: 0.467
2018-10-21 21:54:22,421:INFO: - Eval metrics : accuracy: 0.779 ; loss: 0.466
2018-10-21 21:54:22,459:INFO: - Found new best accuracy
2018-10-21 21:54:22,460:INFO: Epoch 6/30
2018-10-21 21:54:32,901:INFO: - Train metrics: accuracy: 0.789 ; loss: 0.452
2018-10-21 21:54:34,389:INFO: - Eval metrics : accuracy: 0.795 ; loss: 0.445
2018-10-21 21:54:34,464:INFO: - Found new best accuracy
2018-10-21 21:54:34,464:INFO: Epoch 7/30
2018-10-21 21:54:44,827:INFO: - Train metrics: accuracy: 0.804 ; loss: 0.427
2018-10-21 21:54:46,313:INFO: - Eval metrics : accuracy: 0.791 ; loss: 0.447
2018-10-21 21:54:46,349:INFO: Epoch 8/30
2018-10-21 21:54:56,659:INFO: - Train metrics: accuracy: 0.804 ; loss: 0.428
2018-10-21 21:54:58,144:INFO: - Eval metrics : accuracy: 0.812 ; loss: 0.416
2018-10-21 21:54:58,184:INFO: - Found new best accuracy
2018-10-21 21:54:58,184:INFO: Epoch 9/30
2018-10-21 21:55:08,386:INFO: - Train metrics: accuracy: 0.821 ; loss: 0.391
2018-10-21 21:55:09,838:INFO: - Eval metrics : accuracy: 0.812 ; loss: 0.410
2018-10-21 21:55:09,876:INFO: - Found new best accuracy
2018-10-21 21:55:09,877:INFO: Epoch 10/30
2018-10-21 21:55:20,238:INFO: - Train metrics: accuracy: 0.824 ; loss: 0.383
2018-10-21 21:55:21,773:INFO: - Eval metrics : accuracy: 0.814 ; loss: 0.406
2018-10-21 21:55:21,815:INFO: - Found new best accuracy
2018-10-21 21:55:21,815:INFO: Epoch 11/30
2018-10-21 21:55:31,786:INFO: - Train metrics: accuracy: 0.829 ; loss: 0.379
2018-10-21 21:55:33,242:INFO: - Eval metrics : accuracy: 0.815 ; loss: 0.403
2018-10-21 21:55:33,283:INFO: - Found new best accuracy
2018-10-21 21:55:33,283:INFO: Epoch 12/30
2018-10-21 21:55:43,582:INFO: - Train metrics: accuracy: 0.829 ; loss: 0.376
2018-10-21 21:55:45,109:INFO: - Eval metrics : accuracy: 0.816 ; loss: 0.397
2018-10-21 21:55:45,146:INFO: - Found new best accuracy
2018-10-21 21:55:45,147:INFO: Epoch 13/30
2018-10-21 21:55:55,078:INFO: - Train metrics: accuracy: 0.831 ; loss: 0.371
2018-10-21 21:55:56,544:INFO: - Eval metrics : accuracy: 0.816 ; loss: 0.394
2018-10-21 21:55:56,585:INFO: Epoch 14/30
2018-10-21 21:56:06,450:INFO: - Train metrics: accuracy: 0.834 ; loss: 0.369
2018-10-21 21:56:07,902:INFO: - Eval metrics : accuracy: 0.817 ; loss: 0.391
2018-10-21 21:56:07,936:INFO: - Found new best accuracy
2018-10-21 21:56:07,937:INFO: Epoch 15/30
2018-10-21 21:56:17,884:INFO: - Train metrics: accuracy: 0.835 ; loss: 0.367
2018-10-21 21:56:19,350:INFO: - Eval metrics : accuracy: 0.819 ; loss: 0.389
2018-10-21 21:56:19,392:INFO: - Found new best accuracy
2018-10-21 21:56:19,393:INFO: Epoch 16/30
2018-10-21 21:56:29,606:INFO: - Train metrics: accuracy: 0.836 ; loss: 0.367
2018-10-21 21:56:31,123:INFO: - Eval metrics : accuracy: 0.818 ; loss: 0.390
2018-10-21 21:56:31,164:INFO: Epoch 17/30
2018-10-21 21:56:41,192:INFO: - Train metrics: accuracy: 0.834 ; loss: 0.368
2018-10-21 21:56:42,660:INFO: - Eval metrics : accuracy: 0.817 ; loss: 0.390
2018-10-21 21:56:42,690:INFO: Epoch 18/30
2018-10-21 21:56:52,750:INFO: - Train metrics: accuracy: 0.836 ; loss: 0.369
2018-10-21 21:56:54,213:INFO: - Eval metrics : accuracy: 0.817 ; loss: 0.389
2018-10-21 21:56:54,241:INFO: Epoch 19/30
2018-10-21 21:57:04,245:INFO: - Train metrics: accuracy: 0.834 ; loss: 0.367
2018-10-21 21:57:05,689:INFO: - Eval metrics : accuracy: 0.819 ; loss: 0.387
2018-10-21 21:57:05,731:INFO: Epoch 20/30
2018-10-21 21:57:16,140:INFO: - Train metrics: accuracy: 0.831 ; loss: 0.364
2018-10-21 21:57:17,522:INFO: - Eval metrics : accuracy: 0.819 ; loss: 0.385
2018-10-21 21:57:17,552:INFO: - Found new best accuracy
2018-10-21 21:57:17,552:INFO: Epoch 21/30
2018-10-21 21:57:27,972:INFO: - Train metrics: accuracy: 0.836 ; loss: 0.362
2018-10-21 21:57:29,518:INFO: - Eval metrics : accuracy: 0.820 ; loss: 0.383
2018-10-21 21:57:29,522:INFO: - Found new best accuracy
2018-10-21 21:57:29,522:INFO: Epoch 22/30
2018-10-21 21:57:39,729:INFO: - Train metrics: accuracy: 0.835 ; loss: 0.359
2018-10-21 21:57:41,275:INFO: - Eval metrics : accuracy: 0.821 ; loss: 0.382
2018-10-21 21:57:41,317:INFO: - Found new best accuracy
2018-10-21 21:57:41,317:INFO: Epoch 23/30
2018-10-21 21:57:51,842:INFO: - Train metrics: accuracy: 0.841 ; loss: 0.357
2018-10-21 21:57:53,310:INFO: - Eval metrics : accuracy: 0.824 ; loss: 0.380
2018-10-21 21:57:53,313:INFO: - Found new best accuracy
2018-10-21 21:57:53,313:INFO: Epoch 24/30
2018-10-21 21:58:03,651:INFO: - Train metrics: accuracy: 0.840 ; loss: 0.355
2018-10-21 21:58:05,161:INFO: - Eval metrics : accuracy: 0.824 ; loss: 0.379
2018-10-21 21:58:05,202:INFO: - Found new best accuracy
2018-10-21 21:58:05,203:INFO: Epoch 25/30
2018-10-21 21:58:15,461:INFO: - Train metrics: accuracy: 0.838 ; loss: 0.354
2018-10-21 21:58:17,011:INFO: - Eval metrics : accuracy: 0.824 ; loss: 0.379
2018-10-21 21:58:17,053:INFO: - Found new best accuracy
2018-10-21 21:58:17,053:INFO: Epoch 26/30
2018-10-21 21:58:27,436:INFO: - Train metrics: accuracy: 0.837 ; loss: 0.353
2018-10-21 21:58:28,945:INFO: - Eval metrics : accuracy: 0.824 ; loss: 0.379
2018-10-21 21:58:28,983:INFO: - Found new best accuracy
2018-10-21 21:58:28,983:INFO: Epoch 27/30
2018-10-21 21:58:39,390:INFO: - Train metrics: accuracy: 0.841 ; loss: 0.353
2018-10-21 21:58:40,988:INFO: - Eval metrics : accuracy: 0.825 ; loss: 0.378
2018-10-21 21:58:40,992:INFO: - Found new best accuracy
2018-10-21 21:58:40,992:INFO: Epoch 28/30
2018-10-21 21:58:51,424:INFO: - Train metrics: accuracy: 0.841 ; loss: 0.353
2018-10-21 21:58:53,226:INFO: - Eval metrics : accuracy: 0.825 ; loss: 0.378
2018-10-21 21:58:53,256:INFO: - Found new best accuracy
2018-10-21 21:58:53,256:INFO: Epoch 29/30
2018-10-21 21:59:03,615:INFO: - Train metrics: accuracy: 0.841 ; loss: 0.352
2018-10-21 21:59:05,225:INFO: - Eval metrics : accuracy: 0.825 ; loss: 0.377
2018-10-21 21:59:05,265:INFO: Epoch 30/30
2018-10-21 21:59:15,719:INFO: - Train metrics: accuracy: 0.838 ; loss: 0.352
2018-10-21 21:59:17,430:INFO: - Eval metrics : accuracy: 0.824 ; loss: 0.377
2018-10-21 21:59:17,466:INFO: Total time (minutes) =6.000312602519989
