2018-10-29 18:23:28,846:INFO: Loading the dataset ...
2018-10-29 18:23:29,167:INFO: - done.
2018-10-29 18:23:30,902:INFO: Starting evaluation
2018-10-29 18:23:32,371:INFO: Labels=[0. 0. 1. 0. 0. 0. 0. 1. 0. 1.]
2018-10-29 18:23:32,371:INFO: Out prob=[8.03449482e-04 8.29997659e-01 9.21726823e-01 9.31135476e-01
 5.88524520e-01 8.21331014e-06 2.86540570e-04 6.16309941e-01
 1.30063733e-02 7.63545156e-01]
2018-10-29 18:23:32,371:INFO: ------------------------------------------------------------------------------------------------------------------------
2018-10-29 18:23:32,371:INFO: len labels after =15872
2018-10-29 18:23:32,371:INFO: len out_prob after15872
2018-10-29 18:23:32,371:INFO: length y_test=15872
2018-10-29 18:23:32,371:INFO: Lenght y_score=15872
2018-10-29 18:23:32,375:INFO: Length y_score 15872
2018-10-29 18:23:32,375:INFO: Length y_test 15872
2018-10-29 18:23:32,375:INFO: Thresholds[0:6] = 
 [0.99594009 0.99525261 0.99488443 0.99334949 0.99321258 0.99303812]
2018-10-29 18:23:32,375:INFO: Thresholds lenght = 
15859
2018-10-29 18:23:32,375:INFO: fpr lenght15859
2018-10-29 18:23:32,375:INFO: tpr lenght15859
2018-10-29 18:23:32,424:INFO: ------------------------------------------------------------------------------------------------------------------------
2018-10-29 18:23:32,428:INFO: roc_auc=0.9110998497048972
2018-10-29 18:23:32,428:INFO: ------------------------------------------------------------------------------------------------------------------------
2018-10-29 18:23:32,428:INFO: - Eval metrics : accuracy: 0.83077 ; loss: 0.36997
