2018-10-20 20:49:04,422:INFO: Loading the dataset ...
2018-10-20 20:49:04,851:INFO: - done.
2018-10-20 20:49:08,668:INFO: Starting evaluation
2018-10-20 20:49:22,738:INFO: Labels=[0. 0. 1. 0. 0. 0. 0. 1. 0. 1.]
2018-10-20 20:49:22,738:INFO: Out prob=[0.25508595 0.21640903 0.36924624 0.63212484 0.79948276 0.00123602
 0.05591452 0.90156567 0.4474901  0.9764939 ]
2018-10-20 20:49:22,738:INFO: ------------------------------------------------------------------------------------------------------------------------
2018-10-20 20:49:22,738:INFO: len labels after =16000
2018-10-20 20:49:22,738:INFO: len out_prob after16000
2018-10-20 20:49:22,738:INFO: length y_test=16000
2018-10-20 20:49:22,738:INFO: Lenght y_score=16000
2018-10-20 20:49:22,742:INFO: Length y_score 16000
2018-10-20 20:49:22,742:INFO: Length y_test 16000
2018-10-20 20:49:22,742:INFO: Thresholds[0:6] = 
 [0.99948776 0.99941742 0.99784327 0.99756682 0.9975484  0.99749494]
2018-10-20 20:49:22,742:INFO: Thresholds lenght = 
15980
2018-10-20 20:49:22,742:INFO: fpr lenght15980
2018-10-20 20:49:22,742:INFO: tpr lenght15980
2018-10-20 20:49:22,788:INFO: ------------------------------------------------------------------------------------------------------------------------
2018-10-20 20:49:22,792:INFO: roc_auc=0.8893667326463551
2018-10-20 20:49:22,792:INFO: ------------------------------------------------------------------------------------------------------------------------
2018-10-20 20:49:22,792:INFO: - Eval metrics : accuracy: 0.814 ; loss: 0.414
