2018-10-20 19:41:00,118:INFO: sample_name=top_qcd_jets_antikt_kt__40000_Njets_64_batch
2018-10-20 19:41:00,119:INFO: ------------------------------------------------------------
2018-10-20 19:41:00,119:INFO: Loading the datasets...
2018-10-20 19:41:01,770:INFO: - done loading the datasets
2018-10-20 19:41:01,770:INFO: ------------------------------------------------------------
2018-10-20 19:41:05,941:INFO: Building optimizer...
2018-10-20 19:41:05,941:INFO: Starting training for 30 epoch(s)
2018-10-20 19:41:05,942:INFO: Epoch 1/30
2018-10-20 19:43:15,309:INFO: - Train metrics: accuracy: 0.487 ; loss: 0.721
2018-10-20 19:43:32,927:INFO: - Eval metrics : accuracy: 0.507 ; loss: 0.693
2018-10-20 19:43:32,990:INFO: - Found new best accuracy
2018-10-20 19:43:32,990:INFO: Epoch 2/30
2018-10-20 19:45:37,543:INFO: - Train metrics: accuracy: 0.536 ; loss: 0.690
2018-10-20 19:45:54,847:INFO: - Eval metrics : accuracy: 0.533 ; loss: 0.691
2018-10-20 19:45:54,900:INFO: - Found new best accuracy
2018-10-20 19:45:54,900:INFO: Epoch 3/30
2018-10-20 19:47:54,490:INFO: - Train metrics: accuracy: 0.586 ; loss: 0.680
2018-10-20 19:48:09,909:INFO: - Eval metrics : accuracy: 0.770 ; loss: 0.523
2018-10-20 19:48:09,950:INFO: - Found new best accuracy
2018-10-20 19:48:09,951:INFO: Epoch 4/30
2018-10-20 19:50:16,554:INFO: - Train metrics: accuracy: 0.792 ; loss: 0.477
2018-10-20 19:50:33,811:INFO: - Eval metrics : accuracy: 0.774 ; loss: 0.482
2018-10-20 19:50:33,844:INFO: - Found new best accuracy
2018-10-20 19:50:33,845:INFO: Epoch 5/30
2018-10-20 19:52:39,076:INFO: - Train metrics: accuracy: 0.786 ; loss: 0.444
2018-10-20 19:52:57,222:INFO: - Eval metrics : accuracy: 0.798 ; loss: 0.443
2018-10-20 19:52:57,265:INFO: - Found new best accuracy
2018-10-20 19:52:57,266:INFO: Epoch 6/30
2018-10-20 19:55:09,286:INFO: - Train metrics: accuracy: 0.792 ; loss: 0.429
2018-10-20 19:55:26,852:INFO: - Eval metrics : accuracy: 0.801 ; loss: 0.439
2018-10-20 19:55:26,906:INFO: - Found new best accuracy
2018-10-20 19:55:26,907:INFO: Epoch 7/30
2018-10-20 19:57:24,205:INFO: - Train metrics: accuracy: 0.802 ; loss: 0.418
2018-10-20 19:57:39,941:INFO: - Eval metrics : accuracy: 0.803 ; loss: 0.431
2018-10-20 19:57:39,980:INFO: - Found new best accuracy
2018-10-20 19:57:39,981:INFO: Epoch 8/30
2018-10-20 19:59:40,192:INFO: - Train metrics: accuracy: 0.810 ; loss: 0.410
2018-10-20 19:59:53,597:INFO: - Eval metrics : accuracy: 0.804 ; loss: 0.426
2018-10-20 19:59:53,600:INFO: - Found new best accuracy
2018-10-20 19:59:53,601:INFO: Epoch 9/30
2018-10-20 20:01:50,884:INFO: - Train metrics: accuracy: 0.807 ; loss: 0.403
2018-10-20 20:02:07,259:INFO: - Eval metrics : accuracy: 0.807 ; loss: 0.423
2018-10-20 20:02:07,293:INFO: - Found new best accuracy
2018-10-20 20:02:07,294:INFO: Epoch 10/30
2018-10-20 20:04:08,004:INFO: - Train metrics: accuracy: 0.815 ; loss: 0.402
2018-10-20 20:04:21,398:INFO: - Eval metrics : accuracy: 0.806 ; loss: 0.419
2018-10-20 20:04:21,444:INFO: Epoch 11/30
2018-10-20 20:06:20,285:INFO: - Train metrics: accuracy: 0.820 ; loss: 0.401
2018-10-20 20:06:37,149:INFO: - Eval metrics : accuracy: 0.807 ; loss: 0.420
2018-10-20 20:06:37,152:INFO: Epoch 12/30
2018-10-20 20:08:38,578:INFO: - Train metrics: accuracy: 0.815 ; loss: 0.398
2018-10-20 20:08:55,140:INFO: - Eval metrics : accuracy: 0.808 ; loss: 0.418
2018-10-20 20:08:55,175:INFO: - Found new best accuracy
2018-10-20 20:08:55,176:INFO: Epoch 13/30
2018-10-20 20:10:57,737:INFO: - Train metrics: accuracy: 0.812 ; loss: 0.397
2018-10-20 20:11:12,743:INFO: - Eval metrics : accuracy: 0.808 ; loss: 0.415
2018-10-20 20:11:12,783:INFO: - Found new best accuracy
2018-10-20 20:11:12,783:INFO: Epoch 14/30
2018-10-20 20:13:15,254:INFO: - Train metrics: accuracy: 0.810 ; loss: 0.399
2018-10-20 20:13:28,661:INFO: - Eval metrics : accuracy: 0.807 ; loss: 0.414
2018-10-20 20:13:28,699:INFO: Epoch 15/30
2018-10-20 20:15:30,961:INFO: - Train metrics: accuracy: 0.815 ; loss: 0.399
2018-10-20 20:15:47,926:INFO: - Eval metrics : accuracy: 0.808 ; loss: 0.413
2018-10-20 20:15:47,964:INFO: Epoch 16/30
2018-10-20 20:17:42,594:INFO: - Train metrics: accuracy: 0.815 ; loss: 0.396
2018-10-20 20:17:56,915:INFO: - Eval metrics : accuracy: 0.807 ; loss: 0.412
2018-10-20 20:17:56,951:INFO: Epoch 17/30
2018-10-20 20:19:56,434:INFO: - Train metrics: accuracy: 0.815 ; loss: 0.398
2018-10-20 20:20:09,858:INFO: - Eval metrics : accuracy: 0.807 ; loss: 0.412
2018-10-20 20:20:09,894:INFO: Epoch 18/30
2018-10-20 20:22:07,345:INFO: - Train metrics: accuracy: 0.807 ; loss: 0.396
2018-10-20 20:22:20,752:INFO: - Eval metrics : accuracy: 0.808 ; loss: 0.412
2018-10-20 20:22:20,788:INFO: Epoch 19/30
2018-10-20 20:24:15,370:INFO: - Train metrics: accuracy: 0.818 ; loss: 0.397
2018-10-20 20:24:29,068:INFO: - Eval metrics : accuracy: 0.808 ; loss: 0.412
2018-10-20 20:24:29,102:INFO: Epoch 20/30
2018-10-20 20:26:26,158:INFO: - Train metrics: accuracy: 0.820 ; loss: 0.396
2018-10-20 20:26:40,859:INFO: - Eval metrics : accuracy: 0.807 ; loss: 0.412
2018-10-20 20:26:40,862:INFO: Epoch 21/30
2018-10-20 20:28:38,460:INFO: - Train metrics: accuracy: 0.820 ; loss: 0.395
2018-10-20 20:28:51,888:INFO: - Eval metrics : accuracy: 0.808 ; loss: 0.412
2018-10-20 20:28:51,931:INFO: Epoch 22/30
2018-10-20 20:30:47,268:INFO: - Train metrics: accuracy: 0.823 ; loss: 0.396
2018-10-20 20:31:04,101:INFO: - Eval metrics : accuracy: 0.808 ; loss: 0.412
2018-10-20 20:31:04,104:INFO: Epoch 23/30
2018-10-20 20:33:12,357:INFO: - Train metrics: accuracy: 0.823 ; loss: 0.396
2018-10-20 20:33:28,868:INFO: - Eval metrics : accuracy: 0.808 ; loss: 0.412
2018-10-20 20:33:28,910:INFO: Epoch 24/30
2018-10-20 20:35:23,283:INFO: - Train metrics: accuracy: 0.823 ; loss: 0.396
2018-10-20 20:35:36,743:INFO: - Eval metrics : accuracy: 0.808 ; loss: 0.412
2018-10-20 20:35:36,773:INFO: Epoch 25/30
2018-10-20 20:37:31,190:INFO: - Train metrics: accuracy: 0.823 ; loss: 0.396
2018-10-20 20:37:44,547:INFO: - Eval metrics : accuracy: 0.808 ; loss: 0.412
2018-10-20 20:37:44,586:INFO: Epoch 26/30
2018-10-20 20:39:52,965:INFO: - Train metrics: accuracy: 0.823 ; loss: 0.396
2018-10-20 20:40:10,231:INFO: - Eval metrics : accuracy: 0.808 ; loss: 0.412
2018-10-20 20:40:10,273:INFO: - Found new best accuracy
2018-10-20 20:40:10,273:INFO: Epoch 27/30
2018-10-20 20:42:16,762:INFO: - Train metrics: accuracy: 0.823 ; loss: 0.396
2018-10-20 20:42:33,597:INFO: - Eval metrics : accuracy: 0.808 ; loss: 0.412
2018-10-20 20:42:33,635:INFO: Epoch 28/30
2018-10-20 20:44:27,781:INFO: - Train metrics: accuracy: 0.823 ; loss: 0.396
2018-10-20 20:44:42,009:INFO: - Eval metrics : accuracy: 0.808 ; loss: 0.412
2018-10-20 20:44:42,047:INFO: Epoch 29/30
2018-10-20 20:46:36,620:INFO: - Train metrics: accuracy: 0.823 ; loss: 0.396
2018-10-20 20:46:53,430:INFO: - Eval metrics : accuracy: 0.808 ; loss: 0.412
2018-10-20 20:46:53,472:INFO: Epoch 30/30
2018-10-20 20:48:49,123:INFO: - Train metrics: accuracy: 0.823 ; loss: 0.396
2018-10-20 20:49:02,464:INFO: - Eval metrics : accuracy: 0.808 ; loss: 0.412
2018-10-20 20:49:02,503:INFO: Total time (minutes) =68.0397523880005
