2018-10-29 18:02:11,687:INFO: Loading the dataset ...
2018-10-29 18:02:11,922:INFO: - done.
2018-10-29 18:02:13,618:INFO: Starting evaluation
2018-10-29 18:02:14,628:INFO: Labels=[0. 0. 1. 0. 0. 0. 0. 1. 0. 1.]
2018-10-29 18:02:14,628:INFO: Out prob=[5.60165383e-04 8.79851401e-01 8.37356567e-01 8.27049136e-01
 7.59660542e-01 5.54828985e-05 2.89774165e-02 7.85333514e-01
 6.43955588e-01 8.15764964e-01]
2018-10-29 18:02:14,628:INFO: ------------------------------------------------------------------------------------------------------------------------
2018-10-29 18:02:14,628:INFO: len labels after =15360
2018-10-29 18:02:14,628:INFO: len out_prob after15360
2018-10-29 18:02:14,628:INFO: length y_test=15360
2018-10-29 18:02:14,628:INFO: Lenght y_score=15360
2018-10-29 18:02:14,632:INFO: Length y_score 15360
2018-10-29 18:02:14,632:INFO: Length y_test 15360
2018-10-29 18:02:14,632:INFO: Thresholds[0:6] = 
 [0.94871151 0.9485957  0.94661152 0.94648141 0.94589376 0.94534385]
2018-10-29 18:02:14,632:INFO: Thresholds lenght = 
15354
2018-10-29 18:02:14,632:INFO: fpr lenght15354
2018-10-29 18:02:14,632:INFO: tpr lenght15354
2018-10-29 18:02:14,681:INFO: ------------------------------------------------------------------------------------------------------------------------
2018-10-29 18:02:14,685:INFO: roc_auc=0.8402072370776239
2018-10-29 18:02:14,685:INFO: ------------------------------------------------------------------------------------------------------------------------
2018-10-29 18:02:14,685:INFO: - Eval metrics : accuracy: 0.76406 ; loss: 0.47740
