2018-10-29 18:28:55,921:INFO: Loading the dataset ...
2018-10-29 18:28:56,243:INFO: - done.
2018-10-29 18:28:58,038:INFO: Starting evaluation
2018-10-29 18:28:59,022:INFO: Labels=[0. 0. 1. 0. 0. 0. 0. 1. 0. 1.]
2018-10-29 18:28:59,023:INFO: Out prob=[5.76585808e-05 8.66543651e-01 9.02526140e-01 8.26407671e-01
 6.56431019e-01 4.74200579e-06 5.74247399e-03 7.80527771e-01
 4.70245093e-01 8.50516260e-01]
2018-10-29 18:28:59,023:INFO: ------------------------------------------------------------------------------------------------------------------------
2018-10-29 18:28:59,023:INFO: len labels after =15360
2018-10-29 18:28:59,023:INFO: len out_prob after15360
2018-10-29 18:28:59,023:INFO: length y_test=15360
2018-10-29 18:28:59,023:INFO: Lenght y_score=15360
2018-10-29 18:28:59,026:INFO: Length y_score 15360
2018-10-29 18:28:59,026:INFO: Length y_test 15360
2018-10-29 18:28:59,027:INFO: Thresholds[0:6] = 
 [0.97961515 0.97935003 0.97776604 0.97598946 0.97568148 0.97236639]
2018-10-29 18:28:59,027:INFO: Thresholds lenght = 
15349
2018-10-29 18:28:59,027:INFO: fpr lenght15349
2018-10-29 18:28:59,027:INFO: tpr lenght15349
2018-10-29 18:28:59,075:INFO: ------------------------------------------------------------------------------------------------------------------------
2018-10-29 18:28:59,079:INFO: roc_auc=0.8641815755917286
2018-10-29 18:28:59,079:INFO: ------------------------------------------------------------------------------------------------------------------------
2018-10-29 18:28:59,079:INFO: - Eval metrics : accuracy: 0.78561 ; loss: 0.44535
