2018-10-31 19:12:55,829:INFO: Loading the dataset ...
2018-10-31 19:12:56,324:INFO: - done.
2018-10-31 19:12:57,869:INFO: Starting evaluation
2018-11-01 00:16:36,051:INFO: Loading the dataset ...
2018-11-01 00:16:36,679:INFO: - done.
2018-11-01 00:16:38,377:INFO: Starting evaluation
2018-11-01 00:20:15,434:INFO: Loading the dataset ...
2018-11-01 00:20:15,899:INFO: - done.
2018-11-01 00:20:17,512:INFO: Starting evaluation
2018-11-01 00:22:56,811:INFO: Loading the dataset ...
2018-11-01 00:23:26,988:INFO: Loading the dataset ...
2018-11-01 00:23:27,530:INFO: - done.
2018-11-01 00:23:29,038:INFO: Starting evaluation
2018-11-01 00:23:33,990:INFO: Labels=[1. 0. 0. 0. 1. 0. 0. 1. 1. 0.]
2018-11-01 00:23:33,990:INFO: Out prob=[9.97778952e-01 1.37016391e-02 2.70775110e-01 1.24121172e-04
 7.96849012e-01 9.74680722e-01 6.19263331e-15 9.99590933e-01
 9.98420238e-01 8.74000369e-04]
2018-11-01 00:23:33,990:INFO: ------------------------------------------------------------------------------------------------------------------------
2018-11-01 00:23:33,990:INFO: len labels after =32000
2018-11-01 00:23:33,990:INFO: len out_prob after32000
2018-11-01 00:23:33,990:INFO: length y_test=32000
2018-11-01 00:23:33,990:INFO: Lenght y_score=32000
2018-11-01 00:23:33,996:INFO: Length y_score 32000
2018-11-01 00:23:33,996:INFO: Length y_test 32000
2018-11-01 00:23:33,996:INFO: Thresholds[0:6] = 
 [0.99993944 0.99993634 0.99992979 0.99992096 0.99991894 0.99991632]
2018-11-01 00:23:33,996:INFO: Thresholds lenght = 
31501
2018-11-01 00:23:33,996:INFO: fpr lenght31501
2018-11-01 00:23:33,996:INFO: tpr lenght31501
2018-11-01 00:23:34,196:INFO: ------------------------------------------------------------------------------------------------------------------------
2018-11-01 00:23:34,203:INFO: roc_auc=0.9820722714143448
2018-11-01 00:23:34,203:INFO: ------------------------------------------------------------------------------------------------------------------------
2018-11-01 00:23:34,204:INFO: - Eval metrics : accuracy: 0.93163 ; loss: 0.16871
