2018-10-31 18:39:26,293:INFO: search_hyperparam_sample_name=top_qcd_jets_antikt_kt__80000_Njets_128_batch
2018-10-31 18:39:26,294:INFO: ------------------------------------------------------------
2018-10-31 18:39:26,294:INFO: Loading the datasets...
2018-10-31 18:39:28,215:INFO: - done loading the datasets
2018-10-31 18:39:28,216:INFO: ------------------------------------------------------------
2018-10-31 18:39:36,655:INFO: search_hyperparam_sample_name=top_qcd_jets_antikt_kt__80000_Njets_128_batch
2018-10-31 18:39:36,656:INFO: ------------------------------------------------------------
2018-10-31 18:39:36,656:INFO: Loading the datasets...
2018-10-31 18:39:38,556:INFO: - done loading the datasets
2018-10-31 18:39:38,556:INFO: ------------------------------------------------------------
2018-10-31 18:39:40,091:INFO: Building optimizer...
2018-10-31 18:39:40,091:INFO: Starting training for 40 epoch(s)
2018-10-31 18:39:40,091:INFO: Epoch 1/40
2018-10-31 18:42:55,578:INFO: search_hyperparam_sample_name=top_qcd_jets_antikt_kt__80000_Njets_128_batch
2018-10-31 18:42:55,579:INFO: ------------------------------------------------------------
2018-10-31 18:42:55,579:INFO: Loading the datasets...
2018-10-31 18:42:57,504:INFO: - done loading the datasets
2018-10-31 18:42:57,504:INFO: ------------------------------------------------------------
2018-10-31 18:42:59,202:INFO: Building optimizer...
2018-10-31 18:42:59,202:INFO: Starting training for 40 epoch(s)
2018-10-31 18:42:59,203:INFO: Epoch 1/40
2018-10-31 18:45:51,460:INFO: search_hyperparam_sample_name=top_qcd_jets_antikt_kt__80000_Njets_128_batch5_features
2018-10-31 18:45:51,461:INFO: Number of jet files for ttbar=200
2018-10-31 18:45:51,461:INFO: Loading ttbar jet files... 
2018-10-31 18:45:51,461:INFO: ttbar files list = ['tree_httv2_ttbar_DelphesPythia8_nompi_0.dat', 'tree_httv2_ttbar_DelphesPythia8_nompi_1.dat', 'tree_httv2_ttbar_DelphesPythia8_nompi_10.dat', 'tree_httv2_ttbar_DelphesPythia8_nompi_100.dat', 'tree_httv2_ttbar_DelphesPythia8_nompi_101.dat', 'tree_httv2_ttbar_DelphesPythia8_nompi_102.dat', 'tree_httv2_ttbar_DelphesPythia8_nompi_103.dat', 'tree_httv2_ttbar_DelphesPythia8_nompi_104.dat', 'tree_httv2_ttbar_DelphesPythia8_nompi_105.dat', 'tree_httv2_ttbar_DelphesPythia8_nompi_106.dat', 'tree_httv2_ttbar_DelphesPythia8_nompi_107.dat', 'tree_httv2_ttbar_DelphesPythia8_nompi_108.dat', 'tree_httv2_ttbar_DelphesPythia8_nompi_109.dat', 'tree_httv2_ttbar_DelphesPythia8_nompi_11.dat', 'tree_httv2_ttbar_DelphesPythia8_nompi_110.dat', 'tree_httv2_ttbar_DelphesPythia8_nompi_111.dat', 'tree_httv2_ttbar_DelphesPythia8_nompi_112.dat', 'tree_httv2_ttbar_DelphesPythia8_nompi_113.dat', 'tree_httv2_ttbar_DelphesPythia8_nompi_114.dat', 'tree_httv2_ttbar_DelphesPythia8_nompi_115.dat', 'tree_httv2_ttbar_DelphesPythia8_nompi_116.dat', 'tree_httv2_ttbar_DelphesPythia8_nompi_117.dat', 'tree_httv2_ttbar_DelphesPythia8_nompi_118.dat', 'tree_httv2_ttbar_DelphesPythia8_nompi_119.dat', 'tree_httv2_ttbar_DelphesPythia8_nompi_12.dat', 'tree_httv2_ttbar_DelphesPythia8_nompi_120.dat', 'tree_httv2_ttbar_DelphesPythia8_nompi_121.dat', 'tree_httv2_ttbar_DelphesPythia8_nompi_122.dat', 'tree_httv2_ttbar_DelphesPythia8_nompi_123.dat', 'tree_httv2_ttbar_DelphesPythia8_nompi_124.dat', 'tree_httv2_ttbar_DelphesPythia8_nompi_125.dat', 'tree_httv2_ttbar_DelphesPythia8_nompi_126.dat', 'tree_httv2_ttbar_DelphesPythia8_nompi_127.dat', 'tree_httv2_ttbar_DelphesPythia8_nompi_128.dat', 'tree_httv2_ttbar_DelphesPythia8_nompi_129.dat', 'tree_httv2_ttbar_DelphesPythia8_nompi_13.dat', 'tree_httv2_ttbar_DelphesPythia8_nompi_130.dat', 'tree_httv2_ttbar_DelphesPythia8_nompi_131.dat', 'tree_httv2_ttbar_DelphesPythia8_nompi_132.dat', 'tree_httv2_ttbar_DelphesPythia8_nompi_133.dat', 'tree_httv2_ttbar_DelphesPythia8_nompi_134.dat', 'tree_httv2_ttbar_DelphesPythia8_nompi_135.dat', 'tree_httv2_ttbar_DelphesPythia8_nompi_136.dat', 'tree_httv2_ttbar_DelphesPythia8_nompi_137.dat', 'tree_httv2_ttbar_DelphesPythia8_nompi_138.dat', 'tree_httv2_ttbar_DelphesPythia8_nompi_139.dat', 'tree_httv2_ttbar_DelphesPythia8_nompi_14.dat', 'tree_httv2_ttbar_DelphesPythia8_nompi_140.dat', 'tree_httv2_ttbar_DelphesPythia8_nompi_141.dat', 'tree_httv2_ttbar_DelphesPythia8_nompi_142.dat', 'tree_httv2_ttbar_DelphesPythia8_nompi_143.dat', 'tree_httv2_ttbar_DelphesPythia8_nompi_144.dat', 'tree_httv2_ttbar_DelphesPythia8_nompi_145.dat', 'tree_httv2_ttbar_DelphesPythia8_nompi_146.dat', 'tree_httv2_ttbar_DelphesPythia8_nompi_147.dat', 'tree_httv2_ttbar_DelphesPythia8_nompi_148.dat', 'tree_httv2_ttbar_DelphesPythia8_nompi_149.dat', 'tree_httv2_ttbar_DelphesPythia8_nompi_15.dat', 'tree_httv2_ttbar_DelphesPythia8_nompi_150.dat', 'tree_httv2_ttbar_DelphesPythia8_nompi_151.dat', 'tree_httv2_ttbar_DelphesPythia8_nompi_152.dat', 'tree_httv2_ttbar_DelphesPythia8_nompi_153.dat', 'tree_httv2_ttbar_DelphesPythia8_nompi_154.dat', 'tree_httv2_ttbar_DelphesPythia8_nompi_155.dat', 'tree_httv2_ttbar_DelphesPythia8_nompi_156.dat', 'tree_httv2_ttbar_DelphesPythia8_nompi_157.dat', 'tree_httv2_ttbar_DelphesPythia8_nompi_158.dat', 'tree_httv2_ttbar_DelphesPythia8_nompi_159.dat', 'tree_httv2_ttbar_DelphesPythia8_nompi_16.dat', 'tree_httv2_ttbar_DelphesPythia8_nompi_160.dat', 'tree_httv2_ttbar_DelphesPythia8_nompi_161.dat', 'tree_httv2_ttbar_DelphesPythia8_nompi_162.dat', 'tree_httv2_ttbar_DelphesPythia8_nompi_163.dat', 'tree_httv2_ttbar_DelphesPythia8_nompi_164.dat', 'tree_httv2_ttbar_DelphesPythia8_nompi_165.dat', 'tree_httv2_ttbar_DelphesPythia8_nompi_166.dat', 'tree_httv2_ttbar_DelphesPythia8_nompi_167.dat', 'tree_httv2_ttbar_DelphesPythia8_nompi_168.dat', 'tree_httv2_ttbar_DelphesPythia8_nompi_169.dat', 'tree_httv2_ttbar_DelphesPythia8_nompi_17.dat', 'tree_httv2_ttbar_DelphesPythia8_nompi_170.dat', 'tree_httv2_ttbar_DelphesPythia8_nompi_171.dat', 'tree_httv2_ttbar_DelphesPythia8_nompi_172.dat', 'tree_httv2_ttbar_DelphesPythia8_nompi_173.dat', 'tree_httv2_ttbar_DelphesPythia8_nompi_174.dat', 'tree_httv2_ttbar_DelphesPythia8_nompi_175.dat', 'tree_httv2_ttbar_DelphesPythia8_nompi_176.dat', 'tree_httv2_ttbar_DelphesPythia8_nompi_177.dat', 'tree_httv2_ttbar_DelphesPythia8_nompi_178.dat', 'tree_httv2_ttbar_DelphesPythia8_nompi_179.dat', 'tree_httv2_ttbar_DelphesPythia8_nompi_18.dat', 'tree_httv2_ttbar_DelphesPythia8_nompi_180.dat', 'tree_httv2_ttbar_DelphesPythia8_nompi_181.dat', 'tree_httv2_ttbar_DelphesPythia8_nompi_182.dat', 'tree_httv2_ttbar_DelphesPythia8_nompi_183.dat', 'tree_httv2_ttbar_DelphesPythia8_nompi_184.dat', 'tree_httv2_ttbar_DelphesPythia8_nompi_185.dat', 'tree_httv2_ttbar_DelphesPythia8_nompi_186.dat', 'tree_httv2_ttbar_DelphesPythia8_nompi_187.dat', 'tree_httv2_ttbar_DelphesPythia8_nompi_188.dat', 'tree_httv2_ttbar_DelphesPythia8_nompi_189.dat', 'tree_httv2_ttbar_DelphesPythia8_nompi_19.dat', 'tree_httv2_ttbar_DelphesPythia8_nompi_190.dat', 'tree_httv2_ttbar_DelphesPythia8_nompi_191.dat', 'tree_httv2_ttbar_DelphesPythia8_nompi_192.dat', 'tree_httv2_ttbar_DelphesPythia8_nompi_193.dat', 'tree_httv2_ttbar_DelphesPythia8_nompi_194.dat', 'tree_httv2_ttbar_DelphesPythia8_nompi_195.dat', 'tree_httv2_ttbar_DelphesPythia8_nompi_196.dat', 'tree_httv2_ttbar_DelphesPythia8_nompi_197.dat', 'tree_httv2_ttbar_DelphesPythia8_nompi_198.dat', 'tree_httv2_ttbar_DelphesPythia8_nompi_199.dat', 'tree_httv2_ttbar_DelphesPythia8_nompi_2.dat', 'tree_httv2_ttbar_DelphesPythia8_nompi_20.dat', 'tree_httv2_ttbar_DelphesPythia8_nompi_21.dat', 'tree_httv2_ttbar_DelphesPythia8_nompi_22.dat', 'tree_httv2_ttbar_DelphesPythia8_nompi_23.dat', 'tree_httv2_ttbar_DelphesPythia8_nompi_24.dat', 'tree_httv2_ttbar_DelphesPythia8_nompi_25.dat', 'tree_httv2_ttbar_DelphesPythia8_nompi_26.dat', 'tree_httv2_ttbar_DelphesPythia8_nompi_27.dat', 'tree_httv2_ttbar_DelphesPythia8_nompi_28.dat', 'tree_httv2_ttbar_DelphesPythia8_nompi_29.dat', 'tree_httv2_ttbar_DelphesPythia8_nompi_3.dat', 'tree_httv2_ttbar_DelphesPythia8_nompi_30.dat', 'tree_httv2_ttbar_DelphesPythia8_nompi_31.dat', 'tree_httv2_ttbar_DelphesPythia8_nompi_32.dat', 'tree_httv2_ttbar_DelphesPythia8_nompi_33.dat', 'tree_httv2_ttbar_DelphesPythia8_nompi_34.dat', 'tree_httv2_ttbar_DelphesPythia8_nompi_35.dat', 'tree_httv2_ttbar_DelphesPythia8_nompi_36.dat', 'tree_httv2_ttbar_DelphesPythia8_nompi_37.dat', 'tree_httv2_ttbar_DelphesPythia8_nompi_38.dat', 'tree_httv2_ttbar_DelphesPythia8_nompi_39.dat', 'tree_httv2_ttbar_DelphesPythia8_nompi_4.dat', 'tree_httv2_ttbar_DelphesPythia8_nompi_40.dat', 'tree_httv2_ttbar_DelphesPythia8_nompi_41.dat', 'tree_httv2_ttbar_DelphesPythia8_nompi_42.dat', 'tree_httv2_ttbar_DelphesPythia8_nompi_43.dat', 'tree_httv2_ttbar_DelphesPythia8_nompi_44.dat', 'tree_httv2_ttbar_DelphesPythia8_nompi_45.dat', 'tree_httv2_ttbar_DelphesPythia8_nompi_46.dat', 'tree_httv2_ttbar_DelphesPythia8_nompi_47.dat', 'tree_httv2_ttbar_DelphesPythia8_nompi_48.dat', 'tree_httv2_ttbar_DelphesPythia8_nompi_49.dat', 'tree_httv2_ttbar_DelphesPythia8_nompi_5.dat', 'tree_httv2_ttbar_DelphesPythia8_nompi_50.dat', 'tree_httv2_ttbar_DelphesPythia8_nompi_51.dat', 'tree_httv2_ttbar_DelphesPythia8_nompi_52.dat', 'tree_httv2_ttbar_DelphesPythia8_nompi_53.dat', 'tree_httv2_ttbar_DelphesPythia8_nompi_54.dat', 'tree_httv2_ttbar_DelphesPythia8_nompi_55.dat', 'tree_httv2_ttbar_DelphesPythia8_nompi_56.dat', 'tree_httv2_ttbar_DelphesPythia8_nompi_57.dat', 'tree_httv2_ttbar_DelphesPythia8_nompi_58.dat', 'tree_httv2_ttbar_DelphesPythia8_nompi_59.dat', 'tree_httv2_ttbar_DelphesPythia8_nompi_6.dat', 'tree_httv2_ttbar_DelphesPythia8_nompi_60.dat', 'tree_httv2_ttbar_DelphesPythia8_nompi_61.dat', 'tree_httv2_ttbar_DelphesPythia8_nompi_62.dat', 'tree_httv2_ttbar_DelphesPythia8_nompi_63.dat', 'tree_httv2_ttbar_DelphesPythia8_nompi_64.dat', 'tree_httv2_ttbar_DelphesPythia8_nompi_65.dat', 'tree_httv2_ttbar_DelphesPythia8_nompi_66.dat', 'tree_httv2_ttbar_DelphesPythia8_nompi_67.dat', 'tree_httv2_ttbar_DelphesPythia8_nompi_68.dat', 'tree_httv2_ttbar_DelphesPythia8_nompi_69.dat', 'tree_httv2_ttbar_DelphesPythia8_nompi_7.dat', 'tree_httv2_ttbar_DelphesPythia8_nompi_70.dat', 'tree_httv2_ttbar_DelphesPythia8_nompi_71.dat', 'tree_httv2_ttbar_DelphesPythia8_nompi_72.dat', 'tree_httv2_ttbar_DelphesPythia8_nompi_73.dat', 'tree_httv2_ttbar_DelphesPythia8_nompi_74.dat', 'tree_httv2_ttbar_DelphesPythia8_nompi_75.dat', 'tree_httv2_ttbar_DelphesPythia8_nompi_76.dat', 'tree_httv2_ttbar_DelphesPythia8_nompi_77.dat', 'tree_httv2_ttbar_DelphesPythia8_nompi_78.dat', 'tree_httv2_ttbar_DelphesPythia8_nompi_79.dat', 'tree_httv2_ttbar_DelphesPythia8_nompi_8.dat', 'tree_httv2_ttbar_DelphesPythia8_nompi_80.dat', 'tree_httv2_ttbar_DelphesPythia8_nompi_81.dat', 'tree_httv2_ttbar_DelphesPythia8_nompi_82.dat', 'tree_httv2_ttbar_DelphesPythia8_nompi_83.dat', 'tree_httv2_ttbar_DelphesPythia8_nompi_84.dat', 'tree_httv2_ttbar_DelphesPythia8_nompi_85.dat', 'tree_httv2_ttbar_DelphesPythia8_nompi_86.dat', 'tree_httv2_ttbar_DelphesPythia8_nompi_87.dat', 'tree_httv2_ttbar_DelphesPythia8_nompi_88.dat', 'tree_httv2_ttbar_DelphesPythia8_nompi_89.dat', 'tree_httv2_ttbar_DelphesPythia8_nompi_9.dat', 'tree_httv2_ttbar_DelphesPythia8_nompi_90.dat', 'tree_httv2_ttbar_DelphesPythia8_nompi_91.dat', 'tree_httv2_ttbar_DelphesPythia8_nompi_92.dat', 'tree_httv2_ttbar_DelphesPythia8_nompi_93.dat', 'tree_httv2_ttbar_DelphesPythia8_nompi_94.dat', 'tree_httv2_ttbar_DelphesPythia8_nompi_95.dat', 'tree_httv2_ttbar_DelphesPythia8_nompi_96.dat', 'tree_httv2_ttbar_DelphesPythia8_nompi_97.dat', 'tree_httv2_ttbar_DelphesPythia8_nompi_98.dat', 'tree_httv2_ttbar_DelphesPythia8_nompi_99.dat']
2018-10-31 18:45:53,157:INFO: Ntotjets=10000
2018-10-31 18:45:54,778:INFO: Ntotjets=20000
2018-10-31 18:45:56,401:INFO: Ntotjets=30000
2018-10-31 18:45:58,041:INFO: Ntotjets=40000
2018-10-31 18:45:59,666:INFO: Ntotjets=50000
2018-10-31 18:46:01,339:INFO: Ntotjets=60000
2018-10-31 18:46:02,986:INFO: Ntotjets=70000
2018-10-31 18:46:04,602:INFO: Ntotjets=80000
2018-10-31 18:46:04,604:INFO: Number of jet files for qcd=200
2018-10-31 18:46:04,604:INFO: Loading qcd jet files... 
2018-10-31 18:46:04,604:INFO: qcd files list = ['tree_httv2_qcd_DelphesPythia8_nompi_0.dat', 'tree_httv2_qcd_DelphesPythia8_nompi_1.dat', 'tree_httv2_qcd_DelphesPythia8_nompi_10.dat', 'tree_httv2_qcd_DelphesPythia8_nompi_100.dat', 'tree_httv2_qcd_DelphesPythia8_nompi_101.dat', 'tree_httv2_qcd_DelphesPythia8_nompi_102.dat', 'tree_httv2_qcd_DelphesPythia8_nompi_103.dat', 'tree_httv2_qcd_DelphesPythia8_nompi_104.dat', 'tree_httv2_qcd_DelphesPythia8_nompi_105.dat', 'tree_httv2_qcd_DelphesPythia8_nompi_106.dat', 'tree_httv2_qcd_DelphesPythia8_nompi_107.dat', 'tree_httv2_qcd_DelphesPythia8_nompi_108.dat', 'tree_httv2_qcd_DelphesPythia8_nompi_109.dat', 'tree_httv2_qcd_DelphesPythia8_nompi_11.dat', 'tree_httv2_qcd_DelphesPythia8_nompi_110.dat', 'tree_httv2_qcd_DelphesPythia8_nompi_111.dat', 'tree_httv2_qcd_DelphesPythia8_nompi_112.dat', 'tree_httv2_qcd_DelphesPythia8_nompi_113.dat', 'tree_httv2_qcd_DelphesPythia8_nompi_114.dat', 'tree_httv2_qcd_DelphesPythia8_nompi_115.dat', 'tree_httv2_qcd_DelphesPythia8_nompi_116.dat', 'tree_httv2_qcd_DelphesPythia8_nompi_117.dat', 'tree_httv2_qcd_DelphesPythia8_nompi_118.dat', 'tree_httv2_qcd_DelphesPythia8_nompi_119.dat', 'tree_httv2_qcd_DelphesPythia8_nompi_12.dat', 'tree_httv2_qcd_DelphesPythia8_nompi_120.dat', 'tree_httv2_qcd_DelphesPythia8_nompi_121.dat', 'tree_httv2_qcd_DelphesPythia8_nompi_122.dat', 'tree_httv2_qcd_DelphesPythia8_nompi_123.dat', 'tree_httv2_qcd_DelphesPythia8_nompi_124.dat', 'tree_httv2_qcd_DelphesPythia8_nompi_125.dat', 'tree_httv2_qcd_DelphesPythia8_nompi_126.dat', 'tree_httv2_qcd_DelphesPythia8_nompi_127.dat', 'tree_httv2_qcd_DelphesPythia8_nompi_128.dat', 'tree_httv2_qcd_DelphesPythia8_nompi_129.dat', 'tree_httv2_qcd_DelphesPythia8_nompi_13.dat', 'tree_httv2_qcd_DelphesPythia8_nompi_130.dat', 'tree_httv2_qcd_DelphesPythia8_nompi_131.dat', 'tree_httv2_qcd_DelphesPythia8_nompi_132.dat', 'tree_httv2_qcd_DelphesPythia8_nompi_133.dat', 'tree_httv2_qcd_DelphesPythia8_nompi_134.dat', 'tree_httv2_qcd_DelphesPythia8_nompi_135.dat', 'tree_httv2_qcd_DelphesPythia8_nompi_136.dat', 'tree_httv2_qcd_DelphesPythia8_nompi_137.dat', 'tree_httv2_qcd_DelphesPythia8_nompi_138.dat', 'tree_httv2_qcd_DelphesPythia8_nompi_139.dat', 'tree_httv2_qcd_DelphesPythia8_nompi_14.dat', 'tree_httv2_qcd_DelphesPythia8_nompi_140.dat', 'tree_httv2_qcd_DelphesPythia8_nompi_141.dat', 'tree_httv2_qcd_DelphesPythia8_nompi_142.dat', 'tree_httv2_qcd_DelphesPythia8_nompi_143.dat', 'tree_httv2_qcd_DelphesPythia8_nompi_144.dat', 'tree_httv2_qcd_DelphesPythia8_nompi_145.dat', 'tree_httv2_qcd_DelphesPythia8_nompi_146.dat', 'tree_httv2_qcd_DelphesPythia8_nompi_147.dat', 'tree_httv2_qcd_DelphesPythia8_nompi_148.dat', 'tree_httv2_qcd_DelphesPythia8_nompi_149.dat', 'tree_httv2_qcd_DelphesPythia8_nompi_15.dat', 'tree_httv2_qcd_DelphesPythia8_nompi_150.dat', 'tree_httv2_qcd_DelphesPythia8_nompi_151.dat', 'tree_httv2_qcd_DelphesPythia8_nompi_152.dat', 'tree_httv2_qcd_DelphesPythia8_nompi_153.dat', 'tree_httv2_qcd_DelphesPythia8_nompi_154.dat', 'tree_httv2_qcd_DelphesPythia8_nompi_155.dat', 'tree_httv2_qcd_DelphesPythia8_nompi_156.dat', 'tree_httv2_qcd_DelphesPythia8_nompi_157.dat', 'tree_httv2_qcd_DelphesPythia8_nompi_158.dat', 'tree_httv2_qcd_DelphesPythia8_nompi_159.dat', 'tree_httv2_qcd_DelphesPythia8_nompi_16.dat', 'tree_httv2_qcd_DelphesPythia8_nompi_160.dat', 'tree_httv2_qcd_DelphesPythia8_nompi_161.dat', 'tree_httv2_qcd_DelphesPythia8_nompi_162.dat', 'tree_httv2_qcd_DelphesPythia8_nompi_163.dat', 'tree_httv2_qcd_DelphesPythia8_nompi_164.dat', 'tree_httv2_qcd_DelphesPythia8_nompi_165.dat', 'tree_httv2_qcd_DelphesPythia8_nompi_166.dat', 'tree_httv2_qcd_DelphesPythia8_nompi_167.dat', 'tree_httv2_qcd_DelphesPythia8_nompi_168.dat', 'tree_httv2_qcd_DelphesPythia8_nompi_169.dat', 'tree_httv2_qcd_DelphesPythia8_nompi_17.dat', 'tree_httv2_qcd_DelphesPythia8_nompi_170.dat', 'tree_httv2_qcd_DelphesPythia8_nompi_171.dat', 'tree_httv2_qcd_DelphesPythia8_nompi_172.dat', 'tree_httv2_qcd_DelphesPythia8_nompi_173.dat', 'tree_httv2_qcd_DelphesPythia8_nompi_174.dat', 'tree_httv2_qcd_DelphesPythia8_nompi_175.dat', 'tree_httv2_qcd_DelphesPythia8_nompi_176.dat', 'tree_httv2_qcd_DelphesPythia8_nompi_177.dat', 'tree_httv2_qcd_DelphesPythia8_nompi_178.dat', 'tree_httv2_qcd_DelphesPythia8_nompi_179.dat', 'tree_httv2_qcd_DelphesPythia8_nompi_18.dat', 'tree_httv2_qcd_DelphesPythia8_nompi_180.dat', 'tree_httv2_qcd_DelphesPythia8_nompi_181.dat', 'tree_httv2_qcd_DelphesPythia8_nompi_182.dat', 'tree_httv2_qcd_DelphesPythia8_nompi_183.dat', 'tree_httv2_qcd_DelphesPythia8_nompi_184.dat', 'tree_httv2_qcd_DelphesPythia8_nompi_185.dat', 'tree_httv2_qcd_DelphesPythia8_nompi_186.dat', 'tree_httv2_qcd_DelphesPythia8_nompi_187.dat', 'tree_httv2_qcd_DelphesPythia8_nompi_188.dat', 'tree_httv2_qcd_DelphesPythia8_nompi_189.dat', 'tree_httv2_qcd_DelphesPythia8_nompi_19.dat', 'tree_httv2_qcd_DelphesPythia8_nompi_190.dat', 'tree_httv2_qcd_DelphesPythia8_nompi_191.dat', 'tree_httv2_qcd_DelphesPythia8_nompi_192.dat', 'tree_httv2_qcd_DelphesPythia8_nompi_193.dat', 'tree_httv2_qcd_DelphesPythia8_nompi_194.dat', 'tree_httv2_qcd_DelphesPythia8_nompi_195.dat', 'tree_httv2_qcd_DelphesPythia8_nompi_196.dat', 'tree_httv2_qcd_DelphesPythia8_nompi_197.dat', 'tree_httv2_qcd_DelphesPythia8_nompi_198.dat', 'tree_httv2_qcd_DelphesPythia8_nompi_199.dat', 'tree_httv2_qcd_DelphesPythia8_nompi_2.dat', 'tree_httv2_qcd_DelphesPythia8_nompi_20.dat', 'tree_httv2_qcd_DelphesPythia8_nompi_21.dat', 'tree_httv2_qcd_DelphesPythia8_nompi_22.dat', 'tree_httv2_qcd_DelphesPythia8_nompi_23.dat', 'tree_httv2_qcd_DelphesPythia8_nompi_24.dat', 'tree_httv2_qcd_DelphesPythia8_nompi_25.dat', 'tree_httv2_qcd_DelphesPythia8_nompi_26.dat', 'tree_httv2_qcd_DelphesPythia8_nompi_27.dat', 'tree_httv2_qcd_DelphesPythia8_nompi_28.dat', 'tree_httv2_qcd_DelphesPythia8_nompi_29.dat', 'tree_httv2_qcd_DelphesPythia8_nompi_3.dat', 'tree_httv2_qcd_DelphesPythia8_nompi_30.dat', 'tree_httv2_qcd_DelphesPythia8_nompi_31.dat', 'tree_httv2_qcd_DelphesPythia8_nompi_32.dat', 'tree_httv2_qcd_DelphesPythia8_nompi_33.dat', 'tree_httv2_qcd_DelphesPythia8_nompi_34.dat', 'tree_httv2_qcd_DelphesPythia8_nompi_35.dat', 'tree_httv2_qcd_DelphesPythia8_nompi_36.dat', 'tree_httv2_qcd_DelphesPythia8_nompi_37.dat', 'tree_httv2_qcd_DelphesPythia8_nompi_38.dat', 'tree_httv2_qcd_DelphesPythia8_nompi_39.dat', 'tree_httv2_qcd_DelphesPythia8_nompi_4.dat', 'tree_httv2_qcd_DelphesPythia8_nompi_40.dat', 'tree_httv2_qcd_DelphesPythia8_nompi_41.dat', 'tree_httv2_qcd_DelphesPythia8_nompi_42.dat', 'tree_httv2_qcd_DelphesPythia8_nompi_43.dat', 'tree_httv2_qcd_DelphesPythia8_nompi_44.dat', 'tree_httv2_qcd_DelphesPythia8_nompi_45.dat', 'tree_httv2_qcd_DelphesPythia8_nompi_46.dat', 'tree_httv2_qcd_DelphesPythia8_nompi_47.dat', 'tree_httv2_qcd_DelphesPythia8_nompi_48.dat', 'tree_httv2_qcd_DelphesPythia8_nompi_49.dat', 'tree_httv2_qcd_DelphesPythia8_nompi_5.dat', 'tree_httv2_qcd_DelphesPythia8_nompi_50.dat', 'tree_httv2_qcd_DelphesPythia8_nompi_51.dat', 'tree_httv2_qcd_DelphesPythia8_nompi_52.dat', 'tree_httv2_qcd_DelphesPythia8_nompi_53.dat', 'tree_httv2_qcd_DelphesPythia8_nompi_54.dat', 'tree_httv2_qcd_DelphesPythia8_nompi_55.dat', 'tree_httv2_qcd_DelphesPythia8_nompi_56.dat', 'tree_httv2_qcd_DelphesPythia8_nompi_57.dat', 'tree_httv2_qcd_DelphesPythia8_nompi_58.dat', 'tree_httv2_qcd_DelphesPythia8_nompi_59.dat', 'tree_httv2_qcd_DelphesPythia8_nompi_6.dat', 'tree_httv2_qcd_DelphesPythia8_nompi_60.dat', 'tree_httv2_qcd_DelphesPythia8_nompi_61.dat', 'tree_httv2_qcd_DelphesPythia8_nompi_62.dat', 'tree_httv2_qcd_DelphesPythia8_nompi_63.dat', 'tree_httv2_qcd_DelphesPythia8_nompi_64.dat', 'tree_httv2_qcd_DelphesPythia8_nompi_65.dat', 'tree_httv2_qcd_DelphesPythia8_nompi_66.dat', 'tree_httv2_qcd_DelphesPythia8_nompi_67.dat', 'tree_httv2_qcd_DelphesPythia8_nompi_68.dat', 'tree_httv2_qcd_DelphesPythia8_nompi_69.dat', 'tree_httv2_qcd_DelphesPythia8_nompi_7.dat', 'tree_httv2_qcd_DelphesPythia8_nompi_70.dat', 'tree_httv2_qcd_DelphesPythia8_nompi_71.dat', 'tree_httv2_qcd_DelphesPythia8_nompi_72.dat', 'tree_httv2_qcd_DelphesPythia8_nompi_73.dat', 'tree_httv2_qcd_DelphesPythia8_nompi_74.dat', 'tree_httv2_qcd_DelphesPythia8_nompi_75.dat', 'tree_httv2_qcd_DelphesPythia8_nompi_76.dat', 'tree_httv2_qcd_DelphesPythia8_nompi_77.dat', 'tree_httv2_qcd_DelphesPythia8_nompi_78.dat', 'tree_httv2_qcd_DelphesPythia8_nompi_79.dat', 'tree_httv2_qcd_DelphesPythia8_nompi_8.dat', 'tree_httv2_qcd_DelphesPythia8_nompi_80.dat', 'tree_httv2_qcd_DelphesPythia8_nompi_81.dat', 'tree_httv2_qcd_DelphesPythia8_nompi_82.dat', 'tree_httv2_qcd_DelphesPythia8_nompi_83.dat', 'tree_httv2_qcd_DelphesPythia8_nompi_84.dat', 'tree_httv2_qcd_DelphesPythia8_nompi_85.dat', 'tree_httv2_qcd_DelphesPythia8_nompi_86.dat', 'tree_httv2_qcd_DelphesPythia8_nompi_87.dat', 'tree_httv2_qcd_DelphesPythia8_nompi_88.dat', 'tree_httv2_qcd_DelphesPythia8_nompi_89.dat', 'tree_httv2_qcd_DelphesPythia8_nompi_9.dat', 'tree_httv2_qcd_DelphesPythia8_nompi_90.dat', 'tree_httv2_qcd_DelphesPythia8_nompi_91.dat', 'tree_httv2_qcd_DelphesPythia8_nompi_92.dat', 'tree_httv2_qcd_DelphesPythia8_nompi_93.dat', 'tree_httv2_qcd_DelphesPythia8_nompi_94.dat', 'tree_httv2_qcd_DelphesPythia8_nompi_95.dat', 'tree_httv2_qcd_DelphesPythia8_nompi_96.dat', 'tree_httv2_qcd_DelphesPythia8_nompi_97.dat', 'tree_httv2_qcd_DelphesPythia8_nompi_98.dat', 'tree_httv2_qcd_DelphesPythia8_nompi_99.dat']
2018-10-31 18:46:06,026:INFO: Ntotjets=10000
2018-10-31 18:46:07,438:INFO: Ntotjets=20000
2018-10-31 18:46:08,847:INFO: Ntotjets=30000
2018-10-31 18:46:10,281:INFO: Ntotjets=40000
2018-10-31 18:46:11,702:INFO: Ntotjets=50000
2018-10-31 18:46:13,099:INFO: Ntotjets=60000
2018-10-31 18:46:14,505:INFO: Ntotjets=70000
2018-10-31 18:46:15,915:INFO: Ntotjets=80000
2018-10-31 18:46:15,916:INFO: Tree generation time (minutes) =0.4075999140739441
2018-10-31 18:53:42,721:INFO: Splitting into train, validation and test datasets, and shuffling...
2018-10-31 18:53:52,287:INFO: Split sample time (minutes) =8.013792483011882
2018-10-31 18:53:52,288:INFO: Creating train batches ...
2018-10-31 18:53:55,316:INFO: Number of batches created=100
2018-10-31 18:53:58,295:INFO: Number of batches created=200
2018-10-31 18:54:01,309:INFO: Number of batches created=300
2018-10-31 18:54:04,248:INFO: Number of batches created=400
2018-10-31 18:54:07,169:INFO: Number of batches created=500
2018-10-31 18:54:10,077:INFO: Number of batches created=600
2018-10-31 18:54:12,985:INFO: Number of batches created=700
2018-10-31 18:54:14,461:INFO: Creating val batches ...
2018-10-31 18:54:17,439:INFO: Number of batches created=100
2018-10-31 18:54:20,400:INFO: Number of batches created=200
2018-10-31 18:54:21,881:INFO: Creating test batches ...
2018-10-31 18:54:24,864:INFO: Number of batches created=100
2018-10-31 18:54:27,826:INFO: Number of batches created=200
2018-10-31 18:54:29,288:INFO: Number of test_batches=250
2018-10-31 18:54:29,288:INFO: Batch generation time (minutes) =8.630467859903971
2018-10-31 18:54:29,288:INFO: Train and val batch size=128
2018-10-31 18:54:29,288:INFO: Number of train_batches=750
2018-10-31 18:54:29,288:INFO: Number of val_batches=250
2018-10-31 18:54:33,368:INFO: ------------------------------------------------------------
2018-10-31 18:54:33,368:INFO: Loading the datasets...
2018-10-31 18:54:34,895:INFO: - done loading the datasets
2018-10-31 18:54:34,896:INFO: ------------------------------------------------------------
2018-10-31 18:54:36,607:INFO: Building optimizer...
2018-10-31 18:54:36,608:INFO: Starting training for 40 epoch(s)
2018-10-31 18:54:36,645:INFO: Epoch 1/40
2018-10-31 18:55:02,553:INFO: - Train metrics: accuracy: 0.749 ; loss: 0.801
2018-10-31 18:55:07,443:INFO: - Eval metrics : accuracy: 0.768 ; loss: 0.466
2018-10-31 18:55:07,453:INFO: - Found new best accuracy
2018-10-31 18:55:07,453:INFO: Epoch 2/40
2018-10-31 18:55:33,273:INFO: - Train metrics: accuracy: 0.786 ; loss: 0.431
2018-10-31 18:55:38,223:INFO: - Eval metrics : accuracy: 0.789 ; loss: 0.432
2018-10-31 18:55:38,226:INFO: - Found new best accuracy
2018-10-31 18:55:38,227:INFO: Epoch 3/40
2018-10-31 18:56:03,679:INFO: - Train metrics: accuracy: 0.815 ; loss: 0.396
2018-10-31 18:56:08,638:INFO: - Eval metrics : accuracy: 0.804 ; loss: 0.413
2018-10-31 18:56:08,641:INFO: - Found new best accuracy
2018-10-31 18:56:08,642:INFO: Epoch 4/40
2018-10-31 18:56:33,988:INFO: - Train metrics: accuracy: 0.815 ; loss: 0.388
2018-10-31 18:56:38,907:INFO: - Eval metrics : accuracy: 0.800 ; loss: 0.423
2018-10-31 18:56:38,962:INFO: Epoch 5/40
2018-10-31 18:57:04,340:INFO: - Train metrics: accuracy: 0.828 ; loss: 0.380
2018-10-31 18:57:09,234:INFO: - Eval metrics : accuracy: 0.809 ; loss: 0.408
2018-10-31 18:57:09,279:INFO: - Found new best accuracy
2018-10-31 18:57:09,279:INFO: Epoch 6/40
2018-10-31 18:57:34,608:INFO: - Train metrics: accuracy: 0.826 ; loss: 0.372
2018-10-31 18:57:39,478:INFO: - Eval metrics : accuracy: 0.813 ; loss: 0.399
2018-10-31 18:57:39,543:INFO: - Found new best accuracy
2018-10-31 18:57:39,544:INFO: Epoch 7/40
2018-10-31 18:58:05,137:INFO: - Train metrics: accuracy: 0.831 ; loss: 0.364
2018-10-31 18:58:09,480:INFO: - Eval metrics : accuracy: 0.828 ; loss: 0.371
2018-10-31 18:58:09,522:INFO: - Found new best accuracy
2018-10-31 18:58:09,523:INFO: Epoch 8/40
2018-10-31 18:58:31,133:INFO: - Train metrics: accuracy: 0.878 ; loss: 0.266
2018-10-31 18:58:35,295:INFO: - Eval metrics : accuracy: 0.908 ; loss: 0.225
2018-10-31 18:58:35,326:INFO: - Found new best accuracy
2018-10-31 18:58:35,326:INFO: Epoch 9/40
2018-10-31 18:59:00,790:INFO: - Train metrics: accuracy: 0.922 ; loss: 0.199
2018-10-31 18:59:05,658:INFO: - Eval metrics : accuracy: 0.912 ; loss: 0.214
2018-10-31 18:59:05,674:INFO: - Found new best accuracy
2018-10-31 18:59:05,674:INFO: Epoch 10/40
2018-10-31 18:59:30,976:INFO: - Train metrics: accuracy: 0.923 ; loss: 0.190
2018-10-31 18:59:36,055:INFO: - Eval metrics : accuracy: 0.918 ; loss: 0.200
2018-10-31 18:59:36,105:INFO: - Found new best accuracy
2018-10-31 18:59:36,105:INFO: Epoch 11/40
2018-10-31 19:00:01,472:INFO: - Train metrics: accuracy: 0.932 ; loss: 0.183
2018-10-31 19:00:06,576:INFO: - Eval metrics : accuracy: 0.920 ; loss: 0.193
2018-10-31 19:00:06,629:INFO: - Found new best accuracy
2018-10-31 19:00:06,630:INFO: Epoch 12/40
2018-10-31 19:00:31,968:INFO: - Train metrics: accuracy: 0.928 ; loss: 0.178
2018-10-31 19:00:37,046:INFO: - Eval metrics : accuracy: 0.923 ; loss: 0.186
2018-10-31 19:00:37,111:INFO: - Found new best accuracy
2018-10-31 19:00:37,111:INFO: Epoch 13/40
2018-10-31 19:01:01,457:INFO: - Train metrics: accuracy: 0.932 ; loss: 0.169
2018-10-31 19:01:06,537:INFO: - Eval metrics : accuracy: 0.927 ; loss: 0.178
2018-10-31 19:01:06,576:INFO: - Found new best accuracy
2018-10-31 19:01:06,577:INFO: Epoch 14/40
2018-10-31 19:01:29,671:INFO: - Train metrics: accuracy: 0.927 ; loss: 0.170
2018-10-31 19:01:33,987:INFO: - Eval metrics : accuracy: 0.924 ; loss: 0.184
2018-10-31 19:01:34,029:INFO: Epoch 15/40
2018-10-31 19:01:59,878:INFO: - Train metrics: accuracy: 0.926 ; loss: 0.169
2018-10-31 19:02:04,762:INFO: - Eval metrics : accuracy: 0.924 ; loss: 0.186
2018-10-31 19:02:04,765:INFO: Epoch 16/40
2018-10-31 19:02:30,773:INFO: - Train metrics: accuracy: 0.926 ; loss: 0.162
2018-10-31 19:02:35,694:INFO: - Eval metrics : accuracy: 0.929 ; loss: 0.174
2018-10-31 19:02:35,697:INFO: - Found new best accuracy
2018-10-31 19:02:35,698:INFO: Epoch 17/40
2018-10-31 19:03:01,099:INFO: - Train metrics: accuracy: 0.931 ; loss: 0.161
2018-10-31 19:03:06,003:INFO: - Eval metrics : accuracy: 0.930 ; loss: 0.172
2018-10-31 19:03:06,051:INFO: - Found new best accuracy
2018-10-31 19:03:06,051:INFO: Epoch 18/40
2018-10-31 19:03:31,544:INFO: - Train metrics: accuracy: 0.936 ; loss: 0.155
2018-10-31 19:03:36,656:INFO: - Eval metrics : accuracy: 0.931 ; loss: 0.170
2018-10-31 19:03:36,659:INFO: - Found new best accuracy
2018-10-31 19:03:36,659:INFO: Epoch 19/40
2018-10-31 19:04:01,848:INFO: - Train metrics: accuracy: 0.932 ; loss: 0.154
2018-10-31 19:04:06,781:INFO: - Eval metrics : accuracy: 0.931 ; loss: 0.171
2018-10-31 19:04:06,818:INFO: Epoch 20/40
2018-10-31 19:04:27,145:INFO: - Train metrics: accuracy: 0.936 ; loss: 0.153
2018-10-31 19:04:31,314:INFO: - Eval metrics : accuracy: 0.931 ; loss: 0.170
2018-10-31 19:04:31,355:INFO: Epoch 21/40
2018-10-31 19:04:56,931:INFO: - Train metrics: accuracy: 0.932 ; loss: 0.152
2018-10-31 19:05:01,815:INFO: - Eval metrics : accuracy: 0.930 ; loss: 0.171
2018-10-31 19:05:01,852:INFO: Epoch 22/40
2018-10-31 19:05:21,350:INFO: - Train metrics: accuracy: 0.935 ; loss: 0.153
2018-10-31 19:05:25,529:INFO: - Eval metrics : accuracy: 0.931 ; loss: 0.171
2018-10-31 19:05:25,567:INFO: Epoch 23/40
2018-10-31 19:05:44,612:INFO: - Train metrics: accuracy: 0.935 ; loss: 0.151
2018-10-31 19:05:48,709:INFO: - Eval metrics : accuracy: 0.931 ; loss: 0.170
2018-10-31 19:05:48,747:INFO: Epoch 24/40
2018-10-31 19:06:13,934:INFO: - Train metrics: accuracy: 0.939 ; loss: 0.151
2018-10-31 19:06:18,822:INFO: - Eval metrics : accuracy: 0.932 ; loss: 0.170
2018-10-31 19:06:18,862:INFO: - Found new best accuracy
2018-10-31 19:06:18,863:INFO: Epoch 25/40
2018-10-31 19:06:38,933:INFO: - Train metrics: accuracy: 0.936 ; loss: 0.151
2018-10-31 19:06:43,096:INFO: - Eval metrics : accuracy: 0.932 ; loss: 0.170
2018-10-31 19:06:43,136:INFO: - Found new best accuracy
2018-10-31 19:06:43,137:INFO: Epoch 26/40
2018-10-31 19:07:03,350:INFO: - Train metrics: accuracy: 0.938 ; loss: 0.151
2018-10-31 19:07:07,531:INFO: - Eval metrics : accuracy: 0.932 ; loss: 0.170
2018-10-31 19:07:07,567:INFO: - Found new best accuracy
2018-10-31 19:07:07,568:INFO: Epoch 27/40
2018-10-31 19:07:29,706:INFO: - Train metrics: accuracy: 0.935 ; loss: 0.151
2018-10-31 19:07:33,885:INFO: - Eval metrics : accuracy: 0.932 ; loss: 0.170
2018-10-31 19:07:33,934:INFO: Epoch 28/40
2018-10-31 19:07:53,388:INFO: - Train metrics: accuracy: 0.941 ; loss: 0.149
2018-10-31 19:07:57,558:INFO: - Eval metrics : accuracy: 0.933 ; loss: 0.169
2018-10-31 19:07:57,595:INFO: - Found new best accuracy
2018-10-31 19:07:57,596:INFO: Epoch 29/40
2018-10-31 19:08:16,945:INFO: - Train metrics: accuracy: 0.941 ; loss: 0.149
2018-10-31 19:08:21,102:INFO: - Eval metrics : accuracy: 0.933 ; loss: 0.169
2018-10-31 19:08:21,145:INFO: Epoch 30/40
2018-10-31 19:08:39,926:INFO: - Train metrics: accuracy: 0.941 ; loss: 0.148
2018-10-31 19:08:43,987:INFO: - Eval metrics : accuracy: 0.932 ; loss: 0.168
2018-10-31 19:08:44,024:INFO: Epoch 31/40
2018-10-31 19:09:04,204:INFO: - Train metrics: accuracy: 0.943 ; loss: 0.148
2018-10-31 19:09:08,304:INFO: - Eval metrics : accuracy: 0.932 ; loss: 0.168
2018-10-31 19:09:08,342:INFO: Epoch 32/40
2018-10-31 19:09:27,822:INFO: - Train metrics: accuracy: 0.944 ; loss: 0.147
2018-10-31 19:09:31,949:INFO: - Eval metrics : accuracy: 0.932 ; loss: 0.168
2018-10-31 19:09:31,990:INFO: Epoch 33/40
2018-10-31 19:09:57,294:INFO: - Train metrics: accuracy: 0.943 ; loss: 0.147
2018-10-31 19:10:01,633:INFO: - Eval metrics : accuracy: 0.933 ; loss: 0.168
2018-10-31 19:10:01,660:INFO: - Found new best accuracy
2018-10-31 19:10:01,661:INFO: Epoch 34/40
2018-10-31 19:10:20,873:INFO: - Train metrics: accuracy: 0.943 ; loss: 0.146
2018-10-31 19:10:25,048:INFO: - Eval metrics : accuracy: 0.933 ; loss: 0.168
2018-10-31 19:10:25,086:INFO: - Found new best accuracy
2018-10-31 19:10:25,087:INFO: Epoch 35/40
2018-10-31 19:10:44,489:INFO: - Train metrics: accuracy: 0.945 ; loss: 0.147
2018-10-31 19:10:48,593:INFO: - Eval metrics : accuracy: 0.933 ; loss: 0.167
2018-10-31 19:10:48,631:INFO: - Found new best accuracy
2018-10-31 19:10:48,632:INFO: Epoch 36/40
2018-10-31 19:11:08,295:INFO: - Train metrics: accuracy: 0.947 ; loss: 0.146
2018-10-31 19:11:12,468:INFO: - Eval metrics : accuracy: 0.934 ; loss: 0.167
2018-10-31 19:11:12,498:INFO: - Found new best accuracy
2018-10-31 19:11:12,499:INFO: Epoch 37/40
2018-10-31 19:11:31,704:INFO: - Train metrics: accuracy: 0.944 ; loss: 0.145
2018-10-31 19:11:35,764:INFO: - Eval metrics : accuracy: 0.933 ; loss: 0.167
2018-10-31 19:11:35,802:INFO: Epoch 38/40
2018-10-31 19:11:57,780:INFO: - Train metrics: accuracy: 0.947 ; loss: 0.145
2018-10-31 19:12:02,637:INFO: - Eval metrics : accuracy: 0.933 ; loss: 0.167
2018-10-31 19:12:02,667:INFO: Epoch 39/40
2018-10-31 19:12:23,432:INFO: - Train metrics: accuracy: 0.947 ; loss: 0.145
2018-10-31 19:12:28,307:INFO: - Eval metrics : accuracy: 0.933 ; loss: 0.167
2018-10-31 19:12:28,344:INFO: Epoch 40/40
2018-10-31 19:12:48,560:INFO: - Train metrics: accuracy: 0.944 ; loss: 0.144
2018-10-31 19:12:52,728:INFO: - Eval metrics : accuracy: 0.933 ; loss: 0.167
2018-10-31 19:12:52,763:INFO: Total time (minutes) =27.021716876824698
