2018-10-29 00:14:05,221:INFO: Loading the dataset ...
2018-10-29 00:14:05,553:INFO: - done.
2018-10-29 00:14:07,374:INFO: Starting evaluation
2018-10-29 00:14:10,560:INFO: Labels=[0. 0. 1. 0. 0. 0. 0. 1. 0. 1.]
2018-10-29 00:14:10,560:INFO: Out prob=[6.00729696e-02 5.09224057e-01 5.22694826e-01 6.92435741e-01
 8.47172141e-01 4.73304135e-05 3.89773585e-03 9.36156869e-01
 4.80837584e-01 9.46952581e-01]
2018-10-29 00:14:10,560:INFO: ------------------------------------------------------------------------------------------------------------------------
2018-10-29 00:14:10,560:INFO: len labels after =15360
2018-10-29 00:14:10,560:INFO: len out_prob after15360
2018-10-29 00:14:10,560:INFO: length y_test=15360
2018-10-29 00:14:10,560:INFO: Lenght y_score=15360
2018-10-29 00:14:10,564:INFO: Length y_score 15360
2018-10-29 00:14:10,564:INFO: Length y_test 15360
2018-10-29 00:14:10,564:INFO: Thresholds[0:6] = 
 [0.99921262 0.99788624 0.99737984 0.99696225 0.99695992 0.99686986]
2018-10-29 00:14:10,564:INFO: Thresholds lenght = 
15350
2018-10-29 00:14:10,564:INFO: fpr lenght15350
2018-10-29 00:14:10,564:INFO: tpr lenght15350
2018-10-29 00:14:10,613:INFO: ------------------------------------------------------------------------------------------------------------------------
2018-10-29 00:14:10,617:INFO: roc_auc=0.9055436690528644
2018-10-29 00:14:10,617:INFO: ------------------------------------------------------------------------------------------------------------------------
2018-10-29 00:14:10,617:INFO: - Eval metrics : accuracy: 0.82324 ; loss: 0.37996
