2018-10-29 00:04:54,594:INFO: sample_name=top_qcd_jets_antikt_kt__40000_Njets_1024_batch
2018-10-29 00:04:54,595:INFO: ------------------------------------------------------------
2018-10-29 00:04:54,595:INFO: Loading the datasets...
2018-10-29 00:04:55,781:INFO: - done loading the datasets
2018-10-29 00:04:55,781:INFO: ------------------------------------------------------------
2018-10-29 00:04:57,542:INFO: Building optimizer...
2018-10-29 00:04:57,542:INFO: Starting training for 30 epoch(s)
2018-10-29 00:04:57,542:INFO: Epoch 1/30
2018-10-29 00:05:13,374:INFO: - Train metrics: accuracy: 0.519 ; loss: 0.881
2018-10-29 00:05:16,340:INFO: - Eval metrics : accuracy: 0.517 ; loss: 0.692
2018-10-29 00:05:16,353:INFO: - Found new best accuracy
2018-10-29 00:05:16,353:INFO: Epoch 2/30
2018-10-29 00:05:32,083:INFO: - Train metrics: accuracy: 0.506 ; loss: 0.693
2018-10-29 00:05:35,187:INFO: - Eval metrics : accuracy: 0.656 ; loss: 0.664
2018-10-29 00:05:35,226:INFO: - Found new best accuracy
2018-10-29 00:05:35,226:INFO: Epoch 3/30
2018-10-29 00:05:51,060:INFO: - Train metrics: accuracy: 0.646 ; loss: 0.659
2018-10-29 00:05:54,457:INFO: - Eval metrics : accuracy: 0.783 ; loss: 0.487
2018-10-29 00:05:54,501:INFO: - Found new best accuracy
2018-10-29 00:05:54,502:INFO: Epoch 4/30
2018-10-29 00:06:10,037:INFO: - Train metrics: accuracy: 0.780 ; loss: 0.478
2018-10-29 00:06:13,277:INFO: - Eval metrics : accuracy: 0.773 ; loss: 0.509
2018-10-29 00:06:13,318:INFO: Epoch 5/30
2018-10-29 00:06:29,079:INFO: - Train metrics: accuracy: 0.789 ; loss: 0.489
2018-10-29 00:06:32,363:INFO: - Eval metrics : accuracy: 0.792 ; loss: 0.457
2018-10-29 00:06:32,369:INFO: - Found new best accuracy
2018-10-29 00:06:32,369:INFO: Epoch 6/30
2018-10-29 00:06:48,140:INFO: - Train metrics: accuracy: 0.806 ; loss: 0.438
2018-10-29 00:06:51,044:INFO: - Eval metrics : accuracy: 0.791 ; loss: 0.456
2018-10-29 00:06:51,087:INFO: Epoch 7/30
2018-10-29 00:07:06,817:INFO: - Train metrics: accuracy: 0.787 ; loss: 0.442
2018-10-29 00:07:09,624:INFO: - Eval metrics : accuracy: 0.802 ; loss: 0.433
2018-10-29 00:07:09,662:INFO: - Found new best accuracy
2018-10-29 00:07:09,663:INFO: Epoch 8/30
2018-10-29 00:07:25,305:INFO: - Train metrics: accuracy: 0.804 ; loss: 0.417
2018-10-29 00:07:28,027:INFO: - Eval metrics : accuracy: 0.795 ; loss: 0.467
2018-10-29 00:07:28,067:INFO: Epoch 9/30
2018-10-29 00:07:43,507:INFO: - Train metrics: accuracy: 0.797 ; loss: 0.451
2018-10-29 00:07:46,381:INFO: - Eval metrics : accuracy: 0.791 ; loss: 0.463
2018-10-29 00:07:46,420:INFO: Epoch 10/30
2018-10-29 00:08:01,921:INFO: - Train metrics: accuracy: 0.796 ; loss: 0.451
2018-10-29 00:08:04,655:INFO: - Eval metrics : accuracy: 0.806 ; loss: 0.427
2018-10-29 00:08:04,695:INFO: - Found new best accuracy
2018-10-29 00:08:04,696:INFO: Epoch 11/30
2018-10-29 00:08:20,167:INFO: - Train metrics: accuracy: 0.811 ; loss: 0.413
2018-10-29 00:08:22,954:INFO: - Eval metrics : accuracy: 0.808 ; loss: 0.420
2018-10-29 00:08:22,997:INFO: - Found new best accuracy
2018-10-29 00:08:22,998:INFO: Epoch 12/30
2018-10-29 00:08:38,095:INFO: - Train metrics: accuracy: 0.813 ; loss: 0.406
2018-10-29 00:08:40,804:INFO: - Eval metrics : accuracy: 0.810 ; loss: 0.418
2018-10-29 00:08:40,808:INFO: - Found new best accuracy
2018-10-29 00:08:40,809:INFO: Epoch 13/30
2018-10-29 00:08:55,701:INFO: - Train metrics: accuracy: 0.814 ; loss: 0.403
2018-10-29 00:08:58,410:INFO: - Eval metrics : accuracy: 0.810 ; loss: 0.414
2018-10-29 00:08:58,453:INFO: - Found new best accuracy
2018-10-29 00:08:58,453:INFO: Epoch 14/30
2018-10-29 00:09:13,377:INFO: - Train metrics: accuracy: 0.821 ; loss: 0.400
2018-10-29 00:09:16,210:INFO: - Eval metrics : accuracy: 0.812 ; loss: 0.412
2018-10-29 00:09:16,267:INFO: - Found new best accuracy
2018-10-29 00:09:16,268:INFO: Epoch 15/30
2018-10-29 00:09:31,455:INFO: - Train metrics: accuracy: 0.822 ; loss: 0.397
2018-10-29 00:09:34,232:INFO: - Eval metrics : accuracy: 0.811 ; loss: 0.416
2018-10-29 00:09:34,272:INFO: Epoch 16/30
2018-10-29 00:09:49,530:INFO: - Train metrics: accuracy: 0.817 ; loss: 0.398
2018-10-29 00:09:52,393:INFO: - Eval metrics : accuracy: 0.808 ; loss: 0.422
2018-10-29 00:09:52,419:INFO: Epoch 17/30
2018-10-29 00:10:07,718:INFO: - Train metrics: accuracy: 0.814 ; loss: 0.403
2018-10-29 00:10:10,450:INFO: - Eval metrics : accuracy: 0.811 ; loss: 0.410
2018-10-29 00:10:10,492:INFO: Epoch 18/30
2018-10-29 00:10:25,436:INFO: - Train metrics: accuracy: 0.813 ; loss: 0.391
2018-10-29 00:10:28,278:INFO: - Eval metrics : accuracy: 0.812 ; loss: 0.408
2018-10-29 00:10:28,320:INFO: - Found new best accuracy
2018-10-29 00:10:28,320:INFO: Epoch 19/30
2018-10-29 00:10:43,386:INFO: - Train metrics: accuracy: 0.818 ; loss: 0.388
2018-10-29 00:10:46,340:INFO: - Eval metrics : accuracy: 0.812 ; loss: 0.406
2018-10-29 00:10:46,370:INFO: Epoch 20/30
2018-10-29 00:11:01,504:INFO: - Train metrics: accuracy: 0.817 ; loss: 0.384
2018-10-29 00:11:04,329:INFO: - Eval metrics : accuracy: 0.813 ; loss: 0.402
2018-10-29 00:11:04,367:INFO: - Found new best accuracy
2018-10-29 00:11:04,368:INFO: Epoch 21/30
2018-10-29 00:11:19,206:INFO: - Train metrics: accuracy: 0.816 ; loss: 0.381
2018-10-29 00:11:21,916:INFO: - Eval metrics : accuracy: 0.814 ; loss: 0.398
2018-10-29 00:11:21,956:INFO: - Found new best accuracy
2018-10-29 00:11:21,957:INFO: Epoch 22/30
2018-10-29 00:11:37,054:INFO: - Train metrics: accuracy: 0.815 ; loss: 0.375
2018-10-29 00:11:39,788:INFO: - Eval metrics : accuracy: 0.816 ; loss: 0.394
2018-10-29 00:11:39,829:INFO: - Found new best accuracy
2018-10-29 00:11:39,829:INFO: Epoch 23/30
2018-10-29 00:11:54,805:INFO: - Train metrics: accuracy: 0.820 ; loss: 0.371
2018-10-29 00:11:57,547:INFO: - Eval metrics : accuracy: 0.817 ; loss: 0.393
2018-10-29 00:11:57,588:INFO: - Found new best accuracy
2018-10-29 00:11:57,588:INFO: Epoch 24/30
2018-10-29 00:12:12,491:INFO: - Train metrics: accuracy: 0.822 ; loss: 0.368
2018-10-29 00:12:15,434:INFO: - Eval metrics : accuracy: 0.818 ; loss: 0.389
2018-10-29 00:12:15,473:INFO: - Found new best accuracy
2018-10-29 00:12:15,474:INFO: Epoch 25/30
2018-10-29 00:12:30,702:INFO: - Train metrics: accuracy: 0.830 ; loss: 0.364
2018-10-29 00:12:33,490:INFO: - Eval metrics : accuracy: 0.818 ; loss: 0.386
2018-10-29 00:12:33,538:INFO: - Found new best accuracy
2018-10-29 00:12:33,538:INFO: Epoch 26/30
2018-10-29 00:12:48,707:INFO: - Train metrics: accuracy: 0.824 ; loss: 0.362
2018-10-29 00:12:51,568:INFO: - Eval metrics : accuracy: 0.820 ; loss: 0.384
2018-10-29 00:12:51,604:INFO: - Found new best accuracy
2018-10-29 00:12:51,605:INFO: Epoch 27/30
2018-10-29 00:13:06,506:INFO: - Train metrics: accuracy: 0.826 ; loss: 0.360
2018-10-29 00:13:09,226:INFO: - Eval metrics : accuracy: 0.820 ; loss: 0.385
2018-10-29 00:13:09,265:INFO: Epoch 28/30
2018-10-29 00:13:24,179:INFO: - Train metrics: accuracy: 0.823 ; loss: 0.361
2018-10-29 00:13:26,995:INFO: - Eval metrics : accuracy: 0.819 ; loss: 0.386
2018-10-29 00:13:27,037:INFO: Epoch 29/30
2018-10-29 00:13:42,329:INFO: - Train metrics: accuracy: 0.818 ; loss: 0.360
2018-10-29 00:13:45,174:INFO: - Eval metrics : accuracy: 0.820 ; loss: 0.382
2018-10-29 00:13:45,178:INFO: - Found new best accuracy
2018-10-29 00:13:45,178:INFO: Epoch 30/30
2018-10-29 00:14:00,400:INFO: - Train metrics: accuracy: 0.822 ; loss: 0.357
2018-10-29 00:14:03,347:INFO: - Eval metrics : accuracy: 0.821 ; loss: 0.382
2018-10-29 00:14:03,374:INFO: - Found new best accuracy
2018-10-29 00:14:03,375:INFO: Total time (minutes) =9.146343930562336
