2018-10-29 18:05:36,066:INFO: Loading the dataset ...
2018-10-29 18:05:36,366:INFO: - done.
2018-10-29 18:05:38,251:INFO: Starting evaluation
2018-10-29 18:05:38,984:INFO: Labels=[0. 0. 1. 0. 0. 0. 0. 1. 0. 1.]
2018-10-29 18:05:38,984:INFO: Out prob=[0.00281774 0.89021671 0.60149628 0.65966398 0.70601803 0.01387904
 0.33768335 0.7249921  0.64633006 0.79000854]
2018-10-29 18:05:38,984:INFO: ------------------------------------------------------------------------------------------------------------------------
2018-10-29 18:05:38,984:INFO: len labels after =15360
2018-10-29 18:05:38,984:INFO: len out_prob after15360
2018-10-29 18:05:38,984:INFO: length y_test=15360
2018-10-29 18:05:38,984:INFO: Lenght y_score=15360
2018-10-29 18:05:38,988:INFO: Length y_score 15360
2018-10-29 18:05:38,988:INFO: Length y_test 15360
2018-10-29 18:05:38,988:INFO: Thresholds[0:6] = 
 [1.96724665 0.96724665 0.96205711 0.96183223 0.96045476 0.95667964]
2018-10-29 18:05:38,988:INFO: Thresholds lenght = 
15352
2018-10-29 18:05:38,988:INFO: fpr lenght15352
2018-10-29 18:05:38,988:INFO: tpr lenght15352
2018-10-29 18:05:39,033:INFO: ------------------------------------------------------------------------------------------------------------------------
2018-10-29 18:05:39,037:INFO: roc_auc=0.8173261145244363
2018-10-29 18:05:39,037:INFO: ------------------------------------------------------------------------------------------------------------------------
2018-10-29 18:05:39,038:INFO: - Eval metrics : accuracy: 0.75078 ; loss: 0.50466
