2018-10-21 22:05:25,467:INFO: Loading the dataset ...
2018-10-21 22:05:25,734:INFO: - done.
2018-10-21 22:05:29,439:INFO: Starting evaluation
2018-10-21 22:05:30,913:INFO: Labels=[0. 0. 1. 0. 0. 0. 0. 1. 0. 1.]
2018-10-21 22:05:30,913:INFO: Out prob=[1.71125084e-01 4.07849282e-01 5.98912477e-01 5.13003230e-01
 8.40607822e-01 5.58228712e-05 3.82907763e-02 7.58661747e-01
 4.29789126e-01 9.56575632e-01]
2018-10-21 22:05:30,913:INFO: ------------------------------------------------------------------------------------------------------------------------
2018-10-21 22:05:30,913:INFO: len labels after =15360
2018-10-21 22:05:30,913:INFO: len out_prob after15360
2018-10-21 22:05:30,913:INFO: length y_test=15360
2018-10-21 22:05:30,914:INFO: Lenght y_score=15360
2018-10-21 22:05:30,916:INFO: Length y_score 15360
2018-10-21 22:05:30,917:INFO: Length y_test 15360
2018-10-21 22:05:30,917:INFO: Thresholds[0:6] = 
 [0.9997614  0.99937892 0.9991309  0.99910116 0.9986437  0.99861646]
2018-10-21 22:05:30,917:INFO: Thresholds lenght = 
15356
2018-10-21 22:05:30,917:INFO: fpr lenght15356
2018-10-21 22:05:30,917:INFO: tpr lenght15356
2018-10-21 22:05:30,963:INFO: ------------------------------------------------------------------------------------------------------------------------
2018-10-21 22:05:30,967:INFO: roc_auc=0.885429685557551
2018-10-21 22:05:30,967:INFO: ------------------------------------------------------------------------------------------------------------------------
2018-10-21 22:05:30,968:INFO: - Eval metrics : accuracy: 0.812 ; loss: 0.417
