2018-10-21 21:59:26,561:INFO: sample_name=top_qcd_jets_antikt_kt__40000_Njets_1024_batch
2018-10-21 21:59:26,561:INFO: ------------------------------------------------------------
2018-10-21 21:59:26,561:INFO: Loading the datasets...
2018-10-21 21:59:27,789:INFO: - done loading the datasets
2018-10-21 21:59:27,789:INFO: ------------------------------------------------------------
2018-10-21 21:59:31,997:INFO: Building optimizer...
2018-10-21 21:59:31,997:INFO: Starting training for 30 epoch(s)
2018-10-21 21:59:32,056:INFO: Epoch 1/30
2018-10-21 21:59:43,041:INFO: - Train metrics: accuracy: 0.519 ; loss: 0.898
2018-10-21 21:59:44,944:INFO: - Eval metrics : accuracy: 0.505 ; loss: 0.696
2018-10-21 21:59:45,013:INFO: - Found new best accuracy
2018-10-21 21:59:45,014:INFO: Epoch 2/30
2018-10-21 21:59:55,631:INFO: - Train metrics: accuracy: 0.490 ; loss: 0.700
2018-10-21 21:59:57,219:INFO: - Eval metrics : accuracy: 0.526 ; loss: 0.690
2018-10-21 21:59:57,263:INFO: - Found new best accuracy
2018-10-21 21:59:57,289:INFO: Epoch 3/30
2018-10-21 22:00:07,895:INFO: - Train metrics: accuracy: 0.547 ; loss: 0.689
2018-10-21 22:00:09,618:INFO: - Eval metrics : accuracy: 0.619 ; loss: 0.649
2018-10-21 22:00:09,659:INFO: - Found new best accuracy
2018-10-21 22:00:09,659:INFO: Epoch 4/30
2018-10-21 22:00:20,116:INFO: - Train metrics: accuracy: 0.619 ; loss: 0.649
2018-10-21 22:00:21,773:INFO: - Eval metrics : accuracy: 0.772 ; loss: 0.506
2018-10-21 22:00:21,814:INFO: - Found new best accuracy
2018-10-21 22:00:21,814:INFO: Epoch 5/30
2018-10-21 22:00:32,158:INFO: - Train metrics: accuracy: 0.774 ; loss: 0.495
2018-10-21 22:00:33,883:INFO: - Eval metrics : accuracy: 0.787 ; loss: 0.473
2018-10-21 22:00:33,931:INFO: - Found new best accuracy
2018-10-21 22:00:33,932:INFO: Epoch 6/30
2018-10-21 22:00:44,305:INFO: - Train metrics: accuracy: 0.792 ; loss: 0.459
2018-10-21 22:00:45,825:INFO: - Eval metrics : accuracy: 0.792 ; loss: 0.459
2018-10-21 22:00:45,866:INFO: - Found new best accuracy
2018-10-21 22:00:45,867:INFO: Epoch 7/30
2018-10-21 22:00:56,145:INFO: - Train metrics: accuracy: 0.794 ; loss: 0.444
2018-10-21 22:00:57,609:INFO: - Eval metrics : accuracy: 0.795 ; loss: 0.452
2018-10-21 22:00:57,650:INFO: - Found new best accuracy
2018-10-21 22:00:57,651:INFO: Epoch 8/30
2018-10-21 22:01:07,881:INFO: - Train metrics: accuracy: 0.800 ; loss: 0.436
2018-10-21 22:01:09,637:INFO: - Eval metrics : accuracy: 0.797 ; loss: 0.446
2018-10-21 22:01:09,676:INFO: - Found new best accuracy
2018-10-21 22:01:09,676:INFO: Epoch 9/30
2018-10-21 22:01:20,057:INFO: - Train metrics: accuracy: 0.805 ; loss: 0.431
2018-10-21 22:01:21,578:INFO: - Eval metrics : accuracy: 0.799 ; loss: 0.441
2018-10-21 22:01:21,618:INFO: - Found new best accuracy
2018-10-21 22:01:21,619:INFO: Epoch 10/30
2018-10-21 22:01:31,656:INFO: - Train metrics: accuracy: 0.804 ; loss: 0.426
2018-10-21 22:01:33,599:INFO: - Eval metrics : accuracy: 0.799 ; loss: 0.438
2018-10-21 22:01:33,602:INFO: - Found new best accuracy
2018-10-21 22:01:33,603:INFO: Epoch 11/30
2018-10-21 22:01:44,003:INFO: - Train metrics: accuracy: 0.804 ; loss: 0.422
2018-10-21 22:01:45,523:INFO: - Eval metrics : accuracy: 0.800 ; loss: 0.435
2018-10-21 22:01:45,566:INFO: - Found new best accuracy
2018-10-21 22:01:45,567:INFO: Epoch 12/30
2018-10-21 22:01:55,693:INFO: - Train metrics: accuracy: 0.806 ; loss: 0.418
2018-10-21 22:01:57,212:INFO: - Eval metrics : accuracy: 0.801 ; loss: 0.433
2018-10-21 22:01:57,251:INFO: - Found new best accuracy
2018-10-21 22:01:57,251:INFO: Epoch 13/30
2018-10-21 22:02:07,463:INFO: - Train metrics: accuracy: 0.810 ; loss: 0.414
2018-10-21 22:02:08,990:INFO: - Eval metrics : accuracy: 0.803 ; loss: 0.431
2018-10-21 22:02:08,993:INFO: - Found new best accuracy
2018-10-21 22:02:08,994:INFO: Epoch 14/30
2018-10-21 22:02:19,146:INFO: - Train metrics: accuracy: 0.808 ; loss: 0.412
2018-10-21 22:02:20,616:INFO: - Eval metrics : accuracy: 0.803 ; loss: 0.429
2018-10-21 22:02:20,653:INFO: - Found new best accuracy
2018-10-21 22:02:20,653:INFO: Epoch 15/30
2018-10-21 22:02:30,923:INFO: - Train metrics: accuracy: 0.811 ; loss: 0.410
2018-10-21 22:02:32,422:INFO: - Eval metrics : accuracy: 0.804 ; loss: 0.428
2018-10-21 22:02:32,458:INFO: - Found new best accuracy
2018-10-21 22:02:32,459:INFO: Epoch 16/30
2018-10-21 22:02:42,593:INFO: - Train metrics: accuracy: 0.812 ; loss: 0.409
2018-10-21 22:02:44,083:INFO: - Eval metrics : accuracy: 0.805 ; loss: 0.427
2018-10-21 22:02:44,126:INFO: - Found new best accuracy
2018-10-21 22:02:44,127:INFO: Epoch 17/30
2018-10-21 22:02:54,463:INFO: - Train metrics: accuracy: 0.811 ; loss: 0.408
2018-10-21 22:02:55,957:INFO: - Eval metrics : accuracy: 0.806 ; loss: 0.426
2018-10-21 22:02:55,994:INFO: - Found new best accuracy
2018-10-21 22:02:55,995:INFO: Epoch 18/30
2018-10-21 22:03:06,057:INFO: - Train metrics: accuracy: 0.809 ; loss: 0.407
2018-10-21 22:03:07,544:INFO: - Eval metrics : accuracy: 0.806 ; loss: 0.425
2018-10-21 22:03:07,583:INFO: - Found new best accuracy
2018-10-21 22:03:07,583:INFO: Epoch 19/30
2018-10-21 22:03:17,289:INFO: - Train metrics: accuracy: 0.811 ; loss: 0.406
2018-10-21 22:03:18,570:INFO: - Eval metrics : accuracy: 0.807 ; loss: 0.424
2018-10-21 22:03:18,614:INFO: - Found new best accuracy
2018-10-21 22:03:18,614:INFO: Epoch 20/30
2018-10-21 22:03:28,599:INFO: - Train metrics: accuracy: 0.811 ; loss: 0.405
2018-10-21 22:03:30,042:INFO: - Eval metrics : accuracy: 0.807 ; loss: 0.423
2018-10-21 22:03:30,073:INFO: - Found new best accuracy
2018-10-21 22:03:30,073:INFO: Epoch 21/30
2018-10-21 22:03:40,123:INFO: - Train metrics: accuracy: 0.813 ; loss: 0.404
2018-10-21 22:03:41,631:INFO: - Eval metrics : accuracy: 0.807 ; loss: 0.422
2018-10-21 22:03:41,670:INFO: Epoch 22/30
2018-10-21 22:03:51,399:INFO: - Train metrics: accuracy: 0.815 ; loss: 0.403
2018-10-21 22:03:52,813:INFO: - Eval metrics : accuracy: 0.808 ; loss: 0.422
2018-10-21 22:03:52,846:INFO: - Found new best accuracy
2018-10-21 22:03:52,847:INFO: Epoch 23/30
2018-10-21 22:04:02,894:INFO: - Train metrics: accuracy: 0.812 ; loss: 0.402
2018-10-21 22:04:04,406:INFO: - Eval metrics : accuracy: 0.808 ; loss: 0.422
2018-10-21 22:04:04,444:INFO: - Found new best accuracy
2018-10-21 22:04:04,444:INFO: Epoch 24/30
2018-10-21 22:04:14,134:INFO: - Train metrics: accuracy: 0.812 ; loss: 0.402
2018-10-21 22:04:15,573:INFO: - Eval metrics : accuracy: 0.808 ; loss: 0.421
2018-10-21 22:04:15,603:INFO: - Found new best accuracy
2018-10-21 22:04:15,603:INFO: Epoch 25/30
2018-10-21 22:04:25,598:INFO: - Train metrics: accuracy: 0.812 ; loss: 0.402
2018-10-21 22:04:27,108:INFO: - Eval metrics : accuracy: 0.808 ; loss: 0.421
2018-10-21 22:04:27,146:INFO: Epoch 26/30
2018-10-21 22:04:36,817:INFO: - Train metrics: accuracy: 0.812 ; loss: 0.402
2018-10-21 22:04:38,242:INFO: - Eval metrics : accuracy: 0.808 ; loss: 0.421
2018-10-21 22:04:38,281:INFO: Epoch 27/30
2018-10-21 22:04:48,088:INFO: - Train metrics: accuracy: 0.812 ; loss: 0.401
2018-10-21 22:04:49,490:INFO: - Eval metrics : accuracy: 0.808 ; loss: 0.420
2018-10-21 22:04:49,493:INFO: - Found new best accuracy
2018-10-21 22:04:49,494:INFO: Epoch 28/30
2018-10-21 22:04:59,240:INFO: - Train metrics: accuracy: 0.813 ; loss: 0.401
2018-10-21 22:05:00,652:INFO: - Eval metrics : accuracy: 0.808 ; loss: 0.420
2018-10-21 22:05:00,655:INFO: Epoch 29/30
2018-10-21 22:05:10,665:INFO: - Train metrics: accuracy: 0.813 ; loss: 0.401
2018-10-21 22:05:12,090:INFO: - Eval metrics : accuracy: 0.808 ; loss: 0.420
2018-10-21 22:05:12,127:INFO: Epoch 30/30
2018-10-21 22:05:21,886:INFO: - Train metrics: accuracy: 0.814 ; loss: 0.401
2018-10-21 22:05:23,401:INFO: - Eval metrics : accuracy: 0.808 ; loss: 0.420
2018-10-21 22:05:23,437:INFO: Total time (minutes) =5.94793160756429
