2018-10-29 18:26:52,479:INFO: Loading the dataset ...
2018-10-29 18:26:52,798:INFO: - done.
2018-10-29 18:26:54,671:INFO: Starting evaluation
2018-10-29 18:26:55,661:INFO: Labels=[0. 0. 1. 0. 0. 0. 0. 1. 0. 1.]
2018-10-29 18:26:55,661:INFO: Out prob=[1.85721612e-04 8.31221223e-01 8.84858131e-01 8.38330567e-01
 7.46087193e-01 5.79994003e-06 6.41251076e-03 7.22107947e-01
 6.43310547e-01 8.95601809e-01]
2018-10-29 18:26:55,661:INFO: ------------------------------------------------------------------------------------------------------------------------
2018-10-29 18:26:55,661:INFO: len labels after =15360
2018-10-29 18:26:55,661:INFO: len out_prob after15360
2018-10-29 18:26:55,661:INFO: length y_test=15360
2018-10-29 18:26:55,661:INFO: Lenght y_score=15360
2018-10-29 18:26:55,665:INFO: Length y_score 15360
2018-10-29 18:26:55,665:INFO: Length y_test 15360
2018-10-29 18:26:55,665:INFO: Thresholds[0:6] = 
 [0.9727664  0.9708938  0.97050315 0.96983451 0.96581095 0.96109807]
2018-10-29 18:26:55,665:INFO: Thresholds lenght = 
15352
2018-10-29 18:26:55,665:INFO: fpr lenght15352
2018-10-29 18:26:55,665:INFO: tpr lenght15352
2018-10-29 18:26:55,716:INFO: ------------------------------------------------------------------------------------------------------------------------
2018-10-29 18:26:55,720:INFO: roc_auc=0.8682321483736192
2018-10-29 18:26:55,720:INFO: ------------------------------------------------------------------------------------------------------------------------
2018-10-29 18:26:55,720:INFO: - Eval metrics : accuracy: 0.78919 ; loss: 0.43699
