2018-10-29 18:25:00,316:INFO: search_hyperparam_sample_name=top_qcd_jets_antikt_kt__40000_Njets_1024_batch
2018-10-29 18:25:00,317:INFO: ------------------------------------------------------------
2018-10-29 18:25:00,317:INFO: Loading the datasets...
2018-10-29 18:25:01,361:INFO: - done loading the datasets
2018-10-29 18:25:01,396:INFO: ------------------------------------------------------------
2018-10-29 18:25:03,192:INFO: Building optimizer...
2018-10-29 18:25:03,192:INFO: Starting training for 35 epoch(s)
2018-10-29 18:25:03,192:INFO: Epoch 1/35
2018-10-29 18:25:06,610:INFO: - Train metrics: accuracy: 0.519 ; loss: 1.946
2018-10-29 18:25:07,271:INFO: - Eval metrics : accuracy: 0.607 ; loss: 0.655
2018-10-29 18:25:07,283:INFO: - Found new best accuracy
2018-10-29 18:25:07,283:INFO: Epoch 2/35
2018-10-29 18:25:10,006:INFO: - Train metrics: accuracy: 0.620 ; loss: 0.643
2018-10-29 18:25:10,665:INFO: - Eval metrics : accuracy: 0.732 ; loss: 0.519
2018-10-29 18:25:10,668:INFO: - Found new best accuracy
2018-10-29 18:25:10,668:INFO: Epoch 3/35
2018-10-29 18:25:13,638:INFO: - Train metrics: accuracy: 0.741 ; loss: 0.507
2018-10-29 18:25:14,294:INFO: - Eval metrics : accuracy: 0.753 ; loss: 0.486
2018-10-29 18:25:14,334:INFO: - Found new best accuracy
2018-10-29 18:25:14,334:INFO: Epoch 4/35
2018-10-29 18:25:17,010:INFO: - Train metrics: accuracy: 0.765 ; loss: 0.478
2018-10-29 18:25:17,655:INFO: - Eval metrics : accuracy: 0.760 ; loss: 0.473
2018-10-29 18:25:17,690:INFO: - Found new best accuracy
2018-10-29 18:25:17,691:INFO: Epoch 5/35
2018-10-29 18:25:20,303:INFO: - Train metrics: accuracy: 0.768 ; loss: 0.462
2018-10-29 18:25:20,824:INFO: - Eval metrics : accuracy: 0.769 ; loss: 0.459
2018-10-29 18:25:20,863:INFO: - Found new best accuracy
2018-10-29 18:25:20,863:INFO: Epoch 6/35
2018-10-29 18:25:23,092:INFO: - Train metrics: accuracy: 0.784 ; loss: 0.447
2018-10-29 18:25:23,518:INFO: - Eval metrics : accuracy: 0.775 ; loss: 0.453
2018-10-29 18:25:23,553:INFO: - Found new best accuracy
2018-10-29 18:25:23,554:INFO: Epoch 7/35
2018-10-29 18:25:25,757:INFO: - Train metrics: accuracy: 0.796 ; loss: 0.439
2018-10-29 18:25:26,187:INFO: - Eval metrics : accuracy: 0.779 ; loss: 0.449
2018-10-29 18:25:26,214:INFO: - Found new best accuracy
2018-10-29 18:25:26,214:INFO: Epoch 8/35
2018-10-29 18:25:28,571:INFO: - Train metrics: accuracy: 0.801 ; loss: 0.433
2018-10-29 18:25:29,078:INFO: - Eval metrics : accuracy: 0.781 ; loss: 0.447
2018-10-29 18:25:29,116:INFO: - Found new best accuracy
2018-10-29 18:25:29,116:INFO: Epoch 9/35
2018-10-29 18:25:31,203:INFO: - Train metrics: accuracy: 0.798 ; loss: 0.430
2018-10-29 18:25:31,630:INFO: - Eval metrics : accuracy: 0.784 ; loss: 0.442
2018-10-29 18:25:31,632:INFO: - Found new best accuracy
2018-10-29 18:25:31,633:INFO: Epoch 10/35
2018-10-29 18:25:33,724:INFO: - Train metrics: accuracy: 0.798 ; loss: 0.428
2018-10-29 18:25:34,154:INFO: - Eval metrics : accuracy: 0.786 ; loss: 0.440
2018-10-29 18:25:34,205:INFO: - Found new best accuracy
2018-10-29 18:25:34,205:INFO: Epoch 11/35
2018-10-29 18:25:36,900:INFO: - Train metrics: accuracy: 0.798 ; loss: 0.428
2018-10-29 18:25:37,428:INFO: - Eval metrics : accuracy: 0.786 ; loss: 0.439
2018-10-29 18:25:37,461:INFO: Epoch 12/35
2018-10-29 18:25:40,044:INFO: - Train metrics: accuracy: 0.800 ; loss: 0.430
2018-10-29 18:25:40,560:INFO: - Eval metrics : accuracy: 0.789 ; loss: 0.438
2018-10-29 18:25:40,601:INFO: - Found new best accuracy
2018-10-29 18:25:40,602:INFO: Epoch 13/35
2018-10-29 18:25:43,162:INFO: - Train metrics: accuracy: 0.798 ; loss: 0.428
2018-10-29 18:25:43,667:INFO: - Eval metrics : accuracy: 0.791 ; loss: 0.436
2018-10-29 18:25:43,707:INFO: - Found new best accuracy
2018-10-29 18:25:43,708:INFO: Epoch 14/35
2018-10-29 18:25:46,443:INFO: - Train metrics: accuracy: 0.802 ; loss: 0.426
2018-10-29 18:25:47,062:INFO: - Eval metrics : accuracy: 0.789 ; loss: 0.436
2018-10-29 18:25:47,108:INFO: Epoch 15/35
2018-10-29 18:25:49,327:INFO: - Train metrics: accuracy: 0.799 ; loss: 0.425
2018-10-29 18:25:49,753:INFO: - Eval metrics : accuracy: 0.789 ; loss: 0.437
2018-10-29 18:25:49,799:INFO: Epoch 16/35
2018-10-29 18:25:52,165:INFO: - Train metrics: accuracy: 0.798 ; loss: 0.424
2018-10-29 18:25:52,696:INFO: - Eval metrics : accuracy: 0.789 ; loss: 0.435
2018-10-29 18:25:52,730:INFO: Epoch 17/35
2018-10-29 18:25:55,001:INFO: - Train metrics: accuracy: 0.800 ; loss: 0.423
2018-10-29 18:25:55,525:INFO: - Eval metrics : accuracy: 0.790 ; loss: 0.435
2018-10-29 18:25:55,562:INFO: Epoch 18/35
2018-10-29 18:25:58,050:INFO: - Train metrics: accuracy: 0.802 ; loss: 0.422
2018-10-29 18:25:58,511:INFO: - Eval metrics : accuracy: 0.791 ; loss: 0.434
2018-10-29 18:25:58,548:INFO: Epoch 19/35
2018-10-29 18:26:00,965:INFO: - Train metrics: accuracy: 0.800 ; loss: 0.423
2018-10-29 18:26:01,523:INFO: - Eval metrics : accuracy: 0.791 ; loss: 0.434
2018-10-29 18:26:01,559:INFO: - Found new best accuracy
2018-10-29 18:26:01,559:INFO: Epoch 20/35
2018-10-29 18:26:04,009:INFO: - Train metrics: accuracy: 0.805 ; loss: 0.424
2018-10-29 18:26:04,433:INFO: - Eval metrics : accuracy: 0.791 ; loss: 0.434
2018-10-29 18:26:04,473:INFO: Epoch 21/35
2018-10-29 18:26:06,764:INFO: - Train metrics: accuracy: 0.806 ; loss: 0.424
2018-10-29 18:26:07,194:INFO: - Eval metrics : accuracy: 0.791 ; loss: 0.434
2018-10-29 18:26:07,222:INFO: Epoch 22/35
2018-10-29 18:26:10,077:INFO: - Train metrics: accuracy: 0.806 ; loss: 0.424
2018-10-29 18:26:10,636:INFO: - Eval metrics : accuracy: 0.791 ; loss: 0.433
2018-10-29 18:26:10,711:INFO: Epoch 23/35
2018-10-29 18:26:13,175:INFO: - Train metrics: accuracy: 0.805 ; loss: 0.424
2018-10-29 18:26:13,649:INFO: - Eval metrics : accuracy: 0.791 ; loss: 0.433
2018-10-29 18:26:13,689:INFO: - Found new best accuracy
2018-10-29 18:26:13,689:INFO: Epoch 24/35
2018-10-29 18:26:16,295:INFO: - Train metrics: accuracy: 0.805 ; loss: 0.423
2018-10-29 18:26:16,900:INFO: - Eval metrics : accuracy: 0.791 ; loss: 0.433
2018-10-29 18:26:16,902:INFO: Epoch 25/35
2018-10-29 18:26:19,071:INFO: - Train metrics: accuracy: 0.801 ; loss: 0.423
2018-10-29 18:26:19,508:INFO: - Eval metrics : accuracy: 0.792 ; loss: 0.433
2018-10-29 18:26:19,543:INFO: - Found new best accuracy
2018-10-29 18:26:19,544:INFO: Epoch 26/35
2018-10-29 18:26:21,915:INFO: - Train metrics: accuracy: 0.801 ; loss: 0.422
2018-10-29 18:26:22,440:INFO: - Eval metrics : accuracy: 0.791 ; loss: 0.433
2018-10-29 18:26:22,475:INFO: Epoch 27/35
2018-10-29 18:26:24,996:INFO: - Train metrics: accuracy: 0.801 ; loss: 0.422
2018-10-29 18:26:25,550:INFO: - Eval metrics : accuracy: 0.791 ; loss: 0.433
2018-10-29 18:26:25,590:INFO: Epoch 28/35
2018-10-29 18:26:28,013:INFO: - Train metrics: accuracy: 0.800 ; loss: 0.422
2018-10-29 18:26:28,438:INFO: - Eval metrics : accuracy: 0.791 ; loss: 0.433
2018-10-29 18:26:28,475:INFO: Epoch 29/35
2018-10-29 18:26:30,835:INFO: - Train metrics: accuracy: 0.800 ; loss: 0.422
2018-10-29 18:26:31,312:INFO: - Eval metrics : accuracy: 0.791 ; loss: 0.433
2018-10-29 18:26:31,314:INFO: Epoch 30/35
2018-10-29 18:26:33,897:INFO: - Train metrics: accuracy: 0.800 ; loss: 0.422
2018-10-29 18:26:34,409:INFO: - Eval metrics : accuracy: 0.791 ; loss: 0.433
2018-10-29 18:26:34,438:INFO: Epoch 31/35
2018-10-29 18:26:36,873:INFO: - Train metrics: accuracy: 0.800 ; loss: 0.422
2018-10-29 18:26:37,343:INFO: - Eval metrics : accuracy: 0.791 ; loss: 0.433
2018-10-29 18:26:37,378:INFO: Epoch 32/35
2018-10-29 18:26:39,846:INFO: - Train metrics: accuracy: 0.800 ; loss: 0.422
2018-10-29 18:26:40,358:INFO: - Eval metrics : accuracy: 0.791 ; loss: 0.433
2018-10-29 18:26:40,393:INFO: Epoch 33/35
2018-10-29 18:26:43,401:INFO: - Train metrics: accuracy: 0.800 ; loss: 0.422
2018-10-29 18:26:44,111:INFO: - Eval metrics : accuracy: 0.791 ; loss: 0.433
2018-10-29 18:26:44,149:INFO: Epoch 34/35
2018-10-29 18:26:47,126:INFO: - Train metrics: accuracy: 0.800 ; loss: 0.422
2018-10-29 18:26:47,653:INFO: - Eval metrics : accuracy: 0.791 ; loss: 0.433
2018-10-29 18:26:47,693:INFO: Epoch 35/35
2018-10-29 18:26:50,222:INFO: - Train metrics: accuracy: 0.800 ; loss: 0.422
2018-10-29 18:26:50,649:INFO: - Eval metrics : accuracy: 0.791 ; loss: 0.433
2018-10-29 18:26:50,695:INFO: Total time (minutes) =1.8396500627199808
