2018-10-29 18:13:41,408:INFO: Loading the dataset ...
2018-10-29 18:13:41,649:INFO: - done.
2018-10-29 18:13:43,286:INFO: Starting evaluation
2018-10-29 18:13:44,951:INFO: Labels=[0. 0. 1. 0. 0. 0. 0. 1. 0. 1.]
2018-10-29 18:13:44,951:INFO: Out prob=[3.95982666e-03 8.51429164e-01 9.90222335e-01 9.83536541e-01
 6.55935287e-01 1.86093530e-06 3.30808718e-04 7.12720037e-01
 6.93840091e-04 9.87254977e-01]
2018-10-29 18:13:44,952:INFO: ------------------------------------------------------------------------------------------------------------------------
2018-10-29 18:13:44,952:INFO: len labels after =15872
2018-10-29 18:13:44,952:INFO: len out_prob after15872
2018-10-29 18:13:44,952:INFO: length y_test=15872
2018-10-29 18:13:44,952:INFO: Lenght y_score=15872
2018-10-29 18:13:44,955:INFO: Length y_score 15872
2018-10-29 18:13:44,955:INFO: Length y_test 15872
2018-10-29 18:13:44,955:INFO: Thresholds[0:6] = 
 [0.99808961 0.99808657 0.99803752 0.9980343  0.99801612 0.99796617]
2018-10-29 18:13:44,955:INFO: Thresholds lenght = 
15845
2018-10-29 18:13:44,955:INFO: fpr lenght15845
2018-10-29 18:13:44,955:INFO: tpr lenght15845
2018-10-29 18:13:45,004:INFO: ------------------------------------------------------------------------------------------------------------------------
2018-10-29 18:13:45,008:INFO: roc_auc=0.9671115299665469
2018-10-29 18:13:45,008:INFO: ------------------------------------------------------------------------------------------------------------------------
2018-10-29 18:13:45,008:INFO: - Eval metrics : accuracy: 0.90820 ; loss: 0.22494
