2018-10-30 14:42:05,262:INFO: Loading the dataset ...
2018-10-30 14:42:07,110:INFO: - done.
2018-10-30 14:42:08,846:INFO: Starting evaluation
2018-10-30 14:42:17,904:INFO: Labels=[1. 1. 1. 1. 1. 1. 0. 0. 1. 0.]
2018-10-30 14:42:17,904:INFO: Out prob=[9.84875500e-01 9.68593001e-01 9.51976776e-01 9.76597905e-01
 9.72154021e-01 9.98798847e-01 1.16448184e-09 1.74700260e-01
 9.40457880e-01 4.69856531e-07]
2018-10-30 14:42:17,905:INFO: ------------------------------------------------------------------------------------------------------------------------
2018-10-30 14:42:17,905:INFO: len labels after =64000
2018-10-30 14:42:17,905:INFO: len out_prob after64000
2018-10-30 14:42:17,905:INFO: length y_test=64000
2018-10-30 14:42:17,905:INFO: Lenght y_score=64000
2018-10-30 14:42:17,916:INFO: Length y_score 64000
2018-10-30 14:42:17,916:INFO: Length y_test 64000
2018-10-30 14:42:17,916:INFO: Thresholds[0:6] = 
 [1.         0.99999988 0.99999976 0.99999964 0.99999952 0.9999994 ]
2018-10-30 14:42:17,916:INFO: Thresholds lenght = 
60677
2018-10-30 14:42:17,916:INFO: fpr lenght60677
2018-10-30 14:42:17,917:INFO: tpr lenght60677
2018-10-30 14:42:18,096:INFO: ------------------------------------------------------------------------------------------------------------------------
2018-10-30 14:42:18,110:INFO: roc_auc=0.9839603227382425
2018-10-30 14:42:18,110:INFO: ------------------------------------------------------------------------------------------------------------------------
2018-10-30 14:42:18,112:INFO: - Eval metrics : accuracy: 0.93797 ; loss: 0.15979
