2018-10-30 14:06:49,193:INFO: search_hyperparam_sample_name=top_qcd_jets_antikt_kt__160000_Njets_128_batch
2018-10-30 14:06:49,194:INFO: ------------------------------------------------------------
2018-10-30 14:06:49,194:INFO: Loading the datasets...
2018-10-30 14:07:03,393:INFO: - done loading the datasets
2018-10-30 14:07:03,393:INFO: ------------------------------------------------------------
2018-10-30 14:07:05,173:INFO: Building optimizer...
2018-10-30 14:07:05,173:INFO: Starting training for 40 epoch(s)
2018-10-30 14:07:05,173:INFO: Epoch 1/40
2018-10-30 14:07:51,659:INFO: - Train metrics: accuracy: 0.741 ; loss: 0.498
2018-10-30 14:08:00,060:INFO: - Eval metrics : accuracy: 0.767 ; loss: 0.461
2018-10-30 14:08:00,071:INFO: - Found new best accuracy
2018-10-30 14:08:00,071:INFO: Epoch 2/40
2018-10-30 14:08:47,481:INFO: - Train metrics: accuracy: 0.789 ; loss: 0.429
2018-10-30 14:08:57,096:INFO: - Eval metrics : accuracy: 0.793 ; loss: 0.448
2018-10-30 14:08:57,135:INFO: - Found new best accuracy
2018-10-30 14:08:57,136:INFO: Epoch 3/40
2018-10-30 14:09:44,960:INFO: - Train metrics: accuracy: 0.829 ; loss: 0.360
2018-10-30 14:09:53,798:INFO: - Eval metrics : accuracy: 0.857 ; loss: 0.320
2018-10-30 14:09:53,824:INFO: - Found new best accuracy
2018-10-30 14:09:53,825:INFO: Epoch 4/40
2018-10-30 14:10:42,406:INFO: - Train metrics: accuracy: 0.895 ; loss: 0.239
2018-10-30 14:10:52,017:INFO: - Eval metrics : accuracy: 0.905 ; loss: 0.225
2018-10-30 14:10:52,055:INFO: - Found new best accuracy
2018-10-30 14:10:52,056:INFO: Epoch 5/40
2018-10-30 14:11:40,342:INFO: - Train metrics: accuracy: 0.913 ; loss: 0.201
2018-10-30 14:11:50,186:INFO: - Eval metrics : accuracy: 0.910 ; loss: 0.213
2018-10-30 14:11:50,228:INFO: - Found new best accuracy
2018-10-30 14:11:50,229:INFO: Epoch 6/40
2018-10-30 14:12:36,264:INFO: - Train metrics: accuracy: 0.923 ; loss: 0.199
2018-10-30 14:12:45,924:INFO: - Eval metrics : accuracy: 0.913 ; loss: 0.204
2018-10-30 14:12:45,929:INFO: - Found new best accuracy
2018-10-30 14:12:45,929:INFO: Epoch 7/40
2018-10-30 14:13:31,650:INFO: - Train metrics: accuracy: 0.914 ; loss: 0.200
2018-10-30 14:13:41,158:INFO: - Eval metrics : accuracy: 0.919 ; loss: 0.195
2018-10-30 14:13:41,202:INFO: - Found new best accuracy
2018-10-30 14:13:41,203:INFO: Epoch 8/40
2018-10-30 14:14:29,881:INFO: - Train metrics: accuracy: 0.915 ; loss: 0.205
2018-10-30 14:14:38,436:INFO: - Eval metrics : accuracy: 0.924 ; loss: 0.184
2018-10-30 14:14:38,475:INFO: - Found new best accuracy
2018-10-30 14:14:38,476:INFO: Epoch 9/40
2018-10-30 14:15:25,489:INFO: - Train metrics: accuracy: 0.926 ; loss: 0.181
2018-10-30 14:15:34,005:INFO: - Eval metrics : accuracy: 0.925 ; loss: 0.181
2018-10-30 14:15:34,048:INFO: - Found new best accuracy
2018-10-30 14:15:34,048:INFO: Epoch 10/40
2018-10-30 14:16:24,557:INFO: - Train metrics: accuracy: 0.928 ; loss: 0.184
2018-10-30 14:16:32,869:INFO: - Eval metrics : accuracy: 0.919 ; loss: 0.192
2018-10-30 14:16:32,912:INFO: Epoch 11/40
2018-10-30 14:17:22,756:INFO: - Train metrics: accuracy: 0.928 ; loss: 0.178
2018-10-30 14:17:32,408:INFO: - Eval metrics : accuracy: 0.926 ; loss: 0.178
2018-10-30 14:17:32,460:INFO: - Found new best accuracy
2018-10-30 14:17:32,460:INFO: Epoch 12/40
2018-10-30 14:18:11,142:INFO: - Train metrics: accuracy: 0.924 ; loss: 0.185
2018-10-30 14:18:19,300:INFO: - Eval metrics : accuracy: 0.930 ; loss: 0.174
2018-10-30 14:18:19,330:INFO: - Found new best accuracy
2018-10-30 14:18:19,332:INFO: Epoch 13/40
2018-10-30 14:18:57,468:INFO: - Train metrics: accuracy: 0.930 ; loss: 0.172
2018-10-30 14:19:05,617:INFO: - Eval metrics : accuracy: 0.930 ; loss: 0.171
2018-10-30 14:19:05,668:INFO: - Found new best accuracy
2018-10-30 14:19:05,669:INFO: Epoch 14/40
2018-10-30 14:19:54,381:INFO: - Train metrics: accuracy: 0.929 ; loss: 0.174
2018-10-30 14:20:04,208:INFO: - Eval metrics : accuracy: 0.932 ; loss: 0.168
2018-10-30 14:20:04,249:INFO: - Found new best accuracy
2018-10-30 14:20:04,249:INFO: Epoch 15/40
2018-10-30 14:20:54,592:INFO: - Train metrics: accuracy: 0.934 ; loss: 0.170
2018-10-30 14:21:02,944:INFO: - Eval metrics : accuracy: 0.932 ; loss: 0.167
2018-10-30 14:21:02,980:INFO: - Found new best accuracy
2018-10-30 14:21:02,981:INFO: Epoch 16/40
2018-10-30 14:21:47,311:INFO: - Train metrics: accuracy: 0.928 ; loss: 0.170
2018-10-30 14:21:55,475:INFO: - Eval metrics : accuracy: 0.933 ; loss: 0.165
2018-10-30 14:21:55,514:INFO: - Found new best accuracy
2018-10-30 14:21:55,515:INFO: Epoch 17/40
2018-10-30 14:22:37,538:INFO: - Train metrics: accuracy: 0.930 ; loss: 0.167
2018-10-30 14:22:45,698:INFO: - Eval metrics : accuracy: 0.932 ; loss: 0.168
2018-10-30 14:22:45,741:INFO: Epoch 18/40
2018-10-30 14:23:27,256:INFO: - Train metrics: accuracy: 0.932 ; loss: 0.164
2018-10-30 14:23:36,866:INFO: - Eval metrics : accuracy: 0.935 ; loss: 0.162
2018-10-30 14:23:36,907:INFO: - Found new best accuracy
2018-10-30 14:23:36,907:INFO: Epoch 19/40
2018-10-30 14:24:23,396:INFO: - Train metrics: accuracy: 0.931 ; loss: 0.164
2018-10-30 14:24:31,590:INFO: - Eval metrics : accuracy: 0.934 ; loss: 0.163
2018-10-30 14:24:31,634:INFO: Epoch 20/40
2018-10-30 14:25:14,231:INFO: - Train metrics: accuracy: 0.932 ; loss: 0.165
2018-10-30 14:25:22,392:INFO: - Eval metrics : accuracy: 0.935 ; loss: 0.161
2018-10-30 14:25:22,445:INFO: - Found new best accuracy
2018-10-30 14:25:22,446:INFO: Epoch 21/40
2018-10-30 14:26:02,029:INFO: - Train metrics: accuracy: 0.930 ; loss: 0.164
2018-10-30 14:26:10,176:INFO: - Eval metrics : accuracy: 0.935 ; loss: 0.161
2018-10-30 14:26:10,205:INFO: - Found new best accuracy
2018-10-30 14:26:10,206:INFO: Epoch 22/40
2018-10-30 14:26:49,425:INFO: - Train metrics: accuracy: 0.930 ; loss: 0.163
2018-10-30 14:26:57,580:INFO: - Eval metrics : accuracy: 0.935 ; loss: 0.161
2018-10-30 14:26:57,619:INFO: Epoch 23/40
2018-10-30 14:27:36,212:INFO: - Train metrics: accuracy: 0.934 ; loss: 0.163
2018-10-30 14:27:44,074:INFO: - Eval metrics : accuracy: 0.936 ; loss: 0.161
2018-10-30 14:27:44,105:INFO: - Found new best accuracy
2018-10-30 14:27:44,106:INFO: Epoch 24/40
2018-10-30 14:28:23,938:INFO: - Train metrics: accuracy: 0.933 ; loss: 0.163
2018-10-30 14:28:32,108:INFO: - Eval metrics : accuracy: 0.934 ; loss: 0.161
2018-10-30 14:28:32,144:INFO: Epoch 25/40
2018-10-30 14:29:12,467:INFO: - Train metrics: accuracy: 0.935 ; loss: 0.162
2018-10-30 14:29:20,342:INFO: - Eval metrics : accuracy: 0.935 ; loss: 0.162
2018-10-30 14:29:20,381:INFO: Epoch 26/40
2018-10-30 14:30:00,307:INFO: - Train metrics: accuracy: 0.936 ; loss: 0.160
2018-10-30 14:30:08,474:INFO: - Eval metrics : accuracy: 0.934 ; loss: 0.162
2018-10-30 14:30:08,510:INFO: Epoch 27/40
2018-10-30 14:30:50,360:INFO: - Train metrics: accuracy: 0.936 ; loss: 0.160
2018-10-30 14:30:58,509:INFO: - Eval metrics : accuracy: 0.934 ; loss: 0.162
2018-10-30 14:30:58,551:INFO: Epoch 28/40
2018-10-30 14:31:41,330:INFO: - Train metrics: accuracy: 0.935 ; loss: 0.160
2018-10-30 14:31:49,469:INFO: - Eval metrics : accuracy: 0.934 ; loss: 0.162
2018-10-30 14:31:49,506:INFO: Epoch 29/40
2018-10-30 14:32:32,471:INFO: - Train metrics: accuracy: 0.933 ; loss: 0.160
2018-10-30 14:32:40,633:INFO: - Eval metrics : accuracy: 0.935 ; loss: 0.160
2018-10-30 14:32:40,683:INFO: Epoch 30/40
2018-10-30 14:33:23,957:INFO: - Train metrics: accuracy: 0.935 ; loss: 0.160
2018-10-30 14:33:32,815:INFO: - Eval metrics : accuracy: 0.936 ; loss: 0.160
2018-10-30 14:33:32,852:INFO: - Found new best accuracy
2018-10-30 14:33:32,853:INFO: Epoch 31/40
2018-10-30 14:34:15,406:INFO: - Train metrics: accuracy: 0.933 ; loss: 0.160
2018-10-30 14:34:23,540:INFO: - Eval metrics : accuracy: 0.936 ; loss: 0.159
2018-10-30 14:34:23,605:INFO: - Found new best accuracy
2018-10-30 14:34:23,605:INFO: Epoch 32/40
2018-10-30 14:35:06,221:INFO: - Train metrics: accuracy: 0.936 ; loss: 0.158
2018-10-30 14:35:15,052:INFO: - Eval metrics : accuracy: 0.936 ; loss: 0.159
2018-10-30 14:35:15,080:INFO: Epoch 33/40
2018-10-30 14:35:57,784:INFO: - Train metrics: accuracy: 0.934 ; loss: 0.158
2018-10-30 14:36:05,946:INFO: - Eval metrics : accuracy: 0.937 ; loss: 0.159
2018-10-30 14:36:05,974:INFO: - Found new best accuracy
2018-10-30 14:36:05,974:INFO: Epoch 34/40
2018-10-30 14:36:49,290:INFO: - Train metrics: accuracy: 0.935 ; loss: 0.157
2018-10-30 14:36:57,455:INFO: - Eval metrics : accuracy: 0.937 ; loss: 0.159
2018-10-30 14:36:57,460:INFO: - Found new best accuracy
2018-10-30 14:36:57,460:INFO: Epoch 35/40
2018-10-30 14:37:43,193:INFO: - Train metrics: accuracy: 0.936 ; loss: 0.156
2018-10-30 14:37:53,033:INFO: - Eval metrics : accuracy: 0.937 ; loss: 0.159
2018-10-30 14:37:53,074:INFO: Epoch 36/40
2018-10-30 14:38:35,717:INFO: - Train metrics: accuracy: 0.936 ; loss: 0.156
2018-10-30 14:38:43,891:INFO: - Eval metrics : accuracy: 0.937 ; loss: 0.159
2018-10-30 14:38:43,936:INFO: - Found new best accuracy
2018-10-30 14:38:43,937:INFO: Epoch 37/40
2018-10-30 14:39:24,052:INFO: - Train metrics: accuracy: 0.935 ; loss: 0.155
2018-10-30 14:39:32,209:INFO: - Eval metrics : accuracy: 0.937 ; loss: 0.159
2018-10-30 14:39:32,247:INFO: Epoch 38/40
2018-10-30 14:40:14,128:INFO: - Train metrics: accuracy: 0.934 ; loss: 0.155
2018-10-30 14:40:22,310:INFO: - Eval metrics : accuracy: 0.936 ; loss: 0.159
2018-10-30 14:40:22,349:INFO: Epoch 39/40
2018-10-30 14:41:04,337:INFO: - Train metrics: accuracy: 0.934 ; loss: 0.155
2018-10-30 14:41:12,491:INFO: - Eval metrics : accuracy: 0.937 ; loss: 0.159
2018-10-30 14:41:12,528:INFO: - Found new best accuracy
2018-10-30 14:41:12,528:INFO: Epoch 40/40
2018-10-30 14:41:54,945:INFO: - Train metrics: accuracy: 0.933 ; loss: 0.155
2018-10-30 14:42:03,121:INFO: - Eval metrics : accuracy: 0.937 ; loss: 0.159
2018-10-30 14:42:03,162:INFO: Total time (minutes) =35.232812921206154
