2018-10-29 18:30:58,475:INFO: Loading the dataset ...
2018-10-29 18:30:58,782:INFO: - done.
2018-10-29 18:31:00,420:INFO: Starting evaluation
2018-10-29 18:31:01,399:INFO: Labels=[0. 0. 1. 0. 0. 0. 0. 1. 0. 1.]
2018-10-29 18:31:01,400:INFO: Out prob=[6.65735279e-05 8.20807457e-01 9.16860402e-01 7.57418990e-01
 7.83407152e-01 4.55209447e-05 7.65889138e-03 6.61882102e-01
 3.96741182e-01 8.90849888e-01]
2018-10-29 18:31:01,400:INFO: ------------------------------------------------------------------------------------------------------------------------
2018-10-29 18:31:01,400:INFO: len labels after =15360
2018-10-29 18:31:01,400:INFO: len out_prob after15360
2018-10-29 18:31:01,400:INFO: length y_test=15360
2018-10-29 18:31:01,400:INFO: Lenght y_score=15360
2018-10-29 18:31:01,404:INFO: Length y_score 15360
2018-10-29 18:31:01,404:INFO: Length y_test 15360
2018-10-29 18:31:01,405:INFO: Thresholds[0:6] = 
 [0.97909433 0.97850275 0.97679514 0.97659212 0.97333944 0.97229397]
2018-10-29 18:31:01,405:INFO: Thresholds lenght = 
15354
2018-10-29 18:31:01,405:INFO: fpr lenght15354
2018-10-29 18:31:01,405:INFO: tpr lenght15354
2018-10-29 18:31:01,476:INFO: ------------------------------------------------------------------------------------------------------------------------
2018-10-29 18:31:01,482:INFO: roc_auc=0.8705655393908274
2018-10-29 18:31:01,482:INFO: ------------------------------------------------------------------------------------------------------------------------
2018-10-29 18:31:01,483:INFO: - Eval metrics : accuracy: 0.78841 ; loss: 0.43660
