2018-10-29 18:24:56,242:INFO: Loading the dataset ...
2018-10-29 18:24:56,476:INFO: - done.
2018-10-29 18:24:58,084:INFO: Starting evaluation
2018-10-29 18:24:59,006:INFO: Labels=[0. 0. 1. 0. 0. 0. 0. 1. 0. 1.]
2018-10-29 18:24:59,006:INFO: Out prob=[6.61547092e-05 8.02075326e-01 8.66502047e-01 7.47134686e-01
 7.10442305e-01 1.17558702e-04 1.22889616e-02 6.83828592e-01
 3.70298833e-01 8.75593901e-01]
2018-10-29 18:24:59,007:INFO: ------------------------------------------------------------------------------------------------------------------------
2018-10-29 18:24:59,007:INFO: len labels after =15872
2018-10-29 18:24:59,007:INFO: len out_prob after15872
2018-10-29 18:24:59,007:INFO: length y_test=15872
2018-10-29 18:24:59,007:INFO: Lenght y_score=15872
2018-10-29 18:24:59,010:INFO: Length y_score 15872
2018-10-29 18:24:59,010:INFO: Length y_test 15872
2018-10-29 18:24:59,010:INFO: Thresholds[0:6] = 
 [0.98148674 0.97994572 0.97460371 0.97459841 0.97446907 0.97392583]
2018-10-29 18:24:59,010:INFO: Thresholds lenght = 
15856
2018-10-29 18:24:59,010:INFO: fpr lenght15856
2018-10-29 18:24:59,010:INFO: tpr lenght15856
2018-10-29 18:24:59,058:INFO: ------------------------------------------------------------------------------------------------------------------------
2018-10-29 18:24:59,061:INFO: roc_auc=0.8690980798123902
2018-10-29 18:24:59,061:INFO: ------------------------------------------------------------------------------------------------------------------------
2018-10-29 18:24:59,062:INFO: - Eval metrics : accuracy: 0.78742 ; loss: 0.43804
