2018-10-29 18:22:03,081:INFO: search_hyperparam_sample_name=top_qcd_jets_antikt_kt__40000_Njets_512_batch
2018-10-29 18:22:03,082:INFO: ------------------------------------------------------------
2018-10-29 18:22:03,082:INFO: Loading the datasets...
2018-10-29 18:22:04,106:INFO: - done loading the datasets
2018-10-29 18:22:04,106:INFO: ------------------------------------------------------------
2018-10-29 18:22:05,659:INFO: Building optimizer...
2018-10-29 18:22:05,660:INFO: Starting training for 35 epoch(s)
2018-10-29 18:22:05,660:INFO: Epoch 1/35
2018-10-29 18:22:09,780:INFO: - Train metrics: accuracy: 0.535 ; loss: 1.852
2018-10-29 18:22:10,828:INFO: - Eval metrics : accuracy: 0.738 ; loss: 0.529
2018-10-29 18:22:10,838:INFO: - Found new best accuracy
2018-10-29 18:22:10,838:INFO: Epoch 2/35
2018-10-29 18:22:14,889:INFO: - Train metrics: accuracy: 0.742 ; loss: 0.518
2018-10-29 18:22:15,642:INFO: - Eval metrics : accuracy: 0.763 ; loss: 0.493
2018-10-29 18:22:15,677:INFO: - Found new best accuracy
2018-10-29 18:22:15,677:INFO: Epoch 3/35
2018-10-29 18:22:19,787:INFO: - Train metrics: accuracy: 0.748 ; loss: 0.482
2018-10-29 18:22:20,764:INFO: - Eval metrics : accuracy: 0.768 ; loss: 0.479
2018-10-29 18:22:20,825:INFO: - Found new best accuracy
2018-10-29 18:22:20,826:INFO: Epoch 4/35
2018-10-29 18:22:24,684:INFO: - Train metrics: accuracy: 0.770 ; loss: 0.467
2018-10-29 18:22:25,718:INFO: - Eval metrics : accuracy: 0.771 ; loss: 0.464
2018-10-29 18:22:25,754:INFO: - Found new best accuracy
2018-10-29 18:22:25,754:INFO: Epoch 5/35
2018-10-29 18:22:30,031:INFO: - Train metrics: accuracy: 0.779 ; loss: 0.451
2018-10-29 18:22:30,803:INFO: - Eval metrics : accuracy: 0.776 ; loss: 0.457
2018-10-29 18:22:30,861:INFO: - Found new best accuracy
2018-10-29 18:22:30,862:INFO: Epoch 6/35
2018-10-29 18:22:34,570:INFO: - Train metrics: accuracy: 0.783 ; loss: 0.449
2018-10-29 18:22:35,271:INFO: - Eval metrics : accuracy: 0.774 ; loss: 0.458
2018-10-29 18:22:35,298:INFO: Epoch 7/35
2018-10-29 18:22:39,154:INFO: - Train metrics: accuracy: 0.787 ; loss: 0.452
2018-10-29 18:22:40,084:INFO: - Eval metrics : accuracy: 0.782 ; loss: 0.445
2018-10-29 18:22:40,086:INFO: - Found new best accuracy
2018-10-29 18:22:40,087:INFO: Epoch 8/35
2018-10-29 18:22:44,112:INFO: - Train metrics: accuracy: 0.805 ; loss: 0.434
2018-10-29 18:22:44,884:INFO: - Eval metrics : accuracy: 0.781 ; loss: 0.445
2018-10-29 18:22:44,886:INFO: Epoch 9/35
2018-10-29 18:22:48,775:INFO: - Train metrics: accuracy: 0.797 ; loss: 0.436
2018-10-29 18:22:49,555:INFO: - Eval metrics : accuracy: 0.779 ; loss: 0.451
2018-10-29 18:22:49,593:INFO: Epoch 10/35
2018-10-29 18:22:53,543:INFO: - Train metrics: accuracy: 0.795 ; loss: 0.445
2018-10-29 18:22:54,396:INFO: - Eval metrics : accuracy: 0.783 ; loss: 0.440
2018-10-29 18:22:54,432:INFO: - Found new best accuracy
2018-10-29 18:22:54,432:INFO: Epoch 11/35
2018-10-29 18:22:58,524:INFO: - Train metrics: accuracy: 0.807 ; loss: 0.430
2018-10-29 18:22:59,381:INFO: - Eval metrics : accuracy: 0.786 ; loss: 0.437
2018-10-29 18:22:59,412:INFO: - Found new best accuracy
2018-10-29 18:22:59,412:INFO: Epoch 12/35
2018-10-29 18:23:03,605:INFO: - Train metrics: accuracy: 0.805 ; loss: 0.423
2018-10-29 18:23:04,455:INFO: - Eval metrics : accuracy: 0.786 ; loss: 0.436
2018-10-29 18:23:04,496:INFO: Epoch 13/35
2018-10-29 18:23:08,484:INFO: - Train metrics: accuracy: 0.801 ; loss: 0.422
2018-10-29 18:23:09,500:INFO: - Eval metrics : accuracy: 0.785 ; loss: 0.436
2018-10-29 18:23:09,535:INFO: Epoch 14/35
2018-10-29 18:23:13,450:INFO: - Train metrics: accuracy: 0.805 ; loss: 0.422
2018-10-29 18:23:14,291:INFO: - Eval metrics : accuracy: 0.785 ; loss: 0.435
2018-10-29 18:23:14,328:INFO: Epoch 15/35
2018-10-29 18:23:18,033:INFO: - Train metrics: accuracy: 0.803 ; loss: 0.421
2018-10-29 18:23:18,885:INFO: - Eval metrics : accuracy: 0.786 ; loss: 0.434
2018-10-29 18:23:18,913:INFO: Epoch 16/35
2018-10-29 18:23:22,697:INFO: - Train metrics: accuracy: 0.801 ; loss: 0.420
2018-10-29 18:23:23,442:INFO: - Eval metrics : accuracy: 0.787 ; loss: 0.434
2018-10-29 18:23:23,481:INFO: - Found new best accuracy
2018-10-29 18:23:23,482:INFO: Epoch 17/35
2018-10-29 18:23:27,820:INFO: - Train metrics: accuracy: 0.805 ; loss: 0.419
2018-10-29 18:23:28,749:INFO: - Eval metrics : accuracy: 0.787 ; loss: 0.434
2018-10-29 18:23:28,786:INFO: - Found new best accuracy
2018-10-29 18:23:28,787:INFO: Epoch 18/35
2018-10-29 18:23:32,414:INFO: - Train metrics: accuracy: 0.805 ; loss: 0.418
2018-10-29 18:23:33,411:INFO: - Eval metrics : accuracy: 0.787 ; loss: 0.434
2018-10-29 18:23:33,450:INFO: - Found new best accuracy
2018-10-29 18:23:33,451:INFO: Epoch 19/35
2018-10-29 18:23:37,332:INFO: - Train metrics: accuracy: 0.805 ; loss: 0.418
2018-10-29 18:23:38,213:INFO: - Eval metrics : accuracy: 0.787 ; loss: 0.434
2018-10-29 18:23:38,251:INFO: - Found new best accuracy
2018-10-29 18:23:38,252:INFO: Epoch 20/35
2018-10-29 18:23:41,949:INFO: - Train metrics: accuracy: 0.805 ; loss: 0.418
2018-10-29 18:23:42,686:INFO: - Eval metrics : accuracy: 0.788 ; loss: 0.434
2018-10-29 18:23:42,723:INFO: - Found new best accuracy
2018-10-29 18:23:42,724:INFO: Epoch 21/35
2018-10-29 18:23:46,784:INFO: - Train metrics: accuracy: 0.805 ; loss: 0.418
2018-10-29 18:23:47,634:INFO: - Eval metrics : accuracy: 0.788 ; loss: 0.434
2018-10-29 18:23:47,670:INFO: Epoch 22/35
2018-10-29 18:23:51,613:INFO: - Train metrics: accuracy: 0.805 ; loss: 0.418
2018-10-29 18:23:52,440:INFO: - Eval metrics : accuracy: 0.788 ; loss: 0.433
2018-10-29 18:23:52,484:INFO: - Found new best accuracy
2018-10-29 18:23:52,484:INFO: Epoch 23/35
2018-10-29 18:23:56,337:INFO: - Train metrics: accuracy: 0.805 ; loss: 0.418
2018-10-29 18:23:57,083:INFO: - Eval metrics : accuracy: 0.788 ; loss: 0.433
2018-10-29 18:23:57,123:INFO: - Found new best accuracy
2018-10-29 18:23:57,124:INFO: Epoch 24/35
2018-10-29 18:24:01,020:INFO: - Train metrics: accuracy: 0.805 ; loss: 0.418
2018-10-29 18:24:01,670:INFO: - Eval metrics : accuracy: 0.788 ; loss: 0.433
2018-10-29 18:24:01,699:INFO: - Found new best accuracy
2018-10-29 18:24:01,700:INFO: Epoch 25/35
2018-10-29 18:24:05,403:INFO: - Train metrics: accuracy: 0.805 ; loss: 0.418
2018-10-29 18:24:06,142:INFO: - Eval metrics : accuracy: 0.788 ; loss: 0.433
2018-10-29 18:24:06,180:INFO: - Found new best accuracy
2018-10-29 18:24:06,181:INFO: Epoch 26/35
2018-10-29 18:24:10,163:INFO: - Train metrics: accuracy: 0.805 ; loss: 0.418
2018-10-29 18:24:11,150:INFO: - Eval metrics : accuracy: 0.788 ; loss: 0.433
2018-10-29 18:24:11,185:INFO: Epoch 27/35
2018-10-29 18:24:15,156:INFO: - Train metrics: accuracy: 0.805 ; loss: 0.418
2018-10-29 18:24:15,984:INFO: - Eval metrics : accuracy: 0.788 ; loss: 0.433
2018-10-29 18:24:16,032:INFO: Epoch 28/35
2018-10-29 18:24:19,978:INFO: - Train metrics: accuracy: 0.805 ; loss: 0.418
2018-10-29 18:24:20,806:INFO: - Eval metrics : accuracy: 0.788 ; loss: 0.433
2018-10-29 18:24:20,808:INFO: Epoch 29/35
2018-10-29 18:24:24,786:INFO: - Train metrics: accuracy: 0.807 ; loss: 0.417
2018-10-29 18:24:25,528:INFO: - Eval metrics : accuracy: 0.788 ; loss: 0.433
2018-10-29 18:24:25,568:INFO: Epoch 30/35
2018-10-29 18:24:29,651:INFO: - Train metrics: accuracy: 0.807 ; loss: 0.417
2018-10-29 18:24:30,400:INFO: - Eval metrics : accuracy: 0.788 ; loss: 0.433
2018-10-29 18:24:30,435:INFO: Epoch 31/35
2018-10-29 18:24:34,291:INFO: - Train metrics: accuracy: 0.807 ; loss: 0.417
2018-10-29 18:24:35,026:INFO: - Eval metrics : accuracy: 0.788 ; loss: 0.433
2018-10-29 18:24:35,066:INFO: Epoch 32/35
2018-10-29 18:24:39,082:INFO: - Train metrics: accuracy: 0.807 ; loss: 0.417
2018-10-29 18:24:39,908:INFO: - Eval metrics : accuracy: 0.788 ; loss: 0.433
2018-10-29 18:24:39,910:INFO: Epoch 33/35
2018-10-29 18:24:43,835:INFO: - Train metrics: accuracy: 0.807 ; loss: 0.417
2018-10-29 18:24:44,678:INFO: - Eval metrics : accuracy: 0.788 ; loss: 0.433
2018-10-29 18:24:44,718:INFO: Epoch 34/35
2018-10-29 18:24:48,887:INFO: - Train metrics: accuracy: 0.807 ; loss: 0.417
2018-10-29 18:24:49,633:INFO: - Eval metrics : accuracy: 0.788 ; loss: 0.433
2018-10-29 18:24:49,685:INFO: Epoch 35/35
2018-10-29 18:24:53,586:INFO: - Train metrics: accuracy: 0.807 ; loss: 0.417
2018-10-29 18:24:54,416:INFO: - Eval metrics : accuracy: 0.788 ; loss: 0.433
2018-10-29 18:24:54,454:INFO: Total time (minutes) =2.8562079826990763
