2018-10-30 14:16:20,453:INFO: Loading the dataset ...
2018-10-30 14:16:22,549:INFO: - done.
2018-10-30 14:16:24,523:INFO: Starting evaluation
2018-10-30 14:16:29,665:INFO: Labels=[1. 0. 0. 0. 1. 0. 0. 1. 1. 0.]
2018-10-30 14:16:29,665:INFO: Out prob=[9.98387456e-01 3.70589674e-01 4.67327952e-01 4.24535028e-05
 9.38344479e-01 9.81457770e-01 0.00000000e+00 9.99886274e-01
 9.96172249e-01 9.21146758e-03]
2018-10-30 14:16:29,665:INFO: ------------------------------------------------------------------------------------------------------------------------
2018-10-30 14:16:29,666:INFO: len labels after =32000
2018-10-30 14:16:29,666:INFO: len out_prob after32000
2018-10-30 14:16:29,666:INFO: length y_test=32000
2018-10-30 14:16:29,666:INFO: Lenght y_score=32000
2018-10-30 14:16:29,672:INFO: Length y_score 32000
2018-10-30 14:16:29,672:INFO: Length y_test 32000
2018-10-30 14:16:29,672:INFO: Thresholds[0:6] = 
 [0.99999821 0.99999082 0.99998367 0.99997711 0.9999733  0.99997199]
2018-10-30 14:16:29,672:INFO: Thresholds lenght = 
31507
2018-10-30 14:16:29,672:INFO: fpr lenght31507
2018-10-30 14:16:29,672:INFO: tpr lenght31507
2018-10-30 14:16:29,821:INFO: ------------------------------------------------------------------------------------------------------------------------
2018-10-30 14:16:29,828:INFO: roc_auc=0.9795772577327237
2018-10-30 14:16:29,828:INFO: ------------------------------------------------------------------------------------------------------------------------
2018-10-30 14:16:29,829:INFO: - Eval metrics : accuracy: 0.92728 ; loss: 0.18017
