2018-10-30 13:57:48,161:INFO: search_hyperparam_sample_name=top_qcd_jets_antikt_kt__80000_Njets_128_batch
2018-10-30 13:57:48,162:INFO: ------------------------------------------------------------
2018-10-30 13:57:48,162:INFO: Loading the datasets...
2018-10-30 13:57:55,335:INFO: - done loading the datasets
2018-10-30 13:57:55,335:INFO: ------------------------------------------------------------
2018-10-30 13:57:57,655:INFO: Building optimizer...
2018-10-30 13:57:57,655:INFO: Starting training for 40 epoch(s)
2018-10-30 13:57:57,655:INFO: Epoch 1/40
2018-10-30 13:58:19,925:INFO: - Train metrics: accuracy: 0.740 ; loss: 0.520
2018-10-30 13:58:24,830:INFO: - Eval metrics : accuracy: 0.768 ; loss: 0.464
2018-10-30 13:58:24,840:INFO: - Found new best accuracy
2018-10-30 13:58:24,841:INFO: Epoch 2/40
2018-10-30 13:58:49,239:INFO: - Train metrics: accuracy: 0.805 ; loss: 0.426
2018-10-30 13:58:53,579:INFO: - Eval metrics : accuracy: 0.791 ; loss: 0.433
2018-10-30 13:58:53,621:INFO: - Found new best accuracy
2018-10-30 13:58:53,621:INFO: Epoch 3/40
2018-10-30 13:59:19,063:INFO: - Train metrics: accuracy: 0.802 ; loss: 0.421
2018-10-30 13:59:24,129:INFO: - Eval metrics : accuracy: 0.789 ; loss: 0.440
2018-10-30 13:59:24,161:INFO: Epoch 4/40
2018-10-30 13:59:45,309:INFO: - Train metrics: accuracy: 0.811 ; loss: 0.426
2018-10-30 13:59:49,704:INFO: - Eval metrics : accuracy: 0.796 ; loss: 0.426
2018-10-30 13:59:49,708:INFO: - Found new best accuracy
2018-10-30 13:59:49,708:INFO: Epoch 5/40
2018-10-30 14:00:15,045:INFO: - Train metrics: accuracy: 0.810 ; loss: 0.406
2018-10-30 14:00:20,070:INFO: - Eval metrics : accuracy: 0.808 ; loss: 0.409
2018-10-30 14:00:20,114:INFO: - Found new best accuracy
2018-10-30 14:00:20,115:INFO: Epoch 6/40
2018-10-30 14:00:45,076:INFO: - Train metrics: accuracy: 0.816 ; loss: 0.392
2018-10-30 14:00:50,055:INFO: - Eval metrics : accuracy: 0.814 ; loss: 0.401
2018-10-30 14:00:50,099:INFO: - Found new best accuracy
2018-10-30 14:00:50,100:INFO: Epoch 7/40
2018-10-30 14:01:15,099:INFO: - Train metrics: accuracy: 0.820 ; loss: 0.375
2018-10-30 14:01:19,511:INFO: - Eval metrics : accuracy: 0.819 ; loss: 0.392
2018-10-30 14:01:19,549:INFO: - Found new best accuracy
2018-10-30 14:01:19,550:INFO: Epoch 8/40
2018-10-30 14:01:40,034:INFO: - Train metrics: accuracy: 0.845 ; loss: 0.349
2018-10-30 14:01:44,297:INFO: - Eval metrics : accuracy: 0.842 ; loss: 0.343
2018-10-30 14:01:44,334:INFO: - Found new best accuracy
2018-10-30 14:01:44,335:INFO: Epoch 9/40
2018-10-30 14:02:04,870:INFO: - Train metrics: accuracy: 0.889 ; loss: 0.260
2018-10-30 14:02:09,140:INFO: - Eval metrics : accuracy: 0.899 ; loss: 0.240
2018-10-30 14:02:09,177:INFO: - Found new best accuracy
2018-10-30 14:02:09,178:INFO: Epoch 10/40
2018-10-30 14:02:34,300:INFO: - Train metrics: accuracy: 0.904 ; loss: 0.238
2018-10-30 14:02:39,290:INFO: - Eval metrics : accuracy: 0.903 ; loss: 0.229
2018-10-30 14:02:39,342:INFO: - Found new best accuracy
2018-10-30 14:02:39,343:INFO: Epoch 11/40
2018-10-30 14:03:03,139:INFO: - Train metrics: accuracy: 0.915 ; loss: 0.210
2018-10-30 14:03:07,400:INFO: - Eval metrics : accuracy: 0.908 ; loss: 0.221
2018-10-30 14:03:07,441:INFO: - Found new best accuracy
2018-10-30 14:03:07,442:INFO: Epoch 12/40
2018-10-30 14:03:30,428:INFO: - Train metrics: accuracy: 0.913 ; loss: 0.207
2018-10-30 14:03:34,678:INFO: - Eval metrics : accuracy: 0.913 ; loss: 0.208
2018-10-30 14:03:34,716:INFO: - Found new best accuracy
2018-10-30 14:03:34,717:INFO: Epoch 13/40
2018-10-30 14:03:54,452:INFO: - Train metrics: accuracy: 0.922 ; loss: 0.192
2018-10-30 14:03:58,563:INFO: - Eval metrics : accuracy: 0.911 ; loss: 0.212
2018-10-30 14:03:58,600:INFO: Epoch 14/40
2018-10-30 14:04:23,614:INFO: - Train metrics: accuracy: 0.927 ; loss: 0.194
2018-10-30 14:04:28,616:INFO: - Eval metrics : accuracy: 0.919 ; loss: 0.199
2018-10-30 14:04:28,620:INFO: - Found new best accuracy
2018-10-30 14:04:28,621:INFO: Epoch 15/40
2018-10-30 14:04:52,306:INFO: - Train metrics: accuracy: 0.923 ; loss: 0.184
2018-10-30 14:04:57,440:INFO: - Eval metrics : accuracy: 0.918 ; loss: 0.200
2018-10-30 14:04:57,481:INFO: Epoch 16/40
2018-10-30 14:05:17,041:INFO: - Train metrics: accuracy: 0.922 ; loss: 0.181
2018-10-30 14:05:21,305:INFO: - Eval metrics : accuracy: 0.921 ; loss: 0.195
2018-10-30 14:05:21,342:INFO: - Found new best accuracy
2018-10-30 14:05:21,343:INFO: Epoch 17/40
2018-10-30 14:05:40,279:INFO: - Train metrics: accuracy: 0.927 ; loss: 0.172
2018-10-30 14:05:44,474:INFO: - Eval metrics : accuracy: 0.923 ; loss: 0.189
2018-10-30 14:05:44,511:INFO: - Found new best accuracy
2018-10-30 14:05:44,512:INFO: Epoch 18/40
2018-10-30 14:06:04,390:INFO: - Train metrics: accuracy: 0.924 ; loss: 0.170
2018-10-30 14:06:08,676:INFO: - Eval metrics : accuracy: 0.922 ; loss: 0.190
2018-10-30 14:06:08,712:INFO: Epoch 19/40
2018-10-30 14:06:28,715:INFO: - Train metrics: accuracy: 0.930 ; loss: 0.167
2018-10-30 14:06:32,963:INFO: - Eval metrics : accuracy: 0.924 ; loss: 0.187
2018-10-30 14:06:32,998:INFO: - Found new best accuracy
2018-10-30 14:06:32,999:INFO: Epoch 20/40
2018-10-30 14:06:53,422:INFO: - Train metrics: accuracy: 0.931 ; loss: 0.166
2018-10-30 14:06:57,603:INFO: - Eval metrics : accuracy: 0.926 ; loss: 0.186
2018-10-30 14:06:57,641:INFO: - Found new best accuracy
2018-10-30 14:06:57,641:INFO: Epoch 21/40
2018-10-30 14:07:19,395:INFO: - Train metrics: accuracy: 0.932 ; loss: 0.159
2018-10-30 14:07:23,888:INFO: - Eval metrics : accuracy: 0.926 ; loss: 0.186
2018-10-30 14:07:23,926:INFO: - Found new best accuracy
2018-10-30 14:07:23,926:INFO: Epoch 22/40
2018-10-30 14:07:45,393:INFO: - Train metrics: accuracy: 0.934 ; loss: 0.155
2018-10-30 14:07:49,837:INFO: - Eval metrics : accuracy: 0.926 ; loss: 0.185
2018-10-30 14:07:49,868:INFO: - Found new best accuracy
2018-10-30 14:07:49,869:INFO: Epoch 23/40
2018-10-30 14:08:13,823:INFO: - Train metrics: accuracy: 0.934 ; loss: 0.156
2018-10-30 14:08:18,298:INFO: - Eval metrics : accuracy: 0.926 ; loss: 0.184
2018-10-30 14:08:18,325:INFO: - Found new best accuracy
2018-10-30 14:08:18,326:INFO: Epoch 24/40
2018-10-30 14:08:41,859:INFO: - Train metrics: accuracy: 0.932 ; loss: 0.154
2018-10-30 14:08:46,121:INFO: - Eval metrics : accuracy: 0.927 ; loss: 0.184
2018-10-30 14:08:46,158:INFO: - Found new best accuracy
2018-10-30 14:08:46,160:INFO: Epoch 25/40
2018-10-30 14:09:10,691:INFO: - Train metrics: accuracy: 0.936 ; loss: 0.152
2018-10-30 14:09:14,940:INFO: - Eval metrics : accuracy: 0.927 ; loss: 0.185
2018-10-30 14:09:14,944:INFO: Epoch 26/40
2018-10-30 14:09:40,484:INFO: - Train metrics: accuracy: 0.939 ; loss: 0.152
2018-10-30 14:09:44,745:INFO: - Eval metrics : accuracy: 0.927 ; loss: 0.185
2018-10-30 14:09:44,781:INFO: - Found new best accuracy
2018-10-30 14:09:44,781:INFO: Epoch 27/40
2018-10-30 14:10:08,934:INFO: - Train metrics: accuracy: 0.939 ; loss: 0.148
2018-10-30 14:10:13,212:INFO: - Eval metrics : accuracy: 0.927 ; loss: 0.185
2018-10-30 14:10:13,255:INFO: - Found new best accuracy
2018-10-30 14:10:13,256:INFO: Epoch 28/40
2018-10-30 14:10:38,153:INFO: - Train metrics: accuracy: 0.939 ; loss: 0.146
2018-10-30 14:10:43,293:INFO: - Eval metrics : accuracy: 0.928 ; loss: 0.184
2018-10-30 14:10:43,336:INFO: - Found new best accuracy
2018-10-30 14:10:43,337:INFO: Epoch 29/40
2018-10-30 14:11:06,750:INFO: - Train metrics: accuracy: 0.943 ; loss: 0.144
2018-10-30 14:11:11,033:INFO: - Eval metrics : accuracy: 0.928 ; loss: 0.184
2018-10-30 14:11:11,076:INFO: Epoch 30/40
2018-10-30 14:11:33,193:INFO: - Train metrics: accuracy: 0.944 ; loss: 0.142
2018-10-30 14:11:38,169:INFO: - Eval metrics : accuracy: 0.927 ; loss: 0.184
2018-10-30 14:11:38,209:INFO: Epoch 31/40
2018-10-30 14:12:01,803:INFO: - Train metrics: accuracy: 0.940 ; loss: 0.140
2018-10-30 14:12:06,750:INFO: - Eval metrics : accuracy: 0.928 ; loss: 0.184
2018-10-30 14:12:06,793:INFO: - Found new best accuracy
2018-10-30 14:12:06,795:INFO: Epoch 32/40
2018-10-30 14:12:29,331:INFO: - Train metrics: accuracy: 0.943 ; loss: 0.140
2018-10-30 14:12:34,294:INFO: - Eval metrics : accuracy: 0.928 ; loss: 0.184
2018-10-30 14:12:34,329:INFO: - Found new best accuracy
2018-10-30 14:12:34,329:INFO: Epoch 33/40
2018-10-30 14:12:56,028:INFO: - Train metrics: accuracy: 0.940 ; loss: 0.139
2018-10-30 14:13:00,977:INFO: - Eval metrics : accuracy: 0.928 ; loss: 0.183
2018-10-30 14:13:00,981:INFO: Epoch 34/40
2018-10-30 14:13:25,020:INFO: - Train metrics: accuracy: 0.939 ; loss: 0.138
2018-10-30 14:13:29,283:INFO: - Eval metrics : accuracy: 0.928 ; loss: 0.183
2018-10-30 14:13:29,324:INFO: Epoch 35/40
2018-10-30 14:13:52,775:INFO: - Train metrics: accuracy: 0.939 ; loss: 0.137
2018-10-30 14:13:57,022:INFO: - Eval metrics : accuracy: 0.928 ; loss: 0.183
2018-10-30 14:13:57,065:INFO: Epoch 36/40
2018-10-30 14:14:22,337:INFO: - Train metrics: accuracy: 0.939 ; loss: 0.137
2018-10-30 14:14:26,585:INFO: - Eval metrics : accuracy: 0.928 ; loss: 0.183
2018-10-30 14:14:26,589:INFO: Epoch 37/40
2018-10-30 14:14:51,593:INFO: - Train metrics: accuracy: 0.939 ; loss: 0.137
2018-10-30 14:14:56,007:INFO: - Eval metrics : accuracy: 0.928 ; loss: 0.183
2018-10-30 14:14:56,046:INFO: Epoch 38/40
2018-10-30 14:15:17,136:INFO: - Train metrics: accuracy: 0.939 ; loss: 0.135
2018-10-30 14:15:21,589:INFO: - Eval metrics : accuracy: 0.928 ; loss: 0.183
2018-10-30 14:15:21,622:INFO: Epoch 39/40
2018-10-30 14:15:46,768:INFO: - Train metrics: accuracy: 0.940 ; loss: 0.135
2018-10-30 14:15:51,236:INFO: - Eval metrics : accuracy: 0.928 ; loss: 0.183
2018-10-30 14:15:51,276:INFO: Epoch 40/40
2018-10-30 14:16:13,469:INFO: - Train metrics: accuracy: 0.940 ; loss: 0.134
2018-10-30 14:16:18,465:INFO: - Eval metrics : accuracy: 0.928 ; loss: 0.183
2018-10-30 14:16:18,504:INFO: Total time (minutes) =18.505706306298574
