2018-10-29 17:31:49,934:INFO: Loading the dataset ...
2018-10-29 17:31:50,279:INFO: - done.
2018-10-29 17:31:51,841:INFO: Starting evaluation
2018-10-29 17:31:54,406:INFO: Labels=[0. 0. 1. 0. 0. 0. 0. 1. 0. 1.]
2018-10-29 17:31:54,407:INFO: Out prob=[1.18157033e-04 9.18686092e-01 8.60869884e-01 7.99026251e-01
 7.06663847e-01 3.81521932e-05 4.40467708e-03 6.78323805e-01
 2.89105475e-01 9.03110325e-01]
2018-10-29 17:31:54,407:INFO: ------------------------------------------------------------------------------------------------------------------------
2018-10-29 17:31:54,407:INFO: len labels after =16000
2018-10-29 17:31:54,407:INFO: len out_prob after16000
2018-10-29 17:31:54,407:INFO: length y_test=16000
2018-10-29 17:31:54,407:INFO: Lenght y_score=16000
2018-10-29 17:31:54,410:INFO: Length y_score 16000
2018-10-29 17:31:54,410:INFO: Length y_test 16000
2018-10-29 17:31:54,410:INFO: Thresholds[0:6] = 
 [0.98470193 0.98220265 0.98153287 0.98083383 0.98062772 0.98049623]
2018-10-29 17:31:54,410:INFO: Thresholds lenght = 
15988
2018-10-29 17:31:54,410:INFO: fpr lenght15988
2018-10-29 17:31:54,410:INFO: tpr lenght15988
2018-10-29 17:31:54,458:INFO: ------------------------------------------------------------------------------------------------------------------------
2018-10-29 17:31:54,462:INFO: roc_auc=0.8748084355438818
2018-10-29 17:31:54,462:INFO: ------------------------------------------------------------------------------------------------------------------------
2018-10-29 17:31:54,463:INFO: - Eval metrics : accuracy: 0.79244 ; loss: 0.42916
