2018-10-29 18:27:53,667:INFO: Loading the dataset ...
2018-10-29 18:27:54,036:INFO: - done.
2018-10-29 18:27:55,745:INFO: Starting evaluation
2018-10-29 18:28:00,725:INFO: Labels=[0. 0. 1. 0. 0. 0. 0. 1. 0. 1.]
2018-10-29 18:28:00,726:INFO: Out prob=[3.06778456e-05 5.49201965e-01 9.04083431e-01 5.67746878e-01
 3.53583038e-01 3.61774033e-13 4.29772699e-05 8.67513001e-01
 6.42264485e-02 9.35547173e-01]
2018-10-29 18:28:00,726:INFO: ------------------------------------------------------------------------------------------------------------------------
2018-10-29 18:28:00,726:INFO: len labels after =16000
2018-10-29 18:28:00,726:INFO: len out_prob after16000
2018-10-29 18:28:00,726:INFO: length y_test=16000
2018-10-29 18:28:00,726:INFO: Lenght y_score=16000
2018-10-29 18:28:00,730:INFO: Length y_score 16000
2018-10-29 18:28:00,731:INFO: Length y_test 16000
2018-10-29 18:28:00,731:INFO: Thresholds[0:6] = 
 [0.98876244 0.98758823 0.98754323 0.98562235 0.98451394 0.98357302]
2018-10-29 18:28:00,731:INFO: Thresholds lenght = 
15986
2018-10-29 18:28:00,731:INFO: fpr lenght15986
2018-10-29 18:28:00,731:INFO: tpr lenght15986
2018-10-29 18:28:00,871:INFO: ------------------------------------------------------------------------------------------------------------------------
2018-10-29 18:28:00,877:INFO: roc_auc=0.9066495219788989
2018-10-29 18:28:00,877:INFO: ------------------------------------------------------------------------------------------------------------------------
2018-10-29 18:28:00,878:INFO: - Eval metrics : accuracy: 0.82194 ; loss: 0.38014
