2018-10-29 16:29:59,821:INFO: Loading the dataset ...
2018-10-29 16:30:00,184:INFO: - done.
2018-10-29 16:30:01,933:INFO: Starting evaluation
2018-10-29 16:30:06,884:INFO: Labels=[0. 0. 1. 0. 0. 0. 0. 1. 0. 1.]
2018-10-29 16:30:06,884:INFO: Out prob=[1.26372481e-06 6.95902765e-01 8.94166410e-01 8.98945987e-01
 7.74096847e-01 6.90844881e-11 1.48209846e-02 6.99309945e-01
 3.18617672e-02 9.27485764e-01]
2018-10-29 16:30:06,884:INFO: ------------------------------------------------------------------------------------------------------------------------
2018-10-29 16:30:06,884:INFO: len labels after =16000
2018-10-29 16:30:06,885:INFO: len out_prob after16000
2018-10-29 16:30:06,885:INFO: length y_test=16000
2018-10-29 16:30:06,885:INFO: Lenght y_score=16000
2018-10-29 16:30:06,889:INFO: Length y_score 16000
2018-10-29 16:30:06,889:INFO: Length y_test 16000
2018-10-29 16:30:06,889:INFO: Thresholds[0:6] = 
 [0.98085952 0.97519231 0.97257566 0.96857029 0.96828806 0.96385163]
2018-10-29 16:30:06,890:INFO: Thresholds lenght = 
15989
2018-10-29 16:30:06,890:INFO: fpr lenght15989
2018-10-29 16:30:06,890:INFO: tpr lenght15989
2018-10-29 16:30:07,018:INFO: ------------------------------------------------------------------------------------------------------------------------
2018-10-29 16:30:07,023:INFO: roc_auc=0.8759792089996751
2018-10-29 16:30:07,023:INFO: ------------------------------------------------------------------------------------------------------------------------
2018-10-29 16:30:07,024:INFO: - Eval metrics : accuracy: 0.79150 ; loss: 0.42746
