2018-10-29 16:18:07,728:INFO: search_hyperparam_sample_name=top_qcd_jets_antikt_kt__40000_Njets_64_batch
2018-10-29 16:18:07,729:INFO: ------------------------------------------------------------
2018-10-29 16:18:07,729:INFO: Loading the datasets...
2018-10-29 16:18:09,018:INFO: - done loading the datasets
2018-10-29 16:18:09,019:INFO: ------------------------------------------------------------
2018-10-29 16:18:10,657:INFO: Building optimizer...
2018-10-29 16:18:10,658:INFO: Starting training for 30 epoch(s)
2018-10-29 16:18:10,658:INFO: Epoch 1/30
2018-10-29 16:18:30,877:INFO: - Train metrics: accuracy: 0.732 ; loss: 0.741
2018-10-29 16:18:35,682:INFO: - Eval metrics : accuracy: 0.763 ; loss: 0.476
2018-10-29 16:18:35,696:INFO: - Found new best accuracy
2018-10-29 16:18:35,696:INFO: Epoch 2/30
2018-10-29 16:18:58,717:INFO: - Train metrics: accuracy: 0.773 ; loss: 0.471
2018-10-29 16:19:03,474:INFO: - Eval metrics : accuracy: 0.764 ; loss: 0.479
2018-10-29 16:19:03,516:INFO: - Found new best accuracy
2018-10-29 16:19:03,517:INFO: Epoch 3/30
2018-10-29 16:19:23,798:INFO: - Train metrics: accuracy: 0.779 ; loss: 0.456
2018-10-29 16:19:27,622:INFO: - Eval metrics : accuracy: 0.770 ; loss: 0.459
2018-10-29 16:19:27,666:INFO: - Found new best accuracy
2018-10-29 16:19:27,667:INFO: Epoch 4/30
2018-10-29 16:19:47,304:INFO: - Train metrics: accuracy: 0.794 ; loss: 0.432
2018-10-29 16:19:51,085:INFO: - Eval metrics : accuracy: 0.782 ; loss: 0.446
2018-10-29 16:19:51,127:INFO: - Found new best accuracy
2018-10-29 16:19:51,128:INFO: Epoch 5/30
2018-10-29 16:20:09,155:INFO: - Train metrics: accuracy: 0.799 ; loss: 0.415
2018-10-29 16:20:12,940:INFO: - Eval metrics : accuracy: 0.785 ; loss: 0.441
2018-10-29 16:20:12,981:INFO: - Found new best accuracy
2018-10-29 16:20:12,981:INFO: Epoch 6/30
2018-10-29 16:20:33,332:INFO: - Train metrics: accuracy: 0.802 ; loss: 0.406
2018-10-29 16:20:37,239:INFO: - Eval metrics : accuracy: 0.786 ; loss: 0.441
2018-10-29 16:20:37,273:INFO: - Found new best accuracy
2018-10-29 16:20:37,275:INFO: Epoch 7/30
2018-10-29 16:20:56,923:INFO: - Train metrics: accuracy: 0.797 ; loss: 0.406
2018-10-29 16:21:00,694:INFO: - Eval metrics : accuracy: 0.792 ; loss: 0.433
2018-10-29 16:21:00,697:INFO: - Found new best accuracy
2018-10-29 16:21:00,697:INFO: Epoch 8/30
2018-10-29 16:21:18,634:INFO: - Train metrics: accuracy: 0.797 ; loss: 0.395
2018-10-29 16:21:22,412:INFO: - Eval metrics : accuracy: 0.795 ; loss: 0.428
2018-10-29 16:21:22,449:INFO: - Found new best accuracy
2018-10-29 16:21:22,450:INFO: Epoch 9/30
2018-10-29 16:21:40,745:INFO: - Train metrics: accuracy: 0.802 ; loss: 0.385
2018-10-29 16:21:44,523:INFO: - Eval metrics : accuracy: 0.795 ; loss: 0.426
2018-10-29 16:21:44,558:INFO: - Found new best accuracy
2018-10-29 16:21:44,559:INFO: Epoch 10/30
2018-10-29 16:22:02,482:INFO: - Train metrics: accuracy: 0.810 ; loss: 0.378
2018-10-29 16:22:06,261:INFO: - Eval metrics : accuracy: 0.795 ; loss: 0.426
2018-10-29 16:22:06,297:INFO: Epoch 11/30
2018-10-29 16:22:25,498:INFO: - Train metrics: accuracy: 0.815 ; loss: 0.374
2018-10-29 16:22:29,274:INFO: - Eval metrics : accuracy: 0.797 ; loss: 0.423
2018-10-29 16:22:29,316:INFO: - Found new best accuracy
2018-10-29 16:22:29,317:INFO: Epoch 12/30
2018-10-29 16:22:47,870:INFO: - Train metrics: accuracy: 0.818 ; loss: 0.371
2018-10-29 16:22:51,645:INFO: - Eval metrics : accuracy: 0.801 ; loss: 0.421
2018-10-29 16:22:51,676:INFO: - Found new best accuracy
2018-10-29 16:22:51,676:INFO: Epoch 13/30
2018-10-29 16:23:10,765:INFO: - Train metrics: accuracy: 0.810 ; loss: 0.371
2018-10-29 16:23:14,542:INFO: - Eval metrics : accuracy: 0.801 ; loss: 0.420
2018-10-29 16:23:14,572:INFO: - Found new best accuracy
2018-10-29 16:23:14,572:INFO: Epoch 14/30
2018-10-29 16:23:35,370:INFO: - Train metrics: accuracy: 0.812 ; loss: 0.373
2018-10-29 16:23:39,145:INFO: - Eval metrics : accuracy: 0.801 ; loss: 0.420
2018-10-29 16:23:39,181:INFO: Epoch 15/30
2018-10-29 16:23:57,815:INFO: - Train metrics: accuracy: 0.815 ; loss: 0.374
2018-10-29 16:24:01,599:INFO: - Eval metrics : accuracy: 0.801 ; loss: 0.420
2018-10-29 16:24:01,601:INFO: Epoch 16/30
2018-10-29 16:24:21,241:INFO: - Train metrics: accuracy: 0.815 ; loss: 0.374
2018-10-29 16:24:25,031:INFO: - Eval metrics : accuracy: 0.801 ; loss: 0.420
2018-10-29 16:24:25,070:INFO: Epoch 17/30
2018-10-29 16:24:43,129:INFO: - Train metrics: accuracy: 0.820 ; loss: 0.374
2018-10-29 16:24:46,909:INFO: - Eval metrics : accuracy: 0.801 ; loss: 0.420
2018-10-29 16:24:46,911:INFO: Epoch 18/30
2018-10-29 16:25:04,940:INFO: - Train metrics: accuracy: 0.820 ; loss: 0.373
2018-10-29 16:25:08,751:INFO: - Eval metrics : accuracy: 0.800 ; loss: 0.420
2018-10-29 16:25:08,789:INFO: Epoch 19/30
2018-10-29 16:25:29,898:INFO: - Train metrics: accuracy: 0.818 ; loss: 0.373
2018-10-29 16:25:33,899:INFO: - Eval metrics : accuracy: 0.800 ; loss: 0.419
2018-10-29 16:25:33,936:INFO: Epoch 20/30
2018-10-29 16:25:53,673:INFO: - Train metrics: accuracy: 0.815 ; loss: 0.373
2018-10-29 16:25:57,488:INFO: - Eval metrics : accuracy: 0.800 ; loss: 0.419
2018-10-29 16:25:57,521:INFO: Epoch 21/30
2018-10-29 16:26:18,648:INFO: - Train metrics: accuracy: 0.815 ; loss: 0.373
2018-10-29 16:26:22,458:INFO: - Eval metrics : accuracy: 0.800 ; loss: 0.419
2018-10-29 16:26:22,488:INFO: Epoch 22/30
2018-10-29 16:26:43,688:INFO: - Train metrics: accuracy: 0.815 ; loss: 0.373
2018-10-29 16:26:47,512:INFO: - Eval metrics : accuracy: 0.800 ; loss: 0.419
2018-10-29 16:26:47,558:INFO: Epoch 23/30
2018-10-29 16:27:06,816:INFO: - Train metrics: accuracy: 0.815 ; loss: 0.373
2018-10-29 16:27:11,340:INFO: - Eval metrics : accuracy: 0.800 ; loss: 0.419
2018-10-29 16:27:11,376:INFO: Epoch 24/30
2018-10-29 16:27:33,458:INFO: - Train metrics: accuracy: 0.815 ; loss: 0.373
2018-10-29 16:27:37,288:INFO: - Eval metrics : accuracy: 0.800 ; loss: 0.419
2018-10-29 16:27:37,291:INFO: Epoch 25/30
2018-10-29 16:27:57,654:INFO: - Train metrics: accuracy: 0.815 ; loss: 0.373
2018-10-29 16:28:01,476:INFO: - Eval metrics : accuracy: 0.800 ; loss: 0.419
2018-10-29 16:28:01,511:INFO: Epoch 26/30
2018-10-29 16:28:20,492:INFO: - Train metrics: accuracy: 0.812 ; loss: 0.373
2018-10-29 16:28:24,289:INFO: - Eval metrics : accuracy: 0.800 ; loss: 0.419
2018-10-29 16:28:24,322:INFO: Epoch 27/30
2018-10-29 16:28:43,558:INFO: - Train metrics: accuracy: 0.812 ; loss: 0.373
2018-10-29 16:28:47,368:INFO: - Eval metrics : accuracy: 0.800 ; loss: 0.419
2018-10-29 16:28:47,406:INFO: Epoch 28/30
2018-10-29 16:29:07,665:INFO: - Train metrics: accuracy: 0.812 ; loss: 0.373
2018-10-29 16:29:12,308:INFO: - Eval metrics : accuracy: 0.801 ; loss: 0.419
2018-10-29 16:29:12,357:INFO: Epoch 29/30
2018-10-29 16:29:30,728:INFO: - Train metrics: accuracy: 0.815 ; loss: 0.373
2018-10-29 16:29:34,986:INFO: - Eval metrics : accuracy: 0.801 ; loss: 0.419
2018-10-29 16:29:35,021:INFO: Epoch 30/30
2018-10-29 16:29:53,477:INFO: - Train metrics: accuracy: 0.815 ; loss: 0.373
2018-10-29 16:29:57,945:INFO: - Eval metrics : accuracy: 0.801 ; loss: 0.419
2018-10-29 16:29:57,947:INFO: Total time (minutes) =11.836981133619945
