2018-10-29 17:51:51,169:INFO: Loading the dataset ...
2018-10-29 17:51:51,423:INFO: - done.
2018-10-29 17:51:53,195:INFO: Starting evaluation
2018-10-29 17:51:55,775:INFO: Labels=[0. 0. 1. 0. 0. 0. 0. 1. 0. 1.]
2018-10-29 17:51:55,775:INFO: Out prob=[1.16564217e-03 6.11463428e-01 9.79667962e-01 9.67226565e-01
 3.53196830e-01 1.48403545e-09 1.06317282e-04 8.79375041e-01
 4.24453639e-04 9.87195969e-01]
2018-10-29 17:51:55,775:INFO: ------------------------------------------------------------------------------------------------------------------------
2018-10-29 17:51:55,775:INFO: len labels after =16000
2018-10-29 17:51:55,775:INFO: len out_prob after16000
2018-10-29 17:51:55,775:INFO: length y_test=16000
2018-10-29 17:51:55,775:INFO: Lenght y_score=16000
2018-10-29 17:51:55,780:INFO: Length y_score 16000
2018-10-29 17:51:55,780:INFO: Length y_test 16000
2018-10-29 17:51:55,780:INFO: Thresholds[0:6] = 
 [0.9989863  0.99898559 0.99888426 0.99884319 0.99881494 0.99879444]
2018-10-29 17:51:55,780:INFO: Thresholds lenght = 
15954
2018-10-29 17:51:55,780:INFO: fpr lenght15954
2018-10-29 17:51:55,780:INFO: tpr lenght15954
2018-10-29 17:51:55,847:INFO: ------------------------------------------------------------------------------------------------------------------------
2018-10-29 17:51:55,852:INFO: roc_auc=0.973091585517056
2018-10-29 17:51:55,852:INFO: ------------------------------------------------------------------------------------------------------------------------
2018-10-29 17:51:55,853:INFO: - Eval metrics : accuracy: 0.91744 ; loss: 0.20433
