2018-10-29 01:28:56,741:INFO: Loading the dataset ...
2018-10-29 01:28:57,083:INFO: - done.
2018-10-29 01:28:58,842:INFO: Starting evaluation
2018-10-29 01:29:51,795:INFO: Labels=[0. 0. 1. 0. 0. 0. 0. 1. 0. 1.]
2018-10-29 01:29:51,796:INFO: Out prob=[1.84208259e-01 3.25313479e-01 3.56191337e-01 6.05695426e-01
 7.59029448e-01 6.54814590e-04 3.88964899e-02 8.98139179e-01
 5.81285894e-01 9.78213251e-01]
2018-10-29 01:29:51,796:INFO: ------------------------------------------------------------------------------------------------------------------------
2018-10-29 01:29:51,796:INFO: len labels after =16000
2018-10-29 01:29:51,796:INFO: len out_prob after16000
2018-10-29 01:29:51,796:INFO: length y_test=16000
2018-10-29 01:29:51,796:INFO: Lenght y_score=16000
2018-10-29 01:29:51,802:INFO: Length y_score 16000
2018-10-29 01:29:51,802:INFO: Length y_test 16000
2018-10-29 01:29:51,802:INFO: Thresholds[0:6] = 
 [0.99998879 0.9996376  0.99901986 0.99893516 0.99881727 0.99878019]
2018-10-29 01:29:51,802:INFO: Thresholds lenght = 
15993
2018-10-29 01:29:51,802:INFO: fpr lenght15993
2018-10-29 01:29:51,802:INFO: tpr lenght15993
2018-10-29 01:29:51,870:INFO: ------------------------------------------------------------------------------------------------------------------------
2018-10-29 01:29:51,875:INFO: roc_auc=0.889688904526389
2018-10-29 01:29:51,875:INFO: ------------------------------------------------------------------------------------------------------------------------
2018-10-29 01:29:51,876:INFO: - Eval metrics : accuracy: 0.80975 ; loss: 0.41356
