2018-10-21 23:38:41,494:INFO: Loading the dataset ...
2018-10-21 23:38:41,877:INFO: - done.
2018-10-21 23:38:45,847:INFO: Starting evaluation
2018-10-21 23:38:48,779:INFO: Labels=[0. 0. 1. 0. 0. 0. 0. 1. 0. 1.]
2018-10-21 23:38:48,779:INFO: Out prob=[7.21452981e-02 2.21353531e-01 4.90647942e-01 6.01709008e-01
 7.64778972e-01 2.39991932e-04 2.55818833e-02 9.30762649e-01
 2.53746837e-01 9.72562015e-01]
2018-10-21 23:38:48,780:INFO: ------------------------------------------------------------------------------------------------------------------------
2018-10-21 23:38:48,780:INFO: len labels after =15872
2018-10-21 23:38:48,780:INFO: len out_prob after15872
2018-10-21 23:38:48,780:INFO: length y_test=15872
2018-10-21 23:38:48,780:INFO: Lenght y_score=15872
2018-10-21 23:38:48,783:INFO: Length y_score 15872
2018-10-21 23:38:48,783:INFO: Length y_test 15872
2018-10-21 23:38:48,783:INFO: Thresholds[0:6] = 
 [0.99952841 0.99891663 0.99870431 0.99865282 0.99862778 0.99850261]
2018-10-21 23:38:48,783:INFO: Thresholds lenght = 
15858
2018-10-21 23:38:48,783:INFO: fpr lenght15858
2018-10-21 23:38:48,783:INFO: tpr lenght15858
2018-10-21 23:38:48,841:INFO: ------------------------------------------------------------------------------------------------------------------------
2018-10-21 23:38:48,844:INFO: roc_auc=0.9010576770159258
2018-10-21 23:38:48,844:INFO: ------------------------------------------------------------------------------------------------------------------------
2018-10-21 23:38:48,845:INFO: - Eval metrics : accuracy: 0.818 ; loss: 0.394
