2018-10-21 23:26:57,214:INFO: sample_name=top_qcd_jets_antikt_kt__40000_Njets_512_batch
2018-10-21 23:26:57,215:INFO: ------------------------------------------------------------
2018-10-21 23:26:57,215:INFO: Loading the datasets...
2018-10-21 23:26:58,513:INFO: - done loading the datasets
2018-10-21 23:26:58,513:INFO: ------------------------------------------------------------
2018-10-21 23:27:02,530:INFO: Building optimizer...
2018-10-21 23:27:02,530:INFO: Starting training for 30 epoch(s)
2018-10-21 23:27:02,530:INFO: Epoch 1/30
2018-10-21 23:27:21,828:INFO: - Train metrics: accuracy: 0.535 ; loss: 0.859
2018-10-21 23:27:25,102:INFO: - Eval metrics : accuracy: 0.523 ; loss: 0.691
2018-10-21 23:27:25,157:INFO: - Found new best accuracy
2018-10-21 23:27:25,157:INFO: Epoch 2/30
2018-10-21 23:27:44,915:INFO: - Train metrics: accuracy: 0.539 ; loss: 0.688
2018-10-21 23:27:47,530:INFO: - Eval metrics : accuracy: 0.770 ; loss: 0.514
2018-10-21 23:27:47,536:INFO: - Found new best accuracy
2018-10-21 23:27:47,536:INFO: Epoch 3/30
2018-10-21 23:28:06,749:INFO: - Train metrics: accuracy: 0.750 ; loss: 0.523
2018-10-21 23:28:09,939:INFO: - Eval metrics : accuracy: 0.789 ; loss: 0.466
2018-10-21 23:28:09,976:INFO: - Found new best accuracy
2018-10-21 23:28:09,977:INFO: Epoch 4/30
2018-10-21 23:28:28,856:INFO: - Train metrics: accuracy: 0.773 ; loss: 0.457
2018-10-21 23:28:32,040:INFO: - Eval metrics : accuracy: 0.797 ; loss: 0.444
2018-10-21 23:28:32,084:INFO: - Found new best accuracy
2018-10-21 23:28:32,085:INFO: Epoch 5/30
2018-10-21 23:28:50,969:INFO: - Train metrics: accuracy: 0.801 ; loss: 0.431
2018-10-21 23:28:54,136:INFO: - Eval metrics : accuracy: 0.804 ; loss: 0.435
2018-10-21 23:28:54,179:INFO: - Found new best accuracy
2018-10-21 23:28:54,181:INFO: Epoch 6/30
2018-10-21 23:29:14,778:INFO: - Train metrics: accuracy: 0.811 ; loss: 0.421
2018-10-21 23:29:17,904:INFO: - Eval metrics : accuracy: 0.806 ; loss: 0.428
2018-10-21 23:29:17,943:INFO: - Found new best accuracy
2018-10-21 23:29:17,943:INFO: Epoch 7/30
2018-10-21 23:29:37,330:INFO: - Train metrics: accuracy: 0.811 ; loss: 0.415
2018-10-21 23:29:40,438:INFO: - Eval metrics : accuracy: 0.809 ; loss: 0.429
2018-10-21 23:29:40,479:INFO: - Found new best accuracy
2018-10-21 23:29:40,481:INFO: Epoch 8/30
2018-10-21 23:30:00,266:INFO: - Train metrics: accuracy: 0.803 ; loss: 0.418
2018-10-21 23:30:03,361:INFO: - Eval metrics : accuracy: 0.810 ; loss: 0.427
2018-10-21 23:30:03,398:INFO: - Found new best accuracy
2018-10-21 23:30:03,398:INFO: Epoch 9/30
2018-10-21 23:30:24,025:INFO: - Train metrics: accuracy: 0.803 ; loss: 0.415
2018-10-21 23:30:26,503:INFO: - Eval metrics : accuracy: 0.808 ; loss: 0.430
2018-10-21 23:30:26,542:INFO: Epoch 10/30
2018-10-21 23:30:46,791:INFO: - Train metrics: accuracy: 0.799 ; loss: 0.418
2018-10-21 23:30:50,027:INFO: - Eval metrics : accuracy: 0.807 ; loss: 0.428
2018-10-21 23:30:50,066:INFO: Epoch 11/30
2018-10-21 23:31:09,222:INFO: - Train metrics: accuracy: 0.805 ; loss: 0.416
2018-10-21 23:31:11,786:INFO: - Eval metrics : accuracy: 0.812 ; loss: 0.416
2018-10-21 23:31:11,823:INFO: - Found new best accuracy
2018-10-21 23:31:11,824:INFO: Epoch 12/30
2018-10-21 23:31:32,552:INFO: - Train metrics: accuracy: 0.805 ; loss: 0.401
2018-10-21 23:31:35,631:INFO: - Eval metrics : accuracy: 0.812 ; loss: 0.413
2018-10-21 23:31:35,658:INFO: - Found new best accuracy
2018-10-21 23:31:35,658:INFO: Epoch 13/30
2018-10-21 23:31:56,512:INFO: - Train metrics: accuracy: 0.807 ; loss: 0.396
2018-10-21 23:31:59,599:INFO: - Eval metrics : accuracy: 0.812 ; loss: 0.410
2018-10-21 23:31:59,640:INFO: - Found new best accuracy
2018-10-21 23:31:59,640:INFO: Epoch 14/30
2018-10-21 23:32:20,405:INFO: - Train metrics: accuracy: 0.811 ; loss: 0.391
2018-10-21 23:32:23,482:INFO: - Eval metrics : accuracy: 0.813 ; loss: 0.407
2018-10-21 23:32:23,525:INFO: - Found new best accuracy
2018-10-21 23:32:23,526:INFO: Epoch 15/30
2018-10-21 23:32:44,209:INFO: - Train metrics: accuracy: 0.812 ; loss: 0.385
2018-10-21 23:32:47,285:INFO: - Eval metrics : accuracy: 0.814 ; loss: 0.406
2018-10-21 23:32:47,327:INFO: - Found new best accuracy
2018-10-21 23:32:47,328:INFO: Epoch 16/30
2018-10-21 23:33:08,009:INFO: - Train metrics: accuracy: 0.820 ; loss: 0.382
2018-10-21 23:33:11,074:INFO: - Eval metrics : accuracy: 0.813 ; loss: 0.405
2018-10-21 23:33:11,104:INFO: Epoch 17/30
2018-10-21 23:33:31,762:INFO: - Train metrics: accuracy: 0.820 ; loss: 0.382
2018-10-21 23:33:34,839:INFO: - Eval metrics : accuracy: 0.812 ; loss: 0.411
2018-10-21 23:33:34,873:INFO: Epoch 18/30
2018-10-21 23:33:53,429:INFO: - Train metrics: accuracy: 0.807 ; loss: 0.392
2018-10-21 23:33:56,133:INFO: - Eval metrics : accuracy: 0.809 ; loss: 0.416
2018-10-21 23:33:56,172:INFO: Epoch 19/30
2018-10-21 23:34:14,646:INFO: - Train metrics: accuracy: 0.809 ; loss: 0.399
2018-10-21 23:34:17,204:INFO: - Eval metrics : accuracy: 0.809 ; loss: 0.416
2018-10-21 23:34:17,242:INFO: Epoch 20/30
2018-10-21 23:34:38,045:INFO: - Train metrics: accuracy: 0.809 ; loss: 0.398
2018-10-21 23:34:41,133:INFO: - Eval metrics : accuracy: 0.811 ; loss: 0.412
2018-10-21 23:34:41,174:INFO: Epoch 21/30
2018-10-21 23:35:02,029:INFO: - Train metrics: accuracy: 0.814 ; loss: 0.392
2018-10-21 23:35:05,116:INFO: - Eval metrics : accuracy: 0.813 ; loss: 0.406
2018-10-21 23:35:05,154:INFO: Epoch 22/30
2018-10-21 23:35:25,982:INFO: - Train metrics: accuracy: 0.812 ; loss: 0.384
2018-10-21 23:35:29,058:INFO: - Eval metrics : accuracy: 0.813 ; loss: 0.403
2018-10-21 23:35:29,062:INFO: Epoch 23/30
2018-10-21 23:35:49,828:INFO: - Train metrics: accuracy: 0.818 ; loss: 0.379
2018-10-21 23:35:52,311:INFO: - Eval metrics : accuracy: 0.814 ; loss: 0.402
2018-10-21 23:35:52,350:INFO: - Found new best accuracy
2018-10-21 23:35:52,351:INFO: Epoch 24/30
2018-10-21 23:36:13,198:INFO: - Train metrics: accuracy: 0.818 ; loss: 0.377
2018-10-21 23:36:16,257:INFO: - Eval metrics : accuracy: 0.815 ; loss: 0.401
2018-10-21 23:36:16,294:INFO: - Found new best accuracy
2018-10-21 23:36:16,294:INFO: Epoch 25/30
2018-10-21 23:36:37,243:INFO: - Train metrics: accuracy: 0.816 ; loss: 0.376
2018-10-21 23:36:40,339:INFO: - Eval metrics : accuracy: 0.815 ; loss: 0.401
2018-10-21 23:36:40,370:INFO: - Found new best accuracy
2018-10-21 23:36:40,371:INFO: Epoch 26/30
2018-10-21 23:37:01,006:INFO: - Train metrics: accuracy: 0.816 ; loss: 0.375
2018-10-21 23:37:04,089:INFO: - Eval metrics : accuracy: 0.815 ; loss: 0.400
2018-10-21 23:37:04,122:INFO: Epoch 27/30
2018-10-21 23:37:24,824:INFO: - Train metrics: accuracy: 0.818 ; loss: 0.374
2018-10-21 23:37:27,903:INFO: - Eval metrics : accuracy: 0.816 ; loss: 0.399
2018-10-21 23:37:27,941:INFO: - Found new best accuracy
2018-10-21 23:37:27,942:INFO: Epoch 28/30
2018-10-21 23:37:48,671:INFO: - Train metrics: accuracy: 0.820 ; loss: 0.373
2018-10-21 23:37:51,769:INFO: - Eval metrics : accuracy: 0.815 ; loss: 0.399
2018-10-21 23:37:51,807:INFO: Epoch 29/30
2018-10-21 23:38:12,612:INFO: - Train metrics: accuracy: 0.822 ; loss: 0.372
2018-10-21 23:38:15,689:INFO: - Eval metrics : accuracy: 0.815 ; loss: 0.398
2018-10-21 23:38:15,726:INFO: Epoch 30/30
2018-10-21 23:38:36,475:INFO: - Train metrics: accuracy: 0.822 ; loss: 0.371
2018-10-21 23:38:39,566:INFO: - Eval metrics : accuracy: 0.815 ; loss: 0.398
2018-10-21 23:38:39,611:INFO: Total time (minutes) =11.706615809599558
