2018-10-29 15:57:28,092:INFO: search_hyperparam_sample_name=top_qcd_jets_antikt_kt__40000_Njets_1024_batch
2018-10-29 15:57:28,093:INFO: ------------------------------------------------------------
2018-10-29 15:57:28,093:INFO: Loading the datasets...
2018-10-29 15:57:29,167:INFO: - done loading the datasets
2018-10-29 15:57:29,167:INFO: ------------------------------------------------------------
2018-10-29 15:57:30,883:INFO: Building optimizer...
2018-10-29 15:57:30,884:INFO: Starting training for 30 epoch(s)
2018-10-29 15:57:30,884:INFO: Epoch 1/30
2018-10-29 15:57:34,772:INFO: - Train metrics: accuracy: 0.519 ; loss: 1.434
2018-10-29 15:57:35,436:INFO: - Eval metrics : accuracy: 0.728 ; loss: 0.539
2018-10-29 15:57:35,449:INFO: - Found new best accuracy
2018-10-29 15:57:35,450:INFO: Epoch 2/30
2018-10-29 15:57:38,699:INFO: - Train metrics: accuracy: 0.735 ; loss: 0.525
2018-10-29 15:57:39,375:INFO: - Eval metrics : accuracy: 0.746 ; loss: 0.498
2018-10-29 15:57:39,417:INFO: - Found new best accuracy
2018-10-29 15:57:39,418:INFO: Epoch 3/30
2018-10-29 15:57:42,865:INFO: - Train metrics: accuracy: 0.759 ; loss: 0.477
2018-10-29 15:57:43,515:INFO: - Eval metrics : accuracy: 0.757 ; loss: 0.483
2018-10-29 15:57:43,552:INFO: - Found new best accuracy
2018-10-29 15:57:43,553:INFO: Epoch 4/30
2018-10-29 15:57:46,903:INFO: - Train metrics: accuracy: 0.783 ; loss: 0.470
2018-10-29 15:57:47,458:INFO: - Eval metrics : accuracy: 0.779 ; loss: 0.450
2018-10-29 15:57:47,495:INFO: - Found new best accuracy
2018-10-29 15:57:47,496:INFO: Epoch 5/30
2018-10-29 15:57:50,682:INFO: - Train metrics: accuracy: 0.789 ; loss: 0.441
2018-10-29 15:57:51,341:INFO: - Eval metrics : accuracy: 0.776 ; loss: 0.452
2018-10-29 15:57:51,380:INFO: Epoch 6/30
2018-10-29 15:57:54,677:INFO: - Train metrics: accuracy: 0.786 ; loss: 0.451
2018-10-29 15:57:55,207:INFO: - Eval metrics : accuracy: 0.776 ; loss: 0.455
2018-10-29 15:57:55,248:INFO: Epoch 7/30
2018-10-29 15:57:58,765:INFO: - Train metrics: accuracy: 0.796 ; loss: 0.453
2018-10-29 15:57:59,422:INFO: - Eval metrics : accuracy: 0.771 ; loss: 0.457
2018-10-29 15:57:59,462:INFO: Epoch 8/30
2018-10-29 15:58:02,582:INFO: - Train metrics: accuracy: 0.787 ; loss: 0.457
2018-10-29 15:58:03,112:INFO: - Eval metrics : accuracy: 0.769 ; loss: 0.462
2018-10-29 15:58:03,152:INFO: Epoch 9/30
2018-10-29 15:58:06,209:INFO: - Train metrics: accuracy: 0.781 ; loss: 0.461
2018-10-29 15:58:06,751:INFO: - Eval metrics : accuracy: 0.791 ; loss: 0.431
2018-10-29 15:58:06,779:INFO: - Found new best accuracy
2018-10-29 15:58:06,779:INFO: Epoch 10/30
2018-10-29 15:58:10,295:INFO: - Train metrics: accuracy: 0.796 ; loss: 0.427
2018-10-29 15:58:10,949:INFO: - Eval metrics : accuracy: 0.799 ; loss: 0.421
2018-10-29 15:58:10,985:INFO: - Found new best accuracy
2018-10-29 15:58:10,985:INFO: Epoch 11/30
2018-10-29 15:58:14,003:INFO: - Train metrics: accuracy: 0.813 ; loss: 0.410
2018-10-29 15:58:14,535:INFO: - Eval metrics : accuracy: 0.800 ; loss: 0.418
2018-10-29 15:58:14,574:INFO: - Found new best accuracy
2018-10-29 15:58:14,575:INFO: Epoch 12/30
2018-10-29 15:58:17,677:INFO: - Train metrics: accuracy: 0.818 ; loss: 0.404
2018-10-29 15:58:18,205:INFO: - Eval metrics : accuracy: 0.802 ; loss: 0.417
2018-10-29 15:58:18,243:INFO: - Found new best accuracy
2018-10-29 15:58:18,243:INFO: Epoch 13/30
2018-10-29 15:58:21,803:INFO: - Train metrics: accuracy: 0.821 ; loss: 0.400
2018-10-29 15:58:22,443:INFO: - Eval metrics : accuracy: 0.803 ; loss: 0.416
2018-10-29 15:58:22,482:INFO: - Found new best accuracy
2018-10-29 15:58:22,482:INFO: Epoch 14/30
2018-10-29 15:58:25,573:INFO: - Train metrics: accuracy: 0.822 ; loss: 0.397
2018-10-29 15:58:26,125:INFO: - Eval metrics : accuracy: 0.804 ; loss: 0.414
2018-10-29 15:58:26,129:INFO: - Found new best accuracy
2018-10-29 15:58:26,129:INFO: Epoch 15/30
2018-10-29 15:58:29,466:INFO: - Train metrics: accuracy: 0.825 ; loss: 0.394
2018-10-29 15:58:30,131:INFO: - Eval metrics : accuracy: 0.802 ; loss: 0.415
2018-10-29 15:58:30,173:INFO: Epoch 16/30
2018-10-29 15:58:33,659:INFO: - Train metrics: accuracy: 0.827 ; loss: 0.394
2018-10-29 15:58:34,341:INFO: - Eval metrics : accuracy: 0.803 ; loss: 0.414
2018-10-29 15:58:34,382:INFO: Epoch 17/30
2018-10-29 15:58:37,809:INFO: - Train metrics: accuracy: 0.820 ; loss: 0.392
2018-10-29 15:58:38,456:INFO: - Eval metrics : accuracy: 0.803 ; loss: 0.411
2018-10-29 15:58:38,497:INFO: Epoch 18/30
2018-10-29 15:58:41,912:INFO: - Train metrics: accuracy: 0.823 ; loss: 0.388
2018-10-29 15:58:42,566:INFO: - Eval metrics : accuracy: 0.804 ; loss: 0.409
2018-10-29 15:58:42,607:INFO: - Found new best accuracy
2018-10-29 15:58:42,608:INFO: Epoch 19/30
2018-10-29 15:58:45,994:INFO: - Train metrics: accuracy: 0.827 ; loss: 0.385
2018-10-29 15:58:46,530:INFO: - Eval metrics : accuracy: 0.805 ; loss: 0.408
2018-10-29 15:58:46,534:INFO: - Found new best accuracy
2018-10-29 15:58:46,534:INFO: Epoch 20/30
2018-10-29 15:58:49,562:INFO: - Train metrics: accuracy: 0.826 ; loss: 0.384
2018-10-29 15:58:50,106:INFO: - Eval metrics : accuracy: 0.805 ; loss: 0.407
2018-10-29 15:58:50,140:INFO: - Found new best accuracy
2018-10-29 15:58:50,140:INFO: Epoch 21/30
2018-10-29 15:58:53,573:INFO: - Train metrics: accuracy: 0.827 ; loss: 0.382
2018-10-29 15:58:54,226:INFO: - Eval metrics : accuracy: 0.805 ; loss: 0.406
2018-10-29 15:58:54,270:INFO: Epoch 22/30
2018-10-29 15:58:57,343:INFO: - Train metrics: accuracy: 0.826 ; loss: 0.381
2018-10-29 15:58:57,879:INFO: - Eval metrics : accuracy: 0.805 ; loss: 0.406
2018-10-29 15:58:57,918:INFO: Epoch 23/30
2018-10-29 15:59:00,853:INFO: - Train metrics: accuracy: 0.823 ; loss: 0.380
2018-10-29 15:59:01,448:INFO: - Eval metrics : accuracy: 0.806 ; loss: 0.406
2018-10-29 15:59:01,451:INFO: - Found new best accuracy
2018-10-29 15:59:01,451:INFO: Epoch 24/30
2018-10-29 15:59:04,757:INFO: - Train metrics: accuracy: 0.825 ; loss: 0.381
2018-10-29 15:59:05,414:INFO: - Eval metrics : accuracy: 0.807 ; loss: 0.405
2018-10-29 15:59:05,455:INFO: - Found new best accuracy
2018-10-29 15:59:05,456:INFO: Epoch 25/30
2018-10-29 15:59:09,029:INFO: - Train metrics: accuracy: 0.820 ; loss: 0.379
2018-10-29 15:59:09,677:INFO: - Eval metrics : accuracy: 0.808 ; loss: 0.403
2018-10-29 15:59:09,719:INFO: - Found new best accuracy
2018-10-29 15:59:09,720:INFO: Epoch 26/30
2018-10-29 15:59:13,052:INFO: - Train metrics: accuracy: 0.823 ; loss: 0.377
2018-10-29 15:59:13,594:INFO: - Eval metrics : accuracy: 0.808 ; loss: 0.403
2018-10-29 15:59:13,634:INFO: - Found new best accuracy
2018-10-29 15:59:13,634:INFO: Epoch 27/30
2018-10-29 15:59:16,685:INFO: - Train metrics: accuracy: 0.824 ; loss: 0.376
2018-10-29 15:59:17,239:INFO: - Eval metrics : accuracy: 0.808 ; loss: 0.402
2018-10-29 15:59:17,269:INFO: - Found new best accuracy
2018-10-29 15:59:17,269:INFO: Epoch 28/30
2018-10-29 15:59:20,689:INFO: - Train metrics: accuracy: 0.827 ; loss: 0.374
2018-10-29 15:59:21,350:INFO: - Eval metrics : accuracy: 0.808 ; loss: 0.402
2018-10-29 15:59:21,392:INFO: - Found new best accuracy
2018-10-29 15:59:21,392:INFO: Epoch 29/30
2018-10-29 15:59:24,658:INFO: - Train metrics: accuracy: 0.827 ; loss: 0.374
2018-10-29 15:59:25,199:INFO: - Eval metrics : accuracy: 0.808 ; loss: 0.402
2018-10-29 15:59:25,239:INFO: Epoch 30/30
2018-10-29 15:59:28,569:INFO: - Train metrics: accuracy: 0.828 ; loss: 0.373
2018-10-29 15:59:29,211:INFO: - Eval metrics : accuracy: 0.808 ; loss: 0.402
2018-10-29 15:59:29,245:INFO: - Found new best accuracy
2018-10-29 15:59:29,246:INFO: Total time (minutes) =2.0192259232203167
