2018-10-21 23:44:52,813:INFO: Loading the dataset ...
2018-10-21 23:44:53,209:INFO: - done.
2018-10-21 23:44:57,565:INFO: Starting evaluation
2018-10-21 23:45:00,249:INFO: Labels=[0. 0. 1. 0. 0. 0. 0. 1. 0. 1.]
2018-10-21 23:45:00,250:INFO: Out prob=[1.75859615e-01 5.67251086e-01 6.11574411e-01 5.35702467e-01
 8.95630896e-01 4.57934584e-05 4.25336100e-02 8.42905402e-01
 6.86725736e-01 9.39565182e-01]
2018-10-21 23:45:00,250:INFO: ------------------------------------------------------------------------------------------------------------------------
2018-10-21 23:45:00,250:INFO: len labels after =15872
2018-10-21 23:45:00,250:INFO: len out_prob after15872
2018-10-21 23:45:00,250:INFO: length y_test=15872
2018-10-21 23:45:00,250:INFO: Lenght y_score=15872
2018-10-21 23:45:00,253:INFO: Length y_score 15872
2018-10-21 23:45:00,253:INFO: Length y_test 15872
2018-10-21 23:45:00,253:INFO: Thresholds[0:6] = 
 [0.99827433 0.99600714 0.99569315 0.99550289 0.99525756 0.99429202]
2018-10-21 23:45:00,253:INFO: Thresholds lenght = 
15863
2018-10-21 23:45:00,253:INFO: fpr lenght15863
2018-10-21 23:45:00,254:INFO: tpr lenght15863
2018-10-21 23:45:00,299:INFO: ------------------------------------------------------------------------------------------------------------------------
2018-10-21 23:45:00,303:INFO: roc_auc=0.8781770989996586
2018-10-21 23:45:00,303:INFO: ------------------------------------------------------------------------------------------------------------------------
2018-10-21 23:45:00,303:INFO: - Eval metrics : accuracy: 0.808 ; loss: 0.428
