2018-10-21 23:34:02,606:INFO: sample_name=top_qcd_jets_antikt_kt__40000_Njets_512_batch
2018-10-21 23:34:02,607:INFO: ------------------------------------------------------------
2018-10-21 23:34:02,607:INFO: Loading the datasets...
2018-10-21 23:34:03,925:INFO: - done loading the datasets
2018-10-21 23:34:03,926:INFO: ------------------------------------------------------------
2018-10-21 23:34:07,783:INFO: Building optimizer...
2018-10-21 23:34:07,783:INFO: Starting training for 30 epoch(s)
2018-10-21 23:34:07,783:INFO: Epoch 1/30
2018-10-21 23:34:26,499:INFO: - Train metrics: accuracy: 0.535 ; loss: 0.859
2018-10-21 23:34:29,073:INFO: - Eval metrics : accuracy: 0.523 ; loss: 0.691
2018-10-21 23:34:29,133:INFO: - Found new best accuracy
2018-10-21 23:34:29,134:INFO: Epoch 2/30
2018-10-21 23:34:47,712:INFO: - Train metrics: accuracy: 0.539 ; loss: 0.688
2018-10-21 23:34:50,195:INFO: - Eval metrics : accuracy: 0.770 ; loss: 0.514
2018-10-21 23:34:50,238:INFO: - Found new best accuracy
2018-10-21 23:34:50,239:INFO: Epoch 3/30
2018-10-21 23:35:08,929:INFO: - Train metrics: accuracy: 0.750 ; loss: 0.523
2018-10-21 23:35:11,448:INFO: - Eval metrics : accuracy: 0.782 ; loss: 0.474
2018-10-21 23:35:11,488:INFO: - Found new best accuracy
2018-10-21 23:35:11,489:INFO: Epoch 4/30
2018-10-21 23:35:30,066:INFO: - Train metrics: accuracy: 0.773 ; loss: 0.466
2018-10-21 23:35:32,631:INFO: - Eval metrics : accuracy: 0.787 ; loss: 0.462
2018-10-21 23:35:32,709:INFO: - Found new best accuracy
2018-10-21 23:35:32,709:INFO: Epoch 5/30
2018-10-21 23:35:50,996:INFO: - Train metrics: accuracy: 0.803 ; loss: 0.452
2018-10-21 23:35:53,453:INFO: - Eval metrics : accuracy: 0.801 ; loss: 0.440
2018-10-21 23:35:53,488:INFO: - Found new best accuracy
2018-10-21 23:35:53,488:INFO: Epoch 6/30
2018-10-21 23:36:12,163:INFO: - Train metrics: accuracy: 0.809 ; loss: 0.424
2018-10-21 23:36:14,664:INFO: - Eval metrics : accuracy: 0.797 ; loss: 0.447
2018-10-21 23:36:14,711:INFO: Epoch 7/30
2018-10-21 23:36:33,381:INFO: - Train metrics: accuracy: 0.811 ; loss: 0.434
2018-10-21 23:36:35,959:INFO: - Eval metrics : accuracy: 0.802 ; loss: 0.434
2018-10-21 23:36:35,998:INFO: - Found new best accuracy
2018-10-21 23:36:35,998:INFO: Epoch 8/30
2018-10-21 23:36:54,564:INFO: - Train metrics: accuracy: 0.812 ; loss: 0.416
2018-10-21 23:36:57,114:INFO: - Eval metrics : accuracy: 0.803 ; loss: 0.432
2018-10-21 23:36:57,152:INFO: - Found new best accuracy
2018-10-21 23:36:57,152:INFO: Epoch 9/30
2018-10-21 23:37:15,792:INFO: - Train metrics: accuracy: 0.811 ; loss: 0.415
2018-10-21 23:37:18,347:INFO: - Eval metrics : accuracy: 0.803 ; loss: 0.431
2018-10-21 23:37:18,377:INFO: - Found new best accuracy
2018-10-21 23:37:18,378:INFO: Epoch 10/30
2018-10-21 23:37:37,084:INFO: - Train metrics: accuracy: 0.809 ; loss: 0.415
2018-10-21 23:37:39,576:INFO: - Eval metrics : accuracy: 0.803 ; loss: 0.430
2018-10-21 23:37:39,617:INFO: - Found new best accuracy
2018-10-21 23:37:39,617:INFO: Epoch 11/30
2018-10-21 23:37:58,182:INFO: - Train metrics: accuracy: 0.809 ; loss: 0.414
2018-10-21 23:38:00,755:INFO: - Eval metrics : accuracy: 0.804 ; loss: 0.429
2018-10-21 23:38:00,801:INFO: - Found new best accuracy
2018-10-21 23:38:00,802:INFO: Epoch 12/30
2018-10-21 23:38:19,435:INFO: - Train metrics: accuracy: 0.807 ; loss: 0.412
2018-10-21 23:38:21,999:INFO: - Eval metrics : accuracy: 0.804 ; loss: 0.428
2018-10-21 23:38:22,038:INFO: - Found new best accuracy
2018-10-21 23:38:22,038:INFO: Epoch 13/30
2018-10-21 23:38:40,808:INFO: - Train metrics: accuracy: 0.807 ; loss: 0.411
2018-10-21 23:38:43,523:INFO: - Eval metrics : accuracy: 0.804 ; loss: 0.428
2018-10-21 23:38:43,586:INFO: Epoch 14/30
2018-10-21 23:39:02,285:INFO: - Train metrics: accuracy: 0.807 ; loss: 0.411
2018-10-21 23:39:04,860:INFO: - Eval metrics : accuracy: 0.804 ; loss: 0.428
2018-10-21 23:39:04,898:INFO: Epoch 15/30
2018-10-21 23:39:24,024:INFO: - Train metrics: accuracy: 0.807 ; loss: 0.411
2018-10-21 23:39:26,680:INFO: - Eval metrics : accuracy: 0.804 ; loss: 0.427
2018-10-21 23:39:26,715:INFO: - Found new best accuracy
2018-10-21 23:39:26,715:INFO: Epoch 16/30
2018-10-21 23:39:45,718:INFO: - Train metrics: accuracy: 0.807 ; loss: 0.411
2018-10-21 23:39:48,295:INFO: - Eval metrics : accuracy: 0.804 ; loss: 0.427
2018-10-21 23:39:48,327:INFO: Epoch 17/30
2018-10-21 23:40:07,334:INFO: - Train metrics: accuracy: 0.807 ; loss: 0.411
2018-10-21 23:40:09,944:INFO: - Eval metrics : accuracy: 0.804 ; loss: 0.427
2018-10-21 23:40:09,983:INFO: Epoch 18/30
2018-10-21 23:40:28,921:INFO: - Train metrics: accuracy: 0.807 ; loss: 0.410
2018-10-21 23:40:31,552:INFO: - Eval metrics : accuracy: 0.804 ; loss: 0.427
2018-10-21 23:40:31,595:INFO: Epoch 19/30
2018-10-21 23:40:50,523:INFO: - Train metrics: accuracy: 0.807 ; loss: 0.410
2018-10-21 23:40:53,124:INFO: - Eval metrics : accuracy: 0.804 ; loss: 0.427
2018-10-21 23:40:53,153:INFO: Epoch 20/30
2018-10-21 23:41:12,028:INFO: - Train metrics: accuracy: 0.807 ; loss: 0.410
2018-10-21 23:41:14,525:INFO: - Eval metrics : accuracy: 0.804 ; loss: 0.427
2018-10-21 23:41:14,568:INFO: Epoch 21/30
2018-10-21 23:41:33,497:INFO: - Train metrics: accuracy: 0.807 ; loss: 0.410
2018-10-21 23:41:36,141:INFO: - Eval metrics : accuracy: 0.805 ; loss: 0.427
2018-10-21 23:41:36,171:INFO: - Found new best accuracy
2018-10-21 23:41:36,172:INFO: Epoch 22/30
2018-10-21 23:41:55,191:INFO: - Train metrics: accuracy: 0.807 ; loss: 0.410
2018-10-21 23:41:57,800:INFO: - Eval metrics : accuracy: 0.804 ; loss: 0.427
2018-10-21 23:41:57,842:INFO: Epoch 23/30
2018-10-21 23:42:16,837:INFO: - Train metrics: accuracy: 0.807 ; loss: 0.410
2018-10-21 23:42:19,425:INFO: - Eval metrics : accuracy: 0.804 ; loss: 0.427
2018-10-21 23:42:19,462:INFO: Epoch 24/30
2018-10-21 23:42:38,413:INFO: - Train metrics: accuracy: 0.807 ; loss: 0.410
2018-10-21 23:42:41,010:INFO: - Eval metrics : accuracy: 0.804 ; loss: 0.427
2018-10-21 23:42:41,040:INFO: Epoch 25/30
2018-10-21 23:43:00,098:INFO: - Train metrics: accuracy: 0.807 ; loss: 0.411
2018-10-21 23:43:02,710:INFO: - Eval metrics : accuracy: 0.804 ; loss: 0.427
2018-10-21 23:43:02,749:INFO: Epoch 26/30
2018-10-21 23:43:21,734:INFO: - Train metrics: accuracy: 0.807 ; loss: 0.411
2018-10-21 23:43:24,356:INFO: - Eval metrics : accuracy: 0.805 ; loss: 0.427
2018-10-21 23:43:24,397:INFO: - Found new best accuracy
2018-10-21 23:43:24,397:INFO: Epoch 27/30
2018-10-21 23:43:43,369:INFO: - Train metrics: accuracy: 0.807 ; loss: 0.411
2018-10-21 23:43:45,897:INFO: - Eval metrics : accuracy: 0.805 ; loss: 0.427
2018-10-21 23:43:45,900:INFO: - Found new best accuracy
2018-10-21 23:43:45,900:INFO: Epoch 28/30
2018-10-21 23:44:04,913:INFO: - Train metrics: accuracy: 0.807 ; loss: 0.411
2018-10-21 23:44:07,505:INFO: - Eval metrics : accuracy: 0.805 ; loss: 0.427
2018-10-21 23:44:07,545:INFO: - Found new best accuracy
2018-10-21 23:44:07,545:INFO: Epoch 29/30
2018-10-21 23:44:26,545:INFO: - Train metrics: accuracy: 0.807 ; loss: 0.411
2018-10-21 23:44:29,103:INFO: - Eval metrics : accuracy: 0.805 ; loss: 0.427
2018-10-21 23:44:29,132:INFO: - Found new best accuracy
2018-10-21 23:44:29,132:INFO: Epoch 30/30
2018-10-21 23:44:48,234:INFO: - Train metrics: accuracy: 0.809 ; loss: 0.411
2018-10-21 23:44:50,854:INFO: - Eval metrics : accuracy: 0.804 ; loss: 0.427
2018-10-21 23:44:50,893:INFO: Total time (minutes) =10.804788808027903
