2018-11-06 20:37:08,928:INFO: Loading the dataset ...
2018-11-06 20:37:09,540:INFO: - done.
2018-11-06 20:37:11,192:INFO: Starting evaluation
2018-11-06 20:37:15,744:INFO: Labels=[1. 0. 0. 0. 1. 0. 0. 1. 1. 0.]
2018-11-06 20:37:15,744:INFO: Out prob=[8.96370709e-01 9.51348193e-05 4.55209782e-04 2.11786851e-01
 9.99398947e-01 3.39905228e-06 1.21190176e-04 9.84333336e-01
 9.82267320e-01 4.01016121e-04]
2018-11-06 20:37:15,744:INFO: ------------------------------------------------------------------------------------------------------------------------
2018-11-06 20:37:15,745:INFO: len labels after =32000
2018-11-06 20:37:15,745:INFO: len out_prob after32000
2018-11-06 20:37:15,745:INFO: length y_test=32000
2018-11-06 20:37:15,745:INFO: Lenght y_score=32000
2018-11-06 20:37:15,750:INFO: Length y_score 32000
2018-11-06 20:37:15,750:INFO: Length y_test 32000
2018-11-06 20:37:15,750:INFO: Thresholds[0:6] = 
 [0.9998523  0.99983895 0.99983287 0.99982721 0.99982589 0.99982435]
2018-11-06 20:37:15,751:INFO: Thresholds lenght = 
31542
2018-11-06 20:37:15,751:INFO: fpr lenght31542
2018-11-06 20:37:15,751:INFO: tpr lenght31542
2018-11-06 20:37:15,873:INFO: ------------------------------------------------------------------------------------------------------------------------
2018-11-06 20:37:15,880:INFO: roc_auc=0.9836683163424544
2018-11-06 20:37:15,880:INFO: ------------------------------------------------------------------------------------------------------------------------
2018-11-06 20:37:15,881:INFO: - Eval metrics : accuracy: 0.93594 ; loss: 0.16051
