2018-10-21 12:51:19,738:INFO: Loading the dataset ...
2018-10-21 12:51:20,300:INFO: - done.
2018-10-21 12:51:24,299:INFO: Starting evaluation
2018-10-21 12:51:40,500:INFO: Labels=[0. 0. 1. 0. 0. 0. 0. 1. 0. 1.]
2018-10-21 12:51:40,500:INFO: Out prob=[0.15243693 0.46209642 0.49299404 0.61340338 0.89352047 0.00339331
 0.00357311 0.89872104 0.52572751 0.98077077]
2018-10-21 12:51:40,500:INFO: ------------------------------------------------------------------------------------------------------------------------
2018-10-21 12:51:40,500:INFO: len labels after =16000
2018-10-21 12:51:40,500:INFO: len out_prob after16000
2018-10-21 12:51:40,500:INFO: length y_test=16000
2018-10-21 12:51:40,501:INFO: Lenght y_score=16000
2018-10-21 12:51:40,504:INFO: Length y_score 16000
2018-10-21 12:51:40,504:INFO: Length y_test 16000
2018-10-21 12:51:40,504:INFO: Thresholds[0:6] = 
 [0.99991691 0.99972314 0.99955136 0.99951398 0.99951112 0.99945194]
2018-10-21 12:51:40,504:INFO: Thresholds lenght = 
15991
2018-10-21 12:51:40,505:INFO: fpr lenght15991
2018-10-21 12:51:40,505:INFO: tpr lenght15991
2018-10-21 12:51:40,552:INFO: ------------------------------------------------------------------------------------------------------------------------
2018-10-21 12:51:40,555:INFO: roc_auc=0.9011145140799143
2018-10-21 12:51:40,556:INFO: ------------------------------------------------------------------------------------------------------------------------
2018-10-21 12:51:40,556:INFO: - Eval metrics : accuracy: 0.821 ; loss: 0.390
