2018-10-21 11:47:09,568:INFO: sample_name=top_qcd_jets_antikt_kt__40000_Njets_64_batch
2018-10-21 11:47:09,568:INFO: ------------------------------------------------------------
2018-10-21 11:47:09,568:INFO: Loading the datasets...
2018-10-21 11:47:11,219:INFO: - done loading the datasets
2018-10-21 11:47:11,219:INFO: ------------------------------------------------------------
2018-10-21 11:47:15,244:INFO: Building optimizer...
2018-10-21 11:47:15,244:INFO: Starting training for 30 epoch(s)
2018-10-21 11:47:15,244:INFO: Epoch 1/30
2018-10-21 11:49:12,234:INFO: - Train metrics: accuracy: 0.635 ; loss: 0.648
2018-10-21 11:49:26,249:INFO: - Eval metrics : accuracy: 0.779 ; loss: 0.496
2018-10-21 11:49:26,320:INFO: - Found new best accuracy
2018-10-21 11:49:26,320:INFO: Epoch 2/30
2018-10-21 11:51:22,381:INFO: - Train metrics: accuracy: 0.789 ; loss: 0.477
2018-10-21 11:51:35,837:INFO: - Eval metrics : accuracy: 0.796 ; loss: 0.453
2018-10-21 11:51:35,875:INFO: - Found new best accuracy
2018-10-21 11:51:35,875:INFO: Epoch 3/30
2018-10-21 11:53:31,740:INFO: - Train metrics: accuracy: 0.721 ; loss: 0.528
2018-10-21 11:53:45,184:INFO: - Eval metrics : accuracy: 0.785 ; loss: 0.469
2018-10-21 11:53:45,225:INFO: Epoch 4/30
2018-10-21 11:55:40,217:INFO: - Train metrics: accuracy: 0.773 ; loss: 0.449
2018-10-21 11:55:53,761:INFO: - Eval metrics : accuracy: 0.794 ; loss: 0.445
2018-10-21 11:55:53,802:INFO: Epoch 5/30
2018-10-21 11:57:48,532:INFO: - Train metrics: accuracy: 0.792 ; loss: 0.430
2018-10-21 11:58:02,073:INFO: - Eval metrics : accuracy: 0.794 ; loss: 0.439
2018-10-21 11:58:02,108:INFO: Epoch 6/30
2018-10-21 11:59:56,742:INFO: - Train metrics: accuracy: 0.805 ; loss: 0.426
2018-10-21 12:00:10,374:INFO: - Eval metrics : accuracy: 0.800 ; loss: 0.431
2018-10-21 12:00:10,377:INFO: - Found new best accuracy
2018-10-21 12:00:10,377:INFO: Epoch 7/30
2018-10-21 12:02:03,200:INFO: - Train metrics: accuracy: 0.805 ; loss: 0.421
2018-10-21 12:02:16,720:INFO: - Eval metrics : accuracy: 0.802 ; loss: 0.423
2018-10-21 12:02:16,760:INFO: - Found new best accuracy
2018-10-21 12:02:16,760:INFO: Epoch 8/30
2018-10-21 12:04:09,219:INFO: - Train metrics: accuracy: 0.805 ; loss: 0.413
2018-10-21 12:04:22,783:INFO: - Eval metrics : accuracy: 0.808 ; loss: 0.412
2018-10-21 12:04:22,820:INFO: - Found new best accuracy
2018-10-21 12:04:22,820:INFO: Epoch 9/30
2018-10-21 12:06:15,962:INFO: - Train metrics: accuracy: 0.818 ; loss: 0.404
2018-10-21 12:06:29,512:INFO: - Eval metrics : accuracy: 0.809 ; loss: 0.409
2018-10-21 12:06:29,550:INFO: - Found new best accuracy
2018-10-21 12:06:29,550:INFO: Epoch 10/30
2018-10-21 12:08:24,212:INFO: - Train metrics: accuracy: 0.820 ; loss: 0.400
2018-10-21 12:08:37,750:INFO: - Eval metrics : accuracy: 0.806 ; loss: 0.423
2018-10-21 12:08:37,795:INFO: Epoch 11/30
2018-10-21 12:10:32,181:INFO: - Train metrics: accuracy: 0.812 ; loss: 0.401
2018-10-21 12:10:45,775:INFO: - Eval metrics : accuracy: 0.812 ; loss: 0.402
2018-10-21 12:10:45,809:INFO: - Found new best accuracy
2018-10-21 12:10:45,810:INFO: Epoch 12/30
2018-10-21 12:12:39,853:INFO: - Train metrics: accuracy: 0.820 ; loss: 0.394
2018-10-21 12:12:53,472:INFO: - Eval metrics : accuracy: 0.813 ; loss: 0.401
2018-10-21 12:12:53,510:INFO: - Found new best accuracy
2018-10-21 12:12:53,511:INFO: Epoch 13/30
2018-10-21 12:14:47,119:INFO: - Train metrics: accuracy: 0.818 ; loss: 0.395
2018-10-21 12:15:00,657:INFO: - Eval metrics : accuracy: 0.814 ; loss: 0.399
2018-10-21 12:15:00,690:INFO: - Found new best accuracy
2018-10-21 12:15:00,690:INFO: Epoch 14/30
2018-10-21 12:16:55,188:INFO: - Train metrics: accuracy: 0.812 ; loss: 0.394
2018-10-21 12:17:09,655:INFO: - Eval metrics : accuracy: 0.814 ; loss: 0.398
2018-10-21 12:17:09,694:INFO: - Found new best accuracy
2018-10-21 12:17:09,694:INFO: Epoch 15/30
2018-10-21 12:19:03,970:INFO: - Train metrics: accuracy: 0.818 ; loss: 0.395
2018-10-21 12:19:17,544:INFO: - Eval metrics : accuracy: 0.814 ; loss: 0.397
2018-10-21 12:19:17,582:INFO: - Found new best accuracy
2018-10-21 12:19:17,582:INFO: Epoch 16/30
2018-10-21 12:21:10,805:INFO: - Train metrics: accuracy: 0.815 ; loss: 0.396
2018-10-21 12:21:24,320:INFO: - Eval metrics : accuracy: 0.814 ; loss: 0.397
2018-10-21 12:21:24,362:INFO: Epoch 17/30
2018-10-21 12:23:18,358:INFO: - Train metrics: accuracy: 0.818 ; loss: 0.396
2018-10-21 12:23:31,972:INFO: - Eval metrics : accuracy: 0.815 ; loss: 0.397
2018-10-21 12:23:32,000:INFO: - Found new best accuracy
2018-10-21 12:23:32,001:INFO: Epoch 18/30
2018-10-21 12:25:26,362:INFO: - Train metrics: accuracy: 0.812 ; loss: 0.395
2018-10-21 12:25:39,874:INFO: - Eval metrics : accuracy: 0.815 ; loss: 0.397
2018-10-21 12:25:39,913:INFO: - Found new best accuracy
2018-10-21 12:25:39,914:INFO: Epoch 19/30
2018-10-21 12:27:34,734:INFO: - Train metrics: accuracy: 0.807 ; loss: 0.395
2018-10-21 12:27:48,254:INFO: - Eval metrics : accuracy: 0.815 ; loss: 0.396
2018-10-21 12:27:48,293:INFO: - Found new best accuracy
2018-10-21 12:27:48,293:INFO: Epoch 20/30
2018-10-21 12:29:42,605:INFO: - Train metrics: accuracy: 0.810 ; loss: 0.395
2018-10-21 12:29:56,148:INFO: - Eval metrics : accuracy: 0.816 ; loss: 0.396
2018-10-21 12:29:56,189:INFO: - Found new best accuracy
2018-10-21 12:29:56,189:INFO: Epoch 21/30
2018-10-21 12:31:50,267:INFO: - Train metrics: accuracy: 0.810 ; loss: 0.394
2018-10-21 12:32:03,821:INFO: - Eval metrics : accuracy: 0.815 ; loss: 0.396
2018-10-21 12:32:03,857:INFO: Epoch 22/30
2018-10-21 12:33:58,285:INFO: - Train metrics: accuracy: 0.810 ; loss: 0.395
2018-10-21 12:34:12,699:INFO: - Eval metrics : accuracy: 0.815 ; loss: 0.395
2018-10-21 12:34:12,739:INFO: Epoch 23/30
2018-10-21 12:36:06,771:INFO: - Train metrics: accuracy: 0.812 ; loss: 0.395
2018-10-21 12:36:20,268:INFO: - Eval metrics : accuracy: 0.815 ; loss: 0.395
2018-10-21 12:36:20,307:INFO: Epoch 24/30
2018-10-21 12:38:14,791:INFO: - Train metrics: accuracy: 0.815 ; loss: 0.395
2018-10-21 12:38:28,352:INFO: - Eval metrics : accuracy: 0.816 ; loss: 0.395
2018-10-21 12:38:28,390:INFO: Epoch 25/30
2018-10-21 12:40:22,616:INFO: - Train metrics: accuracy: 0.815 ; loss: 0.395
2018-10-21 12:40:36,153:INFO: - Eval metrics : accuracy: 0.815 ; loss: 0.395
2018-10-21 12:40:36,191:INFO: Epoch 26/30
2018-10-21 12:42:30,167:INFO: - Train metrics: accuracy: 0.818 ; loss: 0.395
2018-10-21 12:42:43,721:INFO: - Eval metrics : accuracy: 0.816 ; loss: 0.395
2018-10-21 12:42:43,761:INFO: Epoch 27/30
2018-10-21 12:44:38,555:INFO: - Train metrics: accuracy: 0.818 ; loss: 0.395
2018-10-21 12:44:52,047:INFO: - Eval metrics : accuracy: 0.816 ; loss: 0.395
2018-10-21 12:44:52,082:INFO: - Found new best accuracy
2018-10-21 12:44:52,082:INFO: Epoch 28/30
2018-10-21 12:46:46,690:INFO: - Train metrics: accuracy: 0.818 ; loss: 0.395
2018-10-21 12:47:00,228:INFO: - Eval metrics : accuracy: 0.816 ; loss: 0.395
2018-10-21 12:47:00,267:INFO: - Found new best accuracy
2018-10-21 12:47:00,268:INFO: Epoch 29/30
2018-10-21 12:48:55,142:INFO: - Train metrics: accuracy: 0.815 ; loss: 0.395
2018-10-21 12:49:08,691:INFO: - Eval metrics : accuracy: 0.816 ; loss: 0.395
2018-10-21 12:49:08,729:INFO: - Found new best accuracy
2018-10-21 12:49:08,729:INFO: Epoch 30/30
2018-10-21 12:51:04,093:INFO: - Train metrics: accuracy: 0.818 ; loss: 0.395
2018-10-21 12:51:17,685:INFO: - Eval metrics : accuracy: 0.816 ; loss: 0.395
2018-10-21 12:51:17,719:INFO: Total time (minutes) =64.13585775295893
