2018-10-30 23:13:50,842:INFO: search_hyperparam_sample_name=top_qcd_jets_antikt_kt__160000_Njets_128_batch
2018-10-30 23:13:50,844:INFO: Number of jet files for ttbar=200
2018-10-30 23:13:50,844:INFO: Loading ttbar jet files... 
2018-10-30 23:13:50,845:INFO: ttbar files list = ['tree_httv2_ttbar_DelphesPythia8_nompi_0.dat', 'tree_httv2_ttbar_DelphesPythia8_nompi_1.dat', 'tree_httv2_ttbar_DelphesPythia8_nompi_10.dat', 'tree_httv2_ttbar_DelphesPythia8_nompi_100.dat', 'tree_httv2_ttbar_DelphesPythia8_nompi_101.dat', 'tree_httv2_ttbar_DelphesPythia8_nompi_102.dat', 'tree_httv2_ttbar_DelphesPythia8_nompi_103.dat', 'tree_httv2_ttbar_DelphesPythia8_nompi_104.dat', 'tree_httv2_ttbar_DelphesPythia8_nompi_105.dat', 'tree_httv2_ttbar_DelphesPythia8_nompi_106.dat', 'tree_httv2_ttbar_DelphesPythia8_nompi_107.dat', 'tree_httv2_ttbar_DelphesPythia8_nompi_108.dat', 'tree_httv2_ttbar_DelphesPythia8_nompi_109.dat', 'tree_httv2_ttbar_DelphesPythia8_nompi_11.dat', 'tree_httv2_ttbar_DelphesPythia8_nompi_110.dat', 'tree_httv2_ttbar_DelphesPythia8_nompi_111.dat', 'tree_httv2_ttbar_DelphesPythia8_nompi_112.dat', 'tree_httv2_ttbar_DelphesPythia8_nompi_113.dat', 'tree_httv2_ttbar_DelphesPythia8_nompi_114.dat', 'tree_httv2_ttbar_DelphesPythia8_nompi_115.dat', 'tree_httv2_ttbar_DelphesPythia8_nompi_116.dat', 'tree_httv2_ttbar_DelphesPythia8_nompi_117.dat', 'tree_httv2_ttbar_DelphesPythia8_nompi_118.dat', 'tree_httv2_ttbar_DelphesPythia8_nompi_119.dat', 'tree_httv2_ttbar_DelphesPythia8_nompi_12.dat', 'tree_httv2_ttbar_DelphesPythia8_nompi_120.dat', 'tree_httv2_ttbar_DelphesPythia8_nompi_121.dat', 'tree_httv2_ttbar_DelphesPythia8_nompi_122.dat', 'tree_httv2_ttbar_DelphesPythia8_nompi_123.dat', 'tree_httv2_ttbar_DelphesPythia8_nompi_124.dat', 'tree_httv2_ttbar_DelphesPythia8_nompi_125.dat', 'tree_httv2_ttbar_DelphesPythia8_nompi_126.dat', 'tree_httv2_ttbar_DelphesPythia8_nompi_127.dat', 'tree_httv2_ttbar_DelphesPythia8_nompi_128.dat', 'tree_httv2_ttbar_DelphesPythia8_nompi_129.dat', 'tree_httv2_ttbar_DelphesPythia8_nompi_13.dat', 'tree_httv2_ttbar_DelphesPythia8_nompi_130.dat', 'tree_httv2_ttbar_DelphesPythia8_nompi_131.dat', 'tree_httv2_ttbar_DelphesPythia8_nompi_132.dat', 'tree_httv2_ttbar_DelphesPythia8_nompi_133.dat', 'tree_httv2_ttbar_DelphesPythia8_nompi_134.dat', 'tree_httv2_ttbar_DelphesPythia8_nompi_135.dat', 'tree_httv2_ttbar_DelphesPythia8_nompi_136.dat', 'tree_httv2_ttbar_DelphesPythia8_nompi_137.dat', 'tree_httv2_ttbar_DelphesPythia8_nompi_138.dat', 'tree_httv2_ttbar_DelphesPythia8_nompi_139.dat', 'tree_httv2_ttbar_DelphesPythia8_nompi_14.dat', 'tree_httv2_ttbar_DelphesPythia8_nompi_140.dat', 'tree_httv2_ttbar_DelphesPythia8_nompi_141.dat', 'tree_httv2_ttbar_DelphesPythia8_nompi_142.dat', 'tree_httv2_ttbar_DelphesPythia8_nompi_143.dat', 'tree_httv2_ttbar_DelphesPythia8_nompi_144.dat', 'tree_httv2_ttbar_DelphesPythia8_nompi_145.dat', 'tree_httv2_ttbar_DelphesPythia8_nompi_146.dat', 'tree_httv2_ttbar_DelphesPythia8_nompi_147.dat', 'tree_httv2_ttbar_DelphesPythia8_nompi_148.dat', 'tree_httv2_ttbar_DelphesPythia8_nompi_149.dat', 'tree_httv2_ttbar_DelphesPythia8_nompi_15.dat', 'tree_httv2_ttbar_DelphesPythia8_nompi_150.dat', 'tree_httv2_ttbar_DelphesPythia8_nompi_151.dat', 'tree_httv2_ttbar_DelphesPythia8_nompi_152.dat', 'tree_httv2_ttbar_DelphesPythia8_nompi_153.dat', 'tree_httv2_ttbar_DelphesPythia8_nompi_154.dat', 'tree_httv2_ttbar_DelphesPythia8_nompi_155.dat', 'tree_httv2_ttbar_DelphesPythia8_nompi_156.dat', 'tree_httv2_ttbar_DelphesPythia8_nompi_157.dat', 'tree_httv2_ttbar_DelphesPythia8_nompi_158.dat', 'tree_httv2_ttbar_DelphesPythia8_nompi_159.dat', 'tree_httv2_ttbar_DelphesPythia8_nompi_16.dat', 'tree_httv2_ttbar_DelphesPythia8_nompi_160.dat', 'tree_httv2_ttbar_DelphesPythia8_nompi_161.dat', 'tree_httv2_ttbar_DelphesPythia8_nompi_162.dat', 'tree_httv2_ttbar_DelphesPythia8_nompi_163.dat', 'tree_httv2_ttbar_DelphesPythia8_nompi_164.dat', 'tree_httv2_ttbar_DelphesPythia8_nompi_165.dat', 'tree_httv2_ttbar_DelphesPythia8_nompi_166.dat', 'tree_httv2_ttbar_DelphesPythia8_nompi_167.dat', 'tree_httv2_ttbar_DelphesPythia8_nompi_168.dat', 'tree_httv2_ttbar_DelphesPythia8_nompi_169.dat', 'tree_httv2_ttbar_DelphesPythia8_nompi_17.dat', 'tree_httv2_ttbar_DelphesPythia8_nompi_170.dat', 'tree_httv2_ttbar_DelphesPythia8_nompi_171.dat', 'tree_httv2_ttbar_DelphesPythia8_nompi_172.dat', 'tree_httv2_ttbar_DelphesPythia8_nompi_173.dat', 'tree_httv2_ttbar_DelphesPythia8_nompi_174.dat', 'tree_httv2_ttbar_DelphesPythia8_nompi_175.dat', 'tree_httv2_ttbar_DelphesPythia8_nompi_176.dat', 'tree_httv2_ttbar_DelphesPythia8_nompi_177.dat', 'tree_httv2_ttbar_DelphesPythia8_nompi_178.dat', 'tree_httv2_ttbar_DelphesPythia8_nompi_179.dat', 'tree_httv2_ttbar_DelphesPythia8_nompi_18.dat', 'tree_httv2_ttbar_DelphesPythia8_nompi_180.dat', 'tree_httv2_ttbar_DelphesPythia8_nompi_181.dat', 'tree_httv2_ttbar_DelphesPythia8_nompi_182.dat', 'tree_httv2_ttbar_DelphesPythia8_nompi_183.dat', 'tree_httv2_ttbar_DelphesPythia8_nompi_184.dat', 'tree_httv2_ttbar_DelphesPythia8_nompi_185.dat', 'tree_httv2_ttbar_DelphesPythia8_nompi_186.dat', 'tree_httv2_ttbar_DelphesPythia8_nompi_187.dat', 'tree_httv2_ttbar_DelphesPythia8_nompi_188.dat', 'tree_httv2_ttbar_DelphesPythia8_nompi_189.dat', 'tree_httv2_ttbar_DelphesPythia8_nompi_19.dat', 'tree_httv2_ttbar_DelphesPythia8_nompi_190.dat', 'tree_httv2_ttbar_DelphesPythia8_nompi_191.dat', 'tree_httv2_ttbar_DelphesPythia8_nompi_192.dat', 'tree_httv2_ttbar_DelphesPythia8_nompi_193.dat', 'tree_httv2_ttbar_DelphesPythia8_nompi_194.dat', 'tree_httv2_ttbar_DelphesPythia8_nompi_195.dat', 'tree_httv2_ttbar_DelphesPythia8_nompi_196.dat', 'tree_httv2_ttbar_DelphesPythia8_nompi_197.dat', 'tree_httv2_ttbar_DelphesPythia8_nompi_198.dat', 'tree_httv2_ttbar_DelphesPythia8_nompi_199.dat', 'tree_httv2_ttbar_DelphesPythia8_nompi_2.dat', 'tree_httv2_ttbar_DelphesPythia8_nompi_20.dat', 'tree_httv2_ttbar_DelphesPythia8_nompi_21.dat', 'tree_httv2_ttbar_DelphesPythia8_nompi_22.dat', 'tree_httv2_ttbar_DelphesPythia8_nompi_23.dat', 'tree_httv2_ttbar_DelphesPythia8_nompi_24.dat', 'tree_httv2_ttbar_DelphesPythia8_nompi_25.dat', 'tree_httv2_ttbar_DelphesPythia8_nompi_26.dat', 'tree_httv2_ttbar_DelphesPythia8_nompi_27.dat', 'tree_httv2_ttbar_DelphesPythia8_nompi_28.dat', 'tree_httv2_ttbar_DelphesPythia8_nompi_29.dat', 'tree_httv2_ttbar_DelphesPythia8_nompi_3.dat', 'tree_httv2_ttbar_DelphesPythia8_nompi_30.dat', 'tree_httv2_ttbar_DelphesPythia8_nompi_31.dat', 'tree_httv2_ttbar_DelphesPythia8_nompi_32.dat', 'tree_httv2_ttbar_DelphesPythia8_nompi_33.dat', 'tree_httv2_ttbar_DelphesPythia8_nompi_34.dat', 'tree_httv2_ttbar_DelphesPythia8_nompi_35.dat', 'tree_httv2_ttbar_DelphesPythia8_nompi_36.dat', 'tree_httv2_ttbar_DelphesPythia8_nompi_37.dat', 'tree_httv2_ttbar_DelphesPythia8_nompi_38.dat', 'tree_httv2_ttbar_DelphesPythia8_nompi_39.dat', 'tree_httv2_ttbar_DelphesPythia8_nompi_4.dat', 'tree_httv2_ttbar_DelphesPythia8_nompi_40.dat', 'tree_httv2_ttbar_DelphesPythia8_nompi_41.dat', 'tree_httv2_ttbar_DelphesPythia8_nompi_42.dat', 'tree_httv2_ttbar_DelphesPythia8_nompi_43.dat', 'tree_httv2_ttbar_DelphesPythia8_nompi_44.dat', 'tree_httv2_ttbar_DelphesPythia8_nompi_45.dat', 'tree_httv2_ttbar_DelphesPythia8_nompi_46.dat', 'tree_httv2_ttbar_DelphesPythia8_nompi_47.dat', 'tree_httv2_ttbar_DelphesPythia8_nompi_48.dat', 'tree_httv2_ttbar_DelphesPythia8_nompi_49.dat', 'tree_httv2_ttbar_DelphesPythia8_nompi_5.dat', 'tree_httv2_ttbar_DelphesPythia8_nompi_50.dat', 'tree_httv2_ttbar_DelphesPythia8_nompi_51.dat', 'tree_httv2_ttbar_DelphesPythia8_nompi_52.dat', 'tree_httv2_ttbar_DelphesPythia8_nompi_53.dat', 'tree_httv2_ttbar_DelphesPythia8_nompi_54.dat', 'tree_httv2_ttbar_DelphesPythia8_nompi_55.dat', 'tree_httv2_ttbar_DelphesPythia8_nompi_56.dat', 'tree_httv2_ttbar_DelphesPythia8_nompi_57.dat', 'tree_httv2_ttbar_DelphesPythia8_nompi_58.dat', 'tree_httv2_ttbar_DelphesPythia8_nompi_59.dat', 'tree_httv2_ttbar_DelphesPythia8_nompi_6.dat', 'tree_httv2_ttbar_DelphesPythia8_nompi_60.dat', 'tree_httv2_ttbar_DelphesPythia8_nompi_61.dat', 'tree_httv2_ttbar_DelphesPythia8_nompi_62.dat', 'tree_httv2_ttbar_DelphesPythia8_nompi_63.dat', 'tree_httv2_ttbar_DelphesPythia8_nompi_64.dat', 'tree_httv2_ttbar_DelphesPythia8_nompi_65.dat', 'tree_httv2_ttbar_DelphesPythia8_nompi_66.dat', 'tree_httv2_ttbar_DelphesPythia8_nompi_67.dat', 'tree_httv2_ttbar_DelphesPythia8_nompi_68.dat', 'tree_httv2_ttbar_DelphesPythia8_nompi_69.dat', 'tree_httv2_ttbar_DelphesPythia8_nompi_7.dat', 'tree_httv2_ttbar_DelphesPythia8_nompi_70.dat', 'tree_httv2_ttbar_DelphesPythia8_nompi_71.dat', 'tree_httv2_ttbar_DelphesPythia8_nompi_72.dat', 'tree_httv2_ttbar_DelphesPythia8_nompi_73.dat', 'tree_httv2_ttbar_DelphesPythia8_nompi_74.dat', 'tree_httv2_ttbar_DelphesPythia8_nompi_75.dat', 'tree_httv2_ttbar_DelphesPythia8_nompi_76.dat', 'tree_httv2_ttbar_DelphesPythia8_nompi_77.dat', 'tree_httv2_ttbar_DelphesPythia8_nompi_78.dat', 'tree_httv2_ttbar_DelphesPythia8_nompi_79.dat', 'tree_httv2_ttbar_DelphesPythia8_nompi_8.dat', 'tree_httv2_ttbar_DelphesPythia8_nompi_80.dat', 'tree_httv2_ttbar_DelphesPythia8_nompi_81.dat', 'tree_httv2_ttbar_DelphesPythia8_nompi_82.dat', 'tree_httv2_ttbar_DelphesPythia8_nompi_83.dat', 'tree_httv2_ttbar_DelphesPythia8_nompi_84.dat', 'tree_httv2_ttbar_DelphesPythia8_nompi_85.dat', 'tree_httv2_ttbar_DelphesPythia8_nompi_86.dat', 'tree_httv2_ttbar_DelphesPythia8_nompi_87.dat', 'tree_httv2_ttbar_DelphesPythia8_nompi_88.dat', 'tree_httv2_ttbar_DelphesPythia8_nompi_89.dat', 'tree_httv2_ttbar_DelphesPythia8_nompi_9.dat', 'tree_httv2_ttbar_DelphesPythia8_nompi_90.dat', 'tree_httv2_ttbar_DelphesPythia8_nompi_91.dat', 'tree_httv2_ttbar_DelphesPythia8_nompi_92.dat', 'tree_httv2_ttbar_DelphesPythia8_nompi_93.dat', 'tree_httv2_ttbar_DelphesPythia8_nompi_94.dat', 'tree_httv2_ttbar_DelphesPythia8_nompi_95.dat', 'tree_httv2_ttbar_DelphesPythia8_nompi_96.dat', 'tree_httv2_ttbar_DelphesPythia8_nompi_97.dat', 'tree_httv2_ttbar_DelphesPythia8_nompi_98.dat', 'tree_httv2_ttbar_DelphesPythia8_nompi_99.dat']
2018-10-30 23:13:52,613:INFO: Ntotjets=10000
2018-10-30 23:13:54,576:INFO: Ntotjets=20000
2018-10-30 23:13:56,577:INFO: Ntotjets=30000
2018-10-30 23:13:58,184:INFO: Ntotjets=40000
2018-10-30 23:13:59,785:INFO: Ntotjets=50000
2018-10-30 23:14:01,385:INFO: Ntotjets=60000
2018-10-30 23:14:03,031:INFO: Ntotjets=70000
2018-10-30 23:14:04,617:INFO: Ntotjets=80000
2018-10-30 23:14:06,300:INFO: Ntotjets=90000
2018-10-30 23:14:07,955:INFO: Ntotjets=100000
2018-10-30 23:14:09,603:INFO: Ntotjets=110000
2018-10-30 23:14:11,343:INFO: Ntotjets=120000
2018-10-30 23:14:13,033:INFO: Ntotjets=130000
2018-10-30 23:14:14,669:INFO: Ntotjets=140000
2018-10-30 23:14:16,320:INFO: Ntotjets=150000
2018-10-30 23:14:18,054:INFO: Ntotjets=160000
2018-10-30 23:14:18,055:INFO: Number of jet files for qcd=200
2018-10-30 23:14:18,055:INFO: Loading qcd jet files... 
2018-10-30 23:14:18,055:INFO: qcd files list = ['tree_httv2_qcd_DelphesPythia8_nompi_0.dat', 'tree_httv2_qcd_DelphesPythia8_nompi_1.dat', 'tree_httv2_qcd_DelphesPythia8_nompi_10.dat', 'tree_httv2_qcd_DelphesPythia8_nompi_100.dat', 'tree_httv2_qcd_DelphesPythia8_nompi_101.dat', 'tree_httv2_qcd_DelphesPythia8_nompi_102.dat', 'tree_httv2_qcd_DelphesPythia8_nompi_103.dat', 'tree_httv2_qcd_DelphesPythia8_nompi_104.dat', 'tree_httv2_qcd_DelphesPythia8_nompi_105.dat', 'tree_httv2_qcd_DelphesPythia8_nompi_106.dat', 'tree_httv2_qcd_DelphesPythia8_nompi_107.dat', 'tree_httv2_qcd_DelphesPythia8_nompi_108.dat', 'tree_httv2_qcd_DelphesPythia8_nompi_109.dat', 'tree_httv2_qcd_DelphesPythia8_nompi_11.dat', 'tree_httv2_qcd_DelphesPythia8_nompi_110.dat', 'tree_httv2_qcd_DelphesPythia8_nompi_111.dat', 'tree_httv2_qcd_DelphesPythia8_nompi_112.dat', 'tree_httv2_qcd_DelphesPythia8_nompi_113.dat', 'tree_httv2_qcd_DelphesPythia8_nompi_114.dat', 'tree_httv2_qcd_DelphesPythia8_nompi_115.dat', 'tree_httv2_qcd_DelphesPythia8_nompi_116.dat', 'tree_httv2_qcd_DelphesPythia8_nompi_117.dat', 'tree_httv2_qcd_DelphesPythia8_nompi_118.dat', 'tree_httv2_qcd_DelphesPythia8_nompi_119.dat', 'tree_httv2_qcd_DelphesPythia8_nompi_12.dat', 'tree_httv2_qcd_DelphesPythia8_nompi_120.dat', 'tree_httv2_qcd_DelphesPythia8_nompi_121.dat', 'tree_httv2_qcd_DelphesPythia8_nompi_122.dat', 'tree_httv2_qcd_DelphesPythia8_nompi_123.dat', 'tree_httv2_qcd_DelphesPythia8_nompi_124.dat', 'tree_httv2_qcd_DelphesPythia8_nompi_125.dat', 'tree_httv2_qcd_DelphesPythia8_nompi_126.dat', 'tree_httv2_qcd_DelphesPythia8_nompi_127.dat', 'tree_httv2_qcd_DelphesPythia8_nompi_128.dat', 'tree_httv2_qcd_DelphesPythia8_nompi_129.dat', 'tree_httv2_qcd_DelphesPythia8_nompi_13.dat', 'tree_httv2_qcd_DelphesPythia8_nompi_130.dat', 'tree_httv2_qcd_DelphesPythia8_nompi_131.dat', 'tree_httv2_qcd_DelphesPythia8_nompi_132.dat', 'tree_httv2_qcd_DelphesPythia8_nompi_133.dat', 'tree_httv2_qcd_DelphesPythia8_nompi_134.dat', 'tree_httv2_qcd_DelphesPythia8_nompi_135.dat', 'tree_httv2_qcd_DelphesPythia8_nompi_136.dat', 'tree_httv2_qcd_DelphesPythia8_nompi_137.dat', 'tree_httv2_qcd_DelphesPythia8_nompi_138.dat', 'tree_httv2_qcd_DelphesPythia8_nompi_139.dat', 'tree_httv2_qcd_DelphesPythia8_nompi_14.dat', 'tree_httv2_qcd_DelphesPythia8_nompi_140.dat', 'tree_httv2_qcd_DelphesPythia8_nompi_141.dat', 'tree_httv2_qcd_DelphesPythia8_nompi_142.dat', 'tree_httv2_qcd_DelphesPythia8_nompi_143.dat', 'tree_httv2_qcd_DelphesPythia8_nompi_144.dat', 'tree_httv2_qcd_DelphesPythia8_nompi_145.dat', 'tree_httv2_qcd_DelphesPythia8_nompi_146.dat', 'tree_httv2_qcd_DelphesPythia8_nompi_147.dat', 'tree_httv2_qcd_DelphesPythia8_nompi_148.dat', 'tree_httv2_qcd_DelphesPythia8_nompi_149.dat', 'tree_httv2_qcd_DelphesPythia8_nompi_15.dat', 'tree_httv2_qcd_DelphesPythia8_nompi_150.dat', 'tree_httv2_qcd_DelphesPythia8_nompi_151.dat', 'tree_httv2_qcd_DelphesPythia8_nompi_152.dat', 'tree_httv2_qcd_DelphesPythia8_nompi_153.dat', 'tree_httv2_qcd_DelphesPythia8_nompi_154.dat', 'tree_httv2_qcd_DelphesPythia8_nompi_155.dat', 'tree_httv2_qcd_DelphesPythia8_nompi_156.dat', 'tree_httv2_qcd_DelphesPythia8_nompi_157.dat', 'tree_httv2_qcd_DelphesPythia8_nompi_158.dat', 'tree_httv2_qcd_DelphesPythia8_nompi_159.dat', 'tree_httv2_qcd_DelphesPythia8_nompi_16.dat', 'tree_httv2_qcd_DelphesPythia8_nompi_160.dat', 'tree_httv2_qcd_DelphesPythia8_nompi_161.dat', 'tree_httv2_qcd_DelphesPythia8_nompi_162.dat', 'tree_httv2_qcd_DelphesPythia8_nompi_163.dat', 'tree_httv2_qcd_DelphesPythia8_nompi_164.dat', 'tree_httv2_qcd_DelphesPythia8_nompi_165.dat', 'tree_httv2_qcd_DelphesPythia8_nompi_166.dat', 'tree_httv2_qcd_DelphesPythia8_nompi_167.dat', 'tree_httv2_qcd_DelphesPythia8_nompi_168.dat', 'tree_httv2_qcd_DelphesPythia8_nompi_169.dat', 'tree_httv2_qcd_DelphesPythia8_nompi_17.dat', 'tree_httv2_qcd_DelphesPythia8_nompi_170.dat', 'tree_httv2_qcd_DelphesPythia8_nompi_171.dat', 'tree_httv2_qcd_DelphesPythia8_nompi_172.dat', 'tree_httv2_qcd_DelphesPythia8_nompi_173.dat', 'tree_httv2_qcd_DelphesPythia8_nompi_174.dat', 'tree_httv2_qcd_DelphesPythia8_nompi_175.dat', 'tree_httv2_qcd_DelphesPythia8_nompi_176.dat', 'tree_httv2_qcd_DelphesPythia8_nompi_177.dat', 'tree_httv2_qcd_DelphesPythia8_nompi_178.dat', 'tree_httv2_qcd_DelphesPythia8_nompi_179.dat', 'tree_httv2_qcd_DelphesPythia8_nompi_18.dat', 'tree_httv2_qcd_DelphesPythia8_nompi_180.dat', 'tree_httv2_qcd_DelphesPythia8_nompi_181.dat', 'tree_httv2_qcd_DelphesPythia8_nompi_182.dat', 'tree_httv2_qcd_DelphesPythia8_nompi_183.dat', 'tree_httv2_qcd_DelphesPythia8_nompi_184.dat', 'tree_httv2_qcd_DelphesPythia8_nompi_185.dat', 'tree_httv2_qcd_DelphesPythia8_nompi_186.dat', 'tree_httv2_qcd_DelphesPythia8_nompi_187.dat', 'tree_httv2_qcd_DelphesPythia8_nompi_188.dat', 'tree_httv2_qcd_DelphesPythia8_nompi_189.dat', 'tree_httv2_qcd_DelphesPythia8_nompi_19.dat', 'tree_httv2_qcd_DelphesPythia8_nompi_190.dat', 'tree_httv2_qcd_DelphesPythia8_nompi_191.dat', 'tree_httv2_qcd_DelphesPythia8_nompi_192.dat', 'tree_httv2_qcd_DelphesPythia8_nompi_193.dat', 'tree_httv2_qcd_DelphesPythia8_nompi_194.dat', 'tree_httv2_qcd_DelphesPythia8_nompi_195.dat', 'tree_httv2_qcd_DelphesPythia8_nompi_196.dat', 'tree_httv2_qcd_DelphesPythia8_nompi_197.dat', 'tree_httv2_qcd_DelphesPythia8_nompi_198.dat', 'tree_httv2_qcd_DelphesPythia8_nompi_199.dat', 'tree_httv2_qcd_DelphesPythia8_nompi_2.dat', 'tree_httv2_qcd_DelphesPythia8_nompi_20.dat', 'tree_httv2_qcd_DelphesPythia8_nompi_21.dat', 'tree_httv2_qcd_DelphesPythia8_nompi_22.dat', 'tree_httv2_qcd_DelphesPythia8_nompi_23.dat', 'tree_httv2_qcd_DelphesPythia8_nompi_24.dat', 'tree_httv2_qcd_DelphesPythia8_nompi_25.dat', 'tree_httv2_qcd_DelphesPythia8_nompi_26.dat', 'tree_httv2_qcd_DelphesPythia8_nompi_27.dat', 'tree_httv2_qcd_DelphesPythia8_nompi_28.dat', 'tree_httv2_qcd_DelphesPythia8_nompi_29.dat', 'tree_httv2_qcd_DelphesPythia8_nompi_3.dat', 'tree_httv2_qcd_DelphesPythia8_nompi_30.dat', 'tree_httv2_qcd_DelphesPythia8_nompi_31.dat', 'tree_httv2_qcd_DelphesPythia8_nompi_32.dat', 'tree_httv2_qcd_DelphesPythia8_nompi_33.dat', 'tree_httv2_qcd_DelphesPythia8_nompi_34.dat', 'tree_httv2_qcd_DelphesPythia8_nompi_35.dat', 'tree_httv2_qcd_DelphesPythia8_nompi_36.dat', 'tree_httv2_qcd_DelphesPythia8_nompi_37.dat', 'tree_httv2_qcd_DelphesPythia8_nompi_38.dat', 'tree_httv2_qcd_DelphesPythia8_nompi_39.dat', 'tree_httv2_qcd_DelphesPythia8_nompi_4.dat', 'tree_httv2_qcd_DelphesPythia8_nompi_40.dat', 'tree_httv2_qcd_DelphesPythia8_nompi_41.dat', 'tree_httv2_qcd_DelphesPythia8_nompi_42.dat', 'tree_httv2_qcd_DelphesPythia8_nompi_43.dat', 'tree_httv2_qcd_DelphesPythia8_nompi_44.dat', 'tree_httv2_qcd_DelphesPythia8_nompi_45.dat', 'tree_httv2_qcd_DelphesPythia8_nompi_46.dat', 'tree_httv2_qcd_DelphesPythia8_nompi_47.dat', 'tree_httv2_qcd_DelphesPythia8_nompi_48.dat', 'tree_httv2_qcd_DelphesPythia8_nompi_49.dat', 'tree_httv2_qcd_DelphesPythia8_nompi_5.dat', 'tree_httv2_qcd_DelphesPythia8_nompi_50.dat', 'tree_httv2_qcd_DelphesPythia8_nompi_51.dat', 'tree_httv2_qcd_DelphesPythia8_nompi_52.dat', 'tree_httv2_qcd_DelphesPythia8_nompi_53.dat', 'tree_httv2_qcd_DelphesPythia8_nompi_54.dat', 'tree_httv2_qcd_DelphesPythia8_nompi_55.dat', 'tree_httv2_qcd_DelphesPythia8_nompi_56.dat', 'tree_httv2_qcd_DelphesPythia8_nompi_57.dat', 'tree_httv2_qcd_DelphesPythia8_nompi_58.dat', 'tree_httv2_qcd_DelphesPythia8_nompi_59.dat', 'tree_httv2_qcd_DelphesPythia8_nompi_6.dat', 'tree_httv2_qcd_DelphesPythia8_nompi_60.dat', 'tree_httv2_qcd_DelphesPythia8_nompi_61.dat', 'tree_httv2_qcd_DelphesPythia8_nompi_62.dat', 'tree_httv2_qcd_DelphesPythia8_nompi_63.dat', 'tree_httv2_qcd_DelphesPythia8_nompi_64.dat', 'tree_httv2_qcd_DelphesPythia8_nompi_65.dat', 'tree_httv2_qcd_DelphesPythia8_nompi_66.dat', 'tree_httv2_qcd_DelphesPythia8_nompi_67.dat', 'tree_httv2_qcd_DelphesPythia8_nompi_68.dat', 'tree_httv2_qcd_DelphesPythia8_nompi_69.dat', 'tree_httv2_qcd_DelphesPythia8_nompi_7.dat', 'tree_httv2_qcd_DelphesPythia8_nompi_70.dat', 'tree_httv2_qcd_DelphesPythia8_nompi_71.dat', 'tree_httv2_qcd_DelphesPythia8_nompi_72.dat', 'tree_httv2_qcd_DelphesPythia8_nompi_73.dat', 'tree_httv2_qcd_DelphesPythia8_nompi_74.dat', 'tree_httv2_qcd_DelphesPythia8_nompi_75.dat', 'tree_httv2_qcd_DelphesPythia8_nompi_76.dat', 'tree_httv2_qcd_DelphesPythia8_nompi_77.dat', 'tree_httv2_qcd_DelphesPythia8_nompi_78.dat', 'tree_httv2_qcd_DelphesPythia8_nompi_79.dat', 'tree_httv2_qcd_DelphesPythia8_nompi_8.dat', 'tree_httv2_qcd_DelphesPythia8_nompi_80.dat', 'tree_httv2_qcd_DelphesPythia8_nompi_81.dat', 'tree_httv2_qcd_DelphesPythia8_nompi_82.dat', 'tree_httv2_qcd_DelphesPythia8_nompi_83.dat', 'tree_httv2_qcd_DelphesPythia8_nompi_84.dat', 'tree_httv2_qcd_DelphesPythia8_nompi_85.dat', 'tree_httv2_qcd_DelphesPythia8_nompi_86.dat', 'tree_httv2_qcd_DelphesPythia8_nompi_87.dat', 'tree_httv2_qcd_DelphesPythia8_nompi_88.dat', 'tree_httv2_qcd_DelphesPythia8_nompi_89.dat', 'tree_httv2_qcd_DelphesPythia8_nompi_9.dat', 'tree_httv2_qcd_DelphesPythia8_nompi_90.dat', 'tree_httv2_qcd_DelphesPythia8_nompi_91.dat', 'tree_httv2_qcd_DelphesPythia8_nompi_92.dat', 'tree_httv2_qcd_DelphesPythia8_nompi_93.dat', 'tree_httv2_qcd_DelphesPythia8_nompi_94.dat', 'tree_httv2_qcd_DelphesPythia8_nompi_95.dat', 'tree_httv2_qcd_DelphesPythia8_nompi_96.dat', 'tree_httv2_qcd_DelphesPythia8_nompi_97.dat', 'tree_httv2_qcd_DelphesPythia8_nompi_98.dat', 'tree_httv2_qcd_DelphesPythia8_nompi_99.dat']
2018-10-30 23:14:19,444:INFO: Ntotjets=10000
2018-10-30 23:14:20,860:INFO: Ntotjets=20000
2018-10-30 23:14:22,264:INFO: Ntotjets=30000
2018-10-30 23:14:23,681:INFO: Ntotjets=40000
2018-10-30 23:14:25,088:INFO: Ntotjets=50000
2018-10-30 23:14:26,472:INFO: Ntotjets=60000
2018-10-30 23:14:27,861:INFO: Ntotjets=70000
2018-10-30 23:14:29,245:INFO: Ntotjets=80000
2018-10-30 23:14:30,625:INFO: Ntotjets=90000
2018-10-30 23:14:32,008:INFO: Ntotjets=100000
2018-10-30 23:14:33,381:INFO: Ntotjets=110000
2018-10-30 23:14:34,769:INFO: Ntotjets=120000
2018-10-30 23:14:36,158:INFO: Ntotjets=130000
2018-10-30 23:14:37,536:INFO: Ntotjets=140000
2018-10-30 23:14:38,913:INFO: Ntotjets=150000
2018-10-30 23:14:40,287:INFO: Ntotjets=160000
2018-10-30 23:14:40,287:INFO: Tree generation time (minutes) =0.8240826884905498
2018-10-30 23:35:44,331:INFO: search_hyperparam_sample_name=top_qcd_jets_antikt_kt__160000_Njets_128_batch
2018-10-30 23:35:44,332:INFO: ------------------------------------------------------------
2018-10-30 23:35:44,332:INFO: Loading the datasets...
2018-10-30 23:35:48,356:INFO: - done loading the datasets
2018-10-30 23:35:48,402:INFO: ------------------------------------------------------------
2018-10-30 23:35:50,049:INFO: Building optimizer...
2018-10-30 23:35:50,049:INFO: Starting training for 40 epoch(s)
2018-10-30 23:35:50,049:INFO: Epoch 1/40
2018-10-30 23:36:33,836:INFO: - Train metrics: accuracy: 0.751 ; loss: 0.924
2018-10-30 23:36:42,073:INFO: - Eval metrics : accuracy: 0.776 ; loss: 0.450
2018-10-30 23:36:42,084:INFO: - Found new best accuracy
2018-10-30 23:36:42,085:INFO: Epoch 2/40
2018-10-30 23:37:25,410:INFO: - Train metrics: accuracy: 0.796 ; loss: 0.423
2018-10-30 23:37:34,098:INFO: - Eval metrics : accuracy: 0.753 ; loss: 0.506
2018-10-30 23:37:34,141:INFO: Epoch 3/40
2018-10-30 23:38:15,567:INFO: - Train metrics: accuracy: 0.804 ; loss: 0.406
2018-10-30 23:38:23,906:INFO: - Eval metrics : accuracy: 0.789 ; loss: 0.432
2018-10-30 23:38:23,936:INFO: - Found new best accuracy
2018-10-30 23:38:23,937:INFO: Epoch 4/40
2018-10-30 23:39:04,896:INFO: - Train metrics: accuracy: 0.857 ; loss: 0.313
2018-10-30 23:39:13,096:INFO: - Eval metrics : accuracy: 0.900 ; loss: 0.237
2018-10-30 23:39:13,131:INFO: - Found new best accuracy
2018-10-30 23:39:13,131:INFO: Epoch 5/40
2018-10-30 23:39:51,158:INFO: - Train metrics: accuracy: 0.912 ; loss: 0.206
2018-10-30 23:39:59,497:INFO: - Eval metrics : accuracy: 0.909 ; loss: 0.221
2018-10-30 23:39:59,527:INFO: - Found new best accuracy
2018-10-30 23:39:59,527:INFO: Epoch 6/40
2018-10-30 23:40:39,157:INFO: - Train metrics: accuracy: 0.920 ; loss: 0.190
2018-10-30 23:40:47,431:INFO: - Eval metrics : accuracy: 0.909 ; loss: 0.217
2018-10-30 23:40:47,465:INFO: Epoch 7/40
2018-10-30 23:41:26,247:INFO: - Train metrics: accuracy: 0.917 ; loss: 0.190
2018-10-30 23:41:34,442:INFO: - Eval metrics : accuracy: 0.924 ; loss: 0.183
2018-10-30 23:41:34,477:INFO: - Found new best accuracy
2018-10-30 23:41:34,478:INFO: Epoch 8/40
2018-10-30 23:42:13,389:INFO: - Train metrics: accuracy: 0.920 ; loss: 0.193
2018-10-30 23:42:21,593:INFO: - Eval metrics : accuracy: 0.930 ; loss: 0.170
2018-10-30 23:42:21,632:INFO: - Found new best accuracy
2018-10-30 23:42:21,632:INFO: Epoch 9/40
2018-10-30 23:43:00,790:INFO: - Train metrics: accuracy: 0.923 ; loss: 0.184
2018-10-30 23:43:08,998:INFO: - Eval metrics : accuracy: 0.930 ; loss: 0.168
2018-10-30 23:43:09,036:INFO: - Found new best accuracy
2018-10-30 23:43:09,036:INFO: Epoch 10/40
2018-10-30 23:43:47,618:INFO: - Train metrics: accuracy: 0.930 ; loss: 0.173
2018-10-30 23:43:55,816:INFO: - Eval metrics : accuracy: 0.932 ; loss: 0.165
2018-10-30 23:43:55,855:INFO: - Found new best accuracy
2018-10-30 23:43:55,856:INFO: Epoch 11/40
2018-10-30 23:44:35,685:INFO: - Train metrics: accuracy: 0.926 ; loss: 0.177
2018-10-30 23:44:44,067:INFO: - Eval metrics : accuracy: 0.931 ; loss: 0.167
2018-10-30 23:44:44,102:INFO: Epoch 12/40
2018-10-30 23:45:23,282:INFO: - Train metrics: accuracy: 0.927 ; loss: 0.174
2018-10-30 23:45:31,488:INFO: - Eval metrics : accuracy: 0.931 ; loss: 0.168
2018-10-30 23:45:31,523:INFO: Epoch 13/40
2018-10-30 23:46:09,885:INFO: - Train metrics: accuracy: 0.928 ; loss: 0.175
2018-10-30 23:46:18,080:INFO: - Eval metrics : accuracy: 0.934 ; loss: 0.163
2018-10-30 23:46:18,118:INFO: - Found new best accuracy
2018-10-30 23:46:18,118:INFO: Epoch 14/40
2018-10-30 23:46:56,774:INFO: - Train metrics: accuracy: 0.935 ; loss: 0.170
2018-10-30 23:47:04,956:INFO: - Eval metrics : accuracy: 0.934 ; loss: 0.161
2018-10-30 23:47:05,005:INFO: - Found new best accuracy
2018-10-30 23:47:05,006:INFO: Epoch 15/40
2018-10-30 23:47:44,162:INFO: - Train metrics: accuracy: 0.934 ; loss: 0.171
2018-10-30 23:47:52,366:INFO: - Eval metrics : accuracy: 0.935 ; loss: 0.159
2018-10-30 23:47:52,410:INFO: - Found new best accuracy
2018-10-30 23:47:52,410:INFO: Epoch 16/40
2018-10-30 23:48:32,563:INFO: - Train metrics: accuracy: 0.928 ; loss: 0.172
2018-10-30 23:48:40,771:INFO: - Eval metrics : accuracy: 0.935 ; loss: 0.159
2018-10-30 23:48:40,815:INFO: - Found new best accuracy
2018-10-30 23:48:40,816:INFO: Epoch 17/40
2018-10-30 23:49:20,647:INFO: - Train metrics: accuracy: 0.929 ; loss: 0.171
2018-10-30 23:49:28,889:INFO: - Eval metrics : accuracy: 0.936 ; loss: 0.157
2018-10-30 23:49:28,925:INFO: - Found new best accuracy
2018-10-30 23:49:28,925:INFO: Epoch 18/40
2018-10-30 23:50:07,869:INFO: - Train metrics: accuracy: 0.930 ; loss: 0.170
2018-10-30 23:50:16,242:INFO: - Eval metrics : accuracy: 0.935 ; loss: 0.157
2018-10-30 23:50:16,273:INFO: Epoch 19/40
2018-10-30 23:50:55,345:INFO: - Train metrics: accuracy: 0.930 ; loss: 0.168
2018-10-30 23:51:03,545:INFO: - Eval metrics : accuracy: 0.936 ; loss: 0.156
2018-10-30 23:51:03,584:INFO: - Found new best accuracy
2018-10-30 23:51:03,584:INFO: Epoch 20/40
2018-10-30 23:51:42,790:INFO: - Train metrics: accuracy: 0.932 ; loss: 0.167
2018-10-30 23:51:51,193:INFO: - Eval metrics : accuracy: 0.937 ; loss: 0.155
2018-10-30 23:51:51,232:INFO: - Found new best accuracy
2018-10-30 23:51:51,232:INFO: Epoch 21/40
2018-10-30 23:52:29,846:INFO: - Train metrics: accuracy: 0.932 ; loss: 0.167
2018-10-30 23:52:38,096:INFO: - Eval metrics : accuracy: 0.937 ; loss: 0.155
2018-10-30 23:52:38,136:INFO: Epoch 22/40
2018-10-30 23:53:17,209:INFO: - Train metrics: accuracy: 0.932 ; loss: 0.167
2018-10-30 23:53:25,446:INFO: - Eval metrics : accuracy: 0.937 ; loss: 0.156
2018-10-30 23:53:25,488:INFO: Epoch 23/40
2018-10-30 23:54:04,618:INFO: - Train metrics: accuracy: 0.932 ; loss: 0.165
2018-10-30 23:54:12,840:INFO: - Eval metrics : accuracy: 0.937 ; loss: 0.155
2018-10-30 23:54:12,877:INFO: Epoch 24/40
2018-10-30 23:54:51,628:INFO: - Train metrics: accuracy: 0.932 ; loss: 0.165
2018-10-30 23:54:59,841:INFO: - Eval metrics : accuracy: 0.937 ; loss: 0.155
2018-10-30 23:54:59,882:INFO: Epoch 25/40
2018-10-30 23:55:39,918:INFO: - Train metrics: accuracy: 0.932 ; loss: 0.165
2018-10-30 23:55:48,139:INFO: - Eval metrics : accuracy: 0.937 ; loss: 0.155
2018-10-30 23:55:48,167:INFO: Epoch 26/40
2018-10-30 23:56:27,560:INFO: - Train metrics: accuracy: 0.930 ; loss: 0.165
2018-10-30 23:56:35,869:INFO: - Eval metrics : accuracy: 0.937 ; loss: 0.155
2018-10-30 23:56:35,907:INFO: - Found new best accuracy
2018-10-30 23:56:35,908:INFO: Epoch 27/40
2018-10-30 23:57:16,289:INFO: - Train metrics: accuracy: 0.932 ; loss: 0.165
2018-10-30 23:57:24,565:INFO: - Eval metrics : accuracy: 0.937 ; loss: 0.155
2018-10-30 23:57:24,607:INFO: - Found new best accuracy
2018-10-30 23:57:24,608:INFO: Epoch 28/40
2018-10-30 23:58:04,743:INFO: - Train metrics: accuracy: 0.931 ; loss: 0.164
2018-10-30 23:58:13,142:INFO: - Eval metrics : accuracy: 0.938 ; loss: 0.154
2018-10-30 23:58:13,180:INFO: - Found new best accuracy
2018-10-30 23:58:13,180:INFO: Epoch 29/40
2018-10-30 23:58:52,729:INFO: - Train metrics: accuracy: 0.930 ; loss: 0.165
2018-10-30 23:59:00,978:INFO: - Eval metrics : accuracy: 0.937 ; loss: 0.153
2018-10-30 23:59:01,015:INFO: Epoch 30/40
2018-10-30 23:59:40,247:INFO: - Train metrics: accuracy: 0.933 ; loss: 0.165
2018-10-30 23:59:48,531:INFO: - Eval metrics : accuracy: 0.938 ; loss: 0.153
2018-10-30 23:59:48,581:INFO: - Found new best accuracy
2018-10-30 23:59:48,581:INFO: Epoch 31/40
2018-10-31 00:00:27,984:INFO: - Train metrics: accuracy: 0.933 ; loss: 0.166
2018-10-31 00:00:36,466:INFO: - Eval metrics : accuracy: 0.938 ; loss: 0.153
2018-10-31 00:00:36,500:INFO: - Found new best accuracy
2018-10-31 00:00:36,500:INFO: Epoch 32/40
2018-10-31 00:01:15,706:INFO: - Train metrics: accuracy: 0.935 ; loss: 0.167
2018-10-31 00:01:24,030:INFO: - Eval metrics : accuracy: 0.938 ; loss: 0.152
2018-10-31 00:01:24,032:INFO: Epoch 33/40
2018-10-31 00:02:02,281:INFO: - Train metrics: accuracy: 0.935 ; loss: 0.167
2018-10-31 00:02:10,525:INFO: - Eval metrics : accuracy: 0.939 ; loss: 0.152
2018-10-31 00:02:10,567:INFO: - Found new best accuracy
2018-10-31 00:02:10,568:INFO: Epoch 34/40
2018-10-31 00:02:49,349:INFO: - Train metrics: accuracy: 0.936 ; loss: 0.166
2018-10-31 00:02:57,571:INFO: - Eval metrics : accuracy: 0.939 ; loss: 0.152
2018-10-31 00:02:57,613:INFO: Epoch 35/40
2018-10-31 00:03:40,480:INFO: - Train metrics: accuracy: 0.937 ; loss: 0.166
2018-10-31 00:03:48,726:INFO: - Eval metrics : accuracy: 0.939 ; loss: 0.152
2018-10-31 00:03:48,765:INFO: - Found new best accuracy
2018-10-31 00:03:48,765:INFO: Epoch 36/40
2018-10-31 00:04:28,528:INFO: - Train metrics: accuracy: 0.937 ; loss: 0.166
2018-10-31 00:04:36,941:INFO: - Eval metrics : accuracy: 0.939 ; loss: 0.152
2018-10-31 00:04:36,977:INFO: Epoch 37/40
2018-10-31 00:05:16,187:INFO: - Train metrics: accuracy: 0.936 ; loss: 0.166
2018-10-31 00:05:24,419:INFO: - Eval metrics : accuracy: 0.939 ; loss: 0.151
2018-10-31 00:05:24,454:INFO: Epoch 38/40
2018-10-31 00:06:03,721:INFO: - Train metrics: accuracy: 0.938 ; loss: 0.166
2018-10-31 00:06:12,115:INFO: - Eval metrics : accuracy: 0.939 ; loss: 0.152
2018-10-31 00:06:12,152:INFO: Epoch 39/40
2018-10-31 00:06:52,375:INFO: - Train metrics: accuracy: 0.938 ; loss: 0.166
2018-10-31 00:07:00,618:INFO: - Eval metrics : accuracy: 0.939 ; loss: 0.152
2018-10-31 00:07:00,655:INFO: Epoch 40/40
2018-10-31 00:07:41,534:INFO: - Train metrics: accuracy: 0.938 ; loss: 0.166
2018-10-31 00:07:49,772:INFO: - Eval metrics : accuracy: 0.939 ; loss: 0.152
2018-10-31 00:07:49,809:INFO: Total time (minutes) =32.09129153490066
