2018-11-06 19:43:21,457:INFO: Loading the dataset ...
2018-11-06 19:43:22,292:INFO: - done.
2018-11-06 19:43:24,068:INFO: Starting evaluation
2018-11-06 19:43:28,861:INFO: Labels=[1. 0. 0. 0. 1. 0. 0. 1. 1. 0.]
2018-11-06 19:43:28,862:INFO: Out prob=[6.94008827e-01 1.32094632e-04 9.18308049e-02 6.89212605e-02
 9.99121368e-01 2.78759126e-06 8.60122236e-05 9.87373531e-01
 9.86506045e-01 1.21560195e-04]
2018-11-06 19:43:28,863:INFO: ------------------------------------------------------------------------------------------------------------------------
2018-11-06 19:43:28,863:INFO: len labels after =32000
2018-11-06 19:43:28,863:INFO: len out_prob after32000
2018-11-06 19:43:28,863:INFO: length y_test=32000
2018-11-06 19:43:28,863:INFO: Lenght y_score=32000
2018-11-06 19:43:28,869:INFO: Length y_score 32000
2018-11-06 19:43:28,869:INFO: Length y_test 32000
2018-11-06 19:43:28,869:INFO: Thresholds[0:6] = 
 [0.99992859 0.9998672  0.99986482 0.99986088 0.99985611 0.99984431]
2018-11-06 19:43:28,869:INFO: Thresholds lenght = 
31447
2018-11-06 19:43:28,869:INFO: fpr lenght31447
2018-11-06 19:43:28,870:INFO: tpr lenght31447
2018-11-06 19:43:29,019:INFO: ------------------------------------------------------------------------------------------------------------------------
2018-11-06 19:43:29,027:INFO: roc_auc=0.9820753124299815
2018-11-06 19:43:29,027:INFO: ------------------------------------------------------------------------------------------------------------------------
2018-11-06 19:43:29,028:INFO: - Eval metrics : accuracy: 0.93163 ; loss: 0.17092
