2018-11-06 19:16:09,004:INFO: sample_name=top_qcd_jets_kt
2018-11-06 19:16:09,004:INFO: --------------------------------------------------------------------------------
2018-11-06 19:16:09,004:INFO: batch_filename=top_qcd_jets_kt__80000_Njets_128_batch_charge_muon
2018-11-06 19:16:09,005:INFO: Number of jet files for ttbar=200
2018-11-06 19:16:09,005:INFO: Loading ttbar jet files... 
2018-11-06 19:16:09,005:INFO: ttbar files list = ['tree_subjets_ttbar_DelphesPythia8_nompi_0.dat', 'tree_subjets_ttbar_DelphesPythia8_nompi_1.dat', 'tree_subjets_ttbar_DelphesPythia8_nompi_10.dat', 'tree_subjets_ttbar_DelphesPythia8_nompi_100.dat', 'tree_subjets_ttbar_DelphesPythia8_nompi_101.dat', 'tree_subjets_ttbar_DelphesPythia8_nompi_102.dat', 'tree_subjets_ttbar_DelphesPythia8_nompi_103.dat', 'tree_subjets_ttbar_DelphesPythia8_nompi_104.dat', 'tree_subjets_ttbar_DelphesPythia8_nompi_105.dat', 'tree_subjets_ttbar_DelphesPythia8_nompi_106.dat', 'tree_subjets_ttbar_DelphesPythia8_nompi_107.dat', 'tree_subjets_ttbar_DelphesPythia8_nompi_108.dat', 'tree_subjets_ttbar_DelphesPythia8_nompi_109.dat', 'tree_subjets_ttbar_DelphesPythia8_nompi_11.dat', 'tree_subjets_ttbar_DelphesPythia8_nompi_110.dat', 'tree_subjets_ttbar_DelphesPythia8_nompi_111.dat', 'tree_subjets_ttbar_DelphesPythia8_nompi_112.dat', 'tree_subjets_ttbar_DelphesPythia8_nompi_113.dat', 'tree_subjets_ttbar_DelphesPythia8_nompi_114.dat', 'tree_subjets_ttbar_DelphesPythia8_nompi_115.dat', 'tree_subjets_ttbar_DelphesPythia8_nompi_116.dat', 'tree_subjets_ttbar_DelphesPythia8_nompi_117.dat', 'tree_subjets_ttbar_DelphesPythia8_nompi_118.dat', 'tree_subjets_ttbar_DelphesPythia8_nompi_119.dat', 'tree_subjets_ttbar_DelphesPythia8_nompi_12.dat', 'tree_subjets_ttbar_DelphesPythia8_nompi_120.dat', 'tree_subjets_ttbar_DelphesPythia8_nompi_121.dat', 'tree_subjets_ttbar_DelphesPythia8_nompi_122.dat', 'tree_subjets_ttbar_DelphesPythia8_nompi_123.dat', 'tree_subjets_ttbar_DelphesPythia8_nompi_124.dat', 'tree_subjets_ttbar_DelphesPythia8_nompi_125.dat', 'tree_subjets_ttbar_DelphesPythia8_nompi_126.dat', 'tree_subjets_ttbar_DelphesPythia8_nompi_127.dat', 'tree_subjets_ttbar_DelphesPythia8_nompi_128.dat', 'tree_subjets_ttbar_DelphesPythia8_nompi_129.dat', 'tree_subjets_ttbar_DelphesPythia8_nompi_13.dat', 'tree_subjets_ttbar_DelphesPythia8_nompi_130.dat', 'tree_subjets_ttbar_DelphesPythia8_nompi_131.dat', 'tree_subjets_ttbar_DelphesPythia8_nompi_132.dat', 'tree_subjets_ttbar_DelphesPythia8_nompi_133.dat', 'tree_subjets_ttbar_DelphesPythia8_nompi_134.dat', 'tree_subjets_ttbar_DelphesPythia8_nompi_135.dat', 'tree_subjets_ttbar_DelphesPythia8_nompi_136.dat', 'tree_subjets_ttbar_DelphesPythia8_nompi_137.dat', 'tree_subjets_ttbar_DelphesPythia8_nompi_138.dat', 'tree_subjets_ttbar_DelphesPythia8_nompi_139.dat', 'tree_subjets_ttbar_DelphesPythia8_nompi_14.dat', 'tree_subjets_ttbar_DelphesPythia8_nompi_140.dat', 'tree_subjets_ttbar_DelphesPythia8_nompi_141.dat', 'tree_subjets_ttbar_DelphesPythia8_nompi_142.dat', 'tree_subjets_ttbar_DelphesPythia8_nompi_143.dat', 'tree_subjets_ttbar_DelphesPythia8_nompi_144.dat', 'tree_subjets_ttbar_DelphesPythia8_nompi_145.dat', 'tree_subjets_ttbar_DelphesPythia8_nompi_146.dat', 'tree_subjets_ttbar_DelphesPythia8_nompi_147.dat', 'tree_subjets_ttbar_DelphesPythia8_nompi_148.dat', 'tree_subjets_ttbar_DelphesPythia8_nompi_149.dat', 'tree_subjets_ttbar_DelphesPythia8_nompi_15.dat', 'tree_subjets_ttbar_DelphesPythia8_nompi_150.dat', 'tree_subjets_ttbar_DelphesPythia8_nompi_151.dat', 'tree_subjets_ttbar_DelphesPythia8_nompi_152.dat', 'tree_subjets_ttbar_DelphesPythia8_nompi_153.dat', 'tree_subjets_ttbar_DelphesPythia8_nompi_154.dat', 'tree_subjets_ttbar_DelphesPythia8_nompi_155.dat', 'tree_subjets_ttbar_DelphesPythia8_nompi_156.dat', 'tree_subjets_ttbar_DelphesPythia8_nompi_157.dat', 'tree_subjets_ttbar_DelphesPythia8_nompi_158.dat', 'tree_subjets_ttbar_DelphesPythia8_nompi_159.dat', 'tree_subjets_ttbar_DelphesPythia8_nompi_16.dat', 'tree_subjets_ttbar_DelphesPythia8_nompi_160.dat', 'tree_subjets_ttbar_DelphesPythia8_nompi_161.dat', 'tree_subjets_ttbar_DelphesPythia8_nompi_162.dat', 'tree_subjets_ttbar_DelphesPythia8_nompi_163.dat', 'tree_subjets_ttbar_DelphesPythia8_nompi_164.dat', 'tree_subjets_ttbar_DelphesPythia8_nompi_165.dat', 'tree_subjets_ttbar_DelphesPythia8_nompi_166.dat', 'tree_subjets_ttbar_DelphesPythia8_nompi_167.dat', 'tree_subjets_ttbar_DelphesPythia8_nompi_168.dat', 'tree_subjets_ttbar_DelphesPythia8_nompi_169.dat', 'tree_subjets_ttbar_DelphesPythia8_nompi_17.dat', 'tree_subjets_ttbar_DelphesPythia8_nompi_170.dat', 'tree_subjets_ttbar_DelphesPythia8_nompi_171.dat', 'tree_subjets_ttbar_DelphesPythia8_nompi_172.dat', 'tree_subjets_ttbar_DelphesPythia8_nompi_173.dat', 'tree_subjets_ttbar_DelphesPythia8_nompi_174.dat', 'tree_subjets_ttbar_DelphesPythia8_nompi_175.dat', 'tree_subjets_ttbar_DelphesPythia8_nompi_176.dat', 'tree_subjets_ttbar_DelphesPythia8_nompi_177.dat', 'tree_subjets_ttbar_DelphesPythia8_nompi_178.dat', 'tree_subjets_ttbar_DelphesPythia8_nompi_179.dat', 'tree_subjets_ttbar_DelphesPythia8_nompi_18.dat', 'tree_subjets_ttbar_DelphesPythia8_nompi_180.dat', 'tree_subjets_ttbar_DelphesPythia8_nompi_181.dat', 'tree_subjets_ttbar_DelphesPythia8_nompi_182.dat', 'tree_subjets_ttbar_DelphesPythia8_nompi_183.dat', 'tree_subjets_ttbar_DelphesPythia8_nompi_184.dat', 'tree_subjets_ttbar_DelphesPythia8_nompi_185.dat', 'tree_subjets_ttbar_DelphesPythia8_nompi_186.dat', 'tree_subjets_ttbar_DelphesPythia8_nompi_187.dat', 'tree_subjets_ttbar_DelphesPythia8_nompi_188.dat', 'tree_subjets_ttbar_DelphesPythia8_nompi_189.dat', 'tree_subjets_ttbar_DelphesPythia8_nompi_19.dat', 'tree_subjets_ttbar_DelphesPythia8_nompi_190.dat', 'tree_subjets_ttbar_DelphesPythia8_nompi_191.dat', 'tree_subjets_ttbar_DelphesPythia8_nompi_192.dat', 'tree_subjets_ttbar_DelphesPythia8_nompi_193.dat', 'tree_subjets_ttbar_DelphesPythia8_nompi_194.dat', 'tree_subjets_ttbar_DelphesPythia8_nompi_195.dat', 'tree_subjets_ttbar_DelphesPythia8_nompi_196.dat', 'tree_subjets_ttbar_DelphesPythia8_nompi_197.dat', 'tree_subjets_ttbar_DelphesPythia8_nompi_198.dat', 'tree_subjets_ttbar_DelphesPythia8_nompi_199.dat', 'tree_subjets_ttbar_DelphesPythia8_nompi_2.dat', 'tree_subjets_ttbar_DelphesPythia8_nompi_20.dat', 'tree_subjets_ttbar_DelphesPythia8_nompi_21.dat', 'tree_subjets_ttbar_DelphesPythia8_nompi_22.dat', 'tree_subjets_ttbar_DelphesPythia8_nompi_23.dat', 'tree_subjets_ttbar_DelphesPythia8_nompi_24.dat', 'tree_subjets_ttbar_DelphesPythia8_nompi_25.dat', 'tree_subjets_ttbar_DelphesPythia8_nompi_26.dat', 'tree_subjets_ttbar_DelphesPythia8_nompi_27.dat', 'tree_subjets_ttbar_DelphesPythia8_nompi_28.dat', 'tree_subjets_ttbar_DelphesPythia8_nompi_29.dat', 'tree_subjets_ttbar_DelphesPythia8_nompi_3.dat', 'tree_subjets_ttbar_DelphesPythia8_nompi_30.dat', 'tree_subjets_ttbar_DelphesPythia8_nompi_31.dat', 'tree_subjets_ttbar_DelphesPythia8_nompi_32.dat', 'tree_subjets_ttbar_DelphesPythia8_nompi_33.dat', 'tree_subjets_ttbar_DelphesPythia8_nompi_34.dat', 'tree_subjets_ttbar_DelphesPythia8_nompi_35.dat', 'tree_subjets_ttbar_DelphesPythia8_nompi_36.dat', 'tree_subjets_ttbar_DelphesPythia8_nompi_37.dat', 'tree_subjets_ttbar_DelphesPythia8_nompi_38.dat', 'tree_subjets_ttbar_DelphesPythia8_nompi_39.dat', 'tree_subjets_ttbar_DelphesPythia8_nompi_4.dat', 'tree_subjets_ttbar_DelphesPythia8_nompi_40.dat', 'tree_subjets_ttbar_DelphesPythia8_nompi_41.dat', 'tree_subjets_ttbar_DelphesPythia8_nompi_42.dat', 'tree_subjets_ttbar_DelphesPythia8_nompi_43.dat', 'tree_subjets_ttbar_DelphesPythia8_nompi_44.dat', 'tree_subjets_ttbar_DelphesPythia8_nompi_45.dat', 'tree_subjets_ttbar_DelphesPythia8_nompi_46.dat', 'tree_subjets_ttbar_DelphesPythia8_nompi_47.dat', 'tree_subjets_ttbar_DelphesPythia8_nompi_48.dat', 'tree_subjets_ttbar_DelphesPythia8_nompi_49.dat', 'tree_subjets_ttbar_DelphesPythia8_nompi_5.dat', 'tree_subjets_ttbar_DelphesPythia8_nompi_50.dat', 'tree_subjets_ttbar_DelphesPythia8_nompi_51.dat', 'tree_subjets_ttbar_DelphesPythia8_nompi_52.dat', 'tree_subjets_ttbar_DelphesPythia8_nompi_53.dat', 'tree_subjets_ttbar_DelphesPythia8_nompi_54.dat', 'tree_subjets_ttbar_DelphesPythia8_nompi_55.dat', 'tree_subjets_ttbar_DelphesPythia8_nompi_56.dat', 'tree_subjets_ttbar_DelphesPythia8_nompi_57.dat', 'tree_subjets_ttbar_DelphesPythia8_nompi_58.dat', 'tree_subjets_ttbar_DelphesPythia8_nompi_59.dat', 'tree_subjets_ttbar_DelphesPythia8_nompi_6.dat', 'tree_subjets_ttbar_DelphesPythia8_nompi_60.dat', 'tree_subjets_ttbar_DelphesPythia8_nompi_61.dat', 'tree_subjets_ttbar_DelphesPythia8_nompi_62.dat', 'tree_subjets_ttbar_DelphesPythia8_nompi_63.dat', 'tree_subjets_ttbar_DelphesPythia8_nompi_64.dat', 'tree_subjets_ttbar_DelphesPythia8_nompi_65.dat', 'tree_subjets_ttbar_DelphesPythia8_nompi_66.dat', 'tree_subjets_ttbar_DelphesPythia8_nompi_67.dat', 'tree_subjets_ttbar_DelphesPythia8_nompi_68.dat', 'tree_subjets_ttbar_DelphesPythia8_nompi_69.dat', 'tree_subjets_ttbar_DelphesPythia8_nompi_7.dat', 'tree_subjets_ttbar_DelphesPythia8_nompi_70.dat', 'tree_subjets_ttbar_DelphesPythia8_nompi_71.dat', 'tree_subjets_ttbar_DelphesPythia8_nompi_72.dat', 'tree_subjets_ttbar_DelphesPythia8_nompi_73.dat', 'tree_subjets_ttbar_DelphesPythia8_nompi_74.dat', 'tree_subjets_ttbar_DelphesPythia8_nompi_75.dat', 'tree_subjets_ttbar_DelphesPythia8_nompi_76.dat', 'tree_subjets_ttbar_DelphesPythia8_nompi_77.dat', 'tree_subjets_ttbar_DelphesPythia8_nompi_78.dat', 'tree_subjets_ttbar_DelphesPythia8_nompi_79.dat', 'tree_subjets_ttbar_DelphesPythia8_nompi_8.dat', 'tree_subjets_ttbar_DelphesPythia8_nompi_80.dat', 'tree_subjets_ttbar_DelphesPythia8_nompi_81.dat', 'tree_subjets_ttbar_DelphesPythia8_nompi_82.dat', 'tree_subjets_ttbar_DelphesPythia8_nompi_83.dat', 'tree_subjets_ttbar_DelphesPythia8_nompi_84.dat', 'tree_subjets_ttbar_DelphesPythia8_nompi_85.dat', 'tree_subjets_ttbar_DelphesPythia8_nompi_86.dat', 'tree_subjets_ttbar_DelphesPythia8_nompi_87.dat', 'tree_subjets_ttbar_DelphesPythia8_nompi_88.dat', 'tree_subjets_ttbar_DelphesPythia8_nompi_89.dat', 'tree_subjets_ttbar_DelphesPythia8_nompi_9.dat', 'tree_subjets_ttbar_DelphesPythia8_nompi_90.dat', 'tree_subjets_ttbar_DelphesPythia8_nompi_91.dat', 'tree_subjets_ttbar_DelphesPythia8_nompi_92.dat', 'tree_subjets_ttbar_DelphesPythia8_nompi_93.dat', 'tree_subjets_ttbar_DelphesPythia8_nompi_94.dat', 'tree_subjets_ttbar_DelphesPythia8_nompi_95.dat', 'tree_subjets_ttbar_DelphesPythia8_nompi_96.dat', 'tree_subjets_ttbar_DelphesPythia8_nompi_97.dat', 'tree_subjets_ttbar_DelphesPythia8_nompi_98.dat', 'tree_subjets_ttbar_DelphesPythia8_nompi_99.dat']
2018-11-06 19:16:12,612:INFO: Ntotjets=10000
2018-11-06 19:16:16,120:INFO: Ntotjets=20000
2018-11-06 19:16:19,633:INFO: Ntotjets=30000
2018-11-06 19:16:23,150:INFO: Ntotjets=40000
2018-11-06 19:16:26,672:INFO: Ntotjets=50000
2018-11-06 19:16:30,209:INFO: Ntotjets=60000
2018-11-06 19:16:33,784:INFO: Ntotjets=70000
2018-11-06 19:16:37,310:INFO: Ntotjets=80000
2018-11-06 19:16:37,312:INFO: Number of jet files for qcd=200
2018-11-06 19:16:37,312:INFO: Loading qcd jet files... 
2018-11-06 19:16:37,312:INFO: qcd files list = ['tree_subjets_qcd_DelphesPythia8_nompi_0.dat', 'tree_subjets_qcd_DelphesPythia8_nompi_1.dat', 'tree_subjets_qcd_DelphesPythia8_nompi_10.dat', 'tree_subjets_qcd_DelphesPythia8_nompi_100.dat', 'tree_subjets_qcd_DelphesPythia8_nompi_101.dat', 'tree_subjets_qcd_DelphesPythia8_nompi_102.dat', 'tree_subjets_qcd_DelphesPythia8_nompi_103.dat', 'tree_subjets_qcd_DelphesPythia8_nompi_104.dat', 'tree_subjets_qcd_DelphesPythia8_nompi_105.dat', 'tree_subjets_qcd_DelphesPythia8_nompi_106.dat', 'tree_subjets_qcd_DelphesPythia8_nompi_107.dat', 'tree_subjets_qcd_DelphesPythia8_nompi_108.dat', 'tree_subjets_qcd_DelphesPythia8_nompi_109.dat', 'tree_subjets_qcd_DelphesPythia8_nompi_11.dat', 'tree_subjets_qcd_DelphesPythia8_nompi_110.dat', 'tree_subjets_qcd_DelphesPythia8_nompi_111.dat', 'tree_subjets_qcd_DelphesPythia8_nompi_112.dat', 'tree_subjets_qcd_DelphesPythia8_nompi_113.dat', 'tree_subjets_qcd_DelphesPythia8_nompi_114.dat', 'tree_subjets_qcd_DelphesPythia8_nompi_115.dat', 'tree_subjets_qcd_DelphesPythia8_nompi_116.dat', 'tree_subjets_qcd_DelphesPythia8_nompi_117.dat', 'tree_subjets_qcd_DelphesPythia8_nompi_118.dat', 'tree_subjets_qcd_DelphesPythia8_nompi_119.dat', 'tree_subjets_qcd_DelphesPythia8_nompi_12.dat', 'tree_subjets_qcd_DelphesPythia8_nompi_120.dat', 'tree_subjets_qcd_DelphesPythia8_nompi_121.dat', 'tree_subjets_qcd_DelphesPythia8_nompi_122.dat', 'tree_subjets_qcd_DelphesPythia8_nompi_123.dat', 'tree_subjets_qcd_DelphesPythia8_nompi_124.dat', 'tree_subjets_qcd_DelphesPythia8_nompi_125.dat', 'tree_subjets_qcd_DelphesPythia8_nompi_126.dat', 'tree_subjets_qcd_DelphesPythia8_nompi_127.dat', 'tree_subjets_qcd_DelphesPythia8_nompi_128.dat', 'tree_subjets_qcd_DelphesPythia8_nompi_129.dat', 'tree_subjets_qcd_DelphesPythia8_nompi_13.dat', 'tree_subjets_qcd_DelphesPythia8_nompi_130.dat', 'tree_subjets_qcd_DelphesPythia8_nompi_131.dat', 'tree_subjets_qcd_DelphesPythia8_nompi_132.dat', 'tree_subjets_qcd_DelphesPythia8_nompi_133.dat', 'tree_subjets_qcd_DelphesPythia8_nompi_134.dat', 'tree_subjets_qcd_DelphesPythia8_nompi_135.dat', 'tree_subjets_qcd_DelphesPythia8_nompi_136.dat', 'tree_subjets_qcd_DelphesPythia8_nompi_137.dat', 'tree_subjets_qcd_DelphesPythia8_nompi_138.dat', 'tree_subjets_qcd_DelphesPythia8_nompi_139.dat', 'tree_subjets_qcd_DelphesPythia8_nompi_14.dat', 'tree_subjets_qcd_DelphesPythia8_nompi_140.dat', 'tree_subjets_qcd_DelphesPythia8_nompi_141.dat', 'tree_subjets_qcd_DelphesPythia8_nompi_142.dat', 'tree_subjets_qcd_DelphesPythia8_nompi_143.dat', 'tree_subjets_qcd_DelphesPythia8_nompi_144.dat', 'tree_subjets_qcd_DelphesPythia8_nompi_145.dat', 'tree_subjets_qcd_DelphesPythia8_nompi_146.dat', 'tree_subjets_qcd_DelphesPythia8_nompi_147.dat', 'tree_subjets_qcd_DelphesPythia8_nompi_148.dat', 'tree_subjets_qcd_DelphesPythia8_nompi_149.dat', 'tree_subjets_qcd_DelphesPythia8_nompi_15.dat', 'tree_subjets_qcd_DelphesPythia8_nompi_150.dat', 'tree_subjets_qcd_DelphesPythia8_nompi_151.dat', 'tree_subjets_qcd_DelphesPythia8_nompi_152.dat', 'tree_subjets_qcd_DelphesPythia8_nompi_153.dat', 'tree_subjets_qcd_DelphesPythia8_nompi_154.dat', 'tree_subjets_qcd_DelphesPythia8_nompi_155.dat', 'tree_subjets_qcd_DelphesPythia8_nompi_156.dat', 'tree_subjets_qcd_DelphesPythia8_nompi_157.dat', 'tree_subjets_qcd_DelphesPythia8_nompi_158.dat', 'tree_subjets_qcd_DelphesPythia8_nompi_159.dat', 'tree_subjets_qcd_DelphesPythia8_nompi_16.dat', 'tree_subjets_qcd_DelphesPythia8_nompi_160.dat', 'tree_subjets_qcd_DelphesPythia8_nompi_161.dat', 'tree_subjets_qcd_DelphesPythia8_nompi_162.dat', 'tree_subjets_qcd_DelphesPythia8_nompi_163.dat', 'tree_subjets_qcd_DelphesPythia8_nompi_164.dat', 'tree_subjets_qcd_DelphesPythia8_nompi_165.dat', 'tree_subjets_qcd_DelphesPythia8_nompi_166.dat', 'tree_subjets_qcd_DelphesPythia8_nompi_167.dat', 'tree_subjets_qcd_DelphesPythia8_nompi_168.dat', 'tree_subjets_qcd_DelphesPythia8_nompi_169.dat', 'tree_subjets_qcd_DelphesPythia8_nompi_17.dat', 'tree_subjets_qcd_DelphesPythia8_nompi_170.dat', 'tree_subjets_qcd_DelphesPythia8_nompi_171.dat', 'tree_subjets_qcd_DelphesPythia8_nompi_172.dat', 'tree_subjets_qcd_DelphesPythia8_nompi_173.dat', 'tree_subjets_qcd_DelphesPythia8_nompi_174.dat', 'tree_subjets_qcd_DelphesPythia8_nompi_175.dat', 'tree_subjets_qcd_DelphesPythia8_nompi_176.dat', 'tree_subjets_qcd_DelphesPythia8_nompi_177.dat', 'tree_subjets_qcd_DelphesPythia8_nompi_178.dat', 'tree_subjets_qcd_DelphesPythia8_nompi_179.dat', 'tree_subjets_qcd_DelphesPythia8_nompi_18.dat', 'tree_subjets_qcd_DelphesPythia8_nompi_180.dat', 'tree_subjets_qcd_DelphesPythia8_nompi_181.dat', 'tree_subjets_qcd_DelphesPythia8_nompi_182.dat', 'tree_subjets_qcd_DelphesPythia8_nompi_183.dat', 'tree_subjets_qcd_DelphesPythia8_nompi_184.dat', 'tree_subjets_qcd_DelphesPythia8_nompi_185.dat', 'tree_subjets_qcd_DelphesPythia8_nompi_186.dat', 'tree_subjets_qcd_DelphesPythia8_nompi_187.dat', 'tree_subjets_qcd_DelphesPythia8_nompi_188.dat', 'tree_subjets_qcd_DelphesPythia8_nompi_189.dat', 'tree_subjets_qcd_DelphesPythia8_nompi_19.dat', 'tree_subjets_qcd_DelphesPythia8_nompi_190.dat', 'tree_subjets_qcd_DelphesPythia8_nompi_191.dat', 'tree_subjets_qcd_DelphesPythia8_nompi_192.dat', 'tree_subjets_qcd_DelphesPythia8_nompi_193.dat', 'tree_subjets_qcd_DelphesPythia8_nompi_194.dat', 'tree_subjets_qcd_DelphesPythia8_nompi_195.dat', 'tree_subjets_qcd_DelphesPythia8_nompi_196.dat', 'tree_subjets_qcd_DelphesPythia8_nompi_197.dat', 'tree_subjets_qcd_DelphesPythia8_nompi_198.dat', 'tree_subjets_qcd_DelphesPythia8_nompi_199.dat', 'tree_subjets_qcd_DelphesPythia8_nompi_2.dat', 'tree_subjets_qcd_DelphesPythia8_nompi_20.dat', 'tree_subjets_qcd_DelphesPythia8_nompi_21.dat', 'tree_subjets_qcd_DelphesPythia8_nompi_22.dat', 'tree_subjets_qcd_DelphesPythia8_nompi_23.dat', 'tree_subjets_qcd_DelphesPythia8_nompi_24.dat', 'tree_subjets_qcd_DelphesPythia8_nompi_25.dat', 'tree_subjets_qcd_DelphesPythia8_nompi_26.dat', 'tree_subjets_qcd_DelphesPythia8_nompi_27.dat', 'tree_subjets_qcd_DelphesPythia8_nompi_28.dat', 'tree_subjets_qcd_DelphesPythia8_nompi_29.dat', 'tree_subjets_qcd_DelphesPythia8_nompi_3.dat', 'tree_subjets_qcd_DelphesPythia8_nompi_30.dat', 'tree_subjets_qcd_DelphesPythia8_nompi_31.dat', 'tree_subjets_qcd_DelphesPythia8_nompi_32.dat', 'tree_subjets_qcd_DelphesPythia8_nompi_33.dat', 'tree_subjets_qcd_DelphesPythia8_nompi_34.dat', 'tree_subjets_qcd_DelphesPythia8_nompi_35.dat', 'tree_subjets_qcd_DelphesPythia8_nompi_36.dat', 'tree_subjets_qcd_DelphesPythia8_nompi_37.dat', 'tree_subjets_qcd_DelphesPythia8_nompi_38.dat', 'tree_subjets_qcd_DelphesPythia8_nompi_39.dat', 'tree_subjets_qcd_DelphesPythia8_nompi_4.dat', 'tree_subjets_qcd_DelphesPythia8_nompi_40.dat', 'tree_subjets_qcd_DelphesPythia8_nompi_41.dat', 'tree_subjets_qcd_DelphesPythia8_nompi_42.dat', 'tree_subjets_qcd_DelphesPythia8_nompi_43.dat', 'tree_subjets_qcd_DelphesPythia8_nompi_44.dat', 'tree_subjets_qcd_DelphesPythia8_nompi_45.dat', 'tree_subjets_qcd_DelphesPythia8_nompi_46.dat', 'tree_subjets_qcd_DelphesPythia8_nompi_47.dat', 'tree_subjets_qcd_DelphesPythia8_nompi_48.dat', 'tree_subjets_qcd_DelphesPythia8_nompi_49.dat', 'tree_subjets_qcd_DelphesPythia8_nompi_5.dat', 'tree_subjets_qcd_DelphesPythia8_nompi_50.dat', 'tree_subjets_qcd_DelphesPythia8_nompi_51.dat', 'tree_subjets_qcd_DelphesPythia8_nompi_52.dat', 'tree_subjets_qcd_DelphesPythia8_nompi_53.dat', 'tree_subjets_qcd_DelphesPythia8_nompi_54.dat', 'tree_subjets_qcd_DelphesPythia8_nompi_55.dat', 'tree_subjets_qcd_DelphesPythia8_nompi_56.dat', 'tree_subjets_qcd_DelphesPythia8_nompi_57.dat', 'tree_subjets_qcd_DelphesPythia8_nompi_58.dat', 'tree_subjets_qcd_DelphesPythia8_nompi_59.dat', 'tree_subjets_qcd_DelphesPythia8_nompi_6.dat', 'tree_subjets_qcd_DelphesPythia8_nompi_60.dat', 'tree_subjets_qcd_DelphesPythia8_nompi_61.dat', 'tree_subjets_qcd_DelphesPythia8_nompi_62.dat', 'tree_subjets_qcd_DelphesPythia8_nompi_63.dat', 'tree_subjets_qcd_DelphesPythia8_nompi_64.dat', 'tree_subjets_qcd_DelphesPythia8_nompi_65.dat', 'tree_subjets_qcd_DelphesPythia8_nompi_66.dat', 'tree_subjets_qcd_DelphesPythia8_nompi_67.dat', 'tree_subjets_qcd_DelphesPythia8_nompi_68.dat', 'tree_subjets_qcd_DelphesPythia8_nompi_69.dat', 'tree_subjets_qcd_DelphesPythia8_nompi_7.dat', 'tree_subjets_qcd_DelphesPythia8_nompi_70.dat', 'tree_subjets_qcd_DelphesPythia8_nompi_71.dat', 'tree_subjets_qcd_DelphesPythia8_nompi_72.dat', 'tree_subjets_qcd_DelphesPythia8_nompi_73.dat', 'tree_subjets_qcd_DelphesPythia8_nompi_74.dat', 'tree_subjets_qcd_DelphesPythia8_nompi_75.dat', 'tree_subjets_qcd_DelphesPythia8_nompi_76.dat', 'tree_subjets_qcd_DelphesPythia8_nompi_77.dat', 'tree_subjets_qcd_DelphesPythia8_nompi_78.dat', 'tree_subjets_qcd_DelphesPythia8_nompi_79.dat', 'tree_subjets_qcd_DelphesPythia8_nompi_8.dat', 'tree_subjets_qcd_DelphesPythia8_nompi_80.dat', 'tree_subjets_qcd_DelphesPythia8_nompi_81.dat', 'tree_subjets_qcd_DelphesPythia8_nompi_82.dat', 'tree_subjets_qcd_DelphesPythia8_nompi_83.dat', 'tree_subjets_qcd_DelphesPythia8_nompi_84.dat', 'tree_subjets_qcd_DelphesPythia8_nompi_85.dat', 'tree_subjets_qcd_DelphesPythia8_nompi_86.dat', 'tree_subjets_qcd_DelphesPythia8_nompi_87.dat', 'tree_subjets_qcd_DelphesPythia8_nompi_88.dat', 'tree_subjets_qcd_DelphesPythia8_nompi_89.dat', 'tree_subjets_qcd_DelphesPythia8_nompi_9.dat', 'tree_subjets_qcd_DelphesPythia8_nompi_90.dat', 'tree_subjets_qcd_DelphesPythia8_nompi_91.dat', 'tree_subjets_qcd_DelphesPythia8_nompi_92.dat', 'tree_subjets_qcd_DelphesPythia8_nompi_93.dat', 'tree_subjets_qcd_DelphesPythia8_nompi_94.dat', 'tree_subjets_qcd_DelphesPythia8_nompi_95.dat', 'tree_subjets_qcd_DelphesPythia8_nompi_96.dat', 'tree_subjets_qcd_DelphesPythia8_nompi_97.dat', 'tree_subjets_qcd_DelphesPythia8_nompi_98.dat', 'tree_subjets_qcd_DelphesPythia8_nompi_99.dat']
2018-11-06 19:16:40,302:INFO: Ntotjets=10000
2018-11-06 19:16:43,303:INFO: Ntotjets=20000
2018-11-06 19:16:46,303:INFO: Ntotjets=30000
2018-11-06 19:16:49,307:INFO: Ntotjets=40000
2018-11-06 19:16:52,296:INFO: Ntotjets=50000
2018-11-06 19:16:55,255:INFO: Ntotjets=60000
2018-11-06 19:16:58,227:INFO: Ntotjets=70000
2018-11-06 19:17:01,222:INFO: Ntotjets=80000
2018-11-06 19:17:01,223:INFO: Tree generation time (minutes) =0.8703157186508179
2018-11-06 19:24:10,033:INFO: Splitting into train, validation and test datasets, and shuffling...
2018-11-06 19:24:31,732:INFO: Split sample time (minutes) =8.378806213537851
2018-11-06 19:24:31,733:INFO: Creating train batches ...
2018-11-06 19:24:34,696:INFO: Number of batches created=100
2018-11-06 19:24:37,651:INFO: Number of batches created=200
2018-11-06 19:24:40,617:INFO: Number of batches created=300
2018-11-06 19:24:43,588:INFO: Number of batches created=400
2018-11-06 19:24:46,560:INFO: Number of batches created=500
2018-11-06 19:24:49,553:INFO: Number of batches created=600
2018-11-06 19:24:52,528:INFO: Number of batches created=700
2018-11-06 19:24:54,042:INFO: Creating val batches ...
2018-11-06 19:24:57,027:INFO: Number of batches created=100
2018-11-06 19:25:00,039:INFO: Number of batches created=200
2018-11-06 19:25:01,537:INFO: Creating test batches ...
2018-11-06 19:25:04,551:INFO: Number of batches created=100
2018-11-06 19:25:07,562:INFO: Number of batches created=200
2018-11-06 19:25:09,059:INFO: Number of test_batches=250
2018-11-06 19:25:09,059:INFO: Batch generation time (minutes) =9.000919910271962
2018-11-06 19:25:09,059:INFO: Train and val batch size=128
2018-11-06 19:25:09,059:INFO: Number of train_batches=750
2018-11-06 19:25:09,059:INFO: Number of val_batches=250
2018-11-06 19:25:24,654:INFO: ------------------------------------------------------------
2018-11-06 19:25:24,655:INFO: Loading the datasets...
2018-11-06 19:25:27,246:INFO: - done loading the datasets
2018-11-06 19:25:27,246:INFO: ------------------------------------------------------------
2018-11-06 19:25:30,163:INFO: Building optimizer...
2018-11-06 19:25:30,164:INFO: Starting training for 40 epoch(s)
2018-11-06 19:25:30,164:INFO: Epoch 1/40
2018-11-06 19:25:53,910:INFO: - Train metrics: accuracy: 0.702 ; loss: 1.331
2018-11-06 19:25:58,593:INFO: - Eval metrics : accuracy: 0.786 ; loss: 0.433
2018-11-06 19:25:58,604:INFO: - Found new best accuracy
2018-11-06 19:25:58,604:INFO: Epoch 2/40
2018-11-06 19:26:22,552:INFO: - Train metrics: accuracy: 0.784 ; loss: 0.424
2018-11-06 19:26:26,994:INFO: - Eval metrics : accuracy: 0.812 ; loss: 0.398
2018-11-06 19:26:27,030:INFO: - Found new best accuracy
2018-11-06 19:26:27,030:INFO: Epoch 3/40
2018-11-06 19:26:50,405:INFO: - Train metrics: accuracy: 0.799 ; loss: 0.404
2018-11-06 19:26:54,848:INFO: - Eval metrics : accuracy: 0.820 ; loss: 0.383
2018-11-06 19:26:54,887:INFO: - Found new best accuracy
2018-11-06 19:26:54,888:INFO: Epoch 4/40
2018-11-06 19:27:18,554:INFO: - Train metrics: accuracy: 0.827 ; loss: 0.376
2018-11-06 19:27:23,007:INFO: - Eval metrics : accuracy: 0.841 ; loss: 0.356
2018-11-06 19:27:23,042:INFO: - Found new best accuracy
2018-11-06 19:27:23,043:INFO: Epoch 5/40
2018-11-06 19:27:45,560:INFO: - Train metrics: accuracy: 0.874 ; loss: 0.307
2018-11-06 19:27:50,018:INFO: - Eval metrics : accuracy: 0.885 ; loss: 0.276
2018-11-06 19:27:50,054:INFO: - Found new best accuracy
2018-11-06 19:27:50,054:INFO: Epoch 6/40
2018-11-06 19:28:11,897:INFO: - Train metrics: accuracy: 0.895 ; loss: 0.246
2018-11-06 19:28:16,358:INFO: - Eval metrics : accuracy: 0.901 ; loss: 0.243
2018-11-06 19:28:16,396:INFO: - Found new best accuracy
2018-11-06 19:28:16,396:INFO: Epoch 7/40
2018-11-06 19:28:38,042:INFO: - Train metrics: accuracy: 0.918 ; loss: 0.212
2018-11-06 19:28:42,511:INFO: - Eval metrics : accuracy: 0.911 ; loss: 0.217
2018-11-06 19:28:42,548:INFO: - Found new best accuracy
2018-11-06 19:28:42,549:INFO: Epoch 8/40
2018-11-06 19:29:03,810:INFO: - Train metrics: accuracy: 0.921 ; loss: 0.185
2018-11-06 19:29:08,260:INFO: - Eval metrics : accuracy: 0.908 ; loss: 0.215
2018-11-06 19:29:08,297:INFO: Epoch 9/40
2018-11-06 19:29:29,195:INFO: - Train metrics: accuracy: 0.926 ; loss: 0.186
2018-11-06 19:29:33,821:INFO: - Eval metrics : accuracy: 0.917 ; loss: 0.200
2018-11-06 19:29:33,858:INFO: - Found new best accuracy
2018-11-06 19:29:33,859:INFO: Epoch 10/40
2018-11-06 19:29:54,887:INFO: - Train metrics: accuracy: 0.930 ; loss: 0.180
2018-11-06 19:29:59,329:INFO: - Eval metrics : accuracy: 0.917 ; loss: 0.203
2018-11-06 19:29:59,363:INFO: - Found new best accuracy
2018-11-06 19:29:59,363:INFO: Epoch 11/40
2018-11-06 19:30:20,030:INFO: - Train metrics: accuracy: 0.934 ; loss: 0.174
2018-11-06 19:30:24,314:INFO: - Eval metrics : accuracy: 0.923 ; loss: 0.194
2018-11-06 19:30:24,410:INFO: - Found new best accuracy
2018-11-06 19:30:24,411:INFO: Epoch 12/40
2018-11-06 19:30:43,629:INFO: - Train metrics: accuracy: 0.935 ; loss: 0.169
2018-11-06 19:30:48,071:INFO: - Eval metrics : accuracy: 0.922 ; loss: 0.192
2018-11-06 19:30:48,107:INFO: Epoch 13/40
2018-11-06 19:31:07,653:INFO: - Train metrics: accuracy: 0.934 ; loss: 0.160
2018-11-06 19:31:11,893:INFO: - Eval metrics : accuracy: 0.923 ; loss: 0.190
2018-11-06 19:31:11,929:INFO: Epoch 14/40
2018-11-06 19:31:30,927:INFO: - Train metrics: accuracy: 0.935 ; loss: 0.157
2018-11-06 19:31:35,166:INFO: - Eval metrics : accuracy: 0.918 ; loss: 0.199
2018-11-06 19:31:35,207:INFO: Epoch 15/40
2018-11-06 19:31:54,959:INFO: - Train metrics: accuracy: 0.938 ; loss: 0.155
2018-11-06 19:31:59,531:INFO: - Eval metrics : accuracy: 0.923 ; loss: 0.192
2018-11-06 19:31:59,569:INFO: - Found new best accuracy
2018-11-06 19:31:59,569:INFO: Epoch 16/40
2018-11-06 19:32:20,404:INFO: - Train metrics: accuracy: 0.934 ; loss: 0.148
2018-11-06 19:32:24,868:INFO: - Eval metrics : accuracy: 0.926 ; loss: 0.187
2018-11-06 19:32:24,909:INFO: - Found new best accuracy
2018-11-06 19:32:24,910:INFO: Epoch 17/40
2018-11-06 19:32:46,771:INFO: - Train metrics: accuracy: 0.943 ; loss: 0.144
2018-11-06 19:32:51,232:INFO: - Eval metrics : accuracy: 0.930 ; loss: 0.177
2018-11-06 19:32:51,268:INFO: - Found new best accuracy
2018-11-06 19:32:51,268:INFO: Epoch 18/40
2018-11-06 19:33:13,504:INFO: - Train metrics: accuracy: 0.940 ; loss: 0.146
2018-11-06 19:33:17,985:INFO: - Eval metrics : accuracy: 0.929 ; loss: 0.181
2018-11-06 19:33:17,987:INFO: Epoch 19/40
2018-11-06 19:33:40,165:INFO: - Train metrics: accuracy: 0.940 ; loss: 0.141
2018-11-06 19:33:44,626:INFO: - Eval metrics : accuracy: 0.930 ; loss: 0.176
2018-11-06 19:33:44,662:INFO: Epoch 20/40
2018-11-06 19:34:08,305:INFO: - Train metrics: accuracy: 0.936 ; loss: 0.146
2018-11-06 19:34:12,793:INFO: - Eval metrics : accuracy: 0.930 ; loss: 0.178
2018-11-06 19:34:12,835:INFO: - Found new best accuracy
2018-11-06 19:34:12,835:INFO: Epoch 21/40
2018-11-06 19:34:34,630:INFO: - Train metrics: accuracy: 0.940 ; loss: 0.143
2018-11-06 19:34:39,103:INFO: - Eval metrics : accuracy: 0.931 ; loss: 0.176
2018-11-06 19:34:39,143:INFO: - Found new best accuracy
2018-11-06 19:34:39,144:INFO: Epoch 22/40
2018-11-06 19:34:59,890:INFO: - Train metrics: accuracy: 0.940 ; loss: 0.140
2018-11-06 19:35:04,347:INFO: - Eval metrics : accuracy: 0.931 ; loss: 0.176
2018-11-06 19:35:04,386:INFO: Epoch 23/40
2018-11-06 19:35:25,516:INFO: - Train metrics: accuracy: 0.936 ; loss: 0.141
2018-11-06 19:35:29,766:INFO: - Eval metrics : accuracy: 0.931 ; loss: 0.177
2018-11-06 19:35:29,792:INFO: Epoch 24/40
2018-11-06 19:35:52,203:INFO: - Train metrics: accuracy: 0.940 ; loss: 0.140
2018-11-06 19:35:56,850:INFO: - Eval metrics : accuracy: 0.931 ; loss: 0.177
2018-11-06 19:35:56,880:INFO: Epoch 25/40
2018-11-06 19:36:17,564:INFO: - Train metrics: accuracy: 0.941 ; loss: 0.132
2018-11-06 19:36:22,035:INFO: - Eval metrics : accuracy: 0.931 ; loss: 0.177
2018-11-06 19:36:22,069:INFO: Epoch 26/40
2018-11-06 19:36:45,060:INFO: - Train metrics: accuracy: 0.948 ; loss: 0.128
2018-11-06 19:36:49,618:INFO: - Eval metrics : accuracy: 0.931 ; loss: 0.177
2018-11-06 19:36:49,652:INFO: Epoch 27/40
2018-11-06 19:37:11,763:INFO: - Train metrics: accuracy: 0.951 ; loss: 0.126
2018-11-06 19:37:16,217:INFO: - Eval metrics : accuracy: 0.931 ; loss: 0.178
2018-11-06 19:37:16,256:INFO: Epoch 28/40
2018-11-06 19:37:38,326:INFO: - Train metrics: accuracy: 0.952 ; loss: 0.124
2018-11-06 19:37:42,982:INFO: - Eval metrics : accuracy: 0.931 ; loss: 0.179
2018-11-06 19:37:43,015:INFO: Epoch 29/40
2018-11-06 19:38:05,065:INFO: - Train metrics: accuracy: 0.952 ; loss: 0.121
2018-11-06 19:38:09,525:INFO: - Eval metrics : accuracy: 0.931 ; loss: 0.177
2018-11-06 19:38:09,564:INFO: Epoch 30/40
2018-11-06 19:38:31,324:INFO: - Train metrics: accuracy: 0.949 ; loss: 0.121
2018-11-06 19:38:35,882:INFO: - Eval metrics : accuracy: 0.931 ; loss: 0.175
2018-11-06 19:38:35,884:INFO: Epoch 31/40
2018-11-06 19:38:55,692:INFO: - Train metrics: accuracy: 0.953 ; loss: 0.121
2018-11-06 19:39:00,156:INFO: - Eval metrics : accuracy: 0.931 ; loss: 0.175
2018-11-06 19:39:00,193:INFO: Epoch 32/40
2018-11-06 19:39:21,788:INFO: - Train metrics: accuracy: 0.956 ; loss: 0.120
2018-11-06 19:39:26,477:INFO: - Eval metrics : accuracy: 0.931 ; loss: 0.175
2018-11-06 19:39:26,516:INFO: Epoch 33/40
2018-11-06 19:39:47,193:INFO: - Train metrics: accuracy: 0.952 ; loss: 0.119
2018-11-06 19:39:51,856:INFO: - Eval metrics : accuracy: 0.931 ; loss: 0.174
2018-11-06 19:39:51,859:INFO: Epoch 34/40
2018-11-06 19:40:13,848:INFO: - Train metrics: accuracy: 0.951 ; loss: 0.120
2018-11-06 19:40:18,361:INFO: - Eval metrics : accuracy: 0.930 ; loss: 0.174
2018-11-06 19:40:18,401:INFO: Epoch 35/40
2018-11-06 19:40:42,267:INFO: - Train metrics: accuracy: 0.951 ; loss: 0.119
2018-11-06 19:40:46,972:INFO: - Eval metrics : accuracy: 0.930 ; loss: 0.174
2018-11-06 19:40:47,009:INFO: Epoch 36/40
2018-11-06 19:41:13,286:INFO: - Train metrics: accuracy: 0.948 ; loss: 0.120
2018-11-06 19:41:17,983:INFO: - Eval metrics : accuracy: 0.930 ; loss: 0.174
2018-11-06 19:41:18,015:INFO: Epoch 37/40
2018-11-06 19:41:43,698:INFO: - Train metrics: accuracy: 0.947 ; loss: 0.119
2018-11-06 19:41:48,196:INFO: - Eval metrics : accuracy: 0.930 ; loss: 0.174
2018-11-06 19:41:48,247:INFO: Epoch 38/40
2018-11-06 19:42:14,163:INFO: - Train metrics: accuracy: 0.947 ; loss: 0.119
2018-11-06 19:42:18,844:INFO: - Eval metrics : accuracy: 0.931 ; loss: 0.174
2018-11-06 19:42:18,870:INFO: Epoch 39/40
2018-11-06 19:42:44,992:INFO: - Train metrics: accuracy: 0.948 ; loss: 0.119
2018-11-06 19:42:49,506:INFO: - Eval metrics : accuracy: 0.931 ; loss: 0.174
2018-11-06 19:42:49,547:INFO: Epoch 40/40
2018-11-06 19:43:13,304:INFO: - Train metrics: accuracy: 0.949 ; loss: 0.120
2018-11-06 19:43:17,971:INFO: - Eval metrics : accuracy: 0.931 ; loss: 0.174
2018-11-06 19:43:18,007:INFO: Total time (minutes) =27.150056409835816
