2018-10-29 18:07:50,530:INFO: Loading the dataset ...
2018-10-29 18:07:50,783:INFO: - done.
2018-10-29 18:07:52,478:INFO: Starting evaluation
2018-10-29 18:07:54,277:INFO: Labels=[0. 0. 1. 0. 0. 0. 0. 1. 0. 1.]
2018-10-29 18:07:54,277:INFO: Out prob=[2.34684732e-04 8.69986296e-01 8.45161736e-01 8.64988983e-01
 6.18113279e-01 9.95169739e-06 2.15919036e-03 6.51779175e-01
 9.41098928e-02 9.32669938e-01]
2018-10-29 18:07:54,277:INFO: ------------------------------------------------------------------------------------------------------------------------
2018-10-29 18:07:54,277:INFO: len labels after =15872
2018-10-29 18:07:54,277:INFO: len out_prob after15872
2018-10-29 18:07:54,277:INFO: length y_test=15872
2018-10-29 18:07:54,277:INFO: Lenght y_score=15872
2018-10-29 18:07:54,281:INFO: Length y_score 15872
2018-10-29 18:07:54,281:INFO: Length y_test 15872
2018-10-29 18:07:54,281:INFO: Thresholds[0:6] = 
 [0.98641288 0.9849236  0.98481631 0.98455226 0.98241365 0.98232687]
2018-10-29 18:07:54,281:INFO: Thresholds lenght = 
15865
2018-10-29 18:07:54,281:INFO: fpr lenght15865
2018-10-29 18:07:54,281:INFO: tpr lenght15865
2018-10-29 18:07:54,329:INFO: ------------------------------------------------------------------------------------------------------------------------
2018-10-29 18:07:54,332:INFO: roc_auc=0.8849019855415907
2018-10-29 18:07:54,333:INFO: ------------------------------------------------------------------------------------------------------------------------
2018-10-29 18:07:54,333:INFO: - Eval metrics : accuracy: 0.80047 ; loss: 0.41415
