2018-10-29 18:02:53,553:INFO: search_hyperparam_sample_name=top_qcd_jets_antikt_kt__40000_Njets_256_batch
2018-10-29 18:02:53,554:INFO: ------------------------------------------------------------
2018-10-29 18:02:53,554:INFO: Loading the datasets...
2018-10-29 18:02:54,549:INFO: - done loading the datasets
2018-10-29 18:02:54,549:INFO: ------------------------------------------------------------
2018-10-29 18:02:56,083:INFO: Building optimizer...
2018-10-29 18:02:56,083:INFO: Starting training for 35 epoch(s)
2018-10-29 18:02:56,083:INFO: Epoch 1/35
2018-10-29 18:03:04,187:INFO: - Train metrics: accuracy: 0.650 ; loss: 1.172
2018-10-29 18:03:05,773:INFO: - Eval metrics : accuracy: 0.766 ; loss: 0.483
2018-10-29 18:03:05,781:INFO: - Found new best accuracy
2018-10-29 18:03:05,782:INFO: Epoch 2/35
2018-10-29 18:03:12,380:INFO: - Train metrics: accuracy: 0.795 ; loss: 0.452
2018-10-29 18:03:13,958:INFO: - Eval metrics : accuracy: 0.784 ; loss: 0.445
2018-10-29 18:03:13,961:INFO: - Found new best accuracy
2018-10-29 18:03:13,961:INFO: Epoch 3/35
2018-10-29 18:03:21,361:INFO: - Train metrics: accuracy: 0.801 ; loss: 0.424
2018-10-29 18:03:22,874:INFO: - Eval metrics : accuracy: 0.789 ; loss: 0.435
2018-10-29 18:03:22,915:INFO: - Found new best accuracy
2018-10-29 18:03:22,915:INFO: Epoch 4/35
2018-10-29 18:03:29,653:INFO: - Train metrics: accuracy: 0.799 ; loss: 0.415
2018-10-29 18:03:31,288:INFO: - Eval metrics : accuracy: 0.790 ; loss: 0.438
2018-10-29 18:03:31,323:INFO: - Found new best accuracy
2018-10-29 18:03:31,323:INFO: Epoch 5/35
2018-10-29 18:03:38,025:INFO: - Train metrics: accuracy: 0.820 ; loss: 0.416
2018-10-29 18:03:39,647:INFO: - Eval metrics : accuracy: 0.789 ; loss: 0.441
2018-10-29 18:03:39,684:INFO: Epoch 6/35
2018-10-29 18:03:46,706:INFO: - Train metrics: accuracy: 0.820 ; loss: 0.422
2018-10-29 18:03:48,116:INFO: - Eval metrics : accuracy: 0.795 ; loss: 0.432
2018-10-29 18:03:48,166:INFO: - Found new best accuracy
2018-10-29 18:03:48,166:INFO: Epoch 7/35
2018-10-29 18:03:55,260:INFO: - Train metrics: accuracy: 0.809 ; loss: 0.417
2018-10-29 18:03:56,986:INFO: - Eval metrics : accuracy: 0.797 ; loss: 0.427
2018-10-29 18:03:57,023:INFO: - Found new best accuracy
2018-10-29 18:03:57,024:INFO: Epoch 8/35
2018-10-29 18:04:03,720:INFO: - Train metrics: accuracy: 0.809 ; loss: 0.416
2018-10-29 18:04:05,175:INFO: - Eval metrics : accuracy: 0.802 ; loss: 0.420
2018-10-29 18:04:05,214:INFO: - Found new best accuracy
2018-10-29 18:04:05,214:INFO: Epoch 9/35
2018-10-29 18:04:12,312:INFO: - Train metrics: accuracy: 0.818 ; loss: 0.402
2018-10-29 18:04:13,833:INFO: - Eval metrics : accuracy: 0.802 ; loss: 0.417
2018-10-29 18:04:13,871:INFO: Epoch 10/35
2018-10-29 18:04:20,283:INFO: - Train metrics: accuracy: 0.830 ; loss: 0.393
2018-10-29 18:04:21,831:INFO: - Eval metrics : accuracy: 0.806 ; loss: 0.414
2018-10-29 18:04:21,858:INFO: - Found new best accuracy
2018-10-29 18:04:21,858:INFO: Epoch 11/35
2018-10-29 18:04:29,244:INFO: - Train metrics: accuracy: 0.826 ; loss: 0.393
2018-10-29 18:04:30,606:INFO: - Eval metrics : accuracy: 0.807 ; loss: 0.413
2018-10-29 18:04:30,608:INFO: - Found new best accuracy
2018-10-29 18:04:30,609:INFO: Epoch 12/35
2018-10-29 18:04:37,455:INFO: - Train metrics: accuracy: 0.824 ; loss: 0.393
2018-10-29 18:04:39,182:INFO: - Eval metrics : accuracy: 0.807 ; loss: 0.412
2018-10-29 18:04:39,185:INFO: - Found new best accuracy
2018-10-29 18:04:39,185:INFO: Epoch 13/35
2018-10-29 18:04:46,125:INFO: - Train metrics: accuracy: 0.818 ; loss: 0.391
2018-10-29 18:04:47,818:INFO: - Eval metrics : accuracy: 0.806 ; loss: 0.412
2018-10-29 18:04:47,854:INFO: Epoch 14/35
2018-10-29 18:04:54,889:INFO: - Train metrics: accuracy: 0.828 ; loss: 0.392
2018-10-29 18:04:56,113:INFO: - Eval metrics : accuracy: 0.807 ; loss: 0.414
2018-10-29 18:04:56,146:INFO: - Found new best accuracy
2018-10-29 18:04:56,146:INFO: Epoch 15/35
2018-10-29 18:05:03,156:INFO: - Train metrics: accuracy: 0.826 ; loss: 0.393
2018-10-29 18:05:04,916:INFO: - Eval metrics : accuracy: 0.807 ; loss: 0.413
2018-10-29 18:05:04,948:INFO: - Found new best accuracy
2018-10-29 18:05:04,949:INFO: Epoch 16/35
2018-10-29 18:05:11,608:INFO: - Train metrics: accuracy: 0.826 ; loss: 0.391
2018-10-29 18:05:13,000:INFO: - Eval metrics : accuracy: 0.806 ; loss: 0.413
2018-10-29 18:05:13,039:INFO: Epoch 17/35
2018-10-29 18:05:20,183:INFO: - Train metrics: accuracy: 0.828 ; loss: 0.391
2018-10-29 18:05:21,442:INFO: - Eval metrics : accuracy: 0.806 ; loss: 0.414
2018-10-29 18:05:21,444:INFO: Epoch 18/35
2018-10-29 18:05:28,578:INFO: - Train metrics: accuracy: 0.830 ; loss: 0.390
2018-10-29 18:05:30,060:INFO: - Eval metrics : accuracy: 0.807 ; loss: 0.412
2018-10-29 18:05:30,099:INFO: Epoch 19/35
2018-10-29 18:05:37,225:INFO: - Train metrics: accuracy: 0.828 ; loss: 0.388
2018-10-29 18:05:38,538:INFO: - Eval metrics : accuracy: 0.809 ; loss: 0.410
2018-10-29 18:05:38,578:INFO: - Found new best accuracy
2018-10-29 18:05:38,579:INFO: Epoch 20/35
2018-10-29 18:05:46,485:INFO: - Train metrics: accuracy: 0.832 ; loss: 0.386
2018-10-29 18:05:47,850:INFO: - Eval metrics : accuracy: 0.810 ; loss: 0.409
2018-10-29 18:05:47,892:INFO: - Found new best accuracy
2018-10-29 18:05:47,893:INFO: Epoch 21/35
2018-10-29 18:05:55,044:INFO: - Train metrics: accuracy: 0.830 ; loss: 0.385
2018-10-29 18:05:56,533:INFO: - Eval metrics : accuracy: 0.810 ; loss: 0.409
2018-10-29 18:05:56,571:INFO: Epoch 22/35
2018-10-29 18:06:03,773:INFO: - Train metrics: accuracy: 0.828 ; loss: 0.385
2018-10-29 18:06:05,145:INFO: - Eval metrics : accuracy: 0.810 ; loss: 0.408
2018-10-29 18:06:05,190:INFO: Epoch 23/35
2018-10-29 18:06:12,076:INFO: - Train metrics: accuracy: 0.834 ; loss: 0.384
2018-10-29 18:06:13,607:INFO: - Eval metrics : accuracy: 0.809 ; loss: 0.408
2018-10-29 18:06:13,643:INFO: Epoch 24/35
2018-10-29 18:06:20,700:INFO: - Train metrics: accuracy: 0.828 ; loss: 0.384
2018-10-29 18:06:21,937:INFO: - Eval metrics : accuracy: 0.809 ; loss: 0.408
2018-10-29 18:06:21,976:INFO: Epoch 25/35
2018-10-29 18:06:28,595:INFO: - Train metrics: accuracy: 0.824 ; loss: 0.384
2018-10-29 18:06:29,976:INFO: - Eval metrics : accuracy: 0.810 ; loss: 0.408
2018-10-29 18:06:30,004:INFO: - Found new best accuracy
2018-10-29 18:06:30,004:INFO: Epoch 26/35
2018-10-29 18:06:36,326:INFO: - Train metrics: accuracy: 0.824 ; loss: 0.384
2018-10-29 18:06:37,562:INFO: - Eval metrics : accuracy: 0.810 ; loss: 0.408
2018-10-29 18:06:37,603:INFO: - Found new best accuracy
2018-10-29 18:06:37,604:INFO: Epoch 27/35
2018-10-29 18:06:44,535:INFO: - Train metrics: accuracy: 0.824 ; loss: 0.384
2018-10-29 18:06:45,753:INFO: - Eval metrics : accuracy: 0.810 ; loss: 0.408
2018-10-29 18:06:45,790:INFO: Epoch 28/35
2018-10-29 18:06:52,136:INFO: - Train metrics: accuracy: 0.824 ; loss: 0.383
2018-10-29 18:06:53,366:INFO: - Eval metrics : accuracy: 0.810 ; loss: 0.408
2018-10-29 18:06:53,406:INFO: Epoch 29/35
2018-10-29 18:07:00,207:INFO: - Train metrics: accuracy: 0.824 ; loss: 0.383
2018-10-29 18:07:01,419:INFO: - Eval metrics : accuracy: 0.810 ; loss: 0.408
2018-10-29 18:07:01,452:INFO: Epoch 30/35
2018-10-29 18:07:08,419:INFO: - Train metrics: accuracy: 0.824 ; loss: 0.383
2018-10-29 18:07:09,730:INFO: - Eval metrics : accuracy: 0.810 ; loss: 0.408
2018-10-29 18:07:09,771:INFO: Epoch 31/35
2018-10-29 18:07:16,119:INFO: - Train metrics: accuracy: 0.824 ; loss: 0.383
2018-10-29 18:07:17,251:INFO: - Eval metrics : accuracy: 0.810 ; loss: 0.408
2018-10-29 18:07:17,287:INFO: Epoch 32/35
2018-10-29 18:07:23,979:INFO: - Train metrics: accuracy: 0.824 ; loss: 0.383
2018-10-29 18:07:25,355:INFO: - Eval metrics : accuracy: 0.810 ; loss: 0.408
2018-10-29 18:07:25,382:INFO: Epoch 33/35
2018-10-29 18:07:31,906:INFO: - Train metrics: accuracy: 0.824 ; loss: 0.383
2018-10-29 18:07:33,124:INFO: - Eval metrics : accuracy: 0.810 ; loss: 0.408
2018-10-29 18:07:33,161:INFO: Epoch 34/35
2018-10-29 18:07:39,701:INFO: - Train metrics: accuracy: 0.824 ; loss: 0.383
2018-10-29 18:07:40,933:INFO: - Eval metrics : accuracy: 0.810 ; loss: 0.408
2018-10-29 18:07:40,972:INFO: Epoch 35/35
2018-10-29 18:07:47,380:INFO: - Train metrics: accuracy: 0.822 ; loss: 0.383
2018-10-29 18:07:48,623:INFO: - Eval metrics : accuracy: 0.809 ; loss: 0.408
2018-10-29 18:07:48,664:INFO: Total time (minutes) =4.918505803743998
