2018-10-29 18:49:05,455:INFO: Loading the dataset ...
2018-10-29 18:49:05,776:INFO: - done.
2018-10-29 18:49:07,378:INFO: Starting evaluation
2018-10-29 18:49:08,069:INFO: Labels=[0. 0. 1. 0. 0. 0. 0. 1. 0. 1.]
2018-10-29 18:49:08,069:INFO: Out prob=[1.14004164e-04 8.40832412e-01 8.71485114e-01 7.14797974e-01
 7.75143385e-01 4.23680467e-05 9.65672731e-03 7.17707276e-01
 2.94757694e-01 9.11645472e-01]
2018-10-29 18:49:08,069:INFO: ------------------------------------------------------------------------------------------------------------------------
2018-10-29 18:49:08,069:INFO: len labels after =15360
2018-10-29 18:49:08,069:INFO: len out_prob after15360
2018-10-29 18:49:08,069:INFO: length y_test=15360
2018-10-29 18:49:08,069:INFO: Lenght y_score=15360
2018-10-29 18:49:08,072:INFO: Length y_score 15360
2018-10-29 18:49:08,072:INFO: Length y_test 15360
2018-10-29 18:49:08,072:INFO: Thresholds[0:6] = 
 [0.98261064 0.98248851 0.98242307 0.98081124 0.98019779 0.97875744]
2018-10-29 18:49:08,073:INFO: Thresholds lenght = 
15346
2018-10-29 18:49:08,073:INFO: fpr lenght15346
2018-10-29 18:49:08,073:INFO: tpr lenght15346
2018-10-29 18:49:08,117:INFO: ------------------------------------------------------------------------------------------------------------------------
2018-10-29 18:49:08,121:INFO: roc_auc=0.8730108960132327
2018-10-29 18:49:08,121:INFO: ------------------------------------------------------------------------------------------------------------------------
2018-10-29 18:49:08,121:INFO: - Eval metrics : accuracy: 0.79141 ; loss: 0.43251
