2018-10-29 18:46:49,980:INFO: search_hyperparam_sample_name=top_qcd_jets_antikt_kt__40000_Njets_1024_batch
2018-10-29 18:46:49,981:INFO: ------------------------------------------------------------
2018-10-29 18:46:49,981:INFO: Loading the datasets...
2018-10-29 18:46:51,067:INFO: - done loading the datasets
2018-10-29 18:46:51,067:INFO: ------------------------------------------------------------
2018-10-29 18:46:52,811:INFO: Building optimizer...
2018-10-29 18:46:52,812:INFO: Starting training for 35 epoch(s)
2018-10-29 18:46:52,812:INFO: Epoch 1/35
2018-10-29 18:46:55,744:INFO: - Train metrics: accuracy: 0.519 ; loss: 1.946
2018-10-29 18:46:56,298:INFO: - Eval metrics : accuracy: 0.658 ; loss: 0.599
2018-10-29 18:46:56,307:INFO: - Found new best accuracy
2018-10-29 18:46:56,307:INFO: Epoch 2/35
2018-10-29 18:46:59,241:INFO: - Train metrics: accuracy: 0.679 ; loss: 0.585
2018-10-29 18:46:59,872:INFO: - Eval metrics : accuracy: 0.742 ; loss: 0.526
2018-10-29 18:46:59,913:INFO: - Found new best accuracy
2018-10-29 18:46:59,913:INFO: Epoch 3/35
2018-10-29 18:47:03,345:INFO: - Train metrics: accuracy: 0.754 ; loss: 0.508
2018-10-29 18:47:04,057:INFO: - Eval metrics : accuracy: 0.755 ; loss: 0.503
2018-10-29 18:47:04,120:INFO: - Found new best accuracy
2018-10-29 18:47:04,120:INFO: Epoch 4/35
2018-10-29 18:47:07,554:INFO: - Train metrics: accuracy: 0.765 ; loss: 0.484
2018-10-29 18:47:08,316:INFO: - Eval metrics : accuracy: 0.762 ; loss: 0.490
2018-10-29 18:47:08,357:INFO: - Found new best accuracy
2018-10-29 18:47:08,358:INFO: Epoch 5/35
2018-10-29 18:47:11,161:INFO: - Train metrics: accuracy: 0.772 ; loss: 0.472
2018-10-29 18:47:11,641:INFO: - Eval metrics : accuracy: 0.765 ; loss: 0.479
2018-10-29 18:47:11,686:INFO: - Found new best accuracy
2018-10-29 18:47:11,687:INFO: Epoch 6/35
2018-10-29 18:47:14,553:INFO: - Train metrics: accuracy: 0.781 ; loss: 0.459
2018-10-29 18:47:15,202:INFO: - Eval metrics : accuracy: 0.769 ; loss: 0.467
2018-10-29 18:47:15,242:INFO: - Found new best accuracy
2018-10-29 18:47:15,243:INFO: Epoch 7/35
2018-10-29 18:47:18,251:INFO: - Train metrics: accuracy: 0.790 ; loss: 0.441
2018-10-29 18:47:18,788:INFO: - Eval metrics : accuracy: 0.773 ; loss: 0.457
2018-10-29 18:47:18,827:INFO: - Found new best accuracy
2018-10-29 18:47:18,828:INFO: Epoch 8/35
2018-10-29 18:47:22,040:INFO: - Train metrics: accuracy: 0.803 ; loss: 0.427
2018-10-29 18:47:22,742:INFO: - Eval metrics : accuracy: 0.778 ; loss: 0.449
2018-10-29 18:47:22,779:INFO: - Found new best accuracy
2018-10-29 18:47:22,780:INFO: Epoch 9/35
2018-10-29 18:47:25,494:INFO: - Train metrics: accuracy: 0.796 ; loss: 0.423
2018-10-29 18:47:26,044:INFO: - Eval metrics : accuracy: 0.779 ; loss: 0.446
2018-10-29 18:47:26,085:INFO: - Found new best accuracy
2018-10-29 18:47:26,086:INFO: Epoch 10/35
2018-10-29 18:47:28,728:INFO: - Train metrics: accuracy: 0.801 ; loss: 0.422
2018-10-29 18:47:29,180:INFO: - Eval metrics : accuracy: 0.779 ; loss: 0.443
2018-10-29 18:47:29,216:INFO: - Found new best accuracy
2018-10-29 18:47:29,217:INFO: Epoch 11/35
2018-10-29 18:47:32,093:INFO: - Train metrics: accuracy: 0.804 ; loss: 0.421
2018-10-29 18:47:32,735:INFO: - Eval metrics : accuracy: 0.779 ; loss: 0.442
2018-10-29 18:47:32,776:INFO: Epoch 12/35
2018-10-29 18:47:35,890:INFO: - Train metrics: accuracy: 0.802 ; loss: 0.420
2018-10-29 18:47:36,633:INFO: - Eval metrics : accuracy: 0.781 ; loss: 0.440
2018-10-29 18:47:36,670:INFO: - Found new best accuracy
2018-10-29 18:47:36,671:INFO: Epoch 13/35
2018-10-29 18:47:40,150:INFO: - Train metrics: accuracy: 0.804 ; loss: 0.419
2018-10-29 18:47:40,895:INFO: - Eval metrics : accuracy: 0.781 ; loss: 0.440
2018-10-29 18:47:40,937:INFO: - Found new best accuracy
2018-10-29 18:47:40,938:INFO: Epoch 14/35
2018-10-29 18:47:43,824:INFO: - Train metrics: accuracy: 0.803 ; loss: 0.418
2018-10-29 18:47:44,434:INFO: - Eval metrics : accuracy: 0.783 ; loss: 0.439
2018-10-29 18:47:44,474:INFO: - Found new best accuracy
2018-10-29 18:47:44,475:INFO: Epoch 15/35
2018-10-29 18:47:47,226:INFO: - Train metrics: accuracy: 0.801 ; loss: 0.417
2018-10-29 18:47:47,708:INFO: - Eval metrics : accuracy: 0.784 ; loss: 0.437
2018-10-29 18:47:47,750:INFO: - Found new best accuracy
2018-10-29 18:47:47,750:INFO: Epoch 16/35
2018-10-29 18:47:50,597:INFO: - Train metrics: accuracy: 0.808 ; loss: 0.415
2018-10-29 18:47:51,091:INFO: - Eval metrics : accuracy: 0.785 ; loss: 0.435
2018-10-29 18:47:51,131:INFO: - Found new best accuracy
2018-10-29 18:47:51,132:INFO: Epoch 17/35
2018-10-29 18:47:54,056:INFO: - Train metrics: accuracy: 0.809 ; loss: 0.412
2018-10-29 18:47:54,630:INFO: - Eval metrics : accuracy: 0.786 ; loss: 0.434
2018-10-29 18:47:54,667:INFO: - Found new best accuracy
2018-10-29 18:47:54,668:INFO: Epoch 18/35
2018-10-29 18:47:57,506:INFO: - Train metrics: accuracy: 0.809 ; loss: 0.410
2018-10-29 18:47:58,067:INFO: - Eval metrics : accuracy: 0.787 ; loss: 0.433
2018-10-29 18:47:58,102:INFO: - Found new best accuracy
2018-10-29 18:47:58,102:INFO: Epoch 19/35
2018-10-29 18:48:00,817:INFO: - Train metrics: accuracy: 0.807 ; loss: 0.407
2018-10-29 18:48:01,355:INFO: - Eval metrics : accuracy: 0.786 ; loss: 0.433
2018-10-29 18:48:01,396:INFO: Epoch 20/35
2018-10-29 18:48:04,531:INFO: - Train metrics: accuracy: 0.808 ; loss: 0.406
2018-10-29 18:48:05,114:INFO: - Eval metrics : accuracy: 0.787 ; loss: 0.433
2018-10-29 18:48:05,163:INFO: Epoch 21/35
2018-10-29 18:48:08,189:INFO: - Train metrics: accuracy: 0.811 ; loss: 0.404
2018-10-29 18:48:08,847:INFO: - Eval metrics : accuracy: 0.788 ; loss: 0.432
2018-10-29 18:48:08,887:INFO: - Found new best accuracy
2018-10-29 18:48:08,888:INFO: Epoch 22/35
2018-10-29 18:48:11,776:INFO: - Train metrics: accuracy: 0.809 ; loss: 0.403
2018-10-29 18:48:12,297:INFO: - Eval metrics : accuracy: 0.788 ; loss: 0.432
2018-10-29 18:48:12,323:INFO: - Found new best accuracy
2018-10-29 18:48:12,323:INFO: Epoch 23/35
2018-10-29 18:48:15,698:INFO: - Train metrics: accuracy: 0.811 ; loss: 0.403
2018-10-29 18:48:16,446:INFO: - Eval metrics : accuracy: 0.788 ; loss: 0.432
2018-10-29 18:48:16,488:INFO: - Found new best accuracy
2018-10-29 18:48:16,488:INFO: Epoch 24/35
2018-10-29 18:48:19,660:INFO: - Train metrics: accuracy: 0.811 ; loss: 0.402
2018-10-29 18:48:20,268:INFO: - Eval metrics : accuracy: 0.789 ; loss: 0.431
2018-10-29 18:48:20,317:INFO: - Found new best accuracy
2018-10-29 18:48:20,317:INFO: Epoch 25/35
2018-10-29 18:48:23,764:INFO: - Train metrics: accuracy: 0.809 ; loss: 0.402
2018-10-29 18:48:24,519:INFO: - Eval metrics : accuracy: 0.790 ; loss: 0.431
2018-10-29 18:48:24,558:INFO: - Found new best accuracy
2018-10-29 18:48:24,558:INFO: Epoch 26/35
2018-10-29 18:48:27,967:INFO: - Train metrics: accuracy: 0.808 ; loss: 0.402
2018-10-29 18:48:28,737:INFO: - Eval metrics : accuracy: 0.790 ; loss: 0.430
2018-10-29 18:48:28,772:INFO: - Found new best accuracy
2018-10-29 18:48:28,773:INFO: Epoch 27/35
2018-10-29 18:48:31,790:INFO: - Train metrics: accuracy: 0.812 ; loss: 0.402
2018-10-29 18:48:32,461:INFO: - Eval metrics : accuracy: 0.790 ; loss: 0.430
2018-10-29 18:48:32,491:INFO: - Found new best accuracy
2018-10-29 18:48:32,492:INFO: Epoch 28/35
2018-10-29 18:48:36,000:INFO: - Train metrics: accuracy: 0.811 ; loss: 0.403
2018-10-29 18:48:36,757:INFO: - Eval metrics : accuracy: 0.791 ; loss: 0.430
2018-10-29 18:48:36,796:INFO: - Found new best accuracy
2018-10-29 18:48:36,797:INFO: Epoch 29/35
2018-10-29 18:48:39,764:INFO: - Train metrics: accuracy: 0.811 ; loss: 0.403
2018-10-29 18:48:40,396:INFO: - Eval metrics : accuracy: 0.790 ; loss: 0.430
2018-10-29 18:48:40,434:INFO: Epoch 30/35
2018-10-29 18:48:43,851:INFO: - Train metrics: accuracy: 0.809 ; loss: 0.403
2018-10-29 18:48:44,600:INFO: - Eval metrics : accuracy: 0.790 ; loss: 0.430
2018-10-29 18:48:44,633:INFO: Epoch 31/35
2018-10-29 18:48:47,999:INFO: - Train metrics: accuracy: 0.809 ; loss: 0.403
2018-10-29 18:48:48,739:INFO: - Eval metrics : accuracy: 0.791 ; loss: 0.429
2018-10-29 18:48:48,776:INFO: - Found new best accuracy
2018-10-29 18:48:48,776:INFO: Epoch 32/35
2018-10-29 18:48:52,247:INFO: - Train metrics: accuracy: 0.809 ; loss: 0.403
2018-10-29 18:48:53,006:INFO: - Eval metrics : accuracy: 0.791 ; loss: 0.429
2018-10-29 18:48:53,045:INFO: - Found new best accuracy
2018-10-29 18:48:53,045:INFO: Epoch 33/35
2018-10-29 18:48:56,454:INFO: - Train metrics: accuracy: 0.809 ; loss: 0.402
2018-10-29 18:48:57,203:INFO: - Eval metrics : accuracy: 0.791 ; loss: 0.429
2018-10-29 18:48:57,246:INFO: Epoch 34/35
2018-10-29 18:48:59,955:INFO: - Train metrics: accuracy: 0.809 ; loss: 0.402
2018-10-29 18:49:00,483:INFO: - Eval metrics : accuracy: 0.791 ; loss: 0.429
2018-10-29 18:49:00,519:INFO: - Found new best accuracy
2018-10-29 18:49:00,521:INFO: Epoch 35/35
2018-10-29 18:49:03,238:INFO: - Train metrics: accuracy: 0.809 ; loss: 0.402
2018-10-29 18:49:03,678:INFO: - Eval metrics : accuracy: 0.791 ; loss: 0.429
2018-10-29 18:49:03,720:INFO: - Found new best accuracy
2018-10-29 18:49:03,720:INFO: Total time (minutes) =2.228998072942098
