2018-10-29 17:43:08,853:INFO: Loading the dataset ...
2018-10-29 17:43:09,185:INFO: - done.
2018-10-29 17:43:10,979:INFO: Starting evaluation
2018-10-29 17:43:13,668:INFO: Labels=[0. 0. 1. 0. 0. 0. 0. 1. 0. 1.]
2018-10-29 17:43:13,669:INFO: Out prob=[1.72732878e-04 7.55603671e-01 9.91813779e-01 5.92180371e-01
 6.92977190e-01 3.32198091e-08 8.21486101e-05 7.70472109e-01
 3.65831680e-03 9.57130015e-01]
2018-10-29 17:43:13,669:INFO: ------------------------------------------------------------------------------------------------------------------------
2018-10-29 17:43:13,669:INFO: len labels after =16000
2018-10-29 17:43:13,669:INFO: len out_prob after16000
2018-10-29 17:43:13,669:INFO: length y_test=16000
2018-10-29 17:43:13,669:INFO: Lenght y_score=16000
2018-10-29 17:43:13,672:INFO: Length y_score 16000
2018-10-29 17:43:13,672:INFO: Length y_test 16000
2018-10-29 17:43:13,672:INFO: Thresholds[0:6] = 
 [0.99828631 0.9981944  0.99817014 0.99815553 0.99797505 0.99793315]
2018-10-29 17:43:13,672:INFO: Thresholds lenght = 
15974
2018-10-29 17:43:13,672:INFO: fpr lenght15974
2018-10-29 17:43:13,672:INFO: tpr lenght15974
2018-10-29 17:43:13,722:INFO: ------------------------------------------------------------------------------------------------------------------------
2018-10-29 17:43:13,726:INFO: roc_auc=0.9676604604321947
2018-10-29 17:43:13,726:INFO: ------------------------------------------------------------------------------------------------------------------------
2018-10-29 17:43:13,727:INFO: - Eval metrics : accuracy: 0.90931 ; loss: 0.22220
