2018-10-29 16:51:47,025:INFO: Loading the dataset ...
2018-10-29 16:51:47,386:INFO: - done.
2018-10-29 16:51:49,006:INFO: Starting evaluation
2018-10-29 16:51:53,496:INFO: Labels=[0. 0. 1. 0. 0. 0. 0. 1. 0. 1.]
2018-10-29 16:51:53,497:INFO: Out prob=[6.85387204e-05 8.97266865e-01 8.99978340e-01 6.93937838e-01
 5.29798627e-01 3.21181943e-07 2.50188317e-02 6.00356221e-01
 1.18355909e-02 8.91568005e-01]
2018-10-29 16:51:53,497:INFO: ------------------------------------------------------------------------------------------------------------------------
2018-10-29 16:51:53,497:INFO: len labels after =16000
2018-10-29 16:51:53,497:INFO: len out_prob after16000
2018-10-29 16:51:53,497:INFO: length y_test=16000
2018-10-29 16:51:53,497:INFO: Lenght y_score=16000
2018-10-29 16:51:53,500:INFO: Length y_score 16000
2018-10-29 16:51:53,500:INFO: Length y_test 16000
2018-10-29 16:51:53,500:INFO: Thresholds[0:6] = 
 [0.99236298 0.99228066 0.99149114 0.99148625 0.99127555 0.99122846]
2018-10-29 16:51:53,500:INFO: Thresholds lenght = 
15987
2018-10-29 16:51:53,500:INFO: fpr lenght15987
2018-10-29 16:51:53,500:INFO: tpr lenght15987
2018-10-29 16:51:53,581:INFO: ------------------------------------------------------------------------------------------------------------------------
2018-10-29 16:51:53,585:INFO: roc_auc=0.9285787254465426
2018-10-29 16:51:53,585:INFO: ------------------------------------------------------------------------------------------------------------------------
2018-10-29 16:51:53,586:INFO: - Eval metrics : accuracy: 0.84762 ; loss: 0.33357
