2018-11-01 15:09:05,601:INFO: Loading the dataset ...
2018-11-01 15:09:06,263:INFO: - done.
2018-11-01 15:09:07,964:INFO: Starting evaluation
2018-11-01 15:09:12,638:INFO: Labels=[1. 0. 0. 0. 1. 0. 0. 1. 1. 0.]
2018-11-01 15:09:12,638:INFO: Out prob=[9.99445260e-01 1.00041933e-01 6.42379403e-01 2.19534762e-04
 9.20783639e-01 9.77025807e-01 1.87469836e-24 9.98164356e-01
 9.98967171e-01 6.04213914e-04]
2018-11-01 15:09:12,639:INFO: ------------------------------------------------------------------------------------------------------------------------
2018-11-01 15:09:12,639:INFO: len labels after =32000
2018-11-01 15:09:12,639:INFO: len out_prob after32000
2018-11-01 15:09:12,639:INFO: length y_test=32000
2018-11-01 15:09:12,639:INFO: Lenght y_score=32000
2018-11-01 15:09:12,644:INFO: Length y_score 32000
2018-11-01 15:09:12,645:INFO: Length y_test 32000
2018-11-01 15:09:12,645:INFO: Thresholds[0:6] = 
 [0.99989152 0.99988103 0.99987793 0.99987721 0.99985886 0.99984527]
2018-11-01 15:09:12,645:INFO: Thresholds lenght = 
31472
2018-11-01 15:09:12,645:INFO: fpr lenght31472
2018-11-01 15:09:12,645:INFO: tpr lenght31472
2018-11-01 15:09:12,779:INFO: ------------------------------------------------------------------------------------------------------------------------
2018-11-01 15:09:12,787:INFO: roc_auc=0.9828341132141957
2018-11-01 15:09:12,787:INFO: ------------------------------------------------------------------------------------------------------------------------
2018-11-01 15:09:12,788:INFO: - Eval metrics : accuracy: 0.93350 ; loss: 0.16641
