2018-10-21 23:26:48,282:INFO: Loading the dataset ...
2018-10-21 23:26:48,659:INFO: - done.
2018-10-21 23:26:53,030:INFO: Starting evaluation
2018-10-21 23:26:55,789:INFO: Labels=[0. 0. 1. 0. 0. 0. 0. 1. 0. 1.]
2018-10-21 23:26:55,789:INFO: Out prob=[7.75536746e-02 3.94163489e-01 6.48642182e-01 5.58340430e-01
 8.38711441e-01 2.57636973e-04 6.94681751e-03 9.37406421e-01
 3.58370930e-01 9.70624626e-01]
2018-10-21 23:26:55,789:INFO: ------------------------------------------------------------------------------------------------------------------------
2018-10-21 23:26:55,789:INFO: len labels after =15872
2018-10-21 23:26:55,789:INFO: len out_prob after15872
2018-10-21 23:26:55,789:INFO: length y_test=15872
2018-10-21 23:26:55,789:INFO: Lenght y_score=15872
2018-10-21 23:26:55,792:INFO: Length y_score 15872
2018-10-21 23:26:55,793:INFO: Length y_test 15872
2018-10-21 23:26:55,793:INFO: Thresholds[0:6] = 
 [0.99967563 0.99951851 0.99950421 0.99935621 0.999071   0.99876273]
2018-10-21 23:26:55,793:INFO: Thresholds lenght = 
15864
2018-10-21 23:26:55,793:INFO: fpr lenght15864
2018-10-21 23:26:55,793:INFO: tpr lenght15864
2018-10-21 23:26:55,842:INFO: ------------------------------------------------------------------------------------------------------------------------
2018-10-21 23:26:55,846:INFO: roc_auc=0.9130819441748708
2018-10-21 23:26:55,846:INFO: ------------------------------------------------------------------------------------------------------------------------
2018-10-21 23:26:55,847:INFO: - Eval metrics : accuracy: 0.832 ; loss: 0.370
