2018-10-21 23:15:59,167:INFO: sample_name=top_qcd_jets_antikt_kt__40000_Njets_512_batch
2018-10-21 23:15:59,168:INFO: ------------------------------------------------------------
2018-10-21 23:15:59,168:INFO: Loading the datasets...
2018-10-21 23:16:00,287:INFO: - done loading the datasets
2018-10-21 23:16:00,287:INFO: ------------------------------------------------------------
2018-10-21 23:16:04,345:INFO: Building optimizer...
2018-10-21 23:16:04,345:INFO: Starting training for 30 epoch(s)
2018-10-21 23:16:04,345:INFO: Epoch 1/30
2018-10-21 23:16:23,374:INFO: - Train metrics: accuracy: 0.535 ; loss: 0.859
2018-10-21 23:16:25,886:INFO: - Eval metrics : accuracy: 0.697 ; loss: 0.613
2018-10-21 23:16:25,939:INFO: - Found new best accuracy
2018-10-21 23:16:25,939:INFO: Epoch 2/30
2018-10-21 23:16:44,107:INFO: - Train metrics: accuracy: 0.701 ; loss: 0.598
2018-10-21 23:16:46,598:INFO: - Eval metrics : accuracy: 0.795 ; loss: 0.464
2018-10-21 23:16:46,635:INFO: - Found new best accuracy
2018-10-21 23:16:46,636:INFO: Epoch 3/30
2018-10-21 23:17:06,132:INFO: - Train metrics: accuracy: 0.793 ; loss: 0.449
2018-10-21 23:17:08,663:INFO: - Eval metrics : accuracy: 0.789 ; loss: 0.464
2018-10-21 23:17:08,700:INFO: Epoch 4/30
2018-10-21 23:17:27,297:INFO: - Train metrics: accuracy: 0.797 ; loss: 0.458
2018-10-21 23:17:29,775:INFO: - Eval metrics : accuracy: 0.804 ; loss: 0.441
2018-10-21 23:17:29,817:INFO: - Found new best accuracy
2018-10-21 23:17:29,818:INFO: Epoch 5/30
2018-10-21 23:17:48,918:INFO: - Train metrics: accuracy: 0.812 ; loss: 0.421
2018-10-21 23:17:51,374:INFO: - Eval metrics : accuracy: 0.807 ; loss: 0.423
2018-10-21 23:17:51,377:INFO: - Found new best accuracy
2018-10-21 23:17:51,377:INFO: Epoch 6/30
2018-10-21 23:18:09,455:INFO: - Train metrics: accuracy: 0.820 ; loss: 0.398
2018-10-21 23:18:11,947:INFO: - Eval metrics : accuracy: 0.807 ; loss: 0.417
2018-10-21 23:18:11,978:INFO: Epoch 7/30
2018-10-21 23:18:30,065:INFO: - Train metrics: accuracy: 0.811 ; loss: 0.389
2018-10-21 23:18:32,482:INFO: - Eval metrics : accuracy: 0.811 ; loss: 0.407
2018-10-21 23:18:32,520:INFO: - Found new best accuracy
2018-10-21 23:18:32,520:INFO: Epoch 8/30
2018-10-21 23:18:50,734:INFO: - Train metrics: accuracy: 0.824 ; loss: 0.378
2018-10-21 23:18:53,248:INFO: - Eval metrics : accuracy: 0.813 ; loss: 0.402
2018-10-21 23:18:53,290:INFO: - Found new best accuracy
2018-10-21 23:18:53,291:INFO: Epoch 9/30
2018-10-21 23:19:11,059:INFO: - Train metrics: accuracy: 0.818 ; loss: 0.375
2018-10-21 23:19:13,475:INFO: - Eval metrics : accuracy: 0.813 ; loss: 0.399
2018-10-21 23:19:13,513:INFO: - Found new best accuracy
2018-10-21 23:19:13,514:INFO: Epoch 10/30
2018-10-21 23:19:31,666:INFO: - Train metrics: accuracy: 0.836 ; loss: 0.367
2018-10-21 23:19:34,173:INFO: - Eval metrics : accuracy: 0.815 ; loss: 0.397
2018-10-21 23:19:34,211:INFO: - Found new best accuracy
2018-10-21 23:19:34,211:INFO: Epoch 11/30
2018-10-21 23:19:52,050:INFO: - Train metrics: accuracy: 0.820 ; loss: 0.373
2018-10-21 23:19:54,491:INFO: - Eval metrics : accuracy: 0.816 ; loss: 0.398
2018-10-21 23:19:54,531:INFO: - Found new best accuracy
2018-10-21 23:19:54,532:INFO: Epoch 12/30
2018-10-21 23:20:14,750:INFO: - Train metrics: accuracy: 0.828 ; loss: 0.377
2018-10-21 23:20:17,800:INFO: - Eval metrics : accuracy: 0.817 ; loss: 0.395
2018-10-21 23:20:17,804:INFO: - Found new best accuracy
2018-10-21 23:20:17,804:INFO: Epoch 13/30
2018-10-21 23:20:36,549:INFO: - Train metrics: accuracy: 0.834 ; loss: 0.373
2018-10-21 23:20:39,658:INFO: - Eval metrics : accuracy: 0.820 ; loss: 0.385
2018-10-21 23:20:39,696:INFO: - Found new best accuracy
2018-10-21 23:20:39,696:INFO: Epoch 14/30
2018-10-21 23:20:58,051:INFO: - Train metrics: accuracy: 0.832 ; loss: 0.361
2018-10-21 23:21:00,634:INFO: - Eval metrics : accuracy: 0.820 ; loss: 0.384
2018-10-21 23:21:00,670:INFO: - Found new best accuracy
2018-10-21 23:21:00,670:INFO: Epoch 15/30
2018-10-21 23:21:19,422:INFO: - Train metrics: accuracy: 0.838 ; loss: 0.360
2018-10-21 23:21:22,484:INFO: - Eval metrics : accuracy: 0.820 ; loss: 0.384
2018-10-21 23:21:22,523:INFO: - Found new best accuracy
2018-10-21 23:21:22,524:INFO: Epoch 16/30
2018-10-21 23:21:42,140:INFO: - Train metrics: accuracy: 0.836 ; loss: 0.364
2018-10-21 23:21:44,604:INFO: - Eval metrics : accuracy: 0.819 ; loss: 0.388
2018-10-21 23:21:44,637:INFO: Epoch 17/30
2018-10-21 23:22:05,077:INFO: - Train metrics: accuracy: 0.836 ; loss: 0.373
2018-10-21 23:22:08,173:INFO: - Eval metrics : accuracy: 0.818 ; loss: 0.390
2018-10-21 23:22:08,212:INFO: Epoch 18/30
2018-10-21 23:22:27,081:INFO: - Train metrics: accuracy: 0.832 ; loss: 0.377
2018-10-21 23:22:30,164:INFO: - Eval metrics : accuracy: 0.819 ; loss: 0.387
2018-10-21 23:22:30,208:INFO: Epoch 19/30
2018-10-21 23:22:49,016:INFO: - Train metrics: accuracy: 0.834 ; loss: 0.373
2018-10-21 23:22:51,501:INFO: - Eval metrics : accuracy: 0.823 ; loss: 0.377
2018-10-21 23:22:51,539:INFO: - Found new best accuracy
2018-10-21 23:22:51,539:INFO: Epoch 20/30
2018-10-21 23:23:10,420:INFO: - Train metrics: accuracy: 0.838 ; loss: 0.354
2018-10-21 23:23:13,042:INFO: - Eval metrics : accuracy: 0.824 ; loss: 0.375
2018-10-21 23:23:13,068:INFO: - Found new best accuracy
2018-10-21 23:23:13,069:INFO: Epoch 21/30
2018-10-21 23:23:31,454:INFO: - Train metrics: accuracy: 0.842 ; loss: 0.348
2018-10-21 23:23:34,007:INFO: - Eval metrics : accuracy: 0.825 ; loss: 0.374
2018-10-21 23:23:34,055:INFO: - Found new best accuracy
2018-10-21 23:23:34,056:INFO: Epoch 22/30
2018-10-21 23:23:53,104:INFO: - Train metrics: accuracy: 0.836 ; loss: 0.347
2018-10-21 23:23:56,182:INFO: - Eval metrics : accuracy: 0.826 ; loss: 0.373
2018-10-21 23:23:56,224:INFO: - Found new best accuracy
2018-10-21 23:23:56,225:INFO: Epoch 23/30
2018-10-21 23:24:14,360:INFO: - Train metrics: accuracy: 0.840 ; loss: 0.345
2018-10-21 23:24:16,914:INFO: - Eval metrics : accuracy: 0.826 ; loss: 0.373
2018-10-21 23:24:16,953:INFO: Epoch 24/30
2018-10-21 23:24:35,496:INFO: - Train metrics: accuracy: 0.846 ; loss: 0.347
2018-10-21 23:24:38,306:INFO: - Eval metrics : accuracy: 0.824 ; loss: 0.375
2018-10-21 23:24:38,345:INFO: Epoch 25/30
2018-10-21 23:24:58,162:INFO: - Train metrics: accuracy: 0.832 ; loss: 0.355
2018-10-21 23:25:00,634:INFO: - Eval metrics : accuracy: 0.822 ; loss: 0.379
2018-10-21 23:25:00,637:INFO: Epoch 26/30
2018-10-21 23:25:18,968:INFO: - Train metrics: accuracy: 0.828 ; loss: 0.364
2018-10-21 23:25:21,300:INFO: - Eval metrics : accuracy: 0.821 ; loss: 0.382
2018-10-21 23:25:21,338:INFO: Epoch 27/30
2018-10-21 23:25:39,558:INFO: - Train metrics: accuracy: 0.836 ; loss: 0.367
2018-10-21 23:25:42,299:INFO: - Eval metrics : accuracy: 0.822 ; loss: 0.380
2018-10-21 23:25:42,338:INFO: Epoch 28/30
2018-10-21 23:26:00,929:INFO: - Train metrics: accuracy: 0.834 ; loss: 0.364
2018-10-21 23:26:03,488:INFO: - Eval metrics : accuracy: 0.825 ; loss: 0.375
2018-10-21 23:26:03,529:INFO: Epoch 29/30
2018-10-21 23:26:22,505:INFO: - Train metrics: accuracy: 0.830 ; loss: 0.356
2018-10-21 23:26:25,072:INFO: - Eval metrics : accuracy: 0.826 ; loss: 0.371
2018-10-21 23:26:25,107:INFO: Epoch 30/30
2018-10-21 23:26:43,778:INFO: - Train metrics: accuracy: 0.836 ; loss: 0.348
2018-10-21 23:26:46,356:INFO: - Eval metrics : accuracy: 0.827 ; loss: 0.371
2018-10-21 23:26:46,361:INFO: - Found new best accuracy
2018-10-21 23:26:46,361:INFO: Total time (minutes) =10.786562291781108
