2018-10-29 15:41:27,864:INFO: Loading the dataset ...
2018-10-29 15:41:28,208:INFO: - done.
2018-10-29 15:41:29,924:INFO: Starting evaluation
2018-10-29 15:41:30,603:INFO: Labels=[0. 0. 1. 0. 0. 0. 0. 1. 0. 1.]
2018-10-29 15:41:30,603:INFO: Out prob=[1.20738601e-04 8.33367765e-01 8.87876630e-01 8.68107617e-01
 7.11333454e-01 9.91508600e-08 1.68861076e-02 7.10590839e-01
 4.83053476e-01 9.05605197e-01]
2018-10-29 15:41:30,603:INFO: ------------------------------------------------------------------------------------------------------------------------
2018-10-29 15:41:30,603:INFO: len labels after =15360
2018-10-29 15:41:30,603:INFO: len out_prob after15360
2018-10-29 15:41:30,603:INFO: length y_test=15360
2018-10-29 15:41:30,603:INFO: Lenght y_score=15360
2018-10-29 15:41:30,607:INFO: Length y_score 15360
2018-10-29 15:41:30,607:INFO: Length y_test 15360
2018-10-29 15:41:30,607:INFO: Thresholds[0:6] = 
 [0.97320706 0.97191012 0.97150731 0.96881962 0.96715552 0.96683335]
2018-10-29 15:41:30,607:INFO: Thresholds lenght = 
15351
2018-10-29 15:41:30,607:INFO: fpr lenght15351
2018-10-29 15:41:30,607:INFO: tpr lenght15351
2018-10-29 15:41:30,652:INFO: ------------------------------------------------------------------------------------------------------------------------
2018-10-29 15:41:30,656:INFO: roc_auc=0.8715510282991371
2018-10-29 15:41:30,656:INFO: ------------------------------------------------------------------------------------------------------------------------
2018-10-29 15:41:30,657:INFO: - Eval metrics : accuracy: 0.79199 ; loss: 0.43309
