2018-10-29 16:41:45,921:INFO: Loading the dataset ...
2018-10-29 16:41:46,228:INFO: - done.
2018-10-29 16:41:47,814:INFO: Starting evaluation
2018-10-29 16:41:52,303:INFO: Labels=[0. 0. 1. 0. 0. 0. 0. 1. 0. 1.]
2018-10-29 16:41:52,304:INFO: Out prob=[6.27068512e-05 7.57028997e-01 8.89060080e-01 8.28990340e-01
 4.91292655e-01 1.41237058e-06 5.44883497e-03 7.92159736e-01
 5.14924265e-02 9.36980665e-01]
2018-10-29 16:41:52,304:INFO: ------------------------------------------------------------------------------------------------------------------------
2018-10-29 16:41:52,304:INFO: len labels after =16000
2018-10-29 16:41:52,304:INFO: len out_prob after16000
2018-10-29 16:41:52,304:INFO: length y_test=16000
2018-10-29 16:41:52,304:INFO: Lenght y_score=16000
2018-10-29 16:41:52,307:INFO: Length y_score 16000
2018-10-29 16:41:52,307:INFO: Length y_test 16000
2018-10-29 16:41:52,308:INFO: Thresholds[0:6] = 
 [0.98888016 0.98835874 0.98752093 0.98375547 0.98367846 0.98282915]
2018-10-29 16:41:52,308:INFO: Thresholds lenght = 
15989
2018-10-29 16:41:52,308:INFO: fpr lenght15989
2018-10-29 16:41:52,308:INFO: tpr lenght15989
2018-10-29 16:41:52,392:INFO: ------------------------------------------------------------------------------------------------------------------------
2018-10-29 16:41:52,396:INFO: roc_auc=0.8885957951343092
2018-10-29 16:41:52,396:INFO: ------------------------------------------------------------------------------------------------------------------------
2018-10-29 16:41:52,397:INFO: - Eval metrics : accuracy: 0.80556 ; loss: 0.40893
