2018-10-29 16:30:08,312:INFO: search_hyperparam_sample_name=top_qcd_jets_antikt_kt__40000_Njets_64_batch
2018-10-29 16:30:08,313:INFO: ------------------------------------------------------------
2018-10-29 16:30:08,313:INFO: Loading the datasets...
2018-10-29 16:30:09,563:INFO: - done loading the datasets
2018-10-29 16:30:09,563:INFO: ------------------------------------------------------------
2018-10-29 16:30:11,194:INFO: Building optimizer...
2018-10-29 16:30:11,194:INFO: Starting training for 30 epoch(s)
2018-10-29 16:30:11,194:INFO: Epoch 1/30
2018-10-29 16:30:32,469:INFO: - Train metrics: accuracy: 0.727 ; loss: 0.762
2018-10-29 16:30:37,506:INFO: - Eval metrics : accuracy: 0.761 ; loss: 0.478
2018-10-29 16:30:37,520:INFO: - Found new best accuracy
2018-10-29 16:30:37,521:INFO: Epoch 2/30
2018-10-29 16:30:57,473:INFO: - Train metrics: accuracy: 0.779 ; loss: 0.472
2018-10-29 16:31:02,489:INFO: - Eval metrics : accuracy: 0.774 ; loss: 0.461
2018-10-29 16:31:02,539:INFO: - Found new best accuracy
2018-10-29 16:31:02,540:INFO: Epoch 3/30
2018-10-29 16:31:21,756:INFO: - Train metrics: accuracy: 0.799 ; loss: 0.425
2018-10-29 16:31:25,941:INFO: - Eval metrics : accuracy: 0.780 ; loss: 0.449
2018-10-29 16:31:25,975:INFO: - Found new best accuracy
2018-10-29 16:31:25,975:INFO: Epoch 4/30
2018-10-29 16:31:45,199:INFO: - Train metrics: accuracy: 0.797 ; loss: 0.421
2018-10-29 16:31:49,388:INFO: - Eval metrics : accuracy: 0.792 ; loss: 0.430
2018-10-29 16:31:49,460:INFO: - Found new best accuracy
2018-10-29 16:31:49,461:INFO: Epoch 5/30
2018-10-29 16:32:08,631:INFO: - Train metrics: accuracy: 0.805 ; loss: 0.402
2018-10-29 16:32:13,449:INFO: - Eval metrics : accuracy: 0.800 ; loss: 0.422
2018-10-29 16:32:13,451:INFO: - Found new best accuracy
2018-10-29 16:32:13,452:INFO: Epoch 6/30
2018-10-29 16:32:32,702:INFO: - Train metrics: accuracy: 0.815 ; loss: 0.392
2018-10-29 16:32:36,975:INFO: - Eval metrics : accuracy: 0.798 ; loss: 0.421
2018-10-29 16:32:37,005:INFO: Epoch 7/30
2018-10-29 16:32:55,912:INFO: - Train metrics: accuracy: 0.815 ; loss: 0.385
2018-10-29 16:33:00,656:INFO: - Eval metrics : accuracy: 0.802 ; loss: 0.417
2018-10-29 16:33:00,692:INFO: - Found new best accuracy
2018-10-29 16:33:00,692:INFO: Epoch 8/30
2018-10-29 16:33:18,633:INFO: - Train metrics: accuracy: 0.818 ; loss: 0.383
2018-10-29 16:33:23,303:INFO: - Eval metrics : accuracy: 0.804 ; loss: 0.411
2018-10-29 16:33:23,330:INFO: - Found new best accuracy
2018-10-29 16:33:23,331:INFO: Epoch 9/30
2018-10-29 16:33:42,537:INFO: - Train metrics: accuracy: 0.818 ; loss: 0.375
2018-10-29 16:33:47,711:INFO: - Eval metrics : accuracy: 0.806 ; loss: 0.409
2018-10-29 16:33:47,754:INFO: - Found new best accuracy
2018-10-29 16:33:47,755:INFO: Epoch 10/30
2018-10-29 16:34:06,768:INFO: - Train metrics: accuracy: 0.828 ; loss: 0.370
2018-10-29 16:34:11,772:INFO: - Eval metrics : accuracy: 0.807 ; loss: 0.407
2018-10-29 16:34:11,814:INFO: - Found new best accuracy
2018-10-29 16:34:11,815:INFO: Epoch 11/30
2018-10-29 16:34:30,088:INFO: - Train metrics: accuracy: 0.839 ; loss: 0.367
2018-10-29 16:34:34,976:INFO: - Eval metrics : accuracy: 0.809 ; loss: 0.405
2018-10-29 16:34:35,011:INFO: - Found new best accuracy
2018-10-29 16:34:35,012:INFO: Epoch 12/30
2018-10-29 16:34:53,869:INFO: - Train metrics: accuracy: 0.836 ; loss: 0.364
2018-10-29 16:34:58,301:INFO: - Eval metrics : accuracy: 0.809 ; loss: 0.404
2018-10-29 16:34:58,343:INFO: - Found new best accuracy
2018-10-29 16:34:58,343:INFO: Epoch 13/30
2018-10-29 16:35:17,706:INFO: - Train metrics: accuracy: 0.836 ; loss: 0.363
2018-10-29 16:35:21,889:INFO: - Eval metrics : accuracy: 0.810 ; loss: 0.404
2018-10-29 16:35:21,929:INFO: - Found new best accuracy
2018-10-29 16:35:21,930:INFO: Epoch 14/30
2018-10-29 16:35:41,221:INFO: - Train metrics: accuracy: 0.833 ; loss: 0.363
2018-10-29 16:35:45,496:INFO: - Eval metrics : accuracy: 0.810 ; loss: 0.404
2018-10-29 16:35:45,542:INFO: Epoch 15/30
2018-10-29 16:36:04,243:INFO: - Train metrics: accuracy: 0.836 ; loss: 0.363
2018-10-29 16:36:08,893:INFO: - Eval metrics : accuracy: 0.810 ; loss: 0.404
2018-10-29 16:36:08,928:INFO: - Found new best accuracy
2018-10-29 16:36:08,928:INFO: Epoch 16/30
2018-10-29 16:36:28,043:INFO: - Train metrics: accuracy: 0.836 ; loss: 0.363
2018-10-29 16:36:33,138:INFO: - Eval metrics : accuracy: 0.810 ; loss: 0.404
2018-10-29 16:36:33,177:INFO: Epoch 17/30
2018-10-29 16:36:51,953:INFO: - Train metrics: accuracy: 0.836 ; loss: 0.363
2018-10-29 16:36:56,698:INFO: - Eval metrics : accuracy: 0.810 ; loss: 0.403
2018-10-29 16:36:56,732:INFO: Epoch 18/30
2018-10-29 16:37:15,481:INFO: - Train metrics: accuracy: 0.839 ; loss: 0.363
2018-10-29 16:37:20,145:INFO: - Eval metrics : accuracy: 0.810 ; loss: 0.403
2018-10-29 16:37:20,173:INFO: Epoch 19/30
2018-10-29 16:37:38,923:INFO: - Train metrics: accuracy: 0.839 ; loss: 0.363
2018-10-29 16:37:42,925:INFO: - Eval metrics : accuracy: 0.810 ; loss: 0.403
2018-10-29 16:37:42,962:INFO: Epoch 20/30
2018-10-29 16:38:02,020:INFO: - Train metrics: accuracy: 0.836 ; loss: 0.363
2018-10-29 16:38:06,141:INFO: - Eval metrics : accuracy: 0.810 ; loss: 0.403
2018-10-29 16:38:06,181:INFO: Epoch 21/30
2018-10-29 16:38:24,365:INFO: - Train metrics: accuracy: 0.839 ; loss: 0.363
2018-10-29 16:38:28,380:INFO: - Eval metrics : accuracy: 0.810 ; loss: 0.403
2018-10-29 16:38:28,417:INFO: Epoch 22/30
2018-10-29 16:38:46,229:INFO: - Train metrics: accuracy: 0.839 ; loss: 0.362
2018-10-29 16:38:50,225:INFO: - Eval metrics : accuracy: 0.810 ; loss: 0.403
2018-10-29 16:38:50,262:INFO: Epoch 23/30
2018-10-29 16:39:07,775:INFO: - Train metrics: accuracy: 0.839 ; loss: 0.362
2018-10-29 16:39:11,771:INFO: - Eval metrics : accuracy: 0.810 ; loss: 0.403
2018-10-29 16:39:11,812:INFO: - Found new best accuracy
2018-10-29 16:39:11,813:INFO: Epoch 24/30
2018-10-29 16:39:29,480:INFO: - Train metrics: accuracy: 0.839 ; loss: 0.362
2018-10-29 16:39:33,451:INFO: - Eval metrics : accuracy: 0.810 ; loss: 0.403
2018-10-29 16:39:33,485:INFO: - Found new best accuracy
2018-10-29 16:39:33,485:INFO: Epoch 25/30
2018-10-29 16:39:50,878:INFO: - Train metrics: accuracy: 0.839 ; loss: 0.362
2018-10-29 16:39:54,900:INFO: - Eval metrics : accuracy: 0.810 ; loss: 0.403
2018-10-29 16:39:54,936:INFO: Epoch 26/30
2018-10-29 16:40:12,497:INFO: - Train metrics: accuracy: 0.839 ; loss: 0.362
2018-10-29 16:40:16,467:INFO: - Eval metrics : accuracy: 0.810 ; loss: 0.403
2018-10-29 16:40:16,506:INFO: Epoch 27/30
2018-10-29 16:40:34,568:INFO: - Train metrics: accuracy: 0.839 ; loss: 0.362
2018-10-29 16:40:38,550:INFO: - Eval metrics : accuracy: 0.810 ; loss: 0.403
2018-10-29 16:40:38,587:INFO: Epoch 28/30
2018-10-29 16:40:56,310:INFO: - Train metrics: accuracy: 0.839 ; loss: 0.362
2018-10-29 16:41:00,367:INFO: - Eval metrics : accuracy: 0.810 ; loss: 0.403
2018-10-29 16:41:00,396:INFO: Epoch 29/30
2018-10-29 16:41:18,867:INFO: - Train metrics: accuracy: 0.839 ; loss: 0.362
2018-10-29 16:41:22,841:INFO: - Eval metrics : accuracy: 0.810 ; loss: 0.403
2018-10-29 16:41:22,882:INFO: Epoch 30/30
2018-10-29 16:41:40,145:INFO: - Train metrics: accuracy: 0.839 ; loss: 0.362
2018-10-29 16:41:44,116:INFO: - Eval metrics : accuracy: 0.810 ; loss: 0.403
2018-10-29 16:41:44,152:INFO: Total time (minutes) =11.597332648436229
