2018-10-21 18:52:33,282:INFO: Loading the dataset ...
2018-10-21 18:52:33,698:INFO: - done.
2018-10-21 18:52:37,888:INFO: Starting evaluation
2018-10-21 18:52:42,201:INFO: Labels=[0. 0. 1. 0. 0. 0. 0. 1. 0. 1.]
2018-10-21 18:52:42,201:INFO: Out prob=[1.79720372e-01 3.86214286e-01 5.18995762e-01 6.94700897e-01
 8.51769865e-01 5.84047870e-04 4.79849288e-03 9.16342199e-01
 4.70412433e-01 9.64741766e-01]
2018-10-21 18:52:42,201:INFO: ------------------------------------------------------------------------------------------------------------------------
2018-10-21 18:52:42,201:INFO: len labels after =15872
2018-10-21 18:52:42,201:INFO: len out_prob after15872
2018-10-21 18:52:42,201:INFO: length y_test=15872
2018-10-21 18:52:42,201:INFO: Lenght y_score=15872
2018-10-21 18:52:42,204:INFO: Length y_score 15872
2018-10-21 18:52:42,204:INFO: Length y_test 15872
2018-10-21 18:52:42,205:INFO: Thresholds[0:6] = 
 [0.99968123 0.99955076 0.99916077 0.99889767 0.99880135 0.99871433]
2018-10-21 18:52:42,205:INFO: Thresholds lenght = 
15863
2018-10-21 18:52:42,205:INFO: fpr lenght15863
2018-10-21 18:52:42,205:INFO: tpr lenght15863
2018-10-21 18:52:42,252:INFO: ------------------------------------------------------------------------------------------------------------------------
2018-10-21 18:52:42,256:INFO: roc_auc=0.8974456945889699
2018-10-21 18:52:42,256:INFO: ------------------------------------------------------------------------------------------------------------------------
2018-10-21 18:52:42,257:INFO: - Eval metrics : accuracy: 0.818 ; loss: 0.397
