2018-10-21 18:31:49,494:INFO: sample_name=top_qcd_jets_antikt_kt__40000_Njets_256_batch
2018-10-21 18:31:49,494:INFO: ------------------------------------------------------------
2018-10-21 18:31:49,494:INFO: Loading the datasets...
2018-10-21 18:31:50,826:INFO: - done loading the datasets
2018-10-21 18:31:50,826:INFO: ------------------------------------------------------------
2018-10-21 18:31:54,833:INFO: Building optimizer...
2018-10-21 18:31:54,833:INFO: Starting training for 30 epoch(s)
2018-10-21 18:31:54,833:INFO: Epoch 1/30
2018-10-21 18:32:32,271:INFO: - Train metrics: accuracy: 0.537 ; loss: 0.775
2018-10-21 18:32:37,662:INFO: - Eval metrics : accuracy: 0.710 ; loss: 0.606
2018-10-21 18:32:37,722:INFO: - Found new best accuracy
2018-10-21 18:32:37,723:INFO: Epoch 2/30
2018-10-21 18:33:13,643:INFO: - Train metrics: accuracy: 0.748 ; loss: 0.532
2018-10-21 18:33:17,900:INFO: - Eval metrics : accuracy: 0.787 ; loss: 0.491
2018-10-21 18:33:17,940:INFO: - Found new best accuracy
2018-10-21 18:33:17,941:INFO: Epoch 3/30
2018-10-21 18:33:53,702:INFO: - Train metrics: accuracy: 0.775 ; loss: 0.485
2018-10-21 18:33:59,078:INFO: - Eval metrics : accuracy: 0.634 ; loss: 0.594
2018-10-21 18:33:59,109:INFO: Epoch 4/30
2018-10-21 18:34:38,004:INFO: - Train metrics: accuracy: 0.723 ; loss: 0.514
2018-10-21 18:34:43,357:INFO: - Eval metrics : accuracy: 0.795 ; loss: 0.456
2018-10-21 18:34:43,396:INFO: - Found new best accuracy
2018-10-21 18:34:43,397:INFO: Epoch 5/30
2018-10-21 18:35:18,661:INFO: - Train metrics: accuracy: 0.814 ; loss: 0.425
2018-10-21 18:35:24,080:INFO: - Eval metrics : accuracy: 0.796 ; loss: 0.446
2018-10-21 18:35:24,120:INFO: - Found new best accuracy
2018-10-21 18:35:24,121:INFO: Epoch 6/30
2018-10-21 18:35:58,572:INFO: - Train metrics: accuracy: 0.746 ; loss: 0.509
2018-10-21 18:36:02,913:INFO: - Eval metrics : accuracy: 0.762 ; loss: 0.497
2018-10-21 18:36:02,946:INFO: Epoch 7/30
2018-10-21 18:36:39,706:INFO: - Train metrics: accuracy: 0.787 ; loss: 0.467
2018-10-21 18:36:44,036:INFO: - Eval metrics : accuracy: 0.797 ; loss: 0.448
2018-10-21 18:36:44,074:INFO: - Found new best accuracy
2018-10-21 18:36:44,077:INFO: Epoch 8/30
2018-10-21 18:37:20,993:INFO: - Train metrics: accuracy: 0.809 ; loss: 0.429
2018-10-21 18:37:25,284:INFO: - Eval metrics : accuracy: 0.800 ; loss: 0.431
2018-10-21 18:37:25,287:INFO: - Found new best accuracy
2018-10-21 18:37:25,287:INFO: Epoch 9/30
2018-10-21 18:38:00,338:INFO: - Train metrics: accuracy: 0.818 ; loss: 0.409
2018-10-21 18:38:05,754:INFO: - Eval metrics : accuracy: 0.803 ; loss: 0.426
2018-10-21 18:38:05,784:INFO: - Found new best accuracy
2018-10-21 18:38:05,785:INFO: Epoch 10/30
2018-10-21 18:38:40,234:INFO: - Train metrics: accuracy: 0.820 ; loss: 0.397
2018-10-21 18:38:44,588:INFO: - Eval metrics : accuracy: 0.807 ; loss: 0.416
2018-10-21 18:38:44,630:INFO: - Found new best accuracy
2018-10-21 18:38:44,631:INFO: Epoch 11/30
2018-10-21 18:39:19,637:INFO: - Train metrics: accuracy: 0.824 ; loss: 0.386
2018-10-21 18:39:24,940:INFO: - Eval metrics : accuracy: 0.808 ; loss: 0.412
2018-10-21 18:39:24,977:INFO: - Found new best accuracy
2018-10-21 18:39:24,977:INFO: Epoch 12/30
2018-10-21 18:40:01,994:INFO: - Train metrics: accuracy: 0.826 ; loss: 0.382
2018-10-21 18:40:06,396:INFO: - Eval metrics : accuracy: 0.808 ; loss: 0.409
2018-10-21 18:40:06,451:INFO: Epoch 13/30
2018-10-21 18:40:40,747:INFO: - Train metrics: accuracy: 0.818 ; loss: 0.377
2018-10-21 18:40:45,046:INFO: - Eval metrics : accuracy: 0.810 ; loss: 0.407
2018-10-21 18:40:45,086:INFO: - Found new best accuracy
2018-10-21 18:40:45,087:INFO: Epoch 14/30
2018-10-21 18:41:20,120:INFO: - Train metrics: accuracy: 0.820 ; loss: 0.372
2018-10-21 18:41:24,881:INFO: - Eval metrics : accuracy: 0.810 ; loss: 0.407
2018-10-21 18:41:24,923:INFO: Epoch 15/30
2018-10-21 18:42:03,377:INFO: - Train metrics: accuracy: 0.820 ; loss: 0.367
2018-10-21 18:42:07,669:INFO: - Eval metrics : accuracy: 0.810 ; loss: 0.407
2018-10-21 18:42:07,697:INFO: Epoch 16/30
2018-10-21 18:42:43,311:INFO: - Train metrics: accuracy: 0.820 ; loss: 0.367
2018-10-21 18:42:47,488:INFO: - Eval metrics : accuracy: 0.810 ; loss: 0.405
2018-10-21 18:42:47,491:INFO: - Found new best accuracy
2018-10-21 18:42:47,491:INFO: Epoch 17/30
2018-10-21 18:43:24,120:INFO: - Train metrics: accuracy: 0.822 ; loss: 0.364
2018-10-21 18:43:29,014:INFO: - Eval metrics : accuracy: 0.811 ; loss: 0.403
2018-10-21 18:43:29,051:INFO: - Found new best accuracy
2018-10-21 18:43:29,052:INFO: Epoch 18/30
2018-10-21 18:44:05,085:INFO: - Train metrics: accuracy: 0.822 ; loss: 0.362
2018-10-21 18:44:10,129:INFO: - Eval metrics : accuracy: 0.811 ; loss: 0.402
2018-10-21 18:44:10,171:INFO: - Found new best accuracy
2018-10-21 18:44:10,171:INFO: Epoch 19/30
2018-10-21 18:44:47,321:INFO: - Train metrics: accuracy: 0.828 ; loss: 0.360
2018-10-21 18:44:51,821:INFO: - Eval metrics : accuracy: 0.811 ; loss: 0.402
2018-10-21 18:44:51,854:INFO: - Found new best accuracy
2018-10-21 18:44:51,855:INFO: Epoch 20/30
2018-10-21 18:45:27,714:INFO: - Train metrics: accuracy: 0.826 ; loss: 0.360
2018-10-21 18:45:32,867:INFO: - Eval metrics : accuracy: 0.812 ; loss: 0.402
2018-10-21 18:45:32,903:INFO: - Found new best accuracy
2018-10-21 18:45:32,904:INFO: Epoch 21/30
2018-10-21 18:46:07,871:INFO: - Train metrics: accuracy: 0.822 ; loss: 0.359
2018-10-21 18:46:13,279:INFO: - Eval metrics : accuracy: 0.812 ; loss: 0.402
2018-10-21 18:46:13,308:INFO: - Found new best accuracy
2018-10-21 18:46:13,309:INFO: Epoch 22/30
2018-10-21 18:46:49,843:INFO: - Train metrics: accuracy: 0.826 ; loss: 0.359
2018-10-21 18:46:55,251:INFO: - Eval metrics : accuracy: 0.813 ; loss: 0.401
2018-10-21 18:46:55,283:INFO: - Found new best accuracy
2018-10-21 18:46:55,283:INFO: Epoch 23/30
2018-10-21 18:47:31,640:INFO: - Train metrics: accuracy: 0.822 ; loss: 0.358
2018-10-21 18:47:37,559:INFO: - Eval metrics : accuracy: 0.813 ; loss: 0.401
2018-10-21 18:47:37,602:INFO: Epoch 24/30
2018-10-21 18:48:14,840:INFO: - Train metrics: accuracy: 0.826 ; loss: 0.358
2018-10-21 18:48:20,254:INFO: - Eval metrics : accuracy: 0.813 ; loss: 0.401
2018-10-21 18:48:20,292:INFO: Epoch 25/30
2018-10-21 18:48:57,288:INFO: - Train metrics: accuracy: 0.826 ; loss: 0.357
2018-10-21 18:49:03,020:INFO: - Eval metrics : accuracy: 0.813 ; loss: 0.401
2018-10-21 18:49:03,058:INFO: Epoch 26/30
2018-10-21 18:49:39,283:INFO: - Train metrics: accuracy: 0.826 ; loss: 0.357
2018-10-21 18:49:45,021:INFO: - Eval metrics : accuracy: 0.813 ; loss: 0.401
2018-10-21 18:49:45,073:INFO: - Found new best accuracy
2018-10-21 18:49:45,074:INFO: Epoch 27/30
2018-10-21 18:50:22,079:INFO: - Train metrics: accuracy: 0.826 ; loss: 0.357
2018-10-21 18:50:27,902:INFO: - Eval metrics : accuracy: 0.813 ; loss: 0.401
2018-10-21 18:50:27,939:INFO: - Found new best accuracy
2018-10-21 18:50:27,940:INFO: Epoch 28/30
2018-10-21 18:51:03,387:INFO: - Train metrics: accuracy: 0.826 ; loss: 0.357
2018-10-21 18:51:08,619:INFO: - Eval metrics : accuracy: 0.813 ; loss: 0.400
2018-10-21 18:51:08,660:INFO: - Found new best accuracy
2018-10-21 18:51:08,661:INFO: Epoch 29/30
2018-10-21 18:51:43,890:INFO: - Train metrics: accuracy: 0.826 ; loss: 0.356
2018-10-21 18:51:49,614:INFO: - Eval metrics : accuracy: 0.814 ; loss: 0.400
2018-10-21 18:51:49,651:INFO: - Found new best accuracy
2018-10-21 18:51:49,652:INFO: Epoch 30/30
2018-10-21 18:52:25,931:INFO: - Train metrics: accuracy: 0.828 ; loss: 0.357
2018-10-21 18:52:31,307:INFO: - Eval metrics : accuracy: 0.813 ; loss: 0.400
2018-10-21 18:52:31,346:INFO: Total time (minutes) =20.697540243466694
