2018-10-29 18:00:23,855:INFO: Loading the dataset ...
2018-10-29 18:00:24,114:INFO: - done.
2018-10-29 18:00:25,856:INFO: Starting evaluation
2018-10-29 18:00:28,557:INFO: Labels=[0. 0. 1. 0. 0. 0. 0. 1. 0. 1.]
2018-10-29 18:00:28,558:INFO: Out prob=[4.64818100e-07 9.46880102e-01 9.35435951e-01 9.67073262e-01
 7.17310429e-01 1.26444606e-08 4.82908108e-05 8.49360168e-01
 1.60754239e-03 9.01405752e-01]
2018-10-29 18:00:28,558:INFO: ------------------------------------------------------------------------------------------------------------------------
2018-10-29 18:00:28,558:INFO: len labels after =16000
2018-10-29 18:00:28,558:INFO: len out_prob after16000
2018-10-29 18:00:28,558:INFO: length y_test=16000
2018-10-29 18:00:28,558:INFO: Lenght y_score=16000
2018-10-29 18:00:28,561:INFO: Length y_score 16000
2018-10-29 18:00:28,561:INFO: Length y_test 16000
2018-10-29 18:00:28,562:INFO: Thresholds[0:6] = 
 [0.99853611 0.99808109 0.99807954 0.99805093 0.99804711 0.99787962]
2018-10-29 18:00:28,562:INFO: Thresholds lenght = 
15976
2018-10-29 18:00:28,562:INFO: fpr lenght15976
2018-10-29 18:00:28,562:INFO: tpr lenght15976
2018-10-29 18:00:28,614:INFO: ------------------------------------------------------------------------------------------------------------------------
2018-10-29 18:00:28,618:INFO: roc_auc=0.9588747337324177
2018-10-29 18:00:28,618:INFO: ------------------------------------------------------------------------------------------------------------------------
2018-10-29 18:00:28,619:INFO: - Eval metrics : accuracy: 0.89581 ; loss: 0.25260
