2018-10-29 16:51:54,806:INFO: search_hyperparam_sample_name=top_qcd_jets_antikt_kt__40000_Njets_64_batch
2018-10-29 16:51:54,807:INFO: ------------------------------------------------------------
2018-10-29 16:51:54,807:INFO: Loading the datasets...
2018-10-29 16:51:55,942:INFO: - done loading the datasets
2018-10-29 16:51:55,943:INFO: ------------------------------------------------------------
2018-10-29 16:51:57,629:INFO: Building optimizer...
2018-10-29 16:51:57,630:INFO: Starting training for 35 epoch(s)
2018-10-29 16:51:57,630:INFO: Epoch 1/35
2018-10-29 16:52:18,948:INFO: - Train metrics: accuracy: 0.703 ; loss: 0.746
2018-10-29 16:52:23,703:INFO: - Eval metrics : accuracy: 0.751 ; loss: 0.502
2018-10-29 16:52:23,714:INFO: - Found new best accuracy
2018-10-29 16:52:23,715:INFO: Epoch 2/35
2018-10-29 16:52:44,251:INFO: - Train metrics: accuracy: 0.763 ; loss: 0.449
2018-10-29 16:52:49,063:INFO: - Eval metrics : accuracy: 0.773 ; loss: 0.460
2018-10-29 16:52:49,121:INFO: - Found new best accuracy
2018-10-29 16:52:49,122:INFO: Epoch 3/35
2018-10-29 16:53:10,838:INFO: - Train metrics: accuracy: 0.799 ; loss: 0.423
2018-10-29 16:53:15,423:INFO: - Eval metrics : accuracy: 0.795 ; loss: 0.430
2018-10-29 16:53:15,463:INFO: - Found new best accuracy
2018-10-29 16:53:15,463:INFO: Epoch 4/35
2018-10-29 16:53:37,769:INFO: - Train metrics: accuracy: 0.802 ; loss: 0.401
2018-10-29 16:53:42,658:INFO: - Eval metrics : accuracy: 0.793 ; loss: 0.431
2018-10-29 16:53:42,694:INFO: Epoch 5/35
2018-10-29 16:54:02,362:INFO: - Train metrics: accuracy: 0.818 ; loss: 0.389
2018-10-29 16:54:07,375:INFO: - Eval metrics : accuracy: 0.798 ; loss: 0.422
2018-10-29 16:54:07,412:INFO: - Found new best accuracy
2018-10-29 16:54:07,412:INFO: Epoch 6/35
2018-10-29 16:54:27,513:INFO: - Train metrics: accuracy: 0.820 ; loss: 0.382
2018-10-29 16:54:31,597:INFO: - Eval metrics : accuracy: 0.806 ; loss: 0.411
2018-10-29 16:54:31,630:INFO: - Found new best accuracy
2018-10-29 16:54:31,631:INFO: Epoch 7/35
2018-10-29 16:54:50,023:INFO: - Train metrics: accuracy: 0.833 ; loss: 0.369
2018-10-29 16:54:54,594:INFO: - Eval metrics : accuracy: 0.810 ; loss: 0.403
2018-10-29 16:54:54,627:INFO: - Found new best accuracy
2018-10-29 16:54:54,628:INFO: Epoch 8/35
2018-10-29 16:55:13,111:INFO: - Train metrics: accuracy: 0.841 ; loss: 0.361
2018-10-29 16:55:17,156:INFO: - Eval metrics : accuracy: 0.812 ; loss: 0.399
2018-10-29 16:55:17,194:INFO: - Found new best accuracy
2018-10-29 16:55:17,194:INFO: Epoch 9/35
2018-10-29 16:55:36,072:INFO: - Train metrics: accuracy: 0.846 ; loss: 0.352
2018-10-29 16:55:40,676:INFO: - Eval metrics : accuracy: 0.815 ; loss: 0.396
2018-10-29 16:55:40,713:INFO: - Found new best accuracy
2018-10-29 16:55:40,714:INFO: Epoch 10/35
2018-10-29 16:55:58,954:INFO: - Train metrics: accuracy: 0.854 ; loss: 0.351
2018-10-29 16:56:03,552:INFO: - Eval metrics : accuracy: 0.816 ; loss: 0.391
2018-10-29 16:56:03,584:INFO: - Found new best accuracy
2018-10-29 16:56:03,585:INFO: Epoch 11/35
2018-10-29 16:56:23,391:INFO: - Train metrics: accuracy: 0.857 ; loss: 0.348
2018-10-29 16:56:27,302:INFO: - Eval metrics : accuracy: 0.821 ; loss: 0.387
2018-10-29 16:56:27,304:INFO: - Found new best accuracy
2018-10-29 16:56:27,304:INFO: Epoch 12/35
2018-10-29 16:56:46,390:INFO: - Train metrics: accuracy: 0.857 ; loss: 0.347
2018-10-29 16:56:50,288:INFO: - Eval metrics : accuracy: 0.823 ; loss: 0.380
2018-10-29 16:56:50,328:INFO: - Found new best accuracy
2018-10-29 16:56:50,328:INFO: Epoch 13/35
2018-10-29 16:57:07,962:INFO: - Train metrics: accuracy: 0.857 ; loss: 0.341
2018-10-29 16:57:11,818:INFO: - Eval metrics : accuracy: 0.827 ; loss: 0.375
2018-10-29 16:57:11,857:INFO: - Found new best accuracy
2018-10-29 16:57:11,858:INFO: Epoch 14/35
2018-10-29 16:57:31,331:INFO: - Train metrics: accuracy: 0.862 ; loss: 0.334
2018-10-29 16:57:35,911:INFO: - Eval metrics : accuracy: 0.830 ; loss: 0.370
2018-10-29 16:57:35,944:INFO: - Found new best accuracy
2018-10-29 16:57:35,946:INFO: Epoch 15/35
2018-10-29 16:57:54,936:INFO: - Train metrics: accuracy: 0.865 ; loss: 0.327
2018-10-29 16:57:58,830:INFO: - Eval metrics : accuracy: 0.832 ; loss: 0.366
2018-10-29 16:57:58,870:INFO: - Found new best accuracy
2018-10-29 16:57:58,871:INFO: Epoch 16/35
2018-10-29 16:58:17,174:INFO: - Train metrics: accuracy: 0.865 ; loss: 0.322
2018-10-29 16:58:21,217:INFO: - Eval metrics : accuracy: 0.834 ; loss: 0.362
2018-10-29 16:58:21,256:INFO: - Found new best accuracy
2018-10-29 16:58:21,256:INFO: Epoch 17/35
2018-10-29 16:58:39,838:INFO: - Train metrics: accuracy: 0.875 ; loss: 0.318
2018-10-29 16:58:43,702:INFO: - Eval metrics : accuracy: 0.835 ; loss: 0.359
2018-10-29 16:58:43,744:INFO: - Found new best accuracy
2018-10-29 16:58:43,746:INFO: Epoch 18/35
2018-10-29 16:59:05,310:INFO: - Train metrics: accuracy: 0.875 ; loss: 0.315
2018-10-29 16:59:09,177:INFO: - Eval metrics : accuracy: 0.837 ; loss: 0.357
2018-10-29 16:59:09,218:INFO: - Found new best accuracy
2018-10-29 16:59:09,219:INFO: Epoch 19/35
2018-10-29 16:59:27,397:INFO: - Train metrics: accuracy: 0.875 ; loss: 0.313
2018-10-29 16:59:31,907:INFO: - Eval metrics : accuracy: 0.838 ; loss: 0.355
2018-10-29 16:59:31,945:INFO: - Found new best accuracy
2018-10-29 16:59:31,946:INFO: Epoch 20/35
2018-10-29 16:59:50,761:INFO: - Train metrics: accuracy: 0.872 ; loss: 0.311
2018-10-29 16:59:54,619:INFO: - Eval metrics : accuracy: 0.839 ; loss: 0.353
2018-10-29 16:59:54,621:INFO: - Found new best accuracy
2018-10-29 16:59:54,622:INFO: Epoch 21/35
2018-10-29 17:00:14,296:INFO: - Train metrics: accuracy: 0.878 ; loss: 0.310
2018-10-29 17:00:18,176:INFO: - Eval metrics : accuracy: 0.840 ; loss: 0.351
2018-10-29 17:00:18,217:INFO: - Found new best accuracy
2018-10-29 17:00:18,217:INFO: Epoch 22/35
2018-10-29 17:00:39,821:INFO: - Train metrics: accuracy: 0.875 ; loss: 0.309
2018-10-29 17:00:43,702:INFO: - Eval metrics : accuracy: 0.840 ; loss: 0.350
2018-10-29 17:00:43,742:INFO: - Found new best accuracy
2018-10-29 17:00:43,743:INFO: Epoch 23/35
2018-10-29 17:01:03,104:INFO: - Train metrics: accuracy: 0.875 ; loss: 0.308
2018-10-29 17:01:06,965:INFO: - Eval metrics : accuracy: 0.840 ; loss: 0.350
2018-10-29 17:01:07,004:INFO: Epoch 24/35
2018-10-29 17:01:25,611:INFO: - Train metrics: accuracy: 0.875 ; loss: 0.308
2018-10-29 17:01:29,465:INFO: - Eval metrics : accuracy: 0.841 ; loss: 0.349
2018-10-29 17:01:29,500:INFO: - Found new best accuracy
2018-10-29 17:01:29,501:INFO: Epoch 25/35
2018-10-29 17:01:48,414:INFO: - Train metrics: accuracy: 0.875 ; loss: 0.308
2018-10-29 17:01:52,275:INFO: - Eval metrics : accuracy: 0.841 ; loss: 0.348
2018-10-29 17:01:52,311:INFO: - Found new best accuracy
2018-10-29 17:01:52,312:INFO: Epoch 26/35
2018-10-29 17:02:11,433:INFO: - Train metrics: accuracy: 0.872 ; loss: 0.308
2018-10-29 17:02:15,993:INFO: - Eval metrics : accuracy: 0.841 ; loss: 0.348
2018-10-29 17:02:16,036:INFO: - Found new best accuracy
2018-10-29 17:02:16,037:INFO: Epoch 27/35
2018-10-29 17:02:35,482:INFO: - Train metrics: accuracy: 0.872 ; loss: 0.308
2018-10-29 17:02:40,073:INFO: - Eval metrics : accuracy: 0.841 ; loss: 0.347
2018-10-29 17:02:40,075:INFO: - Found new best accuracy
2018-10-29 17:02:40,076:INFO: Epoch 28/35
2018-10-29 17:02:59,934:INFO: - Train metrics: accuracy: 0.872 ; loss: 0.308
2018-10-29 17:03:03,804:INFO: - Eval metrics : accuracy: 0.842 ; loss: 0.347
2018-10-29 17:03:03,840:INFO: - Found new best accuracy
2018-10-29 17:03:03,840:INFO: Epoch 29/35
2018-10-29 17:03:24,448:INFO: - Train metrics: accuracy: 0.872 ; loss: 0.308
2018-10-29 17:03:28,526:INFO: - Eval metrics : accuracy: 0.842 ; loss: 0.347
2018-10-29 17:03:28,567:INFO: Epoch 30/35
2018-10-29 17:03:46,788:INFO: - Train metrics: accuracy: 0.872 ; loss: 0.308
2018-10-29 17:03:50,830:INFO: - Eval metrics : accuracy: 0.842 ; loss: 0.346
2018-10-29 17:03:50,869:INFO: - Found new best accuracy
2018-10-29 17:03:50,870:INFO: Epoch 31/35
2018-10-29 17:04:12,309:INFO: - Train metrics: accuracy: 0.872 ; loss: 0.308
2018-10-29 17:04:16,918:INFO: - Eval metrics : accuracy: 0.842 ; loss: 0.346
2018-10-29 17:04:16,955:INFO: Epoch 32/35
2018-10-29 17:04:35,597:INFO: - Train metrics: accuracy: 0.872 ; loss: 0.308
2018-10-29 17:04:40,193:INFO: - Eval metrics : accuracy: 0.841 ; loss: 0.346
2018-10-29 17:04:40,244:INFO: Epoch 33/35
2018-10-29 17:05:00,182:INFO: - Train metrics: accuracy: 0.872 ; loss: 0.308
2018-10-29 17:05:04,781:INFO: - Eval metrics : accuracy: 0.841 ; loss: 0.346
2018-10-29 17:05:04,816:INFO: Epoch 34/35
2018-10-29 17:05:23,159:INFO: - Train metrics: accuracy: 0.867 ; loss: 0.308
2018-10-29 17:05:27,115:INFO: - Eval metrics : accuracy: 0.842 ; loss: 0.346
2018-10-29 17:05:27,143:INFO: - Found new best accuracy
2018-10-29 17:05:27,144:INFO: Epoch 35/35
2018-10-29 17:05:44,852:INFO: - Train metrics: accuracy: 0.867 ; loss: 0.308
2018-10-29 17:05:48,710:INFO: - Eval metrics : accuracy: 0.842 ; loss: 0.346
2018-10-29 17:05:48,749:INFO: Total time (minutes) =13.89904347260793
