2018-10-21 22:15:21,710:INFO: Loading the dataset ...
2018-10-21 22:15:22,070:INFO: - done.
2018-10-21 22:15:26,157:INFO: Starting evaluation
2018-10-21 22:15:27,875:INFO: Labels=[0. 0. 1. 0. 0. 0. 0. 1. 0. 1.]
2018-10-21 22:15:27,875:INFO: Out prob=[0.1154503  0.58261424 0.66591388 0.46499056 0.88571465 0.00223269
 0.14355384 0.73641926 0.57952595 0.93999845]
2018-10-21 22:15:27,875:INFO: ------------------------------------------------------------------------------------------------------------------------
2018-10-21 22:15:27,875:INFO: len labels after =15360
2018-10-21 22:15:27,875:INFO: len out_prob after15360
2018-10-21 22:15:27,875:INFO: length y_test=15360
2018-10-21 22:15:27,875:INFO: Lenght y_score=15360
2018-10-21 22:15:27,878:INFO: Length y_score 15360
2018-10-21 22:15:27,879:INFO: Length y_test 15360
2018-10-21 22:15:27,879:INFO: Thresholds[0:6] = 
 [0.99955088 0.99797171 0.99689555 0.99661094 0.99650049 0.99562162]
2018-10-21 22:15:27,879:INFO: Thresholds lenght = 
15348
2018-10-21 22:15:27,879:INFO: fpr lenght15348
2018-10-21 22:15:27,879:INFO: tpr lenght15348
2018-10-21 22:15:27,985:INFO: ------------------------------------------------------------------------------------------------------------------------
2018-10-21 22:15:27,991:INFO: roc_auc=0.8723257170329746
2018-10-21 22:15:27,991:INFO: ------------------------------------------------------------------------------------------------------------------------
2018-10-21 22:15:27,992:INFO: - Eval metrics : accuracy: 0.804 ; loss: 0.440
