2018-10-21 22:09:25,311:INFO: sample_name=top_qcd_jets_antikt_kt__40000_Njets_1024_batch
2018-10-21 22:09:25,311:INFO: ------------------------------------------------------------
2018-10-21 22:09:25,311:INFO: Loading the datasets...
2018-10-21 22:09:26,454:INFO: - done loading the datasets
2018-10-21 22:09:26,454:INFO: ------------------------------------------------------------
2018-10-21 22:09:30,563:INFO: Building optimizer...
2018-10-21 22:09:30,563:INFO: Starting training for 30 epoch(s)
2018-10-21 22:09:30,563:INFO: Epoch 1/30
2018-10-21 22:09:41,578:INFO: - Train metrics: accuracy: 0.519 ; loss: 0.898
2018-10-21 22:09:43,331:INFO: - Eval metrics : accuracy: 0.505 ; loss: 0.696
2018-10-21 22:09:43,379:INFO: - Found new best accuracy
2018-10-21 22:09:43,380:INFO: Epoch 2/30
2018-10-21 22:09:53,950:INFO: - Train metrics: accuracy: 0.490 ; loss: 0.700
2018-10-21 22:09:55,464:INFO: - Eval metrics : accuracy: 0.526 ; loss: 0.690
2018-10-21 22:09:55,507:INFO: - Found new best accuracy
2018-10-21 22:09:55,507:INFO: Epoch 3/30
2018-10-21 22:10:05,927:INFO: - Train metrics: accuracy: 0.547 ; loss: 0.689
2018-10-21 22:10:07,554:INFO: - Eval metrics : accuracy: 0.602 ; loss: 0.659
2018-10-21 22:10:07,557:INFO: - Found new best accuracy
2018-10-21 22:10:07,558:INFO: Epoch 4/30
2018-10-21 22:10:17,746:INFO: - Train metrics: accuracy: 0.596 ; loss: 0.660
2018-10-21 22:10:19,246:INFO: - Eval metrics : accuracy: 0.763 ; loss: 0.516
2018-10-21 22:10:19,284:INFO: - Found new best accuracy
2018-10-21 22:10:19,284:INFO: Epoch 5/30
2018-10-21 22:10:29,330:INFO: - Train metrics: accuracy: 0.771 ; loss: 0.506
2018-10-21 22:10:30,821:INFO: - Eval metrics : accuracy: 0.780 ; loss: 0.485
2018-10-21 22:10:30,860:INFO: - Found new best accuracy
2018-10-21 22:10:30,860:INFO: Epoch 6/30
2018-10-21 22:10:41,047:INFO: - Train metrics: accuracy: 0.792 ; loss: 0.470
2018-10-21 22:10:42,475:INFO: - Eval metrics : accuracy: 0.783 ; loss: 0.475
2018-10-21 22:10:42,516:INFO: - Found new best accuracy
2018-10-21 22:10:42,516:INFO: Epoch 7/30
2018-10-21 22:10:52,572:INFO: - Train metrics: accuracy: 0.793 ; loss: 0.459
2018-10-21 22:10:54,057:INFO: - Eval metrics : accuracy: 0.787 ; loss: 0.467
2018-10-21 22:10:54,100:INFO: - Found new best accuracy
2018-10-21 22:10:54,100:INFO: Epoch 8/30
2018-10-21 22:11:04,197:INFO: - Train metrics: accuracy: 0.795 ; loss: 0.451
2018-10-21 22:11:05,653:INFO: - Eval metrics : accuracy: 0.791 ; loss: 0.459
2018-10-21 22:11:05,693:INFO: - Found new best accuracy
2018-10-21 22:11:05,693:INFO: Epoch 9/30
2018-10-21 22:11:15,694:INFO: - Train metrics: accuracy: 0.794 ; loss: 0.444
2018-10-21 22:11:17,136:INFO: - Eval metrics : accuracy: 0.794 ; loss: 0.454
2018-10-21 22:11:17,169:INFO: - Found new best accuracy
2018-10-21 22:11:17,170:INFO: Epoch 10/30
2018-10-21 22:11:27,318:INFO: - Train metrics: accuracy: 0.798 ; loss: 0.439
2018-10-21 22:11:28,809:INFO: - Eval metrics : accuracy: 0.797 ; loss: 0.451
2018-10-21 22:11:28,812:INFO: - Found new best accuracy
2018-10-21 22:11:28,812:INFO: Epoch 11/30
2018-10-21 22:11:38,833:INFO: - Train metrics: accuracy: 0.797 ; loss: 0.436
2018-10-21 22:11:40,304:INFO: - Eval metrics : accuracy: 0.797 ; loss: 0.448
2018-10-21 22:11:40,334:INFO: - Found new best accuracy
2018-10-21 22:11:40,335:INFO: Epoch 12/30
2018-10-21 22:11:50,403:INFO: - Train metrics: accuracy: 0.802 ; loss: 0.433
2018-10-21 22:11:51,891:INFO: - Eval metrics : accuracy: 0.798 ; loss: 0.447
2018-10-21 22:11:51,927:INFO: - Found new best accuracy
2018-10-21 22:11:51,927:INFO: Epoch 13/30
2018-10-21 22:12:01,947:INFO: - Train metrics: accuracy: 0.802 ; loss: 0.431
2018-10-21 22:12:03,373:INFO: - Eval metrics : accuracy: 0.799 ; loss: 0.446
2018-10-21 22:12:03,376:INFO: - Found new best accuracy
2018-10-21 22:12:03,376:INFO: Epoch 14/30
2018-10-21 22:12:13,551:INFO: - Train metrics: accuracy: 0.801 ; loss: 0.430
2018-10-21 22:12:15,022:INFO: - Eval metrics : accuracy: 0.799 ; loss: 0.445
2018-10-21 22:12:15,025:INFO: - Found new best accuracy
2018-10-21 22:12:15,025:INFO: Epoch 15/30
2018-10-21 22:12:25,101:INFO: - Train metrics: accuracy: 0.802 ; loss: 0.429
2018-10-21 22:12:26,589:INFO: - Eval metrics : accuracy: 0.800 ; loss: 0.444
2018-10-21 22:12:26,626:INFO: - Found new best accuracy
2018-10-21 22:12:26,627:INFO: Epoch 16/30
2018-10-21 22:12:36,702:INFO: - Train metrics: accuracy: 0.802 ; loss: 0.428
2018-10-21 22:12:38,202:INFO: - Eval metrics : accuracy: 0.799 ; loss: 0.443
2018-10-21 22:12:38,240:INFO: Epoch 17/30
2018-10-21 22:12:48,296:INFO: - Train metrics: accuracy: 0.804 ; loss: 0.427
2018-10-21 22:12:49,785:INFO: - Eval metrics : accuracy: 0.799 ; loss: 0.443
2018-10-21 22:12:49,820:INFO: Epoch 18/30
2018-10-21 22:12:59,906:INFO: - Train metrics: accuracy: 0.803 ; loss: 0.426
2018-10-21 22:13:01,393:INFO: - Eval metrics : accuracy: 0.799 ; loss: 0.442
2018-10-21 22:13:01,434:INFO: Epoch 19/30
2018-10-21 22:13:11,564:INFO: - Train metrics: accuracy: 0.800 ; loss: 0.425
2018-10-21 22:13:12,974:INFO: - Eval metrics : accuracy: 0.800 ; loss: 0.442
2018-10-21 22:13:13,014:INFO: - Found new best accuracy
2018-10-21 22:13:13,015:INFO: Epoch 20/30
2018-10-21 22:13:23,050:INFO: - Train metrics: accuracy: 0.800 ; loss: 0.425
2018-10-21 22:13:24,546:INFO: - Eval metrics : accuracy: 0.800 ; loss: 0.442
2018-10-21 22:13:24,583:INFO: - Found new best accuracy
2018-10-21 22:13:24,583:INFO: Epoch 21/30
2018-10-21 22:13:34,569:INFO: - Train metrics: accuracy: 0.798 ; loss: 0.424
2018-10-21 22:13:35,994:INFO: - Eval metrics : accuracy: 0.800 ; loss: 0.442
2018-10-21 22:13:36,057:INFO: Epoch 22/30
2018-10-21 22:13:46,135:INFO: - Train metrics: accuracy: 0.801 ; loss: 0.424
2018-10-21 22:13:47,627:INFO: - Eval metrics : accuracy: 0.800 ; loss: 0.442
2018-10-21 22:13:47,668:INFO: Epoch 23/30
2018-10-21 22:13:57,439:INFO: - Train metrics: accuracy: 0.802 ; loss: 0.424
2018-10-21 22:13:58,851:INFO: - Eval metrics : accuracy: 0.800 ; loss: 0.441
2018-10-21 22:13:58,890:INFO: Epoch 24/30
2018-10-21 22:14:08,901:INFO: - Train metrics: accuracy: 0.801 ; loss: 0.424
2018-10-21 22:14:10,394:INFO: - Eval metrics : accuracy: 0.800 ; loss: 0.441
2018-10-21 22:14:10,396:INFO: Epoch 25/30
2018-10-21 22:14:20,239:INFO: - Train metrics: accuracy: 0.801 ; loss: 0.424
2018-10-21 22:14:21,665:INFO: - Eval metrics : accuracy: 0.800 ; loss: 0.441
2018-10-21 22:14:21,678:INFO: Epoch 26/30
2018-10-21 22:14:31,761:INFO: - Train metrics: accuracy: 0.801 ; loss: 0.423
2018-10-21 22:14:33,236:INFO: - Eval metrics : accuracy: 0.800 ; loss: 0.441
2018-10-21 22:14:33,273:INFO: Epoch 27/30
2018-10-21 22:14:43,467:INFO: - Train metrics: accuracy: 0.801 ; loss: 0.423
2018-10-21 22:14:44,893:INFO: - Eval metrics : accuracy: 0.800 ; loss: 0.441
2018-10-21 22:14:44,925:INFO: Epoch 28/30
2018-10-21 22:14:55,098:INFO: - Train metrics: accuracy: 0.801 ; loss: 0.423
2018-10-21 22:14:56,577:INFO: - Eval metrics : accuracy: 0.800 ; loss: 0.441
2018-10-21 22:14:56,617:INFO: Epoch 29/30
2018-10-21 22:15:06,521:INFO: - Train metrics: accuracy: 0.801 ; loss: 0.423
2018-10-21 22:15:08,006:INFO: - Eval metrics : accuracy: 0.800 ; loss: 0.441
2018-10-21 22:15:08,039:INFO: - Found new best accuracy
2018-10-21 22:15:08,040:INFO: Epoch 30/30
2018-10-21 22:15:18,319:INFO: - Train metrics: accuracy: 0.801 ; loss: 0.423
2018-10-21 22:15:19,779:INFO: - Eval metrics : accuracy: 0.800 ; loss: 0.441
2018-10-21 22:15:19,816:INFO: - Found new best accuracy
2018-10-21 22:15:19,816:INFO: Total time (minutes) =5.908421103159586
