2018-10-29 16:02:32,336:INFO: Loading the dataset ...
2018-10-29 16:02:32,705:INFO: - done.
2018-10-29 16:02:34,537:INFO: Starting evaluation
2018-10-29 16:02:39,336:INFO: Labels=[0. 0. 1. 0. 0. 0. 0. 1. 0. 1.]
2018-10-29 16:02:39,337:INFO: Out prob=[2.34147432e-04 6.86030328e-01 8.90741885e-01 9.15956914e-01
 5.28983533e-01 1.12788657e-05 1.72700528e-02 5.82662940e-01
 3.10954928e-01 9.20899630e-01]
2018-10-29 16:02:39,337:INFO: ------------------------------------------------------------------------------------------------------------------------
2018-10-29 16:02:39,337:INFO: len labels after =16000
2018-10-29 16:02:39,337:INFO: len out_prob after16000
2018-10-29 16:02:39,337:INFO: length y_test=16000
2018-10-29 16:02:39,337:INFO: Lenght y_score=16000
2018-10-29 16:02:39,340:INFO: Length y_score 16000
2018-10-29 16:02:39,340:INFO: Length y_test 16000
2018-10-29 16:02:39,340:INFO: Thresholds[0:6] = 
 [0.97675085 0.97408563 0.97136611 0.96886146 0.96825045 0.96820933]
2018-10-29 16:02:39,340:INFO: Thresholds lenght = 
15990
2018-10-29 16:02:39,340:INFO: fpr lenght15990
2018-10-29 16:02:39,341:INFO: tpr lenght15990
2018-10-29 16:02:39,444:INFO: ------------------------------------------------------------------------------------------------------------------------
2018-10-29 16:02:39,448:INFO: roc_auc=0.8807460293866567
2018-10-29 16:02:39,448:INFO: ------------------------------------------------------------------------------------------------------------------------
2018-10-29 16:02:39,449:INFO: - Eval metrics : accuracy: 0.80012 ; loss: 0.42002
