2018-10-21 13:47:05,382:INFO: Loading the dataset ...
2018-10-21 13:47:05,872:INFO: - done.
2018-10-21 13:47:09,795:INFO: Starting evaluation
2018-10-21 13:47:17,765:INFO: Labels=[0. 0. 1. 0. 0. 0. 0. 1. 0. 1.]
2018-10-21 13:47:17,765:INFO: Out prob=[0.46874091 0.43167379 0.42978743 0.43167379 0.43167379 0.44718292
 0.43167379 0.43167379 0.56260484 0.43167379]
2018-10-21 13:47:17,765:INFO: ------------------------------------------------------------------------------------------------------------------------
2018-10-21 13:47:17,765:INFO: len labels after =16000
2018-10-21 13:47:17,765:INFO: len out_prob after16000
2018-10-21 13:47:17,766:INFO: length y_test=16000
2018-10-21 13:47:17,766:INFO: Lenght y_score=16000
2018-10-21 13:47:17,769:INFO: Length y_score 16000
2018-10-21 13:47:17,769:INFO: Length y_test 16000
2018-10-21 13:47:17,769:INFO: Thresholds[0:6] = 
 [0.99996173 0.99995494 0.99972671 0.99969685 0.99958175 0.99953437]
2018-10-21 13:47:17,770:INFO: Thresholds lenght = 
7515
2018-10-21 13:47:17,770:INFO: fpr lenght7515
2018-10-21 13:47:17,770:INFO: tpr lenght7515
2018-10-21 13:47:17,793:INFO: ------------------------------------------------------------------------------------------------------------------------
2018-10-21 13:47:17,796:INFO: roc_auc=0.6330667598916679
2018-10-21 13:47:17,796:INFO: ------------------------------------------------------------------------------------------------------------------------
2018-10-21 13:47:17,796:INFO: - Eval metrics : accuracy: 0.621 ; loss: 0.649
