2018-10-21 13:10:00,613:INFO: sample_name=top_qcd_jets_antikt_kt__40000_Njets_128_batch
2018-10-21 13:10:00,614:INFO: ------------------------------------------------------------
2018-10-21 13:10:00,614:INFO: Loading the datasets...
2018-10-21 13:10:02,037:INFO: - done loading the datasets
2018-10-21 13:10:02,037:INFO: ------------------------------------------------------------
2018-10-21 13:10:06,038:INFO: Building optimizer...
2018-10-21 13:10:06,038:INFO: Starting training for 30 epoch(s)
2018-10-21 13:10:06,038:INFO: Epoch 1/30
2018-10-21 13:11:10,981:INFO: - Train metrics: accuracy: 0.534 ; loss: 0.761
2018-10-21 13:11:18,489:INFO: - Eval metrics : accuracy: 0.500 ; loss: 0.694
2018-10-21 13:11:18,552:INFO: - Found new best accuracy
2018-10-21 13:11:18,553:INFO: Epoch 2/30
2018-10-21 13:12:20,622:INFO: - Train metrics: accuracy: 0.539 ; loss: 0.688
2018-10-21 13:12:28,096:INFO: - Eval metrics : accuracy: 0.502 ; loss: 0.700
2018-10-21 13:12:28,130:INFO: - Found new best accuracy
2018-10-21 13:12:28,131:INFO: Epoch 3/30
2018-10-21 13:13:33,946:INFO: - Train metrics: accuracy: 0.516 ; loss: 0.697
2018-10-21 13:13:43,339:INFO: - Eval metrics : accuracy: 0.501 ; loss: 0.694
2018-10-21 13:13:43,375:INFO: Epoch 4/30
2018-10-21 13:14:45,598:INFO: - Train metrics: accuracy: 0.555 ; loss: 0.686
2018-10-21 13:14:53,073:INFO: - Eval metrics : accuracy: 0.500 ; loss: 0.695
2018-10-21 13:14:53,113:INFO: Epoch 5/30
2018-10-21 13:15:55,170:INFO: - Train metrics: accuracy: 0.464 ; loss: 0.694
2018-10-21 13:16:02,623:INFO: - Eval metrics : accuracy: 0.500 ; loss: 0.694
2018-10-21 13:16:02,662:INFO: Epoch 6/30
2018-10-21 13:17:05,431:INFO: - Train metrics: accuracy: 0.464 ; loss: 0.694
2018-10-21 13:17:14,815:INFO: - Eval metrics : accuracy: 0.500 ; loss: 0.693
2018-10-21 13:17:14,850:INFO: Epoch 7/30
2018-10-21 13:18:26,037:INFO: - Train metrics: accuracy: 0.464 ; loss: 0.694
2018-10-21 13:18:35,436:INFO: - Eval metrics : accuracy: 0.500 ; loss: 0.693
2018-10-21 13:18:35,471:INFO: Epoch 8/30
2018-10-21 13:19:37,531:INFO: - Train metrics: accuracy: 0.464 ; loss: 0.694
2018-10-21 13:19:45,093:INFO: - Eval metrics : accuracy: 0.500 ; loss: 0.693
2018-10-21 13:19:45,133:INFO: Epoch 9/30
2018-10-21 13:20:46,836:INFO: - Train metrics: accuracy: 0.464 ; loss: 0.694
2018-10-21 13:20:54,356:INFO: - Eval metrics : accuracy: 0.500 ; loss: 0.693
2018-10-21 13:20:54,397:INFO: Epoch 10/30
2018-10-21 13:22:02,571:INFO: - Train metrics: accuracy: 0.464 ; loss: 0.694
2018-10-21 13:22:11,993:INFO: - Eval metrics : accuracy: 0.500 ; loss: 0.693
2018-10-21 13:22:12,034:INFO: Epoch 11/30
2018-10-21 13:23:14,741:INFO: - Train metrics: accuracy: 0.464 ; loss: 0.694
2018-10-21 13:23:22,275:INFO: - Eval metrics : accuracy: 0.501 ; loss: 0.693
2018-10-21 13:23:22,311:INFO: Epoch 12/30
2018-10-21 13:24:28,078:INFO: - Train metrics: accuracy: 0.464 ; loss: 0.694
2018-10-21 13:24:37,002:INFO: - Eval metrics : accuracy: 0.500 ; loss: 0.693
2018-10-21 13:24:37,031:INFO: Epoch 13/30
2018-10-21 13:25:45,906:INFO: - Train metrics: accuracy: 0.466 ; loss: 0.693
2018-10-21 13:25:55,357:INFO: - Eval metrics : accuracy: 0.500 ; loss: 0.693
2018-10-21 13:25:55,400:INFO: Epoch 14/30
2018-10-21 13:26:57,534:INFO: - Train metrics: accuracy: 0.464 ; loss: 0.693
2018-10-21 13:27:05,015:INFO: - Eval metrics : accuracy: 0.500 ; loss: 0.693
2018-10-21 13:27:05,057:INFO: Epoch 15/30
2018-10-21 13:28:11,914:INFO: - Train metrics: accuracy: 0.464 ; loss: 0.693
2018-10-21 13:28:20,053:INFO: - Eval metrics : accuracy: 0.500 ; loss: 0.693
2018-10-21 13:28:20,091:INFO: Epoch 16/30
2018-10-21 13:29:24,308:INFO: - Train metrics: accuracy: 0.464 ; loss: 0.693
2018-10-21 13:29:33,787:INFO: - Eval metrics : accuracy: 0.500 ; loss: 0.693
2018-10-21 13:29:33,821:INFO: Epoch 17/30
2018-10-21 13:30:39,385:INFO: - Train metrics: accuracy: 0.466 ; loss: 0.693
2018-10-21 13:30:48,683:INFO: - Eval metrics : accuracy: 0.500 ; loss: 0.694
2018-10-21 13:30:48,717:INFO: Epoch 18/30
2018-10-21 13:31:57,381:INFO: - Train metrics: accuracy: 0.464 ; loss: 0.693
2018-10-21 13:32:04,872:INFO: - Eval metrics : accuracy: 0.500 ; loss: 0.693
2018-10-21 13:32:04,906:INFO: Epoch 19/30
2018-10-21 13:33:14,174:INFO: - Train metrics: accuracy: 0.464 ; loss: 0.693
2018-10-21 13:33:22,689:INFO: - Eval metrics : accuracy: 0.507 ; loss: 0.693
2018-10-21 13:33:22,730:INFO: - Found new best accuracy
2018-10-21 13:33:22,731:INFO: Epoch 20/30
2018-10-21 13:34:30,599:INFO: - Train metrics: accuracy: 0.503 ; loss: 0.686
2018-10-21 13:34:39,726:INFO: - Eval metrics : accuracy: 0.548 ; loss: 0.679
2018-10-21 13:34:39,736:INFO: - Found new best accuracy
2018-10-21 13:34:39,737:INFO: Epoch 21/30
2018-10-21 13:35:45,239:INFO: - Train metrics: accuracy: 0.503 ; loss: 0.681
2018-10-21 13:35:53,444:INFO: - Eval metrics : accuracy: 0.554 ; loss: 0.677
2018-10-21 13:35:53,488:INFO: - Found new best accuracy
2018-10-21 13:35:53,489:INFO: Epoch 22/30
2018-10-21 13:37:02,907:INFO: - Train metrics: accuracy: 0.534 ; loss: 0.674
2018-10-21 13:37:12,417:INFO: - Eval metrics : accuracy: 0.565 ; loss: 0.673
2018-10-21 13:37:12,456:INFO: - Found new best accuracy
2018-10-21 13:37:12,457:INFO: Epoch 23/30
2018-10-21 13:38:17,075:INFO: - Train metrics: accuracy: 0.552 ; loss: 0.664
2018-10-21 13:38:25,051:INFO: - Eval metrics : accuracy: 0.575 ; loss: 0.666
2018-10-21 13:38:25,088:INFO: - Found new best accuracy
2018-10-21 13:38:25,089:INFO: Epoch 24/30
2018-10-21 13:39:31,039:INFO: - Train metrics: accuracy: 0.560 ; loss: 0.662
2018-10-21 13:39:40,503:INFO: - Eval metrics : accuracy: 0.594 ; loss: 0.660
2018-10-21 13:39:40,542:INFO: - Found new best accuracy
2018-10-21 13:39:40,542:INFO: Epoch 25/30
2018-10-21 13:40:44,260:INFO: - Train metrics: accuracy: 0.573 ; loss: 0.656
2018-10-21 13:40:51,751:INFO: - Eval metrics : accuracy: 0.603 ; loss: 0.657
2018-10-21 13:40:51,788:INFO: - Found new best accuracy
2018-10-21 13:40:51,789:INFO: Epoch 26/30
2018-10-21 13:41:58,624:INFO: - Train metrics: accuracy: 0.581 ; loss: 0.652
2018-10-21 13:42:06,149:INFO: - Eval metrics : accuracy: 0.608 ; loss: 0.654
2018-10-21 13:42:06,192:INFO: - Found new best accuracy
2018-10-21 13:42:06,193:INFO: Epoch 27/30
2018-10-21 13:43:13,232:INFO: - Train metrics: accuracy: 0.609 ; loss: 0.647
2018-10-21 13:43:20,778:INFO: - Eval metrics : accuracy: 0.613 ; loss: 0.651
2018-10-21 13:43:20,813:INFO: - Found new best accuracy
2018-10-21 13:43:20,814:INFO: Epoch 28/30
2018-10-21 13:44:28,771:INFO: - Train metrics: accuracy: 0.615 ; loss: 0.645
2018-10-21 13:44:38,223:INFO: - Eval metrics : accuracy: 0.619 ; loss: 0.650
2018-10-21 13:44:38,226:INFO: - Found new best accuracy
2018-10-21 13:44:38,227:INFO: Epoch 29/30
2018-10-21 13:45:45,050:INFO: - Train metrics: accuracy: 0.617 ; loss: 0.642
2018-10-21 13:45:52,585:INFO: - Eval metrics : accuracy: 0.621 ; loss: 0.649
2018-10-21 13:45:52,613:INFO: - Found new best accuracy
2018-10-21 13:45:52,614:INFO: Epoch 30/30
2018-10-21 13:46:56,033:INFO: - Train metrics: accuracy: 0.612 ; loss: 0.642
2018-10-21 13:47:03,546:INFO: - Eval metrics : accuracy: 0.623 ; loss: 0.648
2018-10-21 13:47:03,586:INFO: - Found new best accuracy
2018-10-21 13:47:03,588:INFO: Total time (minutes) =37.049568053086595
