2018-10-21 23:30:59,958:INFO: Loading the dataset ...
2018-10-21 23:31:00,274:INFO: - done.
2018-10-21 23:31:04,352:INFO: Starting evaluation
2018-10-21 23:31:06,937:INFO: Labels=[0. 0. 1. 0. 0. 0. 0. 1. 0. 1.]
2018-10-21 23:31:06,938:INFO: Out prob=[1.60810396e-01 3.54236573e-01 5.34987271e-01 5.22856951e-01
 8.81977439e-01 2.19101901e-04 1.37066655e-02 8.38263631e-01
 6.05004251e-01 9.39937532e-01]
2018-10-21 23:31:06,938:INFO: ------------------------------------------------------------------------------------------------------------------------
2018-10-21 23:31:06,938:INFO: len labels after =15872
2018-10-21 23:31:06,938:INFO: len out_prob after15872
2018-10-21 23:31:06,938:INFO: length y_test=15872
2018-10-21 23:31:06,938:INFO: Lenght y_score=15872
2018-10-21 23:31:06,941:INFO: Length y_score 15872
2018-10-21 23:31:06,941:INFO: Length y_test 15872
2018-10-21 23:31:06,941:INFO: Thresholds[0:6] = 
 [0.9981041  0.99652344 0.99650383 0.99591476 0.9953773  0.99495703]
2018-10-21 23:31:06,941:INFO: Thresholds lenght = 
15860
2018-10-21 23:31:06,941:INFO: fpr lenght15860
2018-10-21 23:31:06,941:INFO: tpr lenght15860
2018-10-21 23:31:06,989:INFO: ------------------------------------------------------------------------------------------------------------------------
2018-10-21 23:31:06,993:INFO: roc_auc=0.884593388044375
2018-10-21 23:31:06,993:INFO: ------------------------------------------------------------------------------------------------------------------------
2018-10-21 23:31:06,993:INFO: - Eval metrics : accuracy: 0.811 ; loss: 0.420
