2018-10-20 19:40:39,396:INFO: Loading the dataset ...
2018-10-20 19:40:39,962:INFO: - done.
2018-10-20 19:40:43,912:INFO: Starting evaluation
2018-10-20 19:40:58,700:INFO: Labels=[0. 0. 1. 0. 0. 0. 0. 1. 0. 1.]
2018-10-20 19:40:58,701:INFO: Out prob=[0.14497021 0.45021439 0.45075604 0.46752924 0.8487891  0.0791188
 0.09352011 0.78910357 0.71445799 0.84096175]
2018-10-20 19:40:58,701:INFO: ------------------------------------------------------------------------------------------------------------------------
2018-10-20 19:40:58,701:INFO: len labels after =16000
2018-10-20 19:40:58,701:INFO: len out_prob after16000
2018-10-20 19:40:58,701:INFO: length y_test=16000
2018-10-20 19:40:58,701:INFO: Lenght y_score=16000
2018-10-20 19:40:58,704:INFO: Length y_score 16000
2018-10-20 19:40:58,704:INFO: Length y_test 16000
2018-10-20 19:40:58,704:INFO: Thresholds[0:6] = 
 [0.99810362 0.99624723 0.99572253 0.99408323 0.99360657 0.99357235]
2018-10-20 19:40:58,705:INFO: Thresholds lenght = 
15988
2018-10-20 19:40:58,705:INFO: fpr lenght15988
2018-10-20 19:40:58,705:INFO: tpr lenght15988
2018-10-20 19:40:58,755:INFO: ------------------------------------------------------------------------------------------------------------------------
2018-10-20 19:40:58,758:INFO: roc_auc=0.834606278665723
2018-10-20 19:40:58,758:INFO: ------------------------------------------------------------------------------------------------------------------------
2018-10-20 19:40:58,759:INFO: - Eval metrics : accuracy: 0.772 ; loss: 0.500
