2018-10-20 18:33:03,199:INFO: sample_name=top_qcd_jets_antikt_kt__40000_Njets_64_batch
2018-10-20 18:33:03,200:INFO: ------------------------------------------------------------
2018-10-20 18:33:03,200:INFO: Loading the datasets...
2018-10-20 18:33:04,772:INFO: - done loading the datasets
2018-10-20 18:33:04,772:INFO: ------------------------------------------------------------
2018-10-20 18:33:08,726:INFO: Building optimizer...
2018-10-20 18:33:08,726:INFO: Starting training for 30 epoch(s)
2018-10-20 18:33:08,726:INFO: Epoch 1/30
2018-10-20 18:35:08,324:INFO: - Train metrics: accuracy: 0.482 ; loss: 0.724
2018-10-20 18:35:24,181:INFO: - Eval metrics : accuracy: 0.502 ; loss: 0.693
2018-10-20 18:35:24,244:INFO: - Found new best accuracy
2018-10-20 18:35:24,244:INFO: Epoch 2/30
2018-10-20 18:37:22,814:INFO: - Train metrics: accuracy: 0.500 ; loss: 0.686
2018-10-20 18:37:39,345:INFO: - Eval metrics : accuracy: 0.500 ; loss: 0.693
2018-10-20 18:37:39,387:INFO: Epoch 3/30
2018-10-20 18:39:37,872:INFO: - Train metrics: accuracy: 0.526 ; loss: 0.689
2018-10-20 18:39:54,475:INFO: - Eval metrics : accuracy: 0.500 ; loss: 0.693
2018-10-20 18:39:54,512:INFO: Epoch 4/30
2018-10-20 18:41:53,874:INFO: - Train metrics: accuracy: 0.521 ; loss: 0.688
2018-10-20 18:42:09,904:INFO: - Eval metrics : accuracy: 0.500 ; loss: 0.693
2018-10-20 18:42:09,946:INFO: Epoch 5/30
2018-10-20 18:44:10,003:INFO: - Train metrics: accuracy: 0.513 ; loss: 0.687
2018-10-20 18:44:25,624:INFO: - Eval metrics : accuracy: 0.500 ; loss: 0.693
2018-10-20 18:44:25,662:INFO: Epoch 6/30
2018-10-20 18:46:25,937:INFO: - Train metrics: accuracy: 0.523 ; loss: 0.687
2018-10-20 18:46:40,443:INFO: - Eval metrics : accuracy: 0.500 ; loss: 0.693
2018-10-20 18:46:40,479:INFO: Epoch 7/30
2018-10-20 18:48:40,069:INFO: - Train metrics: accuracy: 0.518 ; loss: 0.687
2018-10-20 18:48:55,226:INFO: - Eval metrics : accuracy: 0.515 ; loss: 0.693
2018-10-20 18:48:55,266:INFO: - Found new best accuracy
2018-10-20 18:48:55,266:INFO: Epoch 8/30
2018-10-20 18:50:55,037:INFO: - Train metrics: accuracy: 0.552 ; loss: 0.686
2018-10-20 18:51:10,376:INFO: - Eval metrics : accuracy: 0.515 ; loss: 0.693
2018-10-20 18:51:10,425:INFO: - Found new best accuracy
2018-10-20 18:51:10,426:INFO: Epoch 9/30
2018-10-20 18:53:09,657:INFO: - Train metrics: accuracy: 0.557 ; loss: 0.686
2018-10-20 18:53:24,645:INFO: - Eval metrics : accuracy: 0.516 ; loss: 0.693
2018-10-20 18:53:24,680:INFO: - Found new best accuracy
2018-10-20 18:53:24,680:INFO: Epoch 10/30
2018-10-20 18:55:24,597:INFO: - Train metrics: accuracy: 0.555 ; loss: 0.686
2018-10-20 18:55:39,574:INFO: - Eval metrics : accuracy: 0.518 ; loss: 0.692
2018-10-20 18:55:39,614:INFO: - Found new best accuracy
2018-10-20 18:55:39,614:INFO: Epoch 11/30
2018-10-20 18:57:39,673:INFO: - Train metrics: accuracy: 0.560 ; loss: 0.688
2018-10-20 18:57:54,360:INFO: - Eval metrics : accuracy: 0.518 ; loss: 0.692
2018-10-20 18:57:54,397:INFO: - Found new best accuracy
2018-10-20 18:57:54,398:INFO: Epoch 12/30
2018-10-20 18:59:53,481:INFO: - Train metrics: accuracy: 0.557 ; loss: 0.688
2018-10-20 19:00:08,618:INFO: - Eval metrics : accuracy: 0.518 ; loss: 0.691
2018-10-20 19:00:08,651:INFO: Epoch 13/30
2018-10-20 19:02:08,024:INFO: - Train metrics: accuracy: 0.578 ; loss: 0.686
2018-10-20 19:02:23,609:INFO: - Eval metrics : accuracy: 0.626 ; loss: 0.645
2018-10-20 19:02:23,640:INFO: - Found new best accuracy
2018-10-20 19:02:23,641:INFO: Epoch 14/30
2018-10-20 19:04:23,096:INFO: - Train metrics: accuracy: 0.768 ; loss: 0.558
2018-10-20 19:04:38,728:INFO: - Eval metrics : accuracy: 0.755 ; loss: 0.542
2018-10-20 19:04:38,765:INFO: - Found new best accuracy
2018-10-20 19:04:38,766:INFO: Epoch 15/30
2018-10-20 19:06:38,941:INFO: - Train metrics: accuracy: 0.766 ; loss: 0.522
2018-10-20 19:06:55,045:INFO: - Eval metrics : accuracy: 0.764 ; loss: 0.522
2018-10-20 19:06:55,081:INFO: - Found new best accuracy
2018-10-20 19:06:55,081:INFO: Epoch 16/30
2018-10-20 19:08:55,244:INFO: - Train metrics: accuracy: 0.771 ; loss: 0.506
2018-10-20 19:09:10,238:INFO: - Eval metrics : accuracy: 0.767 ; loss: 0.514
2018-10-20 19:09:10,273:INFO: - Found new best accuracy
2018-10-20 19:09:10,273:INFO: Epoch 17/30
2018-10-20 19:11:10,333:INFO: - Train metrics: accuracy: 0.768 ; loss: 0.503
2018-10-20 19:11:24,798:INFO: - Eval metrics : accuracy: 0.768 ; loss: 0.509
2018-10-20 19:11:24,831:INFO: - Found new best accuracy
2018-10-20 19:11:24,832:INFO: Epoch 18/30
2018-10-20 19:13:23,726:INFO: - Train metrics: accuracy: 0.763 ; loss: 0.498
2018-10-20 19:13:39,649:INFO: - Eval metrics : accuracy: 0.772 ; loss: 0.505
2018-10-20 19:13:39,690:INFO: - Found new best accuracy
2018-10-20 19:13:39,691:INFO: Epoch 19/30
2018-10-20 19:15:37,810:INFO: - Train metrics: accuracy: 0.771 ; loss: 0.496
2018-10-20 19:15:52,799:INFO: - Eval metrics : accuracy: 0.772 ; loss: 0.503
2018-10-20 19:15:52,837:INFO: Epoch 20/30
2018-10-20 19:17:52,052:INFO: - Train metrics: accuracy: 0.766 ; loss: 0.494
2018-10-20 19:18:07,868:INFO: - Eval metrics : accuracy: 0.773 ; loss: 0.502
2018-10-20 19:18:07,907:INFO: - Found new best accuracy
2018-10-20 19:18:07,908:INFO: Epoch 21/30
2018-10-20 19:20:08,050:INFO: - Train metrics: accuracy: 0.771 ; loss: 0.494
2018-10-20 19:20:24,100:INFO: - Eval metrics : accuracy: 0.773 ; loss: 0.501
2018-10-20 19:20:24,103:INFO: - Found new best accuracy
2018-10-20 19:20:24,104:INFO: Epoch 22/30
2018-10-20 19:22:24,236:INFO: - Train metrics: accuracy: 0.766 ; loss: 0.494
2018-10-20 19:22:39,211:INFO: - Eval metrics : accuracy: 0.773 ; loss: 0.501
2018-10-20 19:22:39,250:INFO: - Found new best accuracy
2018-10-20 19:22:39,250:INFO: Epoch 23/30
2018-10-20 19:24:40,415:INFO: - Train metrics: accuracy: 0.768 ; loss: 0.494
2018-10-20 19:24:54,712:INFO: - Eval metrics : accuracy: 0.772 ; loss: 0.501
2018-10-20 19:24:54,750:INFO: Epoch 24/30
2018-10-20 19:26:55,985:INFO: - Train metrics: accuracy: 0.768 ; loss: 0.494
2018-10-20 19:27:10,375:INFO: - Eval metrics : accuracy: 0.772 ; loss: 0.500
2018-10-20 19:27:10,412:INFO: Epoch 25/30
2018-10-20 19:29:10,175:INFO: - Train metrics: accuracy: 0.768 ; loss: 0.494
2018-10-20 19:29:24,882:INFO: - Eval metrics : accuracy: 0.772 ; loss: 0.500
2018-10-20 19:29:24,924:INFO: Epoch 26/30
2018-10-20 19:31:24,579:INFO: - Train metrics: accuracy: 0.768 ; loss: 0.494
2018-10-20 19:31:39,232:INFO: - Eval metrics : accuracy: 0.772 ; loss: 0.500
2018-10-20 19:31:39,267:INFO: Epoch 27/30
2018-10-20 19:33:40,018:INFO: - Train metrics: accuracy: 0.768 ; loss: 0.493
2018-10-20 19:33:54,296:INFO: - Eval metrics : accuracy: 0.772 ; loss: 0.500
2018-10-20 19:33:54,334:INFO: Epoch 28/30
2018-10-20 19:35:54,232:INFO: - Train metrics: accuracy: 0.768 ; loss: 0.493
2018-10-20 19:36:08,832:INFO: - Eval metrics : accuracy: 0.773 ; loss: 0.500
2018-10-20 19:36:08,834:INFO: Epoch 29/30
2018-10-20 19:38:07,368:INFO: - Train metrics: accuracy: 0.768 ; loss: 0.493
2018-10-20 19:38:21,481:INFO: - Eval metrics : accuracy: 0.773 ; loss: 0.500
2018-10-20 19:38:21,520:INFO: Epoch 30/30
2018-10-20 19:40:21,072:INFO: - Train metrics: accuracy: 0.768 ; loss: 0.493
2018-10-20 19:40:37,211:INFO: - Eval metrics : accuracy: 0.773 ; loss: 0.500
2018-10-20 19:40:37,295:INFO: Total time (minutes) =67.5682565689087
