2018-10-29 18:46:45,904:INFO: Loading the dataset ...
2018-10-29 18:46:46,155:INFO: - done.
2018-10-29 18:46:47,868:INFO: Starting evaluation
2018-10-29 18:46:48,559:INFO: Labels=[0. 0. 1. 0. 0. 0. 0. 1. 0. 1.]
2018-10-29 18:46:48,559:INFO: Out prob=[3.60679784e-04 8.76749516e-01 9.02174294e-01 7.78448403e-01
 8.70654881e-01 1.34199117e-05 8.57259240e-03 6.77087784e-01
 1.62443355e-01 9.24094498e-01]
2018-10-29 18:46:48,618:INFO: ------------------------------------------------------------------------------------------------------------------------
2018-10-29 18:46:48,618:INFO: len labels after =15360
2018-10-29 18:46:48,618:INFO: len out_prob after15360
2018-10-29 18:46:48,618:INFO: length y_test=15360
2018-10-29 18:46:48,618:INFO: Lenght y_score=15360
2018-10-29 18:46:48,624:INFO: Length y_score 15360
2018-10-29 18:46:48,624:INFO: Length y_test 15360
2018-10-29 18:46:48,624:INFO: Thresholds[0:6] = 
 [0.99055952 0.98836362 0.98762506 0.98714256 0.98703617 0.98682183]
2018-10-29 18:46:48,624:INFO: Thresholds lenght = 
15350
2018-10-29 18:46:48,624:INFO: fpr lenght15350
2018-10-29 18:46:48,624:INFO: tpr lenght15350
2018-10-29 18:46:48,705:INFO: ------------------------------------------------------------------------------------------------------------------------
2018-10-29 18:46:48,710:INFO: roc_auc=0.8808015336914323
2018-10-29 18:46:48,711:INFO: ------------------------------------------------------------------------------------------------------------------------
2018-10-29 18:46:48,711:INFO: - Eval metrics : accuracy: 0.79733 ; loss: 0.42080
