2018-10-29 18:44:31,497:INFO: search_hyperparam_sample_name=top_qcd_jets_antikt_kt__40000_Njets_1024_batch
2018-10-29 18:44:31,498:INFO: ------------------------------------------------------------
2018-10-29 18:44:31,498:INFO: Loading the datasets...
2018-10-29 18:44:32,563:INFO: - done loading the datasets
2018-10-29 18:44:32,563:INFO: ------------------------------------------------------------
2018-10-29 18:44:34,301:INFO: Building optimizer...
2018-10-29 18:44:34,301:INFO: Starting training for 35 epoch(s)
2018-10-29 18:44:34,301:INFO: Epoch 1/35
2018-10-29 18:44:38,384:INFO: - Train metrics: accuracy: 0.519 ; loss: 1.946
2018-10-29 18:44:39,180:INFO: - Eval metrics : accuracy: 0.718 ; loss: 0.557
2018-10-29 18:44:39,194:INFO: - Found new best accuracy
2018-10-29 18:44:39,195:INFO: Epoch 2/35
2018-10-29 18:44:42,246:INFO: - Train metrics: accuracy: 0.737 ; loss: 0.538
2018-10-29 18:44:42,941:INFO: - Eval metrics : accuracy: 0.750 ; loss: 0.506
2018-10-29 18:44:42,982:INFO: - Found new best accuracy
2018-10-29 18:44:42,982:INFO: Epoch 3/35
2018-10-29 18:44:46,198:INFO: - Train metrics: accuracy: 0.767 ; loss: 0.488
2018-10-29 18:44:46,778:INFO: - Eval metrics : accuracy: 0.761 ; loss: 0.488
2018-10-29 18:44:46,816:INFO: - Found new best accuracy
2018-10-29 18:44:46,816:INFO: Epoch 4/35
2018-10-29 18:44:50,075:INFO: - Train metrics: accuracy: 0.781 ; loss: 0.468
2018-10-29 18:44:50,675:INFO: - Eval metrics : accuracy: 0.769 ; loss: 0.473
2018-10-29 18:44:50,714:INFO: - Found new best accuracy
2018-10-29 18:44:50,714:INFO: Epoch 5/35
2018-10-29 18:44:53,926:INFO: - Train metrics: accuracy: 0.781 ; loss: 0.451
2018-10-29 18:44:54,526:INFO: - Eval metrics : accuracy: 0.771 ; loss: 0.463
2018-10-29 18:44:54,561:INFO: - Found new best accuracy
2018-10-29 18:44:54,562:INFO: Epoch 6/35
2018-10-29 18:44:57,697:INFO: - Train metrics: accuracy: 0.788 ; loss: 0.443
2018-10-29 18:44:58,281:INFO: - Eval metrics : accuracy: 0.779 ; loss: 0.449
2018-10-29 18:44:58,317:INFO: - Found new best accuracy
2018-10-29 18:44:58,318:INFO: Epoch 7/35
2018-10-29 18:45:01,511:INFO: - Train metrics: accuracy: 0.798 ; loss: 0.424
2018-10-29 18:45:02,194:INFO: - Eval metrics : accuracy: 0.783 ; loss: 0.442
2018-10-29 18:45:02,257:INFO: - Found new best accuracy
2018-10-29 18:45:02,257:INFO: Epoch 8/35
2018-10-29 18:45:05,441:INFO: - Train metrics: accuracy: 0.810 ; loss: 0.414
2018-10-29 18:45:06,123:INFO: - Eval metrics : accuracy: 0.786 ; loss: 0.437
2018-10-29 18:45:06,174:INFO: - Found new best accuracy
2018-10-29 18:45:06,174:INFO: Epoch 9/35
2018-10-29 18:45:09,287:INFO: - Train metrics: accuracy: 0.808 ; loss: 0.409
2018-10-29 18:45:09,980:INFO: - Eval metrics : accuracy: 0.788 ; loss: 0.434
2018-10-29 18:45:10,023:INFO: - Found new best accuracy
2018-10-29 18:45:10,024:INFO: Epoch 10/35
2018-10-29 18:45:12,751:INFO: - Train metrics: accuracy: 0.811 ; loss: 0.405
2018-10-29 18:45:13,317:INFO: - Eval metrics : accuracy: 0.790 ; loss: 0.431
2018-10-29 18:45:13,354:INFO: - Found new best accuracy
2018-10-29 18:45:13,355:INFO: Epoch 11/35
2018-10-29 18:45:16,236:INFO: - Train metrics: accuracy: 0.809 ; loss: 0.401
2018-10-29 18:45:16,947:INFO: - Eval metrics : accuracy: 0.792 ; loss: 0.429
2018-10-29 18:45:16,989:INFO: - Found new best accuracy
2018-10-29 18:45:16,990:INFO: Epoch 12/35
2018-10-29 18:45:20,112:INFO: - Train metrics: accuracy: 0.812 ; loss: 0.400
2018-10-29 18:45:20,783:INFO: - Eval metrics : accuracy: 0.793 ; loss: 0.429
2018-10-29 18:45:20,820:INFO: - Found new best accuracy
2018-10-29 18:45:20,821:INFO: Epoch 13/35
2018-10-29 18:45:23,840:INFO: - Train metrics: accuracy: 0.812 ; loss: 0.402
2018-10-29 18:45:24,521:INFO: - Eval metrics : accuracy: 0.793 ; loss: 0.431
2018-10-29 18:45:24,560:INFO: - Found new best accuracy
2018-10-29 18:45:24,560:INFO: Epoch 14/35
2018-10-29 18:45:27,299:INFO: - Train metrics: accuracy: 0.816 ; loss: 0.406
2018-10-29 18:45:27,964:INFO: - Eval metrics : accuracy: 0.791 ; loss: 0.434
2018-10-29 18:45:27,999:INFO: Epoch 15/35
2018-10-29 18:45:30,765:INFO: - Train metrics: accuracy: 0.808 ; loss: 0.411
2018-10-29 18:45:31,432:INFO: - Eval metrics : accuracy: 0.793 ; loss: 0.432
2018-10-29 18:45:31,495:INFO: - Found new best accuracy
2018-10-29 18:45:31,496:INFO: Epoch 16/35
2018-10-29 18:45:34,347:INFO: - Train metrics: accuracy: 0.814 ; loss: 0.409
2018-10-29 18:45:35,045:INFO: - Eval metrics : accuracy: 0.796 ; loss: 0.428
2018-10-29 18:45:35,078:INFO: - Found new best accuracy
2018-10-29 18:45:35,079:INFO: Epoch 17/35
2018-10-29 18:45:37,895:INFO: - Train metrics: accuracy: 0.816 ; loss: 0.405
2018-10-29 18:45:38,434:INFO: - Eval metrics : accuracy: 0.796 ; loss: 0.425
2018-10-29 18:45:38,468:INFO: - Found new best accuracy
2018-10-29 18:45:38,469:INFO: Epoch 18/35
2018-10-29 18:45:41,161:INFO: - Train metrics: accuracy: 0.814 ; loss: 0.401
2018-10-29 18:45:41,842:INFO: - Eval metrics : accuracy: 0.797 ; loss: 0.424
2018-10-29 18:45:41,870:INFO: - Found new best accuracy
2018-10-29 18:45:41,871:INFO: Epoch 19/35
2018-10-29 18:45:44,796:INFO: - Train metrics: accuracy: 0.816 ; loss: 0.399
2018-10-29 18:45:45,427:INFO: - Eval metrics : accuracy: 0.797 ; loss: 0.423
2018-10-29 18:45:45,463:INFO: Epoch 20/35
2018-10-29 18:45:48,414:INFO: - Train metrics: accuracy: 0.819 ; loss: 0.397
2018-10-29 18:45:49,103:INFO: - Eval metrics : accuracy: 0.797 ; loss: 0.421
2018-10-29 18:45:49,141:INFO: - Found new best accuracy
2018-10-29 18:45:49,141:INFO: Epoch 21/35
2018-10-29 18:45:52,106:INFO: - Train metrics: accuracy: 0.818 ; loss: 0.396
2018-10-29 18:45:52,777:INFO: - Eval metrics : accuracy: 0.799 ; loss: 0.421
2018-10-29 18:45:52,817:INFO: - Found new best accuracy
2018-10-29 18:45:52,818:INFO: Epoch 22/35
2018-10-29 18:45:55,891:INFO: - Train metrics: accuracy: 0.821 ; loss: 0.395
2018-10-29 18:45:56,564:INFO: - Eval metrics : accuracy: 0.799 ; loss: 0.420
2018-10-29 18:45:56,607:INFO: - Found new best accuracy
2018-10-29 18:45:56,607:INFO: Epoch 23/35
2018-10-29 18:45:59,251:INFO: - Train metrics: accuracy: 0.820 ; loss: 0.393
2018-10-29 18:45:59,815:INFO: - Eval metrics : accuracy: 0.799 ; loss: 0.419
2018-10-29 18:45:59,851:INFO: - Found new best accuracy
2018-10-29 18:45:59,852:INFO: Epoch 24/35
2018-10-29 18:46:02,904:INFO: - Train metrics: accuracy: 0.819 ; loss: 0.392
2018-10-29 18:46:03,577:INFO: - Eval metrics : accuracy: 0.800 ; loss: 0.418
2018-10-29 18:46:03,619:INFO: - Found new best accuracy
2018-10-29 18:46:03,620:INFO: Epoch 25/35
2018-10-29 18:46:06,640:INFO: - Train metrics: accuracy: 0.818 ; loss: 0.391
2018-10-29 18:46:07,308:INFO: - Eval metrics : accuracy: 0.800 ; loss: 0.418
2018-10-29 18:46:07,353:INFO: - Found new best accuracy
2018-10-29 18:46:07,355:INFO: Epoch 26/35
2018-10-29 18:46:10,255:INFO: - Train metrics: accuracy: 0.818 ; loss: 0.390
2018-10-29 18:46:10,978:INFO: - Eval metrics : accuracy: 0.800 ; loss: 0.418
2018-10-29 18:46:11,015:INFO: - Found new best accuracy
2018-10-29 18:46:11,015:INFO: Epoch 27/35
2018-10-29 18:46:14,045:INFO: - Train metrics: accuracy: 0.821 ; loss: 0.389
2018-10-29 18:46:14,739:INFO: - Eval metrics : accuracy: 0.801 ; loss: 0.418
2018-10-29 18:46:14,779:INFO: - Found new best accuracy
2018-10-29 18:46:14,779:INFO: Epoch 28/35
2018-10-29 18:46:17,662:INFO: - Train metrics: accuracy: 0.821 ; loss: 0.389
2018-10-29 18:46:18,278:INFO: - Eval metrics : accuracy: 0.801 ; loss: 0.418
2018-10-29 18:46:18,315:INFO: - Found new best accuracy
2018-10-29 18:46:18,316:INFO: Epoch 29/35
2018-10-29 18:46:21,312:INFO: - Train metrics: accuracy: 0.819 ; loss: 0.389
2018-10-29 18:46:21,994:INFO: - Eval metrics : accuracy: 0.801 ; loss: 0.418
2018-10-29 18:46:22,037:INFO: - Found new best accuracy
2018-10-29 18:46:22,038:INFO: Epoch 30/35
2018-10-29 18:46:25,114:INFO: - Train metrics: accuracy: 0.820 ; loss: 0.388
2018-10-29 18:46:25,797:INFO: - Eval metrics : accuracy: 0.801 ; loss: 0.417
2018-10-29 18:46:25,835:INFO: - Found new best accuracy
2018-10-29 18:46:25,836:INFO: Epoch 31/35
2018-10-29 18:46:28,759:INFO: - Train metrics: accuracy: 0.820 ; loss: 0.388
2018-10-29 18:46:29,371:INFO: - Eval metrics : accuracy: 0.801 ; loss: 0.417
2018-10-29 18:46:29,411:INFO: Epoch 32/35
2018-10-29 18:46:32,426:INFO: - Train metrics: accuracy: 0.819 ; loss: 0.389
2018-10-29 18:46:33,120:INFO: - Eval metrics : accuracy: 0.801 ; loss: 0.416
2018-10-29 18:46:33,151:INFO: Epoch 33/35
2018-10-29 18:46:36,121:INFO: - Train metrics: accuracy: 0.819 ; loss: 0.389
2018-10-29 18:46:36,807:INFO: - Eval metrics : accuracy: 0.801 ; loss: 0.416
2018-10-29 18:46:36,810:INFO: Epoch 34/35
2018-10-29 18:46:39,886:INFO: - Train metrics: accuracy: 0.816 ; loss: 0.390
2018-10-29 18:46:40,532:INFO: - Eval metrics : accuracy: 0.801 ; loss: 0.417
2018-10-29 18:46:40,571:INFO: Epoch 35/35
2018-10-29 18:46:43,359:INFO: - Train metrics: accuracy: 0.816 ; loss: 0.391
2018-10-29 18:46:44,046:INFO: - Eval metrics : accuracy: 0.801 ; loss: 0.417
2018-10-29 18:46:44,080:INFO: Total time (minutes) =2.2097169280052187
