2018-10-29 19:03:40,284:INFO: search_hyperparam_sample_name=top_qcd_jets_antikt_kt__80000_Njets_64_batch
2018-10-29 19:03:40,285:INFO: Number of jet files for ttbar=200
2018-10-29 19:03:40,285:INFO: Loading ttbar jet files... 
2018-10-29 19:03:40,285:INFO: ttbar files list = ['tree_httv2_ttbar_DelphesPythia8_nompi_0.dat', 'tree_httv2_ttbar_DelphesPythia8_nompi_1.dat', 'tree_httv2_ttbar_DelphesPythia8_nompi_10.dat', 'tree_httv2_ttbar_DelphesPythia8_nompi_100.dat', 'tree_httv2_ttbar_DelphesPythia8_nompi_101.dat', 'tree_httv2_ttbar_DelphesPythia8_nompi_102.dat', 'tree_httv2_ttbar_DelphesPythia8_nompi_103.dat', 'tree_httv2_ttbar_DelphesPythia8_nompi_104.dat', 'tree_httv2_ttbar_DelphesPythia8_nompi_105.dat', 'tree_httv2_ttbar_DelphesPythia8_nompi_106.dat', 'tree_httv2_ttbar_DelphesPythia8_nompi_107.dat', 'tree_httv2_ttbar_DelphesPythia8_nompi_108.dat', 'tree_httv2_ttbar_DelphesPythia8_nompi_109.dat', 'tree_httv2_ttbar_DelphesPythia8_nompi_11.dat', 'tree_httv2_ttbar_DelphesPythia8_nompi_110.dat', 'tree_httv2_ttbar_DelphesPythia8_nompi_111.dat', 'tree_httv2_ttbar_DelphesPythia8_nompi_112.dat', 'tree_httv2_ttbar_DelphesPythia8_nompi_113.dat', 'tree_httv2_ttbar_DelphesPythia8_nompi_114.dat', 'tree_httv2_ttbar_DelphesPythia8_nompi_115.dat', 'tree_httv2_ttbar_DelphesPythia8_nompi_116.dat', 'tree_httv2_ttbar_DelphesPythia8_nompi_117.dat', 'tree_httv2_ttbar_DelphesPythia8_nompi_118.dat', 'tree_httv2_ttbar_DelphesPythia8_nompi_119.dat', 'tree_httv2_ttbar_DelphesPythia8_nompi_12.dat', 'tree_httv2_ttbar_DelphesPythia8_nompi_120.dat', 'tree_httv2_ttbar_DelphesPythia8_nompi_121.dat', 'tree_httv2_ttbar_DelphesPythia8_nompi_122.dat', 'tree_httv2_ttbar_DelphesPythia8_nompi_123.dat', 'tree_httv2_ttbar_DelphesPythia8_nompi_124.dat', 'tree_httv2_ttbar_DelphesPythia8_nompi_125.dat', 'tree_httv2_ttbar_DelphesPythia8_nompi_126.dat', 'tree_httv2_ttbar_DelphesPythia8_nompi_127.dat', 'tree_httv2_ttbar_DelphesPythia8_nompi_128.dat', 'tree_httv2_ttbar_DelphesPythia8_nompi_129.dat', 'tree_httv2_ttbar_DelphesPythia8_nompi_13.dat', 'tree_httv2_ttbar_DelphesPythia8_nompi_130.dat', 'tree_httv2_ttbar_DelphesPythia8_nompi_131.dat', 'tree_httv2_ttbar_DelphesPythia8_nompi_132.dat', 'tree_httv2_ttbar_DelphesPythia8_nompi_133.dat', 'tree_httv2_ttbar_DelphesPythia8_nompi_134.dat', 'tree_httv2_ttbar_DelphesPythia8_nompi_135.dat', 'tree_httv2_ttbar_DelphesPythia8_nompi_136.dat', 'tree_httv2_ttbar_DelphesPythia8_nompi_137.dat', 'tree_httv2_ttbar_DelphesPythia8_nompi_138.dat', 'tree_httv2_ttbar_DelphesPythia8_nompi_139.dat', 'tree_httv2_ttbar_DelphesPythia8_nompi_14.dat', 'tree_httv2_ttbar_DelphesPythia8_nompi_140.dat', 'tree_httv2_ttbar_DelphesPythia8_nompi_141.dat', 'tree_httv2_ttbar_DelphesPythia8_nompi_142.dat', 'tree_httv2_ttbar_DelphesPythia8_nompi_143.dat', 'tree_httv2_ttbar_DelphesPythia8_nompi_144.dat', 'tree_httv2_ttbar_DelphesPythia8_nompi_145.dat', 'tree_httv2_ttbar_DelphesPythia8_nompi_146.dat', 'tree_httv2_ttbar_DelphesPythia8_nompi_147.dat', 'tree_httv2_ttbar_DelphesPythia8_nompi_148.dat', 'tree_httv2_ttbar_DelphesPythia8_nompi_149.dat', 'tree_httv2_ttbar_DelphesPythia8_nompi_15.dat', 'tree_httv2_ttbar_DelphesPythia8_nompi_150.dat', 'tree_httv2_ttbar_DelphesPythia8_nompi_151.dat', 'tree_httv2_ttbar_DelphesPythia8_nompi_152.dat', 'tree_httv2_ttbar_DelphesPythia8_nompi_153.dat', 'tree_httv2_ttbar_DelphesPythia8_nompi_154.dat', 'tree_httv2_ttbar_DelphesPythia8_nompi_155.dat', 'tree_httv2_ttbar_DelphesPythia8_nompi_156.dat', 'tree_httv2_ttbar_DelphesPythia8_nompi_157.dat', 'tree_httv2_ttbar_DelphesPythia8_nompi_158.dat', 'tree_httv2_ttbar_DelphesPythia8_nompi_159.dat', 'tree_httv2_ttbar_DelphesPythia8_nompi_16.dat', 'tree_httv2_ttbar_DelphesPythia8_nompi_160.dat', 'tree_httv2_ttbar_DelphesPythia8_nompi_161.dat', 'tree_httv2_ttbar_DelphesPythia8_nompi_162.dat', 'tree_httv2_ttbar_DelphesPythia8_nompi_163.dat', 'tree_httv2_ttbar_DelphesPythia8_nompi_164.dat', 'tree_httv2_ttbar_DelphesPythia8_nompi_165.dat', 'tree_httv2_ttbar_DelphesPythia8_nompi_166.dat', 'tree_httv2_ttbar_DelphesPythia8_nompi_167.dat', 'tree_httv2_ttbar_DelphesPythia8_nompi_168.dat', 'tree_httv2_ttbar_DelphesPythia8_nompi_169.dat', 'tree_httv2_ttbar_DelphesPythia8_nompi_17.dat', 'tree_httv2_ttbar_DelphesPythia8_nompi_170.dat', 'tree_httv2_ttbar_DelphesPythia8_nompi_171.dat', 'tree_httv2_ttbar_DelphesPythia8_nompi_172.dat', 'tree_httv2_ttbar_DelphesPythia8_nompi_173.dat', 'tree_httv2_ttbar_DelphesPythia8_nompi_174.dat', 'tree_httv2_ttbar_DelphesPythia8_nompi_175.dat', 'tree_httv2_ttbar_DelphesPythia8_nompi_176.dat', 'tree_httv2_ttbar_DelphesPythia8_nompi_177.dat', 'tree_httv2_ttbar_DelphesPythia8_nompi_178.dat', 'tree_httv2_ttbar_DelphesPythia8_nompi_179.dat', 'tree_httv2_ttbar_DelphesPythia8_nompi_18.dat', 'tree_httv2_ttbar_DelphesPythia8_nompi_180.dat', 'tree_httv2_ttbar_DelphesPythia8_nompi_181.dat', 'tree_httv2_ttbar_DelphesPythia8_nompi_182.dat', 'tree_httv2_ttbar_DelphesPythia8_nompi_183.dat', 'tree_httv2_ttbar_DelphesPythia8_nompi_184.dat', 'tree_httv2_ttbar_DelphesPythia8_nompi_185.dat', 'tree_httv2_ttbar_DelphesPythia8_nompi_186.dat', 'tree_httv2_ttbar_DelphesPythia8_nompi_187.dat', 'tree_httv2_ttbar_DelphesPythia8_nompi_188.dat', 'tree_httv2_ttbar_DelphesPythia8_nompi_189.dat', 'tree_httv2_ttbar_DelphesPythia8_nompi_19.dat', 'tree_httv2_ttbar_DelphesPythia8_nompi_190.dat', 'tree_httv2_ttbar_DelphesPythia8_nompi_191.dat', 'tree_httv2_ttbar_DelphesPythia8_nompi_192.dat', 'tree_httv2_ttbar_DelphesPythia8_nompi_193.dat', 'tree_httv2_ttbar_DelphesPythia8_nompi_194.dat', 'tree_httv2_ttbar_DelphesPythia8_nompi_195.dat', 'tree_httv2_ttbar_DelphesPythia8_nompi_196.dat', 'tree_httv2_ttbar_DelphesPythia8_nompi_197.dat', 'tree_httv2_ttbar_DelphesPythia8_nompi_198.dat', 'tree_httv2_ttbar_DelphesPythia8_nompi_199.dat', 'tree_httv2_ttbar_DelphesPythia8_nompi_2.dat', 'tree_httv2_ttbar_DelphesPythia8_nompi_20.dat', 'tree_httv2_ttbar_DelphesPythia8_nompi_21.dat', 'tree_httv2_ttbar_DelphesPythia8_nompi_22.dat', 'tree_httv2_ttbar_DelphesPythia8_nompi_23.dat', 'tree_httv2_ttbar_DelphesPythia8_nompi_24.dat', 'tree_httv2_ttbar_DelphesPythia8_nompi_25.dat', 'tree_httv2_ttbar_DelphesPythia8_nompi_26.dat', 'tree_httv2_ttbar_DelphesPythia8_nompi_27.dat', 'tree_httv2_ttbar_DelphesPythia8_nompi_28.dat', 'tree_httv2_ttbar_DelphesPythia8_nompi_29.dat', 'tree_httv2_ttbar_DelphesPythia8_nompi_3.dat', 'tree_httv2_ttbar_DelphesPythia8_nompi_30.dat', 'tree_httv2_ttbar_DelphesPythia8_nompi_31.dat', 'tree_httv2_ttbar_DelphesPythia8_nompi_32.dat', 'tree_httv2_ttbar_DelphesPythia8_nompi_33.dat', 'tree_httv2_ttbar_DelphesPythia8_nompi_34.dat', 'tree_httv2_ttbar_DelphesPythia8_nompi_35.dat', 'tree_httv2_ttbar_DelphesPythia8_nompi_36.dat', 'tree_httv2_ttbar_DelphesPythia8_nompi_37.dat', 'tree_httv2_ttbar_DelphesPythia8_nompi_38.dat', 'tree_httv2_ttbar_DelphesPythia8_nompi_39.dat', 'tree_httv2_ttbar_DelphesPythia8_nompi_4.dat', 'tree_httv2_ttbar_DelphesPythia8_nompi_40.dat', 'tree_httv2_ttbar_DelphesPythia8_nompi_41.dat', 'tree_httv2_ttbar_DelphesPythia8_nompi_42.dat', 'tree_httv2_ttbar_DelphesPythia8_nompi_43.dat', 'tree_httv2_ttbar_DelphesPythia8_nompi_44.dat', 'tree_httv2_ttbar_DelphesPythia8_nompi_45.dat', 'tree_httv2_ttbar_DelphesPythia8_nompi_46.dat', 'tree_httv2_ttbar_DelphesPythia8_nompi_47.dat', 'tree_httv2_ttbar_DelphesPythia8_nompi_48.dat', 'tree_httv2_ttbar_DelphesPythia8_nompi_49.dat', 'tree_httv2_ttbar_DelphesPythia8_nompi_5.dat', 'tree_httv2_ttbar_DelphesPythia8_nompi_50.dat', 'tree_httv2_ttbar_DelphesPythia8_nompi_51.dat', 'tree_httv2_ttbar_DelphesPythia8_nompi_52.dat', 'tree_httv2_ttbar_DelphesPythia8_nompi_53.dat', 'tree_httv2_ttbar_DelphesPythia8_nompi_54.dat', 'tree_httv2_ttbar_DelphesPythia8_nompi_55.dat', 'tree_httv2_ttbar_DelphesPythia8_nompi_56.dat', 'tree_httv2_ttbar_DelphesPythia8_nompi_57.dat', 'tree_httv2_ttbar_DelphesPythia8_nompi_58.dat', 'tree_httv2_ttbar_DelphesPythia8_nompi_59.dat', 'tree_httv2_ttbar_DelphesPythia8_nompi_6.dat', 'tree_httv2_ttbar_DelphesPythia8_nompi_60.dat', 'tree_httv2_ttbar_DelphesPythia8_nompi_61.dat', 'tree_httv2_ttbar_DelphesPythia8_nompi_62.dat', 'tree_httv2_ttbar_DelphesPythia8_nompi_63.dat', 'tree_httv2_ttbar_DelphesPythia8_nompi_64.dat', 'tree_httv2_ttbar_DelphesPythia8_nompi_65.dat', 'tree_httv2_ttbar_DelphesPythia8_nompi_66.dat', 'tree_httv2_ttbar_DelphesPythia8_nompi_67.dat', 'tree_httv2_ttbar_DelphesPythia8_nompi_68.dat', 'tree_httv2_ttbar_DelphesPythia8_nompi_69.dat', 'tree_httv2_ttbar_DelphesPythia8_nompi_7.dat', 'tree_httv2_ttbar_DelphesPythia8_nompi_70.dat', 'tree_httv2_ttbar_DelphesPythia8_nompi_71.dat', 'tree_httv2_ttbar_DelphesPythia8_nompi_72.dat', 'tree_httv2_ttbar_DelphesPythia8_nompi_73.dat', 'tree_httv2_ttbar_DelphesPythia8_nompi_74.dat', 'tree_httv2_ttbar_DelphesPythia8_nompi_75.dat', 'tree_httv2_ttbar_DelphesPythia8_nompi_76.dat', 'tree_httv2_ttbar_DelphesPythia8_nompi_77.dat', 'tree_httv2_ttbar_DelphesPythia8_nompi_78.dat', 'tree_httv2_ttbar_DelphesPythia8_nompi_79.dat', 'tree_httv2_ttbar_DelphesPythia8_nompi_8.dat', 'tree_httv2_ttbar_DelphesPythia8_nompi_80.dat', 'tree_httv2_ttbar_DelphesPythia8_nompi_81.dat', 'tree_httv2_ttbar_DelphesPythia8_nompi_82.dat', 'tree_httv2_ttbar_DelphesPythia8_nompi_83.dat', 'tree_httv2_ttbar_DelphesPythia8_nompi_84.dat', 'tree_httv2_ttbar_DelphesPythia8_nompi_85.dat', 'tree_httv2_ttbar_DelphesPythia8_nompi_86.dat', 'tree_httv2_ttbar_DelphesPythia8_nompi_87.dat', 'tree_httv2_ttbar_DelphesPythia8_nompi_88.dat', 'tree_httv2_ttbar_DelphesPythia8_nompi_89.dat', 'tree_httv2_ttbar_DelphesPythia8_nompi_9.dat', 'tree_httv2_ttbar_DelphesPythia8_nompi_90.dat', 'tree_httv2_ttbar_DelphesPythia8_nompi_91.dat', 'tree_httv2_ttbar_DelphesPythia8_nompi_92.dat', 'tree_httv2_ttbar_DelphesPythia8_nompi_93.dat', 'tree_httv2_ttbar_DelphesPythia8_nompi_94.dat', 'tree_httv2_ttbar_DelphesPythia8_nompi_95.dat', 'tree_httv2_ttbar_DelphesPythia8_nompi_96.dat', 'tree_httv2_ttbar_DelphesPythia8_nompi_97.dat', 'tree_httv2_ttbar_DelphesPythia8_nompi_98.dat', 'tree_httv2_ttbar_DelphesPythia8_nompi_99.dat']
2018-10-29 19:03:41,966:INFO: Ntotjets=10000
2018-10-29 19:03:43,571:INFO: Ntotjets=20000
2018-10-29 19:03:45,170:INFO: Ntotjets=30000
2018-10-29 19:03:46,766:INFO: Ntotjets=40000
2018-10-29 19:03:48,528:INFO: Ntotjets=50000
2018-10-29 19:03:50,906:INFO: Ntotjets=60000
2018-10-29 19:03:53,672:INFO: Ntotjets=70000
2018-10-29 19:03:56,471:INFO: Ntotjets=80000
2018-10-29 19:03:56,473:INFO: Number of jet files for qcd=200
2018-10-29 19:03:56,473:INFO: Loading qcd jet files... 
2018-10-29 19:03:56,473:INFO: qcd files list = ['tree_httv2_qcd_DelphesPythia8_nompi_0.dat', 'tree_httv2_qcd_DelphesPythia8_nompi_1.dat', 'tree_httv2_qcd_DelphesPythia8_nompi_10.dat', 'tree_httv2_qcd_DelphesPythia8_nompi_100.dat', 'tree_httv2_qcd_DelphesPythia8_nompi_101.dat', 'tree_httv2_qcd_DelphesPythia8_nompi_102.dat', 'tree_httv2_qcd_DelphesPythia8_nompi_103.dat', 'tree_httv2_qcd_DelphesPythia8_nompi_104.dat', 'tree_httv2_qcd_DelphesPythia8_nompi_105.dat', 'tree_httv2_qcd_DelphesPythia8_nompi_106.dat', 'tree_httv2_qcd_DelphesPythia8_nompi_107.dat', 'tree_httv2_qcd_DelphesPythia8_nompi_108.dat', 'tree_httv2_qcd_DelphesPythia8_nompi_109.dat', 'tree_httv2_qcd_DelphesPythia8_nompi_11.dat', 'tree_httv2_qcd_DelphesPythia8_nompi_110.dat', 'tree_httv2_qcd_DelphesPythia8_nompi_111.dat', 'tree_httv2_qcd_DelphesPythia8_nompi_112.dat', 'tree_httv2_qcd_DelphesPythia8_nompi_113.dat', 'tree_httv2_qcd_DelphesPythia8_nompi_114.dat', 'tree_httv2_qcd_DelphesPythia8_nompi_115.dat', 'tree_httv2_qcd_DelphesPythia8_nompi_116.dat', 'tree_httv2_qcd_DelphesPythia8_nompi_117.dat', 'tree_httv2_qcd_DelphesPythia8_nompi_118.dat', 'tree_httv2_qcd_DelphesPythia8_nompi_119.dat', 'tree_httv2_qcd_DelphesPythia8_nompi_12.dat', 'tree_httv2_qcd_DelphesPythia8_nompi_120.dat', 'tree_httv2_qcd_DelphesPythia8_nompi_121.dat', 'tree_httv2_qcd_DelphesPythia8_nompi_122.dat', 'tree_httv2_qcd_DelphesPythia8_nompi_123.dat', 'tree_httv2_qcd_DelphesPythia8_nompi_124.dat', 'tree_httv2_qcd_DelphesPythia8_nompi_125.dat', 'tree_httv2_qcd_DelphesPythia8_nompi_126.dat', 'tree_httv2_qcd_DelphesPythia8_nompi_127.dat', 'tree_httv2_qcd_DelphesPythia8_nompi_128.dat', 'tree_httv2_qcd_DelphesPythia8_nompi_129.dat', 'tree_httv2_qcd_DelphesPythia8_nompi_13.dat', 'tree_httv2_qcd_DelphesPythia8_nompi_130.dat', 'tree_httv2_qcd_DelphesPythia8_nompi_131.dat', 'tree_httv2_qcd_DelphesPythia8_nompi_132.dat', 'tree_httv2_qcd_DelphesPythia8_nompi_133.dat', 'tree_httv2_qcd_DelphesPythia8_nompi_134.dat', 'tree_httv2_qcd_DelphesPythia8_nompi_135.dat', 'tree_httv2_qcd_DelphesPythia8_nompi_136.dat', 'tree_httv2_qcd_DelphesPythia8_nompi_137.dat', 'tree_httv2_qcd_DelphesPythia8_nompi_138.dat', 'tree_httv2_qcd_DelphesPythia8_nompi_139.dat', 'tree_httv2_qcd_DelphesPythia8_nompi_14.dat', 'tree_httv2_qcd_DelphesPythia8_nompi_140.dat', 'tree_httv2_qcd_DelphesPythia8_nompi_141.dat', 'tree_httv2_qcd_DelphesPythia8_nompi_142.dat', 'tree_httv2_qcd_DelphesPythia8_nompi_143.dat', 'tree_httv2_qcd_DelphesPythia8_nompi_144.dat', 'tree_httv2_qcd_DelphesPythia8_nompi_145.dat', 'tree_httv2_qcd_DelphesPythia8_nompi_146.dat', 'tree_httv2_qcd_DelphesPythia8_nompi_147.dat', 'tree_httv2_qcd_DelphesPythia8_nompi_148.dat', 'tree_httv2_qcd_DelphesPythia8_nompi_149.dat', 'tree_httv2_qcd_DelphesPythia8_nompi_15.dat', 'tree_httv2_qcd_DelphesPythia8_nompi_150.dat', 'tree_httv2_qcd_DelphesPythia8_nompi_151.dat', 'tree_httv2_qcd_DelphesPythia8_nompi_152.dat', 'tree_httv2_qcd_DelphesPythia8_nompi_153.dat', 'tree_httv2_qcd_DelphesPythia8_nompi_154.dat', 'tree_httv2_qcd_DelphesPythia8_nompi_155.dat', 'tree_httv2_qcd_DelphesPythia8_nompi_156.dat', 'tree_httv2_qcd_DelphesPythia8_nompi_157.dat', 'tree_httv2_qcd_DelphesPythia8_nompi_158.dat', 'tree_httv2_qcd_DelphesPythia8_nompi_159.dat', 'tree_httv2_qcd_DelphesPythia8_nompi_16.dat', 'tree_httv2_qcd_DelphesPythia8_nompi_160.dat', 'tree_httv2_qcd_DelphesPythia8_nompi_161.dat', 'tree_httv2_qcd_DelphesPythia8_nompi_162.dat', 'tree_httv2_qcd_DelphesPythia8_nompi_163.dat', 'tree_httv2_qcd_DelphesPythia8_nompi_164.dat', 'tree_httv2_qcd_DelphesPythia8_nompi_165.dat', 'tree_httv2_qcd_DelphesPythia8_nompi_166.dat', 'tree_httv2_qcd_DelphesPythia8_nompi_167.dat', 'tree_httv2_qcd_DelphesPythia8_nompi_168.dat', 'tree_httv2_qcd_DelphesPythia8_nompi_169.dat', 'tree_httv2_qcd_DelphesPythia8_nompi_17.dat', 'tree_httv2_qcd_DelphesPythia8_nompi_170.dat', 'tree_httv2_qcd_DelphesPythia8_nompi_171.dat', 'tree_httv2_qcd_DelphesPythia8_nompi_172.dat', 'tree_httv2_qcd_DelphesPythia8_nompi_173.dat', 'tree_httv2_qcd_DelphesPythia8_nompi_174.dat', 'tree_httv2_qcd_DelphesPythia8_nompi_175.dat', 'tree_httv2_qcd_DelphesPythia8_nompi_176.dat', 'tree_httv2_qcd_DelphesPythia8_nompi_177.dat', 'tree_httv2_qcd_DelphesPythia8_nompi_178.dat', 'tree_httv2_qcd_DelphesPythia8_nompi_179.dat', 'tree_httv2_qcd_DelphesPythia8_nompi_18.dat', 'tree_httv2_qcd_DelphesPythia8_nompi_180.dat', 'tree_httv2_qcd_DelphesPythia8_nompi_181.dat', 'tree_httv2_qcd_DelphesPythia8_nompi_182.dat', 'tree_httv2_qcd_DelphesPythia8_nompi_183.dat', 'tree_httv2_qcd_DelphesPythia8_nompi_184.dat', 'tree_httv2_qcd_DelphesPythia8_nompi_185.dat', 'tree_httv2_qcd_DelphesPythia8_nompi_186.dat', 'tree_httv2_qcd_DelphesPythia8_nompi_187.dat', 'tree_httv2_qcd_DelphesPythia8_nompi_188.dat', 'tree_httv2_qcd_DelphesPythia8_nompi_189.dat', 'tree_httv2_qcd_DelphesPythia8_nompi_19.dat', 'tree_httv2_qcd_DelphesPythia8_nompi_190.dat', 'tree_httv2_qcd_DelphesPythia8_nompi_191.dat', 'tree_httv2_qcd_DelphesPythia8_nompi_192.dat', 'tree_httv2_qcd_DelphesPythia8_nompi_193.dat', 'tree_httv2_qcd_DelphesPythia8_nompi_194.dat', 'tree_httv2_qcd_DelphesPythia8_nompi_195.dat', 'tree_httv2_qcd_DelphesPythia8_nompi_196.dat', 'tree_httv2_qcd_DelphesPythia8_nompi_197.dat', 'tree_httv2_qcd_DelphesPythia8_nompi_198.dat', 'tree_httv2_qcd_DelphesPythia8_nompi_199.dat', 'tree_httv2_qcd_DelphesPythia8_nompi_2.dat', 'tree_httv2_qcd_DelphesPythia8_nompi_20.dat', 'tree_httv2_qcd_DelphesPythia8_nompi_21.dat', 'tree_httv2_qcd_DelphesPythia8_nompi_22.dat', 'tree_httv2_qcd_DelphesPythia8_nompi_23.dat', 'tree_httv2_qcd_DelphesPythia8_nompi_24.dat', 'tree_httv2_qcd_DelphesPythia8_nompi_25.dat', 'tree_httv2_qcd_DelphesPythia8_nompi_26.dat', 'tree_httv2_qcd_DelphesPythia8_nompi_27.dat', 'tree_httv2_qcd_DelphesPythia8_nompi_28.dat', 'tree_httv2_qcd_DelphesPythia8_nompi_29.dat', 'tree_httv2_qcd_DelphesPythia8_nompi_3.dat', 'tree_httv2_qcd_DelphesPythia8_nompi_30.dat', 'tree_httv2_qcd_DelphesPythia8_nompi_31.dat', 'tree_httv2_qcd_DelphesPythia8_nompi_32.dat', 'tree_httv2_qcd_DelphesPythia8_nompi_33.dat', 'tree_httv2_qcd_DelphesPythia8_nompi_34.dat', 'tree_httv2_qcd_DelphesPythia8_nompi_35.dat', 'tree_httv2_qcd_DelphesPythia8_nompi_36.dat', 'tree_httv2_qcd_DelphesPythia8_nompi_37.dat', 'tree_httv2_qcd_DelphesPythia8_nompi_38.dat', 'tree_httv2_qcd_DelphesPythia8_nompi_39.dat', 'tree_httv2_qcd_DelphesPythia8_nompi_4.dat', 'tree_httv2_qcd_DelphesPythia8_nompi_40.dat', 'tree_httv2_qcd_DelphesPythia8_nompi_41.dat', 'tree_httv2_qcd_DelphesPythia8_nompi_42.dat', 'tree_httv2_qcd_DelphesPythia8_nompi_43.dat', 'tree_httv2_qcd_DelphesPythia8_nompi_44.dat', 'tree_httv2_qcd_DelphesPythia8_nompi_45.dat', 'tree_httv2_qcd_DelphesPythia8_nompi_46.dat', 'tree_httv2_qcd_DelphesPythia8_nompi_47.dat', 'tree_httv2_qcd_DelphesPythia8_nompi_48.dat', 'tree_httv2_qcd_DelphesPythia8_nompi_49.dat', 'tree_httv2_qcd_DelphesPythia8_nompi_5.dat', 'tree_httv2_qcd_DelphesPythia8_nompi_50.dat', 'tree_httv2_qcd_DelphesPythia8_nompi_51.dat', 'tree_httv2_qcd_DelphesPythia8_nompi_52.dat', 'tree_httv2_qcd_DelphesPythia8_nompi_53.dat', 'tree_httv2_qcd_DelphesPythia8_nompi_54.dat', 'tree_httv2_qcd_DelphesPythia8_nompi_55.dat', 'tree_httv2_qcd_DelphesPythia8_nompi_56.dat', 'tree_httv2_qcd_DelphesPythia8_nompi_57.dat', 'tree_httv2_qcd_DelphesPythia8_nompi_58.dat', 'tree_httv2_qcd_DelphesPythia8_nompi_59.dat', 'tree_httv2_qcd_DelphesPythia8_nompi_6.dat', 'tree_httv2_qcd_DelphesPythia8_nompi_60.dat', 'tree_httv2_qcd_DelphesPythia8_nompi_61.dat', 'tree_httv2_qcd_DelphesPythia8_nompi_62.dat', 'tree_httv2_qcd_DelphesPythia8_nompi_63.dat', 'tree_httv2_qcd_DelphesPythia8_nompi_64.dat', 'tree_httv2_qcd_DelphesPythia8_nompi_65.dat', 'tree_httv2_qcd_DelphesPythia8_nompi_66.dat', 'tree_httv2_qcd_DelphesPythia8_nompi_67.dat', 'tree_httv2_qcd_DelphesPythia8_nompi_68.dat', 'tree_httv2_qcd_DelphesPythia8_nompi_69.dat', 'tree_httv2_qcd_DelphesPythia8_nompi_7.dat', 'tree_httv2_qcd_DelphesPythia8_nompi_70.dat', 'tree_httv2_qcd_DelphesPythia8_nompi_71.dat', 'tree_httv2_qcd_DelphesPythia8_nompi_72.dat', 'tree_httv2_qcd_DelphesPythia8_nompi_73.dat', 'tree_httv2_qcd_DelphesPythia8_nompi_74.dat', 'tree_httv2_qcd_DelphesPythia8_nompi_75.dat', 'tree_httv2_qcd_DelphesPythia8_nompi_76.dat', 'tree_httv2_qcd_DelphesPythia8_nompi_77.dat', 'tree_httv2_qcd_DelphesPythia8_nompi_78.dat', 'tree_httv2_qcd_DelphesPythia8_nompi_79.dat', 'tree_httv2_qcd_DelphesPythia8_nompi_8.dat', 'tree_httv2_qcd_DelphesPythia8_nompi_80.dat', 'tree_httv2_qcd_DelphesPythia8_nompi_81.dat', 'tree_httv2_qcd_DelphesPythia8_nompi_82.dat', 'tree_httv2_qcd_DelphesPythia8_nompi_83.dat', 'tree_httv2_qcd_DelphesPythia8_nompi_84.dat', 'tree_httv2_qcd_DelphesPythia8_nompi_85.dat', 'tree_httv2_qcd_DelphesPythia8_nompi_86.dat', 'tree_httv2_qcd_DelphesPythia8_nompi_87.dat', 'tree_httv2_qcd_DelphesPythia8_nompi_88.dat', 'tree_httv2_qcd_DelphesPythia8_nompi_89.dat', 'tree_httv2_qcd_DelphesPythia8_nompi_9.dat', 'tree_httv2_qcd_DelphesPythia8_nompi_90.dat', 'tree_httv2_qcd_DelphesPythia8_nompi_91.dat', 'tree_httv2_qcd_DelphesPythia8_nompi_92.dat', 'tree_httv2_qcd_DelphesPythia8_nompi_93.dat', 'tree_httv2_qcd_DelphesPythia8_nompi_94.dat', 'tree_httv2_qcd_DelphesPythia8_nompi_95.dat', 'tree_httv2_qcd_DelphesPythia8_nompi_96.dat', 'tree_httv2_qcd_DelphesPythia8_nompi_97.dat', 'tree_httv2_qcd_DelphesPythia8_nompi_98.dat', 'tree_httv2_qcd_DelphesPythia8_nompi_99.dat']
2018-10-29 19:03:57,949:INFO: Ntotjets=10000
2018-10-29 19:03:59,337:INFO: Ntotjets=20000
2018-10-29 19:04:00,726:INFO: Ntotjets=30000
2018-10-29 19:04:02,137:INFO: Ntotjets=40000
2018-10-29 19:04:03,584:INFO: Ntotjets=50000
2018-10-29 19:04:05,031:INFO: Ntotjets=60000
2018-10-29 19:04:06,443:INFO: Ntotjets=70000
2018-10-29 19:04:07,858:INFO: Ntotjets=80000
2018-10-29 19:04:07,858:INFO: Tree generation time (minutes) =0.45957343180974325
2018-10-29 19:11:55,928:INFO: Splitting into train, validation and test datasets, and shuffling...
2018-10-29 19:12:05,073:INFO: Split sample time (minutes) =8.413160411516825
2018-10-29 19:12:05,074:INFO: Creating train batches ...
2018-10-29 19:12:06,514:INFO: Number of batches created=100
2018-10-29 19:12:07,949:INFO: Number of batches created=200
2018-10-29 19:12:09,409:INFO: Number of batches created=300
2018-10-29 19:12:10,890:INFO: Number of batches created=400
2018-10-29 19:12:12,361:INFO: Number of batches created=500
2018-10-29 19:12:13,839:INFO: Number of batches created=600
2018-10-29 19:12:15,327:INFO: Number of batches created=700
2018-10-29 19:12:16,803:INFO: Number of batches created=800
2018-10-29 19:12:18,290:INFO: Number of batches created=900
2018-10-29 19:12:19,781:INFO: Number of batches created=1000
2018-10-29 19:12:21,284:INFO: Number of batches created=1100
2018-10-29 19:12:22,773:INFO: Number of batches created=1200
2018-10-29 19:12:24,251:INFO: Number of batches created=1300
2018-10-29 19:12:25,722:INFO: Number of batches created=1400
2018-10-29 19:12:27,205:INFO: Number of batches created=1500
2018-10-29 19:12:27,207:INFO: Creating val batches ...
2018-10-29 19:12:28,698:INFO: Number of batches created=100
2018-10-29 19:12:30,177:INFO: Number of batches created=200
2018-10-29 19:12:31,649:INFO: Number of batches created=300
2018-10-29 19:12:33,117:INFO: Number of batches created=400
2018-10-29 19:12:34,582:INFO: Number of batches created=500
2018-10-29 19:12:34,583:INFO: Creating test batches ...
2018-10-29 19:12:36,083:INFO: Number of batches created=100
2018-10-29 19:12:37,571:INFO: Number of batches created=200
2018-10-29 19:12:39,044:INFO: Number of batches created=300
2018-10-29 19:12:40,559:INFO: Number of batches created=400
2018-10-29 19:12:42,030:INFO: Number of batches created=500
2018-10-29 19:12:42,032:INFO: Number of test_batches=500
2018-10-29 19:12:42,032:INFO: Batch generation time (minutes) =9.029129469394684
2018-10-29 19:12:42,032:INFO: Train and val batch size=64
2018-10-29 19:12:42,032:INFO: Number of train_batches=1500
2018-10-29 19:12:42,032:INFO: Number of val_batches=500
2018-10-29 19:12:47,134:INFO: ------------------------------------------------------------
2018-10-29 19:12:47,134:INFO: Loading the datasets...
2018-10-29 19:12:49,159:INFO: - done loading the datasets
2018-10-29 19:12:49,159:INFO: ------------------------------------------------------------
2018-10-29 19:12:50,849:INFO: Building optimizer...
2018-10-29 19:12:50,849:INFO: Starting training for 40 epoch(s)
2018-10-29 19:12:50,849:INFO: Epoch 1/40
2018-10-29 19:13:32,552:INFO: - Train metrics: accuracy: 0.742 ; loss: 0.599
2018-10-29 19:13:40,253:INFO: - Eval metrics : accuracy: 0.768 ; loss: 0.467
2018-10-29 19:13:40,264:INFO: - Found new best accuracy
2018-10-29 19:13:40,264:INFO: Epoch 2/40
2018-10-29 19:14:19,296:INFO: - Train metrics: accuracy: 0.784 ; loss: 0.463
2018-10-29 19:14:26,965:INFO: - Eval metrics : accuracy: 0.751 ; loss: 0.491
2018-10-29 19:14:27,004:INFO: Epoch 3/40
2018-10-29 19:15:05,397:INFO: - Train metrics: accuracy: 0.784 ; loss: 0.450
2018-10-29 19:15:13,072:INFO: - Eval metrics : accuracy: 0.792 ; loss: 0.432
2018-10-29 19:15:13,102:INFO: - Found new best accuracy
2018-10-29 19:15:13,103:INFO: Epoch 4/40
2018-10-29 19:15:51,699:INFO: - Train metrics: accuracy: 0.811 ; loss: 0.429
2018-10-29 19:15:59,366:INFO: - Eval metrics : accuracy: 0.803 ; loss: 0.413
2018-10-29 19:15:59,404:INFO: - Found new best accuracy
2018-10-29 19:15:59,405:INFO: Epoch 5/40
2018-10-29 19:16:37,122:INFO: - Train metrics: accuracy: 0.814 ; loss: 0.415
2018-10-29 19:16:44,788:INFO: - Eval metrics : accuracy: 0.822 ; loss: 0.388
2018-10-29 19:16:44,823:INFO: - Found new best accuracy
2018-10-29 19:16:44,824:INFO: Epoch 6/40
2018-10-29 19:17:22,976:INFO: - Train metrics: accuracy: 0.854 ; loss: 0.332
2018-10-29 19:17:30,658:INFO: - Eval metrics : accuracy: 0.883 ; loss: 0.277
2018-10-29 19:17:30,699:INFO: - Found new best accuracy
2018-10-29 19:17:30,700:INFO: Epoch 7/40
2018-10-29 19:18:10,112:INFO: - Train metrics: accuracy: 0.906 ; loss: 0.237
2018-10-29 19:18:17,793:INFO: - Eval metrics : accuracy: 0.914 ; loss: 0.208
2018-10-29 19:18:17,828:INFO: - Found new best accuracy
2018-10-29 19:18:17,828:INFO: Epoch 8/40
2018-10-29 19:18:55,272:INFO: - Train metrics: accuracy: 0.896 ; loss: 0.244
2018-10-29 19:19:02,949:INFO: - Eval metrics : accuracy: 0.912 ; loss: 0.214
2018-10-29 19:19:02,986:INFO: Epoch 9/40
2018-10-29 19:19:40,105:INFO: - Train metrics: accuracy: 0.902 ; loss: 0.229
2018-10-29 19:19:47,796:INFO: - Eval metrics : accuracy: 0.921 ; loss: 0.191
2018-10-29 19:19:47,839:INFO: - Found new best accuracy
2018-10-29 19:19:47,841:INFO: Epoch 10/40
2018-10-29 19:20:24,966:INFO: - Train metrics: accuracy: 0.910 ; loss: 0.219
2018-10-29 19:20:32,684:INFO: - Eval metrics : accuracy: 0.923 ; loss: 0.184
2018-10-29 19:20:32,719:INFO: - Found new best accuracy
2018-10-29 19:20:32,720:INFO: Epoch 11/40
2018-10-29 19:21:07,222:INFO: - Train metrics: accuracy: 0.902 ; loss: 0.210
2018-10-29 19:21:15,001:INFO: - Eval metrics : accuracy: 0.918 ; loss: 0.195
2018-10-29 19:21:15,029:INFO: Epoch 12/40
2018-10-29 19:21:51,683:INFO: - Train metrics: accuracy: 0.909 ; loss: 0.196
2018-10-29 19:21:59,446:INFO: - Eval metrics : accuracy: 0.921 ; loss: 0.188
2018-10-29 19:21:59,483:INFO: Epoch 13/40
2018-10-29 19:22:33,392:INFO: - Train metrics: accuracy: 0.915 ; loss: 0.183
2018-10-29 19:22:41,137:INFO: - Eval metrics : accuracy: 0.922 ; loss: 0.186
2018-10-29 19:22:41,176:INFO: Epoch 14/40
2018-10-29 19:23:15,479:INFO: - Train metrics: accuracy: 0.915 ; loss: 0.183
2018-10-29 19:23:23,116:INFO: - Eval metrics : accuracy: 0.921 ; loss: 0.189
2018-10-29 19:23:23,150:INFO: Epoch 15/40
2018-10-29 19:24:01,733:INFO: - Train metrics: accuracy: 0.923 ; loss: 0.176
2018-10-29 19:24:11,029:INFO: - Eval metrics : accuracy: 0.920 ; loss: 0.189
2018-10-29 19:24:11,065:INFO: Epoch 16/40
2018-10-29 19:24:45,555:INFO: - Train metrics: accuracy: 0.919 ; loss: 0.176
2018-10-29 19:24:53,313:INFO: - Eval metrics : accuracy: 0.923 ; loss: 0.184
2018-10-29 19:24:53,351:INFO: Epoch 17/40
2018-10-29 19:25:27,820:INFO: - Train metrics: accuracy: 0.917 ; loss: 0.176
2018-10-29 19:25:35,576:INFO: - Eval metrics : accuracy: 0.926 ; loss: 0.180
2018-10-29 19:25:35,616:INFO: - Found new best accuracy
2018-10-29 19:25:35,617:INFO: Epoch 18/40
2018-10-29 19:26:09,765:INFO: - Train metrics: accuracy: 0.921 ; loss: 0.179
2018-10-29 19:26:17,523:INFO: - Eval metrics : accuracy: 0.930 ; loss: 0.170
2018-10-29 19:26:17,566:INFO: - Found new best accuracy
2018-10-29 19:26:17,566:INFO: Epoch 19/40
2018-10-29 19:26:52,035:INFO: - Train metrics: accuracy: 0.917 ; loss: 0.183
2018-10-29 19:26:59,795:INFO: - Eval metrics : accuracy: 0.931 ; loss: 0.169
2018-10-29 19:26:59,823:INFO: - Found new best accuracy
2018-10-29 19:26:59,823:INFO: Epoch 20/40
2018-10-29 19:27:34,138:INFO: - Train metrics: accuracy: 0.918 ; loss: 0.182
2018-10-29 19:27:41,752:INFO: - Eval metrics : accuracy: 0.932 ; loss: 0.166
2018-10-29 19:27:41,793:INFO: - Found new best accuracy
2018-10-29 19:27:41,794:INFO: Epoch 21/40
2018-10-29 19:28:20,635:INFO: - Train metrics: accuracy: 0.918 ; loss: 0.179
2018-10-29 19:28:29,667:INFO: - Eval metrics : accuracy: 0.932 ; loss: 0.166
2018-10-29 19:28:29,709:INFO: Epoch 22/40
2018-10-29 19:29:07,932:INFO: - Train metrics: accuracy: 0.922 ; loss: 0.178
2018-10-29 19:29:16,899:INFO: - Eval metrics : accuracy: 0.934 ; loss: 0.163
2018-10-29 19:29:16,947:INFO: - Found new best accuracy
2018-10-29 19:29:16,947:INFO: Epoch 23/40
2018-10-29 19:29:56,001:INFO: - Train metrics: accuracy: 0.927 ; loss: 0.175
2018-10-29 19:30:04,951:INFO: - Eval metrics : accuracy: 0.934 ; loss: 0.163
2018-10-29 19:30:05,001:INFO: - Found new best accuracy
2018-10-29 19:30:05,001:INFO: Epoch 24/40
2018-10-29 19:30:44,210:INFO: - Train metrics: accuracy: 0.926 ; loss: 0.173
2018-10-29 19:30:53,165:INFO: - Eval metrics : accuracy: 0.934 ; loss: 0.162
2018-10-29 19:30:53,192:INFO: - Found new best accuracy
2018-10-29 19:30:53,193:INFO: Epoch 25/40
2018-10-29 19:31:28,391:INFO: - Train metrics: accuracy: 0.931 ; loss: 0.168
2018-10-29 19:31:35,944:INFO: - Eval metrics : accuracy: 0.934 ; loss: 0.162
2018-10-29 19:31:35,983:INFO: Epoch 26/40
2018-10-29 19:32:09,985:INFO: - Train metrics: accuracy: 0.935 ; loss: 0.168
2018-10-29 19:32:17,645:INFO: - Eval metrics : accuracy: 0.935 ; loss: 0.161
2018-10-29 19:32:17,711:INFO: - Found new best accuracy
2018-10-29 19:32:17,711:INFO: Epoch 27/40
2018-10-29 19:32:50,906:INFO: - Train metrics: accuracy: 0.932 ; loss: 0.167
2018-10-29 19:32:58,425:INFO: - Eval metrics : accuracy: 0.935 ; loss: 0.161
2018-10-29 19:32:58,469:INFO: - Found new best accuracy
2018-10-29 19:32:58,469:INFO: Epoch 28/40
2018-10-29 19:33:32,118:INFO: - Train metrics: accuracy: 0.932 ; loss: 0.167
2018-10-29 19:33:39,781:INFO: - Eval metrics : accuracy: 0.935 ; loss: 0.161
2018-10-29 19:33:39,827:INFO: Epoch 29/40
2018-10-29 19:34:13,090:INFO: - Train metrics: accuracy: 0.932 ; loss: 0.165
2018-10-29 19:34:20,609:INFO: - Eval metrics : accuracy: 0.934 ; loss: 0.160
2018-10-29 19:34:20,651:INFO: Epoch 30/40
2018-10-29 19:34:54,779:INFO: - Train metrics: accuracy: 0.932 ; loss: 0.165
2018-10-29 19:35:04,392:INFO: - Eval metrics : accuracy: 0.935 ; loss: 0.160
2018-10-29 19:35:04,423:INFO: Epoch 31/40
2018-10-29 19:35:43,830:INFO: - Train metrics: accuracy: 0.934 ; loss: 0.164
2018-10-29 19:35:52,840:INFO: - Eval metrics : accuracy: 0.935 ; loss: 0.160
2018-10-29 19:35:52,878:INFO: - Found new best accuracy
2018-10-29 19:35:52,878:INFO: Epoch 32/40
2018-10-29 19:36:32,889:INFO: - Train metrics: accuracy: 0.932 ; loss: 0.161
2018-10-29 19:36:41,394:INFO: - Eval metrics : accuracy: 0.935 ; loss: 0.160
2018-10-29 19:36:41,432:INFO: Epoch 33/40
2018-10-29 19:37:24,574:INFO: - Train metrics: accuracy: 0.931 ; loss: 0.161
2018-10-29 19:37:32,635:INFO: - Eval metrics : accuracy: 0.936 ; loss: 0.160
2018-10-29 19:37:32,675:INFO: - Found new best accuracy
2018-10-29 19:37:32,676:INFO: Epoch 34/40
2018-10-29 19:38:13,917:INFO: - Train metrics: accuracy: 0.931 ; loss: 0.160
2018-10-29 19:38:21,620:INFO: - Eval metrics : accuracy: 0.936 ; loss: 0.160
2018-10-29 19:38:21,658:INFO: Epoch 35/40
2018-10-29 19:39:03,432:INFO: - Train metrics: accuracy: 0.932 ; loss: 0.159
2018-10-29 19:39:12,482:INFO: - Eval metrics : accuracy: 0.936 ; loss: 0.160
2018-10-29 19:39:12,523:INFO: Epoch 36/40
2018-10-29 19:39:56,646:INFO: - Train metrics: accuracy: 0.934 ; loss: 0.159
2018-10-29 19:40:05,658:INFO: - Eval metrics : accuracy: 0.935 ; loss: 0.159
2018-10-29 19:40:05,698:INFO: Epoch 37/40
2018-10-29 19:40:45,032:INFO: - Train metrics: accuracy: 0.934 ; loss: 0.158
2018-10-29 19:40:53,549:INFO: - Eval metrics : accuracy: 0.935 ; loss: 0.159
2018-10-29 19:40:53,590:INFO: Epoch 38/40
2018-10-29 19:41:34,270:INFO: - Train metrics: accuracy: 0.936 ; loss: 0.157
2018-10-29 19:41:42,599:INFO: - Eval metrics : accuracy: 0.936 ; loss: 0.159
2018-10-29 19:41:42,638:INFO: - Found new best accuracy
2018-10-29 19:41:42,638:INFO: Epoch 39/40
2018-10-29 19:42:22,907:INFO: - Train metrics: accuracy: 0.936 ; loss: 0.156
2018-10-29 19:42:31,533:INFO: - Eval metrics : accuracy: 0.936 ; loss: 0.159
2018-10-29 19:42:31,569:INFO: - Found new best accuracy
2018-10-29 19:42:31,569:INFO: Epoch 40/40
2018-10-29 19:43:09,479:INFO: - Train metrics: accuracy: 0.938 ; loss: 0.156
2018-10-29 19:43:18,873:INFO: - Eval metrics : accuracy: 0.935 ; loss: 0.159
2018-10-29 19:43:18,912:INFO: Total time (minutes) =39.6438104391098
