2018-10-29 15:56:39,519:INFO: search_hyperparam_sample_name=top_qcd_jets_antikt_kt__40000_Njets_128_batch
2018-10-29 15:56:39,519:INFO: ------------------------------------------------------------
2018-10-29 15:56:39,520:INFO: Loading the datasets...
2018-10-29 15:56:40,548:INFO: - done loading the datasets
2018-10-29 15:56:40,548:INFO: ------------------------------------------------------------
2018-10-29 15:56:42,415:INFO: Building optimizer...
2018-10-29 15:56:42,415:INFO: Starting training for 30 epoch(s)
2018-10-29 15:56:42,415:INFO: Epoch 1/30
2018-10-29 15:56:54,848:INFO: - Train metrics: accuracy: 0.690 ; loss: 0.835
2018-10-29 15:56:57,578:INFO: - Eval metrics : accuracy: 0.767 ; loss: 0.470
2018-10-29 15:56:57,597:INFO: - Found new best accuracy
2018-10-29 15:56:57,598:INFO: Epoch 2/30
2018-10-29 15:57:09,950:INFO: - Train metrics: accuracy: 0.799 ; loss: 0.429
2018-10-29 15:57:12,492:INFO: - Eval metrics : accuracy: 0.780 ; loss: 0.448
2018-10-29 15:57:12,533:INFO: - Found new best accuracy
2018-10-29 15:57:12,534:INFO: Epoch 3/30
2018-10-29 15:57:25,443:INFO: - Train metrics: accuracy: 0.802 ; loss: 0.412
2018-10-29 15:57:28,261:INFO: - Eval metrics : accuracy: 0.784 ; loss: 0.443
2018-10-29 15:57:28,307:INFO: - Found new best accuracy
2018-10-29 15:57:28,307:INFO: Epoch 4/30
2018-10-29 15:57:42,153:INFO: - Train metrics: accuracy: 0.805 ; loss: 0.387
2018-10-29 15:57:44,804:INFO: - Eval metrics : accuracy: 0.777 ; loss: 0.449
2018-10-29 15:57:44,847:INFO: Epoch 5/30
2018-10-29 15:57:57,792:INFO: - Train metrics: accuracy: 0.805 ; loss: 0.392
2018-10-29 15:58:00,389:INFO: - Eval metrics : accuracy: 0.793 ; loss: 0.431
2018-10-29 15:58:00,429:INFO: - Found new best accuracy
2018-10-29 15:58:00,429:INFO: Epoch 6/30
2018-10-29 15:58:14,121:INFO: - Train metrics: accuracy: 0.815 ; loss: 0.369
2018-10-29 15:58:16,723:INFO: - Eval metrics : accuracy: 0.797 ; loss: 0.426
2018-10-29 15:58:16,726:INFO: - Found new best accuracy
2018-10-29 15:58:16,726:INFO: Epoch 7/30
2018-10-29 15:58:29,309:INFO: - Train metrics: accuracy: 0.823 ; loss: 0.367
2018-10-29 15:58:32,040:INFO: - Eval metrics : accuracy: 0.799 ; loss: 0.421
2018-10-29 15:58:32,084:INFO: - Found new best accuracy
2018-10-29 15:58:32,085:INFO: Epoch 8/30
2018-10-29 15:58:45,625:INFO: - Train metrics: accuracy: 0.826 ; loss: 0.361
2018-10-29 15:58:48,316:INFO: - Eval metrics : accuracy: 0.799 ; loss: 0.420
2018-10-29 15:58:48,358:INFO: - Found new best accuracy
2018-10-29 15:58:48,359:INFO: Epoch 9/30
2018-10-29 15:59:01,504:INFO: - Train metrics: accuracy: 0.823 ; loss: 0.360
2018-10-29 15:59:04,344:INFO: - Eval metrics : accuracy: 0.802 ; loss: 0.417
2018-10-29 15:59:04,386:INFO: - Found new best accuracy
2018-10-29 15:59:04,386:INFO: Epoch 10/30
2018-10-29 15:59:17,440:INFO: - Train metrics: accuracy: 0.828 ; loss: 0.351
2018-10-29 15:59:20,083:INFO: - Eval metrics : accuracy: 0.804 ; loss: 0.414
2018-10-29 15:59:20,121:INFO: - Found new best accuracy
2018-10-29 15:59:20,122:INFO: Epoch 11/30
2018-10-29 15:59:33,482:INFO: - Train metrics: accuracy: 0.841 ; loss: 0.345
2018-10-29 15:59:36,153:INFO: - Eval metrics : accuracy: 0.804 ; loss: 0.416
2018-10-29 15:59:36,194:INFO: Epoch 12/30
2018-10-29 15:59:49,238:INFO: - Train metrics: accuracy: 0.852 ; loss: 0.338
2018-10-29 15:59:52,022:INFO: - Eval metrics : accuracy: 0.805 ; loss: 0.413
2018-10-29 15:59:52,025:INFO: - Found new best accuracy
2018-10-29 15:59:52,026:INFO: Epoch 13/30
2018-10-29 16:00:04,288:INFO: - Train metrics: accuracy: 0.857 ; loss: 0.334
2018-10-29 16:00:07,067:INFO: - Eval metrics : accuracy: 0.808 ; loss: 0.409
2018-10-29 16:00:07,071:INFO: - Found new best accuracy
2018-10-29 16:00:07,072:INFO: Epoch 14/30
2018-10-29 16:00:18,519:INFO: - Train metrics: accuracy: 0.852 ; loss: 0.332
2018-10-29 16:00:21,180:INFO: - Eval metrics : accuracy: 0.810 ; loss: 0.411
2018-10-29 16:00:21,217:INFO: - Found new best accuracy
2018-10-29 16:00:21,217:INFO: Epoch 15/30
2018-10-29 16:00:33,247:INFO: - Train metrics: accuracy: 0.870 ; loss: 0.324
2018-10-29 16:00:36,028:INFO: - Eval metrics : accuracy: 0.803 ; loss: 0.417
2018-10-29 16:00:36,031:INFO: Epoch 16/30
2018-10-29 16:00:47,555:INFO: - Train metrics: accuracy: 0.865 ; loss: 0.321
2018-10-29 16:00:50,215:INFO: - Eval metrics : accuracy: 0.804 ; loss: 0.414
2018-10-29 16:00:50,257:INFO: Epoch 17/30
2018-10-29 16:01:02,157:INFO: - Train metrics: accuracy: 0.865 ; loss: 0.313
2018-10-29 16:01:04,713:INFO: - Eval metrics : accuracy: 0.804 ; loss: 0.415
2018-10-29 16:01:04,752:INFO: Epoch 18/30
2018-10-29 16:01:16,390:INFO: - Train metrics: accuracy: 0.872 ; loss: 0.308
2018-10-29 16:01:18,807:INFO: - Eval metrics : accuracy: 0.813 ; loss: 0.410
2018-10-29 16:01:18,844:INFO: - Found new best accuracy
2018-10-29 16:01:18,845:INFO: Epoch 19/30
2018-10-29 16:01:31,613:INFO: - Train metrics: accuracy: 0.870 ; loss: 0.309
2018-10-29 16:01:34,246:INFO: - Eval metrics : accuracy: 0.816 ; loss: 0.406
2018-10-29 16:01:34,281:INFO: - Found new best accuracy
2018-10-29 16:01:34,283:INFO: Epoch 20/30
2018-10-29 16:01:47,596:INFO: - Train metrics: accuracy: 0.878 ; loss: 0.304
2018-10-29 16:01:50,124:INFO: - Eval metrics : accuracy: 0.816 ; loss: 0.408
2018-10-29 16:01:50,162:INFO: Epoch 21/30
2018-10-29 16:02:01,671:INFO: - Train metrics: accuracy: 0.878 ; loss: 0.304
2018-10-29 16:02:04,064:INFO: - Eval metrics : accuracy: 0.818 ; loss: 0.409
2018-10-29 16:02:04,068:INFO: - Found new best accuracy
2018-10-29 16:02:04,069:INFO: Epoch 22/30
2018-10-29 16:02:16,892:INFO: - Train metrics: accuracy: 0.875 ; loss: 0.301
2018-10-29 16:02:19,606:INFO: - Eval metrics : accuracy: 0.819 ; loss: 0.410
2018-10-29 16:02:19,645:INFO: - Found new best accuracy
2018-10-29 16:02:19,646:INFO: Epoch 23/30
2018-10-29 16:02:33,729:INFO: - Train metrics: accuracy: 0.875 ; loss: 0.297
2018-10-29 16:02:36,320:INFO: - Eval metrics : accuracy: 0.820 ; loss: 0.405
2018-10-29 16:02:36,359:INFO: - Found new best accuracy
2018-10-29 16:02:36,360:INFO: Epoch 24/30
2018-10-29 16:02:49,174:INFO: - Train metrics: accuracy: 0.883 ; loss: 0.294
2018-10-29 16:02:51,680:INFO: - Eval metrics : accuracy: 0.822 ; loss: 0.399
2018-10-29 16:02:51,717:INFO: - Found new best accuracy
2018-10-29 16:02:51,719:INFO: Epoch 25/30
2018-10-29 16:03:04,485:INFO: - Train metrics: accuracy: 0.888 ; loss: 0.294
2018-10-29 16:03:06,968:INFO: - Eval metrics : accuracy: 0.821 ; loss: 0.397
2018-10-29 16:03:07,007:INFO: Epoch 26/30
2018-10-29 16:03:19,071:INFO: - Train metrics: accuracy: 0.885 ; loss: 0.292
2018-10-29 16:03:21,217:INFO: - Eval metrics : accuracy: 0.824 ; loss: 0.393
2018-10-29 16:03:21,257:INFO: - Found new best accuracy
2018-10-29 16:03:21,258:INFO: Epoch 27/30
2018-10-29 16:03:34,009:INFO: - Train metrics: accuracy: 0.888 ; loss: 0.288
2018-10-29 16:03:36,496:INFO: - Eval metrics : accuracy: 0.826 ; loss: 0.391
2018-10-29 16:03:36,539:INFO: - Found new best accuracy
2018-10-29 16:03:36,540:INFO: Epoch 28/30
2018-10-29 16:03:48,226:INFO: - Train metrics: accuracy: 0.888 ; loss: 0.285
2018-10-29 16:03:50,790:INFO: - Eval metrics : accuracy: 0.829 ; loss: 0.381
2018-10-29 16:03:50,831:INFO: - Found new best accuracy
2018-10-29 16:03:50,832:INFO: Epoch 29/30
2018-10-29 16:04:03,513:INFO: - Train metrics: accuracy: 0.880 ; loss: 0.282
2018-10-29 16:04:05,995:INFO: - Eval metrics : accuracy: 0.833 ; loss: 0.375
2018-10-29 16:04:06,034:INFO: - Found new best accuracy
2018-10-29 16:04:06,034:INFO: Epoch 30/30
2018-10-29 16:04:18,518:INFO: - Train metrics: accuracy: 0.875 ; loss: 0.280
2018-10-29 16:04:21,001:INFO: - Eval metrics : accuracy: 0.837 ; loss: 0.368
2018-10-29 16:04:21,041:INFO: - Found new best accuracy
2018-10-29 16:04:21,041:INFO: Total time (minutes) =7.692034967740377
