2018-10-21 14:48:06,534:INFO: Loading the dataset ...
2018-10-21 14:48:06,872:INFO: - done.
2018-10-21 14:48:10,996:INFO: Starting evaluation
2018-10-21 14:48:21,456:INFO: Labels=[0. 0. 1. 0. 0. 0. 0. 1. 0. 1.]
2018-10-21 14:48:21,456:INFO: Out prob=[5.10229282e-02 3.65511447e-01 6.68059170e-01 8.15154254e-01
 8.28407764e-01 6.87066931e-04 3.33198975e-03 9.01314378e-01
 2.71381974e-01 9.62817073e-01]
2018-10-21 14:48:21,457:INFO: ------------------------------------------------------------------------------------------------------------------------
2018-10-21 14:48:21,457:INFO: len labels after =16000
2018-10-21 14:48:21,457:INFO: len out_prob after16000
2018-10-21 14:48:21,457:INFO: length y_test=16000
2018-10-21 14:48:21,457:INFO: Lenght y_score=16000
2018-10-21 14:48:21,460:INFO: Length y_score 16000
2018-10-21 14:48:21,460:INFO: Length y_test 16000
2018-10-21 14:48:21,460:INFO: Thresholds[0:6] = 
 [0.99985242 0.99943227 0.99933177 0.99909556 0.99897885 0.99891114]
2018-10-21 14:48:21,460:INFO: Thresholds lenght = 
15995
2018-10-21 14:48:21,460:INFO: fpr lenght15995
2018-10-21 14:48:21,460:INFO: tpr lenght15995
2018-10-21 14:48:21,513:INFO: ------------------------------------------------------------------------------------------------------------------------
2018-10-21 14:48:21,517:INFO: roc_auc=0.9195803815559435
2018-10-21 14:48:21,517:INFO: ------------------------------------------------------------------------------------------------------------------------
2018-10-21 14:48:21,518:INFO: - Eval metrics : accuracy: 0.838 ; loss: 0.358
