2018-10-21 14:11:12,346:INFO: sample_name=top_qcd_jets_antikt_kt__40000_Njets_128_batch
2018-10-21 14:11:12,347:INFO: ------------------------------------------------------------
2018-10-21 14:11:12,347:INFO: Loading the datasets...
2018-10-21 14:11:13,672:INFO: - done loading the datasets
2018-10-21 14:11:13,672:INFO: ------------------------------------------------------------
2018-10-21 14:11:17,448:INFO: Building optimizer...
2018-10-21 14:11:17,448:INFO: Starting training for 30 epoch(s)
2018-10-21 14:11:17,448:INFO: Epoch 1/30
2018-10-21 14:12:22,078:INFO: - Train metrics: accuracy: 0.596 ; loss: 0.734
2018-10-21 14:12:32,406:INFO: - Eval metrics : accuracy: 0.537 ; loss: 0.777
2018-10-21 14:12:32,483:INFO: - Found new best accuracy
2018-10-21 14:12:32,484:INFO: Epoch 2/30
2018-10-21 14:13:41,813:INFO: - Train metrics: accuracy: 0.661 ; loss: 0.625
2018-10-21 14:13:51,994:INFO: - Eval metrics : accuracy: 0.767 ; loss: 0.506
2018-10-21 14:13:52,036:INFO: - Found new best accuracy
2018-10-21 14:13:52,037:INFO: Epoch 3/30
2018-10-21 14:14:56,774:INFO: - Train metrics: accuracy: 0.802 ; loss: 0.432
2018-10-21 14:15:06,822:INFO: - Eval metrics : accuracy: 0.794 ; loss: 0.454
2018-10-21 14:15:06,857:INFO: - Found new best accuracy
2018-10-21 14:15:06,858:INFO: Epoch 4/30
2018-10-21 14:16:11,537:INFO: - Train metrics: accuracy: 0.812 ; loss: 0.402
2018-10-21 14:16:20,901:INFO: - Eval metrics : accuracy: 0.803 ; loss: 0.436
2018-10-21 14:16:20,938:INFO: - Found new best accuracy
2018-10-21 14:16:20,939:INFO: Epoch 5/30
2018-10-21 14:17:27,963:INFO: - Train metrics: accuracy: 0.828 ; loss: 0.377
2018-10-21 14:17:37,197:INFO: - Eval metrics : accuracy: 0.800 ; loss: 0.435
2018-10-21 14:17:37,233:INFO: Epoch 6/30
2018-10-21 14:18:41,003:INFO: - Train metrics: accuracy: 0.836 ; loss: 0.370
2018-10-21 14:18:50,496:INFO: - Eval metrics : accuracy: 0.807 ; loss: 0.415
2018-10-21 14:18:50,537:INFO: - Found new best accuracy
2018-10-21 14:18:50,538:INFO: Epoch 7/30
2018-10-21 14:19:53,950:INFO: - Train metrics: accuracy: 0.841 ; loss: 0.362
2018-10-21 14:20:03,502:INFO: - Eval metrics : accuracy: 0.805 ; loss: 0.422
2018-10-21 14:20:03,542:INFO: Epoch 8/30
2018-10-21 14:21:13,620:INFO: - Train metrics: accuracy: 0.857 ; loss: 0.355
2018-10-21 14:21:22,332:INFO: - Eval metrics : accuracy: 0.795 ; loss: 0.425
2018-10-21 14:21:22,369:INFO: Epoch 9/30
2018-10-21 14:22:30,246:INFO: - Train metrics: accuracy: 0.841 ; loss: 0.365
2018-10-21 14:22:39,068:INFO: - Eval metrics : accuracy: 0.789 ; loss: 0.434
2018-10-21 14:22:39,113:INFO: Epoch 10/30
2018-10-21 14:23:45,961:INFO: - Train metrics: accuracy: 0.857 ; loss: 0.360
2018-10-21 14:23:55,284:INFO: - Eval metrics : accuracy: 0.810 ; loss: 0.401
2018-10-21 14:23:55,342:INFO: - Found new best accuracy
2018-10-21 14:23:55,342:INFO: Epoch 11/30
2018-10-21 14:25:00,946:INFO: - Train metrics: accuracy: 0.857 ; loss: 0.344
2018-10-21 14:25:10,902:INFO: - Eval metrics : accuracy: 0.813 ; loss: 0.393
2018-10-21 14:25:10,945:INFO: - Found new best accuracy
2018-10-21 14:25:10,946:INFO: Epoch 12/30
2018-10-21 14:26:15,201:INFO: - Train metrics: accuracy: 0.862 ; loss: 0.336
2018-10-21 14:26:24,763:INFO: - Eval metrics : accuracy: 0.821 ; loss: 0.383
2018-10-21 14:26:24,807:INFO: - Found new best accuracy
2018-10-21 14:26:24,808:INFO: Epoch 13/30
2018-10-21 14:27:31,889:INFO: - Train metrics: accuracy: 0.857 ; loss: 0.333
2018-10-21 14:27:39,496:INFO: - Eval metrics : accuracy: 0.825 ; loss: 0.374
2018-10-21 14:27:39,499:INFO: - Found new best accuracy
2018-10-21 14:27:39,499:INFO: Epoch 14/30
2018-10-21 14:28:47,948:INFO: - Train metrics: accuracy: 0.859 ; loss: 0.329
2018-10-21 14:28:57,433:INFO: - Eval metrics : accuracy: 0.830 ; loss: 0.367
2018-10-21 14:28:57,472:INFO: - Found new best accuracy
2018-10-21 14:28:57,473:INFO: Epoch 15/30
2018-10-21 14:30:07,026:INFO: - Train metrics: accuracy: 0.854 ; loss: 0.325
2018-10-21 14:30:14,645:INFO: - Eval metrics : accuracy: 0.831 ; loss: 0.364
2018-10-21 14:30:14,683:INFO: - Found new best accuracy
2018-10-21 14:30:14,684:INFO: Epoch 16/30
2018-10-21 14:31:19,402:INFO: - Train metrics: accuracy: 0.846 ; loss: 0.322
2018-10-21 14:31:27,354:INFO: - Eval metrics : accuracy: 0.830 ; loss: 0.370
2018-10-21 14:31:27,388:INFO: Epoch 17/30
2018-10-21 14:32:31,944:INFO: - Train metrics: accuracy: 0.852 ; loss: 0.319
2018-10-21 14:32:39,491:INFO: - Eval metrics : accuracy: 0.831 ; loss: 0.365
2018-10-21 14:32:39,536:INFO: - Found new best accuracy
2018-10-21 14:32:39,536:INFO: Epoch 18/30
2018-10-21 14:33:43,269:INFO: - Train metrics: accuracy: 0.857 ; loss: 0.314
2018-10-21 14:33:50,871:INFO: - Eval metrics : accuracy: 0.832 ; loss: 0.363
2018-10-21 14:33:50,900:INFO: - Found new best accuracy
2018-10-21 14:33:50,901:INFO: Epoch 19/30
2018-10-21 14:34:54,402:INFO: - Train metrics: accuracy: 0.859 ; loss: 0.309
2018-10-21 14:35:01,975:INFO: - Eval metrics : accuracy: 0.834 ; loss: 0.361
2018-10-21 14:35:02,015:INFO: - Found new best accuracy
2018-10-21 14:35:02,016:INFO: Epoch 20/30
2018-10-21 14:36:05,003:INFO: - Train metrics: accuracy: 0.862 ; loss: 0.306
2018-10-21 14:36:12,558:INFO: - Eval metrics : accuracy: 0.834 ; loss: 0.360
2018-10-21 14:36:12,596:INFO: Epoch 21/30
2018-10-21 14:37:15,981:INFO: - Train metrics: accuracy: 0.857 ; loss: 0.303
2018-10-21 14:37:23,527:INFO: - Eval metrics : accuracy: 0.834 ; loss: 0.359
2018-10-21 14:37:23,578:INFO: - Found new best accuracy
2018-10-21 14:37:23,578:INFO: Epoch 22/30
2018-10-21 14:38:27,141:INFO: - Train metrics: accuracy: 0.859 ; loss: 0.303
2018-10-21 14:38:34,656:INFO: - Eval metrics : accuracy: 0.834 ; loss: 0.359
2018-10-21 14:38:34,692:INFO: - Found new best accuracy
2018-10-21 14:38:34,693:INFO: Epoch 23/30
2018-10-21 14:39:37,978:INFO: - Train metrics: accuracy: 0.854 ; loss: 0.302
2018-10-21 14:39:45,527:INFO: - Eval metrics : accuracy: 0.833 ; loss: 0.363
2018-10-21 14:39:45,565:INFO: Epoch 24/30
2018-10-21 14:40:48,732:INFO: - Train metrics: accuracy: 0.862 ; loss: 0.301
2018-10-21 14:40:56,281:INFO: - Eval metrics : accuracy: 0.832 ; loss: 0.362
2018-10-21 14:40:56,321:INFO: Epoch 25/30
2018-10-21 14:42:00,488:INFO: - Train metrics: accuracy: 0.857 ; loss: 0.302
2018-10-21 14:42:08,039:INFO: - Eval metrics : accuracy: 0.832 ; loss: 0.361
2018-10-21 14:42:08,078:INFO: Epoch 26/30
2018-10-21 14:43:11,219:INFO: - Train metrics: accuracy: 0.852 ; loss: 0.300
2018-10-21 14:43:18,757:INFO: - Eval metrics : accuracy: 0.833 ; loss: 0.360
2018-10-21 14:43:18,801:INFO: Epoch 27/30
2018-10-21 14:44:22,238:INFO: - Train metrics: accuracy: 0.852 ; loss: 0.300
2018-10-21 14:44:29,754:INFO: - Eval metrics : accuracy: 0.833 ; loss: 0.360
2018-10-21 14:44:29,790:INFO: Epoch 28/30
2018-10-21 14:45:32,889:INFO: - Train metrics: accuracy: 0.849 ; loss: 0.300
2018-10-21 14:45:40,455:INFO: - Eval metrics : accuracy: 0.834 ; loss: 0.358
2018-10-21 14:45:40,497:INFO: - Found new best accuracy
2018-10-21 14:45:40,498:INFO: Epoch 29/30
2018-10-21 14:46:43,949:INFO: - Train metrics: accuracy: 0.849 ; loss: 0.300
2018-10-21 14:46:51,500:INFO: - Eval metrics : accuracy: 0.835 ; loss: 0.356
2018-10-21 14:46:51,537:INFO: - Found new best accuracy
2018-10-21 14:46:51,538:INFO: Epoch 30/30
2018-10-21 14:47:56,995:INFO: - Train metrics: accuracy: 0.854 ; loss: 0.299
2018-10-21 14:48:04,579:INFO: - Eval metrics : accuracy: 0.837 ; loss: 0.355
2018-10-21 14:48:04,617:INFO: - Found new best accuracy
2018-10-21 14:48:04,618:INFO: Total time (minutes) =36.871189125378926
