2018-10-29 17:50:52,278:INFO: Loading the dataset ...
2018-10-29 17:50:52,606:INFO: - done.
2018-10-29 17:50:54,327:INFO: Starting evaluation
2018-10-29 17:50:55,311:INFO: Labels=[0. 0. 1. 0. 0. 0. 0. 1. 0. 1.]
2018-10-29 17:50:55,311:INFO: Out prob=[7.05642060e-06 8.22894275e-01 9.25102055e-01 8.38483989e-01
 5.55490971e-01 2.97470564e-07 1.98678877e-02 7.50322700e-01
 6.03267550e-01 9.47095454e-01]
2018-10-29 17:50:55,311:INFO: ------------------------------------------------------------------------------------------------------------------------
2018-10-29 17:50:55,311:INFO: len labels after =15872
2018-10-29 17:50:55,311:INFO: len out_prob after15872
2018-10-29 17:50:55,311:INFO: length y_test=15872
2018-10-29 17:50:55,311:INFO: Lenght y_score=15872
2018-10-29 17:50:55,315:INFO: Length y_score 15872
2018-10-29 17:50:55,315:INFO: Length y_test 15872
2018-10-29 17:50:55,315:INFO: Thresholds[0:6] = 
 [0.95890999 0.95834339 0.95474911 0.95420271 0.95398039 0.95371652]
2018-10-29 17:50:55,315:INFO: Thresholds lenght = 
15865
2018-10-29 17:50:55,315:INFO: fpr lenght15865
2018-10-29 17:50:55,315:INFO: tpr lenght15865
2018-10-29 17:50:55,363:INFO: ------------------------------------------------------------------------------------------------------------------------
2018-10-29 17:50:55,367:INFO: roc_auc=0.8619192323873244
2018-10-29 17:50:55,367:INFO: ------------------------------------------------------------------------------------------------------------------------
2018-10-29 17:50:55,368:INFO: - Eval metrics : accuracy: 0.78157 ; loss: 0.44734
