2018-10-29 16:19:35,741:INFO: Loading the dataset ...
2018-10-29 16:19:35,996:INFO: - done.
2018-10-29 16:19:37,467:INFO: Starting evaluation
2018-10-29 16:19:38,371:INFO: Labels=[0. 0. 1. 0. 0. 0. 0. 1. 0. 1.]
2018-10-29 16:19:38,371:INFO: Out prob=[1.49573330e-04 8.11042547e-01 8.29324543e-01 8.78892422e-01
 5.47243714e-01 3.71514398e-05 1.17200185e-02 7.45287776e-01
 7.45480895e-01 8.93563211e-01]
2018-10-29 16:19:38,371:INFO: ------------------------------------------------------------------------------------------------------------------------
2018-10-29 16:19:38,371:INFO: len labels after =15872
2018-10-29 16:19:38,371:INFO: len out_prob after15872
2018-10-29 16:19:38,371:INFO: length y_test=15872
2018-10-29 16:19:38,371:INFO: Lenght y_score=15872
2018-10-29 16:19:38,375:INFO: Length y_score 15872
2018-10-29 16:19:38,375:INFO: Length y_test 15872
2018-10-29 16:19:38,375:INFO: Thresholds[0:6] = 
 [0.95853919 0.95781225 0.95732719 0.9572944  0.95556772 0.95465183]
2018-10-29 16:19:38,375:INFO: Thresholds lenght = 
15864
2018-10-29 16:19:38,375:INFO: fpr lenght15864
2018-10-29 16:19:38,375:INFO: tpr lenght15864
2018-10-29 16:19:38,421:INFO: ------------------------------------------------------------------------------------------------------------------------
2018-10-29 16:19:38,425:INFO: roc_auc=0.8591277790367293
2018-10-29 16:19:38,425:INFO: ------------------------------------------------------------------------------------------------------------------------
2018-10-29 16:19:38,426:INFO: - Eval metrics : accuracy: 0.77835 ; loss: 0.45328
