2018-10-29 17:05:50,496:INFO: Loading the dataset ...
2018-10-29 17:05:50,854:INFO: - done.
2018-10-29 17:05:52,669:INFO: Starting evaluation
2018-10-29 17:05:57,105:INFO: Labels=[0. 0. 1. 0. 0. 0. 0. 1. 0. 1.]
2018-10-29 17:05:57,106:INFO: Out prob=[1.20840355e-06 8.92340004e-01 8.69103432e-01 4.17161822e-01
 5.60447454e-01 5.48409673e-08 8.17666703e-04 6.44302666e-01
 6.88597783e-02 8.81547093e-01]
2018-10-29 17:05:57,106:INFO: ------------------------------------------------------------------------------------------------------------------------
2018-10-29 17:05:57,106:INFO: len labels after =16000
2018-10-29 17:05:57,106:INFO: len out_prob after16000
2018-10-29 17:05:57,106:INFO: length y_test=16000
2018-10-29 17:05:57,106:INFO: Lenght y_score=16000
2018-10-29 17:05:57,109:INFO: Length y_score 16000
2018-10-29 17:05:57,109:INFO: Length y_test 16000
2018-10-29 17:05:57,109:INFO: Thresholds[0:6] = 
 [0.99602425 0.99552131 0.99374145 0.99370086 0.99353266 0.99285781]
2018-10-29 17:05:57,109:INFO: Thresholds lenght = 
15981
2018-10-29 17:05:57,109:INFO: fpr lenght15981
2018-10-29 17:05:57,109:INFO: tpr lenght15981
2018-10-29 17:05:57,200:INFO: ------------------------------------------------------------------------------------------------------------------------
2018-10-29 17:05:57,204:INFO: roc_auc=0.9224060534750947
2018-10-29 17:05:57,204:INFO: ------------------------------------------------------------------------------------------------------------------------
2018-10-29 17:05:57,204:INFO: - Eval metrics : accuracy: 0.84050 ; loss: 0.34668
