2018-10-29 18:21:58,484:INFO: Loading the dataset ...
2018-10-29 18:21:58,724:INFO: - done.
2018-10-29 18:22:00,467:INFO: Starting evaluation
2018-10-29 18:22:01,733:INFO: Labels=[0. 0. 1. 0. 0. 0. 0. 1. 0. 1.]
2018-10-29 18:22:01,734:INFO: Out prob=[8.12022336e-05 8.76373053e-01 9.07691002e-01 8.64862561e-01
 6.60346627e-01 2.12309078e-06 6.28022896e-03 7.63364375e-01
 3.22407842e-01 8.88422132e-01]
2018-10-29 18:22:01,734:INFO: ------------------------------------------------------------------------------------------------------------------------
2018-10-29 18:22:01,734:INFO: len labels after =15872
2018-10-29 18:22:01,734:INFO: len out_prob after15872
2018-10-29 18:22:01,734:INFO: length y_test=15872
2018-10-29 18:22:01,734:INFO: Lenght y_score=15872
2018-10-29 18:22:01,737:INFO: Length y_score 15872
2018-10-29 18:22:01,737:INFO: Length y_test 15872
2018-10-29 18:22:01,738:INFO: Thresholds[0:6] = 
 [0.98748118 0.98128176 0.97732079 0.9769941  0.97669595 0.97645527]
2018-10-29 18:22:01,738:INFO: Thresholds lenght = 
15855
2018-10-29 18:22:01,738:INFO: fpr lenght15855
2018-10-29 18:22:01,738:INFO: tpr lenght15855
2018-10-29 18:22:01,785:INFO: ------------------------------------------------------------------------------------------------------------------------
2018-10-29 18:22:01,789:INFO: roc_auc=0.8733999944998496
2018-10-29 18:22:01,789:INFO: ------------------------------------------------------------------------------------------------------------------------
2018-10-29 18:22:01,789:INFO: - Eval metrics : accuracy: 0.79631 ; loss: 0.43137
