2018-10-29 17:08:45,557:INFO: Loading the dataset ...
2018-10-29 17:08:45,830:INFO: - done.
2018-10-29 17:08:47,551:INFO: Starting evaluation
2018-10-29 17:08:52,386:INFO: Labels=[0. 0. 1. 0. 0. 0. 0. 1. 0. 1.]
2018-10-29 17:08:52,386:INFO: Out prob=[1.47378782e-03 8.66282523e-01 9.96356249e-01 8.07997346e-01
 8.31354082e-01 6.22750207e-08 1.49349917e-05 8.84312034e-01
 3.07864277e-04 9.94360626e-01]
2018-10-29 17:08:52,386:INFO: ------------------------------------------------------------------------------------------------------------------------
2018-10-29 17:08:52,386:INFO: len labels after =16000
2018-10-29 17:08:52,386:INFO: len out_prob after16000
2018-10-29 17:08:52,386:INFO: length y_test=16000
2018-10-29 17:08:52,386:INFO: Lenght y_score=16000
2018-10-29 17:08:52,390:INFO: Length y_score 16000
2018-10-29 17:08:52,390:INFO: Length y_test 16000
2018-10-29 17:08:52,390:INFO: Thresholds[0:6] = 
 [0.99971181 0.99969339 0.99967289 0.999551   0.99952781 0.99948633]
2018-10-29 17:08:52,390:INFO: Thresholds lenght = 
15913
2018-10-29 17:08:52,390:INFO: fpr lenght15913
2018-10-29 17:08:52,390:INFO: tpr lenght15913
2018-10-29 17:08:52,486:INFO: ------------------------------------------------------------------------------------------------------------------------
2018-10-29 17:08:52,490:INFO: roc_auc=0.9752855933638375
2018-10-29 17:08:52,490:INFO: ------------------------------------------------------------------------------------------------------------------------
2018-10-29 17:08:52,490:INFO: - Eval metrics : accuracy: 0.92156 ; loss: 0.19888
