2018-10-29 16:54:12,989:INFO: search_hyperparam_sample_name=top_qcd_jets_antikt_kt__40000_Njets_64_batch
2018-10-29 16:54:12,990:INFO: ------------------------------------------------------------
2018-10-29 16:54:12,990:INFO: Loading the datasets...
2018-10-29 16:54:14,113:INFO: - done loading the datasets
2018-10-29 16:54:14,113:INFO: ------------------------------------------------------------
2018-10-29 16:54:15,885:INFO: Building optimizer...
2018-10-29 16:54:15,886:INFO: Starting training for 35 epoch(s)
2018-10-29 16:54:15,886:INFO: Epoch 1/35
2018-10-29 16:54:38,060:INFO: - Train metrics: accuracy: 0.727 ; loss: 0.762
2018-10-29 16:54:42,826:INFO: - Eval metrics : accuracy: 0.761 ; loss: 0.478
2018-10-29 16:54:42,840:INFO: - Found new best accuracy
2018-10-29 16:54:42,841:INFO: Epoch 2/35
2018-10-29 16:55:03,464:INFO: - Train metrics: accuracy: 0.779 ; loss: 0.472
2018-10-29 16:55:08,022:INFO: - Eval metrics : accuracy: 0.774 ; loss: 0.461
2018-10-29 16:55:08,058:INFO: - Found new best accuracy
2018-10-29 16:55:08,058:INFO: Epoch 3/35
2018-10-29 16:55:29,132:INFO: - Train metrics: accuracy: 0.805 ; loss: 0.434
2018-10-29 16:55:33,846:INFO: - Eval metrics : accuracy: 0.778 ; loss: 0.452
2018-10-29 16:55:33,886:INFO: - Found new best accuracy
2018-10-29 16:55:33,887:INFO: Epoch 4/35
2018-10-29 16:55:55,009:INFO: - Train metrics: accuracy: 0.792 ; loss: 0.432
2018-10-29 16:55:59,865:INFO: - Eval metrics : accuracy: 0.780 ; loss: 0.447
2018-10-29 16:55:59,903:INFO: - Found new best accuracy
2018-10-29 16:55:59,904:INFO: Epoch 5/35
2018-10-29 16:56:17,207:INFO: - Train metrics: accuracy: 0.794 ; loss: 0.418
2018-10-29 16:56:21,857:INFO: - Eval metrics : accuracy: 0.793 ; loss: 0.427
2018-10-29 16:56:21,898:INFO: - Found new best accuracy
2018-10-29 16:56:21,898:INFO: Epoch 6/35
2018-10-29 16:56:42,529:INFO: - Train metrics: accuracy: 0.815 ; loss: 0.401
2018-10-29 16:56:47,287:INFO: - Eval metrics : accuracy: 0.797 ; loss: 0.427
2018-10-29 16:56:47,330:INFO: - Found new best accuracy
2018-10-29 16:56:47,331:INFO: Epoch 7/35
2018-10-29 16:57:08,746:INFO: - Train metrics: accuracy: 0.815 ; loss: 0.385
2018-10-29 16:57:13,176:INFO: - Eval metrics : accuracy: 0.800 ; loss: 0.422
2018-10-29 16:57:13,214:INFO: - Found new best accuracy
2018-10-29 16:57:13,214:INFO: Epoch 8/35
2018-10-29 16:57:34,107:INFO: - Train metrics: accuracy: 0.818 ; loss: 0.376
2018-10-29 16:57:38,840:INFO: - Eval metrics : accuracy: 0.797 ; loss: 0.422
2018-10-29 16:57:38,881:INFO: Epoch 9/35
2018-10-29 16:57:59,822:INFO: - Train metrics: accuracy: 0.826 ; loss: 0.379
2018-10-29 16:58:04,552:INFO: - Eval metrics : accuracy: 0.800 ; loss: 0.419
2018-10-29 16:58:04,554:INFO: - Found new best accuracy
2018-10-29 16:58:04,555:INFO: Epoch 10/35
2018-10-29 16:58:24,085:INFO: - Train metrics: accuracy: 0.823 ; loss: 0.375
2018-10-29 16:58:28,713:INFO: - Eval metrics : accuracy: 0.806 ; loss: 0.409
2018-10-29 16:58:28,745:INFO: - Found new best accuracy
2018-10-29 16:58:28,746:INFO: Epoch 11/35
2018-10-29 16:58:47,179:INFO: - Train metrics: accuracy: 0.831 ; loss: 0.363
2018-10-29 16:58:51,742:INFO: - Eval metrics : accuracy: 0.807 ; loss: 0.407
2018-10-29 16:58:51,781:INFO: - Found new best accuracy
2018-10-29 16:58:51,781:INFO: Epoch 12/35
2018-10-29 16:59:09,740:INFO: - Train metrics: accuracy: 0.831 ; loss: 0.361
2018-10-29 16:59:14,372:INFO: - Eval metrics : accuracy: 0.861 ; loss: 0.315
2018-10-29 16:59:14,410:INFO: - Found new best accuracy
2018-10-29 16:59:14,410:INFO: Epoch 13/35
2018-10-29 16:59:35,275:INFO: - Train metrics: accuracy: 0.872 ; loss: 0.296
2018-10-29 16:59:39,771:INFO: - Eval metrics : accuracy: 0.888 ; loss: 0.264
2018-10-29 16:59:39,774:INFO: - Found new best accuracy
2018-10-29 16:59:39,774:INFO: Epoch 14/35
2018-10-29 16:59:59,774:INFO: - Train metrics: accuracy: 0.924 ; loss: 0.212
2018-10-29 17:00:04,596:INFO: - Eval metrics : accuracy: 0.900 ; loss: 0.242
2018-10-29 17:00:04,599:INFO: - Found new best accuracy
2018-10-29 17:00:04,599:INFO: Epoch 15/35
2018-10-29 17:00:25,146:INFO: - Train metrics: accuracy: 0.930 ; loss: 0.190
2018-10-29 17:00:29,816:INFO: - Eval metrics : accuracy: 0.907 ; loss: 0.227
2018-10-29 17:00:29,819:INFO: - Found new best accuracy
2018-10-29 17:00:29,819:INFO: Epoch 16/35
2018-10-29 17:00:49,173:INFO: - Train metrics: accuracy: 0.922 ; loss: 0.192
2018-10-29 17:00:53,753:INFO: - Eval metrics : accuracy: 0.911 ; loss: 0.218
2018-10-29 17:00:53,795:INFO: - Found new best accuracy
2018-10-29 17:00:53,796:INFO: Epoch 17/35
2018-10-29 17:01:12,675:INFO: - Train metrics: accuracy: 0.917 ; loss: 0.180
2018-10-29 17:01:17,433:INFO: - Eval metrics : accuracy: 0.911 ; loss: 0.220
2018-10-29 17:01:17,475:INFO: - Found new best accuracy
2018-10-29 17:01:17,475:INFO: Epoch 18/35
2018-10-29 17:01:38,157:INFO: - Train metrics: accuracy: 0.911 ; loss: 0.184
2018-10-29 17:01:42,334:INFO: - Eval metrics : accuracy: 0.912 ; loss: 0.213
2018-10-29 17:01:42,365:INFO: - Found new best accuracy
2018-10-29 17:01:42,366:INFO: Epoch 19/35
2018-10-29 17:02:03,325:INFO: - Train metrics: accuracy: 0.914 ; loss: 0.180
2018-10-29 17:02:07,611:INFO: - Eval metrics : accuracy: 0.914 ; loss: 0.211
2018-10-29 17:02:07,650:INFO: - Found new best accuracy
2018-10-29 17:02:07,651:INFO: Epoch 20/35
2018-10-29 17:02:26,943:INFO: - Train metrics: accuracy: 0.914 ; loss: 0.176
2018-10-29 17:02:31,825:INFO: - Eval metrics : accuracy: 0.914 ; loss: 0.210
2018-10-29 17:02:31,868:INFO: Epoch 21/35
2018-10-29 17:02:53,511:INFO: - Train metrics: accuracy: 0.914 ; loss: 0.175
2018-10-29 17:02:58,207:INFO: - Eval metrics : accuracy: 0.914 ; loss: 0.209
2018-10-29 17:02:58,244:INFO: Epoch 22/35
2018-10-29 17:03:18,721:INFO: - Train metrics: accuracy: 0.917 ; loss: 0.173
2018-10-29 17:03:23,518:INFO: - Eval metrics : accuracy: 0.915 ; loss: 0.209
2018-10-29 17:03:23,555:INFO: - Found new best accuracy
2018-10-29 17:03:23,556:INFO: Epoch 23/35
2018-10-29 17:03:44,755:INFO: - Train metrics: accuracy: 0.914 ; loss: 0.170
2018-10-29 17:03:49,547:INFO: - Eval metrics : accuracy: 0.915 ; loss: 0.207
2018-10-29 17:03:49,620:INFO: - Found new best accuracy
2018-10-29 17:03:49,620:INFO: Epoch 24/35
2018-10-29 17:04:09,133:INFO: - Train metrics: accuracy: 0.917 ; loss: 0.172
2018-10-29 17:04:13,902:INFO: - Eval metrics : accuracy: 0.916 ; loss: 0.205
2018-10-29 17:04:13,940:INFO: - Found new best accuracy
2018-10-29 17:04:13,941:INFO: Epoch 25/35
2018-10-29 17:04:32,760:INFO: - Train metrics: accuracy: 0.917 ; loss: 0.173
2018-10-29 17:04:37,407:INFO: - Eval metrics : accuracy: 0.917 ; loss: 0.202
2018-10-29 17:04:37,448:INFO: - Found new best accuracy
2018-10-29 17:04:37,449:INFO: Epoch 26/35
2018-10-29 17:04:57,066:INFO: - Train metrics: accuracy: 0.917 ; loss: 0.171
2018-10-29 17:05:01,713:INFO: - Eval metrics : accuracy: 0.917 ; loss: 0.201
2018-10-29 17:05:01,751:INFO: - Found new best accuracy
2018-10-29 17:05:01,751:INFO: Epoch 27/35
2018-10-29 17:05:22,029:INFO: - Train metrics: accuracy: 0.922 ; loss: 0.160
2018-10-29 17:05:26,770:INFO: - Eval metrics : accuracy: 0.918 ; loss: 0.200
2018-10-29 17:05:26,804:INFO: - Found new best accuracy
2018-10-29 17:05:26,805:INFO: Epoch 28/35
2018-10-29 17:05:46,768:INFO: - Train metrics: accuracy: 0.927 ; loss: 0.156
2018-10-29 17:05:51,478:INFO: - Eval metrics : accuracy: 0.919 ; loss: 0.198
2018-10-29 17:05:51,514:INFO: - Found new best accuracy
2018-10-29 17:05:51,514:INFO: Epoch 29/35
2018-10-29 17:06:12,342:INFO: - Train metrics: accuracy: 0.924 ; loss: 0.153
2018-10-29 17:06:17,005:INFO: - Eval metrics : accuracy: 0.919 ; loss: 0.197
2018-10-29 17:06:17,040:INFO: - Found new best accuracy
2018-10-29 17:06:17,040:INFO: Epoch 30/35
2018-10-29 17:06:37,009:INFO: - Train metrics: accuracy: 0.930 ; loss: 0.153
2018-10-29 17:06:41,273:INFO: - Eval metrics : accuracy: 0.920 ; loss: 0.197
2018-10-29 17:06:41,317:INFO: - Found new best accuracy
2018-10-29 17:06:41,317:INFO: Epoch 31/35
2018-10-29 17:07:01,350:INFO: - Train metrics: accuracy: 0.935 ; loss: 0.149
2018-10-29 17:07:06,036:INFO: - Eval metrics : accuracy: 0.921 ; loss: 0.196
2018-10-29 17:07:06,066:INFO: - Found new best accuracy
2018-10-29 17:07:06,067:INFO: Epoch 32/35
2018-10-29 17:07:25,425:INFO: - Train metrics: accuracy: 0.935 ; loss: 0.151
2018-10-29 17:07:30,070:INFO: - Eval metrics : accuracy: 0.921 ; loss: 0.196
2018-10-29 17:07:30,112:INFO: - Found new best accuracy
2018-10-29 17:07:30,113:INFO: Epoch 33/35
2018-10-29 17:07:50,032:INFO: - Train metrics: accuracy: 0.932 ; loss: 0.150
2018-10-29 17:07:54,548:INFO: - Eval metrics : accuracy: 0.921 ; loss: 0.195
2018-10-29 17:07:54,585:INFO: - Found new best accuracy
2018-10-29 17:07:54,586:INFO: Epoch 34/35
2018-10-29 17:08:14,122:INFO: - Train metrics: accuracy: 0.938 ; loss: 0.148
2018-10-29 17:08:18,665:INFO: - Eval metrics : accuracy: 0.921 ; loss: 0.195
2018-10-29 17:08:18,704:INFO: - Found new best accuracy
2018-10-29 17:08:18,704:INFO: Epoch 35/35
2018-10-29 17:08:39,151:INFO: - Train metrics: accuracy: 0.935 ; loss: 0.148
2018-10-29 17:08:43,726:INFO: - Eval metrics : accuracy: 0.921 ; loss: 0.195
2018-10-29 17:08:43,758:INFO: Total time (minutes) =14.51281344095866
