2018-10-29 17:35:50,381:INFO: Loading the dataset ...
2018-10-29 17:35:50,716:INFO: - done.
2018-10-29 17:35:52,377:INFO: Starting evaluation
2018-10-29 17:35:54,890:INFO: Labels=[0. 0. 1. 0. 0. 0. 0. 1. 0. 1.]
2018-10-29 17:35:54,891:INFO: Out prob=[2.12891187e-04 7.20113337e-01 9.54528213e-01 4.54088032e-01
 4.62619245e-01 8.66777654e-08 8.67849961e-03 5.92493057e-01
 8.41336790e-03 9.28580523e-01]
2018-10-29 17:35:54,891:INFO: ------------------------------------------------------------------------------------------------------------------------
2018-10-29 17:35:54,891:INFO: len labels after =16000
2018-10-29 17:35:54,891:INFO: len out_prob after16000
2018-10-29 17:35:54,891:INFO: length y_test=16000
2018-10-29 17:35:54,891:INFO: Lenght y_score=16000
2018-10-29 17:35:54,894:INFO: Length y_score 16000
2018-10-29 17:35:54,894:INFO: Length y_test 16000
2018-10-29 17:35:54,894:INFO: Thresholds[0:6] = 
 [0.99147272 0.98851192 0.98818457 0.98669434 0.98639548 0.98628753]
2018-10-29 17:35:54,894:INFO: Thresholds lenght = 
15995
2018-10-29 17:35:54,894:INFO: fpr lenght15995
2018-10-29 17:35:54,895:INFO: tpr lenght15995
2018-10-29 17:35:54,943:INFO: ------------------------------------------------------------------------------------------------------------------------
2018-10-29 17:35:54,947:INFO: roc_auc=0.9233542331774099
2018-10-29 17:35:54,947:INFO: ------------------------------------------------------------------------------------------------------------------------
2018-10-29 17:35:54,948:INFO: - Eval metrics : accuracy: 0.84337 ; loss: 0.34555
