2018-10-29 15:50:23,675:INFO: search_hyperparam_sample_name=top_qcd_jets_antikt_kt__40000_Njets_128_batch
2018-10-29 15:50:23,676:INFO: ------------------------------------------------------------
2018-10-29 15:50:23,676:INFO: Loading the datasets...
2018-10-29 15:50:24,703:INFO: - done loading the datasets
2018-10-29 15:50:24,703:INFO: ------------------------------------------------------------
2018-10-29 15:50:26,205:INFO: Building optimizer...
2018-10-29 15:50:26,206:INFO: Starting training for 30 epoch(s)
2018-10-29 15:50:26,206:INFO: Epoch 1/30
2018-10-29 15:50:35,937:INFO: - Train metrics: accuracy: 0.737 ; loss: 0.973
2018-10-29 15:50:38,044:INFO: - Eval metrics : accuracy: 0.757 ; loss: 0.484
2018-10-29 15:50:38,052:INFO: - Found new best accuracy
2018-10-29 15:50:38,053:INFO: Epoch 2/30
2018-10-29 15:50:47,605:INFO: - Train metrics: accuracy: 0.802 ; loss: 0.427
2018-10-29 15:50:49,712:INFO: - Eval metrics : accuracy: 0.766 ; loss: 0.463
2018-10-29 15:50:49,752:INFO: - Found new best accuracy
2018-10-29 15:50:49,753:INFO: Epoch 3/30
2018-10-29 15:50:59,289:INFO: - Train metrics: accuracy: 0.799 ; loss: 0.430
2018-10-29 15:51:01,390:INFO: - Eval metrics : accuracy: 0.778 ; loss: 0.464
2018-10-29 15:51:01,424:INFO: - Found new best accuracy
2018-10-29 15:51:01,424:INFO: Epoch 4/30
2018-10-29 15:51:11,533:INFO: - Train metrics: accuracy: 0.805 ; loss: 0.418
2018-10-29 15:51:13,615:INFO: - Eval metrics : accuracy: 0.775 ; loss: 0.455
2018-10-29 15:51:13,649:INFO: Epoch 5/30
2018-10-29 15:51:22,873:INFO: - Train metrics: accuracy: 0.805 ; loss: 0.397
2018-10-29 15:51:24,929:INFO: - Eval metrics : accuracy: 0.782 ; loss: 0.447
2018-10-29 15:51:24,964:INFO: - Found new best accuracy
2018-10-29 15:51:24,964:INFO: Epoch 6/30
2018-10-29 15:51:34,975:INFO: - Train metrics: accuracy: 0.815 ; loss: 0.407
2018-10-29 15:51:37,006:INFO: - Eval metrics : accuracy: 0.794 ; loss: 0.431
2018-10-29 15:51:37,043:INFO: - Found new best accuracy
2018-10-29 15:51:37,044:INFO: Epoch 7/30
2018-10-29 15:51:48,310:INFO: - Train metrics: accuracy: 0.812 ; loss: 0.411
2018-10-29 15:51:50,471:INFO: - Eval metrics : accuracy: 0.793 ; loss: 0.432
2018-10-29 15:51:50,506:INFO: Epoch 8/30
2018-10-29 15:52:00,270:INFO: - Train metrics: accuracy: 0.815 ; loss: 0.411
2018-10-29 15:52:02,522:INFO: - Eval metrics : accuracy: 0.800 ; loss: 0.421
2018-10-29 15:52:02,557:INFO: - Found new best accuracy
2018-10-29 15:52:02,557:INFO: Epoch 9/30
2018-10-29 15:52:12,305:INFO: - Train metrics: accuracy: 0.815 ; loss: 0.391
2018-10-29 15:52:14,413:INFO: - Eval metrics : accuracy: 0.811 ; loss: 0.401
2018-10-29 15:52:14,415:INFO: - Found new best accuracy
2018-10-29 15:52:14,416:INFO: Epoch 10/30
2018-10-29 15:52:24,321:INFO: - Train metrics: accuracy: 0.820 ; loss: 0.384
2018-10-29 15:52:26,475:INFO: - Eval metrics : accuracy: 0.816 ; loss: 0.393
2018-10-29 15:52:26,509:INFO: - Found new best accuracy
2018-10-29 15:52:26,510:INFO: Epoch 11/30
2018-10-29 15:52:35,987:INFO: - Train metrics: accuracy: 0.833 ; loss: 0.364
2018-10-29 15:52:38,086:INFO: - Eval metrics : accuracy: 0.843 ; loss: 0.350
2018-10-29 15:52:38,118:INFO: - Found new best accuracy
2018-10-29 15:52:38,119:INFO: Epoch 12/30
2018-10-29 15:52:47,420:INFO: - Train metrics: accuracy: 0.849 ; loss: 0.315
2018-10-29 15:52:49,523:INFO: - Eval metrics : accuracy: 0.861 ; loss: 0.316
2018-10-29 15:52:49,525:INFO: - Found new best accuracy
2018-10-29 15:52:49,525:INFO: Epoch 13/30
2018-10-29 15:52:59,241:INFO: - Train metrics: accuracy: 0.875 ; loss: 0.292
2018-10-29 15:53:01,395:INFO: - Eval metrics : accuracy: 0.879 ; loss: 0.283
2018-10-29 15:53:01,433:INFO: - Found new best accuracy
2018-10-29 15:53:01,434:INFO: Epoch 14/30
2018-10-29 15:53:11,047:INFO: - Train metrics: accuracy: 0.904 ; loss: 0.256
2018-10-29 15:53:13,151:INFO: - Eval metrics : accuracy: 0.889 ; loss: 0.259
2018-10-29 15:53:13,188:INFO: - Found new best accuracy
2018-10-29 15:53:13,189:INFO: Epoch 15/30
2018-10-29 15:53:22,608:INFO: - Train metrics: accuracy: 0.891 ; loss: 0.239
2018-10-29 15:53:24,713:INFO: - Eval metrics : accuracy: 0.902 ; loss: 0.237
2018-10-29 15:53:24,715:INFO: - Found new best accuracy
2018-10-29 15:53:24,716:INFO: Epoch 16/30
2018-10-29 15:53:34,504:INFO: - Train metrics: accuracy: 0.911 ; loss: 0.215
2018-10-29 15:53:36,656:INFO: - Eval metrics : accuracy: 0.902 ; loss: 0.236
2018-10-29 15:53:36,695:INFO: - Found new best accuracy
2018-10-29 15:53:36,696:INFO: Epoch 17/30
2018-10-29 15:53:46,312:INFO: - Train metrics: accuracy: 0.919 ; loss: 0.203
2018-10-29 15:53:48,420:INFO: - Eval metrics : accuracy: 0.906 ; loss: 0.229
2018-10-29 15:53:48,459:INFO: - Found new best accuracy
2018-10-29 15:53:48,459:INFO: Epoch 18/30
2018-10-29 15:53:57,895:INFO: - Train metrics: accuracy: 0.924 ; loss: 0.199
2018-10-29 15:53:59,999:INFO: - Eval metrics : accuracy: 0.904 ; loss: 0.233
2018-10-29 15:54:00,001:INFO: Epoch 19/30
2018-10-29 15:54:09,939:INFO: - Train metrics: accuracy: 0.919 ; loss: 0.193
2018-10-29 15:54:12,213:INFO: - Eval metrics : accuracy: 0.910 ; loss: 0.223
2018-10-29 15:54:12,252:INFO: - Found new best accuracy
2018-10-29 15:54:12,252:INFO: Epoch 20/30
2018-10-29 15:54:22,299:INFO: - Train metrics: accuracy: 0.922 ; loss: 0.190
2018-10-29 15:54:24,440:INFO: - Eval metrics : accuracy: 0.910 ; loss: 0.219
2018-10-29 15:54:24,478:INFO: - Found new best accuracy
2018-10-29 15:54:24,478:INFO: Epoch 21/30
2018-10-29 15:54:34,213:INFO: - Train metrics: accuracy: 0.924 ; loss: 0.184
2018-10-29 15:54:36,369:INFO: - Eval metrics : accuracy: 0.911 ; loss: 0.218
2018-10-29 15:54:36,412:INFO: - Found new best accuracy
2018-10-29 15:54:36,412:INFO: Epoch 22/30
2018-10-29 15:54:46,216:INFO: - Train metrics: accuracy: 0.927 ; loss: 0.176
2018-10-29 15:54:48,327:INFO: - Eval metrics : accuracy: 0.912 ; loss: 0.214
2018-10-29 15:54:48,363:INFO: - Found new best accuracy
2018-10-29 15:54:48,364:INFO: Epoch 23/30
2018-10-29 15:54:58,448:INFO: - Train metrics: accuracy: 0.919 ; loss: 0.178
2018-10-29 15:55:00,736:INFO: - Eval metrics : accuracy: 0.913 ; loss: 0.211
2018-10-29 15:55:00,764:INFO: - Found new best accuracy
2018-10-29 15:55:00,765:INFO: Epoch 24/30
2018-10-29 15:55:11,742:INFO: - Train metrics: accuracy: 0.924 ; loss: 0.177
2018-10-29 15:55:13,864:INFO: - Eval metrics : accuracy: 0.915 ; loss: 0.210
2018-10-29 15:55:13,906:INFO: - Found new best accuracy
2018-10-29 15:55:13,906:INFO: Epoch 25/30
2018-10-29 15:55:23,318:INFO: - Train metrics: accuracy: 0.924 ; loss: 0.173
2018-10-29 15:55:25,434:INFO: - Eval metrics : accuracy: 0.915 ; loss: 0.208
2018-10-29 15:55:25,469:INFO: - Found new best accuracy
2018-10-29 15:55:25,470:INFO: Epoch 26/30
2018-10-29 15:55:34,885:INFO: - Train metrics: accuracy: 0.927 ; loss: 0.172
2018-10-29 15:55:36,994:INFO: - Eval metrics : accuracy: 0.915 ; loss: 0.207
2018-10-29 15:55:37,038:INFO: - Found new best accuracy
2018-10-29 15:55:37,038:INFO: Epoch 27/30
2018-10-29 15:55:47,375:INFO: - Train metrics: accuracy: 0.930 ; loss: 0.170
2018-10-29 15:55:49,583:INFO: - Eval metrics : accuracy: 0.916 ; loss: 0.206
2018-10-29 15:55:49,609:INFO: - Found new best accuracy
2018-10-29 15:55:49,609:INFO: Epoch 28/30
2018-10-29 15:56:01,512:INFO: - Train metrics: accuracy: 0.924 ; loss: 0.170
2018-10-29 15:56:03,763:INFO: - Eval metrics : accuracy: 0.916 ; loss: 0.206
2018-10-29 15:56:03,800:INFO: Epoch 29/30
2018-10-29 15:56:15,357:INFO: - Train metrics: accuracy: 0.927 ; loss: 0.172
2018-10-29 15:56:17,492:INFO: - Eval metrics : accuracy: 0.916 ; loss: 0.206
2018-10-29 15:56:17,533:INFO: - Found new best accuracy
2018-10-29 15:56:17,534:INFO: Epoch 30/30
2018-10-29 15:56:28,837:INFO: - Train metrics: accuracy: 0.924 ; loss: 0.173
2018-10-29 15:56:31,042:INFO: - Eval metrics : accuracy: 0.916 ; loss: 0.206
2018-10-29 15:56:31,063:INFO: Total time (minutes) =6.123121043046315
