2018-10-29 19:43:22,952:INFO: Loading the dataset ...
2018-10-29 19:43:23,711:INFO: - done.
2018-10-29 19:43:25,468:INFO: Starting evaluation
2018-10-29 19:43:34,229:INFO: Labels=[1. 0. 0. 0. 1. 0. 0. 1. 1. 0.]
2018-10-29 19:43:34,230:INFO: Out prob=[9.96814549e-01 7.70973265e-02 6.20098829e-01 7.87701225e-04
 9.09608245e-01 9.45085049e-01 6.26643029e-19 9.97515559e-01
 9.98086691e-01 5.28880395e-03]
2018-10-29 19:43:34,230:INFO: ------------------------------------------------------------------------------------------------------------------------
2018-10-29 19:43:34,230:INFO: len labels after =32000
2018-10-29 19:43:34,230:INFO: len out_prob after32000
2018-10-29 19:43:34,230:INFO: length y_test=32000
2018-10-29 19:43:34,230:INFO: Lenght y_score=32000
2018-10-29 19:43:34,237:INFO: Length y_score 32000
2018-10-29 19:43:34,237:INFO: Length y_test 32000
2018-10-29 19:43:34,237:INFO: Thresholds[0:6] = 
 [0.99978501 0.99976498 0.99975914 0.9997564  0.99974567 0.99973351]
2018-10-29 19:43:34,237:INFO: Thresholds lenght = 
31646
2018-10-29 19:43:34,237:INFO: fpr lenght31646
2018-10-29 19:43:34,237:INFO: tpr lenght31646
2018-10-29 19:43:34,346:INFO: ------------------------------------------------------------------------------------------------------------------------
2018-10-29 19:43:34,353:INFO: roc_auc=0.9829432304021218
2018-10-29 19:43:34,353:INFO: ------------------------------------------------------------------------------------------------------------------------
2018-10-29 19:43:34,354:INFO: - Eval metrics : accuracy: 0.93466 ; loss: 0.16370
