2018-10-29 18:37:33,611:INFO: Loading the dataset ...
2018-10-29 18:37:33,852:INFO: - done.
2018-10-29 18:37:35,627:INFO: Starting evaluation
2018-10-29 18:37:36,741:INFO: Labels=[0. 0. 1. 0. 0. 0. 0. 1. 0. 1.]
2018-10-29 18:37:36,741:INFO: Out prob=[2.79245287e-04 8.93698692e-01 9.18482363e-01 7.82303274e-01
 5.99216819e-01 2.67388089e-07 9.46781132e-04 6.93908215e-01
 1.03961028e-01 9.43096995e-01]
2018-10-29 18:37:36,742:INFO: ------------------------------------------------------------------------------------------------------------------------
2018-10-29 18:37:36,742:INFO: len labels after =15872
2018-10-29 18:37:36,742:INFO: len out_prob after15872
2018-10-29 18:37:36,742:INFO: length y_test=15872
2018-10-29 18:37:36,742:INFO: Lenght y_score=15872
2018-10-29 18:37:36,745:INFO: Length y_score 15872
2018-10-29 18:37:36,745:INFO: Length y_test 15872
2018-10-29 18:37:36,745:INFO: Thresholds[0:6] = 
 [0.99028963 0.98915601 0.98825282 0.98709607 0.98703986 0.986871  ]
2018-10-29 18:37:36,745:INFO: Thresholds lenght = 
15867
2018-10-29 18:37:36,745:INFO: fpr lenght15867
2018-10-29 18:37:36,745:INFO: tpr lenght15867
2018-10-29 18:37:36,791:INFO: ------------------------------------------------------------------------------------------------------------------------
2018-10-29 18:37:36,795:INFO: roc_auc=0.885504826794802
2018-10-29 18:37:36,795:INFO: ------------------------------------------------------------------------------------------------------------------------
2018-10-29 18:37:36,795:INFO: - Eval metrics : accuracy: 0.80488 ; loss: 0.41339
