2018-10-21 21:56:38,741:INFO: Loading the dataset ...
2018-10-21 21:56:39,091:INFO: - done.
2018-10-21 21:56:43,259:INFO: Starting evaluation
2018-10-21 21:56:44,923:INFO: Labels=[0. 0. 1. 0. 0. 0. 0. 1. 0. 1.]
2018-10-21 21:56:44,923:INFO: Out prob=[0.1869241  0.31827152 0.42239246 0.69284761 0.69910634 0.00260034
 0.02860622 0.89172244 0.42966732 0.93019372]
2018-10-21 21:56:44,923:INFO: ------------------------------------------------------------------------------------------------------------------------
2018-10-21 21:56:44,923:INFO: len labels after =15360
2018-10-21 21:56:44,923:INFO: len out_prob after15360
2018-10-21 21:56:44,923:INFO: length y_test=15360
2018-10-21 21:56:44,923:INFO: Lenght y_score=15360
2018-10-21 21:56:44,926:INFO: Length y_score 15360
2018-10-21 21:56:44,926:INFO: Length y_test 15360
2018-10-21 21:56:44,927:INFO: Thresholds[0:6] = 
 [1.         0.99999988 0.99999964 0.99999928 0.99999857 0.99999762]
2018-10-21 21:56:44,927:INFO: Thresholds lenght = 
15346
2018-10-21 21:56:44,927:INFO: fpr lenght15346
2018-10-21 21:56:44,927:INFO: tpr lenght15346
2018-10-21 21:56:44,972:INFO: ------------------------------------------------------------------------------------------------------------------------
2018-10-21 21:56:44,976:INFO: roc_auc=0.8881172076435888
2018-10-21 21:56:44,976:INFO: ------------------------------------------------------------------------------------------------------------------------
2018-10-21 21:56:44,976:INFO: - Eval metrics : accuracy: 0.808 ; loss: 0.414
