2018-10-21 21:50:16,076:INFO: sample_name=top_qcd_jets_antikt_kt__40000_Njets_1024_batch
2018-10-21 21:50:16,077:INFO: ------------------------------------------------------------
2018-10-21 21:50:16,077:INFO: Loading the datasets...
2018-10-21 21:50:17,229:INFO: - done loading the datasets
2018-10-21 21:50:17,229:INFO: ------------------------------------------------------------
2018-10-21 21:50:21,286:INFO: Building optimizer...
2018-10-21 21:50:21,286:INFO: Starting training for 30 epoch(s)
2018-10-21 21:50:21,286:INFO: Epoch 1/30
2018-10-21 21:50:31,376:INFO: - Train metrics: accuracy: 0.519 ; loss: 0.898
2018-10-21 21:50:33,147:INFO: - Eval metrics : accuracy: 0.518 ; loss: 0.692
2018-10-21 21:50:33,202:INFO: - Found new best accuracy
2018-10-21 21:50:33,202:INFO: Epoch 2/30
2018-10-21 21:50:44,333:INFO: - Train metrics: accuracy: 0.504 ; loss: 0.694
2018-10-21 21:50:46,095:INFO: - Eval metrics : accuracy: 0.627 ; loss: 0.664
2018-10-21 21:50:46,134:INFO: - Found new best accuracy
2018-10-21 21:50:46,135:INFO: Epoch 3/30
2018-10-21 21:50:57,176:INFO: - Train metrics: accuracy: 0.625 ; loss: 0.668
2018-10-21 21:50:58,926:INFO: - Eval metrics : accuracy: 0.778 ; loss: 0.480
2018-10-21 21:50:58,964:INFO: - Found new best accuracy
2018-10-21 21:50:58,965:INFO: Epoch 4/30
2018-10-21 21:51:09,720:INFO: - Train metrics: accuracy: 0.785 ; loss: 0.481
2018-10-21 21:51:11,493:INFO: - Eval metrics : accuracy: 0.788 ; loss: 0.475
2018-10-21 21:51:11,527:INFO: - Found new best accuracy
2018-10-21 21:51:11,528:INFO: Epoch 5/30
2018-10-21 21:51:22,642:INFO: - Train metrics: accuracy: 0.794 ; loss: 0.465
2018-10-21 21:51:24,052:INFO: - Eval metrics : accuracy: 0.792 ; loss: 0.466
2018-10-21 21:51:24,086:INFO: - Found new best accuracy
2018-10-21 21:51:24,087:INFO: Epoch 6/30
2018-10-21 21:51:35,248:INFO: - Train metrics: accuracy: 0.791 ; loss: 0.453
2018-10-21 21:51:36,999:INFO: - Eval metrics : accuracy: 0.800 ; loss: 0.441
2018-10-21 21:51:37,036:INFO: - Found new best accuracy
2018-10-21 21:51:37,037:INFO: Epoch 7/30
2018-10-21 21:51:47,481:INFO: - Train metrics: accuracy: 0.804 ; loss: 0.427
2018-10-21 21:51:49,240:INFO: - Eval metrics : accuracy: 0.801 ; loss: 0.436
2018-10-21 21:51:49,275:INFO: - Found new best accuracy
2018-10-21 21:51:49,275:INFO: Epoch 8/30
2018-10-21 21:52:00,294:INFO: - Train metrics: accuracy: 0.808 ; loss: 0.418
2018-10-21 21:52:02,043:INFO: - Eval metrics : accuracy: 0.800 ; loss: 0.436
2018-10-21 21:52:02,100:INFO: Epoch 9/30
2018-10-21 21:52:13,286:INFO: - Train metrics: accuracy: 0.808 ; loss: 0.419
2018-10-21 21:52:15,050:INFO: - Eval metrics : accuracy: 0.803 ; loss: 0.427
2018-10-21 21:52:15,092:INFO: - Found new best accuracy
2018-10-21 21:52:15,093:INFO: Epoch 10/30
2018-10-21 21:52:26,142:INFO: - Train metrics: accuracy: 0.812 ; loss: 0.409
2018-10-21 21:52:27,905:INFO: - Eval metrics : accuracy: 0.803 ; loss: 0.426
2018-10-21 21:52:27,947:INFO: - Found new best accuracy
2018-10-21 21:52:27,947:INFO: Epoch 11/30
2018-10-21 21:52:38,960:INFO: - Train metrics: accuracy: 0.812 ; loss: 0.408
2018-10-21 21:52:40,713:INFO: - Eval metrics : accuracy: 0.803 ; loss: 0.424
2018-10-21 21:52:40,756:INFO: - Found new best accuracy
2018-10-21 21:52:40,756:INFO: Epoch 12/30
2018-10-21 21:52:51,754:INFO: - Train metrics: accuracy: 0.811 ; loss: 0.405
2018-10-21 21:52:53,229:INFO: - Eval metrics : accuracy: 0.803 ; loss: 0.424
2018-10-21 21:52:53,269:INFO: - Found new best accuracy
2018-10-21 21:52:53,270:INFO: Epoch 13/30
2018-10-21 21:53:03,650:INFO: - Train metrics: accuracy: 0.816 ; loss: 0.404
2018-10-21 21:53:05,557:INFO: - Eval metrics : accuracy: 0.804 ; loss: 0.422
2018-10-21 21:53:05,605:INFO: - Found new best accuracy
2018-10-21 21:53:05,606:INFO: Epoch 14/30
2018-10-21 21:53:16,739:INFO: - Train metrics: accuracy: 0.814 ; loss: 0.402
2018-10-21 21:53:18,159:INFO: - Eval metrics : accuracy: 0.804 ; loss: 0.420
2018-10-21 21:53:18,199:INFO: Epoch 15/30
2018-10-21 21:53:28,102:INFO: - Train metrics: accuracy: 0.809 ; loss: 0.401
2018-10-21 21:53:29,588:INFO: - Eval metrics : accuracy: 0.805 ; loss: 0.419
2018-10-21 21:53:29,625:INFO: - Found new best accuracy
2018-10-21 21:53:29,626:INFO: Epoch 16/30
2018-10-21 21:53:40,869:INFO: - Train metrics: accuracy: 0.807 ; loss: 0.401
2018-10-21 21:53:42,632:INFO: - Eval metrics : accuracy: 0.805 ; loss: 0.419
2018-10-21 21:53:42,672:INFO: - Found new best accuracy
2018-10-21 21:53:42,672:INFO: Epoch 17/30
2018-10-21 21:53:53,829:INFO: - Train metrics: accuracy: 0.809 ; loss: 0.401
2018-10-21 21:53:55,609:INFO: - Eval metrics : accuracy: 0.805 ; loss: 0.419
2018-10-21 21:53:55,647:INFO: - Found new best accuracy
2018-10-21 21:53:55,648:INFO: Epoch 18/30
2018-10-21 21:54:06,777:INFO: - Train metrics: accuracy: 0.811 ; loss: 0.400
2018-10-21 21:54:08,548:INFO: - Eval metrics : accuracy: 0.805 ; loss: 0.418
2018-10-21 21:54:08,589:INFO: - Found new best accuracy
2018-10-21 21:54:08,590:INFO: Epoch 19/30
2018-10-21 21:54:19,738:INFO: - Train metrics: accuracy: 0.810 ; loss: 0.398
2018-10-21 21:54:21,482:INFO: - Eval metrics : accuracy: 0.805 ; loss: 0.417
2018-10-21 21:54:21,527:INFO: - Found new best accuracy
2018-10-21 21:54:21,570:INFO: Epoch 20/30
2018-10-21 21:54:32,709:INFO: - Train metrics: accuracy: 0.810 ; loss: 0.398
2018-10-21 21:54:34,472:INFO: - Eval metrics : accuracy: 0.806 ; loss: 0.417
2018-10-21 21:54:34,475:INFO: - Found new best accuracy
2018-10-21 21:54:34,475:INFO: Epoch 21/30
2018-10-21 21:54:45,568:INFO: - Train metrics: accuracy: 0.811 ; loss: 0.397
2018-10-21 21:54:46,958:INFO: - Eval metrics : accuracy: 0.806 ; loss: 0.417
2018-10-21 21:54:47,010:INFO: - Found new best accuracy
2018-10-21 21:54:47,010:INFO: Epoch 22/30
2018-10-21 21:54:58,194:INFO: - Train metrics: accuracy: 0.810 ; loss: 0.397
2018-10-21 21:54:59,970:INFO: - Eval metrics : accuracy: 0.805 ; loss: 0.417
2018-10-21 21:54:59,973:INFO: Epoch 23/30
2018-10-21 21:55:11,062:INFO: - Train metrics: accuracy: 0.810 ; loss: 0.397
2018-10-21 21:55:12,810:INFO: - Eval metrics : accuracy: 0.805 ; loss: 0.417
2018-10-21 21:55:12,841:INFO: Epoch 24/30
2018-10-21 21:55:23,860:INFO: - Train metrics: accuracy: 0.811 ; loss: 0.397
2018-10-21 21:55:25,461:INFO: - Eval metrics : accuracy: 0.805 ; loss: 0.416
2018-10-21 21:55:25,500:INFO: Epoch 25/30
2018-10-21 21:55:35,626:INFO: - Train metrics: accuracy: 0.811 ; loss: 0.397
2018-10-21 21:55:37,407:INFO: - Eval metrics : accuracy: 0.805 ; loss: 0.416
2018-10-21 21:55:37,443:INFO: Epoch 26/30
2018-10-21 21:55:47,410:INFO: - Train metrics: accuracy: 0.810 ; loss: 0.397
2018-10-21 21:55:49,150:INFO: - Eval metrics : accuracy: 0.806 ; loss: 0.416
2018-10-21 21:55:49,190:INFO: Epoch 27/30
2018-10-21 21:55:59,799:INFO: - Train metrics: accuracy: 0.811 ; loss: 0.397
2018-10-21 21:56:01,243:INFO: - Eval metrics : accuracy: 0.806 ; loss: 0.416
2018-10-21 21:56:01,282:INFO: - Found new best accuracy
2018-10-21 21:56:01,283:INFO: Epoch 28/30
2018-10-21 21:56:11,215:INFO: - Train metrics: accuracy: 0.812 ; loss: 0.397
2018-10-21 21:56:13,061:INFO: - Eval metrics : accuracy: 0.806 ; loss: 0.416
2018-10-21 21:56:13,098:INFO: - Found new best accuracy
2018-10-21 21:56:13,099:INFO: Epoch 29/30
2018-10-21 21:56:23,207:INFO: - Train metrics: accuracy: 0.812 ; loss: 0.397
2018-10-21 21:56:24,912:INFO: - Eval metrics : accuracy: 0.806 ; loss: 0.416
2018-10-21 21:56:24,943:INFO: - Found new best accuracy
2018-10-21 21:56:24,943:INFO: Epoch 30/30
2018-10-21 21:56:35,136:INFO: - Train metrics: accuracy: 0.812 ; loss: 0.397
2018-10-21 21:56:36,746:INFO: - Eval metrics : accuracy: 0.806 ; loss: 0.416
2018-10-21 21:56:36,786:INFO: Total time (minutes) =6.345161827405294
