2018-10-30 08:17:53,277:INFO: Loading the dataset ...
2018-10-30 08:17:57,401:INFO: - done.
2018-10-30 08:17:59,085:INFO: Starting evaluation
2018-10-30 08:18:37,237:INFO: Labels=[1. 1. 1. 0. 1. 1. 0. 1. 0. 1.]
2018-10-30 08:18:37,238:INFO: Out prob=[9.70615208e-01 7.90075660e-01 3.96684438e-01 3.44141066e-01
 9.82902944e-01 9.99702752e-01 1.10017478e-04 9.78425205e-01
 4.73759565e-09 2.11818770e-01]
2018-10-30 08:18:37,238:INFO: ------------------------------------------------------------------------------------------------------------------------
2018-10-30 08:18:37,238:INFO: len labels after =240000
2018-10-30 08:18:37,238:INFO: len out_prob after240000
2018-10-30 08:18:37,238:INFO: length y_test=240000
2018-10-30 08:18:37,239:INFO: Lenght y_score=240000
2018-10-30 08:18:37,286:INFO: Length y_score 240000
2018-10-30 08:18:37,287:INFO: Length y_test 240000
2018-10-30 08:18:37,287:INFO: Thresholds[0:6] = 
 [1.99998987 0.99998987 0.9999584  0.99995112 0.99992263 0.99991179]
2018-10-30 08:18:37,287:INFO: Thresholds lenght = 
221715
2018-10-30 08:18:37,287:INFO: fpr lenght221715
2018-10-30 08:18:37,287:INFO: tpr lenght221715
2018-10-30 08:18:38,008:INFO: ------------------------------------------------------------------------------------------------------------------------
2018-10-30 08:18:38,070:INFO: roc_auc=0.9868165545833334
2018-10-30 08:18:38,070:INFO: ------------------------------------------------------------------------------------------------------------------------
2018-10-30 08:18:38,077:INFO: - Eval metrics : accuracy: 0.94273 ; loss: 0.14254
