2018-10-29 23:46:16,212:INFO: search_hyperparam_sample_name=top_qcd_jets_antikt_kt__600000_Njets_128_batch
2018-10-29 23:46:16,224:INFO: Number of jet files for ttbar=200
2018-10-29 23:46:16,224:INFO: Loading ttbar jet files... 
2018-10-29 23:46:16,224:INFO: ttbar files list = ['tree_httv2_ttbar_DelphesPythia8_nompi_0.dat', 'tree_httv2_ttbar_DelphesPythia8_nompi_1.dat', 'tree_httv2_ttbar_DelphesPythia8_nompi_10.dat', 'tree_httv2_ttbar_DelphesPythia8_nompi_100.dat', 'tree_httv2_ttbar_DelphesPythia8_nompi_101.dat', 'tree_httv2_ttbar_DelphesPythia8_nompi_102.dat', 'tree_httv2_ttbar_DelphesPythia8_nompi_103.dat', 'tree_httv2_ttbar_DelphesPythia8_nompi_104.dat', 'tree_httv2_ttbar_DelphesPythia8_nompi_105.dat', 'tree_httv2_ttbar_DelphesPythia8_nompi_106.dat', 'tree_httv2_ttbar_DelphesPythia8_nompi_107.dat', 'tree_httv2_ttbar_DelphesPythia8_nompi_108.dat', 'tree_httv2_ttbar_DelphesPythia8_nompi_109.dat', 'tree_httv2_ttbar_DelphesPythia8_nompi_11.dat', 'tree_httv2_ttbar_DelphesPythia8_nompi_110.dat', 'tree_httv2_ttbar_DelphesPythia8_nompi_111.dat', 'tree_httv2_ttbar_DelphesPythia8_nompi_112.dat', 'tree_httv2_ttbar_DelphesPythia8_nompi_113.dat', 'tree_httv2_ttbar_DelphesPythia8_nompi_114.dat', 'tree_httv2_ttbar_DelphesPythia8_nompi_115.dat', 'tree_httv2_ttbar_DelphesPythia8_nompi_116.dat', 'tree_httv2_ttbar_DelphesPythia8_nompi_117.dat', 'tree_httv2_ttbar_DelphesPythia8_nompi_118.dat', 'tree_httv2_ttbar_DelphesPythia8_nompi_119.dat', 'tree_httv2_ttbar_DelphesPythia8_nompi_12.dat', 'tree_httv2_ttbar_DelphesPythia8_nompi_120.dat', 'tree_httv2_ttbar_DelphesPythia8_nompi_121.dat', 'tree_httv2_ttbar_DelphesPythia8_nompi_122.dat', 'tree_httv2_ttbar_DelphesPythia8_nompi_123.dat', 'tree_httv2_ttbar_DelphesPythia8_nompi_124.dat', 'tree_httv2_ttbar_DelphesPythia8_nompi_125.dat', 'tree_httv2_ttbar_DelphesPythia8_nompi_126.dat', 'tree_httv2_ttbar_DelphesPythia8_nompi_127.dat', 'tree_httv2_ttbar_DelphesPythia8_nompi_128.dat', 'tree_httv2_ttbar_DelphesPythia8_nompi_129.dat', 'tree_httv2_ttbar_DelphesPythia8_nompi_13.dat', 'tree_httv2_ttbar_DelphesPythia8_nompi_130.dat', 'tree_httv2_ttbar_DelphesPythia8_nompi_131.dat', 'tree_httv2_ttbar_DelphesPythia8_nompi_132.dat', 'tree_httv2_ttbar_DelphesPythia8_nompi_133.dat', 'tree_httv2_ttbar_DelphesPythia8_nompi_134.dat', 'tree_httv2_ttbar_DelphesPythia8_nompi_135.dat', 'tree_httv2_ttbar_DelphesPythia8_nompi_136.dat', 'tree_httv2_ttbar_DelphesPythia8_nompi_137.dat', 'tree_httv2_ttbar_DelphesPythia8_nompi_138.dat', 'tree_httv2_ttbar_DelphesPythia8_nompi_139.dat', 'tree_httv2_ttbar_DelphesPythia8_nompi_14.dat', 'tree_httv2_ttbar_DelphesPythia8_nompi_140.dat', 'tree_httv2_ttbar_DelphesPythia8_nompi_141.dat', 'tree_httv2_ttbar_DelphesPythia8_nompi_142.dat', 'tree_httv2_ttbar_DelphesPythia8_nompi_143.dat', 'tree_httv2_ttbar_DelphesPythia8_nompi_144.dat', 'tree_httv2_ttbar_DelphesPythia8_nompi_145.dat', 'tree_httv2_ttbar_DelphesPythia8_nompi_146.dat', 'tree_httv2_ttbar_DelphesPythia8_nompi_147.dat', 'tree_httv2_ttbar_DelphesPythia8_nompi_148.dat', 'tree_httv2_ttbar_DelphesPythia8_nompi_149.dat', 'tree_httv2_ttbar_DelphesPythia8_nompi_15.dat', 'tree_httv2_ttbar_DelphesPythia8_nompi_150.dat', 'tree_httv2_ttbar_DelphesPythia8_nompi_151.dat', 'tree_httv2_ttbar_DelphesPythia8_nompi_152.dat', 'tree_httv2_ttbar_DelphesPythia8_nompi_153.dat', 'tree_httv2_ttbar_DelphesPythia8_nompi_154.dat', 'tree_httv2_ttbar_DelphesPythia8_nompi_155.dat', 'tree_httv2_ttbar_DelphesPythia8_nompi_156.dat', 'tree_httv2_ttbar_DelphesPythia8_nompi_157.dat', 'tree_httv2_ttbar_DelphesPythia8_nompi_158.dat', 'tree_httv2_ttbar_DelphesPythia8_nompi_159.dat', 'tree_httv2_ttbar_DelphesPythia8_nompi_16.dat', 'tree_httv2_ttbar_DelphesPythia8_nompi_160.dat', 'tree_httv2_ttbar_DelphesPythia8_nompi_161.dat', 'tree_httv2_ttbar_DelphesPythia8_nompi_162.dat', 'tree_httv2_ttbar_DelphesPythia8_nompi_163.dat', 'tree_httv2_ttbar_DelphesPythia8_nompi_164.dat', 'tree_httv2_ttbar_DelphesPythia8_nompi_165.dat', 'tree_httv2_ttbar_DelphesPythia8_nompi_166.dat', 'tree_httv2_ttbar_DelphesPythia8_nompi_167.dat', 'tree_httv2_ttbar_DelphesPythia8_nompi_168.dat', 'tree_httv2_ttbar_DelphesPythia8_nompi_169.dat', 'tree_httv2_ttbar_DelphesPythia8_nompi_17.dat', 'tree_httv2_ttbar_DelphesPythia8_nompi_170.dat', 'tree_httv2_ttbar_DelphesPythia8_nompi_171.dat', 'tree_httv2_ttbar_DelphesPythia8_nompi_172.dat', 'tree_httv2_ttbar_DelphesPythia8_nompi_173.dat', 'tree_httv2_ttbar_DelphesPythia8_nompi_174.dat', 'tree_httv2_ttbar_DelphesPythia8_nompi_175.dat', 'tree_httv2_ttbar_DelphesPythia8_nompi_176.dat', 'tree_httv2_ttbar_DelphesPythia8_nompi_177.dat', 'tree_httv2_ttbar_DelphesPythia8_nompi_178.dat', 'tree_httv2_ttbar_DelphesPythia8_nompi_179.dat', 'tree_httv2_ttbar_DelphesPythia8_nompi_18.dat', 'tree_httv2_ttbar_DelphesPythia8_nompi_180.dat', 'tree_httv2_ttbar_DelphesPythia8_nompi_181.dat', 'tree_httv2_ttbar_DelphesPythia8_nompi_182.dat', 'tree_httv2_ttbar_DelphesPythia8_nompi_183.dat', 'tree_httv2_ttbar_DelphesPythia8_nompi_184.dat', 'tree_httv2_ttbar_DelphesPythia8_nompi_185.dat', 'tree_httv2_ttbar_DelphesPythia8_nompi_186.dat', 'tree_httv2_ttbar_DelphesPythia8_nompi_187.dat', 'tree_httv2_ttbar_DelphesPythia8_nompi_188.dat', 'tree_httv2_ttbar_DelphesPythia8_nompi_189.dat', 'tree_httv2_ttbar_DelphesPythia8_nompi_19.dat', 'tree_httv2_ttbar_DelphesPythia8_nompi_190.dat', 'tree_httv2_ttbar_DelphesPythia8_nompi_191.dat', 'tree_httv2_ttbar_DelphesPythia8_nompi_192.dat', 'tree_httv2_ttbar_DelphesPythia8_nompi_193.dat', 'tree_httv2_ttbar_DelphesPythia8_nompi_194.dat', 'tree_httv2_ttbar_DelphesPythia8_nompi_195.dat', 'tree_httv2_ttbar_DelphesPythia8_nompi_196.dat', 'tree_httv2_ttbar_DelphesPythia8_nompi_197.dat', 'tree_httv2_ttbar_DelphesPythia8_nompi_198.dat', 'tree_httv2_ttbar_DelphesPythia8_nompi_199.dat', 'tree_httv2_ttbar_DelphesPythia8_nompi_2.dat', 'tree_httv2_ttbar_DelphesPythia8_nompi_20.dat', 'tree_httv2_ttbar_DelphesPythia8_nompi_21.dat', 'tree_httv2_ttbar_DelphesPythia8_nompi_22.dat', 'tree_httv2_ttbar_DelphesPythia8_nompi_23.dat', 'tree_httv2_ttbar_DelphesPythia8_nompi_24.dat', 'tree_httv2_ttbar_DelphesPythia8_nompi_25.dat', 'tree_httv2_ttbar_DelphesPythia8_nompi_26.dat', 'tree_httv2_ttbar_DelphesPythia8_nompi_27.dat', 'tree_httv2_ttbar_DelphesPythia8_nompi_28.dat', 'tree_httv2_ttbar_DelphesPythia8_nompi_29.dat', 'tree_httv2_ttbar_DelphesPythia8_nompi_3.dat', 'tree_httv2_ttbar_DelphesPythia8_nompi_30.dat', 'tree_httv2_ttbar_DelphesPythia8_nompi_31.dat', 'tree_httv2_ttbar_DelphesPythia8_nompi_32.dat', 'tree_httv2_ttbar_DelphesPythia8_nompi_33.dat', 'tree_httv2_ttbar_DelphesPythia8_nompi_34.dat', 'tree_httv2_ttbar_DelphesPythia8_nompi_35.dat', 'tree_httv2_ttbar_DelphesPythia8_nompi_36.dat', 'tree_httv2_ttbar_DelphesPythia8_nompi_37.dat', 'tree_httv2_ttbar_DelphesPythia8_nompi_38.dat', 'tree_httv2_ttbar_DelphesPythia8_nompi_39.dat', 'tree_httv2_ttbar_DelphesPythia8_nompi_4.dat', 'tree_httv2_ttbar_DelphesPythia8_nompi_40.dat', 'tree_httv2_ttbar_DelphesPythia8_nompi_41.dat', 'tree_httv2_ttbar_DelphesPythia8_nompi_42.dat', 'tree_httv2_ttbar_DelphesPythia8_nompi_43.dat', 'tree_httv2_ttbar_DelphesPythia8_nompi_44.dat', 'tree_httv2_ttbar_DelphesPythia8_nompi_45.dat', 'tree_httv2_ttbar_DelphesPythia8_nompi_46.dat', 'tree_httv2_ttbar_DelphesPythia8_nompi_47.dat', 'tree_httv2_ttbar_DelphesPythia8_nompi_48.dat', 'tree_httv2_ttbar_DelphesPythia8_nompi_49.dat', 'tree_httv2_ttbar_DelphesPythia8_nompi_5.dat', 'tree_httv2_ttbar_DelphesPythia8_nompi_50.dat', 'tree_httv2_ttbar_DelphesPythia8_nompi_51.dat', 'tree_httv2_ttbar_DelphesPythia8_nompi_52.dat', 'tree_httv2_ttbar_DelphesPythia8_nompi_53.dat', 'tree_httv2_ttbar_DelphesPythia8_nompi_54.dat', 'tree_httv2_ttbar_DelphesPythia8_nompi_55.dat', 'tree_httv2_ttbar_DelphesPythia8_nompi_56.dat', 'tree_httv2_ttbar_DelphesPythia8_nompi_57.dat', 'tree_httv2_ttbar_DelphesPythia8_nompi_58.dat', 'tree_httv2_ttbar_DelphesPythia8_nompi_59.dat', 'tree_httv2_ttbar_DelphesPythia8_nompi_6.dat', 'tree_httv2_ttbar_DelphesPythia8_nompi_60.dat', 'tree_httv2_ttbar_DelphesPythia8_nompi_61.dat', 'tree_httv2_ttbar_DelphesPythia8_nompi_62.dat', 'tree_httv2_ttbar_DelphesPythia8_nompi_63.dat', 'tree_httv2_ttbar_DelphesPythia8_nompi_64.dat', 'tree_httv2_ttbar_DelphesPythia8_nompi_65.dat', 'tree_httv2_ttbar_DelphesPythia8_nompi_66.dat', 'tree_httv2_ttbar_DelphesPythia8_nompi_67.dat', 'tree_httv2_ttbar_DelphesPythia8_nompi_68.dat', 'tree_httv2_ttbar_DelphesPythia8_nompi_69.dat', 'tree_httv2_ttbar_DelphesPythia8_nompi_7.dat', 'tree_httv2_ttbar_DelphesPythia8_nompi_70.dat', 'tree_httv2_ttbar_DelphesPythia8_nompi_71.dat', 'tree_httv2_ttbar_DelphesPythia8_nompi_72.dat', 'tree_httv2_ttbar_DelphesPythia8_nompi_73.dat', 'tree_httv2_ttbar_DelphesPythia8_nompi_74.dat', 'tree_httv2_ttbar_DelphesPythia8_nompi_75.dat', 'tree_httv2_ttbar_DelphesPythia8_nompi_76.dat', 'tree_httv2_ttbar_DelphesPythia8_nompi_77.dat', 'tree_httv2_ttbar_DelphesPythia8_nompi_78.dat', 'tree_httv2_ttbar_DelphesPythia8_nompi_79.dat', 'tree_httv2_ttbar_DelphesPythia8_nompi_8.dat', 'tree_httv2_ttbar_DelphesPythia8_nompi_80.dat', 'tree_httv2_ttbar_DelphesPythia8_nompi_81.dat', 'tree_httv2_ttbar_DelphesPythia8_nompi_82.dat', 'tree_httv2_ttbar_DelphesPythia8_nompi_83.dat', 'tree_httv2_ttbar_DelphesPythia8_nompi_84.dat', 'tree_httv2_ttbar_DelphesPythia8_nompi_85.dat', 'tree_httv2_ttbar_DelphesPythia8_nompi_86.dat', 'tree_httv2_ttbar_DelphesPythia8_nompi_87.dat', 'tree_httv2_ttbar_DelphesPythia8_nompi_88.dat', 'tree_httv2_ttbar_DelphesPythia8_nompi_89.dat', 'tree_httv2_ttbar_DelphesPythia8_nompi_9.dat', 'tree_httv2_ttbar_DelphesPythia8_nompi_90.dat', 'tree_httv2_ttbar_DelphesPythia8_nompi_91.dat', 'tree_httv2_ttbar_DelphesPythia8_nompi_92.dat', 'tree_httv2_ttbar_DelphesPythia8_nompi_93.dat', 'tree_httv2_ttbar_DelphesPythia8_nompi_94.dat', 'tree_httv2_ttbar_DelphesPythia8_nompi_95.dat', 'tree_httv2_ttbar_DelphesPythia8_nompi_96.dat', 'tree_httv2_ttbar_DelphesPythia8_nompi_97.dat', 'tree_httv2_ttbar_DelphesPythia8_nompi_98.dat', 'tree_httv2_ttbar_DelphesPythia8_nompi_99.dat']
2018-10-29 23:46:17,974:INFO: Ntotjets=10000
2018-10-29 23:46:19,652:INFO: Ntotjets=20000
2018-10-29 23:46:21,320:INFO: Ntotjets=30000
2018-10-29 23:46:23,007:INFO: Ntotjets=40000
2018-10-29 23:46:24,700:INFO: Ntotjets=50000
2018-10-29 23:46:26,390:INFO: Ntotjets=60000
2018-10-29 23:46:28,099:INFO: Ntotjets=70000
2018-10-29 23:46:29,786:INFO: Ntotjets=80000
2018-10-29 23:46:31,477:INFO: Ntotjets=90000
2018-10-29 23:46:33,154:INFO: Ntotjets=100000
2018-10-29 23:46:34,844:INFO: Ntotjets=110000
2018-10-29 23:46:36,533:INFO: Ntotjets=120000
2018-10-29 23:46:38,208:INFO: Ntotjets=130000
2018-10-29 23:46:39,893:INFO: Ntotjets=140000
2018-10-29 23:46:41,583:INFO: Ntotjets=150000
2018-10-29 23:46:43,262:INFO: Ntotjets=160000
2018-10-29 23:46:44,990:INFO: Ntotjets=170000
2018-10-29 23:46:46,688:INFO: Ntotjets=180000
2018-10-29 23:46:48,375:INFO: Ntotjets=190000
2018-10-29 23:46:50,074:INFO: Ntotjets=200000
2018-10-29 23:46:51,765:INFO: Ntotjets=210000
2018-10-29 23:46:53,504:INFO: Ntotjets=220000
2018-10-29 23:46:55,241:INFO: Ntotjets=230000
2018-10-29 23:46:57,030:INFO: Ntotjets=240000
2018-10-29 23:46:58,928:INFO: Ntotjets=250000
2018-10-29 23:47:00,596:INFO: Ntotjets=260000
2018-10-29 23:47:02,257:INFO: Ntotjets=270000
2018-10-29 23:47:04,176:INFO: Ntotjets=280000
2018-10-29 23:47:05,891:INFO: Ntotjets=290000
2018-10-29 23:47:07,624:INFO: Ntotjets=300000
2018-10-29 23:47:09,424:INFO: Ntotjets=310000
2018-10-29 23:47:11,238:INFO: Ntotjets=320000
2018-10-29 23:47:13,116:INFO: Ntotjets=330000
2018-10-29 23:47:14,772:INFO: Ntotjets=340000
2018-10-29 23:47:16,469:INFO: Ntotjets=350000
2018-10-29 23:47:18,138:INFO: Ntotjets=360000
2018-10-29 23:47:19,788:INFO: Ntotjets=370000
2018-10-29 23:47:21,532:INFO: Ntotjets=380000
2018-10-29 23:47:23,196:INFO: Ntotjets=390000
2018-10-29 23:47:24,856:INFO: Ntotjets=400000
2018-10-29 23:47:26,495:INFO: Ntotjets=410000
2018-10-29 23:47:28,257:INFO: Ntotjets=420000
2018-10-29 23:47:29,919:INFO: Ntotjets=430000
2018-10-29 23:47:31,578:INFO: Ntotjets=440000
2018-10-29 23:47:33,258:INFO: Ntotjets=450000
2018-10-29 23:47:35,202:INFO: Ntotjets=460000
2018-10-29 23:47:36,937:INFO: Ntotjets=470000
2018-10-29 23:47:38,696:INFO: Ntotjets=480000
2018-10-29 23:47:40,448:INFO: Ntotjets=490000
2018-10-29 23:47:42,187:INFO: Ntotjets=500000
2018-10-29 23:47:43,894:INFO: Ntotjets=510000
2018-10-29 23:47:45,619:INFO: Ntotjets=520000
2018-10-29 23:47:47,377:INFO: Ntotjets=530000
2018-10-29 23:47:49,167:INFO: Ntotjets=540000
2018-10-29 23:47:51,090:INFO: Ntotjets=550000
2018-10-29 23:47:52,748:INFO: Ntotjets=560000
2018-10-29 23:47:54,402:INFO: Ntotjets=570000
2018-10-29 23:47:56,106:INFO: Ntotjets=580000
2018-10-29 23:47:57,764:INFO: Ntotjets=590000
2018-10-29 23:47:59,415:INFO: Ntotjets=600000
2018-10-29 23:47:59,416:INFO: Number of jet files for qcd=200
2018-10-29 23:47:59,416:INFO: Loading qcd jet files... 
2018-10-29 23:47:59,416:INFO: qcd files list = ['tree_httv2_qcd_DelphesPythia8_nompi_0.dat', 'tree_httv2_qcd_DelphesPythia8_nompi_1.dat', 'tree_httv2_qcd_DelphesPythia8_nompi_10.dat', 'tree_httv2_qcd_DelphesPythia8_nompi_100.dat', 'tree_httv2_qcd_DelphesPythia8_nompi_101.dat', 'tree_httv2_qcd_DelphesPythia8_nompi_102.dat', 'tree_httv2_qcd_DelphesPythia8_nompi_103.dat', 'tree_httv2_qcd_DelphesPythia8_nompi_104.dat', 'tree_httv2_qcd_DelphesPythia8_nompi_105.dat', 'tree_httv2_qcd_DelphesPythia8_nompi_106.dat', 'tree_httv2_qcd_DelphesPythia8_nompi_107.dat', 'tree_httv2_qcd_DelphesPythia8_nompi_108.dat', 'tree_httv2_qcd_DelphesPythia8_nompi_109.dat', 'tree_httv2_qcd_DelphesPythia8_nompi_11.dat', 'tree_httv2_qcd_DelphesPythia8_nompi_110.dat', 'tree_httv2_qcd_DelphesPythia8_nompi_111.dat', 'tree_httv2_qcd_DelphesPythia8_nompi_112.dat', 'tree_httv2_qcd_DelphesPythia8_nompi_113.dat', 'tree_httv2_qcd_DelphesPythia8_nompi_114.dat', 'tree_httv2_qcd_DelphesPythia8_nompi_115.dat', 'tree_httv2_qcd_DelphesPythia8_nompi_116.dat', 'tree_httv2_qcd_DelphesPythia8_nompi_117.dat', 'tree_httv2_qcd_DelphesPythia8_nompi_118.dat', 'tree_httv2_qcd_DelphesPythia8_nompi_119.dat', 'tree_httv2_qcd_DelphesPythia8_nompi_12.dat', 'tree_httv2_qcd_DelphesPythia8_nompi_120.dat', 'tree_httv2_qcd_DelphesPythia8_nompi_121.dat', 'tree_httv2_qcd_DelphesPythia8_nompi_122.dat', 'tree_httv2_qcd_DelphesPythia8_nompi_123.dat', 'tree_httv2_qcd_DelphesPythia8_nompi_124.dat', 'tree_httv2_qcd_DelphesPythia8_nompi_125.dat', 'tree_httv2_qcd_DelphesPythia8_nompi_126.dat', 'tree_httv2_qcd_DelphesPythia8_nompi_127.dat', 'tree_httv2_qcd_DelphesPythia8_nompi_128.dat', 'tree_httv2_qcd_DelphesPythia8_nompi_129.dat', 'tree_httv2_qcd_DelphesPythia8_nompi_13.dat', 'tree_httv2_qcd_DelphesPythia8_nompi_130.dat', 'tree_httv2_qcd_DelphesPythia8_nompi_131.dat', 'tree_httv2_qcd_DelphesPythia8_nompi_132.dat', 'tree_httv2_qcd_DelphesPythia8_nompi_133.dat', 'tree_httv2_qcd_DelphesPythia8_nompi_134.dat', 'tree_httv2_qcd_DelphesPythia8_nompi_135.dat', 'tree_httv2_qcd_DelphesPythia8_nompi_136.dat', 'tree_httv2_qcd_DelphesPythia8_nompi_137.dat', 'tree_httv2_qcd_DelphesPythia8_nompi_138.dat', 'tree_httv2_qcd_DelphesPythia8_nompi_139.dat', 'tree_httv2_qcd_DelphesPythia8_nompi_14.dat', 'tree_httv2_qcd_DelphesPythia8_nompi_140.dat', 'tree_httv2_qcd_DelphesPythia8_nompi_141.dat', 'tree_httv2_qcd_DelphesPythia8_nompi_142.dat', 'tree_httv2_qcd_DelphesPythia8_nompi_143.dat', 'tree_httv2_qcd_DelphesPythia8_nompi_144.dat', 'tree_httv2_qcd_DelphesPythia8_nompi_145.dat', 'tree_httv2_qcd_DelphesPythia8_nompi_146.dat', 'tree_httv2_qcd_DelphesPythia8_nompi_147.dat', 'tree_httv2_qcd_DelphesPythia8_nompi_148.dat', 'tree_httv2_qcd_DelphesPythia8_nompi_149.dat', 'tree_httv2_qcd_DelphesPythia8_nompi_15.dat', 'tree_httv2_qcd_DelphesPythia8_nompi_150.dat', 'tree_httv2_qcd_DelphesPythia8_nompi_151.dat', 'tree_httv2_qcd_DelphesPythia8_nompi_152.dat', 'tree_httv2_qcd_DelphesPythia8_nompi_153.dat', 'tree_httv2_qcd_DelphesPythia8_nompi_154.dat', 'tree_httv2_qcd_DelphesPythia8_nompi_155.dat', 'tree_httv2_qcd_DelphesPythia8_nompi_156.dat', 'tree_httv2_qcd_DelphesPythia8_nompi_157.dat', 'tree_httv2_qcd_DelphesPythia8_nompi_158.dat', 'tree_httv2_qcd_DelphesPythia8_nompi_159.dat', 'tree_httv2_qcd_DelphesPythia8_nompi_16.dat', 'tree_httv2_qcd_DelphesPythia8_nompi_160.dat', 'tree_httv2_qcd_DelphesPythia8_nompi_161.dat', 'tree_httv2_qcd_DelphesPythia8_nompi_162.dat', 'tree_httv2_qcd_DelphesPythia8_nompi_163.dat', 'tree_httv2_qcd_DelphesPythia8_nompi_164.dat', 'tree_httv2_qcd_DelphesPythia8_nompi_165.dat', 'tree_httv2_qcd_DelphesPythia8_nompi_166.dat', 'tree_httv2_qcd_DelphesPythia8_nompi_167.dat', 'tree_httv2_qcd_DelphesPythia8_nompi_168.dat', 'tree_httv2_qcd_DelphesPythia8_nompi_169.dat', 'tree_httv2_qcd_DelphesPythia8_nompi_17.dat', 'tree_httv2_qcd_DelphesPythia8_nompi_170.dat', 'tree_httv2_qcd_DelphesPythia8_nompi_171.dat', 'tree_httv2_qcd_DelphesPythia8_nompi_172.dat', 'tree_httv2_qcd_DelphesPythia8_nompi_173.dat', 'tree_httv2_qcd_DelphesPythia8_nompi_174.dat', 'tree_httv2_qcd_DelphesPythia8_nompi_175.dat', 'tree_httv2_qcd_DelphesPythia8_nompi_176.dat', 'tree_httv2_qcd_DelphesPythia8_nompi_177.dat', 'tree_httv2_qcd_DelphesPythia8_nompi_178.dat', 'tree_httv2_qcd_DelphesPythia8_nompi_179.dat', 'tree_httv2_qcd_DelphesPythia8_nompi_18.dat', 'tree_httv2_qcd_DelphesPythia8_nompi_180.dat', 'tree_httv2_qcd_DelphesPythia8_nompi_181.dat', 'tree_httv2_qcd_DelphesPythia8_nompi_182.dat', 'tree_httv2_qcd_DelphesPythia8_nompi_183.dat', 'tree_httv2_qcd_DelphesPythia8_nompi_184.dat', 'tree_httv2_qcd_DelphesPythia8_nompi_185.dat', 'tree_httv2_qcd_DelphesPythia8_nompi_186.dat', 'tree_httv2_qcd_DelphesPythia8_nompi_187.dat', 'tree_httv2_qcd_DelphesPythia8_nompi_188.dat', 'tree_httv2_qcd_DelphesPythia8_nompi_189.dat', 'tree_httv2_qcd_DelphesPythia8_nompi_19.dat', 'tree_httv2_qcd_DelphesPythia8_nompi_190.dat', 'tree_httv2_qcd_DelphesPythia8_nompi_191.dat', 'tree_httv2_qcd_DelphesPythia8_nompi_192.dat', 'tree_httv2_qcd_DelphesPythia8_nompi_193.dat', 'tree_httv2_qcd_DelphesPythia8_nompi_194.dat', 'tree_httv2_qcd_DelphesPythia8_nompi_195.dat', 'tree_httv2_qcd_DelphesPythia8_nompi_196.dat', 'tree_httv2_qcd_DelphesPythia8_nompi_197.dat', 'tree_httv2_qcd_DelphesPythia8_nompi_198.dat', 'tree_httv2_qcd_DelphesPythia8_nompi_199.dat', 'tree_httv2_qcd_DelphesPythia8_nompi_2.dat', 'tree_httv2_qcd_DelphesPythia8_nompi_20.dat', 'tree_httv2_qcd_DelphesPythia8_nompi_21.dat', 'tree_httv2_qcd_DelphesPythia8_nompi_22.dat', 'tree_httv2_qcd_DelphesPythia8_nompi_23.dat', 'tree_httv2_qcd_DelphesPythia8_nompi_24.dat', 'tree_httv2_qcd_DelphesPythia8_nompi_25.dat', 'tree_httv2_qcd_DelphesPythia8_nompi_26.dat', 'tree_httv2_qcd_DelphesPythia8_nompi_27.dat', 'tree_httv2_qcd_DelphesPythia8_nompi_28.dat', 'tree_httv2_qcd_DelphesPythia8_nompi_29.dat', 'tree_httv2_qcd_DelphesPythia8_nompi_3.dat', 'tree_httv2_qcd_DelphesPythia8_nompi_30.dat', 'tree_httv2_qcd_DelphesPythia8_nompi_31.dat', 'tree_httv2_qcd_DelphesPythia8_nompi_32.dat', 'tree_httv2_qcd_DelphesPythia8_nompi_33.dat', 'tree_httv2_qcd_DelphesPythia8_nompi_34.dat', 'tree_httv2_qcd_DelphesPythia8_nompi_35.dat', 'tree_httv2_qcd_DelphesPythia8_nompi_36.dat', 'tree_httv2_qcd_DelphesPythia8_nompi_37.dat', 'tree_httv2_qcd_DelphesPythia8_nompi_38.dat', 'tree_httv2_qcd_DelphesPythia8_nompi_39.dat', 'tree_httv2_qcd_DelphesPythia8_nompi_4.dat', 'tree_httv2_qcd_DelphesPythia8_nompi_40.dat', 'tree_httv2_qcd_DelphesPythia8_nompi_41.dat', 'tree_httv2_qcd_DelphesPythia8_nompi_42.dat', 'tree_httv2_qcd_DelphesPythia8_nompi_43.dat', 'tree_httv2_qcd_DelphesPythia8_nompi_44.dat', 'tree_httv2_qcd_DelphesPythia8_nompi_45.dat', 'tree_httv2_qcd_DelphesPythia8_nompi_46.dat', 'tree_httv2_qcd_DelphesPythia8_nompi_47.dat', 'tree_httv2_qcd_DelphesPythia8_nompi_48.dat', 'tree_httv2_qcd_DelphesPythia8_nompi_49.dat', 'tree_httv2_qcd_DelphesPythia8_nompi_5.dat', 'tree_httv2_qcd_DelphesPythia8_nompi_50.dat', 'tree_httv2_qcd_DelphesPythia8_nompi_51.dat', 'tree_httv2_qcd_DelphesPythia8_nompi_52.dat', 'tree_httv2_qcd_DelphesPythia8_nompi_53.dat', 'tree_httv2_qcd_DelphesPythia8_nompi_54.dat', 'tree_httv2_qcd_DelphesPythia8_nompi_55.dat', 'tree_httv2_qcd_DelphesPythia8_nompi_56.dat', 'tree_httv2_qcd_DelphesPythia8_nompi_57.dat', 'tree_httv2_qcd_DelphesPythia8_nompi_58.dat', 'tree_httv2_qcd_DelphesPythia8_nompi_59.dat', 'tree_httv2_qcd_DelphesPythia8_nompi_6.dat', 'tree_httv2_qcd_DelphesPythia8_nompi_60.dat', 'tree_httv2_qcd_DelphesPythia8_nompi_61.dat', 'tree_httv2_qcd_DelphesPythia8_nompi_62.dat', 'tree_httv2_qcd_DelphesPythia8_nompi_63.dat', 'tree_httv2_qcd_DelphesPythia8_nompi_64.dat', 'tree_httv2_qcd_DelphesPythia8_nompi_65.dat', 'tree_httv2_qcd_DelphesPythia8_nompi_66.dat', 'tree_httv2_qcd_DelphesPythia8_nompi_67.dat', 'tree_httv2_qcd_DelphesPythia8_nompi_68.dat', 'tree_httv2_qcd_DelphesPythia8_nompi_69.dat', 'tree_httv2_qcd_DelphesPythia8_nompi_7.dat', 'tree_httv2_qcd_DelphesPythia8_nompi_70.dat', 'tree_httv2_qcd_DelphesPythia8_nompi_71.dat', 'tree_httv2_qcd_DelphesPythia8_nompi_72.dat', 'tree_httv2_qcd_DelphesPythia8_nompi_73.dat', 'tree_httv2_qcd_DelphesPythia8_nompi_74.dat', 'tree_httv2_qcd_DelphesPythia8_nompi_75.dat', 'tree_httv2_qcd_DelphesPythia8_nompi_76.dat', 'tree_httv2_qcd_DelphesPythia8_nompi_77.dat', 'tree_httv2_qcd_DelphesPythia8_nompi_78.dat', 'tree_httv2_qcd_DelphesPythia8_nompi_79.dat', 'tree_httv2_qcd_DelphesPythia8_nompi_8.dat', 'tree_httv2_qcd_DelphesPythia8_nompi_80.dat', 'tree_httv2_qcd_DelphesPythia8_nompi_81.dat', 'tree_httv2_qcd_DelphesPythia8_nompi_82.dat', 'tree_httv2_qcd_DelphesPythia8_nompi_83.dat', 'tree_httv2_qcd_DelphesPythia8_nompi_84.dat', 'tree_httv2_qcd_DelphesPythia8_nompi_85.dat', 'tree_httv2_qcd_DelphesPythia8_nompi_86.dat', 'tree_httv2_qcd_DelphesPythia8_nompi_87.dat', 'tree_httv2_qcd_DelphesPythia8_nompi_88.dat', 'tree_httv2_qcd_DelphesPythia8_nompi_89.dat', 'tree_httv2_qcd_DelphesPythia8_nompi_9.dat', 'tree_httv2_qcd_DelphesPythia8_nompi_90.dat', 'tree_httv2_qcd_DelphesPythia8_nompi_91.dat', 'tree_httv2_qcd_DelphesPythia8_nompi_92.dat', 'tree_httv2_qcd_DelphesPythia8_nompi_93.dat', 'tree_httv2_qcd_DelphesPythia8_nompi_94.dat', 'tree_httv2_qcd_DelphesPythia8_nompi_95.dat', 'tree_httv2_qcd_DelphesPythia8_nompi_96.dat', 'tree_httv2_qcd_DelphesPythia8_nompi_97.dat', 'tree_httv2_qcd_DelphesPythia8_nompi_98.dat', 'tree_httv2_qcd_DelphesPythia8_nompi_99.dat']
2018-10-29 23:48:00,830:INFO: Ntotjets=10000
2018-10-29 23:48:02,243:INFO: Ntotjets=20000
2018-10-29 23:48:03,655:INFO: Ntotjets=30000
2018-10-29 23:48:05,076:INFO: Ntotjets=40000
2018-10-29 23:48:06,511:INFO: Ntotjets=50000
2018-10-29 23:48:07,913:INFO: Ntotjets=60000
2018-10-29 23:48:09,321:INFO: Ntotjets=70000
2018-10-29 23:48:10,742:INFO: Ntotjets=80000
2018-10-29 23:48:12,146:INFO: Ntotjets=90000
2018-10-29 23:48:13,549:INFO: Ntotjets=100000
2018-10-29 23:48:14,937:INFO: Ntotjets=110000
2018-10-29 23:48:16,332:INFO: Ntotjets=120000
2018-10-29 23:48:17,740:INFO: Ntotjets=130000
2018-10-29 23:48:19,147:INFO: Ntotjets=140000
2018-10-29 23:48:20,547:INFO: Ntotjets=150000
2018-10-29 23:48:21,955:INFO: Ntotjets=160000
2018-10-29 23:48:23,379:INFO: Ntotjets=170000
2018-10-29 23:48:24,778:INFO: Ntotjets=180000
2018-10-29 23:48:26,185:INFO: Ntotjets=190000
2018-10-29 23:48:27,581:INFO: Ntotjets=200000
2018-10-29 23:48:28,985:INFO: Ntotjets=210000
2018-10-29 23:48:30,392:INFO: Ntotjets=220000
2018-10-29 23:48:31,805:INFO: Ntotjets=230000
2018-10-29 23:48:33,205:INFO: Ntotjets=240000
2018-10-29 23:48:34,597:INFO: Ntotjets=250000
2018-10-29 23:48:36,001:INFO: Ntotjets=260000
2018-10-29 23:48:37,404:INFO: Ntotjets=270000
2018-10-29 23:48:38,792:INFO: Ntotjets=280000
2018-10-29 23:48:40,184:INFO: Ntotjets=290000
2018-10-29 23:48:41,583:INFO: Ntotjets=300000
2018-10-29 23:48:42,984:INFO: Ntotjets=310000
2018-10-29 23:48:44,371:INFO: Ntotjets=320000
2018-10-29 23:48:45,767:INFO: Ntotjets=330000
2018-10-29 23:48:47,184:INFO: Ntotjets=340000
2018-10-29 23:48:48,573:INFO: Ntotjets=350000
2018-10-29 23:48:49,961:INFO: Ntotjets=360000
2018-10-29 23:48:51,355:INFO: Ntotjets=370000
2018-10-29 23:48:52,746:INFO: Ntotjets=380000
2018-10-29 23:48:54,133:INFO: Ntotjets=390000
2018-10-29 23:48:55,515:INFO: Ntotjets=400000
2018-10-29 23:48:56,911:INFO: Ntotjets=410000
2018-10-29 23:48:58,309:INFO: Ntotjets=420000
2018-10-29 23:48:59,698:INFO: Ntotjets=430000
2018-10-29 23:49:01,081:INFO: Ntotjets=440000
2018-10-29 23:49:02,463:INFO: Ntotjets=450000
2018-10-29 23:49:03,864:INFO: Ntotjets=460000
2018-10-29 23:49:05,290:INFO: Ntotjets=470000
2018-10-29 23:49:06,678:INFO: Ntotjets=480000
2018-10-29 23:49:08,067:INFO: Ntotjets=490000
2018-10-29 23:49:09,470:INFO: Ntotjets=500000
2018-10-29 23:49:10,862:INFO: Ntotjets=510000
2018-10-29 23:49:12,249:INFO: Ntotjets=520000
2018-10-29 23:49:13,630:INFO: Ntotjets=530000
2018-10-29 23:49:15,026:INFO: Ntotjets=540000
2018-10-29 23:49:16,419:INFO: Ntotjets=550000
2018-10-29 23:49:17,811:INFO: Ntotjets=560000
2018-10-29 23:49:19,314:INFO: Ntotjets=570000
2018-10-29 23:49:20,701:INFO: Ntotjets=580000
2018-10-29 23:49:22,136:INFO: Ntotjets=590000
2018-10-29 23:49:23,530:INFO: Ntotjets=600000
2018-10-29 23:49:23,530:INFO: Tree generation time (minutes) =3.121965765953064
2018-10-30 00:46:46,896:INFO: Splitting into train, validation and test datasets, and shuffling...
2018-10-30 00:49:16,580:INFO: Split sample time (minutes) =63.00612939198812
2018-10-30 00:49:16,580:INFO: Creating train batches ...
2018-10-30 00:49:19,569:INFO: Number of batches created=100
2018-10-30 00:49:22,546:INFO: Number of batches created=200
2018-10-30 00:49:25,502:INFO: Number of batches created=300
2018-10-30 00:49:28,435:INFO: Number of batches created=400
2018-10-30 00:49:31,404:INFO: Number of batches created=500
2018-10-30 00:49:34,381:INFO: Number of batches created=600
2018-10-30 00:49:37,351:INFO: Number of batches created=700
2018-10-30 00:49:40,329:INFO: Number of batches created=800
2018-10-30 00:49:43,304:INFO: Number of batches created=900
2018-10-30 00:49:46,287:INFO: Number of batches created=1000
2018-10-30 00:49:49,308:INFO: Number of batches created=1100
2018-10-30 00:49:52,338:INFO: Number of batches created=1200
2018-10-30 00:49:55,377:INFO: Number of batches created=1300
2018-10-30 00:49:58,414:INFO: Number of batches created=1400
2018-10-30 00:50:01,452:INFO: Number of batches created=1500
2018-10-30 00:50:04,499:INFO: Number of batches created=1600
2018-10-30 00:50:07,568:INFO: Number of batches created=1700
2018-10-30 00:50:10,605:INFO: Number of batches created=1800
2018-10-30 00:50:13,638:INFO: Number of batches created=1900
2018-10-30 00:50:16,685:INFO: Number of batches created=2000
2018-10-30 00:50:19,731:INFO: Number of batches created=2100
2018-10-30 00:50:22,745:INFO: Number of batches created=2200
2018-10-30 00:50:25,769:INFO: Number of batches created=2300
2018-10-30 00:50:28,791:INFO: Number of batches created=2400
2018-10-30 00:50:31,817:INFO: Number of batches created=2500
2018-10-30 00:50:34,857:INFO: Number of batches created=2600
2018-10-30 00:50:37,882:INFO: Number of batches created=2700
2018-10-30 00:50:40,892:INFO: Number of batches created=2800
2018-10-30 00:50:43,902:INFO: Number of batches created=2900
2018-10-30 00:50:46,920:INFO: Number of batches created=3000
2018-10-30 00:50:49,951:INFO: Number of batches created=3100
2018-10-30 00:50:52,964:INFO: Number of batches created=3200
2018-10-30 00:50:55,979:INFO: Number of batches created=3300
2018-10-30 00:50:58,976:INFO: Number of batches created=3400
2018-10-30 00:51:01,990:INFO: Number of batches created=3500
2018-10-30 00:51:04,983:INFO: Number of batches created=3600
2018-10-30 00:51:07,979:INFO: Number of batches created=3700
2018-10-30 00:51:10,974:INFO: Number of batches created=3800
2018-10-30 00:51:13,964:INFO: Number of batches created=3900
2018-10-30 00:51:16,955:INFO: Number of batches created=4000
2018-10-30 00:51:19,961:INFO: Number of batches created=4100
2018-10-30 00:51:23,023:INFO: Number of batches created=4200
2018-10-30 00:51:26,066:INFO: Number of batches created=4300
2018-10-30 00:51:29,079:INFO: Number of batches created=4400
2018-10-30 00:51:32,141:INFO: Number of batches created=4500
2018-10-30 00:51:35,212:INFO: Number of batches created=4600
2018-10-30 00:51:38,286:INFO: Number of batches created=4700
2018-10-30 00:51:41,359:INFO: Number of batches created=4800
2018-10-30 00:51:44,393:INFO: Number of batches created=4900
2018-10-30 00:51:47,438:INFO: Number of batches created=5000
2018-10-30 00:51:50,473:INFO: Number of batches created=5100
2018-10-30 00:51:53,558:INFO: Number of batches created=5200
2018-10-30 00:51:56,605:INFO: Number of batches created=5300
2018-10-30 00:51:59,664:INFO: Number of batches created=5400
2018-10-30 00:52:02,733:INFO: Number of batches created=5500
2018-10-30 00:52:05,783:INFO: Number of batches created=5600
2018-10-30 00:52:06,555:INFO: Creating val batches ...
2018-10-30 00:52:09,644:INFO: Number of batches created=100
2018-10-30 00:52:12,703:INFO: Number of batches created=200
2018-10-30 00:52:15,739:INFO: Number of batches created=300
2018-10-30 00:52:18,773:INFO: Number of batches created=400
2018-10-30 00:52:21,817:INFO: Number of batches created=500
2018-10-30 00:52:24,875:INFO: Number of batches created=600
2018-10-30 00:52:27,930:INFO: Number of batches created=700
2018-10-30 00:52:30,998:INFO: Number of batches created=800
2018-10-30 00:52:34,065:INFO: Number of batches created=900
2018-10-30 00:52:37,136:INFO: Number of batches created=1000
2018-10-30 00:52:40,209:INFO: Number of batches created=1100
2018-10-30 00:52:43,300:INFO: Number of batches created=1200
2018-10-30 00:52:46,367:INFO: Number of batches created=1300
2018-10-30 00:52:49,445:INFO: Number of batches created=1400
2018-10-30 00:52:52,569:INFO: Number of batches created=1500
2018-10-30 00:52:55,679:INFO: Number of batches created=1600
2018-10-30 00:52:58,758:INFO: Number of batches created=1700
2018-10-30 00:53:01,832:INFO: Number of batches created=1800
2018-10-30 00:53:04,151:INFO: Creating test batches ...
2018-10-30 00:53:07,242:INFO: Number of batches created=100
2018-10-30 00:53:10,343:INFO: Number of batches created=200
2018-10-30 00:53:13,437:INFO: Number of batches created=300
2018-10-30 00:53:16,524:INFO: Number of batches created=400
2018-10-30 00:53:19,612:INFO: Number of batches created=500
2018-10-30 00:53:22,702:INFO: Number of batches created=600
2018-10-30 00:53:25,786:INFO: Number of batches created=700
2018-10-30 00:53:28,866:INFO: Number of batches created=800
2018-10-30 00:53:31,946:INFO: Number of batches created=900
2018-10-30 00:53:35,010:INFO: Number of batches created=1000
2018-10-30 00:53:38,074:INFO: Number of batches created=1100
2018-10-30 00:53:41,153:INFO: Number of batches created=1200
2018-10-30 00:53:44,220:INFO: Number of batches created=1300
2018-10-30 00:53:47,293:INFO: Number of batches created=1400
2018-10-30 00:53:50,370:INFO: Number of batches created=1500
2018-10-30 00:53:53,442:INFO: Number of batches created=1600
2018-10-30 00:53:56,491:INFO: Number of batches created=1700
2018-10-30 00:53:59,546:INFO: Number of batches created=1800
2018-10-30 00:54:01,870:INFO: Number of test_batches=1875
2018-10-30 00:54:01,870:INFO: Batch generation time (minutes) =67.76096920172374
2018-10-30 00:54:01,871:INFO: Train and val batch size=128
2018-10-30 00:54:01,871:INFO: Number of train_batches=5625
2018-10-30 00:54:01,871:INFO: Number of val_batches=1875
2018-10-30 00:58:49,089:INFO: ------------------------------------------------------------
2018-10-30 00:58:49,173:INFO: Loading the datasets...
2018-10-30 00:59:06,514:INFO: - done loading the datasets
2018-10-30 00:59:06,588:INFO: ------------------------------------------------------------
2018-10-30 00:59:09,938:INFO: Building optimizer...
2018-10-30 00:59:09,938:INFO: Starting training for 45 epoch(s)
2018-10-30 00:59:09,938:INFO: Epoch 1/45
2018-10-30 01:02:11,928:INFO: - Train metrics: accuracy: 0.779 ; loss: 0.506
2018-10-30 01:02:46,339:INFO: - Eval metrics : accuracy: 0.803 ; loss: 0.430
2018-10-30 01:02:46,369:INFO: - Found new best accuracy
2018-10-30 01:02:46,369:INFO: Epoch 2/45
2018-10-30 01:05:48,307:INFO: - Train metrics: accuracy: 0.871 ; loss: 0.288
2018-10-30 01:06:28,717:INFO: - Eval metrics : accuracy: 0.915 ; loss: 0.203
2018-10-30 01:06:28,756:INFO: - Found new best accuracy
2018-10-30 01:06:28,756:INFO: Epoch 3/45
2018-10-30 01:09:29,183:INFO: - Train metrics: accuracy: 0.920 ; loss: 0.187
2018-10-30 01:10:03,502:INFO: - Eval metrics : accuracy: 0.922 ; loss: 0.199
2018-10-30 01:10:03,540:INFO: - Found new best accuracy
2018-10-30 01:10:03,541:INFO: Epoch 4/45
2018-10-30 01:13:02,456:INFO: - Train metrics: accuracy: 0.928 ; loss: 0.175
2018-10-30 01:13:43,010:INFO: - Eval metrics : accuracy: 0.928 ; loss: 0.177
2018-10-30 01:13:43,047:INFO: - Found new best accuracy
2018-10-30 01:13:43,048:INFO: Epoch 5/45
2018-10-30 01:16:41,081:INFO: - Train metrics: accuracy: 0.928 ; loss: 0.172
2018-10-30 01:17:15,373:INFO: - Eval metrics : accuracy: 0.935 ; loss: 0.161
2018-10-30 01:17:15,412:INFO: - Found new best accuracy
2018-10-30 01:17:15,413:INFO: Epoch 6/45
2018-10-30 01:20:14,275:INFO: - Train metrics: accuracy: 0.931 ; loss: 0.168
2018-10-30 01:20:54,854:INFO: - Eval metrics : accuracy: 0.936 ; loss: 0.159
2018-10-30 01:20:54,888:INFO: - Found new best accuracy
2018-10-30 01:20:54,889:INFO: Epoch 7/45
2018-10-30 01:23:55,900:INFO: - Train metrics: accuracy: 0.933 ; loss: 0.167
2018-10-30 01:24:36,460:INFO: - Eval metrics : accuracy: 0.935 ; loss: 0.161
2018-10-30 01:24:36,501:INFO: Epoch 8/45
2018-10-30 01:27:39,281:INFO: - Train metrics: accuracy: 0.935 ; loss: 0.163
2018-10-30 01:28:19,718:INFO: - Eval metrics : accuracy: 0.935 ; loss: 0.161
2018-10-30 01:28:19,753:INFO: Epoch 9/45
2018-10-30 01:31:19,902:INFO: - Train metrics: accuracy: 0.932 ; loss: 0.163
2018-10-30 01:32:00,456:INFO: - Eval metrics : accuracy: 0.937 ; loss: 0.157
2018-10-30 01:32:00,493:INFO: - Found new best accuracy
2018-10-30 01:32:00,494:INFO: Epoch 10/45
2018-10-30 01:34:59,818:INFO: - Train metrics: accuracy: 0.935 ; loss: 0.158
2018-10-30 01:35:40,323:INFO: - Eval metrics : accuracy: 0.937 ; loss: 0.157
2018-10-30 01:35:40,360:INFO: - Found new best accuracy
2018-10-30 01:35:40,361:INFO: Epoch 11/45
2018-10-30 01:38:37,025:INFO: - Train metrics: accuracy: 0.933 ; loss: 0.156
2018-10-30 01:39:17,439:INFO: - Eval metrics : accuracy: 0.938 ; loss: 0.155
2018-10-30 01:39:17,482:INFO: - Found new best accuracy
2018-10-30 01:39:17,483:INFO: Epoch 12/45
2018-10-30 01:42:15,711:INFO: - Train metrics: accuracy: 0.935 ; loss: 0.154
2018-10-30 01:42:49,961:INFO: - Eval metrics : accuracy: 0.939 ; loss: 0.151
2018-10-30 01:42:49,996:INFO: - Found new best accuracy
2018-10-30 01:42:49,997:INFO: Epoch 13/45
2018-10-30 01:45:50,559:INFO: - Train metrics: accuracy: 0.940 ; loss: 0.153
2018-10-30 01:46:30,931:INFO: - Eval metrics : accuracy: 0.940 ; loss: 0.150
2018-10-30 01:46:30,968:INFO: - Found new best accuracy
2018-10-30 01:46:30,969:INFO: Epoch 14/45
2018-10-30 01:49:29,453:INFO: - Train metrics: accuracy: 0.939 ; loss: 0.151
2018-10-30 01:50:03,822:INFO: - Eval metrics : accuracy: 0.940 ; loss: 0.149
2018-10-30 01:50:03,862:INFO: - Found new best accuracy
2018-10-30 01:50:03,863:INFO: Epoch 15/45
2018-10-30 01:53:03,626:INFO: - Train metrics: accuracy: 0.941 ; loss: 0.151
2018-10-30 01:53:43,996:INFO: - Eval metrics : accuracy: 0.936 ; loss: 0.158
2018-10-30 01:53:44,035:INFO: Epoch 16/45
2018-10-30 01:56:49,309:INFO: - Train metrics: accuracy: 0.937 ; loss: 0.152
2018-10-30 01:57:29,482:INFO: - Eval metrics : accuracy: 0.941 ; loss: 0.148
2018-10-30 01:57:29,522:INFO: - Found new best accuracy
2018-10-30 01:57:29,523:INFO: Epoch 17/45
2018-10-30 02:00:31,023:INFO: - Train metrics: accuracy: 0.942 ; loss: 0.149
2018-10-30 02:01:11,381:INFO: - Eval metrics : accuracy: 0.941 ; loss: 0.148
2018-10-30 02:01:11,426:INFO: - Found new best accuracy
2018-10-30 02:01:11,426:INFO: Epoch 18/45
2018-10-30 02:04:15,986:INFO: - Train metrics: accuracy: 0.939 ; loss: 0.149
2018-10-30 02:04:50,275:INFO: - Eval metrics : accuracy: 0.941 ; loss: 0.147
2018-10-30 02:04:50,317:INFO: - Found new best accuracy
2018-10-30 02:04:50,318:INFO: Epoch 19/45
2018-10-30 02:08:06,325:INFO: - Train metrics: accuracy: 0.940 ; loss: 0.149
2018-10-30 02:08:46,789:INFO: - Eval metrics : accuracy: 0.941 ; loss: 0.147
2018-10-30 02:08:46,825:INFO: - Found new best accuracy
2018-10-30 02:08:46,826:INFO: Epoch 20/45
2018-10-30 02:11:45,918:INFO: - Train metrics: accuracy: 0.940 ; loss: 0.149
2018-10-30 02:12:26,451:INFO: - Eval metrics : accuracy: 0.942 ; loss: 0.147
2018-10-30 02:12:26,490:INFO: - Found new best accuracy
2018-10-30 02:12:26,490:INFO: Epoch 21/45
2018-10-30 02:15:40,182:INFO: - Train metrics: accuracy: 0.941 ; loss: 0.149
2018-10-30 02:16:14,592:INFO: - Eval metrics : accuracy: 0.942 ; loss: 0.146
2018-10-30 02:16:14,633:INFO: - Found new best accuracy
2018-10-30 02:16:14,634:INFO: Epoch 22/45
2018-10-30 02:19:22,065:INFO: - Train metrics: accuracy: 0.943 ; loss: 0.148
2018-10-30 02:20:02,434:INFO: - Eval metrics : accuracy: 0.942 ; loss: 0.146
2018-10-30 02:20:02,473:INFO: - Found new best accuracy
2018-10-30 02:20:02,473:INFO: Epoch 23/45
2018-10-30 02:23:09,620:INFO: - Train metrics: accuracy: 0.943 ; loss: 0.147
2018-10-30 02:23:49,992:INFO: - Eval metrics : accuracy: 0.942 ; loss: 0.146
2018-10-30 02:23:50,032:INFO: Epoch 24/45
2018-10-30 02:26:55,182:INFO: - Train metrics: accuracy: 0.942 ; loss: 0.147
2018-10-30 02:27:35,671:INFO: - Eval metrics : accuracy: 0.942 ; loss: 0.145
2018-10-30 02:27:35,711:INFO: - Found new best accuracy
2018-10-30 02:27:35,711:INFO: Epoch 25/45
2018-10-30 02:30:42,813:INFO: - Train metrics: accuracy: 0.941 ; loss: 0.146
2018-10-30 02:31:23,024:INFO: - Eval metrics : accuracy: 0.942 ; loss: 0.145
2018-10-30 02:31:23,062:INFO: Epoch 26/45
2018-10-30 02:34:26,378:INFO: - Train metrics: accuracy: 0.942 ; loss: 0.146
2018-10-30 02:35:06,886:INFO: - Eval metrics : accuracy: 0.942 ; loss: 0.145
2018-10-30 02:35:06,928:INFO: - Found new best accuracy
2018-10-30 02:35:06,935:INFO: Epoch 27/45
2018-10-30 02:38:04,694:INFO: - Train metrics: accuracy: 0.943 ; loss: 0.146
2018-10-30 02:38:38,882:INFO: - Eval metrics : accuracy: 0.942 ; loss: 0.145
2018-10-30 02:38:38,920:INFO: - Found new best accuracy
2018-10-30 02:38:38,921:INFO: Epoch 28/45
2018-10-30 02:41:37,347:INFO: - Train metrics: accuracy: 0.943 ; loss: 0.145
2018-10-30 02:42:11,555:INFO: - Eval metrics : accuracy: 0.942 ; loss: 0.145
2018-10-30 02:42:11,600:INFO: - Found new best accuracy
2018-10-30 02:42:11,601:INFO: Epoch 29/45
2018-10-30 02:45:11,191:INFO: - Train metrics: accuracy: 0.943 ; loss: 0.145
2018-10-30 02:45:45,512:INFO: - Eval metrics : accuracy: 0.942 ; loss: 0.144
2018-10-30 02:45:45,551:INFO: - Found new best accuracy
2018-10-30 02:45:45,552:INFO: Epoch 30/45
