2018-10-21 22:09:18,131:INFO: Loading the dataset ...
2018-10-21 22:09:18,482:INFO: - done.
2018-10-21 22:09:22,455:INFO: Starting evaluation
2018-10-21 22:09:23,871:INFO: Labels=[0. 0. 1. 0. 0. 0. 0. 1. 0. 1.]
2018-10-21 22:09:23,872:INFO: Out prob=[9.51524600e-02 3.13564450e-01 4.40602213e-01 7.00523078e-01
 8.09922516e-01 6.96967880e-04 4.31230962e-02 8.91628802e-01
 4.39973921e-01 9.33239520e-01]
2018-10-21 22:09:23,872:INFO: ------------------------------------------------------------------------------------------------------------------------
2018-10-21 22:09:23,872:INFO: len labels after =15360
2018-10-21 22:09:23,872:INFO: len out_prob after15360
2018-10-21 22:09:23,872:INFO: length y_test=15360
2018-10-21 22:09:23,872:INFO: Lenght y_score=15360
2018-10-21 22:09:23,875:INFO: Length y_score 15360
2018-10-21 22:09:23,875:INFO: Length y_test 15360
2018-10-21 22:09:23,875:INFO: Thresholds[0:6] = 
 [0.99966121 0.99636096 0.99609923 0.99609756 0.99592054 0.99566287]
2018-10-21 22:09:23,876:INFO: Thresholds lenght = 
15354
2018-10-21 22:09:23,876:INFO: fpr lenght15354
2018-10-21 22:09:23,876:INFO: tpr lenght15354
2018-10-21 22:09:23,922:INFO: ------------------------------------------------------------------------------------------------------------------------
2018-10-21 22:09:23,926:INFO: roc_auc=0.8935535243318944
2018-10-21 22:09:23,926:INFO: ------------------------------------------------------------------------------------------------------------------------
2018-10-21 22:09:23,926:INFO: - Eval metrics : accuracy: 0.813 ; loss: 0.406
