2018-10-28 23:16:47,805:INFO: Loading the dataset ...
2018-10-28 23:16:48,308:INFO: - done.
2018-10-28 23:16:50,084:INFO: Starting evaluation
2018-10-28 23:17:09,419:INFO: Labels=[0. 0. 1. 0. 0. 0. 0. 1. 0. 1.]
2018-10-28 23:17:09,419:INFO: Out prob=[0.36637911 0.31097436 0.3968491  0.67341012 0.87532645 0.05681964
 0.09166268 0.91832393 0.51525426 0.97193277]
2018-10-28 23:17:09,419:INFO: ------------------------------------------------------------------------------------------------------------------------
2018-10-28 23:17:09,419:INFO: len labels after =16000
2018-10-28 23:17:09,419:INFO: len out_prob after16000
2018-10-28 23:17:09,419:INFO: length y_test=16000
2018-10-28 23:17:09,419:INFO: Lenght y_score=16000
2018-10-28 23:17:09,423:INFO: Length y_score 16000
2018-10-28 23:17:09,423:INFO: Length y_test 16000
2018-10-28 23:17:09,423:INFO: Thresholds[0:6] = 
 [0.99938142 0.99935287 0.99880981 0.99878734 0.99872059 0.9986614 ]
2018-10-28 23:17:09,423:INFO: Thresholds lenght = 
15987
2018-10-28 23:17:09,423:INFO: fpr lenght15987
2018-10-28 23:17:09,423:INFO: tpr lenght15987
2018-10-28 23:17:09,480:INFO: ------------------------------------------------------------------------------------------------------------------------
2018-10-28 23:17:09,484:INFO: roc_auc=0.8904530451633289
2018-10-28 23:17:09,484:INFO: ------------------------------------------------------------------------------------------------------------------------
2018-10-28 23:17:09,484:INFO: - Eval metrics : accuracy: 0.81763 ; loss: 0.41504
