2018-10-21 14:59:18,724:INFO: sample_name=top_qcd_jets_antikt_kt__40000_Njets_128_batch
2018-10-21 14:59:18,725:INFO: ------------------------------------------------------------
2018-10-21 14:59:18,725:INFO: Loading the datasets...
2018-10-21 14:59:20,245:INFO: - done loading the datasets
2018-10-21 14:59:20,246:INFO: ------------------------------------------------------------
2018-10-21 14:59:24,019:INFO: Building optimizer...
2018-10-21 14:59:24,019:INFO: Starting training for 30 epoch(s)
2018-10-21 14:59:24,019:INFO: Epoch 1/30
2018-10-21 15:00:27,485:INFO: - Train metrics: accuracy: 0.552 ; loss: 0.754
2018-10-21 15:00:36,716:INFO: - Eval metrics : accuracy: 0.763 ; loss: 0.547
2018-10-21 15:00:36,797:INFO: - Found new best accuracy
2018-10-21 15:00:36,798:INFO: Epoch 2/30
2018-10-21 15:01:39,886:INFO: - Train metrics: accuracy: 0.784 ; loss: 0.509
2018-10-21 15:01:48,018:INFO: - Eval metrics : accuracy: 0.779 ; loss: 0.485
2018-10-21 15:01:48,060:INFO: - Found new best accuracy
2018-10-21 15:01:48,060:INFO: Epoch 3/30
2018-10-21 15:02:51,056:INFO: - Train metrics: accuracy: 0.802 ; loss: 0.447
2018-10-21 15:02:58,533:INFO: - Eval metrics : accuracy: 0.790 ; loss: 0.470
2018-10-21 15:02:58,567:INFO: - Found new best accuracy
2018-10-21 15:02:58,567:INFO: Epoch 4/30
2018-10-21 15:04:01,254:INFO: - Train metrics: accuracy: 0.802 ; loss: 0.446
2018-10-21 15:04:08,832:INFO: - Eval metrics : accuracy: 0.793 ; loss: 0.450
2018-10-21 15:04:08,865:INFO: - Found new best accuracy
2018-10-21 15:04:08,865:INFO: Epoch 5/30
2018-10-21 15:05:11,871:INFO: - Train metrics: accuracy: 0.799 ; loss: 0.400
2018-10-21 15:05:19,391:INFO: - Eval metrics : accuracy: 0.800 ; loss: 0.437
2018-10-21 15:05:19,430:INFO: - Found new best accuracy
2018-10-21 15:05:19,430:INFO: Epoch 6/30
2018-10-21 15:06:22,144:INFO: - Train metrics: accuracy: 0.812 ; loss: 0.391
2018-10-21 15:06:29,655:INFO: - Eval metrics : accuracy: 0.804 ; loss: 0.431
2018-10-21 15:06:29,692:INFO: - Found new best accuracy
2018-10-21 15:06:29,693:INFO: Epoch 7/30
2018-10-21 15:07:32,432:INFO: - Train metrics: accuracy: 0.826 ; loss: 0.391
2018-10-21 15:07:39,917:INFO: - Eval metrics : accuracy: 0.806 ; loss: 0.430
2018-10-21 15:07:39,952:INFO: - Found new best accuracy
2018-10-21 15:07:39,952:INFO: Epoch 8/30
2018-10-21 15:08:42,585:INFO: - Train metrics: accuracy: 0.831 ; loss: 0.387
2018-10-21 15:08:50,013:INFO: - Eval metrics : accuracy: 0.808 ; loss: 0.427
2018-10-21 15:08:50,075:INFO: - Found new best accuracy
2018-10-21 15:08:50,076:INFO: Epoch 9/30
2018-10-21 15:09:52,179:INFO: - Train metrics: accuracy: 0.831 ; loss: 0.379
2018-10-21 15:09:59,635:INFO: - Eval metrics : accuracy: 0.808 ; loss: 0.426
2018-10-21 15:09:59,672:INFO: - Found new best accuracy
2018-10-21 15:09:59,672:INFO: Epoch 10/30
2018-10-21 15:11:01,457:INFO: - Train metrics: accuracy: 0.836 ; loss: 0.373
2018-10-21 15:11:08,923:INFO: - Eval metrics : accuracy: 0.809 ; loss: 0.423
2018-10-21 15:11:08,957:INFO: - Found new best accuracy
2018-10-21 15:11:08,958:INFO: Epoch 11/30
2018-10-21 15:12:10,515:INFO: - Train metrics: accuracy: 0.833 ; loss: 0.373
2018-10-21 15:12:17,933:INFO: - Eval metrics : accuracy: 0.810 ; loss: 0.422
2018-10-21 15:12:17,970:INFO: - Found new best accuracy
2018-10-21 15:12:17,970:INFO: Epoch 12/30
2018-10-21 15:13:19,823:INFO: - Train metrics: accuracy: 0.833 ; loss: 0.372
2018-10-21 15:13:27,245:INFO: - Eval metrics : accuracy: 0.809 ; loss: 0.422
2018-10-21 15:13:27,248:INFO: Epoch 13/30
2018-10-21 15:14:29,307:INFO: - Train metrics: accuracy: 0.833 ; loss: 0.373
2018-10-21 15:14:36,738:INFO: - Eval metrics : accuracy: 0.811 ; loss: 0.420
2018-10-21 15:14:36,779:INFO: - Found new best accuracy
2018-10-21 15:14:36,779:INFO: Epoch 14/30
2018-10-21 15:15:38,804:INFO: - Train metrics: accuracy: 0.833 ; loss: 0.376
2018-10-21 15:15:46,265:INFO: - Eval metrics : accuracy: 0.810 ; loss: 0.421
2018-10-21 15:15:46,303:INFO: Epoch 15/30
2018-10-21 15:16:48,107:INFO: - Train metrics: accuracy: 0.836 ; loss: 0.377
2018-10-21 15:16:55,563:INFO: - Eval metrics : accuracy: 0.812 ; loss: 0.419
2018-10-21 15:16:55,602:INFO: - Found new best accuracy
2018-10-21 15:16:55,602:INFO: Epoch 16/30
2018-10-21 15:17:57,229:INFO: - Train metrics: accuracy: 0.828 ; loss: 0.374
2018-10-21 15:18:04,678:INFO: - Eval metrics : accuracy: 0.812 ; loss: 0.418
2018-10-21 15:18:04,718:INFO: - Found new best accuracy
2018-10-21 15:18:04,719:INFO: Epoch 17/30
2018-10-21 15:19:06,465:INFO: - Train metrics: accuracy: 0.831 ; loss: 0.372
2018-10-21 15:19:13,938:INFO: - Eval metrics : accuracy: 0.813 ; loss: 0.417
2018-10-21 15:19:13,975:INFO: - Found new best accuracy
2018-10-21 15:19:13,976:INFO: Epoch 18/30
2018-10-21 15:20:15,507:INFO: - Train metrics: accuracy: 0.831 ; loss: 0.371
2018-10-21 15:20:22,980:INFO: - Eval metrics : accuracy: 0.813 ; loss: 0.417
2018-10-21 15:20:23,016:INFO: - Found new best accuracy
2018-10-21 15:20:23,017:INFO: Epoch 19/30
2018-10-21 15:21:24,385:INFO: - Train metrics: accuracy: 0.831 ; loss: 0.370
2018-10-21 15:21:31,856:INFO: - Eval metrics : accuracy: 0.814 ; loss: 0.417
2018-10-21 15:21:31,899:INFO: - Found new best accuracy
2018-10-21 15:21:31,900:INFO: Epoch 20/30
2018-10-21 15:22:33,388:INFO: - Train metrics: accuracy: 0.828 ; loss: 0.370
2018-10-21 15:22:40,831:INFO: - Eval metrics : accuracy: 0.813 ; loss: 0.417
2018-10-21 15:22:40,873:INFO: Epoch 21/30
2018-10-21 15:23:42,217:INFO: - Train metrics: accuracy: 0.828 ; loss: 0.369
2018-10-21 15:23:49,662:INFO: - Eval metrics : accuracy: 0.813 ; loss: 0.417
2018-10-21 15:23:49,697:INFO: Epoch 22/30
2018-10-21 15:24:51,334:INFO: - Train metrics: accuracy: 0.831 ; loss: 0.368
2018-10-21 15:24:58,773:INFO: - Eval metrics : accuracy: 0.814 ; loss: 0.417
2018-10-21 15:24:58,810:INFO: Epoch 23/30
2018-10-21 15:26:00,800:INFO: - Train metrics: accuracy: 0.831 ; loss: 0.369
2018-10-21 15:26:08,240:INFO: - Eval metrics : accuracy: 0.813 ; loss: 0.417
2018-10-21 15:26:08,279:INFO: Epoch 24/30
2018-10-21 15:27:10,424:INFO: - Train metrics: accuracy: 0.831 ; loss: 0.368
2018-10-21 15:27:17,858:INFO: - Eval metrics : accuracy: 0.814 ; loss: 0.416
2018-10-21 15:27:17,894:INFO: - Found new best accuracy
2018-10-21 15:27:17,895:INFO: Epoch 25/30
2018-10-21 15:28:19,989:INFO: - Train metrics: accuracy: 0.833 ; loss: 0.368
2018-10-21 15:28:27,428:INFO: - Eval metrics : accuracy: 0.814 ; loss: 0.416
2018-10-21 15:28:27,460:INFO: - Found new best accuracy
2018-10-21 15:28:27,461:INFO: Epoch 26/30
2018-10-21 15:29:29,515:INFO: - Train metrics: accuracy: 0.831 ; loss: 0.368
2018-10-21 15:29:36,949:INFO: - Eval metrics : accuracy: 0.815 ; loss: 0.416
2018-10-21 15:29:36,981:INFO: - Found new best accuracy
2018-10-21 15:29:36,981:INFO: Epoch 27/30
2018-10-21 15:30:38,767:INFO: - Train metrics: accuracy: 0.831 ; loss: 0.368
2018-10-21 15:30:45,962:INFO: - Eval metrics : accuracy: 0.814 ; loss: 0.416
2018-10-21 15:30:46,000:INFO: Epoch 28/30
2018-10-21 15:31:48,125:INFO: - Train metrics: accuracy: 0.831 ; loss: 0.367
2018-10-21 15:31:55,559:INFO: - Eval metrics : accuracy: 0.815 ; loss: 0.416
2018-10-21 15:31:55,599:INFO: - Found new best accuracy
2018-10-21 15:31:55,599:INFO: Epoch 29/30
