2018-10-21 19:17:35,405:INFO: Loading the dataset ...
2018-10-21 19:17:35,739:INFO: - done.
2018-10-21 19:17:39,829:INFO: Starting evaluation
2018-10-21 19:17:45,017:INFO: Labels=[0. 0. 1. 0. 0. 0. 0. 1. 0. 1.]
2018-10-21 19:17:45,017:INFO: Out prob=[0.34543884 0.3652308  0.34507933 0.41965851 0.78835434 0.07059439
 0.10111006 0.87845367 0.64691991 0.96762842]
2018-10-21 19:17:45,017:INFO: ------------------------------------------------------------------------------------------------------------------------
2018-10-21 19:17:45,017:INFO: len labels after =15872
2018-10-21 19:17:45,017:INFO: len out_prob after15872
2018-10-21 19:17:45,017:INFO: length y_test=15872
2018-10-21 19:17:45,017:INFO: Lenght y_score=15872
2018-10-21 19:17:45,020:INFO: Length y_score 15872
2018-10-21 19:17:45,020:INFO: Length y_test 15872
2018-10-21 19:17:45,021:INFO: Thresholds[0:6] = 
 [0.99898654 0.9989059  0.99884146 0.99841511 0.99819034 0.99770385]
2018-10-21 19:17:45,021:INFO: Thresholds lenght = 
15854
2018-10-21 19:17:45,021:INFO: fpr lenght15854
2018-10-21 19:17:45,021:INFO: tpr lenght15854
2018-10-21 19:17:45,082:INFO: ------------------------------------------------------------------------------------------------------------------------
2018-10-21 19:17:45,086:INFO: roc_auc=0.876801323071975
2018-10-21 19:17:45,086:INFO: ------------------------------------------------------------------------------------------------------------------------
2018-10-21 19:17:45,087:INFO: - Eval metrics : accuracy: 0.806 ; loss: 0.437
