2018-10-21 18:57:12,850:INFO: sample_name=top_qcd_jets_antikt_kt__40000_Njets_256_batch
2018-10-21 18:57:12,851:INFO: ------------------------------------------------------------
2018-10-21 18:57:12,851:INFO: Loading the datasets...
2018-10-21 18:57:14,130:INFO: - done loading the datasets
2018-10-21 18:57:14,130:INFO: ------------------------------------------------------------
2018-10-21 18:57:18,156:INFO: Building optimizer...
2018-10-21 18:57:18,157:INFO: Starting training for 30 epoch(s)
2018-10-21 18:57:18,157:INFO: Epoch 1/30
2018-10-21 18:57:54,150:INFO: - Train metrics: accuracy: 0.541 ; loss: 0.772
2018-10-21 18:57:58,562:INFO: - Eval metrics : accuracy: 0.747 ; loss: 0.568
2018-10-21 18:57:58,625:INFO: - Found new best accuracy
2018-10-21 18:57:58,625:INFO: Epoch 2/30
2018-10-21 18:58:33,687:INFO: - Train metrics: accuracy: 0.758 ; loss: 0.549
2018-10-21 18:58:38,588:INFO: - Eval metrics : accuracy: 0.788 ; loss: 0.473
2018-10-21 18:58:38,625:INFO: - Found new best accuracy
2018-10-21 18:58:38,625:INFO: Epoch 3/30
2018-10-21 18:59:12,984:INFO: - Train metrics: accuracy: 0.793 ; loss: 0.447
2018-10-21 18:59:17,507:INFO: - Eval metrics : accuracy: 0.786 ; loss: 0.470
2018-10-21 18:59:17,551:INFO: Epoch 4/30
2018-10-21 18:59:55,799:INFO: - Train metrics: accuracy: 0.797 ; loss: 0.438
2018-10-21 19:00:01,214:INFO: - Eval metrics : accuracy: 0.796 ; loss: 0.451
2018-10-21 19:00:01,253:INFO: - Found new best accuracy
2018-10-21 19:00:01,253:INFO: Epoch 5/30
2018-10-21 19:00:35,190:INFO: - Train metrics: accuracy: 0.803 ; loss: 0.418
2018-10-21 19:00:39,548:INFO: - Eval metrics : accuracy: 0.797 ; loss: 0.454
2018-10-21 19:00:39,583:INFO: - Found new best accuracy
2018-10-21 19:00:39,584:INFO: Epoch 6/30
2018-10-21 19:01:13,473:INFO: - Train metrics: accuracy: 0.809 ; loss: 0.414
2018-10-21 19:01:17,814:INFO: - Eval metrics : accuracy: 0.799 ; loss: 0.458
2018-10-21 19:01:17,852:INFO: - Found new best accuracy
2018-10-21 19:01:17,852:INFO: Epoch 7/30
2018-10-21 19:01:54,713:INFO: - Train metrics: accuracy: 0.816 ; loss: 0.416
2018-10-21 19:02:00,109:INFO: - Eval metrics : accuracy: 0.799 ; loss: 0.446
2018-10-21 19:02:00,145:INFO: Epoch 8/30
2018-10-21 19:02:37,708:INFO: - Train metrics: accuracy: 0.803 ; loss: 0.424
2018-10-21 19:02:43,055:INFO: - Eval metrics : accuracy: 0.799 ; loss: 0.443
2018-10-21 19:02:43,094:INFO: Epoch 9/30
2018-10-21 19:03:17,862:INFO: - Train metrics: accuracy: 0.809 ; loss: 0.405
2018-10-21 19:03:22,201:INFO: - Eval metrics : accuracy: 0.778 ; loss: 0.466
2018-10-21 19:03:22,242:INFO: Epoch 10/30
2018-10-21 19:03:58,572:INFO: - Train metrics: accuracy: 0.795 ; loss: 0.429
2018-10-21 19:04:03,922:INFO: - Eval metrics : accuracy: 0.803 ; loss: 0.439
2018-10-21 19:04:03,953:INFO: - Found new best accuracy
2018-10-21 19:04:03,953:INFO: Epoch 11/30
2018-10-21 19:04:41,870:INFO: - Train metrics: accuracy: 0.803 ; loss: 0.407
2018-10-21 19:04:47,200:INFO: - Eval metrics : accuracy: 0.802 ; loss: 0.441
2018-10-21 19:04:47,234:INFO: Epoch 12/30
2018-10-21 19:05:22,171:INFO: - Train metrics: accuracy: 0.799 ; loss: 0.408
2018-10-21 19:05:26,489:INFO: - Eval metrics : accuracy: 0.803 ; loss: 0.437
2018-10-21 19:05:26,527:INFO: - Found new best accuracy
2018-10-21 19:05:26,528:INFO: Epoch 13/30
2018-10-21 19:06:00,283:INFO: - Train metrics: accuracy: 0.809 ; loss: 0.401
2018-10-21 19:06:04,413:INFO: - Eval metrics : accuracy: 0.803 ; loss: 0.437
2018-10-21 19:06:04,451:INFO: Epoch 14/30
2018-10-21 19:06:38,524:INFO: - Train metrics: accuracy: 0.805 ; loss: 0.400
2018-10-21 19:06:42,944:INFO: - Eval metrics : accuracy: 0.804 ; loss: 0.436
2018-10-21 19:06:42,985:INFO: - Found new best accuracy
2018-10-21 19:06:42,985:INFO: Epoch 15/30
2018-10-21 19:07:17,117:INFO: - Train metrics: accuracy: 0.805 ; loss: 0.399
2018-10-21 19:07:21,473:INFO: - Eval metrics : accuracy: 0.805 ; loss: 0.437
2018-10-21 19:07:21,476:INFO: - Found new best accuracy
2018-10-21 19:07:21,476:INFO: Epoch 16/30
2018-10-21 19:07:55,475:INFO: - Train metrics: accuracy: 0.811 ; loss: 0.398
2018-10-21 19:07:59,828:INFO: - Eval metrics : accuracy: 0.804 ; loss: 0.436
2018-10-21 19:07:59,871:INFO: Epoch 17/30
2018-10-21 19:08:36,417:INFO: - Train metrics: accuracy: 0.811 ; loss: 0.399
2018-10-21 19:08:41,720:INFO: - Eval metrics : accuracy: 0.805 ; loss: 0.436
2018-10-21 19:08:41,757:INFO: - Found new best accuracy
2018-10-21 19:08:41,759:INFO: Epoch 18/30
2018-10-21 19:09:18,685:INFO: - Train metrics: accuracy: 0.811 ; loss: 0.399
2018-10-21 19:09:24,048:INFO: - Eval metrics : accuracy: 0.805 ; loss: 0.436
2018-10-21 19:09:24,081:INFO: - Found new best accuracy
2018-10-21 19:09:24,081:INFO: Epoch 19/30
2018-10-21 19:09:58,515:INFO: - Train metrics: accuracy: 0.809 ; loss: 0.398
2018-10-21 19:10:02,823:INFO: - Eval metrics : accuracy: 0.805 ; loss: 0.436
2018-10-21 19:10:02,826:INFO: - Found new best accuracy
2018-10-21 19:10:02,827:INFO: Epoch 20/30
2018-10-21 19:10:36,994:INFO: - Train metrics: accuracy: 0.809 ; loss: 0.398
2018-10-21 19:10:41,356:INFO: - Eval metrics : accuracy: 0.805 ; loss: 0.436
2018-10-21 19:10:41,400:INFO: Epoch 21/30
2018-10-21 19:11:16,992:INFO: - Train metrics: accuracy: 0.809 ; loss: 0.398
2018-10-21 19:11:21,362:INFO: - Eval metrics : accuracy: 0.805 ; loss: 0.436
2018-10-21 19:11:21,405:INFO: - Found new best accuracy
2018-10-21 19:11:21,406:INFO: Epoch 22/30
2018-10-21 19:11:59,565:INFO: - Train metrics: accuracy: 0.811 ; loss: 0.398
2018-10-21 19:12:04,933:INFO: - Eval metrics : accuracy: 0.805 ; loss: 0.436
2018-10-21 19:12:04,970:INFO: - Found new best accuracy
2018-10-21 19:12:04,970:INFO: Epoch 23/30
2018-10-21 19:12:41,746:INFO: - Train metrics: accuracy: 0.811 ; loss: 0.398
2018-10-21 19:12:46,270:INFO: - Eval metrics : accuracy: 0.805 ; loss: 0.436
2018-10-21 19:12:46,311:INFO: - Found new best accuracy
2018-10-21 19:12:46,312:INFO: Epoch 24/30
2018-10-21 19:13:22,865:INFO: - Train metrics: accuracy: 0.812 ; loss: 0.398
2018-10-21 19:13:27,640:INFO: - Eval metrics : accuracy: 0.805 ; loss: 0.436
2018-10-21 19:13:27,681:INFO: - Found new best accuracy
2018-10-21 19:13:27,681:INFO: Epoch 25/30
2018-10-21 19:14:03,614:INFO: - Train metrics: accuracy: 0.811 ; loss: 0.398
2018-10-21 19:14:08,517:INFO: - Eval metrics : accuracy: 0.805 ; loss: 0.436
2018-10-21 19:14:08,548:INFO: Epoch 26/30
2018-10-21 19:14:45,331:INFO: - Train metrics: accuracy: 0.811 ; loss: 0.398
2018-10-21 19:14:50,700:INFO: - Eval metrics : accuracy: 0.805 ; loss: 0.436
2018-10-21 19:14:50,738:INFO: Epoch 27/30
2018-10-21 19:15:27,666:INFO: - Train metrics: accuracy: 0.811 ; loss: 0.398
2018-10-21 19:15:32,042:INFO: - Eval metrics : accuracy: 0.805 ; loss: 0.436
2018-10-21 19:15:32,071:INFO: Epoch 28/30
2018-10-21 19:16:06,219:INFO: - Train metrics: accuracy: 0.811 ; loss: 0.398
2018-10-21 19:16:10,573:INFO: - Eval metrics : accuracy: 0.805 ; loss: 0.436
2018-10-21 19:16:10,618:INFO: Epoch 29/30
2018-10-21 19:16:47,441:INFO: - Train metrics: accuracy: 0.811 ; loss: 0.398
2018-10-21 19:16:51,807:INFO: - Eval metrics : accuracy: 0.805 ; loss: 0.436
2018-10-21 19:16:51,847:INFO: Epoch 30/30
2018-10-21 19:17:28,016:INFO: - Train metrics: accuracy: 0.811 ; loss: 0.398
2018-10-21 19:17:33,430:INFO: - Eval metrics : accuracy: 0.805 ; loss: 0.436
2018-10-21 19:17:33,467:INFO: - Found new best accuracy
2018-10-21 19:17:33,468:INFO: Total time (minutes) =20.343629308541615
