2018-10-29 18:00:32,736:INFO: Loading the dataset ...
2018-10-29 18:00:33,047:INFO: - done.
2018-10-29 18:00:34,764:INFO: Starting evaluation
2018-10-29 18:00:35,476:INFO: Labels=[0. 0. 1. 0. 0. 0. 0. 1. 0. 1.]
2018-10-29 18:00:35,477:INFO: Out prob=[3.05446738e-04 8.32102299e-01 8.57969344e-01 8.30137968e-01
 7.12795258e-01 1.21217217e-05 1.00728031e-02 7.03243613e-01
 7.14355409e-01 9.06430006e-01]
2018-10-29 18:00:35,477:INFO: ------------------------------------------------------------------------------------------------------------------------
2018-10-29 18:00:35,477:INFO: len labels after =15360
2018-10-29 18:00:35,477:INFO: len out_prob after15360
2018-10-29 18:00:35,477:INFO: length y_test=15360
2018-10-29 18:00:35,477:INFO: Lenght y_score=15360
2018-10-29 18:00:35,480:INFO: Length y_score 15360
2018-10-29 18:00:35,480:INFO: Length y_test 15360
2018-10-29 18:00:35,480:INFO: Thresholds[0:6] = 
 [0.97215617 0.96927166 0.96621364 0.9658494  0.96539336 0.96528751]
2018-10-29 18:00:35,480:INFO: Thresholds lenght = 
15348
2018-10-29 18:00:35,480:INFO: fpr lenght15348
2018-10-29 18:00:35,480:INFO: tpr lenght15348
2018-10-29 18:00:35,526:INFO: ------------------------------------------------------------------------------------------------------------------------
2018-10-29 18:00:35,530:INFO: roc_auc=0.861470122637772
2018-10-29 18:00:35,530:INFO: ------------------------------------------------------------------------------------------------------------------------
2018-10-29 18:00:35,530:INFO: - Eval metrics : accuracy: 0.78197 ; loss: 0.44702
