2018-10-29 16:25:35,168:INFO: search_hyperparam_sample_name=top_qcd_jets_antikt_kt__40000_Njets_128_batch
2018-10-29 16:25:35,169:INFO: ------------------------------------------------------------
2018-10-29 16:25:35,169:INFO: Loading the datasets...
2018-10-29 16:25:36,239:INFO: - done loading the datasets
2018-10-29 16:25:36,239:INFO: ------------------------------------------------------------
2018-10-29 16:25:37,845:INFO: Building optimizer...
2018-10-29 16:25:37,845:INFO: Starting training for 30 epoch(s)
2018-10-29 16:25:37,845:INFO: Epoch 1/30
2018-10-29 16:25:58,866:INFO: - Train metrics: accuracy: 0.557 ; loss: 8.140
2018-10-29 16:26:01,480:INFO: - Eval metrics : accuracy: 0.500 ; loss: 13.816
2018-10-29 16:26:01,529:INFO: - Found new best accuracy
2018-10-29 16:26:01,530:INFO: Epoch 2/30
2018-10-29 16:26:22,357:INFO: - Train metrics: accuracy: 0.547 ; loss: 12.520
2018-10-29 16:26:24,941:INFO: - Eval metrics : accuracy: 0.500 ; loss: 13.816
2018-10-29 16:26:25,090:INFO: - Found new best accuracy
2018-10-29 16:26:25,090:INFO: Epoch 3/30
2018-10-29 16:26:45,798:INFO: - Train metrics: accuracy: 0.547 ; loss: 12.520
2018-10-29 16:26:48,402:INFO: - Eval metrics : accuracy: 0.500 ; loss: 13.816
2018-10-29 16:26:48,531:INFO: - Found new best accuracy
2018-10-29 16:26:48,532:INFO: Epoch 4/30
2018-10-29 16:27:09,309:INFO: - Train metrics: accuracy: 0.547 ; loss: 12.520
2018-10-29 16:27:11,894:INFO: - Eval metrics : accuracy: 0.500 ; loss: 13.816
2018-10-29 16:27:12,011:INFO: - Found new best accuracy
2018-10-29 16:27:12,012:INFO: Epoch 5/30
2018-10-29 16:27:32,895:INFO: - Train metrics: accuracy: 0.547 ; loss: 12.520
2018-10-29 16:27:35,498:INFO: - Eval metrics : accuracy: 0.500 ; loss: 13.816
2018-10-29 16:27:35,650:INFO: - Found new best accuracy
2018-10-29 16:27:35,651:INFO: Epoch 6/30
2018-10-29 16:27:56,136:INFO: - Train metrics: accuracy: 0.547 ; loss: 12.520
2018-10-29 16:27:58,710:INFO: - Eval metrics : accuracy: 0.500 ; loss: 13.816
2018-10-29 16:27:58,857:INFO: - Found new best accuracy
2018-10-29 16:27:58,857:INFO: Epoch 7/30
2018-10-29 16:28:18,780:INFO: - Train metrics: accuracy: 0.547 ; loss: 12.520
2018-10-29 16:28:21,304:INFO: - Eval metrics : accuracy: 0.500 ; loss: 13.816
2018-10-29 16:28:21,434:INFO: - Found new best accuracy
2018-10-29 16:28:21,434:INFO: Epoch 8/30
2018-10-29 16:28:42,148:INFO: - Train metrics: accuracy: 0.547 ; loss: 12.520
2018-10-29 16:28:44,719:INFO: - Eval metrics : accuracy: 0.500 ; loss: 13.816
2018-10-29 16:28:44,874:INFO: - Found new best accuracy
2018-10-29 16:28:44,874:INFO: Epoch 9/30
2018-10-29 16:29:01,383:INFO: - Train metrics: accuracy: 0.547 ; loss: 12.520
2018-10-29 16:29:03,822:INFO: - Eval metrics : accuracy: 0.500 ; loss: 13.816
2018-10-29 16:29:03,959:INFO: - Found new best accuracy
2018-10-29 16:29:03,960:INFO: Epoch 10/30
2018-10-29 16:29:24,302:INFO: - Train metrics: accuracy: 0.547 ; loss: 12.520
2018-10-29 16:29:26,828:INFO: - Eval metrics : accuracy: 0.500 ; loss: 13.816
2018-10-29 16:29:26,954:INFO: - Found new best accuracy
2018-10-29 16:29:26,982:INFO: Epoch 11/30
2018-10-29 16:29:47,561:INFO: - Train metrics: accuracy: 0.547 ; loss: 12.520
2018-10-29 16:29:50,147:INFO: - Eval metrics : accuracy: 0.500 ; loss: 13.816
2018-10-29 16:29:50,310:INFO: - Found new best accuracy
2018-10-29 16:29:50,311:INFO: Epoch 12/30
2018-10-29 16:30:11,380:INFO: - Train metrics: accuracy: 0.547 ; loss: 12.520
2018-10-29 16:30:14,013:INFO: - Eval metrics : accuracy: 0.500 ; loss: 13.816
2018-10-29 16:30:14,182:INFO: - Found new best accuracy
2018-10-29 16:30:14,183:INFO: Epoch 13/30
2018-10-29 16:30:34,950:INFO: - Train metrics: accuracy: 0.547 ; loss: 12.520
2018-10-29 16:30:37,711:INFO: - Eval metrics : accuracy: 0.500 ; loss: 13.816
2018-10-29 16:30:37,841:INFO: - Found new best accuracy
2018-10-29 16:30:37,842:INFO: Epoch 14/30
2018-10-29 16:30:58,873:INFO: - Train metrics: accuracy: 0.547 ; loss: 12.520
2018-10-29 16:31:01,365:INFO: - Eval metrics : accuracy: 0.500 ; loss: 13.816
2018-10-29 16:31:01,599:INFO: - Found new best accuracy
2018-10-29 16:31:01,600:INFO: Epoch 15/30
2018-10-29 16:31:22,405:INFO: - Train metrics: accuracy: 0.547 ; loss: 12.520
2018-10-29 16:31:25,047:INFO: - Eval metrics : accuracy: 0.500 ; loss: 13.816
2018-10-29 16:31:25,189:INFO: - Found new best accuracy
2018-10-29 16:31:25,190:INFO: Epoch 16/30
2018-10-29 16:31:45,846:INFO: - Train metrics: accuracy: 0.547 ; loss: 12.520
2018-10-29 16:31:48,439:INFO: - Eval metrics : accuracy: 0.500 ; loss: 13.816
2018-10-29 16:31:48,570:INFO: - Found new best accuracy
2018-10-29 16:31:48,571:INFO: Epoch 17/30
2018-10-29 16:32:09,150:INFO: - Train metrics: accuracy: 0.547 ; loss: 12.520
2018-10-29 16:32:11,721:INFO: - Eval metrics : accuracy: 0.500 ; loss: 13.816
2018-10-29 16:32:11,901:INFO: - Found new best accuracy
2018-10-29 16:32:11,902:INFO: Epoch 18/30
2018-10-29 16:32:32,715:INFO: - Train metrics: accuracy: 0.547 ; loss: 12.520
2018-10-29 16:32:35,397:INFO: - Eval metrics : accuracy: 0.500 ; loss: 13.816
2018-10-29 16:32:35,531:INFO: - Found new best accuracy
2018-10-29 16:32:35,532:INFO: Epoch 19/30
2018-10-29 16:32:56,246:INFO: - Train metrics: accuracy: 0.547 ; loss: 12.520
2018-10-29 16:32:58,878:INFO: - Eval metrics : accuracy: 0.500 ; loss: 13.816
2018-10-29 16:32:58,995:INFO: - Found new best accuracy
2018-10-29 16:32:58,996:INFO: Epoch 20/30
2018-10-29 16:33:19,866:INFO: - Train metrics: accuracy: 0.547 ; loss: 12.520
2018-10-29 16:33:22,390:INFO: - Eval metrics : accuracy: 0.500 ; loss: 13.816
2018-10-29 16:33:22,512:INFO: - Found new best accuracy
2018-10-29 16:33:22,513:INFO: Epoch 21/30
2018-10-29 16:33:43,416:INFO: - Train metrics: accuracy: 0.547 ; loss: 12.520
2018-10-29 16:33:45,976:INFO: - Eval metrics : accuracy: 0.500 ; loss: 13.816
2018-10-29 16:33:46,098:INFO: - Found new best accuracy
2018-10-29 16:33:46,099:INFO: Epoch 22/30
2018-10-29 16:34:06,854:INFO: - Train metrics: accuracy: 0.547 ; loss: 12.520
2018-10-29 16:34:09,346:INFO: - Eval metrics : accuracy: 0.500 ; loss: 13.816
2018-10-29 16:34:09,454:INFO: - Found new best accuracy
2018-10-29 16:34:09,455:INFO: Epoch 23/30
2018-10-29 16:34:30,257:INFO: - Train metrics: accuracy: 0.547 ; loss: 12.520
2018-10-29 16:34:32,794:INFO: - Eval metrics : accuracy: 0.500 ; loss: 13.816
2018-10-29 16:34:32,944:INFO: - Found new best accuracy
2018-10-29 16:34:32,945:INFO: Epoch 24/30
2018-10-29 16:34:53,940:INFO: - Train metrics: accuracy: 0.547 ; loss: 12.520
2018-10-29 16:34:56,501:INFO: - Eval metrics : accuracy: 0.500 ; loss: 13.816
2018-10-29 16:34:56,652:INFO: - Found new best accuracy
2018-10-29 16:34:56,653:INFO: Epoch 25/30
2018-10-29 16:35:17,109:INFO: - Train metrics: accuracy: 0.547 ; loss: 12.520
2018-10-29 16:35:19,787:INFO: - Eval metrics : accuracy: 0.500 ; loss: 13.816
2018-10-29 16:35:19,928:INFO: - Found new best accuracy
2018-10-29 16:35:19,928:INFO: Epoch 26/30
2018-10-29 16:35:40,777:INFO: - Train metrics: accuracy: 0.547 ; loss: 12.520
2018-10-29 16:35:43,274:INFO: - Eval metrics : accuracy: 0.500 ; loss: 13.816
2018-10-29 16:35:43,380:INFO: - Found new best accuracy
2018-10-29 16:35:43,381:INFO: Epoch 27/30
2018-10-29 16:36:04,055:INFO: - Train metrics: accuracy: 0.547 ; loss: 12.520
2018-10-29 16:36:06,715:INFO: - Eval metrics : accuracy: 0.500 ; loss: 13.816
2018-10-29 16:36:06,850:INFO: - Found new best accuracy
2018-10-29 16:36:06,851:INFO: Epoch 28/30
2018-10-29 16:36:27,632:INFO: - Train metrics: accuracy: 0.547 ; loss: 12.520
2018-10-29 16:36:30,384:INFO: - Eval metrics : accuracy: 0.500 ; loss: 13.816
2018-10-29 16:36:30,508:INFO: - Found new best accuracy
2018-10-29 16:36:30,508:INFO: Epoch 29/30
2018-10-29 16:36:51,353:INFO: - Train metrics: accuracy: 0.547 ; loss: 12.520
2018-10-29 16:36:54,025:INFO: - Eval metrics : accuracy: 0.500 ; loss: 13.816
2018-10-29 16:36:54,146:INFO: - Found new best accuracy
2018-10-29 16:36:54,147:INFO: Epoch 30/30
2018-10-29 16:37:15,053:INFO: - Train metrics: accuracy: 0.547 ; loss: 12.520
2018-10-29 16:37:17,676:INFO: - Eval metrics : accuracy: 0.500 ; loss: 13.816
2018-10-29 16:37:17,807:INFO: - Found new best accuracy
2018-10-29 16:37:17,808:INFO: Total time (minutes) =11.710650666554768
