2018-10-21 23:15:50,278:INFO: Loading the dataset ...
2018-10-21 23:15:50,538:INFO: - done.
2018-10-21 23:15:54,798:INFO: Starting evaluation
2018-10-21 23:15:57,762:INFO: Labels=[0. 0. 1. 0. 0. 0. 0. 1. 0. 1.]
2018-10-21 23:15:57,762:INFO: Out prob=[0.40009052 0.11421148 0.34430715 0.64142752 0.75151896 0.09151048
 0.09304989 0.81985301 0.69359028 0.98016042]
2018-10-21 23:15:57,762:INFO: ------------------------------------------------------------------------------------------------------------------------
2018-10-21 23:15:57,762:INFO: len labels after =15872
2018-10-21 23:15:57,763:INFO: len out_prob after15872
2018-10-21 23:15:57,763:INFO: length y_test=15872
2018-10-21 23:15:57,763:INFO: Lenght y_score=15872
2018-10-21 23:15:57,766:INFO: Length y_score 15872
2018-10-21 23:15:57,766:INFO: Length y_test 15872
2018-10-21 23:15:57,766:INFO: Thresholds[0:6] = 
 [0.99972278 0.99959999 0.99832553 0.99818343 0.99818122 0.99804246]
2018-10-21 23:15:57,766:INFO: Thresholds lenght = 
15858
2018-10-21 23:15:57,766:INFO: fpr lenght15858
2018-10-21 23:15:57,766:INFO: tpr lenght15858
2018-10-21 23:15:57,817:INFO: ------------------------------------------------------------------------------------------------------------------------
2018-10-21 23:15:57,821:INFO: roc_auc=0.8708188933214709
2018-10-21 23:15:57,821:INFO: ------------------------------------------------------------------------------------------------------------------------
2018-10-21 23:15:57,821:INFO: - Eval metrics : accuracy: 0.800 ; loss: 0.446
