2018-10-29 17:58:52,016:INFO: Loading the dataset ...
2018-10-29 17:58:52,334:INFO: - done.
2018-10-29 17:58:54,047:INFO: Starting evaluation
2018-10-29 17:58:55,037:INFO: Labels=[0. 0. 1. 0. 0. 0. 0. 1. 0. 1.]
2018-10-29 17:58:55,037:INFO: Out prob=[1.11050402e-04 8.71924162e-01 8.51817131e-01 6.77944124e-01
 7.77004421e-01 1.14537426e-03 7.47850686e-02 7.46458173e-01
 7.13695586e-01 8.19047093e-01]
2018-10-29 17:58:55,037:INFO: ------------------------------------------------------------------------------------------------------------------------
2018-10-29 17:58:55,037:INFO: len labels after =15872
2018-10-29 17:58:55,037:INFO: len out_prob after15872
2018-10-29 17:58:55,038:INFO: length y_test=15872
2018-10-29 17:58:55,038:INFO: Lenght y_score=15872
2018-10-29 17:58:55,041:INFO: Length y_score 15872
2018-10-29 17:58:55,041:INFO: Length y_test 15872
2018-10-29 17:58:55,041:INFO: Thresholds[0:6] = 
 [0.98312771 0.97192377 0.96999365 0.96982443 0.96810961 0.96515435]
2018-10-29 17:58:55,041:INFO: Thresholds lenght = 
15857
2018-10-29 17:58:55,041:INFO: fpr lenght15857
2018-10-29 17:58:55,041:INFO: tpr lenght15857
2018-10-29 17:58:55,087:INFO: ------------------------------------------------------------------------------------------------------------------------
2018-10-29 17:58:55,091:INFO: roc_auc=0.8485024459156112
2018-10-29 17:58:55,091:INFO: ------------------------------------------------------------------------------------------------------------------------
2018-10-29 17:58:55,092:INFO: - Eval metrics : accuracy: 0.77029 ; loss: 0.46743
