2018-10-29 17:56:14,143:INFO: search_hyperparam_sample_name=top_qcd_jets_antikt_kt__40000_Njets_512_batch
2018-10-29 17:56:14,144:INFO: ------------------------------------------------------------
2018-10-29 17:56:14,144:INFO: Loading the datasets...
2018-10-29 17:56:15,199:INFO: - done loading the datasets
2018-10-29 17:56:15,199:INFO: ------------------------------------------------------------
2018-10-29 17:56:16,883:INFO: Building optimizer...
2018-10-29 17:56:16,883:INFO: Starting training for 30 epoch(s)
2018-10-29 17:56:16,883:INFO: Epoch 1/30
2018-10-29 17:56:21,785:INFO: - Train metrics: accuracy: 0.535 ; loss: 1.852
2018-10-29 17:56:22,820:INFO: - Eval metrics : accuracy: 0.657 ; loss: 0.596
2018-10-29 17:56:22,834:INFO: - Found new best accuracy
2018-10-29 17:56:22,834:INFO: Epoch 2/30
2018-10-29 17:56:26,975:INFO: - Train metrics: accuracy: 0.664 ; loss: 0.588
2018-10-29 17:56:27,824:INFO: - Eval metrics : accuracy: 0.722 ; loss: 0.529
2018-10-29 17:56:27,853:INFO: - Found new best accuracy
2018-10-29 17:56:27,854:INFO: Epoch 3/30
2018-10-29 17:56:32,107:INFO: - Train metrics: accuracy: 0.721 ; loss: 0.520
2018-10-29 17:56:33,014:INFO: - Eval metrics : accuracy: 0.750 ; loss: 0.503
2018-10-29 17:56:33,063:INFO: - Found new best accuracy
2018-10-29 17:56:33,064:INFO: Epoch 4/30
2018-10-29 17:56:37,231:INFO: - Train metrics: accuracy: 0.758 ; loss: 0.488
2018-10-29 17:56:38,301:INFO: - Eval metrics : accuracy: 0.741 ; loss: 0.506
2018-10-29 17:56:38,338:INFO: Epoch 5/30
2018-10-29 17:56:42,474:INFO: - Train metrics: accuracy: 0.750 ; loss: 0.495
2018-10-29 17:56:43,454:INFO: - Eval metrics : accuracy: 0.758 ; loss: 0.487
2018-10-29 17:56:43,494:INFO: - Found new best accuracy
2018-10-29 17:56:43,494:INFO: Epoch 6/30
2018-10-29 17:56:47,697:INFO: - Train metrics: accuracy: 0.775 ; loss: 0.471
2018-10-29 17:56:48,653:INFO: - Eval metrics : accuracy: 0.764 ; loss: 0.480
2018-10-29 17:56:48,695:INFO: - Found new best accuracy
2018-10-29 17:56:48,696:INFO: Epoch 7/30
2018-10-29 17:56:52,865:INFO: - Train metrics: accuracy: 0.775 ; loss: 0.463
2018-10-29 17:56:53,771:INFO: - Eval metrics : accuracy: 0.765 ; loss: 0.476
2018-10-29 17:56:53,809:INFO: - Found new best accuracy
2018-10-29 17:56:53,810:INFO: Epoch 8/30
2018-10-29 17:56:58,303:INFO: - Train metrics: accuracy: 0.779 ; loss: 0.458
2018-10-29 17:56:59,386:INFO: - Eval metrics : accuracy: 0.768 ; loss: 0.472
2018-10-29 17:56:59,426:INFO: - Found new best accuracy
2018-10-29 17:56:59,426:INFO: Epoch 9/30
2018-10-29 17:57:03,521:INFO: - Train metrics: accuracy: 0.775 ; loss: 0.454
2018-10-29 17:57:04,383:INFO: - Eval metrics : accuracy: 0.770 ; loss: 0.470
2018-10-29 17:57:04,423:INFO: - Found new best accuracy
2018-10-29 17:57:04,423:INFO: Epoch 10/30
2018-10-29 17:57:08,320:INFO: - Train metrics: accuracy: 0.775 ; loss: 0.450
2018-10-29 17:57:09,203:INFO: - Eval metrics : accuracy: 0.770 ; loss: 0.468
2018-10-29 17:57:09,237:INFO: - Found new best accuracy
2018-10-29 17:57:09,238:INFO: Epoch 11/30
2018-10-29 17:57:13,674:INFO: - Train metrics: accuracy: 0.779 ; loss: 0.448
2018-10-29 17:57:14,539:INFO: - Eval metrics : accuracy: 0.771 ; loss: 0.467
2018-10-29 17:57:14,596:INFO: - Found new best accuracy
2018-10-29 17:57:14,597:INFO: Epoch 12/30
2018-10-29 17:57:18,693:INFO: - Train metrics: accuracy: 0.777 ; loss: 0.448
2018-10-29 17:57:19,589:INFO: - Eval metrics : accuracy: 0.771 ; loss: 0.467
2018-10-29 17:57:19,630:INFO: - Found new best accuracy
2018-10-29 17:57:19,630:INFO: Epoch 13/30
2018-10-29 17:57:23,636:INFO: - Train metrics: accuracy: 0.777 ; loss: 0.447
2018-10-29 17:57:24,717:INFO: - Eval metrics : accuracy: 0.771 ; loss: 0.466
2018-10-29 17:57:24,760:INFO: - Found new best accuracy
2018-10-29 17:57:24,760:INFO: Epoch 14/30
2018-10-29 17:57:29,077:INFO: - Train metrics: accuracy: 0.777 ; loss: 0.446
2018-10-29 17:57:29,973:INFO: - Eval metrics : accuracy: 0.771 ; loss: 0.466
2018-10-29 17:57:30,012:INFO: - Found new best accuracy
2018-10-29 17:57:30,013:INFO: Epoch 15/30
2018-10-29 17:57:34,295:INFO: - Train metrics: accuracy: 0.777 ; loss: 0.445
2018-10-29 17:57:35,095:INFO: - Eval metrics : accuracy: 0.771 ; loss: 0.465
2018-10-29 17:57:35,129:INFO: - Found new best accuracy
2018-10-29 17:57:35,130:INFO: Epoch 16/30
2018-10-29 17:57:39,610:INFO: - Train metrics: accuracy: 0.777 ; loss: 0.445
2018-10-29 17:57:40,526:INFO: - Eval metrics : accuracy: 0.772 ; loss: 0.465
2018-10-29 17:57:40,567:INFO: - Found new best accuracy
2018-10-29 17:57:40,568:INFO: Epoch 17/30
2018-10-29 17:57:44,938:INFO: - Train metrics: accuracy: 0.779 ; loss: 0.445
2018-10-29 17:57:45,837:INFO: - Eval metrics : accuracy: 0.772 ; loss: 0.465
2018-10-29 17:57:45,872:INFO: - Found new best accuracy
2018-10-29 17:57:45,873:INFO: Epoch 18/30
2018-10-29 17:57:50,478:INFO: - Train metrics: accuracy: 0.779 ; loss: 0.444
2018-10-29 17:57:51,407:INFO: - Eval metrics : accuracy: 0.772 ; loss: 0.465
2018-10-29 17:57:51,444:INFO: - Found new best accuracy
2018-10-29 17:57:51,444:INFO: Epoch 19/30
2018-10-29 17:57:56,582:INFO: - Train metrics: accuracy: 0.779 ; loss: 0.444
2018-10-29 17:57:57,414:INFO: - Eval metrics : accuracy: 0.772 ; loss: 0.465
2018-10-29 17:57:57,448:INFO: - Found new best accuracy
2018-10-29 17:57:57,449:INFO: Epoch 20/30
2018-10-29 17:58:02,324:INFO: - Train metrics: accuracy: 0.779 ; loss: 0.444
2018-10-29 17:58:03,468:INFO: - Eval metrics : accuracy: 0.772 ; loss: 0.465
2018-10-29 17:58:03,508:INFO: Epoch 21/30
2018-10-29 17:58:07,622:INFO: - Train metrics: accuracy: 0.779 ; loss: 0.444
2018-10-29 17:58:08,374:INFO: - Eval metrics : accuracy: 0.772 ; loss: 0.465
2018-10-29 17:58:08,433:INFO: Epoch 22/30
2018-10-29 17:58:12,542:INFO: - Train metrics: accuracy: 0.779 ; loss: 0.444
2018-10-29 17:58:13,306:INFO: - Eval metrics : accuracy: 0.772 ; loss: 0.465
2018-10-29 17:58:13,335:INFO: Epoch 23/30
2018-10-29 17:58:17,103:INFO: - Train metrics: accuracy: 0.779 ; loss: 0.444
2018-10-29 17:58:17,857:INFO: - Eval metrics : accuracy: 0.772 ; loss: 0.465
2018-10-29 17:58:17,859:INFO: Epoch 24/30
2018-10-29 17:58:21,897:INFO: - Train metrics: accuracy: 0.779 ; loss: 0.444
2018-10-29 17:58:22,813:INFO: - Eval metrics : accuracy: 0.772 ; loss: 0.465
2018-10-29 17:58:22,832:INFO: Epoch 25/30
2018-10-29 17:58:26,714:INFO: - Train metrics: accuracy: 0.779 ; loss: 0.444
2018-10-29 17:58:27,621:INFO: - Eval metrics : accuracy: 0.772 ; loss: 0.465
2018-10-29 17:58:27,623:INFO: Epoch 26/30
2018-10-29 17:58:31,498:INFO: - Train metrics: accuracy: 0.779 ; loss: 0.444
2018-10-29 17:58:32,251:INFO: - Eval metrics : accuracy: 0.772 ; loss: 0.465
2018-10-29 17:58:32,285:INFO: Epoch 27/30
2018-10-29 17:58:36,168:INFO: - Train metrics: accuracy: 0.779 ; loss: 0.444
2018-10-29 17:58:36,898:INFO: - Eval metrics : accuracy: 0.772 ; loss: 0.465
2018-10-29 17:58:36,932:INFO: Epoch 28/30
2018-10-29 17:58:40,626:INFO: - Train metrics: accuracy: 0.779 ; loss: 0.444
2018-10-29 17:58:41,341:INFO: - Eval metrics : accuracy: 0.772 ; loss: 0.465
2018-10-29 17:58:41,379:INFO: Epoch 29/30
2018-10-29 17:58:45,129:INFO: - Train metrics: accuracy: 0.779 ; loss: 0.444
2018-10-29 17:58:45,881:INFO: - Eval metrics : accuracy: 0.772 ; loss: 0.465
2018-10-29 17:58:45,918:INFO: Epoch 30/30
2018-10-29 17:58:49,468:INFO: - Train metrics: accuracy: 0.779 ; loss: 0.444
2018-10-29 17:58:50,145:INFO: - Eval metrics : accuracy: 0.772 ; loss: 0.465
2018-10-29 17:58:50,182:INFO: Total time (minutes) =2.6006465752919516
