2018-10-29 17:21:32,264:INFO: Loading the dataset ...
2018-10-29 17:21:32,614:INFO: - done.
2018-10-29 17:21:34,290:INFO: Starting evaluation
2018-10-29 17:21:39,080:INFO: Labels=[0. 0. 1. 0. 0. 0. 0. 1. 0. 1.]
2018-10-29 17:21:39,081:INFO: Out prob=[6.15820900e-05 8.18754375e-01 9.94573176e-01 9.61839795e-01
 8.95078540e-01 1.36900435e-10 1.00946081e-05 8.40186000e-01
 1.39045657e-03 9.95463431e-01]
2018-10-29 17:21:39,081:INFO: ------------------------------------------------------------------------------------------------------------------------
2018-10-29 17:21:39,081:INFO: len labels after =16000
2018-10-29 17:21:39,081:INFO: len out_prob after16000
2018-10-29 17:21:39,081:INFO: length y_test=16000
2018-10-29 17:21:39,081:INFO: Lenght y_score=16000
2018-10-29 17:21:39,085:INFO: Length y_score 16000
2018-10-29 17:21:39,085:INFO: Length y_test 16000
2018-10-29 17:21:39,086:INFO: Thresholds[0:6] = 
 [0.99960285 0.99931514 0.99929082 0.99927646 0.99925882 0.99922764]
2018-10-29 17:21:39,086:INFO: Thresholds lenght = 
15956
2018-10-29 17:21:39,086:INFO: fpr lenght15956
2018-10-29 17:21:39,086:INFO: tpr lenght15956
2018-10-29 17:21:39,201:INFO: ------------------------------------------------------------------------------------------------------------------------
2018-10-29 17:21:39,205:INFO: roc_auc=0.9703707104745425
2018-10-29 17:21:39,205:INFO: ------------------------------------------------------------------------------------------------------------------------
2018-10-29 17:21:39,206:INFO: - Eval metrics : accuracy: 0.91300 ; loss: 0.21417
