2018-10-21 22:07:46,361:INFO: Loading the dataset ...
2018-10-21 22:07:46,621:INFO: - done.
2018-10-21 22:07:50,447:INFO: Starting evaluation
2018-10-21 22:07:51,854:INFO: Labels=[0. 0. 1. 0. 0. 0. 0. 1. 0. 1.]
2018-10-21 22:07:51,854:INFO: Out prob=[0.13980356 0.20472415 0.505234   0.63096642 0.87623614 0.00125387
 0.02152964 0.90001637 0.30831558 0.97445655]
2018-10-21 22:07:51,854:INFO: ------------------------------------------------------------------------------------------------------------------------
2018-10-21 22:07:51,854:INFO: len labels after =15360
2018-10-21 22:07:51,854:INFO: len out_prob after15360
2018-10-21 22:07:51,854:INFO: length y_test=15360
2018-10-21 22:07:51,854:INFO: Lenght y_score=15360
2018-10-21 22:07:51,857:INFO: Length y_score 15360
2018-10-21 22:07:51,857:INFO: Length y_test 15360
2018-10-21 22:07:51,858:INFO: Thresholds[0:6] = 
 [0.99981111 0.99937004 0.99915838 0.99911684 0.99906677 0.99897468]
2018-10-21 22:07:51,858:INFO: Thresholds lenght = 
15355
2018-10-21 22:07:51,858:INFO: fpr lenght15355
2018-10-21 22:07:51,858:INFO: tpr lenght15355
2018-10-21 22:07:51,902:INFO: ------------------------------------------------------------------------------------------------------------------------
2018-10-21 22:07:51,906:INFO: roc_auc=0.9005542568724612
2018-10-21 22:07:51,906:INFO: ------------------------------------------------------------------------------------------------------------------------
2018-10-21 22:07:51,906:INFO: - Eval metrics : accuracy: 0.817 ; loss: 0.393
