2018-10-21 22:01:33,650:INFO: sample_name=top_qcd_jets_antikt_kt__40000_Njets_1024_batch
2018-10-21 22:01:33,650:INFO: ------------------------------------------------------------
2018-10-21 22:01:33,650:INFO: Loading the datasets...
2018-10-21 22:01:34,838:INFO: - done loading the datasets
2018-10-21 22:01:34,838:INFO: ------------------------------------------------------------
2018-10-21 22:01:39,036:INFO: Building optimizer...
2018-10-21 22:01:39,036:INFO: Starting training for 30 epoch(s)
2018-10-21 22:01:39,036:INFO: Epoch 1/30
2018-10-21 22:01:49,853:INFO: - Train metrics: accuracy: 0.519 ; loss: 0.898
2018-10-21 22:01:51,375:INFO: - Eval metrics : accuracy: 0.579 ; loss: 0.673
2018-10-21 22:01:51,425:INFO: - Found new best accuracy
2018-10-21 22:01:51,426:INFO: Epoch 2/30
2018-10-21 22:02:02,029:INFO: - Train metrics: accuracy: 0.589 ; loss: 0.672
2018-10-21 22:02:03,771:INFO: - Eval metrics : accuracy: 0.650 ; loss: 0.626
2018-10-21 22:02:03,784:INFO: - Found new best accuracy
2018-10-21 22:02:03,784:INFO: Epoch 3/30
2018-10-21 22:02:14,070:INFO: - Train metrics: accuracy: 0.639 ; loss: 0.621
2018-10-21 22:02:15,612:INFO: - Eval metrics : accuracy: 0.789 ; loss: 0.461
2018-10-21 22:02:15,648:INFO: - Found new best accuracy
2018-10-21 22:02:15,649:INFO: Epoch 4/30
2018-10-21 22:02:25,806:INFO: - Train metrics: accuracy: 0.805 ; loss: 0.445
2018-10-21 22:02:27,248:INFO: - Eval metrics : accuracy: 0.785 ; loss: 0.448
2018-10-21 22:02:27,291:INFO: Epoch 5/30
2018-10-21 22:02:37,608:INFO: - Train metrics: accuracy: 0.784 ; loss: 0.438
2018-10-21 22:02:39,096:INFO: - Eval metrics : accuracy: 0.807 ; loss: 0.411
2018-10-21 22:02:39,164:INFO: - Found new best accuracy
2018-10-21 22:02:39,165:INFO: Epoch 6/30
2018-10-21 22:02:49,485:INFO: - Train metrics: accuracy: 0.816 ; loss: 0.399
2018-10-21 22:02:51,118:INFO: - Eval metrics : accuracy: 0.800 ; loss: 0.426
2018-10-21 22:02:51,155:INFO: Epoch 7/30
2018-10-21 22:03:00,976:INFO: - Train metrics: accuracy: 0.807 ; loss: 0.410
2018-10-21 22:03:02,568:INFO: - Eval metrics : accuracy: 0.810 ; loss: 0.405
2018-10-21 22:03:02,611:INFO: - Found new best accuracy
2018-10-21 22:03:02,612:INFO: Epoch 8/30
2018-10-21 22:03:09,626:INFO: - Train metrics: accuracy: 0.818 ; loss: 0.387
2018-10-21 22:03:10,905:INFO: - Eval metrics : accuracy: 0.811 ; loss: 0.404
2018-10-21 22:03:10,943:INFO: - Found new best accuracy
2018-10-21 22:03:10,944:INFO: Epoch 9/30
2018-10-21 22:03:20,730:INFO: - Train metrics: accuracy: 0.816 ; loss: 0.384
2018-10-21 22:03:22,195:INFO: - Eval metrics : accuracy: 0.812 ; loss: 0.402
2018-10-21 22:03:22,236:INFO: - Found new best accuracy
2018-10-21 22:03:22,237:INFO: Epoch 10/30
2018-10-21 22:03:33,121:INFO: - Train metrics: accuracy: 0.821 ; loss: 0.380
2018-10-21 22:03:34,617:INFO: - Eval metrics : accuracy: 0.814 ; loss: 0.400
2018-10-21 22:03:34,620:INFO: - Found new best accuracy
2018-10-21 22:03:34,620:INFO: Epoch 11/30
2018-10-21 22:03:45,562:INFO: - Train metrics: accuracy: 0.821 ; loss: 0.378
2018-10-21 22:03:47,318:INFO: - Eval metrics : accuracy: 0.813 ; loss: 0.399
2018-10-21 22:03:47,321:INFO: Epoch 12/30
2018-10-21 22:03:58,255:INFO: - Train metrics: accuracy: 0.830 ; loss: 0.376
2018-10-21 22:03:59,741:INFO: - Eval metrics : accuracy: 0.813 ; loss: 0.398
2018-10-21 22:03:59,806:INFO: Epoch 13/30
2018-10-21 22:04:09,996:INFO: - Train metrics: accuracy: 0.831 ; loss: 0.376
2018-10-21 22:04:11,479:INFO: - Eval metrics : accuracy: 0.814 ; loss: 0.397
2018-10-21 22:04:11,514:INFO: - Found new best accuracy
2018-10-21 22:04:11,515:INFO: Epoch 14/30
2018-10-21 22:04:22,623:INFO: - Train metrics: accuracy: 0.827 ; loss: 0.375
2018-10-21 22:04:24,166:INFO: - Eval metrics : accuracy: 0.814 ; loss: 0.397
2018-10-21 22:04:24,198:INFO: Epoch 15/30
2018-10-21 22:04:35,118:INFO: - Train metrics: accuracy: 0.828 ; loss: 0.375
2018-10-21 22:04:36,576:INFO: - Eval metrics : accuracy: 0.814 ; loss: 0.397
2018-10-21 22:04:36,616:INFO: Epoch 16/30
2018-10-21 22:04:47,777:INFO: - Train metrics: accuracy: 0.828 ; loss: 0.374
2018-10-21 22:04:49,287:INFO: - Eval metrics : accuracy: 0.814 ; loss: 0.397
2018-10-21 22:04:49,329:INFO: - Found new best accuracy
2018-10-21 22:04:49,329:INFO: Epoch 17/30
2018-10-21 22:04:59,761:INFO: - Train metrics: accuracy: 0.829 ; loss: 0.374
2018-10-21 22:05:01,656:INFO: - Eval metrics : accuracy: 0.814 ; loss: 0.397
2018-10-21 22:05:01,696:INFO: Epoch 18/30
2018-10-21 22:05:13,016:INFO: - Train metrics: accuracy: 0.828 ; loss: 0.374
2018-10-21 22:05:14,500:INFO: - Eval metrics : accuracy: 0.814 ; loss: 0.397
2018-10-21 22:05:14,538:INFO: Epoch 19/30
2018-10-21 22:05:25,300:INFO: - Train metrics: accuracy: 0.830 ; loss: 0.373
2018-10-21 22:05:26,838:INFO: - Eval metrics : accuracy: 0.814 ; loss: 0.397
2018-10-21 22:05:26,876:INFO: - Found new best accuracy
2018-10-21 22:05:26,877:INFO: Epoch 20/30
2018-10-21 22:05:37,457:INFO: - Train metrics: accuracy: 0.830 ; loss: 0.373
2018-10-21 22:05:38,993:INFO: - Eval metrics : accuracy: 0.814 ; loss: 0.397
2018-10-21 22:05:39,036:INFO: - Found new best accuracy
2018-10-21 22:05:39,037:INFO: Epoch 21/30
2018-10-21 22:05:50,419:INFO: - Train metrics: accuracy: 0.830 ; loss: 0.373
2018-10-21 22:05:51,875:INFO: - Eval metrics : accuracy: 0.815 ; loss: 0.397
2018-10-21 22:05:51,903:INFO: - Found new best accuracy
2018-10-21 22:05:51,904:INFO: Epoch 22/30
2018-10-21 22:06:03,204:INFO: - Train metrics: accuracy: 0.830 ; loss: 0.373
2018-10-21 22:06:04,990:INFO: - Eval metrics : accuracy: 0.814 ; loss: 0.397
2018-10-21 22:06:05,032:INFO: Epoch 23/30
2018-10-21 22:06:16,333:INFO: - Train metrics: accuracy: 0.830 ; loss: 0.373
2018-10-21 22:06:18,123:INFO: - Eval metrics : accuracy: 0.814 ; loss: 0.397
2018-10-21 22:06:18,126:INFO: Epoch 24/30
2018-10-21 22:06:28,349:INFO: - Train metrics: accuracy: 0.830 ; loss: 0.373
2018-10-21 22:06:30,086:INFO: - Eval metrics : accuracy: 0.814 ; loss: 0.397
2018-10-21 22:06:30,121:INFO: Epoch 25/30
2018-10-21 22:06:41,318:INFO: - Train metrics: accuracy: 0.830 ; loss: 0.373
2018-10-21 22:06:43,071:INFO: - Eval metrics : accuracy: 0.814 ; loss: 0.397
2018-10-21 22:06:43,108:INFO: Epoch 26/30
2018-10-21 22:06:54,390:INFO: - Train metrics: accuracy: 0.830 ; loss: 0.373
2018-10-21 22:06:56,181:INFO: - Eval metrics : accuracy: 0.814 ; loss: 0.397
2018-10-21 22:06:56,217:INFO: Epoch 27/30
2018-10-21 22:07:07,454:INFO: - Train metrics: accuracy: 0.830 ; loss: 0.373
2018-10-21 22:07:09,245:INFO: - Eval metrics : accuracy: 0.814 ; loss: 0.397
2018-10-21 22:07:09,284:INFO: Epoch 28/30
2018-10-21 22:07:19,502:INFO: - Train metrics: accuracy: 0.830 ; loss: 0.373
2018-10-21 22:07:21,286:INFO: - Eval metrics : accuracy: 0.814 ; loss: 0.397
2018-10-21 22:07:21,327:INFO: Epoch 29/30
2018-10-21 22:07:32,674:INFO: - Train metrics: accuracy: 0.830 ; loss: 0.373
2018-10-21 22:07:34,139:INFO: - Eval metrics : accuracy: 0.814 ; loss: 0.397
2018-10-21 22:07:34,177:INFO: Epoch 30/30
2018-10-21 22:07:42,775:INFO: - Train metrics: accuracy: 0.830 ; loss: 0.373
2018-10-21 22:07:44,530:INFO: - Eval metrics : accuracy: 0.814 ; loss: 0.397
2018-10-21 22:07:44,571:INFO: Total time (minutes) =6.182013511657715
