2018-10-31 00:07:51,902:INFO: Loading the dataset ...
2018-10-31 00:07:53,032:INFO: - done.
2018-10-31 00:07:54,889:INFO: Starting evaluation
2018-10-31 00:08:04,650:INFO: Labels=[1. 1. 1. 1. 1. 1. 0. 0. 1. 0.]
2018-10-31 00:08:04,650:INFO: Out prob=[9.89638209e-01 9.57630634e-01 9.25954998e-01 9.91755724e-01
 9.53933835e-01 9.99105990e-01 1.02275874e-06 6.00041300e-02
 9.67456162e-01 1.08693553e-06]
2018-10-31 00:08:04,650:INFO: ------------------------------------------------------------------------------------------------------------------------
2018-10-31 00:08:04,650:INFO: len labels after =64000
2018-10-31 00:08:04,650:INFO: len out_prob after64000
2018-10-31 00:08:04,651:INFO: length y_test=64000
2018-10-31 00:08:04,651:INFO: Lenght y_score=64000
2018-10-31 00:08:04,663:INFO: Length y_score 64000
2018-10-31 00:08:04,663:INFO: Length y_test 64000
2018-10-31 00:08:04,663:INFO: Thresholds[0:6] = 
 [0.99988401 0.99986231 0.99985313 0.99984825 0.99984789 0.99984753]
2018-10-31 00:08:04,663:INFO: Thresholds lenght = 
62426
2018-10-31 00:08:04,663:INFO: fpr lenght62426
2018-10-31 00:08:04,663:INFO: tpr lenght62426
2018-10-31 00:08:04,849:INFO: ------------------------------------------------------------------------------------------------------------------------
2018-10-31 00:08:04,863:INFO: roc_auc=0.9849584785009359
2018-10-31 00:08:04,864:INFO: ------------------------------------------------------------------------------------------------------------------------
2018-10-31 00:08:04,866:INFO: - Eval metrics : accuracy: 0.93956 ; loss: 0.15232
