2018-10-29 16:02:06,785:INFO: Loading the dataset ...
2018-10-29 16:02:07,105:INFO: - done.
2018-10-29 16:02:08,902:INFO: Starting evaluation
2018-10-29 16:02:09,986:INFO: Labels=[0. 0. 1. 0. 0. 0. 0. 1. 0. 1.]
2018-10-29 16:02:09,987:INFO: Out prob=[1. 1. 1. 1. 1. 1. 1. 1. 1. 1.]
2018-10-29 16:02:09,987:INFO: ------------------------------------------------------------------------------------------------------------------------
2018-10-29 16:02:09,987:INFO: len labels after =15360
2018-10-29 16:02:09,987:INFO: len out_prob after15360
2018-10-29 16:02:09,987:INFO: length y_test=15360
2018-10-29 16:02:09,987:INFO: Lenght y_score=15360
2018-10-29 16:02:09,989:INFO: Length y_score 15360
2018-10-29 16:02:09,989:INFO: Length y_test 15360
2018-10-29 16:02:09,989:INFO: Thresholds[0:6] = 
 [2. 1.]
2018-10-29 16:02:09,989:INFO: Thresholds lenght = 
2
2018-10-29 16:02:09,989:INFO: fpr lenght2
2018-10-29 16:02:09,989:INFO: tpr lenght2
2018-10-29 16:02:09,990:INFO: ------------------------------------------------------------------------------------------------------------------------
2018-10-29 16:02:09,992:INFO: roc_auc=0.5
2018-10-29 16:02:09,992:INFO: ------------------------------------------------------------------------------------------------------------------------
2018-10-29 16:02:09,992:INFO: - Eval metrics : accuracy: 0.50007 ; loss: 13.81371
