2018-10-29 15:59:35,146:INFO: search_hyperparam_sample_name=top_qcd_jets_antikt_kt__40000_Njets_1024_batch
2018-10-29 15:59:35,147:INFO: ------------------------------------------------------------
2018-10-29 15:59:35,147:INFO: Loading the datasets...
2018-10-29 15:59:36,219:INFO: - done loading the datasets
2018-10-29 15:59:36,219:INFO: ------------------------------------------------------------
2018-10-29 15:59:37,905:INFO: Building optimizer...
2018-10-29 15:59:37,905:INFO: Starting training for 30 epoch(s)
2018-10-29 15:59:37,905:INFO: Epoch 1/30
2018-10-29 15:59:42,456:INFO: - Train metrics: accuracy: 0.481 ; loss: 1.936
2018-10-29 15:59:43,172:INFO: - Eval metrics : accuracy: 0.499 ; loss: 13.848
2018-10-29 15:59:43,187:INFO: - Found new best accuracy
2018-10-29 15:59:43,188:INFO: Epoch 2/30
2018-10-29 15:59:47,389:INFO: - Train metrics: accuracy: 0.519 ; loss: 13.303
2018-10-29 15:59:47,997:INFO: - Eval metrics : accuracy: 0.499 ; loss: 13.848
2018-10-29 15:59:48,039:INFO: - Found new best accuracy
2018-10-29 15:59:48,040:INFO: Epoch 3/30
2018-10-29 15:59:52,099:INFO: - Train metrics: accuracy: 0.519 ; loss: 13.303
2018-10-29 15:59:52,792:INFO: - Eval metrics : accuracy: 0.499 ; loss: 13.848
2018-10-29 15:59:52,833:INFO: - Found new best accuracy
2018-10-29 15:59:52,833:INFO: Epoch 4/30
2018-10-29 15:59:57,143:INFO: - Train metrics: accuracy: 0.519 ; loss: 13.303
2018-10-29 15:59:57,833:INFO: - Eval metrics : accuracy: 0.499 ; loss: 13.848
2018-10-29 15:59:57,875:INFO: - Found new best accuracy
2018-10-29 15:59:57,876:INFO: Epoch 5/30
2018-10-29 16:00:02,183:INFO: - Train metrics: accuracy: 0.519 ; loss: 13.303
2018-10-29 16:00:02,877:INFO: - Eval metrics : accuracy: 0.499 ; loss: 13.848
2018-10-29 16:00:02,919:INFO: - Found new best accuracy
2018-10-29 16:00:02,919:INFO: Epoch 6/30
2018-10-29 16:00:07,202:INFO: - Train metrics: accuracy: 0.519 ; loss: 13.303
2018-10-29 16:00:07,906:INFO: - Eval metrics : accuracy: 0.499 ; loss: 13.848
2018-10-29 16:00:07,943:INFO: - Found new best accuracy
2018-10-29 16:00:07,944:INFO: Epoch 7/30
2018-10-29 16:00:12,110:INFO: - Train metrics: accuracy: 0.519 ; loss: 13.303
2018-10-29 16:00:12,799:INFO: - Eval metrics : accuracy: 0.499 ; loss: 13.848
2018-10-29 16:00:12,847:INFO: - Found new best accuracy
2018-10-29 16:00:12,847:INFO: Epoch 8/30
2018-10-29 16:00:17,134:INFO: - Train metrics: accuracy: 0.519 ; loss: 13.303
2018-10-29 16:00:17,834:INFO: - Eval metrics : accuracy: 0.499 ; loss: 13.848
2018-10-29 16:00:17,877:INFO: - Found new best accuracy
2018-10-29 16:00:17,878:INFO: Epoch 9/30
2018-10-29 16:00:22,139:INFO: - Train metrics: accuracy: 0.519 ; loss: 13.303
2018-10-29 16:00:22,865:INFO: - Eval metrics : accuracy: 0.499 ; loss: 13.848
2018-10-29 16:00:22,914:INFO: - Found new best accuracy
2018-10-29 16:00:22,914:INFO: Epoch 10/30
2018-10-29 16:00:26,897:INFO: - Train metrics: accuracy: 0.519 ; loss: 13.303
2018-10-29 16:00:27,496:INFO: - Eval metrics : accuracy: 0.499 ; loss: 13.848
2018-10-29 16:00:27,527:INFO: - Found new best accuracy
2018-10-29 16:00:27,528:INFO: Epoch 11/30
2018-10-29 16:00:31,799:INFO: - Train metrics: accuracy: 0.519 ; loss: 13.303
2018-10-29 16:00:32,492:INFO: - Eval metrics : accuracy: 0.499 ; loss: 13.848
2018-10-29 16:00:32,525:INFO: - Found new best accuracy
2018-10-29 16:00:32,525:INFO: Epoch 12/30
2018-10-29 16:00:36,662:INFO: - Train metrics: accuracy: 0.519 ; loss: 13.303
2018-10-29 16:00:37,371:INFO: - Eval metrics : accuracy: 0.499 ; loss: 13.848
2018-10-29 16:00:37,400:INFO: - Found new best accuracy
2018-10-29 16:00:37,401:INFO: Epoch 13/30
2018-10-29 16:00:41,666:INFO: - Train metrics: accuracy: 0.519 ; loss: 13.303
2018-10-29 16:00:42,385:INFO: - Eval metrics : accuracy: 0.499 ; loss: 13.848
2018-10-29 16:00:42,420:INFO: - Found new best accuracy
2018-10-29 16:00:42,420:INFO: Epoch 14/30
2018-10-29 16:00:46,696:INFO: - Train metrics: accuracy: 0.519 ; loss: 13.303
2018-10-29 16:00:47,391:INFO: - Eval metrics : accuracy: 0.499 ; loss: 13.848
2018-10-29 16:00:47,425:INFO: - Found new best accuracy
2018-10-29 16:00:47,426:INFO: Epoch 15/30
2018-10-29 16:00:51,724:INFO: - Train metrics: accuracy: 0.519 ; loss: 13.303
2018-10-29 16:00:52,412:INFO: - Eval metrics : accuracy: 0.499 ; loss: 13.848
2018-10-29 16:00:52,446:INFO: - Found new best accuracy
2018-10-29 16:00:52,446:INFO: Epoch 16/30
2018-10-29 16:00:56,492:INFO: - Train metrics: accuracy: 0.519 ; loss: 13.303
2018-10-29 16:00:57,197:INFO: - Eval metrics : accuracy: 0.499 ; loss: 13.848
2018-10-29 16:00:57,204:INFO: - Found new best accuracy
2018-10-29 16:00:57,205:INFO: Epoch 17/30
2018-10-29 16:01:01,413:INFO: - Train metrics: accuracy: 0.519 ; loss: 13.303
2018-10-29 16:01:02,026:INFO: - Eval metrics : accuracy: 0.499 ; loss: 13.848
2018-10-29 16:01:02,069:INFO: - Found new best accuracy
2018-10-29 16:01:02,069:INFO: Epoch 18/30
2018-10-29 16:01:06,319:INFO: - Train metrics: accuracy: 0.519 ; loss: 13.303
2018-10-29 16:01:07,039:INFO: - Eval metrics : accuracy: 0.499 ; loss: 13.848
2018-10-29 16:01:07,082:INFO: - Found new best accuracy
2018-10-29 16:01:07,083:INFO: Epoch 19/30
2018-10-29 16:01:11,164:INFO: - Train metrics: accuracy: 0.519 ; loss: 13.303
2018-10-29 16:01:11,890:INFO: - Eval metrics : accuracy: 0.499 ; loss: 13.848
2018-10-29 16:01:11,930:INFO: - Found new best accuracy
2018-10-29 16:01:11,930:INFO: Epoch 20/30
2018-10-29 16:01:15,970:INFO: - Train metrics: accuracy: 0.519 ; loss: 13.303
2018-10-29 16:01:16,678:INFO: - Eval metrics : accuracy: 0.499 ; loss: 13.848
2018-10-29 16:01:16,727:INFO: - Found new best accuracy
2018-10-29 16:01:16,728:INFO: Epoch 21/30
2018-10-29 16:01:20,964:INFO: - Train metrics: accuracy: 0.519 ; loss: 13.303
2018-10-29 16:01:21,552:INFO: - Eval metrics : accuracy: 0.499 ; loss: 13.848
2018-10-29 16:01:21,598:INFO: - Found new best accuracy
2018-10-29 16:01:21,599:INFO: Epoch 22/30
2018-10-29 16:01:25,886:INFO: - Train metrics: accuracy: 0.519 ; loss: 13.303
2018-10-29 16:01:26,583:INFO: - Eval metrics : accuracy: 0.499 ; loss: 13.848
2018-10-29 16:01:26,630:INFO: - Found new best accuracy
2018-10-29 16:01:26,630:INFO: Epoch 23/30
2018-10-29 16:01:30,725:INFO: - Train metrics: accuracy: 0.519 ; loss: 13.303
2018-10-29 16:01:31,418:INFO: - Eval metrics : accuracy: 0.499 ; loss: 13.848
2018-10-29 16:01:31,459:INFO: - Found new best accuracy
2018-10-29 16:01:31,460:INFO: Epoch 24/30
2018-10-29 16:01:35,479:INFO: - Train metrics: accuracy: 0.519 ; loss: 13.303
2018-10-29 16:01:36,075:INFO: - Eval metrics : accuracy: 0.499 ; loss: 13.848
2018-10-29 16:01:36,120:INFO: - Found new best accuracy
2018-10-29 16:01:36,121:INFO: Epoch 25/30
2018-10-29 16:01:40,109:INFO: - Train metrics: accuracy: 0.519 ; loss: 13.303
2018-10-29 16:01:40,805:INFO: - Eval metrics : accuracy: 0.499 ; loss: 13.848
2018-10-29 16:01:40,851:INFO: - Found new best accuracy
2018-10-29 16:01:40,851:INFO: Epoch 26/30
2018-10-29 16:01:44,923:INFO: - Train metrics: accuracy: 0.519 ; loss: 13.303
2018-10-29 16:01:45,512:INFO: - Eval metrics : accuracy: 0.499 ; loss: 13.848
2018-10-29 16:01:45,555:INFO: - Found new best accuracy
2018-10-29 16:01:45,555:INFO: Epoch 27/30
2018-10-29 16:01:49,712:INFO: - Train metrics: accuracy: 0.519 ; loss: 13.303
2018-10-29 16:01:50,444:INFO: - Eval metrics : accuracy: 0.499 ; loss: 13.848
2018-10-29 16:01:50,477:INFO: - Found new best accuracy
2018-10-29 16:01:50,478:INFO: Epoch 28/30
2018-10-29 16:01:54,378:INFO: - Train metrics: accuracy: 0.519 ; loss: 13.303
2018-10-29 16:01:55,008:INFO: - Eval metrics : accuracy: 0.499 ; loss: 13.848
2018-10-29 16:01:55,050:INFO: - Found new best accuracy
2018-10-29 16:01:55,050:INFO: Epoch 29/30
2018-10-29 16:01:59,277:INFO: - Train metrics: accuracy: 0.519 ; loss: 13.303
2018-10-29 16:01:59,978:INFO: - Eval metrics : accuracy: 0.499 ; loss: 13.848
2018-10-29 16:02:00,021:INFO: - Found new best accuracy
2018-10-29 16:02:00,022:INFO: Epoch 30/30
2018-10-29 16:02:04,257:INFO: - Train metrics: accuracy: 0.519 ; loss: 13.303
2018-10-29 16:02:04,945:INFO: - Eval metrics : accuracy: 0.499 ; loss: 13.848
2018-10-29 16:02:04,989:INFO: - Found new best accuracy
2018-10-29 16:02:04,989:INFO: Total time (minutes) =2.4973777016003926
