2018-10-21 18:57:02,155:INFO: Loading the dataset ...
2018-10-21 18:57:02,588:INFO: - done.
2018-10-21 18:57:06,923:INFO: Starting evaluation
2018-10-21 18:57:11,436:INFO: Labels=[0. 0. 1. 0. 0. 0. 0. 1. 0. 1.]
2018-10-21 18:57:11,436:INFO: Out prob=[0.36149395 0.11443531 0.35034648 0.59368223 0.8231501  0.08959085
 0.09757138 0.84319806 0.54035181 0.97051775]
2018-10-21 18:57:11,436:INFO: ------------------------------------------------------------------------------------------------------------------------
2018-10-21 18:57:11,437:INFO: len labels after =15872
2018-10-21 18:57:11,437:INFO: len out_prob after15872
2018-10-21 18:57:11,437:INFO: length y_test=15872
2018-10-21 18:57:11,437:INFO: Lenght y_score=15872
2018-10-21 18:57:11,440:INFO: Length y_score 15872
2018-10-21 18:57:11,440:INFO: Length y_test 15872
2018-10-21 18:57:11,440:INFO: Thresholds[0:6] = 
 [0.99778432 0.99763644 0.99720311 0.99719787 0.99638128 0.9962644 ]
2018-10-21 18:57:11,440:INFO: Thresholds lenght = 
15683
2018-10-21 18:57:11,440:INFO: fpr lenght15683
2018-10-21 18:57:11,440:INFO: tpr lenght15683
2018-10-21 18:57:11,486:INFO: ------------------------------------------------------------------------------------------------------------------------
2018-10-21 18:57:11,489:INFO: roc_auc=0.8647397663541193
2018-10-21 18:57:11,489:INFO: ------------------------------------------------------------------------------------------------------------------------
2018-10-21 18:57:11,490:INFO: - Eval metrics : accuracy: 0.797 ; loss: 0.482
