2018-10-21 18:37:50,465:INFO: sample_name=top_qcd_jets_antikt_kt__40000_Njets_256_batch
2018-10-21 18:37:50,466:INFO: ------------------------------------------------------------
2018-10-21 18:37:50,466:INFO: Loading the datasets...
2018-10-21 18:37:51,693:INFO: - done loading the datasets
2018-10-21 18:37:51,693:INFO: ------------------------------------------------------------
2018-10-21 18:37:55,547:INFO: Building optimizer...
2018-10-21 18:37:55,547:INFO: Starting training for 30 epoch(s)
2018-10-21 18:37:55,547:INFO: Epoch 1/30
2018-10-21 18:38:29,947:INFO: - Train metrics: accuracy: 0.537 ; loss: 0.775
2018-10-21 18:38:34,188:INFO: - Eval metrics : accuracy: 0.710 ; loss: 0.606
2018-10-21 18:38:34,245:INFO: - Found new best accuracy
2018-10-21 18:38:34,245:INFO: Epoch 2/30
2018-10-21 18:39:08,585:INFO: - Train metrics: accuracy: 0.748 ; loss: 0.532
2018-10-21 18:39:12,881:INFO: - Eval metrics : accuracy: 0.787 ; loss: 0.491
2018-10-21 18:39:12,919:INFO: - Found new best accuracy
2018-10-21 18:39:12,920:INFO: Epoch 3/30
2018-10-21 18:39:47,068:INFO: - Train metrics: accuracy: 0.783 ; loss: 0.479
2018-10-21 18:39:51,397:INFO: - Eval metrics : accuracy: 0.736 ; loss: 0.543
2018-10-21 18:39:51,400:INFO: Epoch 4/30
2018-10-21 18:40:25,698:INFO: - Train metrics: accuracy: 0.771 ; loss: 0.486
2018-10-21 18:40:30,003:INFO: - Eval metrics : accuracy: 0.785 ; loss: 0.494
2018-10-21 18:40:30,045:INFO: Epoch 5/30
2018-10-21 18:41:04,418:INFO: - Train metrics: accuracy: 0.797 ; loss: 0.454
2018-10-21 18:41:08,720:INFO: - Eval metrics : accuracy: 0.788 ; loss: 0.494
2018-10-21 18:41:08,758:INFO: - Found new best accuracy
2018-10-21 18:41:08,758:INFO: Epoch 6/30
2018-10-21 18:41:42,704:INFO: - Train metrics: accuracy: 0.793 ; loss: 0.481
2018-10-21 18:41:47,006:INFO: - Eval metrics : accuracy: 0.791 ; loss: 0.488
2018-10-21 18:41:47,009:INFO: - Found new best accuracy
2018-10-21 18:41:47,009:INFO: Epoch 7/30
2018-10-21 18:42:20,620:INFO: - Train metrics: accuracy: 0.789 ; loss: 0.479
2018-10-21 18:42:24,969:INFO: - Eval metrics : accuracy: 0.793 ; loss: 0.492
2018-10-21 18:42:25,011:INFO: - Found new best accuracy
2018-10-21 18:42:25,011:INFO: Epoch 8/30
2018-10-21 18:42:58,869:INFO: - Train metrics: accuracy: 0.805 ; loss: 0.533
2018-10-21 18:43:03,179:INFO: - Eval metrics : accuracy: 0.790 ; loss: 0.742
2018-10-21 18:43:03,221:INFO: Epoch 9/30
2018-10-21 18:43:36,921:INFO: - Train metrics: accuracy: 0.801 ; loss: 0.744
2018-10-21 18:43:41,185:INFO: - Eval metrics : accuracy: 0.795 ; loss: 0.497
2018-10-21 18:43:41,222:INFO: - Found new best accuracy
2018-10-21 18:43:41,222:INFO: Epoch 10/30
2018-10-21 18:44:14,703:INFO: - Train metrics: accuracy: 0.797 ; loss: 0.536
2018-10-21 18:44:18,986:INFO: - Eval metrics : accuracy: 0.795 ; loss: 0.495
2018-10-21 18:44:19,029:INFO: - Found new best accuracy
2018-10-21 18:44:19,029:INFO: Epoch 11/30
2018-10-21 18:44:52,982:INFO: - Train metrics: accuracy: 0.801 ; loss: 0.529
2018-10-21 18:44:57,386:INFO: - Eval metrics : accuracy: 0.796 ; loss: 0.494
2018-10-21 18:44:57,425:INFO: - Found new best accuracy
2018-10-21 18:44:57,425:INFO: Epoch 12/30
2018-10-21 18:45:30,459:INFO: - Train metrics: accuracy: 0.809 ; loss: 0.528
2018-10-21 18:45:34,747:INFO: - Eval metrics : accuracy: 0.794 ; loss: 0.494
2018-10-21 18:45:34,786:INFO: Epoch 13/30
2018-10-21 18:46:08,597:INFO: - Train metrics: accuracy: 0.799 ; loss: 0.525
2018-10-21 18:46:12,883:INFO: - Eval metrics : accuracy: 0.795 ; loss: 0.544
2018-10-21 18:46:12,917:INFO: Epoch 14/30
2018-10-21 18:46:46,629:INFO: - Train metrics: accuracy: 0.801 ; loss: 0.580
2018-10-21 18:46:50,931:INFO: - Eval metrics : accuracy: 0.796 ; loss: 0.534
2018-10-21 18:46:50,972:INFO: Epoch 15/30
2018-10-21 18:47:24,572:INFO: - Train metrics: accuracy: 0.805 ; loss: 0.577
2018-10-21 18:47:28,894:INFO: - Eval metrics : accuracy: 0.794 ; loss: 0.545
2018-10-21 18:47:28,932:INFO: Epoch 16/30
2018-10-21 18:48:00,747:INFO: - Train metrics: accuracy: 0.797 ; loss: 0.575
2018-10-21 18:48:05,062:INFO: - Eval metrics : accuracy: 0.795 ; loss: 0.546
2018-10-21 18:48:05,101:INFO: Epoch 17/30
2018-10-21 18:48:38,579:INFO: - Train metrics: accuracy: 0.799 ; loss: 0.574
2018-10-21 18:48:42,906:INFO: - Eval metrics : accuracy: 0.795 ; loss: 0.554
2018-10-21 18:48:42,941:INFO: Epoch 18/30
2018-10-21 18:49:16,521:INFO: - Train metrics: accuracy: 0.803 ; loss: 0.573
2018-10-21 18:49:20,826:INFO: - Eval metrics : accuracy: 0.795 ; loss: 0.528
2018-10-21 18:49:20,863:INFO: Epoch 19/30
2018-10-21 18:49:54,357:INFO: - Train metrics: accuracy: 0.799 ; loss: 0.521
2018-10-21 18:49:58,584:INFO: - Eval metrics : accuracy: 0.795 ; loss: 0.528
2018-10-21 18:49:58,620:INFO: Epoch 20/30
2018-10-21 18:50:32,343:INFO: - Train metrics: accuracy: 0.799 ; loss: 0.521
2018-10-21 18:50:36,649:INFO: - Eval metrics : accuracy: 0.795 ; loss: 0.528
2018-10-21 18:50:36,652:INFO: Epoch 21/30
2018-10-21 18:51:10,073:INFO: - Train metrics: accuracy: 0.801 ; loss: 0.521
2018-10-21 18:51:14,302:INFO: - Eval metrics : accuracy: 0.795 ; loss: 0.523
2018-10-21 18:51:14,343:INFO: Epoch 22/30
2018-10-21 18:51:48,058:INFO: - Train metrics: accuracy: 0.801 ; loss: 0.521
2018-10-21 18:51:52,332:INFO: - Eval metrics : accuracy: 0.795 ; loss: 0.523
2018-10-21 18:51:52,335:INFO: Epoch 23/30
2018-10-21 18:52:26,162:INFO: - Train metrics: accuracy: 0.801 ; loss: 0.521
2018-10-21 18:52:30,445:INFO: - Eval metrics : accuracy: 0.795 ; loss: 0.523
2018-10-21 18:52:30,488:INFO: Epoch 24/30
2018-10-21 18:53:04,265:INFO: - Train metrics: accuracy: 0.801 ; loss: 0.521
2018-10-21 18:53:08,662:INFO: - Eval metrics : accuracy: 0.796 ; loss: 0.523
2018-10-21 18:53:08,740:INFO: Epoch 25/30
2018-10-21 18:53:42,797:INFO: - Train metrics: accuracy: 0.799 ; loss: 0.521
2018-10-21 18:53:47,184:INFO: - Eval metrics : accuracy: 0.796 ; loss: 0.523
2018-10-21 18:53:47,216:INFO: Epoch 26/30
2018-10-21 18:54:21,314:INFO: - Train metrics: accuracy: 0.799 ; loss: 0.521
2018-10-21 18:54:25,747:INFO: - Eval metrics : accuracy: 0.795 ; loss: 0.525
2018-10-21 18:54:25,788:INFO: Epoch 27/30
2018-10-21 18:54:59,705:INFO: - Train metrics: accuracy: 0.799 ; loss: 0.521
2018-10-21 18:55:04,083:INFO: - Eval metrics : accuracy: 0.795 ; loss: 0.525
2018-10-21 18:55:04,123:INFO: Epoch 28/30
2018-10-21 18:55:38,305:INFO: - Train metrics: accuracy: 0.799 ; loss: 0.521
2018-10-21 18:55:42,630:INFO: - Eval metrics : accuracy: 0.795 ; loss: 0.525
2018-10-21 18:55:42,670:INFO: Epoch 29/30
2018-10-21 18:56:17,008:INFO: - Train metrics: accuracy: 0.799 ; loss: 0.521
2018-10-21 18:56:21,388:INFO: - Eval metrics : accuracy: 0.795 ; loss: 0.525
2018-10-21 18:56:21,426:INFO: Epoch 30/30
2018-10-21 18:56:55,861:INFO: - Train metrics: accuracy: 0.799 ; loss: 0.521
2018-10-21 18:57:00,231:INFO: - Eval metrics : accuracy: 0.795 ; loss: 0.525
2018-10-21 18:57:00,268:INFO: Total time (minutes) =19.163385518391927
