2018-10-29 18:16:03,072:INFO: Loading the dataset ...
2018-10-29 18:16:03,316:INFO: - done.
2018-10-29 18:16:05,145:INFO: Starting evaluation
2018-10-29 18:16:06,475:INFO: Labels=[0. 0. 1. 0. 0. 0. 0. 1. 0. 1.]
2018-10-29 18:16:06,476:INFO: Out prob=[4.32488787e-06 7.82123148e-01 9.07464564e-01 8.65875423e-01
 6.29861712e-01 1.21432834e-07 1.03621548e-02 7.98875034e-01
 2.81327009e-01 9.43911135e-01]
2018-10-29 18:16:06,476:INFO: ------------------------------------------------------------------------------------------------------------------------
2018-10-29 18:16:06,476:INFO: len labels after =15872
2018-10-29 18:16:06,476:INFO: len out_prob after15872
2018-10-29 18:16:06,476:INFO: length y_test=15872
2018-10-29 18:16:06,476:INFO: Lenght y_score=15872
2018-10-29 18:16:06,480:INFO: Length y_score 15872
2018-10-29 18:16:06,480:INFO: Length y_test 15872
2018-10-29 18:16:06,480:INFO: Thresholds[0:6] = 
 [0.95835382 0.95664352 0.95602089 0.95547742 0.95544875 0.95493746]
2018-10-29 18:16:06,480:INFO: Thresholds lenght = 
15867
2018-10-29 18:16:06,480:INFO: fpr lenght15867
2018-10-29 18:16:06,480:INFO: tpr lenght15867
2018-10-29 18:16:06,532:INFO: ------------------------------------------------------------------------------------------------------------------------
2018-10-29 18:16:06,536:INFO: roc_auc=0.8686219928912143
2018-10-29 18:16:06,536:INFO: ------------------------------------------------------------------------------------------------------------------------
2018-10-29 18:16:06,537:INFO: - Eval metrics : accuracy: 0.78742 ; loss: 0.43761
