2018-10-29 18:13:10,564:INFO: search_hyperparam_sample_name=top_qcd_jets_antikt_kt__40000_Njets_512_batch
2018-10-29 18:13:10,564:INFO: ------------------------------------------------------------
2018-10-29 18:13:10,565:INFO: Loading the datasets...
2018-10-29 18:13:11,605:INFO: - done loading the datasets
2018-10-29 18:13:11,606:INFO: ------------------------------------------------------------
2018-10-29 18:13:13,138:INFO: Building optimizer...
2018-10-29 18:13:13,138:INFO: Starting training for 35 epoch(s)
2018-10-29 18:13:13,138:INFO: Epoch 1/35
2018-10-29 18:13:18,014:INFO: - Train metrics: accuracy: 0.535 ; loss: 1.852
2018-10-29 18:13:18,822:INFO: - Eval metrics : accuracy: 0.733 ; loss: 0.527
2018-10-29 18:13:18,831:INFO: - Found new best accuracy
2018-10-29 18:13:18,831:INFO: Epoch 2/35
2018-10-29 18:13:22,606:INFO: - Train metrics: accuracy: 0.744 ; loss: 0.532
2018-10-29 18:13:23,357:INFO: - Eval metrics : accuracy: 0.753 ; loss: 0.488
2018-10-29 18:13:23,392:INFO: - Found new best accuracy
2018-10-29 18:13:23,393:INFO: Epoch 3/35
2018-10-29 18:13:27,607:INFO: - Train metrics: accuracy: 0.762 ; loss: 0.484
2018-10-29 18:13:28,434:INFO: - Eval metrics : accuracy: 0.760 ; loss: 0.474
2018-10-29 18:13:28,464:INFO: - Found new best accuracy
2018-10-29 18:13:28,464:INFO: Epoch 4/35
2018-10-29 18:13:32,687:INFO: - Train metrics: accuracy: 0.754 ; loss: 0.470
2018-10-29 18:13:33,539:INFO: - Eval metrics : accuracy: 0.771 ; loss: 0.460
2018-10-29 18:13:33,569:INFO: - Found new best accuracy
2018-10-29 18:13:33,569:INFO: Epoch 5/35
2018-10-29 18:13:37,502:INFO: - Train metrics: accuracy: 0.760 ; loss: 0.464
2018-10-29 18:13:38,364:INFO: - Eval metrics : accuracy: 0.778 ; loss: 0.451
2018-10-29 18:13:38,367:INFO: - Found new best accuracy
2018-10-29 18:13:38,367:INFO: Epoch 6/35
2018-10-29 18:13:42,543:INFO: - Train metrics: accuracy: 0.785 ; loss: 0.452
2018-10-29 18:13:43,275:INFO: - Eval metrics : accuracy: 0.781 ; loss: 0.447
2018-10-29 18:13:43,332:INFO: - Found new best accuracy
2018-10-29 18:13:43,332:INFO: Epoch 7/35
2018-10-29 18:13:47,224:INFO: - Train metrics: accuracy: 0.793 ; loss: 0.447
2018-10-29 18:13:48,027:INFO: - Eval metrics : accuracy: 0.785 ; loss: 0.440
2018-10-29 18:13:48,064:INFO: - Found new best accuracy
2018-10-29 18:13:48,065:INFO: Epoch 8/35
2018-10-29 18:13:52,008:INFO: - Train metrics: accuracy: 0.793 ; loss: 0.448
2018-10-29 18:13:52,742:INFO: - Eval metrics : accuracy: 0.780 ; loss: 0.450
2018-10-29 18:13:52,782:INFO: Epoch 9/35
2018-10-29 18:13:56,950:INFO: - Train metrics: accuracy: 0.783 ; loss: 0.463
2018-10-29 18:13:57,774:INFO: - Eval metrics : accuracy: 0.783 ; loss: 0.442
2018-10-29 18:13:57,808:INFO: Epoch 10/35
2018-10-29 18:14:02,046:INFO: - Train metrics: accuracy: 0.795 ; loss: 0.452
2018-10-29 18:14:02,874:INFO: - Eval metrics : accuracy: 0.784 ; loss: 0.443
2018-10-29 18:14:02,917:INFO: Epoch 11/35
2018-10-29 18:14:06,832:INFO: - Train metrics: accuracy: 0.785 ; loss: 0.453
2018-10-29 18:14:07,698:INFO: - Eval metrics : accuracy: 0.779 ; loss: 0.452
2018-10-29 18:14:07,731:INFO: Epoch 12/35
2018-10-29 18:14:11,668:INFO: - Train metrics: accuracy: 0.785 ; loss: 0.464
2018-10-29 18:14:12,464:INFO: - Eval metrics : accuracy: 0.784 ; loss: 0.443
2018-10-29 18:14:12,503:INFO: Epoch 13/35
2018-10-29 18:14:16,459:INFO: - Train metrics: accuracy: 0.797 ; loss: 0.451
2018-10-29 18:14:17,287:INFO: - Eval metrics : accuracy: 0.790 ; loss: 0.433
2018-10-29 18:14:17,290:INFO: - Found new best accuracy
2018-10-29 18:14:17,290:INFO: Epoch 14/35
2018-10-29 18:14:21,220:INFO: - Train metrics: accuracy: 0.799 ; loss: 0.435
2018-10-29 18:14:22,107:INFO: - Eval metrics : accuracy: 0.790 ; loss: 0.432
2018-10-29 18:14:22,143:INFO: Epoch 15/35
2018-10-29 18:14:26,299:INFO: - Train metrics: accuracy: 0.801 ; loss: 0.432
2018-10-29 18:14:27,127:INFO: - Eval metrics : accuracy: 0.791 ; loss: 0.432
2018-10-29 18:14:27,165:INFO: - Found new best accuracy
2018-10-29 18:14:27,165:INFO: Epoch 16/35
2018-10-29 18:14:31,086:INFO: - Train metrics: accuracy: 0.795 ; loss: 0.432
2018-10-29 18:14:31,913:INFO: - Eval metrics : accuracy: 0.791 ; loss: 0.432
2018-10-29 18:14:31,950:INFO: - Found new best accuracy
2018-10-29 18:14:31,950:INFO: Epoch 17/35
2018-10-29 18:14:36,058:INFO: - Train metrics: accuracy: 0.797 ; loss: 0.432
2018-10-29 18:14:36,877:INFO: - Eval metrics : accuracy: 0.791 ; loss: 0.432
2018-10-29 18:14:36,917:INFO: - Found new best accuracy
2018-10-29 18:14:36,918:INFO: Epoch 18/35
2018-10-29 18:14:40,773:INFO: - Train metrics: accuracy: 0.799 ; loss: 0.432
2018-10-29 18:14:41,510:INFO: - Eval metrics : accuracy: 0.792 ; loss: 0.431
2018-10-29 18:14:41,548:INFO: - Found new best accuracy
2018-10-29 18:14:41,548:INFO: Epoch 19/35
2018-10-29 18:14:45,745:INFO: - Train metrics: accuracy: 0.797 ; loss: 0.430
2018-10-29 18:14:46,562:INFO: - Eval metrics : accuracy: 0.792 ; loss: 0.431
2018-10-29 18:14:46,594:INFO: Epoch 20/35
2018-10-29 18:14:50,671:INFO: - Train metrics: accuracy: 0.795 ; loss: 0.429
2018-10-29 18:14:51,506:INFO: - Eval metrics : accuracy: 0.791 ; loss: 0.431
2018-10-29 18:14:51,562:INFO: Epoch 21/35
2018-10-29 18:14:55,415:INFO: - Train metrics: accuracy: 0.797 ; loss: 0.428
2018-10-29 18:14:56,156:INFO: - Eval metrics : accuracy: 0.791 ; loss: 0.431
2018-10-29 18:14:56,193:INFO: Epoch 22/35
2018-10-29 18:15:00,169:INFO: - Train metrics: accuracy: 0.795 ; loss: 0.428
2018-10-29 18:15:00,902:INFO: - Eval metrics : accuracy: 0.791 ; loss: 0.431
2018-10-29 18:15:00,940:INFO: Epoch 23/35
2018-10-29 18:15:04,471:INFO: - Train metrics: accuracy: 0.795 ; loss: 0.429
2018-10-29 18:15:05,125:INFO: - Eval metrics : accuracy: 0.792 ; loss: 0.431
2018-10-29 18:15:05,163:INFO: - Found new best accuracy
2018-10-29 18:15:05,164:INFO: Epoch 24/35
2018-10-29 18:15:09,249:INFO: - Train metrics: accuracy: 0.799 ; loss: 0.429
2018-10-29 18:15:10,085:INFO: - Eval metrics : accuracy: 0.792 ; loss: 0.431
2018-10-29 18:15:10,126:INFO: Epoch 25/35
2018-10-29 18:15:14,176:INFO: - Train metrics: accuracy: 0.797 ; loss: 0.429
2018-10-29 18:15:14,997:INFO: - Eval metrics : accuracy: 0.792 ; loss: 0.431
2018-10-29 18:15:15,035:INFO: Epoch 26/35
2018-10-29 18:15:19,075:INFO: - Train metrics: accuracy: 0.797 ; loss: 0.429
2018-10-29 18:15:19,808:INFO: - Eval metrics : accuracy: 0.792 ; loss: 0.431
2018-10-29 18:15:19,845:INFO: - Found new best accuracy
2018-10-29 18:15:19,846:INFO: Epoch 27/35
2018-10-29 18:15:23,911:INFO: - Train metrics: accuracy: 0.795 ; loss: 0.429
2018-10-29 18:15:24,738:INFO: - Eval metrics : accuracy: 0.792 ; loss: 0.431
2018-10-29 18:15:24,775:INFO: - Found new best accuracy
2018-10-29 18:15:24,776:INFO: Epoch 28/35
2018-10-29 18:15:28,530:INFO: - Train metrics: accuracy: 0.795 ; loss: 0.429
2018-10-29 18:15:29,267:INFO: - Eval metrics : accuracy: 0.792 ; loss: 0.431
2018-10-29 18:15:29,301:INFO: - Found new best accuracy
2018-10-29 18:15:29,302:INFO: Epoch 29/35
2018-10-29 18:15:32,856:INFO: - Train metrics: accuracy: 0.795 ; loss: 0.428
2018-10-29 18:15:33,511:INFO: - Eval metrics : accuracy: 0.792 ; loss: 0.431
2018-10-29 18:15:33,549:INFO: - Found new best accuracy
2018-10-29 18:15:33,550:INFO: Epoch 30/35
2018-10-29 18:15:37,674:INFO: - Train metrics: accuracy: 0.795 ; loss: 0.428
2018-10-29 18:15:38,415:INFO: - Eval metrics : accuracy: 0.792 ; loss: 0.431
2018-10-29 18:15:38,454:INFO: Epoch 31/35
2018-10-29 18:15:42,030:INFO: - Train metrics: accuracy: 0.795 ; loss: 0.428
2018-10-29 18:15:42,691:INFO: - Eval metrics : accuracy: 0.792 ; loss: 0.431
2018-10-29 18:15:42,727:INFO: Epoch 32/35
2018-10-29 18:15:46,894:INFO: - Train metrics: accuracy: 0.795 ; loss: 0.428
2018-10-29 18:15:47,628:INFO: - Eval metrics : accuracy: 0.792 ; loss: 0.431
2018-10-29 18:15:47,665:INFO: Epoch 33/35
2018-10-29 18:15:51,197:INFO: - Train metrics: accuracy: 0.795 ; loss: 0.428
2018-10-29 18:15:51,852:INFO: - Eval metrics : accuracy: 0.792 ; loss: 0.431
2018-10-29 18:15:51,892:INFO: Epoch 34/35
2018-10-29 18:15:55,994:INFO: - Train metrics: accuracy: 0.795 ; loss: 0.428
2018-10-29 18:15:56,833:INFO: - Eval metrics : accuracy: 0.792 ; loss: 0.431
2018-10-29 18:15:56,868:INFO: Epoch 35/35
2018-10-29 18:16:00,530:INFO: - Train metrics: accuracy: 0.795 ; loss: 0.428
2018-10-29 18:16:01,245:INFO: - Eval metrics : accuracy: 0.792 ; loss: 0.431
2018-10-29 18:16:01,278:INFO: Total time (minutes) =2.8452330748240153
