2018-10-29 16:17:26,675:INFO: Loading the dataset ...
2018-10-29 16:17:26,912:INFO: - done.
2018-10-29 16:17:29,033:INFO: Starting evaluation
2018-10-29 16:17:31,149:INFO: Labels=[0. 0. 1. 0. 0. 0. 0. 1. 0. 1.]
2018-10-29 16:17:31,150:INFO: Out prob=[1. 1. 1. 1. 1. 1. 1. 1. 1. 1.]
2018-10-29 16:17:31,150:INFO: ------------------------------------------------------------------------------------------------------------------------
2018-10-29 16:17:31,150:INFO: len labels after =15360
2018-10-29 16:17:31,150:INFO: len out_prob after15360
2018-10-29 16:17:31,150:INFO: length y_test=15360
2018-10-29 16:17:31,150:INFO: Lenght y_score=15360
2018-10-29 16:17:31,153:INFO: Length y_score 15360
2018-10-29 16:17:31,153:INFO: Length y_test 15360
2018-10-29 16:17:31,153:INFO: Thresholds[0:6] = 
 [2. 1.]
2018-10-29 16:17:31,153:INFO: Thresholds lenght = 
2
2018-10-29 16:17:31,153:INFO: fpr lenght2
2018-10-29 16:17:31,153:INFO: tpr lenght2
2018-10-29 16:17:31,153:INFO: ------------------------------------------------------------------------------------------------------------------------
2018-10-29 16:17:31,156:INFO: roc_auc=0.5
2018-10-29 16:17:31,157:INFO: ------------------------------------------------------------------------------------------------------------------------
2018-10-29 16:17:31,157:INFO: - Eval metrics : accuracy: 0.50007 ; loss: 13.81371
