2018-10-29 16:05:38,232:INFO: search_hyperparam_sample_name=top_qcd_jets_antikt_kt__40000_Njets_1024_batch
2018-10-29 16:05:38,233:INFO: Number of jet files for ttbar=200
2018-10-29 16:05:38,234:INFO: Loading ttbar jet files... 
2018-10-29 16:05:38,234:INFO: ttbar files list = ['tree_httv2_ttbar_DelphesPythia8_nompi_0.dat', 'tree_httv2_ttbar_DelphesPythia8_nompi_1.dat', 'tree_httv2_ttbar_DelphesPythia8_nompi_10.dat', 'tree_httv2_ttbar_DelphesPythia8_nompi_100.dat', 'tree_httv2_ttbar_DelphesPythia8_nompi_101.dat', 'tree_httv2_ttbar_DelphesPythia8_nompi_102.dat', 'tree_httv2_ttbar_DelphesPythia8_nompi_103.dat', 'tree_httv2_ttbar_DelphesPythia8_nompi_104.dat', 'tree_httv2_ttbar_DelphesPythia8_nompi_105.dat', 'tree_httv2_ttbar_DelphesPythia8_nompi_106.dat', 'tree_httv2_ttbar_DelphesPythia8_nompi_107.dat', 'tree_httv2_ttbar_DelphesPythia8_nompi_108.dat', 'tree_httv2_ttbar_DelphesPythia8_nompi_109.dat', 'tree_httv2_ttbar_DelphesPythia8_nompi_11.dat', 'tree_httv2_ttbar_DelphesPythia8_nompi_110.dat', 'tree_httv2_ttbar_DelphesPythia8_nompi_111.dat', 'tree_httv2_ttbar_DelphesPythia8_nompi_112.dat', 'tree_httv2_ttbar_DelphesPythia8_nompi_113.dat', 'tree_httv2_ttbar_DelphesPythia8_nompi_114.dat', 'tree_httv2_ttbar_DelphesPythia8_nompi_115.dat', 'tree_httv2_ttbar_DelphesPythia8_nompi_116.dat', 'tree_httv2_ttbar_DelphesPythia8_nompi_117.dat', 'tree_httv2_ttbar_DelphesPythia8_nompi_118.dat', 'tree_httv2_ttbar_DelphesPythia8_nompi_119.dat', 'tree_httv2_ttbar_DelphesPythia8_nompi_12.dat', 'tree_httv2_ttbar_DelphesPythia8_nompi_120.dat', 'tree_httv2_ttbar_DelphesPythia8_nompi_121.dat', 'tree_httv2_ttbar_DelphesPythia8_nompi_122.dat', 'tree_httv2_ttbar_DelphesPythia8_nompi_123.dat', 'tree_httv2_ttbar_DelphesPythia8_nompi_124.dat', 'tree_httv2_ttbar_DelphesPythia8_nompi_125.dat', 'tree_httv2_ttbar_DelphesPythia8_nompi_126.dat', 'tree_httv2_ttbar_DelphesPythia8_nompi_127.dat', 'tree_httv2_ttbar_DelphesPythia8_nompi_128.dat', 'tree_httv2_ttbar_DelphesPythia8_nompi_129.dat', 'tree_httv2_ttbar_DelphesPythia8_nompi_13.dat', 'tree_httv2_ttbar_DelphesPythia8_nompi_130.dat', 'tree_httv2_ttbar_DelphesPythia8_nompi_131.dat', 'tree_httv2_ttbar_DelphesPythia8_nompi_132.dat', 'tree_httv2_ttbar_DelphesPythia8_nompi_133.dat', 'tree_httv2_ttbar_DelphesPythia8_nompi_134.dat', 'tree_httv2_ttbar_DelphesPythia8_nompi_135.dat', 'tree_httv2_ttbar_DelphesPythia8_nompi_136.dat', 'tree_httv2_ttbar_DelphesPythia8_nompi_137.dat', 'tree_httv2_ttbar_DelphesPythia8_nompi_138.dat', 'tree_httv2_ttbar_DelphesPythia8_nompi_139.dat', 'tree_httv2_ttbar_DelphesPythia8_nompi_14.dat', 'tree_httv2_ttbar_DelphesPythia8_nompi_140.dat', 'tree_httv2_ttbar_DelphesPythia8_nompi_141.dat', 'tree_httv2_ttbar_DelphesPythia8_nompi_142.dat', 'tree_httv2_ttbar_DelphesPythia8_nompi_143.dat', 'tree_httv2_ttbar_DelphesPythia8_nompi_144.dat', 'tree_httv2_ttbar_DelphesPythia8_nompi_145.dat', 'tree_httv2_ttbar_DelphesPythia8_nompi_146.dat', 'tree_httv2_ttbar_DelphesPythia8_nompi_147.dat', 'tree_httv2_ttbar_DelphesPythia8_nompi_148.dat', 'tree_httv2_ttbar_DelphesPythia8_nompi_149.dat', 'tree_httv2_ttbar_DelphesPythia8_nompi_15.dat', 'tree_httv2_ttbar_DelphesPythia8_nompi_150.dat', 'tree_httv2_ttbar_DelphesPythia8_nompi_151.dat', 'tree_httv2_ttbar_DelphesPythia8_nompi_152.dat', 'tree_httv2_ttbar_DelphesPythia8_nompi_153.dat', 'tree_httv2_ttbar_DelphesPythia8_nompi_154.dat', 'tree_httv2_ttbar_DelphesPythia8_nompi_155.dat', 'tree_httv2_ttbar_DelphesPythia8_nompi_156.dat', 'tree_httv2_ttbar_DelphesPythia8_nompi_157.dat', 'tree_httv2_ttbar_DelphesPythia8_nompi_158.dat', 'tree_httv2_ttbar_DelphesPythia8_nompi_159.dat', 'tree_httv2_ttbar_DelphesPythia8_nompi_16.dat', 'tree_httv2_ttbar_DelphesPythia8_nompi_160.dat', 'tree_httv2_ttbar_DelphesPythia8_nompi_161.dat', 'tree_httv2_ttbar_DelphesPythia8_nompi_162.dat', 'tree_httv2_ttbar_DelphesPythia8_nompi_163.dat', 'tree_httv2_ttbar_DelphesPythia8_nompi_164.dat', 'tree_httv2_ttbar_DelphesPythia8_nompi_165.dat', 'tree_httv2_ttbar_DelphesPythia8_nompi_166.dat', 'tree_httv2_ttbar_DelphesPythia8_nompi_167.dat', 'tree_httv2_ttbar_DelphesPythia8_nompi_168.dat', 'tree_httv2_ttbar_DelphesPythia8_nompi_169.dat', 'tree_httv2_ttbar_DelphesPythia8_nompi_17.dat', 'tree_httv2_ttbar_DelphesPythia8_nompi_170.dat', 'tree_httv2_ttbar_DelphesPythia8_nompi_171.dat', 'tree_httv2_ttbar_DelphesPythia8_nompi_172.dat', 'tree_httv2_ttbar_DelphesPythia8_nompi_173.dat', 'tree_httv2_ttbar_DelphesPythia8_nompi_174.dat', 'tree_httv2_ttbar_DelphesPythia8_nompi_175.dat', 'tree_httv2_ttbar_DelphesPythia8_nompi_176.dat', 'tree_httv2_ttbar_DelphesPythia8_nompi_177.dat', 'tree_httv2_ttbar_DelphesPythia8_nompi_178.dat', 'tree_httv2_ttbar_DelphesPythia8_nompi_179.dat', 'tree_httv2_ttbar_DelphesPythia8_nompi_18.dat', 'tree_httv2_ttbar_DelphesPythia8_nompi_180.dat', 'tree_httv2_ttbar_DelphesPythia8_nompi_181.dat', 'tree_httv2_ttbar_DelphesPythia8_nompi_182.dat', 'tree_httv2_ttbar_DelphesPythia8_nompi_183.dat', 'tree_httv2_ttbar_DelphesPythia8_nompi_184.dat', 'tree_httv2_ttbar_DelphesPythia8_nompi_185.dat', 'tree_httv2_ttbar_DelphesPythia8_nompi_186.dat', 'tree_httv2_ttbar_DelphesPythia8_nompi_187.dat', 'tree_httv2_ttbar_DelphesPythia8_nompi_188.dat', 'tree_httv2_ttbar_DelphesPythia8_nompi_189.dat', 'tree_httv2_ttbar_DelphesPythia8_nompi_19.dat', 'tree_httv2_ttbar_DelphesPythia8_nompi_190.dat', 'tree_httv2_ttbar_DelphesPythia8_nompi_191.dat', 'tree_httv2_ttbar_DelphesPythia8_nompi_192.dat', 'tree_httv2_ttbar_DelphesPythia8_nompi_193.dat', 'tree_httv2_ttbar_DelphesPythia8_nompi_194.dat', 'tree_httv2_ttbar_DelphesPythia8_nompi_195.dat', 'tree_httv2_ttbar_DelphesPythia8_nompi_196.dat', 'tree_httv2_ttbar_DelphesPythia8_nompi_197.dat', 'tree_httv2_ttbar_DelphesPythia8_nompi_198.dat', 'tree_httv2_ttbar_DelphesPythia8_nompi_199.dat', 'tree_httv2_ttbar_DelphesPythia8_nompi_2.dat', 'tree_httv2_ttbar_DelphesPythia8_nompi_20.dat', 'tree_httv2_ttbar_DelphesPythia8_nompi_21.dat', 'tree_httv2_ttbar_DelphesPythia8_nompi_22.dat', 'tree_httv2_ttbar_DelphesPythia8_nompi_23.dat', 'tree_httv2_ttbar_DelphesPythia8_nompi_24.dat', 'tree_httv2_ttbar_DelphesPythia8_nompi_25.dat', 'tree_httv2_ttbar_DelphesPythia8_nompi_26.dat', 'tree_httv2_ttbar_DelphesPythia8_nompi_27.dat', 'tree_httv2_ttbar_DelphesPythia8_nompi_28.dat', 'tree_httv2_ttbar_DelphesPythia8_nompi_29.dat', 'tree_httv2_ttbar_DelphesPythia8_nompi_3.dat', 'tree_httv2_ttbar_DelphesPythia8_nompi_30.dat', 'tree_httv2_ttbar_DelphesPythia8_nompi_31.dat', 'tree_httv2_ttbar_DelphesPythia8_nompi_32.dat', 'tree_httv2_ttbar_DelphesPythia8_nompi_33.dat', 'tree_httv2_ttbar_DelphesPythia8_nompi_34.dat', 'tree_httv2_ttbar_DelphesPythia8_nompi_35.dat', 'tree_httv2_ttbar_DelphesPythia8_nompi_36.dat', 'tree_httv2_ttbar_DelphesPythia8_nompi_37.dat', 'tree_httv2_ttbar_DelphesPythia8_nompi_38.dat', 'tree_httv2_ttbar_DelphesPythia8_nompi_39.dat', 'tree_httv2_ttbar_DelphesPythia8_nompi_4.dat', 'tree_httv2_ttbar_DelphesPythia8_nompi_40.dat', 'tree_httv2_ttbar_DelphesPythia8_nompi_41.dat', 'tree_httv2_ttbar_DelphesPythia8_nompi_42.dat', 'tree_httv2_ttbar_DelphesPythia8_nompi_43.dat', 'tree_httv2_ttbar_DelphesPythia8_nompi_44.dat', 'tree_httv2_ttbar_DelphesPythia8_nompi_45.dat', 'tree_httv2_ttbar_DelphesPythia8_nompi_46.dat', 'tree_httv2_ttbar_DelphesPythia8_nompi_47.dat', 'tree_httv2_ttbar_DelphesPythia8_nompi_48.dat', 'tree_httv2_ttbar_DelphesPythia8_nompi_49.dat', 'tree_httv2_ttbar_DelphesPythia8_nompi_5.dat', 'tree_httv2_ttbar_DelphesPythia8_nompi_50.dat', 'tree_httv2_ttbar_DelphesPythia8_nompi_51.dat', 'tree_httv2_ttbar_DelphesPythia8_nompi_52.dat', 'tree_httv2_ttbar_DelphesPythia8_nompi_53.dat', 'tree_httv2_ttbar_DelphesPythia8_nompi_54.dat', 'tree_httv2_ttbar_DelphesPythia8_nompi_55.dat', 'tree_httv2_ttbar_DelphesPythia8_nompi_56.dat', 'tree_httv2_ttbar_DelphesPythia8_nompi_57.dat', 'tree_httv2_ttbar_DelphesPythia8_nompi_58.dat', 'tree_httv2_ttbar_DelphesPythia8_nompi_59.dat', 'tree_httv2_ttbar_DelphesPythia8_nompi_6.dat', 'tree_httv2_ttbar_DelphesPythia8_nompi_60.dat', 'tree_httv2_ttbar_DelphesPythia8_nompi_61.dat', 'tree_httv2_ttbar_DelphesPythia8_nompi_62.dat', 'tree_httv2_ttbar_DelphesPythia8_nompi_63.dat', 'tree_httv2_ttbar_DelphesPythia8_nompi_64.dat', 'tree_httv2_ttbar_DelphesPythia8_nompi_65.dat', 'tree_httv2_ttbar_DelphesPythia8_nompi_66.dat', 'tree_httv2_ttbar_DelphesPythia8_nompi_67.dat', 'tree_httv2_ttbar_DelphesPythia8_nompi_68.dat', 'tree_httv2_ttbar_DelphesPythia8_nompi_69.dat', 'tree_httv2_ttbar_DelphesPythia8_nompi_7.dat', 'tree_httv2_ttbar_DelphesPythia8_nompi_70.dat', 'tree_httv2_ttbar_DelphesPythia8_nompi_71.dat', 'tree_httv2_ttbar_DelphesPythia8_nompi_72.dat', 'tree_httv2_ttbar_DelphesPythia8_nompi_73.dat', 'tree_httv2_ttbar_DelphesPythia8_nompi_74.dat', 'tree_httv2_ttbar_DelphesPythia8_nompi_75.dat', 'tree_httv2_ttbar_DelphesPythia8_nompi_76.dat', 'tree_httv2_ttbar_DelphesPythia8_nompi_77.dat', 'tree_httv2_ttbar_DelphesPythia8_nompi_78.dat', 'tree_httv2_ttbar_DelphesPythia8_nompi_79.dat', 'tree_httv2_ttbar_DelphesPythia8_nompi_8.dat', 'tree_httv2_ttbar_DelphesPythia8_nompi_80.dat', 'tree_httv2_ttbar_DelphesPythia8_nompi_81.dat', 'tree_httv2_ttbar_DelphesPythia8_nompi_82.dat', 'tree_httv2_ttbar_DelphesPythia8_nompi_83.dat', 'tree_httv2_ttbar_DelphesPythia8_nompi_84.dat', 'tree_httv2_ttbar_DelphesPythia8_nompi_85.dat', 'tree_httv2_ttbar_DelphesPythia8_nompi_86.dat', 'tree_httv2_ttbar_DelphesPythia8_nompi_87.dat', 'tree_httv2_ttbar_DelphesPythia8_nompi_88.dat', 'tree_httv2_ttbar_DelphesPythia8_nompi_89.dat', 'tree_httv2_ttbar_DelphesPythia8_nompi_9.dat', 'tree_httv2_ttbar_DelphesPythia8_nompi_90.dat', 'tree_httv2_ttbar_DelphesPythia8_nompi_91.dat', 'tree_httv2_ttbar_DelphesPythia8_nompi_92.dat', 'tree_httv2_ttbar_DelphesPythia8_nompi_93.dat', 'tree_httv2_ttbar_DelphesPythia8_nompi_94.dat', 'tree_httv2_ttbar_DelphesPythia8_nompi_95.dat', 'tree_httv2_ttbar_DelphesPythia8_nompi_96.dat', 'tree_httv2_ttbar_DelphesPythia8_nompi_97.dat', 'tree_httv2_ttbar_DelphesPythia8_nompi_98.dat', 'tree_httv2_ttbar_DelphesPythia8_nompi_99.dat']
2018-10-29 16:05:40,124:INFO: Ntotjets=10000
2018-10-29 16:05:41,755:INFO: Ntotjets=20000
2018-10-29 16:05:43,508:INFO: Ntotjets=30000
2018-10-29 16:05:45,152:INFO: Ntotjets=40000
2018-10-29 16:05:45,153:INFO: Number of jet files for qcd=200
2018-10-29 16:05:45,199:INFO: Loading qcd jet files... 
2018-10-29 16:05:45,199:INFO: qcd files list = ['tree_httv2_qcd_DelphesPythia8_nompi_0.dat', 'tree_httv2_qcd_DelphesPythia8_nompi_1.dat', 'tree_httv2_qcd_DelphesPythia8_nompi_10.dat', 'tree_httv2_qcd_DelphesPythia8_nompi_100.dat', 'tree_httv2_qcd_DelphesPythia8_nompi_101.dat', 'tree_httv2_qcd_DelphesPythia8_nompi_102.dat', 'tree_httv2_qcd_DelphesPythia8_nompi_103.dat', 'tree_httv2_qcd_DelphesPythia8_nompi_104.dat', 'tree_httv2_qcd_DelphesPythia8_nompi_105.dat', 'tree_httv2_qcd_DelphesPythia8_nompi_106.dat', 'tree_httv2_qcd_DelphesPythia8_nompi_107.dat', 'tree_httv2_qcd_DelphesPythia8_nompi_108.dat', 'tree_httv2_qcd_DelphesPythia8_nompi_109.dat', 'tree_httv2_qcd_DelphesPythia8_nompi_11.dat', 'tree_httv2_qcd_DelphesPythia8_nompi_110.dat', 'tree_httv2_qcd_DelphesPythia8_nompi_111.dat', 'tree_httv2_qcd_DelphesPythia8_nompi_112.dat', 'tree_httv2_qcd_DelphesPythia8_nompi_113.dat', 'tree_httv2_qcd_DelphesPythia8_nompi_114.dat', 'tree_httv2_qcd_DelphesPythia8_nompi_115.dat', 'tree_httv2_qcd_DelphesPythia8_nompi_116.dat', 'tree_httv2_qcd_DelphesPythia8_nompi_117.dat', 'tree_httv2_qcd_DelphesPythia8_nompi_118.dat', 'tree_httv2_qcd_DelphesPythia8_nompi_119.dat', 'tree_httv2_qcd_DelphesPythia8_nompi_12.dat', 'tree_httv2_qcd_DelphesPythia8_nompi_120.dat', 'tree_httv2_qcd_DelphesPythia8_nompi_121.dat', 'tree_httv2_qcd_DelphesPythia8_nompi_122.dat', 'tree_httv2_qcd_DelphesPythia8_nompi_123.dat', 'tree_httv2_qcd_DelphesPythia8_nompi_124.dat', 'tree_httv2_qcd_DelphesPythia8_nompi_125.dat', 'tree_httv2_qcd_DelphesPythia8_nompi_126.dat', 'tree_httv2_qcd_DelphesPythia8_nompi_127.dat', 'tree_httv2_qcd_DelphesPythia8_nompi_128.dat', 'tree_httv2_qcd_DelphesPythia8_nompi_129.dat', 'tree_httv2_qcd_DelphesPythia8_nompi_13.dat', 'tree_httv2_qcd_DelphesPythia8_nompi_130.dat', 'tree_httv2_qcd_DelphesPythia8_nompi_131.dat', 'tree_httv2_qcd_DelphesPythia8_nompi_132.dat', 'tree_httv2_qcd_DelphesPythia8_nompi_133.dat', 'tree_httv2_qcd_DelphesPythia8_nompi_134.dat', 'tree_httv2_qcd_DelphesPythia8_nompi_135.dat', 'tree_httv2_qcd_DelphesPythia8_nompi_136.dat', 'tree_httv2_qcd_DelphesPythia8_nompi_137.dat', 'tree_httv2_qcd_DelphesPythia8_nompi_138.dat', 'tree_httv2_qcd_DelphesPythia8_nompi_139.dat', 'tree_httv2_qcd_DelphesPythia8_nompi_14.dat', 'tree_httv2_qcd_DelphesPythia8_nompi_140.dat', 'tree_httv2_qcd_DelphesPythia8_nompi_141.dat', 'tree_httv2_qcd_DelphesPythia8_nompi_142.dat', 'tree_httv2_qcd_DelphesPythia8_nompi_143.dat', 'tree_httv2_qcd_DelphesPythia8_nompi_144.dat', 'tree_httv2_qcd_DelphesPythia8_nompi_145.dat', 'tree_httv2_qcd_DelphesPythia8_nompi_146.dat', 'tree_httv2_qcd_DelphesPythia8_nompi_147.dat', 'tree_httv2_qcd_DelphesPythia8_nompi_148.dat', 'tree_httv2_qcd_DelphesPythia8_nompi_149.dat', 'tree_httv2_qcd_DelphesPythia8_nompi_15.dat', 'tree_httv2_qcd_DelphesPythia8_nompi_150.dat', 'tree_httv2_qcd_DelphesPythia8_nompi_151.dat', 'tree_httv2_qcd_DelphesPythia8_nompi_152.dat', 'tree_httv2_qcd_DelphesPythia8_nompi_153.dat', 'tree_httv2_qcd_DelphesPythia8_nompi_154.dat', 'tree_httv2_qcd_DelphesPythia8_nompi_155.dat', 'tree_httv2_qcd_DelphesPythia8_nompi_156.dat', 'tree_httv2_qcd_DelphesPythia8_nompi_157.dat', 'tree_httv2_qcd_DelphesPythia8_nompi_158.dat', 'tree_httv2_qcd_DelphesPythia8_nompi_159.dat', 'tree_httv2_qcd_DelphesPythia8_nompi_16.dat', 'tree_httv2_qcd_DelphesPythia8_nompi_160.dat', 'tree_httv2_qcd_DelphesPythia8_nompi_161.dat', 'tree_httv2_qcd_DelphesPythia8_nompi_162.dat', 'tree_httv2_qcd_DelphesPythia8_nompi_163.dat', 'tree_httv2_qcd_DelphesPythia8_nompi_164.dat', 'tree_httv2_qcd_DelphesPythia8_nompi_165.dat', 'tree_httv2_qcd_DelphesPythia8_nompi_166.dat', 'tree_httv2_qcd_DelphesPythia8_nompi_167.dat', 'tree_httv2_qcd_DelphesPythia8_nompi_168.dat', 'tree_httv2_qcd_DelphesPythia8_nompi_169.dat', 'tree_httv2_qcd_DelphesPythia8_nompi_17.dat', 'tree_httv2_qcd_DelphesPythia8_nompi_170.dat', 'tree_httv2_qcd_DelphesPythia8_nompi_171.dat', 'tree_httv2_qcd_DelphesPythia8_nompi_172.dat', 'tree_httv2_qcd_DelphesPythia8_nompi_173.dat', 'tree_httv2_qcd_DelphesPythia8_nompi_174.dat', 'tree_httv2_qcd_DelphesPythia8_nompi_175.dat', 'tree_httv2_qcd_DelphesPythia8_nompi_176.dat', 'tree_httv2_qcd_DelphesPythia8_nompi_177.dat', 'tree_httv2_qcd_DelphesPythia8_nompi_178.dat', 'tree_httv2_qcd_DelphesPythia8_nompi_179.dat', 'tree_httv2_qcd_DelphesPythia8_nompi_18.dat', 'tree_httv2_qcd_DelphesPythia8_nompi_180.dat', 'tree_httv2_qcd_DelphesPythia8_nompi_181.dat', 'tree_httv2_qcd_DelphesPythia8_nompi_182.dat', 'tree_httv2_qcd_DelphesPythia8_nompi_183.dat', 'tree_httv2_qcd_DelphesPythia8_nompi_184.dat', 'tree_httv2_qcd_DelphesPythia8_nompi_185.dat', 'tree_httv2_qcd_DelphesPythia8_nompi_186.dat', 'tree_httv2_qcd_DelphesPythia8_nompi_187.dat', 'tree_httv2_qcd_DelphesPythia8_nompi_188.dat', 'tree_httv2_qcd_DelphesPythia8_nompi_189.dat', 'tree_httv2_qcd_DelphesPythia8_nompi_19.dat', 'tree_httv2_qcd_DelphesPythia8_nompi_190.dat', 'tree_httv2_qcd_DelphesPythia8_nompi_191.dat', 'tree_httv2_qcd_DelphesPythia8_nompi_192.dat', 'tree_httv2_qcd_DelphesPythia8_nompi_193.dat', 'tree_httv2_qcd_DelphesPythia8_nompi_194.dat', 'tree_httv2_qcd_DelphesPythia8_nompi_195.dat', 'tree_httv2_qcd_DelphesPythia8_nompi_196.dat', 'tree_httv2_qcd_DelphesPythia8_nompi_197.dat', 'tree_httv2_qcd_DelphesPythia8_nompi_198.dat', 'tree_httv2_qcd_DelphesPythia8_nompi_199.dat', 'tree_httv2_qcd_DelphesPythia8_nompi_2.dat', 'tree_httv2_qcd_DelphesPythia8_nompi_20.dat', 'tree_httv2_qcd_DelphesPythia8_nompi_21.dat', 'tree_httv2_qcd_DelphesPythia8_nompi_22.dat', 'tree_httv2_qcd_DelphesPythia8_nompi_23.dat', 'tree_httv2_qcd_DelphesPythia8_nompi_24.dat', 'tree_httv2_qcd_DelphesPythia8_nompi_25.dat', 'tree_httv2_qcd_DelphesPythia8_nompi_26.dat', 'tree_httv2_qcd_DelphesPythia8_nompi_27.dat', 'tree_httv2_qcd_DelphesPythia8_nompi_28.dat', 'tree_httv2_qcd_DelphesPythia8_nompi_29.dat', 'tree_httv2_qcd_DelphesPythia8_nompi_3.dat', 'tree_httv2_qcd_DelphesPythia8_nompi_30.dat', 'tree_httv2_qcd_DelphesPythia8_nompi_31.dat', 'tree_httv2_qcd_DelphesPythia8_nompi_32.dat', 'tree_httv2_qcd_DelphesPythia8_nompi_33.dat', 'tree_httv2_qcd_DelphesPythia8_nompi_34.dat', 'tree_httv2_qcd_DelphesPythia8_nompi_35.dat', 'tree_httv2_qcd_DelphesPythia8_nompi_36.dat', 'tree_httv2_qcd_DelphesPythia8_nompi_37.dat', 'tree_httv2_qcd_DelphesPythia8_nompi_38.dat', 'tree_httv2_qcd_DelphesPythia8_nompi_39.dat', 'tree_httv2_qcd_DelphesPythia8_nompi_4.dat', 'tree_httv2_qcd_DelphesPythia8_nompi_40.dat', 'tree_httv2_qcd_DelphesPythia8_nompi_41.dat', 'tree_httv2_qcd_DelphesPythia8_nompi_42.dat', 'tree_httv2_qcd_DelphesPythia8_nompi_43.dat', 'tree_httv2_qcd_DelphesPythia8_nompi_44.dat', 'tree_httv2_qcd_DelphesPythia8_nompi_45.dat', 'tree_httv2_qcd_DelphesPythia8_nompi_46.dat', 'tree_httv2_qcd_DelphesPythia8_nompi_47.dat', 'tree_httv2_qcd_DelphesPythia8_nompi_48.dat', 'tree_httv2_qcd_DelphesPythia8_nompi_49.dat', 'tree_httv2_qcd_DelphesPythia8_nompi_5.dat', 'tree_httv2_qcd_DelphesPythia8_nompi_50.dat', 'tree_httv2_qcd_DelphesPythia8_nompi_51.dat', 'tree_httv2_qcd_DelphesPythia8_nompi_52.dat', 'tree_httv2_qcd_DelphesPythia8_nompi_53.dat', 'tree_httv2_qcd_DelphesPythia8_nompi_54.dat', 'tree_httv2_qcd_DelphesPythia8_nompi_55.dat', 'tree_httv2_qcd_DelphesPythia8_nompi_56.dat', 'tree_httv2_qcd_DelphesPythia8_nompi_57.dat', 'tree_httv2_qcd_DelphesPythia8_nompi_58.dat', 'tree_httv2_qcd_DelphesPythia8_nompi_59.dat', 'tree_httv2_qcd_DelphesPythia8_nompi_6.dat', 'tree_httv2_qcd_DelphesPythia8_nompi_60.dat', 'tree_httv2_qcd_DelphesPythia8_nompi_61.dat', 'tree_httv2_qcd_DelphesPythia8_nompi_62.dat', 'tree_httv2_qcd_DelphesPythia8_nompi_63.dat', 'tree_httv2_qcd_DelphesPythia8_nompi_64.dat', 'tree_httv2_qcd_DelphesPythia8_nompi_65.dat', 'tree_httv2_qcd_DelphesPythia8_nompi_66.dat', 'tree_httv2_qcd_DelphesPythia8_nompi_67.dat', 'tree_httv2_qcd_DelphesPythia8_nompi_68.dat', 'tree_httv2_qcd_DelphesPythia8_nompi_69.dat', 'tree_httv2_qcd_DelphesPythia8_nompi_7.dat', 'tree_httv2_qcd_DelphesPythia8_nompi_70.dat', 'tree_httv2_qcd_DelphesPythia8_nompi_71.dat', 'tree_httv2_qcd_DelphesPythia8_nompi_72.dat', 'tree_httv2_qcd_DelphesPythia8_nompi_73.dat', 'tree_httv2_qcd_DelphesPythia8_nompi_74.dat', 'tree_httv2_qcd_DelphesPythia8_nompi_75.dat', 'tree_httv2_qcd_DelphesPythia8_nompi_76.dat', 'tree_httv2_qcd_DelphesPythia8_nompi_77.dat', 'tree_httv2_qcd_DelphesPythia8_nompi_78.dat', 'tree_httv2_qcd_DelphesPythia8_nompi_79.dat', 'tree_httv2_qcd_DelphesPythia8_nompi_8.dat', 'tree_httv2_qcd_DelphesPythia8_nompi_80.dat', 'tree_httv2_qcd_DelphesPythia8_nompi_81.dat', 'tree_httv2_qcd_DelphesPythia8_nompi_82.dat', 'tree_httv2_qcd_DelphesPythia8_nompi_83.dat', 'tree_httv2_qcd_DelphesPythia8_nompi_84.dat', 'tree_httv2_qcd_DelphesPythia8_nompi_85.dat', 'tree_httv2_qcd_DelphesPythia8_nompi_86.dat', 'tree_httv2_qcd_DelphesPythia8_nompi_87.dat', 'tree_httv2_qcd_DelphesPythia8_nompi_88.dat', 'tree_httv2_qcd_DelphesPythia8_nompi_89.dat', 'tree_httv2_qcd_DelphesPythia8_nompi_9.dat', 'tree_httv2_qcd_DelphesPythia8_nompi_90.dat', 'tree_httv2_qcd_DelphesPythia8_nompi_91.dat', 'tree_httv2_qcd_DelphesPythia8_nompi_92.dat', 'tree_httv2_qcd_DelphesPythia8_nompi_93.dat', 'tree_httv2_qcd_DelphesPythia8_nompi_94.dat', 'tree_httv2_qcd_DelphesPythia8_nompi_95.dat', 'tree_httv2_qcd_DelphesPythia8_nompi_96.dat', 'tree_httv2_qcd_DelphesPythia8_nompi_97.dat', 'tree_httv2_qcd_DelphesPythia8_nompi_98.dat', 'tree_httv2_qcd_DelphesPythia8_nompi_99.dat']
2018-10-29 16:05:46,792:INFO: Ntotjets=10000
2018-10-29 16:05:48,371:INFO: Ntotjets=20000
2018-10-29 16:05:49,919:INFO: Ntotjets=30000
2018-10-29 16:05:51,422:INFO: Ntotjets=40000
2018-10-29 16:05:51,422:INFO: Tree generation time (minutes) =0.21983156204223633
2018-10-29 16:11:02,846:INFO: Splitting into train, validation and test datasets, and shuffling...
2018-10-29 16:11:07,860:INFO: Split sample time (minutes) =5.493788282076518
2018-10-29 16:11:07,860:INFO: Creating train batches ...
2018-10-29 16:11:18,691:INFO: Creating val batches ...
2018-10-29 16:11:22,235:INFO: Creating test batches ...
2018-10-29 16:11:25,820:INFO: Number of test_batches=15
2018-10-29 16:11:25,820:INFO: Batch generation time (minutes) =5.793134069442749
2018-10-29 16:11:25,820:INFO: Train and val batch size=1024
2018-10-29 16:11:25,820:INFO: Number of train_batches=46
2018-10-29 16:11:25,821:INFO: Number of val_batches=15
2018-10-29 16:11:35,790:INFO: ------------------------------------------------------------
2018-10-29 16:11:35,790:INFO: Loading the datasets...
2018-10-29 16:11:36,885:INFO: - done loading the datasets
2018-10-29 16:11:36,885:INFO: ------------------------------------------------------------
2018-10-29 16:11:38,559:INFO: Building optimizer...
2018-10-29 16:11:38,560:INFO: Starting training for 30 epoch(s)
2018-10-29 16:11:38,560:INFO: Epoch 1/30
2018-10-29 16:11:48,541:INFO: - Train metrics: accuracy: 0.481 ; loss: 1.224
2018-10-29 16:11:49,643:INFO: - Eval metrics : accuracy: 0.499 ; loss: 13.848
2018-10-29 16:11:49,692:INFO: - Found new best accuracy
2018-10-29 16:11:49,692:INFO: Epoch 2/30
2018-10-29 16:11:59,571:INFO: - Train metrics: accuracy: 0.519 ; loss: 13.303
2018-10-29 16:12:00,655:INFO: - Eval metrics : accuracy: 0.499 ; loss: 13.848
2018-10-29 16:12:00,859:INFO: - Found new best accuracy
2018-10-29 16:12:00,860:INFO: Epoch 3/30
2018-10-29 16:12:10,740:INFO: - Train metrics: accuracy: 0.519 ; loss: 13.303
2018-10-29 16:12:11,818:INFO: - Eval metrics : accuracy: 0.499 ; loss: 13.848
2018-10-29 16:12:12,011:INFO: - Found new best accuracy
2018-10-29 16:12:12,012:INFO: Epoch 4/30
2018-10-29 16:12:21,887:INFO: - Train metrics: accuracy: 0.519 ; loss: 13.303
2018-10-29 16:12:22,973:INFO: - Eval metrics : accuracy: 0.499 ; loss: 13.848
2018-10-29 16:12:23,158:INFO: - Found new best accuracy
2018-10-29 16:12:23,159:INFO: Epoch 5/30
2018-10-29 16:12:33,041:INFO: - Train metrics: accuracy: 0.519 ; loss: 13.303
2018-10-29 16:12:34,125:INFO: - Eval metrics : accuracy: 0.499 ; loss: 13.848
2018-10-29 16:12:34,291:INFO: - Found new best accuracy
2018-10-29 16:12:34,292:INFO: Epoch 6/30
2018-10-29 16:12:44,179:INFO: - Train metrics: accuracy: 0.519 ; loss: 13.303
2018-10-29 16:12:45,272:INFO: - Eval metrics : accuracy: 0.499 ; loss: 13.848
2018-10-29 16:12:45,417:INFO: - Found new best accuracy
2018-10-29 16:12:45,418:INFO: Epoch 7/30
2018-10-29 16:12:55,272:INFO: - Train metrics: accuracy: 0.519 ; loss: 13.303
2018-10-29 16:12:56,277:INFO: - Eval metrics : accuracy: 0.499 ; loss: 13.848
2018-10-29 16:12:56,407:INFO: - Found new best accuracy
2018-10-29 16:12:56,407:INFO: Epoch 8/30
2018-10-29 16:13:06,277:INFO: - Train metrics: accuracy: 0.519 ; loss: 13.303
2018-10-29 16:13:07,361:INFO: - Eval metrics : accuracy: 0.499 ; loss: 13.848
2018-10-29 16:13:07,506:INFO: - Found new best accuracy
2018-10-29 16:13:07,507:INFO: Epoch 9/30
2018-10-29 16:13:17,381:INFO: - Train metrics: accuracy: 0.519 ; loss: 13.303
2018-10-29 16:13:18,471:INFO: - Eval metrics : accuracy: 0.499 ; loss: 13.848
2018-10-29 16:13:18,619:INFO: - Found new best accuracy
2018-10-29 16:13:18,620:INFO: Epoch 10/30
2018-10-29 16:13:28,454:INFO: - Train metrics: accuracy: 0.519 ; loss: 13.303
2018-10-29 16:13:29,540:INFO: - Eval metrics : accuracy: 0.499 ; loss: 13.848
2018-10-29 16:13:29,675:INFO: - Found new best accuracy
2018-10-29 16:13:29,675:INFO: Epoch 11/30
2018-10-29 16:13:39,542:INFO: - Train metrics: accuracy: 0.519 ; loss: 13.303
2018-10-29 16:13:40,631:INFO: - Eval metrics : accuracy: 0.499 ; loss: 13.848
2018-10-29 16:13:40,783:INFO: - Found new best accuracy
2018-10-29 16:13:40,784:INFO: Epoch 12/30
2018-10-29 16:13:50,657:INFO: - Train metrics: accuracy: 0.519 ; loss: 13.303
2018-10-29 16:13:51,724:INFO: - Eval metrics : accuracy: 0.499 ; loss: 13.848
2018-10-29 16:13:52,044:INFO: - Found new best accuracy
2018-10-29 16:13:52,045:INFO: Epoch 13/30
2018-10-29 16:14:01,872:INFO: - Train metrics: accuracy: 0.519 ; loss: 13.303
2018-10-29 16:14:02,952:INFO: - Eval metrics : accuracy: 0.499 ; loss: 13.848
2018-10-29 16:14:03,086:INFO: - Found new best accuracy
2018-10-29 16:14:03,087:INFO: Epoch 14/30
2018-10-29 16:14:12,954:INFO: - Train metrics: accuracy: 0.519 ; loss: 13.303
2018-10-29 16:14:14,036:INFO: - Eval metrics : accuracy: 0.499 ; loss: 13.848
2018-10-29 16:14:14,180:INFO: - Found new best accuracy
2018-10-29 16:14:14,180:INFO: Epoch 15/30
2018-10-29 16:14:24,058:INFO: - Train metrics: accuracy: 0.519 ; loss: 13.303
2018-10-29 16:14:25,139:INFO: - Eval metrics : accuracy: 0.499 ; loss: 13.848
2018-10-29 16:14:25,277:INFO: - Found new best accuracy
2018-10-29 16:14:25,278:INFO: Epoch 16/30
2018-10-29 16:14:35,194:INFO: - Train metrics: accuracy: 0.519 ; loss: 13.303
2018-10-29 16:14:36,277:INFO: - Eval metrics : accuracy: 0.499 ; loss: 13.848
2018-10-29 16:14:36,414:INFO: - Found new best accuracy
2018-10-29 16:14:36,414:INFO: Epoch 17/30
2018-10-29 16:14:46,290:INFO: - Train metrics: accuracy: 0.519 ; loss: 13.303
2018-10-29 16:14:47,377:INFO: - Eval metrics : accuracy: 0.499 ; loss: 13.848
2018-10-29 16:14:47,499:INFO: - Found new best accuracy
2018-10-29 16:14:47,500:INFO: Epoch 18/30
2018-10-29 16:14:57,339:INFO: - Train metrics: accuracy: 0.519 ; loss: 13.303
2018-10-29 16:14:58,489:INFO: - Eval metrics : accuracy: 0.499 ; loss: 13.848
2018-10-29 16:14:58,672:INFO: - Found new best accuracy
2018-10-29 16:14:58,673:INFO: Epoch 19/30
2018-10-29 16:15:08,613:INFO: - Train metrics: accuracy: 0.519 ; loss: 13.303
2018-10-29 16:15:09,688:INFO: - Eval metrics : accuracy: 0.499 ; loss: 13.848
2018-10-29 16:15:09,831:INFO: - Found new best accuracy
2018-10-29 16:15:09,832:INFO: Epoch 20/30
2018-10-29 16:15:19,672:INFO: - Train metrics: accuracy: 0.519 ; loss: 13.303
2018-10-29 16:15:20,756:INFO: - Eval metrics : accuracy: 0.499 ; loss: 13.848
2018-10-29 16:15:20,923:INFO: - Found new best accuracy
2018-10-29 16:15:20,924:INFO: Epoch 21/30
2018-10-29 16:15:30,770:INFO: - Train metrics: accuracy: 0.519 ; loss: 13.303
2018-10-29 16:15:31,881:INFO: - Eval metrics : accuracy: 0.499 ; loss: 13.848
2018-10-29 16:15:32,011:INFO: - Found new best accuracy
2018-10-29 16:15:32,012:INFO: Epoch 22/30
2018-10-29 16:15:41,875:INFO: - Train metrics: accuracy: 0.519 ; loss: 13.303
2018-10-29 16:15:42,952:INFO: - Eval metrics : accuracy: 0.499 ; loss: 13.848
2018-10-29 16:15:43,047:INFO: - Found new best accuracy
2018-10-29 16:15:43,047:INFO: Epoch 23/30
2018-10-29 16:15:52,890:INFO: - Train metrics: accuracy: 0.519 ; loss: 13.303
2018-10-29 16:15:53,974:INFO: - Eval metrics : accuracy: 0.499 ; loss: 13.848
2018-10-29 16:15:54,123:INFO: - Found new best accuracy
2018-10-29 16:15:54,124:INFO: Epoch 24/30
2018-10-29 16:16:03,979:INFO: - Train metrics: accuracy: 0.519 ; loss: 13.303
2018-10-29 16:16:05,057:INFO: - Eval metrics : accuracy: 0.499 ; loss: 13.848
2018-10-29 16:16:05,226:INFO: - Found new best accuracy
2018-10-29 16:16:05,227:INFO: Epoch 25/30
2018-10-29 16:16:15,182:INFO: - Train metrics: accuracy: 0.519 ; loss: 13.303
2018-10-29 16:16:16,267:INFO: - Eval metrics : accuracy: 0.499 ; loss: 13.848
2018-10-29 16:16:16,461:INFO: - Found new best accuracy
2018-10-29 16:16:16,461:INFO: Epoch 26/30
2018-10-29 16:16:28,063:INFO: - Train metrics: accuracy: 0.519 ; loss: 13.303
2018-10-29 16:16:29,548:INFO: - Eval metrics : accuracy: 0.499 ; loss: 13.848
2018-10-29 16:16:29,721:INFO: - Found new best accuracy
2018-10-29 16:16:29,722:INFO: Epoch 27/30
2018-10-29 16:16:41,747:INFO: - Train metrics: accuracy: 0.519 ; loss: 13.303
2018-10-29 16:16:43,226:INFO: - Eval metrics : accuracy: 0.499 ; loss: 13.848
2018-10-29 16:16:43,362:INFO: - Found new best accuracy
2018-10-29 16:16:43,362:INFO: Epoch 28/30
2018-10-29 16:16:55,363:INFO: - Train metrics: accuracy: 0.519 ; loss: 13.303
2018-10-29 16:16:56,799:INFO: - Eval metrics : accuracy: 0.499 ; loss: 13.848
2018-10-29 16:16:56,966:INFO: - Found new best accuracy
2018-10-29 16:16:56,967:INFO: Epoch 29/30
2018-10-29 16:17:08,998:INFO: - Train metrics: accuracy: 0.519 ; loss: 13.303
2018-10-29 16:17:10,555:INFO: - Eval metrics : accuracy: 0.499 ; loss: 13.848
2018-10-29 16:17:10,779:INFO: - Found new best accuracy
2018-10-29 16:17:10,780:INFO: Epoch 30/30
2018-10-29 16:17:22,805:INFO: - Train metrics: accuracy: 0.519 ; loss: 13.303
2018-10-29 16:17:24,369:INFO: - Eval metrics : accuracy: 0.499 ; loss: 13.848
2018-10-29 16:17:24,515:INFO: - Found new best accuracy
2018-10-29 16:17:24,516:INFO: Total time (minutes) =11.771388165156047
