2018-10-29 18:13:05,685:INFO: Loading the dataset ...
2018-10-29 18:13:06,017:INFO: - done.
2018-10-29 18:13:07,902:INFO: Starting evaluation
2018-10-29 18:13:09,311:INFO: Labels=[0. 0. 1. 0. 0. 0. 0. 1. 0. 1.]
2018-10-29 18:13:09,311:INFO: Out prob=[1.19554912e-04 8.82418215e-01 8.95745277e-01 8.48186612e-01
 6.11962795e-01 1.56223923e-05 5.53422282e-03 6.68543994e-01
 2.61519969e-01 9.01993692e-01]
2018-10-29 18:13:09,311:INFO: ------------------------------------------------------------------------------------------------------------------------
2018-10-29 18:13:09,311:INFO: len labels after =15872
2018-10-29 18:13:09,311:INFO: len out_prob after15872
2018-10-29 18:13:09,311:INFO: length y_test=15872
2018-10-29 18:13:09,311:INFO: Lenght y_score=15872
2018-10-29 18:13:09,315:INFO: Length y_score 15872
2018-10-29 18:13:09,315:INFO: Length y_test 15872
2018-10-29 18:13:09,315:INFO: Thresholds[0:6] = 
 [1.98482901 0.98482901 0.98214287 0.9819417  0.98080999 0.98007339]
2018-10-29 18:13:09,315:INFO: Thresholds lenght = 
15866
2018-10-29 18:13:09,315:INFO: fpr lenght15866
2018-10-29 18:13:09,315:INFO: tpr lenght15866
2018-10-29 18:13:09,362:INFO: ------------------------------------------------------------------------------------------------------------------------
2018-10-29 18:13:09,366:INFO: roc_auc=0.8766962898881576
2018-10-29 18:13:09,366:INFO: ------------------------------------------------------------------------------------------------------------------------
2018-10-29 18:13:09,366:INFO: - Eval metrics : accuracy: 0.79341 ; loss: 0.42668
