2018-10-29 17:27:52,350:INFO: search_hyperparam_sample_name=top_qcd_jets_antikt_kt__40000_Njets_128_batch
2018-10-29 17:27:52,351:INFO: ------------------------------------------------------------
2018-10-29 17:27:52,351:INFO: Loading the datasets...
2018-10-29 17:27:53,344:INFO: - done loading the datasets
2018-10-29 17:27:53,344:INFO: ------------------------------------------------------------
2018-10-29 17:27:54,886:INFO: Building optimizer...
2018-10-29 17:27:54,887:INFO: Starting training for 35 epoch(s)
2018-10-29 17:27:54,887:INFO: Epoch 1/35
2018-10-29 17:28:07,486:INFO: - Train metrics: accuracy: 0.737 ; loss: 0.973
2018-10-29 17:28:10,154:INFO: - Eval metrics : accuracy: 0.757 ; loss: 0.484
2018-10-29 17:28:10,163:INFO: - Found new best accuracy
2018-10-29 17:28:10,164:INFO: Epoch 2/35
2018-10-29 17:28:21,307:INFO: - Train metrics: accuracy: 0.802 ; loss: 0.427
2018-10-29 17:28:23,887:INFO: - Eval metrics : accuracy: 0.766 ; loss: 0.463
2018-10-29 17:28:23,923:INFO: - Found new best accuracy
2018-10-29 17:28:23,924:INFO: Epoch 3/35
2018-10-29 17:28:36,542:INFO: - Train metrics: accuracy: 0.797 ; loss: 0.430
2018-10-29 17:28:39,175:INFO: - Eval metrics : accuracy: 0.780 ; loss: 0.451
2018-10-29 17:28:39,214:INFO: - Found new best accuracy
2018-10-29 17:28:39,214:INFO: Epoch 4/35
2018-10-29 17:28:50,993:INFO: - Train metrics: accuracy: 0.799 ; loss: 0.416
2018-10-29 17:28:53,627:INFO: - Eval metrics : accuracy: 0.787 ; loss: 0.441
2018-10-29 17:28:53,663:INFO: - Found new best accuracy
2018-10-29 17:28:53,664:INFO: Epoch 5/35
2018-10-29 17:29:04,608:INFO: - Train metrics: accuracy: 0.807 ; loss: 0.399
2018-10-29 17:29:07,189:INFO: - Eval metrics : accuracy: 0.782 ; loss: 0.446
2018-10-29 17:29:07,222:INFO: Epoch 6/35
2018-10-29 17:29:19,826:INFO: - Train metrics: accuracy: 0.812 ; loss: 0.407
2018-10-29 17:29:22,056:INFO: - Eval metrics : accuracy: 0.799 ; loss: 0.418
2018-10-29 17:29:22,084:INFO: - Found new best accuracy
2018-10-29 17:29:22,084:INFO: Epoch 7/35
2018-10-29 17:29:34,949:INFO: - Train metrics: accuracy: 0.812 ; loss: 0.398
2018-10-29 17:29:37,531:INFO: - Eval metrics : accuracy: 0.806 ; loss: 0.411
2018-10-29 17:29:37,566:INFO: - Found new best accuracy
2018-10-29 17:29:37,567:INFO: Epoch 8/35
2018-10-29 17:29:50,113:INFO: - Train metrics: accuracy: 0.826 ; loss: 0.376
2018-10-29 17:29:52,731:INFO: - Eval metrics : accuracy: 0.806 ; loss: 0.409
2018-10-29 17:29:52,769:INFO: - Found new best accuracy
2018-10-29 17:29:52,770:INFO: Epoch 9/35
2018-10-29 17:30:02,841:INFO: - Train metrics: accuracy: 0.828 ; loss: 0.369
2018-10-29 17:30:05,509:INFO: - Eval metrics : accuracy: 0.808 ; loss: 0.405
2018-10-29 17:30:05,544:INFO: - Found new best accuracy
2018-10-29 17:30:05,544:INFO: Epoch 10/35
2018-10-29 17:30:18,038:INFO: - Train metrics: accuracy: 0.831 ; loss: 0.362
2018-10-29 17:30:20,280:INFO: - Eval metrics : accuracy: 0.811 ; loss: 0.401
2018-10-29 17:30:20,318:INFO: - Found new best accuracy
2018-10-29 17:30:20,318:INFO: Epoch 11/35
2018-10-29 17:30:30,554:INFO: - Train metrics: accuracy: 0.833 ; loss: 0.362
2018-10-29 17:30:33,219:INFO: - Eval metrics : accuracy: 0.813 ; loss: 0.396
2018-10-29 17:30:33,265:INFO: - Found new best accuracy
2018-10-29 17:30:33,266:INFO: Epoch 12/35
2018-10-29 17:30:43,469:INFO: - Train metrics: accuracy: 0.836 ; loss: 0.353
2018-10-29 17:30:45,954:INFO: - Eval metrics : accuracy: 0.819 ; loss: 0.389
2018-10-29 17:30:45,999:INFO: - Found new best accuracy
2018-10-29 17:30:46,000:INFO: Epoch 13/35
2018-10-29 17:30:56,704:INFO: - Train metrics: accuracy: 0.833 ; loss: 0.349
2018-10-29 17:30:59,239:INFO: - Eval metrics : accuracy: 0.822 ; loss: 0.384
2018-10-29 17:30:59,274:INFO: - Found new best accuracy
2018-10-29 17:30:59,275:INFO: Epoch 14/35
2018-10-29 17:31:11,695:INFO: - Train metrics: accuracy: 0.839 ; loss: 0.344
2018-10-29 17:31:14,243:INFO: - Eval metrics : accuracy: 0.825 ; loss: 0.378
2018-10-29 17:31:14,282:INFO: - Found new best accuracy
2018-10-29 17:31:14,282:INFO: Epoch 15/35
2018-10-29 17:31:26,683:INFO: - Train metrics: accuracy: 0.841 ; loss: 0.340
2018-10-29 17:31:29,282:INFO: - Eval metrics : accuracy: 0.826 ; loss: 0.374
2018-10-29 17:31:29,317:INFO: - Found new best accuracy
2018-10-29 17:31:29,318:INFO: Epoch 16/35
2018-10-29 17:31:39,552:INFO: - Train metrics: accuracy: 0.841 ; loss: 0.338
2018-10-29 17:31:41,652:INFO: - Eval metrics : accuracy: 0.829 ; loss: 0.370
2018-10-29 17:31:41,690:INFO: - Found new best accuracy
2018-10-29 17:31:41,690:INFO: Epoch 17/35
2018-10-29 17:31:52,807:INFO: - Train metrics: accuracy: 0.846 ; loss: 0.334
2018-10-29 17:31:55,610:INFO: - Eval metrics : accuracy: 0.832 ; loss: 0.366
2018-10-29 17:31:55,651:INFO: - Found new best accuracy
2018-10-29 17:31:55,652:INFO: Epoch 18/35
2018-10-29 17:32:07,700:INFO: - Train metrics: accuracy: 0.846 ; loss: 0.331
2018-10-29 17:32:09,807:INFO: - Eval metrics : accuracy: 0.837 ; loss: 0.362
2018-10-29 17:32:09,848:INFO: - Found new best accuracy
2018-10-29 17:32:09,848:INFO: Epoch 19/35
2018-10-29 17:32:20,202:INFO: - Train metrics: accuracy: 0.846 ; loss: 0.326
2018-10-29 17:32:22,295:INFO: - Eval metrics : accuracy: 0.838 ; loss: 0.358
2018-10-29 17:32:22,298:INFO: - Found new best accuracy
2018-10-29 17:32:22,298:INFO: Epoch 20/35
2018-10-29 17:32:31,757:INFO: - Train metrics: accuracy: 0.854 ; loss: 0.322
2018-10-29 17:32:33,867:INFO: - Eval metrics : accuracy: 0.840 ; loss: 0.355
2018-10-29 17:32:33,908:INFO: - Found new best accuracy
2018-10-29 17:32:33,909:INFO: Epoch 21/35
2018-10-29 17:32:45,464:INFO: - Train metrics: accuracy: 0.867 ; loss: 0.319
2018-10-29 17:32:48,078:INFO: - Eval metrics : accuracy: 0.841 ; loss: 0.353
2018-10-29 17:32:48,115:INFO: - Found new best accuracy
2018-10-29 17:32:48,116:INFO: Epoch 22/35
2018-10-29 17:32:59,119:INFO: - Train metrics: accuracy: 0.867 ; loss: 0.315
2018-10-29 17:33:01,213:INFO: - Eval metrics : accuracy: 0.842 ; loss: 0.351
2018-10-29 17:33:01,253:INFO: - Found new best accuracy
2018-10-29 17:33:01,253:INFO: Epoch 23/35
2018-10-29 17:33:13,144:INFO: - Train metrics: accuracy: 0.862 ; loss: 0.314
2018-10-29 17:33:15,247:INFO: - Eval metrics : accuracy: 0.843 ; loss: 0.349
2018-10-29 17:33:15,282:INFO: - Found new best accuracy
2018-10-29 17:33:15,283:INFO: Epoch 24/35
2018-10-29 17:33:25,770:INFO: - Train metrics: accuracy: 0.865 ; loss: 0.313
2018-10-29 17:33:27,859:INFO: - Eval metrics : accuracy: 0.844 ; loss: 0.348
2018-10-29 17:33:27,886:INFO: - Found new best accuracy
2018-10-29 17:33:27,886:INFO: Epoch 25/35
2018-10-29 17:33:37,570:INFO: - Train metrics: accuracy: 0.865 ; loss: 0.312
2018-10-29 17:33:39,661:INFO: - Eval metrics : accuracy: 0.844 ; loss: 0.347
2018-10-29 17:33:39,700:INFO: Epoch 26/35
2018-10-29 17:33:49,830:INFO: - Train metrics: accuracy: 0.862 ; loss: 0.312
2018-10-29 17:33:52,441:INFO: - Eval metrics : accuracy: 0.845 ; loss: 0.346
2018-10-29 17:33:52,479:INFO: - Found new best accuracy
2018-10-29 17:33:52,479:INFO: Epoch 27/35
2018-10-29 17:34:03,288:INFO: - Train metrics: accuracy: 0.862 ; loss: 0.312
2018-10-29 17:34:05,373:INFO: - Eval metrics : accuracy: 0.845 ; loss: 0.345
2018-10-29 17:34:05,410:INFO: - Found new best accuracy
2018-10-29 17:34:05,411:INFO: Epoch 28/35
2018-10-29 17:34:16,127:INFO: - Train metrics: accuracy: 0.862 ; loss: 0.311
2018-10-29 17:34:18,244:INFO: - Eval metrics : accuracy: 0.846 ; loss: 0.344
2018-10-29 17:34:18,280:INFO: - Found new best accuracy
2018-10-29 17:34:18,280:INFO: Epoch 29/35
2018-10-29 17:34:27,678:INFO: - Train metrics: accuracy: 0.862 ; loss: 0.311
2018-10-29 17:34:29,775:INFO: - Eval metrics : accuracy: 0.847 ; loss: 0.344
2018-10-29 17:34:29,815:INFO: - Found new best accuracy
2018-10-29 17:34:29,816:INFO: Epoch 30/35
2018-10-29 17:34:40,672:INFO: - Train metrics: accuracy: 0.857 ; loss: 0.310
2018-10-29 17:34:42,791:INFO: - Eval metrics : accuracy: 0.847 ; loss: 0.343
2018-10-29 17:34:42,794:INFO: - Found new best accuracy
2018-10-29 17:34:42,794:INFO: Epoch 31/35
2018-10-29 17:34:53,297:INFO: - Train metrics: accuracy: 0.857 ; loss: 0.310
2018-10-29 17:34:55,405:INFO: - Eval metrics : accuracy: 0.847 ; loss: 0.343
2018-10-29 17:34:55,446:INFO: Epoch 32/35
2018-10-29 17:35:05,823:INFO: - Train metrics: accuracy: 0.857 ; loss: 0.309
2018-10-29 17:35:07,919:INFO: - Eval metrics : accuracy: 0.847 ; loss: 0.343
2018-10-29 17:35:07,922:INFO: - Found new best accuracy
2018-10-29 17:35:07,922:INFO: Epoch 33/35
2018-10-29 17:35:19,087:INFO: - Train metrics: accuracy: 0.857 ; loss: 0.309
2018-10-29 17:35:21,698:INFO: - Eval metrics : accuracy: 0.848 ; loss: 0.342
2018-10-29 17:35:21,741:INFO: - Found new best accuracy
2018-10-29 17:35:21,742:INFO: Epoch 34/35
2018-10-29 17:35:33,468:INFO: - Train metrics: accuracy: 0.857 ; loss: 0.309
2018-10-29 17:35:35,566:INFO: - Eval metrics : accuracy: 0.848 ; loss: 0.342
2018-10-29 17:35:35,604:INFO: - Found new best accuracy
2018-10-29 17:35:35,605:INFO: Epoch 35/35
2018-10-29 17:35:46,221:INFO: - Train metrics: accuracy: 0.857 ; loss: 0.309
2018-10-29 17:35:48,463:INFO: - Eval metrics : accuracy: 0.848 ; loss: 0.342
2018-10-29 17:35:48,516:INFO: - Found new best accuracy
2018-10-29 17:35:48,517:INFO: Total time (minutes) =7.936120855808258
