2018-10-29 18:07:55,657:INFO: search_hyperparam_sample_name=top_qcd_jets_antikt_kt__40000_Njets_256_batch
2018-10-29 18:07:55,658:INFO: ------------------------------------------------------------
2018-10-29 18:07:55,658:INFO: Loading the datasets...
2018-10-29 18:07:56,815:INFO: - done loading the datasets
2018-10-29 18:07:56,815:INFO: ------------------------------------------------------------
2018-10-29 18:07:58,407:INFO: Building optimizer...
2018-10-29 18:07:58,408:INFO: Starting training for 35 epoch(s)
2018-10-29 18:07:58,408:INFO: Epoch 1/35
2018-10-29 18:08:05,967:INFO: - Train metrics: accuracy: 0.658 ; loss: 1.182
2018-10-29 18:08:07,241:INFO: - Eval metrics : accuracy: 0.739 ; loss: 0.510
2018-10-29 18:08:07,251:INFO: - Found new best accuracy
2018-10-29 18:08:07,251:INFO: Epoch 2/35
2018-10-29 18:08:14,436:INFO: - Train metrics: accuracy: 0.777 ; loss: 0.486
2018-10-29 18:08:15,824:INFO: - Eval metrics : accuracy: 0.768 ; loss: 0.470
2018-10-29 18:08:15,859:INFO: - Found new best accuracy
2018-10-29 18:08:15,860:INFO: Epoch 3/35
2018-10-29 18:08:22,304:INFO: - Train metrics: accuracy: 0.807 ; loss: 0.435
2018-10-29 18:08:23,654:INFO: - Eval metrics : accuracy: 0.771 ; loss: 0.463
2018-10-29 18:08:23,688:INFO: - Found new best accuracy
2018-10-29 18:08:23,688:INFO: Epoch 4/35
2018-10-29 18:08:30,023:INFO: - Train metrics: accuracy: 0.811 ; loss: 0.425
2018-10-29 18:08:31,226:INFO: - Eval metrics : accuracy: 0.785 ; loss: 0.443
2018-10-29 18:08:31,267:INFO: - Found new best accuracy
2018-10-29 18:08:31,267:INFO: Epoch 5/35
2018-10-29 18:08:38,229:INFO: - Train metrics: accuracy: 0.816 ; loss: 0.409
2018-10-29 18:08:39,550:INFO: - Eval metrics : accuracy: 0.786 ; loss: 0.441
2018-10-29 18:08:39,587:INFO: - Found new best accuracy
2018-10-29 18:08:39,587:INFO: Epoch 6/35
2018-10-29 18:08:46,353:INFO: - Train metrics: accuracy: 0.818 ; loss: 0.408
2018-10-29 18:08:47,596:INFO: - Eval metrics : accuracy: 0.790 ; loss: 0.437
2018-10-29 18:08:47,636:INFO: - Found new best accuracy
2018-10-29 18:08:47,637:INFO: Epoch 7/35
2018-10-29 18:08:55,337:INFO: - Train metrics: accuracy: 0.830 ; loss: 0.400
2018-10-29 18:08:56,696:INFO: - Eval metrics : accuracy: 0.793 ; loss: 0.432
2018-10-29 18:08:56,734:INFO: - Found new best accuracy
2018-10-29 18:08:56,735:INFO: Epoch 8/35
2018-10-29 18:09:04,241:INFO: - Train metrics: accuracy: 0.826 ; loss: 0.395
2018-10-29 18:09:05,500:INFO: - Eval metrics : accuracy: 0.793 ; loss: 0.430
2018-10-29 18:09:05,543:INFO: - Found new best accuracy
2018-10-29 18:09:05,544:INFO: Epoch 9/35
2018-10-29 18:09:13,211:INFO: - Train metrics: accuracy: 0.824 ; loss: 0.392
2018-10-29 18:09:14,600:INFO: - Eval metrics : accuracy: 0.795 ; loss: 0.427
2018-10-29 18:09:14,640:INFO: - Found new best accuracy
2018-10-29 18:09:14,641:INFO: Epoch 10/35
2018-10-29 18:09:22,207:INFO: - Train metrics: accuracy: 0.832 ; loss: 0.391
2018-10-29 18:09:23,515:INFO: - Eval metrics : accuracy: 0.797 ; loss: 0.425
2018-10-29 18:09:23,551:INFO: - Found new best accuracy
2018-10-29 18:09:23,552:INFO: Epoch 11/35
2018-10-29 18:09:31,371:INFO: - Train metrics: accuracy: 0.826 ; loss: 0.391
2018-10-29 18:09:32,596:INFO: - Eval metrics : accuracy: 0.796 ; loss: 0.426
2018-10-29 18:09:32,634:INFO: Epoch 12/35
2018-10-29 18:09:40,259:INFO: - Train metrics: accuracy: 0.820 ; loss: 0.392
2018-10-29 18:09:41,510:INFO: - Eval metrics : accuracy: 0.795 ; loss: 0.428
2018-10-29 18:09:41,549:INFO: Epoch 13/35
2018-10-29 18:09:48,968:INFO: - Train metrics: accuracy: 0.826 ; loss: 0.394
2018-10-29 18:09:50,238:INFO: - Eval metrics : accuracy: 0.795 ; loss: 0.426
2018-10-29 18:09:50,276:INFO: Epoch 14/35
2018-10-29 18:09:58,045:INFO: - Train metrics: accuracy: 0.824 ; loss: 0.393
2018-10-29 18:09:59,352:INFO: - Eval metrics : accuracy: 0.794 ; loss: 0.426
2018-10-29 18:09:59,392:INFO: Epoch 15/35
2018-10-29 18:10:07,077:INFO: - Train metrics: accuracy: 0.826 ; loss: 0.392
2018-10-29 18:10:08,406:INFO: - Eval metrics : accuracy: 0.795 ; loss: 0.427
2018-10-29 18:10:08,445:INFO: Epoch 16/35
2018-10-29 18:10:15,589:INFO: - Train metrics: accuracy: 0.826 ; loss: 0.392
2018-10-29 18:10:16,955:INFO: - Eval metrics : accuracy: 0.795 ; loss: 0.425
2018-10-29 18:10:16,991:INFO: Epoch 17/35
2018-10-29 18:10:24,239:INFO: - Train metrics: accuracy: 0.828 ; loss: 0.389
2018-10-29 18:10:25,579:INFO: - Eval metrics : accuracy: 0.796 ; loss: 0.423
2018-10-29 18:10:25,618:INFO: Epoch 18/35
2018-10-29 18:10:32,945:INFO: - Train metrics: accuracy: 0.826 ; loss: 0.387
2018-10-29 18:10:34,178:INFO: - Eval metrics : accuracy: 0.796 ; loss: 0.423
2018-10-29 18:10:34,216:INFO: Epoch 19/35
2018-10-29 18:10:40,946:INFO: - Train metrics: accuracy: 0.824 ; loss: 0.386
2018-10-29 18:10:42,322:INFO: - Eval metrics : accuracy: 0.796 ; loss: 0.422
2018-10-29 18:10:42,361:INFO: Epoch 20/35
2018-10-29 18:10:49,645:INFO: - Train metrics: accuracy: 0.824 ; loss: 0.385
2018-10-29 18:10:50,854:INFO: - Eval metrics : accuracy: 0.796 ; loss: 0.422
2018-10-29 18:10:50,889:INFO: Epoch 21/35
2018-10-29 18:10:58,200:INFO: - Train metrics: accuracy: 0.822 ; loss: 0.385
2018-10-29 18:10:59,484:INFO: - Eval metrics : accuracy: 0.796 ; loss: 0.422
2018-10-29 18:10:59,525:INFO: Epoch 22/35
2018-10-29 18:11:07,029:INFO: - Train metrics: accuracy: 0.824 ; loss: 0.384
2018-10-29 18:11:08,334:INFO: - Eval metrics : accuracy: 0.796 ; loss: 0.422
2018-10-29 18:11:08,375:INFO: Epoch 23/35
2018-10-29 18:11:14,990:INFO: - Train metrics: accuracy: 0.816 ; loss: 0.384
2018-10-29 18:11:16,219:INFO: - Eval metrics : accuracy: 0.797 ; loss: 0.422
2018-10-29 18:11:16,232:INFO: - Found new best accuracy
2018-10-29 18:11:16,233:INFO: Epoch 24/35
2018-10-29 18:11:23,557:INFO: - Train metrics: accuracy: 0.816 ; loss: 0.384
2018-10-29 18:11:24,806:INFO: - Eval metrics : accuracy: 0.797 ; loss: 0.422
2018-10-29 18:11:24,844:INFO: - Found new best accuracy
2018-10-29 18:11:24,844:INFO: Epoch 25/35
2018-10-29 18:11:32,298:INFO: - Train metrics: accuracy: 0.818 ; loss: 0.384
2018-10-29 18:11:33,481:INFO: - Eval metrics : accuracy: 0.797 ; loss: 0.422
2018-10-29 18:11:33,517:INFO: - Found new best accuracy
2018-10-29 18:11:33,518:INFO: Epoch 26/35
2018-10-29 18:11:41,480:INFO: - Train metrics: accuracy: 0.820 ; loss: 0.384
2018-10-29 18:11:42,922:INFO: - Eval metrics : accuracy: 0.797 ; loss: 0.422
2018-10-29 18:11:42,957:INFO: - Found new best accuracy
2018-10-29 18:11:42,958:INFO: Epoch 27/35
2018-10-29 18:11:50,711:INFO: - Train metrics: accuracy: 0.822 ; loss: 0.384
2018-10-29 18:11:52,036:INFO: - Eval metrics : accuracy: 0.797 ; loss: 0.422
2018-10-29 18:11:52,052:INFO: - Found new best accuracy
2018-10-29 18:11:52,053:INFO: Epoch 28/35
2018-10-29 18:11:58,618:INFO: - Train metrics: accuracy: 0.820 ; loss: 0.384
2018-10-29 18:12:00,239:INFO: - Eval metrics : accuracy: 0.798 ; loss: 0.422
2018-10-29 18:12:00,268:INFO: - Found new best accuracy
2018-10-29 18:12:00,269:INFO: Epoch 29/35
2018-10-29 18:12:08,155:INFO: - Train metrics: accuracy: 0.820 ; loss: 0.384
2018-10-29 18:12:09,409:INFO: - Eval metrics : accuracy: 0.798 ; loss: 0.422
2018-10-29 18:12:09,446:INFO: - Found new best accuracy
2018-10-29 18:12:09,446:INFO: Epoch 30/35
2018-10-29 18:12:16,209:INFO: - Train metrics: accuracy: 0.820 ; loss: 0.384
2018-10-29 18:12:17,354:INFO: - Eval metrics : accuracy: 0.798 ; loss: 0.422
2018-10-29 18:12:17,356:INFO: - Found new best accuracy
2018-10-29 18:12:17,356:INFO: Epoch 31/35
2018-10-29 18:12:25,260:INFO: - Train metrics: accuracy: 0.822 ; loss: 0.384
2018-10-29 18:12:26,822:INFO: - Eval metrics : accuracy: 0.798 ; loss: 0.422
2018-10-29 18:12:26,885:INFO: - Found new best accuracy
2018-10-29 18:12:26,886:INFO: Epoch 32/35
2018-10-29 18:12:34,390:INFO: - Train metrics: accuracy: 0.820 ; loss: 0.384
2018-10-29 18:12:35,854:INFO: - Eval metrics : accuracy: 0.798 ; loss: 0.421
2018-10-29 18:12:35,892:INFO: - Found new best accuracy
2018-10-29 18:12:35,893:INFO: Epoch 33/35
2018-10-29 18:12:43,476:INFO: - Train metrics: accuracy: 0.820 ; loss: 0.384
2018-10-29 18:12:44,942:INFO: - Eval metrics : accuracy: 0.798 ; loss: 0.421
2018-10-29 18:12:44,977:INFO: - Found new best accuracy
2018-10-29 18:12:44,978:INFO: Epoch 34/35
2018-10-29 18:12:52,969:INFO: - Train metrics: accuracy: 0.820 ; loss: 0.384
2018-10-29 18:12:54,419:INFO: - Eval metrics : accuracy: 0.798 ; loss: 0.421
2018-10-29 18:12:54,455:INFO: Epoch 35/35
2018-10-29 18:13:02,269:INFO: - Train metrics: accuracy: 0.820 ; loss: 0.384
2018-10-29 18:13:03,773:INFO: - Eval metrics : accuracy: 0.798 ; loss: 0.421
2018-10-29 18:13:03,808:INFO: Total time (minutes) =5.135845673084259
