2018-10-20 19:36:31,401:INFO: Loading the dataset ...
2018-10-20 19:36:31,885:INFO: - done.
2018-10-20 19:36:35,747:INFO: Starting evaluation
2018-10-20 19:36:53,842:INFO: Labels=[0. 0. 1. 0. 0. 0. 0. 1. 0. 1.]
2018-10-20 19:36:53,843:INFO: Out prob=[1.37594491e-01 2.83375293e-01 3.63572180e-01 6.96811497e-01
 8.22234094e-01 5.22776623e-04 2.47385390e-02 8.52031410e-01
 6.03632450e-01 9.27694499e-01]
2018-10-20 19:36:53,843:INFO: ------------------------------------------------------------------------------------------------------------------------
2018-10-20 19:36:53,843:INFO: len labels after =16000
2018-10-20 19:36:53,843:INFO: len out_prob after16000
2018-10-20 19:36:53,843:INFO: length y_test=16000
2018-10-20 19:36:53,843:INFO: Lenght y_score=16000
2018-10-20 19:36:53,847:INFO: Length y_score 16000
2018-10-20 19:36:53,847:INFO: Length y_test 16000
2018-10-20 19:36:53,847:INFO: Thresholds[0:6] = 
 [0.99769247 0.99740952 0.99634367 0.99610621 0.99522913 0.99454236]
2018-10-20 19:36:53,847:INFO: Thresholds lenght = 
15991
2018-10-20 19:36:53,847:INFO: fpr lenght15991
2018-10-20 19:36:53,847:INFO: tpr lenght15991
2018-10-20 19:36:53,908:INFO: ------------------------------------------------------------------------------------------------------------------------
2018-10-20 19:36:53,912:INFO: roc_auc=0.8805512950086141
2018-10-20 19:36:53,912:INFO: ------------------------------------------------------------------------------------------------------------------------
2018-10-20 19:36:53,913:INFO: - Eval metrics : accuracy: 0.806 ; loss: 0.427
