2018-10-29 21:27:36,656:INFO: Loading the dataset ...
2018-10-29 21:27:37,311:INFO: - done.
2018-10-29 21:27:39,161:INFO: Starting evaluation
2018-10-29 21:27:44,297:INFO: Labels=[1. 0. 0. 0. 1. 0. 0. 1. 1. 0.]
2018-10-29 21:27:44,297:INFO: Out prob=[9.94319320e-01 4.92443219e-02 6.89773262e-01 9.75904986e-04
 9.35061514e-01 9.21451211e-01 4.82782939e-17 9.97884214e-01
 9.98242617e-01 6.36200595e-04]
2018-10-29 21:27:44,297:INFO: ------------------------------------------------------------------------------------------------------------------------
2018-10-29 21:27:44,298:INFO: len labels after =32000
2018-10-29 21:27:44,298:INFO: len out_prob after32000
2018-10-29 21:27:44,298:INFO: length y_test=32000
2018-10-29 21:27:44,298:INFO: Lenght y_score=32000
2018-10-29 21:27:44,303:INFO: Length y_score 32000
2018-10-29 21:27:44,304:INFO: Length y_test 32000
2018-10-29 21:27:44,304:INFO: Thresholds[0:6] = 
 [0.99999726 0.99998462 0.99997759 0.99997032 0.99996924 0.99996817]
2018-10-29 21:27:44,304:INFO: Thresholds lenght = 
31662
2018-10-29 21:27:44,304:INFO: fpr lenght31662
2018-10-29 21:27:44,304:INFO: tpr lenght31662
2018-10-29 21:27:44,431:INFO: ------------------------------------------------------------------------------------------------------------------------
2018-10-29 21:27:44,439:INFO: roc_auc=0.9782838710089213
2018-10-29 21:27:44,439:INFO: ------------------------------------------------------------------------------------------------------------------------
2018-10-29 21:27:44,441:INFO: - Eval metrics : accuracy: 0.92616 ; loss: 0.18638
