2018-11-06 20:26:52,871:INFO: Loading the dataset ...
2018-11-06 20:26:53,606:INFO: - done.
2018-11-06 20:26:56,458:INFO: Starting evaluation
2018-11-06 20:27:01,574:INFO: Labels=[1. 0. 0. 0. 1. 0. 0. 1. 1. 0.]
2018-11-06 20:27:01,574:INFO: Out prob=[5.97239077e-01 4.70517989e-05 3.85398231e-02 2.16833472e-01
 9.99616146e-01 5.16736009e-06 1.31928464e-04 9.71330464e-01
 9.70139503e-01 1.82836520e-04]
2018-11-06 20:27:01,574:INFO: ------------------------------------------------------------------------------------------------------------------------
2018-11-06 20:27:01,574:INFO: len labels after =32000
2018-11-06 20:27:01,574:INFO: len out_prob after32000
2018-11-06 20:27:01,574:INFO: length y_test=32000
2018-11-06 20:27:01,574:INFO: Lenght y_score=32000
2018-11-06 20:27:01,580:INFO: Length y_score 32000
2018-11-06 20:27:01,580:INFO: Length y_test 32000
2018-11-06 20:27:01,580:INFO: Thresholds[0:6] = 
 [0.9998368  0.99983287 0.99982721 0.99982649 0.99980706 0.99980313]
2018-11-06 20:27:01,580:INFO: Thresholds lenght = 
31555
2018-11-06 20:27:01,581:INFO: fpr lenght31555
2018-11-06 20:27:01,581:INFO: tpr lenght31555
2018-11-06 20:27:01,718:INFO: ------------------------------------------------------------------------------------------------------------------------
2018-11-06 20:27:01,725:INFO: roc_auc=0.9812402343017196
2018-11-06 20:27:01,725:INFO: ------------------------------------------------------------------------------------------------------------------------
2018-11-06 20:27:01,726:INFO: - Eval metrics : accuracy: 0.92997 ; loss: 0.17464
