2018-10-20 20:44:01,785:INFO: Loading the dataset ...
2018-10-20 20:44:02,310:INFO: - done.
2018-10-20 20:44:06,092:INFO: Starting evaluation
2018-10-20 20:44:20,093:INFO: Labels=[0. 0. 1. 0. 0. 0. 0. 1. 0. 1.]
2018-10-20 20:44:20,093:INFO: Out prob=[0.19148824 0.43562204 0.5062086  0.67685896 0.87256813 0.00179289
 0.00589444 0.88715392 0.31769595 0.97007418]
2018-10-20 20:44:20,093:INFO: ------------------------------------------------------------------------------------------------------------------------
2018-10-20 20:44:20,093:INFO: len labels after =16000
2018-10-20 20:44:20,093:INFO: len out_prob after16000
2018-10-20 20:44:20,094:INFO: length y_test=16000
2018-10-20 20:44:20,094:INFO: Lenght y_score=16000
2018-10-20 20:44:20,098:INFO: Length y_score 16000
2018-10-20 20:44:20,098:INFO: Length y_test 16000
2018-10-20 20:44:20,098:INFO: Thresholds[0:6] = 
 [0.99963081 0.99948895 0.99941373 0.99927574 0.99916768 0.99912065]
2018-10-20 20:44:20,098:INFO: Thresholds lenght = 
15993
2018-10-20 20:44:20,098:INFO: fpr lenght15993
2018-10-20 20:44:20,098:INFO: tpr lenght15993
2018-10-20 20:44:20,147:INFO: ------------------------------------------------------------------------------------------------------------------------
2018-10-20 20:44:20,151:INFO: roc_auc=0.901021170328456
2018-10-20 20:44:20,151:INFO: ------------------------------------------------------------------------------------------------------------------------
2018-10-20 20:44:20,152:INFO: - Eval metrics : accuracy: 0.820 ; loss: 0.390
