2018-10-20 19:36:38,876:INFO: sample_name=top_qcd_jets_antikt_kt__40000_Njets_64_batch
2018-10-20 19:36:38,877:INFO: ------------------------------------------------------------
2018-10-20 19:36:38,877:INFO: Loading the datasets...
2018-10-20 19:36:40,662:INFO: - done loading the datasets
2018-10-20 19:36:40,662:INFO: ------------------------------------------------------------
2018-10-20 19:36:44,893:INFO: Building optimizer...
2018-10-20 19:36:44,893:INFO: Starting training for 30 epoch(s)
2018-10-20 19:36:44,893:INFO: Epoch 1/30
2018-10-20 19:38:47,427:INFO: - Train metrics: accuracy: 0.487 ; loss: 0.721
2018-10-20 19:39:02,504:INFO: - Eval metrics : accuracy: 0.507 ; loss: 0.693
2018-10-20 19:39:02,566:INFO: - Found new best accuracy
2018-10-20 19:39:02,567:INFO: Epoch 2/30
2018-10-20 19:41:03,702:INFO: - Train metrics: accuracy: 0.536 ; loss: 0.690
2018-10-20 19:41:18,497:INFO: - Eval metrics : accuracy: 0.533 ; loss: 0.691
2018-10-20 19:41:18,534:INFO: - Found new best accuracy
2018-10-20 19:41:18,534:INFO: Epoch 3/30
2018-10-20 19:43:18,989:INFO: - Train metrics: accuracy: 0.609 ; loss: 0.674
2018-10-20 19:43:33,447:INFO: - Eval metrics : accuracy: 0.677 ; loss: 0.635
2018-10-20 19:43:33,484:INFO: - Found new best accuracy
2018-10-20 19:43:33,485:INFO: Epoch 4/30
2018-10-20 19:45:33,834:INFO: - Train metrics: accuracy: 0.742 ; loss: 0.528
2018-10-20 19:45:48,144:INFO: - Eval metrics : accuracy: 0.608 ; loss: 0.661
2018-10-20 19:45:48,187:INFO: Epoch 5/30
2018-10-20 19:47:48,286:INFO: - Train metrics: accuracy: 0.760 ; loss: 0.510
2018-10-20 19:48:02,754:INFO: - Eval metrics : accuracy: 0.773 ; loss: 0.510
2018-10-20 19:48:02,758:INFO: - Found new best accuracy
2018-10-20 19:48:02,758:INFO: Epoch 6/30
2018-10-20 19:50:03,090:INFO: - Train metrics: accuracy: 0.768 ; loss: 0.483
2018-10-20 19:50:17,606:INFO: - Eval metrics : accuracy: 0.780 ; loss: 0.482
2018-10-20 19:50:17,646:INFO: - Found new best accuracy
2018-10-20 19:50:17,646:INFO: Epoch 7/30
2018-10-20 19:52:17,669:INFO: - Train metrics: accuracy: 0.768 ; loss: 0.459
2018-10-20 19:52:32,263:INFO: - Eval metrics : accuracy: 0.797 ; loss: 0.445
2018-10-20 19:52:32,305:INFO: - Found new best accuracy
2018-10-20 19:52:32,305:INFO: Epoch 8/30
2018-10-20 19:54:32,064:INFO: - Train metrics: accuracy: 0.789 ; loss: 0.441
2018-10-20 19:54:46,376:INFO: - Eval metrics : accuracy: 0.800 ; loss: 0.436
2018-10-20 19:54:46,406:INFO: - Found new best accuracy
2018-10-20 19:54:46,406:INFO: Epoch 9/30
2018-10-20 19:56:46,378:INFO: - Train metrics: accuracy: 0.781 ; loss: 0.424
2018-10-20 19:57:00,756:INFO: - Eval metrics : accuracy: 0.803 ; loss: 0.426
2018-10-20 19:57:00,773:INFO: - Found new best accuracy
2018-10-20 19:57:00,773:INFO: Epoch 10/30
2018-10-20 19:59:00,591:INFO: - Train metrics: accuracy: 0.786 ; loss: 0.423
2018-10-20 19:59:15,203:INFO: - Eval metrics : accuracy: 0.804 ; loss: 0.420
2018-10-20 19:59:15,240:INFO: - Found new best accuracy
2018-10-20 19:59:15,241:INFO: Epoch 11/30
2018-10-20 20:01:15,464:INFO: - Train metrics: accuracy: 0.805 ; loss: 0.407
2018-10-20 20:01:30,146:INFO: - Eval metrics : accuracy: 0.806 ; loss: 0.420
2018-10-20 20:01:30,183:INFO: - Found new best accuracy
2018-10-20 20:01:30,183:INFO: Epoch 12/30
2018-10-20 20:03:30,106:INFO: - Train metrics: accuracy: 0.815 ; loss: 0.402
2018-10-20 20:03:44,795:INFO: - Eval metrics : accuracy: 0.808 ; loss: 0.416
2018-10-20 20:03:44,833:INFO: - Found new best accuracy
2018-10-20 20:03:44,833:INFO: Epoch 13/30
2018-10-20 20:05:45,027:INFO: - Train metrics: accuracy: 0.815 ; loss: 0.396
2018-10-20 20:05:59,495:INFO: - Eval metrics : accuracy: 0.809 ; loss: 0.416
2018-10-20 20:05:59,534:INFO: - Found new best accuracy
2018-10-20 20:05:59,534:INFO: Epoch 14/30
2018-10-20 20:07:59,524:INFO: - Train metrics: accuracy: 0.823 ; loss: 0.397
2018-10-20 20:08:14,091:INFO: - Eval metrics : accuracy: 0.807 ; loss: 0.415
2018-10-20 20:08:14,134:INFO: Epoch 15/30
2018-10-20 20:10:14,037:INFO: - Train metrics: accuracy: 0.828 ; loss: 0.397
2018-10-20 20:10:28,909:INFO: - Eval metrics : accuracy: 0.807 ; loss: 0.413
2018-10-20 20:10:28,912:INFO: Epoch 16/30
2018-10-20 20:12:28,678:INFO: - Train metrics: accuracy: 0.831 ; loss: 0.399
2018-10-20 20:12:43,130:INFO: - Eval metrics : accuracy: 0.807 ; loss: 0.412
2018-10-20 20:12:43,167:INFO: Epoch 17/30
2018-10-20 20:14:42,988:INFO: - Train metrics: accuracy: 0.833 ; loss: 0.398
2018-10-20 20:14:57,508:INFO: - Eval metrics : accuracy: 0.804 ; loss: 0.413
2018-10-20 20:14:57,544:INFO: Epoch 18/30
2018-10-20 20:16:57,294:INFO: - Train metrics: accuracy: 0.836 ; loss: 0.398
2018-10-20 20:17:11,507:INFO: - Eval metrics : accuracy: 0.807 ; loss: 0.408
2018-10-20 20:17:11,545:INFO: Epoch 19/30
2018-10-20 20:19:11,289:INFO: - Train metrics: accuracy: 0.836 ; loss: 0.392
2018-10-20 20:19:25,693:INFO: - Eval metrics : accuracy: 0.811 ; loss: 0.402
2018-10-20 20:19:25,729:INFO: - Found new best accuracy
2018-10-20 20:19:25,730:INFO: Epoch 20/30
2018-10-20 20:21:26,033:INFO: - Train metrics: accuracy: 0.831 ; loss: 0.389
2018-10-20 20:21:40,318:INFO: - Eval metrics : accuracy: 0.813 ; loss: 0.399
2018-10-20 20:21:40,355:INFO: - Found new best accuracy
2018-10-20 20:21:40,356:INFO: Epoch 21/30
2018-10-20 20:23:39,880:INFO: - Train metrics: accuracy: 0.826 ; loss: 0.389
2018-10-20 20:23:54,245:INFO: - Eval metrics : accuracy: 0.813 ; loss: 0.399
2018-10-20 20:23:54,281:INFO: Epoch 22/30
2018-10-20 20:25:54,549:INFO: - Train metrics: accuracy: 0.828 ; loss: 0.383
2018-10-20 20:26:08,885:INFO: - Eval metrics : accuracy: 0.814 ; loss: 0.396
2018-10-20 20:26:08,923:INFO: - Found new best accuracy
2018-10-20 20:26:08,924:INFO: Epoch 23/30
2018-10-20 20:28:08,952:INFO: - Train metrics: accuracy: 0.831 ; loss: 0.384
2018-10-20 20:28:23,239:INFO: - Eval metrics : accuracy: 0.815 ; loss: 0.394
2018-10-20 20:28:23,272:INFO: - Found new best accuracy
2018-10-20 20:28:23,273:INFO: Epoch 24/30
2018-10-20 20:30:23,075:INFO: - Train metrics: accuracy: 0.836 ; loss: 0.382
2018-10-20 20:30:37,464:INFO: - Eval metrics : accuracy: 0.816 ; loss: 0.394
2018-10-20 20:30:37,508:INFO: - Found new best accuracy
2018-10-20 20:30:37,508:INFO: Epoch 25/30
2018-10-20 20:32:36,676:INFO: - Train metrics: accuracy: 0.831 ; loss: 0.381
2018-10-20 20:32:51,072:INFO: - Eval metrics : accuracy: 0.817 ; loss: 0.392
2018-10-20 20:32:51,109:INFO: - Found new best accuracy
2018-10-20 20:32:51,109:INFO: Epoch 26/30
2018-10-20 20:34:50,455:INFO: - Train metrics: accuracy: 0.839 ; loss: 0.381
2018-10-20 20:35:04,707:INFO: - Eval metrics : accuracy: 0.817 ; loss: 0.392
2018-10-20 20:35:04,744:INFO: - Found new best accuracy
2018-10-20 20:35:04,744:INFO: Epoch 27/30
2018-10-20 20:37:03,815:INFO: - Train metrics: accuracy: 0.833 ; loss: 0.381
2018-10-20 20:37:18,203:INFO: - Eval metrics : accuracy: 0.817 ; loss: 0.396
2018-10-20 20:37:18,206:INFO: - Found new best accuracy
2018-10-20 20:37:18,206:INFO: Epoch 28/30
2018-10-20 20:39:17,413:INFO: - Train metrics: accuracy: 0.831 ; loss: 0.383
2018-10-20 20:39:31,794:INFO: - Eval metrics : accuracy: 0.818 ; loss: 0.392
2018-10-20 20:39:31,837:INFO: - Found new best accuracy
2018-10-20 20:39:31,837:INFO: Epoch 29/30
2018-10-20 20:41:31,159:INFO: - Train metrics: accuracy: 0.833 ; loss: 0.376
2018-10-20 20:41:45,588:INFO: - Eval metrics : accuracy: 0.817 ; loss: 0.391
2018-10-20 20:41:45,622:INFO: Epoch 30/30
2018-10-20 20:43:45,297:INFO: - Train metrics: accuracy: 0.833 ; loss: 0.377
2018-10-20 20:43:59,669:INFO: - Eval metrics : accuracy: 0.818 ; loss: 0.390
2018-10-20 20:43:59,706:INFO: - Found new best accuracy
2018-10-20 20:43:59,707:INFO: Total time (minutes) =67.34717005491257
