2018-10-29 17:03:53,578:INFO: Loading the dataset ...
2018-10-29 17:03:53,928:INFO: - done.
2018-10-29 17:03:55,686:INFO: Starting evaluation
2018-10-29 17:04:00,149:INFO: Labels=[0. 0. 1. 0. 0. 0. 0. 1. 0. 1.]
2018-10-29 17:04:00,152:INFO: Out prob=[2.52011989e-04 8.23180854e-01 8.86409760e-01 7.99177051e-01
 7.09891081e-01 3.20654772e-06 4.09271987e-03 6.07220590e-01
 1.91262364e-01 9.07065511e-01]
2018-10-29 17:04:00,152:INFO: ------------------------------------------------------------------------------------------------------------------------
2018-10-29 17:04:00,152:INFO: len labels after =16000
2018-10-29 17:04:00,152:INFO: len out_prob after16000
2018-10-29 17:04:00,152:INFO: length y_test=16000
2018-10-29 17:04:00,152:INFO: Lenght y_score=16000
2018-10-29 17:04:00,156:INFO: Length y_score 16000
2018-10-29 17:04:00,156:INFO: Length y_test 16000
2018-10-29 17:04:00,156:INFO: Thresholds[0:6] = 
 [0.98370451 0.98235172 0.98206127 0.9819687  0.98178667 0.9813292 ]
2018-10-29 17:04:00,156:INFO: Thresholds lenght = 
15993
2018-10-29 17:04:00,156:INFO: fpr lenght15993
2018-10-29 17:04:00,156:INFO: tpr lenght15993
2018-10-29 17:04:00,245:INFO: ------------------------------------------------------------------------------------------------------------------------
2018-10-29 17:04:00,250:INFO: roc_auc=0.8807641075119392
2018-10-29 17:04:00,250:INFO: ------------------------------------------------------------------------------------------------------------------------
2018-10-29 17:04:00,250:INFO: - Eval metrics : accuracy: 0.79788 ; loss: 0.42043
