2018-10-29 16:05:33,678:INFO: Loading the dataset ...
2018-10-29 16:05:33,997:INFO: - done.
2018-10-29 16:05:35,833:INFO: Starting evaluation
2018-10-29 16:05:36,884:INFO: Labels=[0. 0. 1. 0. 0. 0. 0. 1. 0. 1.]
2018-10-29 16:05:36,885:INFO: Out prob=[0. 0. 0. 0. 0. 0. 0. 0. 0. 0.]
2018-10-29 16:05:36,885:INFO: ------------------------------------------------------------------------------------------------------------------------
2018-10-29 16:05:36,885:INFO: len labels after =15360
2018-10-29 16:05:36,885:INFO: len out_prob after15360
2018-10-29 16:05:36,885:INFO: length y_test=15360
2018-10-29 16:05:36,885:INFO: Lenght y_score=15360
2018-10-29 16:05:36,889:INFO: Length y_score 15360
2018-10-29 16:05:36,889:INFO: Length y_test 15360
2018-10-29 16:05:36,889:INFO: Thresholds[0:6] = 
 [1. 0.]
2018-10-29 16:05:36,889:INFO: Thresholds lenght = 
2
2018-10-29 16:05:36,889:INFO: fpr lenght2
2018-10-29 16:05:36,889:INFO: tpr lenght2
2018-10-29 16:05:36,890:INFO: ------------------------------------------------------------------------------------------------------------------------
2018-10-29 16:05:36,894:INFO: roc_auc=0.5
2018-10-29 16:05:36,894:INFO: ------------------------------------------------------------------------------------------------------------------------
2018-10-29 16:05:36,894:INFO: - Eval metrics : accuracy: 0.49993 ; loss: 13.81731
