2018-10-29 21:11:24,897:INFO: Loading the dataset ...
2018-10-29 21:11:25,543:INFO: - done.
2018-10-29 21:11:27,078:INFO: Starting evaluation
2018-10-29 21:11:31,533:INFO: Labels=[1. 0. 0. 0. 1. 0. 0. 1. 1. 0.]
2018-10-29 21:11:31,533:INFO: Out prob=[9.95849490e-01 7.15341046e-02 5.19379973e-01 6.36936224e-04
 8.66889656e-01 8.09500158e-01 1.50439383e-15 9.98989284e-01
 9.99505401e-01 5.03871869e-03]
2018-10-29 21:11:31,533:INFO: ------------------------------------------------------------------------------------------------------------------------
2018-10-29 21:11:31,534:INFO: len labels after =32000
2018-10-29 21:11:31,534:INFO: len out_prob after32000
2018-10-29 21:11:31,534:INFO: length y_test=32000
2018-10-29 21:11:31,534:INFO: Lenght y_score=32000
2018-10-29 21:11:31,539:INFO: Length y_score 32000
2018-10-29 21:11:31,540:INFO: Length y_test 32000
2018-10-29 21:11:31,540:INFO: Thresholds[0:6] = 
 [0.99979979 0.99979967 0.99979359 0.99979168 0.99978834 0.99978441]
2018-10-29 21:11:31,540:INFO: Thresholds lenght = 
31484
2018-10-29 21:11:31,540:INFO: fpr lenght31484
2018-10-29 21:11:31,540:INFO: tpr lenght31484
2018-10-29 21:11:31,669:INFO: ------------------------------------------------------------------------------------------------------------------------
2018-10-29 21:11:31,677:INFO: roc_auc=0.9837322655614542
2018-10-29 21:11:31,677:INFO: ------------------------------------------------------------------------------------------------------------------------
2018-10-29 21:11:31,678:INFO: - Eval metrics : accuracy: 0.93553 ; loss: 0.16064
