2018-10-29 20:53:21,053:INFO: search_hyperparam_sample_name=top_qcd_jets_antikt_kt__80000_Njets_128_batch
2018-10-29 20:53:21,054:INFO: ------------------------------------------------------------
2018-10-29 20:53:21,054:INFO: Loading the datasets...
2018-10-29 20:53:23,290:INFO: - done loading the datasets
2018-10-29 20:53:23,290:INFO: ------------------------------------------------------------
2018-10-29 20:53:25,223:INFO: Building optimizer...
2018-10-29 20:53:25,224:INFO: Starting training for 40 epoch(s)
2018-10-29 20:53:25,224:INFO: Epoch 1/40
2018-10-29 20:53:50,941:INFO: - Train metrics: accuracy: 0.743 ; loss: 1.025
2018-10-29 20:53:55,655:INFO: - Eval metrics : accuracy: 0.791 ; loss: 0.442
2018-10-29 20:53:55,666:INFO: - Found new best accuracy
2018-10-29 20:53:55,667:INFO: Epoch 2/40
2018-10-29 20:54:20,439:INFO: - Train metrics: accuracy: 0.798 ; loss: 0.427
2018-10-29 20:54:25,175:INFO: - Eval metrics : accuracy: 0.799 ; loss: 0.430
2018-10-29 20:54:25,211:INFO: - Found new best accuracy
2018-10-29 20:54:25,211:INFO: Epoch 3/40
2018-10-29 20:54:49,413:INFO: - Train metrics: accuracy: 0.816 ; loss: 0.405
2018-10-29 20:54:53,980:INFO: - Eval metrics : accuracy: 0.785 ; loss: 0.445
2018-10-29 20:54:54,024:INFO: Epoch 4/40
2018-10-29 20:55:17,054:INFO: - Train metrics: accuracy: 0.832 ; loss: 0.384
2018-10-29 20:55:21,709:INFO: - Eval metrics : accuracy: 0.878 ; loss: 0.303
2018-10-29 20:55:21,747:INFO: - Found new best accuracy
2018-10-29 20:55:21,747:INFO: Epoch 5/40
2018-10-29 20:55:43,849:INFO: - Train metrics: accuracy: 0.911 ; loss: 0.235
2018-10-29 20:55:48,929:INFO: - Eval metrics : accuracy: 0.909 ; loss: 0.224
2018-10-29 20:55:48,966:INFO: - Found new best accuracy
2018-10-29 20:55:48,966:INFO: Epoch 6/40
2018-10-29 20:56:11,190:INFO: - Train metrics: accuracy: 0.911 ; loss: 0.214
2018-10-29 20:56:16,090:INFO: - Eval metrics : accuracy: 0.897 ; loss: 0.245
2018-10-29 20:56:16,126:INFO: Epoch 7/40
2018-10-29 20:56:38,906:INFO: - Train metrics: accuracy: 0.917 ; loss: 0.192
2018-10-29 20:56:44,269:INFO: - Eval metrics : accuracy: 0.916 ; loss: 0.202
2018-10-29 20:56:44,308:INFO: - Found new best accuracy
2018-10-29 20:56:44,309:INFO: Epoch 8/40
2018-10-29 20:57:07,030:INFO: - Train metrics: accuracy: 0.926 ; loss: 0.193
2018-10-29 20:57:11,562:INFO: - Eval metrics : accuracy: 0.923 ; loss: 0.185
2018-10-29 20:57:11,600:INFO: - Found new best accuracy
2018-10-29 20:57:11,600:INFO: Epoch 9/40
2018-10-29 20:57:34,606:INFO: - Train metrics: accuracy: 0.934 ; loss: 0.172
2018-10-29 20:57:39,566:INFO: - Eval metrics : accuracy: 0.923 ; loss: 0.184
2018-10-29 20:57:39,605:INFO: Epoch 10/40
2018-10-29 20:58:02,722:INFO: - Train metrics: accuracy: 0.928 ; loss: 0.163
2018-10-29 20:58:07,242:INFO: - Eval metrics : accuracy: 0.927 ; loss: 0.177
2018-10-29 20:58:07,282:INFO: - Found new best accuracy
2018-10-29 20:58:07,283:INFO: Epoch 11/40
2018-10-29 20:58:30,574:INFO: - Train metrics: accuracy: 0.940 ; loss: 0.159
2018-10-29 20:58:35,422:INFO: - Eval metrics : accuracy: 0.930 ; loss: 0.171
2018-10-29 20:58:35,461:INFO: - Found new best accuracy
2018-10-29 20:58:35,462:INFO: Epoch 12/40
2018-10-29 20:58:58,090:INFO: - Train metrics: accuracy: 0.936 ; loss: 0.157
2018-10-29 20:59:03,011:INFO: - Eval metrics : accuracy: 0.929 ; loss: 0.172
2018-10-29 20:59:03,013:INFO: Epoch 13/40
2018-10-29 20:59:26,614:INFO: - Train metrics: accuracy: 0.938 ; loss: 0.157
2018-10-29 20:59:31,115:INFO: - Eval metrics : accuracy: 0.932 ; loss: 0.169
2018-10-29 20:59:31,156:INFO: - Found new best accuracy
2018-10-29 20:59:31,156:INFO: Epoch 14/40
2018-10-29 20:59:51,855:INFO: - Train metrics: accuracy: 0.939 ; loss: 0.151
2018-10-29 20:59:56,126:INFO: - Eval metrics : accuracy: 0.934 ; loss: 0.162
2018-10-29 20:59:56,157:INFO: - Found new best accuracy
2018-10-29 20:59:56,157:INFO: Epoch 15/40
2018-10-29 21:00:19,058:INFO: - Train metrics: accuracy: 0.940 ; loss: 0.147
2018-10-29 21:00:23,591:INFO: - Eval metrics : accuracy: 0.934 ; loss: 0.163
2018-10-29 21:00:23,621:INFO: - Found new best accuracy
2018-10-29 21:00:23,621:INFO: Epoch 16/40
2018-10-29 21:00:46,890:INFO: - Train metrics: accuracy: 0.943 ; loss: 0.143
2018-10-29 21:00:51,150:INFO: - Eval metrics : accuracy: 0.935 ; loss: 0.162
2018-10-29 21:00:51,187:INFO: - Found new best accuracy
2018-10-29 21:00:51,188:INFO: Epoch 17/40
2018-10-29 21:01:14,413:INFO: - Train metrics: accuracy: 0.938 ; loss: 0.143
2018-10-29 21:01:18,679:INFO: - Eval metrics : accuracy: 0.932 ; loss: 0.165
2018-10-29 21:01:18,706:INFO: Epoch 18/40
2018-10-29 21:01:41,293:INFO: - Train metrics: accuracy: 0.939 ; loss: 0.143
2018-10-29 21:01:45,610:INFO: - Eval metrics : accuracy: 0.916 ; loss: 0.198
2018-10-29 21:01:45,648:INFO: Epoch 19/40
2018-10-29 21:02:07,661:INFO: - Train metrics: accuracy: 0.934 ; loss: 0.148
2018-10-29 21:02:11,958:INFO: - Eval metrics : accuracy: 0.935 ; loss: 0.161
2018-10-29 21:02:11,996:INFO: - Found new best accuracy
2018-10-29 21:02:11,996:INFO: Epoch 20/40
2018-10-29 21:02:34,465:INFO: - Train metrics: accuracy: 0.941 ; loss: 0.140
2018-10-29 21:02:38,746:INFO: - Eval metrics : accuracy: 0.935 ; loss: 0.160
2018-10-29 21:02:38,749:INFO: - Found new best accuracy
2018-10-29 21:02:38,750:INFO: Epoch 21/40
2018-10-29 21:03:00,644:INFO: - Train metrics: accuracy: 0.940 ; loss: 0.135
2018-10-29 21:03:05,099:INFO: - Eval metrics : accuracy: 0.936 ; loss: 0.160
2018-10-29 21:03:05,138:INFO: - Found new best accuracy
2018-10-29 21:03:05,139:INFO: Epoch 22/40
2018-10-29 21:03:27,562:INFO: - Train metrics: accuracy: 0.945 ; loss: 0.132
2018-10-29 21:03:32,029:INFO: - Eval metrics : accuracy: 0.936 ; loss: 0.159
2018-10-29 21:03:32,063:INFO: - Found new best accuracy
2018-10-29 21:03:32,064:INFO: Epoch 23/40
2018-10-29 21:03:52,276:INFO: - Train metrics: accuracy: 0.945 ; loss: 0.132
2018-10-29 21:03:56,547:INFO: - Eval metrics : accuracy: 0.936 ; loss: 0.158
2018-10-29 21:03:56,584:INFO: Epoch 24/40
2018-10-29 21:04:19,460:INFO: - Train metrics: accuracy: 0.945 ; loss: 0.133
2018-10-29 21:04:23,804:INFO: - Eval metrics : accuracy: 0.936 ; loss: 0.158
2018-10-29 21:04:23,840:INFO: - Found new best accuracy
2018-10-29 21:04:23,840:INFO: Epoch 25/40
2018-10-29 21:04:46,441:INFO: - Train metrics: accuracy: 0.944 ; loss: 0.132
2018-10-29 21:04:50,710:INFO: - Eval metrics : accuracy: 0.936 ; loss: 0.159
2018-10-29 21:04:50,749:INFO: - Found new best accuracy
2018-10-29 21:04:50,749:INFO: Epoch 26/40
2018-10-29 21:05:12,098:INFO: - Train metrics: accuracy: 0.941 ; loss: 0.133
2018-10-29 21:05:16,358:INFO: - Eval metrics : accuracy: 0.936 ; loss: 0.159
2018-10-29 21:05:16,399:INFO: - Found new best accuracy
2018-10-29 21:05:16,400:INFO: Epoch 27/40
2018-10-29 21:05:38,309:INFO: - Train metrics: accuracy: 0.943 ; loss: 0.130
2018-10-29 21:05:42,596:INFO: - Eval metrics : accuracy: 0.937 ; loss: 0.159
2018-10-29 21:05:42,633:INFO: - Found new best accuracy
2018-10-29 21:05:42,634:INFO: Epoch 28/40
2018-10-29 21:06:04,824:INFO: - Train metrics: accuracy: 0.948 ; loss: 0.127
2018-10-29 21:06:09,099:INFO: - Eval metrics : accuracy: 0.936 ; loss: 0.159
2018-10-29 21:06:09,141:INFO: Epoch 29/40
2018-10-29 21:06:31,814:INFO: - Train metrics: accuracy: 0.948 ; loss: 0.127
2018-10-29 21:06:36,219:INFO: - Eval metrics : accuracy: 0.936 ; loss: 0.160
2018-10-29 21:06:36,266:INFO: Epoch 30/40
2018-10-29 21:06:57,583:INFO: - Train metrics: accuracy: 0.949 ; loss: 0.126
2018-10-29 21:07:01,994:INFO: - Eval metrics : accuracy: 0.936 ; loss: 0.160
2018-10-29 21:07:02,059:INFO: Epoch 31/40
2018-10-29 21:07:22,996:INFO: - Train metrics: accuracy: 0.949 ; loss: 0.125
2018-10-29 21:07:27,531:INFO: - Eval metrics : accuracy: 0.936 ; loss: 0.161
2018-10-29 21:07:27,571:INFO: Epoch 32/40
2018-10-29 21:07:48,852:INFO: - Train metrics: accuracy: 0.953 ; loss: 0.123
2018-10-29 21:07:53,143:INFO: - Eval metrics : accuracy: 0.937 ; loss: 0.158
2018-10-29 21:07:53,180:INFO: - Found new best accuracy
2018-10-29 21:07:53,181:INFO: Epoch 33/40
2018-10-29 21:08:14,819:INFO: - Train metrics: accuracy: 0.952 ; loss: 0.124
2018-10-29 21:08:19,263:INFO: - Eval metrics : accuracy: 0.937 ; loss: 0.159
2018-10-29 21:08:19,303:INFO: Epoch 34/40
2018-10-29 21:08:40,632:INFO: - Train metrics: accuracy: 0.952 ; loss: 0.123
2018-10-29 21:08:44,957:INFO: - Eval metrics : accuracy: 0.937 ; loss: 0.159
2018-10-29 21:08:44,998:INFO: Epoch 35/40
2018-10-29 21:09:07,481:INFO: - Train metrics: accuracy: 0.953 ; loss: 0.122
2018-10-29 21:09:11,794:INFO: - Eval metrics : accuracy: 0.937 ; loss: 0.159
2018-10-29 21:09:11,842:INFO: Epoch 36/40
2018-10-29 21:09:33,748:INFO: - Train metrics: accuracy: 0.952 ; loss: 0.121
2018-10-29 21:09:38,294:INFO: - Eval metrics : accuracy: 0.937 ; loss: 0.158
2018-10-29 21:09:38,351:INFO: Epoch 37/40
2018-10-29 21:10:01,893:INFO: - Train metrics: accuracy: 0.953 ; loss: 0.120
2018-10-29 21:10:06,193:INFO: - Eval metrics : accuracy: 0.937 ; loss: 0.158
2018-10-29 21:10:06,195:INFO: - Found new best accuracy
2018-10-29 21:10:06,196:INFO: Epoch 38/40
2018-10-29 21:10:29,831:INFO: - Train metrics: accuracy: 0.954 ; loss: 0.119
2018-10-29 21:10:34,287:INFO: - Eval metrics : accuracy: 0.937 ; loss: 0.157
2018-10-29 21:10:34,328:INFO: Epoch 39/40
2018-10-29 21:10:54,072:INFO: - Train metrics: accuracy: 0.956 ; loss: 0.119
2018-10-29 21:10:58,318:INFO: - Eval metrics : accuracy: 0.937 ; loss: 0.156
2018-10-29 21:10:58,357:INFO: Epoch 40/40
2018-10-29 21:11:18,645:INFO: - Train metrics: accuracy: 0.957 ; loss: 0.119
2018-10-29 21:11:22,915:INFO: - Eval metrics : accuracy: 0.937 ; loss: 0.156
2018-10-29 21:11:22,942:INFO: Total time (minutes) =18.031476493676504
