2018-10-29 17:24:36,802:INFO: search_hyperparam_sample_name=top_qcd_jets_antikt_kt__40000_Njets_128_batch
2018-10-29 17:24:36,803:INFO: ------------------------------------------------------------
2018-10-29 17:24:36,803:INFO: Loading the datasets...
2018-10-29 17:24:37,829:INFO: - done loading the datasets
2018-10-29 17:24:37,829:INFO: ------------------------------------------------------------
2018-10-29 17:24:39,251:INFO: Building optimizer...
2018-10-29 17:24:39,251:INFO: Starting training for 30 epoch(s)
2018-10-29 17:24:39,251:INFO: Epoch 1/30
2018-10-29 17:24:50,786:INFO: - Train metrics: accuracy: 0.698 ; loss: 0.985
2018-10-29 17:24:53,483:INFO: - Eval metrics : accuracy: 0.755 ; loss: 0.499
2018-10-29 17:24:53,493:INFO: - Found new best accuracy
2018-10-29 17:24:53,494:INFO: Epoch 2/30
2018-10-29 17:25:06,135:INFO: - Train metrics: accuracy: 0.786 ; loss: 0.440
2018-10-29 17:25:08,938:INFO: - Eval metrics : accuracy: 0.770 ; loss: 0.471
2018-10-29 17:25:08,973:INFO: - Found new best accuracy
2018-10-29 17:25:08,974:INFO: Epoch 3/30
2018-10-29 17:25:21,835:INFO: - Train metrics: accuracy: 0.799 ; loss: 0.420
2018-10-29 17:25:24,340:INFO: - Eval metrics : accuracy: 0.779 ; loss: 0.456
2018-10-29 17:25:24,375:INFO: - Found new best accuracy
2018-10-29 17:25:24,376:INFO: Epoch 4/30
2018-10-29 17:25:36,061:INFO: - Train metrics: accuracy: 0.805 ; loss: 0.402
2018-10-29 17:25:38,390:INFO: - Eval metrics : accuracy: 0.789 ; loss: 0.437
2018-10-29 17:25:38,434:INFO: - Found new best accuracy
2018-10-29 17:25:38,434:INFO: Epoch 5/30
2018-10-29 17:25:48,917:INFO: - Train metrics: accuracy: 0.810 ; loss: 0.389
2018-10-29 17:25:51,529:INFO: - Eval metrics : accuracy: 0.788 ; loss: 0.436
2018-10-29 17:25:51,564:INFO: Epoch 6/30
2018-10-29 17:26:04,120:INFO: - Train metrics: accuracy: 0.826 ; loss: 0.380
2018-10-29 17:26:06,682:INFO: - Eval metrics : accuracy: 0.790 ; loss: 0.434
2018-10-29 17:26:06,708:INFO: - Found new best accuracy
2018-10-29 17:26:06,708:INFO: Epoch 7/30
2018-10-29 17:26:19,344:INFO: - Train metrics: accuracy: 0.823 ; loss: 0.379
2018-10-29 17:26:21,708:INFO: - Eval metrics : accuracy: 0.791 ; loss: 0.433
2018-10-29 17:26:21,737:INFO: - Found new best accuracy
2018-10-29 17:26:21,738:INFO: Epoch 8/30
2018-10-29 17:26:32,923:INFO: - Train metrics: accuracy: 0.820 ; loss: 0.379
2018-10-29 17:26:35,432:INFO: - Eval metrics : accuracy: 0.793 ; loss: 0.429
2018-10-29 17:26:35,473:INFO: - Found new best accuracy
2018-10-29 17:26:35,473:INFO: Epoch 9/30
2018-10-29 17:26:48,070:INFO: - Train metrics: accuracy: 0.815 ; loss: 0.377
2018-10-29 17:26:50,718:INFO: - Eval metrics : accuracy: 0.794 ; loss: 0.429
2018-10-29 17:26:50,749:INFO: - Found new best accuracy
2018-10-29 17:26:50,749:INFO: Epoch 10/30
2018-10-29 17:27:03,551:INFO: - Train metrics: accuracy: 0.823 ; loss: 0.376
2018-10-29 17:27:06,137:INFO: - Eval metrics : accuracy: 0.793 ; loss: 0.429
2018-10-29 17:27:06,176:INFO: Epoch 11/30
2018-10-29 17:27:18,870:INFO: - Train metrics: accuracy: 0.826 ; loss: 0.377
2018-10-29 17:27:21,342:INFO: - Eval metrics : accuracy: 0.792 ; loss: 0.429
2018-10-29 17:27:21,394:INFO: Epoch 12/30
2018-10-29 17:27:34,023:INFO: - Train metrics: accuracy: 0.823 ; loss: 0.379
2018-10-29 17:27:36,545:INFO: - Eval metrics : accuracy: 0.793 ; loss: 0.429
2018-10-29 17:27:36,547:INFO: Epoch 13/30
2018-10-29 17:27:48,895:INFO: - Train metrics: accuracy: 0.828 ; loss: 0.380
2018-10-29 17:27:51,039:INFO: - Eval metrics : accuracy: 0.794 ; loss: 0.428
2018-10-29 17:27:51,077:INFO: - Found new best accuracy
2018-10-29 17:27:51,077:INFO: Epoch 14/30
2018-10-29 17:28:00,599:INFO: - Train metrics: accuracy: 0.828 ; loss: 0.379
2018-10-29 17:28:02,688:INFO: - Eval metrics : accuracy: 0.795 ; loss: 0.427
2018-10-29 17:28:02,728:INFO: - Found new best accuracy
2018-10-29 17:28:02,729:INFO: Epoch 15/30
2018-10-29 17:28:13,477:INFO: - Train metrics: accuracy: 0.828 ; loss: 0.378
2018-10-29 17:28:15,982:INFO: - Eval metrics : accuracy: 0.795 ; loss: 0.427
2018-10-29 17:28:15,985:INFO: - Found new best accuracy
2018-10-29 17:28:15,985:INFO: Epoch 16/30
2018-10-29 17:28:28,235:INFO: - Train metrics: accuracy: 0.831 ; loss: 0.378
2018-10-29 17:28:30,424:INFO: - Eval metrics : accuracy: 0.795 ; loss: 0.426
2018-10-29 17:28:30,466:INFO: - Found new best accuracy
2018-10-29 17:28:30,467:INFO: Epoch 17/30
2018-10-29 17:28:41,153:INFO: - Train metrics: accuracy: 0.831 ; loss: 0.378
2018-10-29 17:28:43,277:INFO: - Eval metrics : accuracy: 0.794 ; loss: 0.426
2018-10-29 17:28:43,316:INFO: Epoch 18/30
2018-10-29 17:28:54,611:INFO: - Train metrics: accuracy: 0.828 ; loss: 0.378
2018-10-29 17:28:56,751:INFO: - Eval metrics : accuracy: 0.794 ; loss: 0.426
2018-10-29 17:28:56,754:INFO: Epoch 19/30
2018-10-29 17:29:09,305:INFO: - Train metrics: accuracy: 0.826 ; loss: 0.378
2018-10-29 17:29:11,440:INFO: - Eval metrics : accuracy: 0.794 ; loss: 0.426
2018-10-29 17:29:11,468:INFO: Epoch 20/30
2018-10-29 17:29:23,037:INFO: - Train metrics: accuracy: 0.826 ; loss: 0.378
2018-10-29 17:29:25,247:INFO: - Eval metrics : accuracy: 0.794 ; loss: 0.426
2018-10-29 17:29:25,250:INFO: Epoch 21/30
2018-10-29 17:29:36,714:INFO: - Train metrics: accuracy: 0.828 ; loss: 0.378
2018-10-29 17:29:39,231:INFO: - Eval metrics : accuracy: 0.794 ; loss: 0.426
2018-10-29 17:29:39,269:INFO: Epoch 22/30
2018-10-29 17:29:50,861:INFO: - Train metrics: accuracy: 0.828 ; loss: 0.378
2018-10-29 17:29:53,382:INFO: - Eval metrics : accuracy: 0.794 ; loss: 0.426
2018-10-29 17:29:53,423:INFO: Epoch 23/30
2018-10-29 17:30:04,968:INFO: - Train metrics: accuracy: 0.828 ; loss: 0.378
2018-10-29 17:30:07,116:INFO: - Eval metrics : accuracy: 0.794 ; loss: 0.426
2018-10-29 17:30:07,118:INFO: Epoch 24/30
2018-10-29 17:30:18,890:INFO: - Train metrics: accuracy: 0.828 ; loss: 0.378
2018-10-29 17:30:21,039:INFO: - Eval metrics : accuracy: 0.794 ; loss: 0.426
2018-10-29 17:30:21,081:INFO: Epoch 25/30
2018-10-29 17:30:32,844:INFO: - Train metrics: accuracy: 0.828 ; loss: 0.378
2018-10-29 17:30:35,328:INFO: - Eval metrics : accuracy: 0.794 ; loss: 0.426
2018-10-29 17:30:35,367:INFO: Epoch 26/30
2018-10-29 17:30:47,767:INFO: - Train metrics: accuracy: 0.828 ; loss: 0.378
2018-10-29 17:30:50,061:INFO: - Eval metrics : accuracy: 0.794 ; loss: 0.426
2018-10-29 17:30:50,099:INFO: Epoch 27/30
2018-10-29 17:31:02,141:INFO: - Train metrics: accuracy: 0.828 ; loss: 0.378
2018-10-29 17:31:04,303:INFO: - Eval metrics : accuracy: 0.794 ; loss: 0.426
2018-10-29 17:31:04,338:INFO: Epoch 28/30
2018-10-29 17:31:15,468:INFO: - Train metrics: accuracy: 0.828 ; loss: 0.377
2018-10-29 17:31:17,971:INFO: - Eval metrics : accuracy: 0.794 ; loss: 0.426
2018-10-29 17:31:18,013:INFO: Epoch 29/30
2018-10-29 17:31:30,471:INFO: - Train metrics: accuracy: 0.828 ; loss: 0.377
2018-10-29 17:31:32,737:INFO: - Eval metrics : accuracy: 0.794 ; loss: 0.426
2018-10-29 17:31:32,770:INFO: Epoch 30/30
2018-10-29 17:31:45,572:INFO: - Train metrics: accuracy: 0.828 ; loss: 0.377
2018-10-29 17:31:48,076:INFO: - Eval metrics : accuracy: 0.794 ; loss: 0.426
2018-10-29 17:31:48,120:INFO: Total time (minutes) =7.188622995217641
