2018-10-29 18:34:24,336:INFO: Loading the dataset ...
2018-10-29 18:34:24,644:INFO: - done.
2018-10-29 18:34:26,175:INFO: Starting evaluation
2018-10-29 18:34:27,422:INFO: Labels=[0. 0. 1. 0. 0. 0. 0. 1. 0. 1.]
2018-10-29 18:34:27,422:INFO: Out prob=[6.59186617e-06 8.50188971e-01 8.36360514e-01 8.51951480e-01
 4.54848945e-01 2.14582005e-10 1.70734234e-03 6.84329748e-01
 2.51977388e-02 9.44871604e-01]
2018-10-29 18:34:27,422:INFO: ------------------------------------------------------------------------------------------------------------------------
2018-10-29 18:34:27,422:INFO: len labels after =15872
2018-10-29 18:34:27,422:INFO: len out_prob after15872
2018-10-29 18:34:27,422:INFO: length y_test=15872
2018-10-29 18:34:27,422:INFO: Lenght y_score=15872
2018-10-29 18:34:27,426:INFO: Length y_score 15872
2018-10-29 18:34:27,426:INFO: Length y_test 15872
2018-10-29 18:34:27,426:INFO: Thresholds[0:6] = 
 [0.99018937 0.98897016 0.98895675 0.98866522 0.98722142 0.9871701 ]
2018-10-29 18:34:27,426:INFO: Thresholds lenght = 
15854
2018-10-29 18:34:27,426:INFO: fpr lenght15854
2018-10-29 18:34:27,426:INFO: tpr lenght15854
2018-10-29 18:34:27,474:INFO: ------------------------------------------------------------------------------------------------------------------------
2018-10-29 18:34:27,477:INFO: roc_auc=0.8967689807903754
2018-10-29 18:34:27,478:INFO: ------------------------------------------------------------------------------------------------------------------------
2018-10-29 18:34:27,478:INFO: - Eval metrics : accuracy: 0.81382 ; loss: 0.39434
