2018-10-29 18:31:21,929:INFO: search_hyperparam_sample_name=top_qcd_jets_antikt_kt__40000_Njets_512_batch
2018-10-29 18:31:21,930:INFO: ------------------------------------------------------------
2018-10-29 18:31:21,930:INFO: Loading the datasets...
2018-10-29 18:31:22,924:INFO: - done loading the datasets
2018-10-29 18:31:22,925:INFO: ------------------------------------------------------------
2018-10-29 18:31:24,654:INFO: Building optimizer...
2018-10-29 18:31:24,654:INFO: Starting training for 35 epoch(s)
2018-10-29 18:31:24,654:INFO: Epoch 1/35
2018-10-29 18:31:28,850:INFO: - Train metrics: accuracy: 0.535 ; loss: 1.852
2018-10-29 18:31:29,751:INFO: - Eval metrics : accuracy: 0.723 ; loss: 0.533
2018-10-29 18:31:29,762:INFO: - Found new best accuracy
2018-10-29 18:31:29,763:INFO: Epoch 2/35
2018-10-29 18:31:33,845:INFO: - Train metrics: accuracy: 0.730 ; loss: 0.528
2018-10-29 18:31:34,726:INFO: - Eval metrics : accuracy: 0.758 ; loss: 0.487
2018-10-29 18:31:34,762:INFO: - Found new best accuracy
2018-10-29 18:31:34,763:INFO: Epoch 3/35
2018-10-29 18:31:38,913:INFO: - Train metrics: accuracy: 0.762 ; loss: 0.477
2018-10-29 18:31:39,976:INFO: - Eval metrics : accuracy: 0.768 ; loss: 0.468
2018-10-29 18:31:40,025:INFO: - Found new best accuracy
2018-10-29 18:31:40,026:INFO: Epoch 4/35
2018-10-29 18:31:44,345:INFO: - Train metrics: accuracy: 0.777 ; loss: 0.454
2018-10-29 18:31:45,234:INFO: - Eval metrics : accuracy: 0.781 ; loss: 0.453
2018-10-29 18:31:45,268:INFO: - Found new best accuracy
2018-10-29 18:31:45,269:INFO: Epoch 5/35
2018-10-29 18:31:49,552:INFO: - Train metrics: accuracy: 0.791 ; loss: 0.444
2018-10-29 18:31:50,322:INFO: - Eval metrics : accuracy: 0.785 ; loss: 0.445
2018-10-29 18:31:50,357:INFO: - Found new best accuracy
2018-10-29 18:31:50,357:INFO: Epoch 6/35
2018-10-29 18:31:54,641:INFO: - Train metrics: accuracy: 0.785 ; loss: 0.420
2018-10-29 18:31:55,539:INFO: - Eval metrics : accuracy: 0.790 ; loss: 0.438
2018-10-29 18:31:55,579:INFO: - Found new best accuracy
2018-10-29 18:31:55,580:INFO: Epoch 7/35
2018-10-29 18:31:59,811:INFO: - Train metrics: accuracy: 0.818 ; loss: 0.414
2018-10-29 18:32:00,685:INFO: - Eval metrics : accuracy: 0.791 ; loss: 0.433
2018-10-29 18:32:00,721:INFO: - Found new best accuracy
2018-10-29 18:32:00,721:INFO: Epoch 8/35
2018-10-29 18:32:04,916:INFO: - Train metrics: accuracy: 0.809 ; loss: 0.412
2018-10-29 18:32:05,800:INFO: - Eval metrics : accuracy: 0.786 ; loss: 0.441
2018-10-29 18:32:05,839:INFO: Epoch 9/35
2018-10-29 18:32:10,434:INFO: - Train metrics: accuracy: 0.805 ; loss: 0.425
2018-10-29 18:32:11,244:INFO: - Eval metrics : accuracy: 0.793 ; loss: 0.430
2018-10-29 18:32:11,314:INFO: - Found new best accuracy
2018-10-29 18:32:11,315:INFO: Epoch 10/35
2018-10-29 18:32:15,513:INFO: - Train metrics: accuracy: 0.816 ; loss: 0.409
2018-10-29 18:32:16,387:INFO: - Eval metrics : accuracy: 0.795 ; loss: 0.427
2018-10-29 18:32:16,428:INFO: - Found new best accuracy
2018-10-29 18:32:16,428:INFO: Epoch 11/35
2018-10-29 18:32:20,460:INFO: - Train metrics: accuracy: 0.812 ; loss: 0.410
2018-10-29 18:32:21,526:INFO: - Eval metrics : accuracy: 0.802 ; loss: 0.418
2018-10-29 18:32:21,562:INFO: - Found new best accuracy
2018-10-29 18:32:21,563:INFO: Epoch 12/35
2018-10-29 18:32:25,981:INFO: - Train metrics: accuracy: 0.811 ; loss: 0.397
2018-10-29 18:32:26,834:INFO: - Eval metrics : accuracy: 0.803 ; loss: 0.417
2018-10-29 18:32:26,836:INFO: - Found new best accuracy
2018-10-29 18:32:26,836:INFO: Epoch 13/35
2018-10-29 18:32:31,027:INFO: - Train metrics: accuracy: 0.807 ; loss: 0.396
2018-10-29 18:32:31,921:INFO: - Eval metrics : accuracy: 0.803 ; loss: 0.415
2018-10-29 18:32:31,960:INFO: - Found new best accuracy
2018-10-29 18:32:31,961:INFO: Epoch 14/35
2018-10-29 18:32:35,937:INFO: - Train metrics: accuracy: 0.811 ; loss: 0.398
2018-10-29 18:32:36,712:INFO: - Eval metrics : accuracy: 0.805 ; loss: 0.414
2018-10-29 18:32:36,749:INFO: - Found new best accuracy
2018-10-29 18:32:36,749:INFO: Epoch 15/35
2018-10-29 18:32:40,656:INFO: - Train metrics: accuracy: 0.816 ; loss: 0.399
2018-10-29 18:32:41,407:INFO: - Eval metrics : accuracy: 0.804 ; loss: 0.416
2018-10-29 18:32:41,454:INFO: Epoch 16/35
2018-10-29 18:32:45,620:INFO: - Train metrics: accuracy: 0.809 ; loss: 0.408
2018-10-29 18:32:46,594:INFO: - Eval metrics : accuracy: 0.805 ; loss: 0.415
2018-10-29 18:32:46,634:INFO: Epoch 17/35
2018-10-29 18:32:51,415:INFO: - Train metrics: accuracy: 0.807 ; loss: 0.408
2018-10-29 18:32:52,199:INFO: - Eval metrics : accuracy: 0.807 ; loss: 0.410
2018-10-29 18:32:52,236:INFO: - Found new best accuracy
2018-10-29 18:32:52,236:INFO: Epoch 18/35
2018-10-29 18:32:56,201:INFO: - Train metrics: accuracy: 0.818 ; loss: 0.400
2018-10-29 18:32:56,994:INFO: - Eval metrics : accuracy: 0.809 ; loss: 0.406
2018-10-29 18:32:57,028:INFO: - Found new best accuracy
2018-10-29 18:32:57,028:INFO: Epoch 19/35
2018-10-29 18:33:01,255:INFO: - Train metrics: accuracy: 0.822 ; loss: 0.393
2018-10-29 18:33:02,122:INFO: - Eval metrics : accuracy: 0.811 ; loss: 0.404
2018-10-29 18:33:02,163:INFO: - Found new best accuracy
2018-10-29 18:33:02,164:INFO: Epoch 20/35
2018-10-29 18:33:06,760:INFO: - Train metrics: accuracy: 0.828 ; loss: 0.391
2018-10-29 18:33:07,686:INFO: - Eval metrics : accuracy: 0.810 ; loss: 0.406
2018-10-29 18:33:07,721:INFO: Epoch 21/35
2018-10-29 18:33:11,904:INFO: - Train metrics: accuracy: 0.828 ; loss: 0.394
2018-10-29 18:33:12,663:INFO: - Eval metrics : accuracy: 0.805 ; loss: 0.414
2018-10-29 18:33:12,702:INFO: Epoch 22/35
2018-10-29 18:33:16,956:INFO: - Train metrics: accuracy: 0.820 ; loss: 0.403
2018-10-29 18:33:17,803:INFO: - Eval metrics : accuracy: 0.810 ; loss: 0.407
2018-10-29 18:33:17,840:INFO: Epoch 23/35
2018-10-29 18:33:21,973:INFO: - Train metrics: accuracy: 0.824 ; loss: 0.394
2018-10-29 18:33:22,820:INFO: - Eval metrics : accuracy: 0.812 ; loss: 0.400
2018-10-29 18:33:22,858:INFO: - Found new best accuracy
2018-10-29 18:33:22,859:INFO: Epoch 24/35
2018-10-29 18:33:26,950:INFO: - Train metrics: accuracy: 0.828 ; loss: 0.384
2018-10-29 18:33:27,828:INFO: - Eval metrics : accuracy: 0.815 ; loss: 0.397
2018-10-29 18:33:27,868:INFO: - Found new best accuracy
2018-10-29 18:33:27,868:INFO: Epoch 25/35
2018-10-29 18:33:32,021:INFO: - Train metrics: accuracy: 0.838 ; loss: 0.377
2018-10-29 18:33:32,877:INFO: - Eval metrics : accuracy: 0.815 ; loss: 0.397
2018-10-29 18:33:32,879:INFO: - Found new best accuracy
2018-10-29 18:33:32,879:INFO: Epoch 26/35
2018-10-29 18:33:36,949:INFO: - Train metrics: accuracy: 0.834 ; loss: 0.379
2018-10-29 18:33:37,796:INFO: - Eval metrics : accuracy: 0.810 ; loss: 0.402
2018-10-29 18:33:37,832:INFO: Epoch 27/35
2018-10-29 18:33:41,873:INFO: - Train metrics: accuracy: 0.824 ; loss: 0.387
2018-10-29 18:33:42,720:INFO: - Eval metrics : accuracy: 0.808 ; loss: 0.410
2018-10-29 18:33:42,758:INFO: Epoch 28/35
2018-10-29 18:33:46,810:INFO: - Train metrics: accuracy: 0.820 ; loss: 0.399
2018-10-29 18:33:47,661:INFO: - Eval metrics : accuracy: 0.806 ; loss: 0.413
2018-10-29 18:33:47,697:INFO: Epoch 29/35
2018-10-29 18:33:51,737:INFO: - Train metrics: accuracy: 0.814 ; loss: 0.404
2018-10-29 18:33:52,582:INFO: - Eval metrics : accuracy: 0.810 ; loss: 0.405
2018-10-29 18:33:52,619:INFO: Epoch 30/35
2018-10-29 18:33:56,814:INFO: - Train metrics: accuracy: 0.828 ; loss: 0.394
2018-10-29 18:33:57,696:INFO: - Eval metrics : accuracy: 0.814 ; loss: 0.396
2018-10-29 18:33:57,740:INFO: Epoch 31/35
2018-10-29 18:34:01,885:INFO: - Train metrics: accuracy: 0.832 ; loss: 0.382
2018-10-29 18:34:02,743:INFO: - Eval metrics : accuracy: 0.817 ; loss: 0.394
2018-10-29 18:34:02,779:INFO: - Found new best accuracy
2018-10-29 18:34:02,780:INFO: Epoch 32/35
2018-10-29 18:34:06,925:INFO: - Train metrics: accuracy: 0.830 ; loss: 0.377
2018-10-29 18:34:07,770:INFO: - Eval metrics : accuracy: 0.817 ; loss: 0.393
2018-10-29 18:34:07,809:INFO: Epoch 33/35
2018-10-29 18:34:11,956:INFO: - Train metrics: accuracy: 0.830 ; loss: 0.376
2018-10-29 18:34:12,804:INFO: - Eval metrics : accuracy: 0.817 ; loss: 0.393
2018-10-29 18:34:12,836:INFO: - Found new best accuracy
2018-10-29 18:34:12,836:INFO: Epoch 34/35
2018-10-29 18:34:16,905:INFO: - Train metrics: accuracy: 0.830 ; loss: 0.375
2018-10-29 18:34:17,753:INFO: - Eval metrics : accuracy: 0.818 ; loss: 0.392
2018-10-29 18:34:17,791:INFO: - Found new best accuracy
2018-10-29 18:34:17,792:INFO: Epoch 35/35
2018-10-29 18:34:21,703:INFO: - Train metrics: accuracy: 0.830 ; loss: 0.375
2018-10-29 18:34:22,563:INFO: - Eval metrics : accuracy: 0.818 ; loss: 0.392
2018-10-29 18:34:22,600:INFO: - Found new best accuracy
2018-10-29 18:34:22,601:INFO: Total time (minutes) =3.0111879825592043
