2018-11-01 12:32:36,015:INFO: Loading the dataset ...
2018-11-01 12:32:36,782:INFO: - done.
2018-11-01 12:32:38,431:INFO: Starting evaluation
2018-11-01 12:32:43,267:INFO: Labels=[1. 0. 0. 0. 1. 0. 0. 1. 1. 0.]
2018-11-01 12:32:43,268:INFO: Out prob=[9.98963952e-01 3.96186523e-02 5.92379272e-01 6.33893069e-04
 6.77756131e-01 9.39184189e-01 4.13092272e-03 9.94942129e-01
 9.97850776e-01 6.98631406e-02]
2018-11-01 12:32:43,268:INFO: ------------------------------------------------------------------------------------------------------------------------
2018-11-01 12:32:43,268:INFO: len labels after =32000
2018-11-01 12:32:43,268:INFO: len out_prob after32000
2018-11-01 12:32:43,268:INFO: length y_test=32000
2018-11-01 12:32:43,268:INFO: Lenght y_score=32000
2018-11-01 12:32:43,274:INFO: Length y_score 32000
2018-11-01 12:32:43,274:INFO: Length y_test 32000
2018-11-01 12:32:43,274:INFO: Thresholds[0:6] = 
 [0.9998821  0.99986315 0.99986184 0.99985182 0.99983001 0.99982649]
2018-11-01 12:32:43,274:INFO: Thresholds lenght = 
31417
2018-11-01 12:32:43,274:INFO: fpr lenght31417
2018-11-01 12:32:43,274:INFO: tpr lenght31417
2018-11-01 12:32:43,394:INFO: ------------------------------------------------------------------------------------------------------------------------
2018-11-01 12:32:43,401:INFO: roc_auc=0.979784701092909
2018-11-01 12:32:43,401:INFO: ------------------------------------------------------------------------------------------------------------------------
2018-11-01 12:32:43,402:INFO: - Eval metrics : accuracy: 0.92737 ; loss: 0.17914
