2018-11-01 12:01:34,993:INFO: search_hyperparam_sample_name=top_qcd_jets_antikt_kt__80000_Njets_128_batch12_features
2018-11-01 12:01:34,996:INFO: Number of jet files for ttbar=200
2018-11-01 12:01:34,996:INFO: Loading ttbar jet files... 
2018-11-01 12:01:34,996:INFO: ttbar files list = ['tree_httv2_ttbar_DelphesPythia8_nompi_0.dat', 'tree_httv2_ttbar_DelphesPythia8_nompi_1.dat', 'tree_httv2_ttbar_DelphesPythia8_nompi_10.dat', 'tree_httv2_ttbar_DelphesPythia8_nompi_100.dat', 'tree_httv2_ttbar_DelphesPythia8_nompi_101.dat', 'tree_httv2_ttbar_DelphesPythia8_nompi_102.dat', 'tree_httv2_ttbar_DelphesPythia8_nompi_103.dat', 'tree_httv2_ttbar_DelphesPythia8_nompi_104.dat', 'tree_httv2_ttbar_DelphesPythia8_nompi_105.dat', 'tree_httv2_ttbar_DelphesPythia8_nompi_106.dat', 'tree_httv2_ttbar_DelphesPythia8_nompi_107.dat', 'tree_httv2_ttbar_DelphesPythia8_nompi_108.dat', 'tree_httv2_ttbar_DelphesPythia8_nompi_109.dat', 'tree_httv2_ttbar_DelphesPythia8_nompi_11.dat', 'tree_httv2_ttbar_DelphesPythia8_nompi_110.dat', 'tree_httv2_ttbar_DelphesPythia8_nompi_111.dat', 'tree_httv2_ttbar_DelphesPythia8_nompi_112.dat', 'tree_httv2_ttbar_DelphesPythia8_nompi_113.dat', 'tree_httv2_ttbar_DelphesPythia8_nompi_114.dat', 'tree_httv2_ttbar_DelphesPythia8_nompi_115.dat', 'tree_httv2_ttbar_DelphesPythia8_nompi_116.dat', 'tree_httv2_ttbar_DelphesPythia8_nompi_117.dat', 'tree_httv2_ttbar_DelphesPythia8_nompi_118.dat', 'tree_httv2_ttbar_DelphesPythia8_nompi_119.dat', 'tree_httv2_ttbar_DelphesPythia8_nompi_12.dat', 'tree_httv2_ttbar_DelphesPythia8_nompi_120.dat', 'tree_httv2_ttbar_DelphesPythia8_nompi_121.dat', 'tree_httv2_ttbar_DelphesPythia8_nompi_122.dat', 'tree_httv2_ttbar_DelphesPythia8_nompi_123.dat', 'tree_httv2_ttbar_DelphesPythia8_nompi_124.dat', 'tree_httv2_ttbar_DelphesPythia8_nompi_125.dat', 'tree_httv2_ttbar_DelphesPythia8_nompi_126.dat', 'tree_httv2_ttbar_DelphesPythia8_nompi_127.dat', 'tree_httv2_ttbar_DelphesPythia8_nompi_128.dat', 'tree_httv2_ttbar_DelphesPythia8_nompi_129.dat', 'tree_httv2_ttbar_DelphesPythia8_nompi_13.dat', 'tree_httv2_ttbar_DelphesPythia8_nompi_130.dat', 'tree_httv2_ttbar_DelphesPythia8_nompi_131.dat', 'tree_httv2_ttbar_DelphesPythia8_nompi_132.dat', 'tree_httv2_ttbar_DelphesPythia8_nompi_133.dat', 'tree_httv2_ttbar_DelphesPythia8_nompi_134.dat', 'tree_httv2_ttbar_DelphesPythia8_nompi_135.dat', 'tree_httv2_ttbar_DelphesPythia8_nompi_136.dat', 'tree_httv2_ttbar_DelphesPythia8_nompi_137.dat', 'tree_httv2_ttbar_DelphesPythia8_nompi_138.dat', 'tree_httv2_ttbar_DelphesPythia8_nompi_139.dat', 'tree_httv2_ttbar_DelphesPythia8_nompi_14.dat', 'tree_httv2_ttbar_DelphesPythia8_nompi_140.dat', 'tree_httv2_ttbar_DelphesPythia8_nompi_141.dat', 'tree_httv2_ttbar_DelphesPythia8_nompi_142.dat', 'tree_httv2_ttbar_DelphesPythia8_nompi_143.dat', 'tree_httv2_ttbar_DelphesPythia8_nompi_144.dat', 'tree_httv2_ttbar_DelphesPythia8_nompi_145.dat', 'tree_httv2_ttbar_DelphesPythia8_nompi_146.dat', 'tree_httv2_ttbar_DelphesPythia8_nompi_147.dat', 'tree_httv2_ttbar_DelphesPythia8_nompi_148.dat', 'tree_httv2_ttbar_DelphesPythia8_nompi_149.dat', 'tree_httv2_ttbar_DelphesPythia8_nompi_15.dat', 'tree_httv2_ttbar_DelphesPythia8_nompi_150.dat', 'tree_httv2_ttbar_DelphesPythia8_nompi_151.dat', 'tree_httv2_ttbar_DelphesPythia8_nompi_152.dat', 'tree_httv2_ttbar_DelphesPythia8_nompi_153.dat', 'tree_httv2_ttbar_DelphesPythia8_nompi_154.dat', 'tree_httv2_ttbar_DelphesPythia8_nompi_155.dat', 'tree_httv2_ttbar_DelphesPythia8_nompi_156.dat', 'tree_httv2_ttbar_DelphesPythia8_nompi_157.dat', 'tree_httv2_ttbar_DelphesPythia8_nompi_158.dat', 'tree_httv2_ttbar_DelphesPythia8_nompi_159.dat', 'tree_httv2_ttbar_DelphesPythia8_nompi_16.dat', 'tree_httv2_ttbar_DelphesPythia8_nompi_160.dat', 'tree_httv2_ttbar_DelphesPythia8_nompi_161.dat', 'tree_httv2_ttbar_DelphesPythia8_nompi_162.dat', 'tree_httv2_ttbar_DelphesPythia8_nompi_163.dat', 'tree_httv2_ttbar_DelphesPythia8_nompi_164.dat', 'tree_httv2_ttbar_DelphesPythia8_nompi_165.dat', 'tree_httv2_ttbar_DelphesPythia8_nompi_166.dat', 'tree_httv2_ttbar_DelphesPythia8_nompi_167.dat', 'tree_httv2_ttbar_DelphesPythia8_nompi_168.dat', 'tree_httv2_ttbar_DelphesPythia8_nompi_169.dat', 'tree_httv2_ttbar_DelphesPythia8_nompi_17.dat', 'tree_httv2_ttbar_DelphesPythia8_nompi_170.dat', 'tree_httv2_ttbar_DelphesPythia8_nompi_171.dat', 'tree_httv2_ttbar_DelphesPythia8_nompi_172.dat', 'tree_httv2_ttbar_DelphesPythia8_nompi_173.dat', 'tree_httv2_ttbar_DelphesPythia8_nompi_174.dat', 'tree_httv2_ttbar_DelphesPythia8_nompi_175.dat', 'tree_httv2_ttbar_DelphesPythia8_nompi_176.dat', 'tree_httv2_ttbar_DelphesPythia8_nompi_177.dat', 'tree_httv2_ttbar_DelphesPythia8_nompi_178.dat', 'tree_httv2_ttbar_DelphesPythia8_nompi_179.dat', 'tree_httv2_ttbar_DelphesPythia8_nompi_18.dat', 'tree_httv2_ttbar_DelphesPythia8_nompi_180.dat', 'tree_httv2_ttbar_DelphesPythia8_nompi_181.dat', 'tree_httv2_ttbar_DelphesPythia8_nompi_182.dat', 'tree_httv2_ttbar_DelphesPythia8_nompi_183.dat', 'tree_httv2_ttbar_DelphesPythia8_nompi_184.dat', 'tree_httv2_ttbar_DelphesPythia8_nompi_185.dat', 'tree_httv2_ttbar_DelphesPythia8_nompi_186.dat', 'tree_httv2_ttbar_DelphesPythia8_nompi_187.dat', 'tree_httv2_ttbar_DelphesPythia8_nompi_188.dat', 'tree_httv2_ttbar_DelphesPythia8_nompi_189.dat', 'tree_httv2_ttbar_DelphesPythia8_nompi_19.dat', 'tree_httv2_ttbar_DelphesPythia8_nompi_190.dat', 'tree_httv2_ttbar_DelphesPythia8_nompi_191.dat', 'tree_httv2_ttbar_DelphesPythia8_nompi_192.dat', 'tree_httv2_ttbar_DelphesPythia8_nompi_193.dat', 'tree_httv2_ttbar_DelphesPythia8_nompi_194.dat', 'tree_httv2_ttbar_DelphesPythia8_nompi_195.dat', 'tree_httv2_ttbar_DelphesPythia8_nompi_196.dat', 'tree_httv2_ttbar_DelphesPythia8_nompi_197.dat', 'tree_httv2_ttbar_DelphesPythia8_nompi_198.dat', 'tree_httv2_ttbar_DelphesPythia8_nompi_199.dat', 'tree_httv2_ttbar_DelphesPythia8_nompi_2.dat', 'tree_httv2_ttbar_DelphesPythia8_nompi_20.dat', 'tree_httv2_ttbar_DelphesPythia8_nompi_21.dat', 'tree_httv2_ttbar_DelphesPythia8_nompi_22.dat', 'tree_httv2_ttbar_DelphesPythia8_nompi_23.dat', 'tree_httv2_ttbar_DelphesPythia8_nompi_24.dat', 'tree_httv2_ttbar_DelphesPythia8_nompi_25.dat', 'tree_httv2_ttbar_DelphesPythia8_nompi_26.dat', 'tree_httv2_ttbar_DelphesPythia8_nompi_27.dat', 'tree_httv2_ttbar_DelphesPythia8_nompi_28.dat', 'tree_httv2_ttbar_DelphesPythia8_nompi_29.dat', 'tree_httv2_ttbar_DelphesPythia8_nompi_3.dat', 'tree_httv2_ttbar_DelphesPythia8_nompi_30.dat', 'tree_httv2_ttbar_DelphesPythia8_nompi_31.dat', 'tree_httv2_ttbar_DelphesPythia8_nompi_32.dat', 'tree_httv2_ttbar_DelphesPythia8_nompi_33.dat', 'tree_httv2_ttbar_DelphesPythia8_nompi_34.dat', 'tree_httv2_ttbar_DelphesPythia8_nompi_35.dat', 'tree_httv2_ttbar_DelphesPythia8_nompi_36.dat', 'tree_httv2_ttbar_DelphesPythia8_nompi_37.dat', 'tree_httv2_ttbar_DelphesPythia8_nompi_38.dat', 'tree_httv2_ttbar_DelphesPythia8_nompi_39.dat', 'tree_httv2_ttbar_DelphesPythia8_nompi_4.dat', 'tree_httv2_ttbar_DelphesPythia8_nompi_40.dat', 'tree_httv2_ttbar_DelphesPythia8_nompi_41.dat', 'tree_httv2_ttbar_DelphesPythia8_nompi_42.dat', 'tree_httv2_ttbar_DelphesPythia8_nompi_43.dat', 'tree_httv2_ttbar_DelphesPythia8_nompi_44.dat', 'tree_httv2_ttbar_DelphesPythia8_nompi_45.dat', 'tree_httv2_ttbar_DelphesPythia8_nompi_46.dat', 'tree_httv2_ttbar_DelphesPythia8_nompi_47.dat', 'tree_httv2_ttbar_DelphesPythia8_nompi_48.dat', 'tree_httv2_ttbar_DelphesPythia8_nompi_49.dat', 'tree_httv2_ttbar_DelphesPythia8_nompi_5.dat', 'tree_httv2_ttbar_DelphesPythia8_nompi_50.dat', 'tree_httv2_ttbar_DelphesPythia8_nompi_51.dat', 'tree_httv2_ttbar_DelphesPythia8_nompi_52.dat', 'tree_httv2_ttbar_DelphesPythia8_nompi_53.dat', 'tree_httv2_ttbar_DelphesPythia8_nompi_54.dat', 'tree_httv2_ttbar_DelphesPythia8_nompi_55.dat', 'tree_httv2_ttbar_DelphesPythia8_nompi_56.dat', 'tree_httv2_ttbar_DelphesPythia8_nompi_57.dat', 'tree_httv2_ttbar_DelphesPythia8_nompi_58.dat', 'tree_httv2_ttbar_DelphesPythia8_nompi_59.dat', 'tree_httv2_ttbar_DelphesPythia8_nompi_6.dat', 'tree_httv2_ttbar_DelphesPythia8_nompi_60.dat', 'tree_httv2_ttbar_DelphesPythia8_nompi_61.dat', 'tree_httv2_ttbar_DelphesPythia8_nompi_62.dat', 'tree_httv2_ttbar_DelphesPythia8_nompi_63.dat', 'tree_httv2_ttbar_DelphesPythia8_nompi_64.dat', 'tree_httv2_ttbar_DelphesPythia8_nompi_65.dat', 'tree_httv2_ttbar_DelphesPythia8_nompi_66.dat', 'tree_httv2_ttbar_DelphesPythia8_nompi_67.dat', 'tree_httv2_ttbar_DelphesPythia8_nompi_68.dat', 'tree_httv2_ttbar_DelphesPythia8_nompi_69.dat', 'tree_httv2_ttbar_DelphesPythia8_nompi_7.dat', 'tree_httv2_ttbar_DelphesPythia8_nompi_70.dat', 'tree_httv2_ttbar_DelphesPythia8_nompi_71.dat', 'tree_httv2_ttbar_DelphesPythia8_nompi_72.dat', 'tree_httv2_ttbar_DelphesPythia8_nompi_73.dat', 'tree_httv2_ttbar_DelphesPythia8_nompi_74.dat', 'tree_httv2_ttbar_DelphesPythia8_nompi_75.dat', 'tree_httv2_ttbar_DelphesPythia8_nompi_76.dat', 'tree_httv2_ttbar_DelphesPythia8_nompi_77.dat', 'tree_httv2_ttbar_DelphesPythia8_nompi_78.dat', 'tree_httv2_ttbar_DelphesPythia8_nompi_79.dat', 'tree_httv2_ttbar_DelphesPythia8_nompi_8.dat', 'tree_httv2_ttbar_DelphesPythia8_nompi_80.dat', 'tree_httv2_ttbar_DelphesPythia8_nompi_81.dat', 'tree_httv2_ttbar_DelphesPythia8_nompi_82.dat', 'tree_httv2_ttbar_DelphesPythia8_nompi_83.dat', 'tree_httv2_ttbar_DelphesPythia8_nompi_84.dat', 'tree_httv2_ttbar_DelphesPythia8_nompi_85.dat', 'tree_httv2_ttbar_DelphesPythia8_nompi_86.dat', 'tree_httv2_ttbar_DelphesPythia8_nompi_87.dat', 'tree_httv2_ttbar_DelphesPythia8_nompi_88.dat', 'tree_httv2_ttbar_DelphesPythia8_nompi_89.dat', 'tree_httv2_ttbar_DelphesPythia8_nompi_9.dat', 'tree_httv2_ttbar_DelphesPythia8_nompi_90.dat', 'tree_httv2_ttbar_DelphesPythia8_nompi_91.dat', 'tree_httv2_ttbar_DelphesPythia8_nompi_92.dat', 'tree_httv2_ttbar_DelphesPythia8_nompi_93.dat', 'tree_httv2_ttbar_DelphesPythia8_nompi_94.dat', 'tree_httv2_ttbar_DelphesPythia8_nompi_95.dat', 'tree_httv2_ttbar_DelphesPythia8_nompi_96.dat', 'tree_httv2_ttbar_DelphesPythia8_nompi_97.dat', 'tree_httv2_ttbar_DelphesPythia8_nompi_98.dat', 'tree_httv2_ttbar_DelphesPythia8_nompi_99.dat']
2018-11-01 12:01:36,826:INFO: Ntotjets=10000
2018-11-01 12:01:38,460:INFO: Ntotjets=20000
2018-11-01 12:01:40,090:INFO: Ntotjets=30000
2018-11-01 12:01:41,726:INFO: Ntotjets=40000
2018-11-01 12:01:43,381:INFO: Ntotjets=50000
2018-11-01 12:01:45,024:INFO: Ntotjets=60000
2018-11-01 12:01:46,689:INFO: Ntotjets=70000
2018-11-01 12:01:48,332:INFO: Ntotjets=80000
2018-11-01 12:01:48,333:INFO: Number of jet files for qcd=200
2018-11-01 12:01:48,333:INFO: Loading qcd jet files... 
2018-11-01 12:01:48,333:INFO: qcd files list = ['tree_httv2_qcd_DelphesPythia8_nompi_0.dat', 'tree_httv2_qcd_DelphesPythia8_nompi_1.dat', 'tree_httv2_qcd_DelphesPythia8_nompi_10.dat', 'tree_httv2_qcd_DelphesPythia8_nompi_100.dat', 'tree_httv2_qcd_DelphesPythia8_nompi_101.dat', 'tree_httv2_qcd_DelphesPythia8_nompi_102.dat', 'tree_httv2_qcd_DelphesPythia8_nompi_103.dat', 'tree_httv2_qcd_DelphesPythia8_nompi_104.dat', 'tree_httv2_qcd_DelphesPythia8_nompi_105.dat', 'tree_httv2_qcd_DelphesPythia8_nompi_106.dat', 'tree_httv2_qcd_DelphesPythia8_nompi_107.dat', 'tree_httv2_qcd_DelphesPythia8_nompi_108.dat', 'tree_httv2_qcd_DelphesPythia8_nompi_109.dat', 'tree_httv2_qcd_DelphesPythia8_nompi_11.dat', 'tree_httv2_qcd_DelphesPythia8_nompi_110.dat', 'tree_httv2_qcd_DelphesPythia8_nompi_111.dat', 'tree_httv2_qcd_DelphesPythia8_nompi_112.dat', 'tree_httv2_qcd_DelphesPythia8_nompi_113.dat', 'tree_httv2_qcd_DelphesPythia8_nompi_114.dat', 'tree_httv2_qcd_DelphesPythia8_nompi_115.dat', 'tree_httv2_qcd_DelphesPythia8_nompi_116.dat', 'tree_httv2_qcd_DelphesPythia8_nompi_117.dat', 'tree_httv2_qcd_DelphesPythia8_nompi_118.dat', 'tree_httv2_qcd_DelphesPythia8_nompi_119.dat', 'tree_httv2_qcd_DelphesPythia8_nompi_12.dat', 'tree_httv2_qcd_DelphesPythia8_nompi_120.dat', 'tree_httv2_qcd_DelphesPythia8_nompi_121.dat', 'tree_httv2_qcd_DelphesPythia8_nompi_122.dat', 'tree_httv2_qcd_DelphesPythia8_nompi_123.dat', 'tree_httv2_qcd_DelphesPythia8_nompi_124.dat', 'tree_httv2_qcd_DelphesPythia8_nompi_125.dat', 'tree_httv2_qcd_DelphesPythia8_nompi_126.dat', 'tree_httv2_qcd_DelphesPythia8_nompi_127.dat', 'tree_httv2_qcd_DelphesPythia8_nompi_128.dat', 'tree_httv2_qcd_DelphesPythia8_nompi_129.dat', 'tree_httv2_qcd_DelphesPythia8_nompi_13.dat', 'tree_httv2_qcd_DelphesPythia8_nompi_130.dat', 'tree_httv2_qcd_DelphesPythia8_nompi_131.dat', 'tree_httv2_qcd_DelphesPythia8_nompi_132.dat', 'tree_httv2_qcd_DelphesPythia8_nompi_133.dat', 'tree_httv2_qcd_DelphesPythia8_nompi_134.dat', 'tree_httv2_qcd_DelphesPythia8_nompi_135.dat', 'tree_httv2_qcd_DelphesPythia8_nompi_136.dat', 'tree_httv2_qcd_DelphesPythia8_nompi_137.dat', 'tree_httv2_qcd_DelphesPythia8_nompi_138.dat', 'tree_httv2_qcd_DelphesPythia8_nompi_139.dat', 'tree_httv2_qcd_DelphesPythia8_nompi_14.dat', 'tree_httv2_qcd_DelphesPythia8_nompi_140.dat', 'tree_httv2_qcd_DelphesPythia8_nompi_141.dat', 'tree_httv2_qcd_DelphesPythia8_nompi_142.dat', 'tree_httv2_qcd_DelphesPythia8_nompi_143.dat', 'tree_httv2_qcd_DelphesPythia8_nompi_144.dat', 'tree_httv2_qcd_DelphesPythia8_nompi_145.dat', 'tree_httv2_qcd_DelphesPythia8_nompi_146.dat', 'tree_httv2_qcd_DelphesPythia8_nompi_147.dat', 'tree_httv2_qcd_DelphesPythia8_nompi_148.dat', 'tree_httv2_qcd_DelphesPythia8_nompi_149.dat', 'tree_httv2_qcd_DelphesPythia8_nompi_15.dat', 'tree_httv2_qcd_DelphesPythia8_nompi_150.dat', 'tree_httv2_qcd_DelphesPythia8_nompi_151.dat', 'tree_httv2_qcd_DelphesPythia8_nompi_152.dat', 'tree_httv2_qcd_DelphesPythia8_nompi_153.dat', 'tree_httv2_qcd_DelphesPythia8_nompi_154.dat', 'tree_httv2_qcd_DelphesPythia8_nompi_155.dat', 'tree_httv2_qcd_DelphesPythia8_nompi_156.dat', 'tree_httv2_qcd_DelphesPythia8_nompi_157.dat', 'tree_httv2_qcd_DelphesPythia8_nompi_158.dat', 'tree_httv2_qcd_DelphesPythia8_nompi_159.dat', 'tree_httv2_qcd_DelphesPythia8_nompi_16.dat', 'tree_httv2_qcd_DelphesPythia8_nompi_160.dat', 'tree_httv2_qcd_DelphesPythia8_nompi_161.dat', 'tree_httv2_qcd_DelphesPythia8_nompi_162.dat', 'tree_httv2_qcd_DelphesPythia8_nompi_163.dat', 'tree_httv2_qcd_DelphesPythia8_nompi_164.dat', 'tree_httv2_qcd_DelphesPythia8_nompi_165.dat', 'tree_httv2_qcd_DelphesPythia8_nompi_166.dat', 'tree_httv2_qcd_DelphesPythia8_nompi_167.dat', 'tree_httv2_qcd_DelphesPythia8_nompi_168.dat', 'tree_httv2_qcd_DelphesPythia8_nompi_169.dat', 'tree_httv2_qcd_DelphesPythia8_nompi_17.dat', 'tree_httv2_qcd_DelphesPythia8_nompi_170.dat', 'tree_httv2_qcd_DelphesPythia8_nompi_171.dat', 'tree_httv2_qcd_DelphesPythia8_nompi_172.dat', 'tree_httv2_qcd_DelphesPythia8_nompi_173.dat', 'tree_httv2_qcd_DelphesPythia8_nompi_174.dat', 'tree_httv2_qcd_DelphesPythia8_nompi_175.dat', 'tree_httv2_qcd_DelphesPythia8_nompi_176.dat', 'tree_httv2_qcd_DelphesPythia8_nompi_177.dat', 'tree_httv2_qcd_DelphesPythia8_nompi_178.dat', 'tree_httv2_qcd_DelphesPythia8_nompi_179.dat', 'tree_httv2_qcd_DelphesPythia8_nompi_18.dat', 'tree_httv2_qcd_DelphesPythia8_nompi_180.dat', 'tree_httv2_qcd_DelphesPythia8_nompi_181.dat', 'tree_httv2_qcd_DelphesPythia8_nompi_182.dat', 'tree_httv2_qcd_DelphesPythia8_nompi_183.dat', 'tree_httv2_qcd_DelphesPythia8_nompi_184.dat', 'tree_httv2_qcd_DelphesPythia8_nompi_185.dat', 'tree_httv2_qcd_DelphesPythia8_nompi_186.dat', 'tree_httv2_qcd_DelphesPythia8_nompi_187.dat', 'tree_httv2_qcd_DelphesPythia8_nompi_188.dat', 'tree_httv2_qcd_DelphesPythia8_nompi_189.dat', 'tree_httv2_qcd_DelphesPythia8_nompi_19.dat', 'tree_httv2_qcd_DelphesPythia8_nompi_190.dat', 'tree_httv2_qcd_DelphesPythia8_nompi_191.dat', 'tree_httv2_qcd_DelphesPythia8_nompi_192.dat', 'tree_httv2_qcd_DelphesPythia8_nompi_193.dat', 'tree_httv2_qcd_DelphesPythia8_nompi_194.dat', 'tree_httv2_qcd_DelphesPythia8_nompi_195.dat', 'tree_httv2_qcd_DelphesPythia8_nompi_196.dat', 'tree_httv2_qcd_DelphesPythia8_nompi_197.dat', 'tree_httv2_qcd_DelphesPythia8_nompi_198.dat', 'tree_httv2_qcd_DelphesPythia8_nompi_199.dat', 'tree_httv2_qcd_DelphesPythia8_nompi_2.dat', 'tree_httv2_qcd_DelphesPythia8_nompi_20.dat', 'tree_httv2_qcd_DelphesPythia8_nompi_21.dat', 'tree_httv2_qcd_DelphesPythia8_nompi_22.dat', 'tree_httv2_qcd_DelphesPythia8_nompi_23.dat', 'tree_httv2_qcd_DelphesPythia8_nompi_24.dat', 'tree_httv2_qcd_DelphesPythia8_nompi_25.dat', 'tree_httv2_qcd_DelphesPythia8_nompi_26.dat', 'tree_httv2_qcd_DelphesPythia8_nompi_27.dat', 'tree_httv2_qcd_DelphesPythia8_nompi_28.dat', 'tree_httv2_qcd_DelphesPythia8_nompi_29.dat', 'tree_httv2_qcd_DelphesPythia8_nompi_3.dat', 'tree_httv2_qcd_DelphesPythia8_nompi_30.dat', 'tree_httv2_qcd_DelphesPythia8_nompi_31.dat', 'tree_httv2_qcd_DelphesPythia8_nompi_32.dat', 'tree_httv2_qcd_DelphesPythia8_nompi_33.dat', 'tree_httv2_qcd_DelphesPythia8_nompi_34.dat', 'tree_httv2_qcd_DelphesPythia8_nompi_35.dat', 'tree_httv2_qcd_DelphesPythia8_nompi_36.dat', 'tree_httv2_qcd_DelphesPythia8_nompi_37.dat', 'tree_httv2_qcd_DelphesPythia8_nompi_38.dat', 'tree_httv2_qcd_DelphesPythia8_nompi_39.dat', 'tree_httv2_qcd_DelphesPythia8_nompi_4.dat', 'tree_httv2_qcd_DelphesPythia8_nompi_40.dat', 'tree_httv2_qcd_DelphesPythia8_nompi_41.dat', 'tree_httv2_qcd_DelphesPythia8_nompi_42.dat', 'tree_httv2_qcd_DelphesPythia8_nompi_43.dat', 'tree_httv2_qcd_DelphesPythia8_nompi_44.dat', 'tree_httv2_qcd_DelphesPythia8_nompi_45.dat', 'tree_httv2_qcd_DelphesPythia8_nompi_46.dat', 'tree_httv2_qcd_DelphesPythia8_nompi_47.dat', 'tree_httv2_qcd_DelphesPythia8_nompi_48.dat', 'tree_httv2_qcd_DelphesPythia8_nompi_49.dat', 'tree_httv2_qcd_DelphesPythia8_nompi_5.dat', 'tree_httv2_qcd_DelphesPythia8_nompi_50.dat', 'tree_httv2_qcd_DelphesPythia8_nompi_51.dat', 'tree_httv2_qcd_DelphesPythia8_nompi_52.dat', 'tree_httv2_qcd_DelphesPythia8_nompi_53.dat', 'tree_httv2_qcd_DelphesPythia8_nompi_54.dat', 'tree_httv2_qcd_DelphesPythia8_nompi_55.dat', 'tree_httv2_qcd_DelphesPythia8_nompi_56.dat', 'tree_httv2_qcd_DelphesPythia8_nompi_57.dat', 'tree_httv2_qcd_DelphesPythia8_nompi_58.dat', 'tree_httv2_qcd_DelphesPythia8_nompi_59.dat', 'tree_httv2_qcd_DelphesPythia8_nompi_6.dat', 'tree_httv2_qcd_DelphesPythia8_nompi_60.dat', 'tree_httv2_qcd_DelphesPythia8_nompi_61.dat', 'tree_httv2_qcd_DelphesPythia8_nompi_62.dat', 'tree_httv2_qcd_DelphesPythia8_nompi_63.dat', 'tree_httv2_qcd_DelphesPythia8_nompi_64.dat', 'tree_httv2_qcd_DelphesPythia8_nompi_65.dat', 'tree_httv2_qcd_DelphesPythia8_nompi_66.dat', 'tree_httv2_qcd_DelphesPythia8_nompi_67.dat', 'tree_httv2_qcd_DelphesPythia8_nompi_68.dat', 'tree_httv2_qcd_DelphesPythia8_nompi_69.dat', 'tree_httv2_qcd_DelphesPythia8_nompi_7.dat', 'tree_httv2_qcd_DelphesPythia8_nompi_70.dat', 'tree_httv2_qcd_DelphesPythia8_nompi_71.dat', 'tree_httv2_qcd_DelphesPythia8_nompi_72.dat', 'tree_httv2_qcd_DelphesPythia8_nompi_73.dat', 'tree_httv2_qcd_DelphesPythia8_nompi_74.dat', 'tree_httv2_qcd_DelphesPythia8_nompi_75.dat', 'tree_httv2_qcd_DelphesPythia8_nompi_76.dat', 'tree_httv2_qcd_DelphesPythia8_nompi_77.dat', 'tree_httv2_qcd_DelphesPythia8_nompi_78.dat', 'tree_httv2_qcd_DelphesPythia8_nompi_79.dat', 'tree_httv2_qcd_DelphesPythia8_nompi_8.dat', 'tree_httv2_qcd_DelphesPythia8_nompi_80.dat', 'tree_httv2_qcd_DelphesPythia8_nompi_81.dat', 'tree_httv2_qcd_DelphesPythia8_nompi_82.dat', 'tree_httv2_qcd_DelphesPythia8_nompi_83.dat', 'tree_httv2_qcd_DelphesPythia8_nompi_84.dat', 'tree_httv2_qcd_DelphesPythia8_nompi_85.dat', 'tree_httv2_qcd_DelphesPythia8_nompi_86.dat', 'tree_httv2_qcd_DelphesPythia8_nompi_87.dat', 'tree_httv2_qcd_DelphesPythia8_nompi_88.dat', 'tree_httv2_qcd_DelphesPythia8_nompi_89.dat', 'tree_httv2_qcd_DelphesPythia8_nompi_9.dat', 'tree_httv2_qcd_DelphesPythia8_nompi_90.dat', 'tree_httv2_qcd_DelphesPythia8_nompi_91.dat', 'tree_httv2_qcd_DelphesPythia8_nompi_92.dat', 'tree_httv2_qcd_DelphesPythia8_nompi_93.dat', 'tree_httv2_qcd_DelphesPythia8_nompi_94.dat', 'tree_httv2_qcd_DelphesPythia8_nompi_95.dat', 'tree_httv2_qcd_DelphesPythia8_nompi_96.dat', 'tree_httv2_qcd_DelphesPythia8_nompi_97.dat', 'tree_httv2_qcd_DelphesPythia8_nompi_98.dat', 'tree_httv2_qcd_DelphesPythia8_nompi_99.dat']
2018-11-01 12:01:49,762:INFO: Ntotjets=10000
2018-11-01 12:01:51,192:INFO: Ntotjets=20000
2018-11-01 12:01:52,621:INFO: Ntotjets=30000
2018-11-01 12:01:54,063:INFO: Ntotjets=40000
2018-11-01 12:01:55,494:INFO: Ntotjets=50000
2018-11-01 12:01:56,925:INFO: Ntotjets=60000
2018-11-01 12:01:58,346:INFO: Ntotjets=70000
2018-11-01 12:01:59,762:INFO: Ntotjets=80000
2018-11-01 12:01:59,762:INFO: Tree generation time (minutes) =0.4128137389818827
2018-11-01 12:12:21,343:INFO: Splitting into train, validation and test datasets, and shuffling...
2018-11-01 12:12:37,542:INFO: Split sample time (minutes) =11.042470800876618
2018-11-01 12:12:37,542:INFO: Creating train batches ...
2018-11-01 12:12:40,566:INFO: Number of batches created=100
2018-11-01 12:12:43,580:INFO: Number of batches created=200
2018-11-01 12:12:46,576:INFO: Number of batches created=300
2018-11-01 12:12:49,576:INFO: Number of batches created=400
2018-11-01 12:12:52,573:INFO: Number of batches created=500
2018-11-01 12:12:55,547:INFO: Number of batches created=600
2018-11-01 12:12:58,520:INFO: Number of batches created=700
2018-11-01 12:13:00,019:INFO: Creating val batches ...
2018-11-01 12:13:03,014:INFO: Number of batches created=100
2018-11-01 12:13:05,984:INFO: Number of batches created=200
2018-11-01 12:13:07,472:INFO: Creating test batches ...
2018-11-01 12:13:10,500:INFO: Number of batches created=100
2018-11-01 12:13:13,488:INFO: Number of batches created=200
2018-11-01 12:13:14,978:INFO: Number of test_batches=250
2018-11-01 12:13:14,978:INFO: Batch generation time (minutes) =11.666403039296467
2018-11-01 12:13:14,978:INFO: Train and val batch size=128
2018-11-01 12:13:14,978:INFO: Number of train_batches=750
2018-11-01 12:13:14,978:INFO: Number of val_batches=250
2018-11-01 12:13:23,404:INFO: ------------------------------------------------------------
2018-11-01 12:13:23,404:INFO: Loading the datasets...
2018-11-01 12:13:26,412:INFO: - done loading the datasets
2018-11-01 12:13:26,412:INFO: ------------------------------------------------------------
2018-11-01 12:13:28,125:INFO: Building optimizer...
2018-11-01 12:13:28,125:INFO: Starting training for 40 epoch(s)
2018-11-01 12:13:28,126:INFO: Epoch 1/40
2018-11-01 12:13:54,459:INFO: - Train metrics: accuracy: 0.775 ; loss: 1.473
2018-11-01 12:13:59,110:INFO: - Eval metrics : accuracy: 0.872 ; loss: 0.414
2018-11-01 12:13:59,118:INFO: - Found new best accuracy
2018-11-01 12:13:59,118:INFO: Epoch 2/40
2018-11-01 12:14:25,273:INFO: - Train metrics: accuracy: 0.885 ; loss: 0.356
2018-11-01 12:14:30,573:INFO: - Eval metrics : accuracy: 0.870 ; loss: 0.396
2018-11-01 12:14:30,609:INFO: Epoch 3/40
2018-11-01 12:14:54,513:INFO: - Train metrics: accuracy: 0.885 ; loss: 0.262
2018-11-01 12:14:59,002:INFO: - Eval metrics : accuracy: 0.876 ; loss: 0.273
2018-11-01 12:14:59,041:INFO: - Found new best accuracy
2018-11-01 12:14:59,043:INFO: Epoch 4/40
2018-11-01 12:15:22,840:INFO: - Train metrics: accuracy: 0.904 ; loss: 0.259
2018-11-01 12:15:27,320:INFO: - Eval metrics : accuracy: 0.898 ; loss: 0.238
2018-11-01 12:15:27,363:INFO: - Found new best accuracy
2018-11-01 12:15:27,364:INFO: Epoch 5/40
2018-11-01 12:15:51,294:INFO: - Train metrics: accuracy: 0.915 ; loss: 0.229
2018-11-01 12:15:55,776:INFO: - Eval metrics : accuracy: 0.904 ; loss: 0.228
2018-11-01 12:15:55,815:INFO: - Found new best accuracy
2018-11-01 12:15:55,815:INFO: Epoch 6/40
2018-11-01 12:16:19,658:INFO: - Train metrics: accuracy: 0.913 ; loss: 0.217
2018-11-01 12:16:24,132:INFO: - Eval metrics : accuracy: 0.908 ; loss: 0.221
2018-11-01 12:16:24,162:INFO: - Found new best accuracy
2018-11-01 12:16:24,163:INFO: Epoch 7/40
2018-11-01 12:16:48,935:INFO: - Train metrics: accuracy: 0.915 ; loss: 0.206
2018-11-01 12:16:53,425:INFO: - Eval metrics : accuracy: 0.908 ; loss: 0.219
2018-11-01 12:16:53,460:INFO: Epoch 8/40
2018-11-01 12:17:17,361:INFO: - Train metrics: accuracy: 0.921 ; loss: 0.205
2018-11-01 12:17:21,838:INFO: - Eval metrics : accuracy: 0.913 ; loss: 0.208
2018-11-01 12:17:21,878:INFO: - Found new best accuracy
2018-11-01 12:17:21,879:INFO: Epoch 9/40
2018-11-01 12:17:45,581:INFO: - Train metrics: accuracy: 0.926 ; loss: 0.198
2018-11-01 12:17:50,072:INFO: - Eval metrics : accuracy: 0.913 ; loss: 0.208
2018-11-01 12:17:50,108:INFO: Epoch 10/40
2018-11-01 12:18:13,570:INFO: - Train metrics: accuracy: 0.927 ; loss: 0.189
2018-11-01 12:18:17,812:INFO: - Eval metrics : accuracy: 0.915 ; loss: 0.204
2018-11-01 12:18:17,850:INFO: - Found new best accuracy
2018-11-01 12:18:17,851:INFO: Epoch 11/40
2018-11-01 12:18:41,595:INFO: - Train metrics: accuracy: 0.921 ; loss: 0.199
2018-11-01 12:18:46,061:INFO: - Eval metrics : accuracy: 0.916 ; loss: 0.201
2018-11-01 12:18:46,101:INFO: - Found new best accuracy
2018-11-01 12:18:46,102:INFO: Epoch 12/40
2018-11-01 12:19:08,354:INFO: - Train metrics: accuracy: 0.923 ; loss: 0.189
2018-11-01 12:19:12,598:INFO: - Eval metrics : accuracy: 0.918 ; loss: 0.199
2018-11-01 12:19:12,638:INFO: - Found new best accuracy
2018-11-01 12:19:12,638:INFO: Epoch 13/40
2018-11-01 12:19:38,872:INFO: - Train metrics: accuracy: 0.927 ; loss: 0.187
2018-11-01 12:19:44,068:INFO: - Eval metrics : accuracy: 0.915 ; loss: 0.205
2018-11-01 12:19:44,097:INFO: Epoch 14/40
2018-11-01 12:20:07,864:INFO: - Train metrics: accuracy: 0.930 ; loss: 0.180
2018-11-01 12:20:12,332:INFO: - Eval metrics : accuracy: 0.917 ; loss: 0.205
2018-11-01 12:20:12,371:INFO: Epoch 15/40
2018-11-01 12:20:35,357:INFO: - Train metrics: accuracy: 0.930 ; loss: 0.183
2018-11-01 12:20:39,612:INFO: - Eval metrics : accuracy: 0.918 ; loss: 0.197
2018-11-01 12:20:39,646:INFO: - Found new best accuracy
2018-11-01 12:20:39,647:INFO: Epoch 16/40
2018-11-01 12:21:05,780:INFO: - Train metrics: accuracy: 0.928 ; loss: 0.181
2018-11-01 12:21:10,969:INFO: - Eval metrics : accuracy: 0.918 ; loss: 0.197
2018-11-01 12:21:10,998:INFO: Epoch 17/40
2018-11-01 12:21:33,592:INFO: - Train metrics: accuracy: 0.927 ; loss: 0.177
2018-11-01 12:21:38,078:INFO: - Eval metrics : accuracy: 0.921 ; loss: 0.194
2018-11-01 12:21:38,119:INFO: - Found new best accuracy
2018-11-01 12:21:38,119:INFO: Epoch 18/40
2018-11-01 12:22:03,727:INFO: - Train metrics: accuracy: 0.930 ; loss: 0.179
2018-11-01 12:22:08,985:INFO: - Eval metrics : accuracy: 0.921 ; loss: 0.193
2018-11-01 12:22:09,016:INFO: Epoch 19/40
2018-11-01 12:22:31,007:INFO: - Train metrics: accuracy: 0.936 ; loss: 0.172
2018-11-01 12:22:35,703:INFO: - Eval metrics : accuracy: 0.925 ; loss: 0.188
2018-11-01 12:22:35,743:INFO: - Found new best accuracy
2018-11-01 12:22:35,744:INFO: Epoch 20/40
2018-11-01 12:22:58,688:INFO: - Train metrics: accuracy: 0.934 ; loss: 0.174
2018-11-01 12:23:03,143:INFO: - Eval metrics : accuracy: 0.926 ; loss: 0.183
2018-11-01 12:23:03,176:INFO: - Found new best accuracy
2018-11-01 12:23:03,177:INFO: Epoch 21/40
2018-11-01 12:23:29,326:INFO: - Train metrics: accuracy: 0.935 ; loss: 0.170
2018-11-01 12:23:34,572:INFO: - Eval metrics : accuracy: 0.922 ; loss: 0.190
2018-11-01 12:23:34,613:INFO: Epoch 22/40
2018-11-01 12:23:58,256:INFO: - Train metrics: accuracy: 0.935 ; loss: 0.169
2018-11-01 12:24:03,446:INFO: - Eval metrics : accuracy: 0.927 ; loss: 0.182
2018-11-01 12:24:03,484:INFO: - Found new best accuracy
2018-11-01 12:24:03,484:INFO: Epoch 23/40
2018-11-01 12:24:26,590:INFO: - Train metrics: accuracy: 0.936 ; loss: 0.165
2018-11-01 12:24:31,056:INFO: - Eval metrics : accuracy: 0.927 ; loss: 0.181
2018-11-01 12:24:31,089:INFO: - Found new best accuracy
2018-11-01 12:24:31,090:INFO: Epoch 24/40
2018-11-01 12:24:52,105:INFO: - Train metrics: accuracy: 0.932 ; loss: 0.163
2018-11-01 12:24:56,349:INFO: - Eval metrics : accuracy: 0.927 ; loss: 0.181
2018-11-01 12:24:56,410:INFO: - Found new best accuracy
2018-11-01 12:24:56,410:INFO: Epoch 25/40
2018-11-01 12:25:22,510:INFO: - Train metrics: accuracy: 0.935 ; loss: 0.161
2018-11-01 12:25:27,770:INFO: - Eval metrics : accuracy: 0.928 ; loss: 0.180
2018-11-01 12:25:27,773:INFO: - Found new best accuracy
2018-11-01 12:25:27,774:INFO: Epoch 26/40
2018-11-01 12:25:53,703:INFO: - Train metrics: accuracy: 0.936 ; loss: 0.161
2018-11-01 12:25:59,009:INFO: - Eval metrics : accuracy: 0.928 ; loss: 0.180
2018-11-01 12:25:59,037:INFO: - Found new best accuracy
2018-11-01 12:25:59,038:INFO: Epoch 27/40
2018-11-01 12:26:24,958:INFO: - Train metrics: accuracy: 0.938 ; loss: 0.159
2018-11-01 12:26:30,250:INFO: - Eval metrics : accuracy: 0.928 ; loss: 0.179
2018-11-01 12:26:30,302:INFO: - Found new best accuracy
2018-11-01 12:26:30,303:INFO: Epoch 28/40
2018-11-01 12:26:53,715:INFO: - Train metrics: accuracy: 0.938 ; loss: 0.157
2018-11-01 12:26:58,186:INFO: - Eval metrics : accuracy: 0.929 ; loss: 0.178
2018-11-01 12:26:58,223:INFO: - Found new best accuracy
2018-11-01 12:26:58,225:INFO: Epoch 29/40
2018-11-01 12:27:22,099:INFO: - Train metrics: accuracy: 0.941 ; loss: 0.156
2018-11-01 12:27:26,566:INFO: - Eval metrics : accuracy: 0.929 ; loss: 0.178
2018-11-01 12:27:26,594:INFO: - Found new best accuracy
2018-11-01 12:27:26,594:INFO: Epoch 30/40
2018-11-01 12:27:52,767:INFO: - Train metrics: accuracy: 0.944 ; loss: 0.155
2018-11-01 12:27:58,033:INFO: - Eval metrics : accuracy: 0.929 ; loss: 0.177
2018-11-01 12:27:58,061:INFO: - Found new best accuracy
2018-11-01 12:27:58,062:INFO: Epoch 31/40
2018-11-01 12:28:23,857:INFO: - Train metrics: accuracy: 0.943 ; loss: 0.154
2018-11-01 12:28:29,118:INFO: - Eval metrics : accuracy: 0.929 ; loss: 0.177
2018-11-01 12:28:29,149:INFO: Epoch 32/40
2018-11-01 12:28:55,277:INFO: - Train metrics: accuracy: 0.943 ; loss: 0.154
2018-11-01 12:29:00,556:INFO: - Eval metrics : accuracy: 0.929 ; loss: 0.177
2018-11-01 12:29:00,597:INFO: Epoch 33/40
2018-11-01 12:29:25,506:INFO: - Train metrics: accuracy: 0.943 ; loss: 0.154
2018-11-01 12:29:30,701:INFO: - Eval metrics : accuracy: 0.930 ; loss: 0.176
2018-11-01 12:29:30,738:INFO: - Found new best accuracy
2018-11-01 12:29:30,739:INFO: Epoch 34/40
2018-11-01 12:29:54,076:INFO: - Train metrics: accuracy: 0.944 ; loss: 0.153
2018-11-01 12:29:58,547:INFO: - Eval metrics : accuracy: 0.929 ; loss: 0.176
2018-11-01 12:29:58,585:INFO: Epoch 35/40
2018-11-01 12:30:20,011:INFO: - Train metrics: accuracy: 0.943 ; loss: 0.153
2018-11-01 12:30:24,243:INFO: - Eval metrics : accuracy: 0.929 ; loss: 0.176
2018-11-01 12:30:24,286:INFO: Epoch 36/40
2018-11-01 12:30:47,474:INFO: - Train metrics: accuracy: 0.943 ; loss: 0.152
2018-11-01 12:30:51,936:INFO: - Eval metrics : accuracy: 0.930 ; loss: 0.176
2018-11-01 12:30:51,971:INFO: - Found new best accuracy
2018-11-01 12:30:51,972:INFO: Epoch 37/40
2018-11-01 12:31:12,171:INFO: - Train metrics: accuracy: 0.940 ; loss: 0.153
2018-11-01 12:31:16,413:INFO: - Eval metrics : accuracy: 0.929 ; loss: 0.176
2018-11-01 12:31:16,447:INFO: Epoch 38/40
2018-11-01 12:31:36,431:INFO: - Train metrics: accuracy: 0.941 ; loss: 0.153
2018-11-01 12:31:40,669:INFO: - Eval metrics : accuracy: 0.929 ; loss: 0.176
2018-11-01 12:31:40,710:INFO: Epoch 39/40
2018-11-01 12:32:03,866:INFO: - Train metrics: accuracy: 0.943 ; loss: 0.152
2018-11-01 12:32:08,325:INFO: - Eval metrics : accuracy: 0.930 ; loss: 0.175
2018-11-01 12:32:08,366:INFO: - Found new best accuracy
2018-11-01 12:32:08,366:INFO: Epoch 40/40
2018-11-01 12:32:28,483:INFO: - Train metrics: accuracy: 0.941 ; loss: 0.152
2018-11-01 12:32:32,864:INFO: - Eval metrics : accuracy: 0.930 ; loss: 0.175
2018-11-01 12:32:32,892:INFO: - Found new best accuracy
2018-11-01 12:32:32,893:INFO: Total time (minutes) =30.964989411830903
