2018-10-21 21:53:10,242:INFO: Loading the dataset ...
2018-10-21 21:53:10,486:INFO: - done.
2018-10-21 21:53:14,565:INFO: Starting evaluation
2018-10-21 21:53:16,027:INFO: Labels=[0. 0. 1. 0. 0. 0. 0. 1. 0. 1.]
2018-10-21 21:53:16,028:INFO: Out prob=[8.47637728e-02 2.61115849e-01 6.85176551e-01 8.07623625e-01
 6.49945676e-01 5.20562644e-05 9.21118911e-03 9.01050806e-01
 3.97021860e-01 9.69695091e-01]
2018-10-21 21:53:16,028:INFO: ------------------------------------------------------------------------------------------------------------------------
2018-10-21 21:53:16,028:INFO: len labels after =15360
2018-10-21 21:53:16,028:INFO: len out_prob after15360
2018-10-21 21:53:16,028:INFO: length y_test=15360
2018-10-21 21:53:16,028:INFO: Lenght y_score=15360
2018-10-21 21:53:16,031:INFO: Length y_score 15360
2018-10-21 21:53:16,031:INFO: Length y_test 15360
2018-10-21 21:53:16,031:INFO: Thresholds[0:6] = 
 [0.99985683 0.9997558  0.99972457 0.99972373 0.99971813 0.99964225]
2018-10-21 21:53:16,031:INFO: Thresholds lenght = 
15353
2018-10-21 21:53:16,032:INFO: fpr lenght15353
2018-10-21 21:53:16,032:INFO: tpr lenght15353
2018-10-21 21:53:16,077:INFO: ------------------------------------------------------------------------------------------------------------------------
2018-10-21 21:53:16,080:INFO: roc_auc=0.9163057270695281
2018-10-21 21:53:16,080:INFO: ------------------------------------------------------------------------------------------------------------------------
2018-10-21 21:53:16,081:INFO: - Eval metrics : accuracy: 0.835 ; loss: 0.362
