2018-10-21 21:47:08,782:INFO: sample_name=top_qcd_jets_antikt_kt__40000_Njets_1024_batch
2018-10-21 21:47:08,782:INFO: ------------------------------------------------------------
2018-10-21 21:47:08,782:INFO: Loading the datasets...
2018-10-21 21:47:09,937:INFO: - done loading the datasets
2018-10-21 21:47:09,937:INFO: ------------------------------------------------------------
2018-10-21 21:47:13,922:INFO: Building optimizer...
2018-10-21 21:47:13,922:INFO: Starting training for 30 epoch(s)
2018-10-21 21:47:13,922:INFO: Epoch 1/30
2018-10-21 21:47:25,231:INFO: - Train metrics: accuracy: 0.519 ; loss: 0.898
2018-10-21 21:47:27,007:INFO: - Eval metrics : accuracy: 0.579 ; loss: 0.673
2018-10-21 21:47:27,059:INFO: - Found new best accuracy
2018-10-21 21:47:27,060:INFO: Epoch 2/30
2018-10-21 21:47:38,223:INFO: - Train metrics: accuracy: 0.589 ; loss: 0.672
2018-10-21 21:47:39,812:INFO: - Eval metrics : accuracy: 0.650 ; loss: 0.626
2018-10-21 21:47:39,853:INFO: - Found new best accuracy
2018-10-21 21:47:39,854:INFO: Epoch 3/30
2018-10-21 21:47:50,309:INFO: - Train metrics: accuracy: 0.639 ; loss: 0.621
2018-10-21 21:47:51,827:INFO: - Eval metrics : accuracy: 0.774 ; loss: 0.491
2018-10-21 21:47:51,866:INFO: - Found new best accuracy
2018-10-21 21:47:51,867:INFO: Epoch 4/30
2018-10-21 21:48:02,211:INFO: - Train metrics: accuracy: 0.765 ; loss: 0.487
2018-10-21 21:48:03,761:INFO: - Eval metrics : accuracy: 0.787 ; loss: 0.447
2018-10-21 21:48:03,764:INFO: - Found new best accuracy
2018-10-21 21:48:03,765:INFO: Epoch 5/30
2018-10-21 21:48:14,180:INFO: - Train metrics: accuracy: 0.788 ; loss: 0.444
2018-10-21 21:48:15,737:INFO: - Eval metrics : accuracy: 0.792 ; loss: 0.436
2018-10-21 21:48:15,773:INFO: - Found new best accuracy
2018-10-21 21:48:15,773:INFO: Epoch 6/30
2018-10-21 21:48:26,108:INFO: - Train metrics: accuracy: 0.792 ; loss: 0.425
2018-10-21 21:48:27,631:INFO: - Eval metrics : accuracy: 0.807 ; loss: 0.411
2018-10-21 21:48:27,669:INFO: - Found new best accuracy
2018-10-21 21:48:27,670:INFO: Epoch 7/30
2018-10-21 21:48:38,047:INFO: - Train metrics: accuracy: 0.814 ; loss: 0.398
2018-10-21 21:48:39,601:INFO: - Eval metrics : accuracy: 0.809 ; loss: 0.406
2018-10-21 21:48:39,648:INFO: - Found new best accuracy
2018-10-21 21:48:39,649:INFO: Epoch 8/30
2018-10-21 21:48:49,990:INFO: - Train metrics: accuracy: 0.817 ; loss: 0.391
2018-10-21 21:48:51,555:INFO: - Eval metrics : accuracy: 0.815 ; loss: 0.396
2018-10-21 21:48:51,588:INFO: - Found new best accuracy
2018-10-21 21:48:51,588:INFO: Epoch 9/30
2018-10-21 21:49:01,975:INFO: - Train metrics: accuracy: 0.825 ; loss: 0.378
2018-10-21 21:49:03,548:INFO: - Eval metrics : accuracy: 0.818 ; loss: 0.390
2018-10-21 21:49:03,585:INFO: - Found new best accuracy
2018-10-21 21:49:03,585:INFO: Epoch 10/30
2018-10-21 21:49:14,057:INFO: - Train metrics: accuracy: 0.836 ; loss: 0.372
2018-10-21 21:49:15,591:INFO: - Eval metrics : accuracy: 0.819 ; loss: 0.386
2018-10-21 21:49:15,634:INFO: - Found new best accuracy
2018-10-21 21:49:15,634:INFO: Epoch 11/30
2018-10-21 21:49:26,037:INFO: - Train metrics: accuracy: 0.835 ; loss: 0.366
2018-10-21 21:49:27,503:INFO: - Eval metrics : accuracy: 0.821 ; loss: 0.384
2018-10-21 21:49:27,519:INFO: - Found new best accuracy
2018-10-21 21:49:27,519:INFO: Epoch 12/30
2018-10-21 21:49:37,947:INFO: - Train metrics: accuracy: 0.839 ; loss: 0.362
2018-10-21 21:49:39,467:INFO: - Eval metrics : accuracy: 0.798 ; loss: 0.431
2018-10-21 21:49:39,505:INFO: Epoch 13/30
2018-10-21 21:49:49,882:INFO: - Train metrics: accuracy: 0.799 ; loss: 0.412
2018-10-21 21:49:51,421:INFO: - Eval metrics : accuracy: 0.824 ; loss: 0.384
2018-10-21 21:49:51,470:INFO: - Found new best accuracy
2018-10-21 21:49:51,470:INFO: Epoch 14/30
2018-10-21 21:50:01,765:INFO: - Train metrics: accuracy: 0.839 ; loss: 0.356
2018-10-21 21:50:03,230:INFO: - Eval metrics : accuracy: 0.820 ; loss: 0.383
2018-10-21 21:50:03,269:INFO: Epoch 15/30
2018-10-21 21:50:13,697:INFO: - Train metrics: accuracy: 0.836 ; loss: 0.357
2018-10-21 21:50:15,259:INFO: - Eval metrics : accuracy: 0.827 ; loss: 0.376
2018-10-21 21:50:15,300:INFO: - Found new best accuracy
2018-10-21 21:50:15,300:INFO: Epoch 16/30
2018-10-21 21:50:25,576:INFO: - Train metrics: accuracy: 0.840 ; loss: 0.346
2018-10-21 21:50:27,044:INFO: - Eval metrics : accuracy: 0.828 ; loss: 0.375
2018-10-21 21:50:27,079:INFO: - Found new best accuracy
2018-10-21 21:50:27,080:INFO: Epoch 17/30
2018-10-21 21:50:37,125:INFO: - Train metrics: accuracy: 0.840 ; loss: 0.345
2018-10-21 21:50:38,665:INFO: - Eval metrics : accuracy: 0.828 ; loss: 0.374
2018-10-21 21:50:38,702:INFO: - Found new best accuracy
2018-10-21 21:50:38,702:INFO: Epoch 18/30
2018-10-21 21:50:48,805:INFO: - Train metrics: accuracy: 0.841 ; loss: 0.343
2018-10-21 21:50:50,351:INFO: - Eval metrics : accuracy: 0.829 ; loss: 0.372
2018-10-21 21:50:50,394:INFO: - Found new best accuracy
2018-10-21 21:50:50,395:INFO: Epoch 19/30
2018-10-21 21:51:00,111:INFO: - Train metrics: accuracy: 0.846 ; loss: 0.341
2018-10-21 21:51:01,556:INFO: - Eval metrics : accuracy: 0.826 ; loss: 0.373
2018-10-21 21:51:01,592:INFO: Epoch 20/30
2018-10-21 21:51:11,590:INFO: - Train metrics: accuracy: 0.840 ; loss: 0.343
2018-10-21 21:51:13,105:INFO: - Eval metrics : accuracy: 0.825 ; loss: 0.376
2018-10-21 21:51:13,108:INFO: Epoch 21/30
2018-10-21 21:51:23,134:INFO: - Train metrics: accuracy: 0.840 ; loss: 0.346
2018-10-21 21:51:24,621:INFO: - Eval metrics : accuracy: 0.827 ; loss: 0.372
2018-10-21 21:51:24,648:INFO: Epoch 22/30
2018-10-21 21:51:34,683:INFO: - Train metrics: accuracy: 0.844 ; loss: 0.343
2018-10-21 21:51:36,162:INFO: - Eval metrics : accuracy: 0.825 ; loss: 0.373
2018-10-21 21:51:36,195:INFO: Epoch 23/30
2018-10-21 21:51:46,349:INFO: - Train metrics: accuracy: 0.847 ; loss: 0.344
2018-10-21 21:51:47,881:INFO: - Eval metrics : accuracy: 0.826 ; loss: 0.371
2018-10-21 21:51:47,917:INFO: Epoch 24/30
2018-10-21 21:51:58,120:INFO: - Train metrics: accuracy: 0.847 ; loss: 0.341
2018-10-21 21:51:59,654:INFO: - Eval metrics : accuracy: 0.828 ; loss: 0.369
2018-10-21 21:51:59,689:INFO: Epoch 25/30
2018-10-21 21:52:09,675:INFO: - Train metrics: accuracy: 0.843 ; loss: 0.339
2018-10-21 21:52:11,162:INFO: - Eval metrics : accuracy: 0.831 ; loss: 0.368
2018-10-21 21:52:11,203:INFO: - Found new best accuracy
2018-10-21 21:52:11,204:INFO: Epoch 26/30
2018-10-21 21:52:21,163:INFO: - Train metrics: accuracy: 0.844 ; loss: 0.338
2018-10-21 21:52:22,429:INFO: - Eval metrics : accuracy: 0.830 ; loss: 0.367
2018-10-21 21:52:22,467:INFO: Epoch 27/30
2018-10-21 21:52:32,226:INFO: - Train metrics: accuracy: 0.846 ; loss: 0.337
2018-10-21 21:52:33,663:INFO: - Eval metrics : accuracy: 0.832 ; loss: 0.366
2018-10-21 21:52:33,701:INFO: - Found new best accuracy
2018-10-21 21:52:33,702:INFO: Epoch 28/30
2018-10-21 21:52:43,790:INFO: - Train metrics: accuracy: 0.845 ; loss: 0.337
2018-10-21 21:52:45,307:INFO: - Eval metrics : accuracy: 0.831 ; loss: 0.366
2018-10-21 21:52:45,344:INFO: Epoch 29/30
2018-10-21 21:52:55,175:INFO: - Train metrics: accuracy: 0.843 ; loss: 0.337
2018-10-21 21:52:56,632:INFO: - Eval metrics : accuracy: 0.832 ; loss: 0.365
2018-10-21 21:52:56,667:INFO: - Found new best accuracy
2018-10-21 21:52:56,667:INFO: Epoch 30/30
2018-10-21 21:53:06,778:INFO: - Train metrics: accuracy: 0.844 ; loss: 0.337
2018-10-21 21:53:08,309:INFO: - Eval metrics : accuracy: 0.832 ; loss: 0.365
2018-10-21 21:53:08,347:INFO: - Found new best accuracy
2018-10-21 21:53:08,347:INFO: Total time (minutes) =5.992759720484416
