2018-10-29 15:55:42,632:INFO: search_hyperparam_sample_name=top_qcd_jets_antikt_kt__40000_Njets_1024_batch
2018-10-29 15:55:42,633:INFO: ------------------------------------------------------------
2018-10-29 15:55:42,633:INFO: Loading the datasets...
2018-10-29 15:55:43,645:INFO: - done loading the datasets
2018-10-29 15:55:43,645:INFO: ------------------------------------------------------------
2018-10-29 15:55:45,163:INFO: Building optimizer...
2018-10-29 15:55:45,164:INFO: Starting training for 30 epoch(s)
2018-10-29 15:55:45,164:INFO: Epoch 1/30
2018-10-29 15:55:48,905:INFO: - Train metrics: accuracy: 0.519 ; loss: 1.946
2018-10-29 15:55:49,673:INFO: - Eval metrics : accuracy: 0.672 ; loss: 0.606
2018-10-29 15:55:49,684:INFO: - Found new best accuracy
2018-10-29 15:55:49,685:INFO: Epoch 2/30
2018-10-29 15:55:52,371:INFO: - Train metrics: accuracy: 0.688 ; loss: 0.597
2018-10-29 15:55:53,041:INFO: - Eval metrics : accuracy: 0.686 ; loss: 0.567
2018-10-29 15:55:53,082:INFO: - Found new best accuracy
2018-10-29 15:55:53,082:INFO: Epoch 3/30
2018-10-29 15:55:56,181:INFO: - Train metrics: accuracy: 0.695 ; loss: 0.567
2018-10-29 15:55:56,961:INFO: - Eval metrics : accuracy: 0.710 ; loss: 0.540
2018-10-29 15:55:56,996:INFO: - Found new best accuracy
2018-10-29 15:55:56,997:INFO: Epoch 4/30
2018-10-29 15:56:00,062:INFO: - Train metrics: accuracy: 0.729 ; loss: 0.538
2018-10-29 15:56:00,746:INFO: - Eval metrics : accuracy: 0.719 ; loss: 0.528
2018-10-29 15:56:00,785:INFO: - Found new best accuracy
2018-10-29 15:56:00,786:INFO: Epoch 5/30
2018-10-29 15:56:04,083:INFO: - Train metrics: accuracy: 0.746 ; loss: 0.523
2018-10-29 15:56:04,748:INFO: - Eval metrics : accuracy: 0.751 ; loss: 0.492
2018-10-29 15:56:04,783:INFO: - Found new best accuracy
2018-10-29 15:56:04,783:INFO: Epoch 6/30
2018-10-29 15:56:07,683:INFO: - Train metrics: accuracy: 0.775 ; loss: 0.484
2018-10-29 15:56:08,211:INFO: - Eval metrics : accuracy: 0.764 ; loss: 0.478
2018-10-29 15:56:08,247:INFO: - Found new best accuracy
2018-10-29 15:56:08,248:INFO: Epoch 7/30
2018-10-29 15:56:10,816:INFO: - Train metrics: accuracy: 0.772 ; loss: 0.465
2018-10-29 15:56:11,353:INFO: - Eval metrics : accuracy: 0.769 ; loss: 0.469
2018-10-29 15:56:11,395:INFO: - Found new best accuracy
2018-10-29 15:56:11,396:INFO: Epoch 8/30
2018-10-29 15:56:14,015:INFO: - Train metrics: accuracy: 0.788 ; loss: 0.457
2018-10-29 15:56:14,624:INFO: - Eval metrics : accuracy: 0.776 ; loss: 0.461
2018-10-29 15:56:14,660:INFO: - Found new best accuracy
2018-10-29 15:56:14,660:INFO: Epoch 9/30
2018-10-29 15:56:17,651:INFO: - Train metrics: accuracy: 0.788 ; loss: 0.447
2018-10-29 15:56:18,256:INFO: - Eval metrics : accuracy: 0.781 ; loss: 0.451
2018-10-29 15:56:18,295:INFO: - Found new best accuracy
2018-10-29 15:56:18,296:INFO: Epoch 10/30
2018-10-29 15:56:20,869:INFO: - Train metrics: accuracy: 0.796 ; loss: 0.436
2018-10-29 15:56:21,467:INFO: - Eval metrics : accuracy: 0.782 ; loss: 0.449
2018-10-29 15:56:21,497:INFO: - Found new best accuracy
2018-10-29 15:56:21,498:INFO: Epoch 11/30
2018-10-29 15:56:24,061:INFO: - Train metrics: accuracy: 0.797 ; loss: 0.437
2018-10-29 15:56:24,631:INFO: - Eval metrics : accuracy: 0.790 ; loss: 0.439
2018-10-29 15:56:24,666:INFO: - Found new best accuracy
2018-10-29 15:56:24,667:INFO: Epoch 12/30
2018-10-29 15:56:27,322:INFO: - Train metrics: accuracy: 0.799 ; loss: 0.419
2018-10-29 15:56:27,953:INFO: - Eval metrics : accuracy: 0.789 ; loss: 0.436
2018-10-29 15:56:27,985:INFO: Epoch 13/30
2018-10-29 15:56:30,727:INFO: - Train metrics: accuracy: 0.805 ; loss: 0.421
2018-10-29 15:56:31,460:INFO: - Eval metrics : accuracy: 0.792 ; loss: 0.433
2018-10-29 15:56:31,508:INFO: - Found new best accuracy
2018-10-29 15:56:31,509:INFO: Epoch 14/30
2018-10-29 15:56:34,329:INFO: - Train metrics: accuracy: 0.806 ; loss: 0.417
2018-10-29 15:56:34,850:INFO: - Eval metrics : accuracy: 0.793 ; loss: 0.431
2018-10-29 15:56:34,889:INFO: - Found new best accuracy
2018-10-29 15:56:34,889:INFO: Epoch 15/30
2018-10-29 15:56:37,577:INFO: - Train metrics: accuracy: 0.806 ; loss: 0.414
2018-10-29 15:56:38,054:INFO: - Eval metrics : accuracy: 0.795 ; loss: 0.428
2018-10-29 15:56:38,091:INFO: - Found new best accuracy
2018-10-29 15:56:38,092:INFO: Epoch 16/30
2018-10-29 15:56:40,985:INFO: - Train metrics: accuracy: 0.808 ; loss: 0.410
2018-10-29 15:56:41,529:INFO: - Eval metrics : accuracy: 0.796 ; loss: 0.426
2018-10-29 15:56:41,577:INFO: - Found new best accuracy
2018-10-29 15:56:41,578:INFO: Epoch 17/30
2018-10-29 15:56:44,149:INFO: - Train metrics: accuracy: 0.808 ; loss: 0.409
2018-10-29 15:56:44,803:INFO: - Eval metrics : accuracy: 0.797 ; loss: 0.425
2018-10-29 15:56:44,841:INFO: - Found new best accuracy
2018-10-29 15:56:44,842:INFO: Epoch 18/30
2018-10-29 15:56:47,108:INFO: - Train metrics: accuracy: 0.808 ; loss: 0.407
2018-10-29 15:56:47,628:INFO: - Eval metrics : accuracy: 0.798 ; loss: 0.424
2018-10-29 15:56:47,669:INFO: - Found new best accuracy
2018-10-29 15:56:47,669:INFO: Epoch 19/30
2018-10-29 15:56:50,331:INFO: - Train metrics: accuracy: 0.812 ; loss: 0.405
2018-10-29 15:56:50,865:INFO: - Eval metrics : accuracy: 0.798 ; loss: 0.423
2018-10-29 15:56:50,867:INFO: - Found new best accuracy
2018-10-29 15:56:50,868:INFO: Epoch 20/30
2018-10-29 15:56:53,131:INFO: - Train metrics: accuracy: 0.812 ; loss: 0.403
2018-10-29 15:56:53,573:INFO: - Eval metrics : accuracy: 0.799 ; loss: 0.422
2018-10-29 15:56:53,611:INFO: - Found new best accuracy
2018-10-29 15:56:53,612:INFO: Epoch 21/30
2018-10-29 15:56:56,227:INFO: - Train metrics: accuracy: 0.812 ; loss: 0.403
2018-10-29 15:56:56,744:INFO: - Eval metrics : accuracy: 0.799 ; loss: 0.421
2018-10-29 15:56:56,772:INFO: - Found new best accuracy
2018-10-29 15:56:56,772:INFO: Epoch 22/30
2018-10-29 15:56:58,960:INFO: - Train metrics: accuracy: 0.812 ; loss: 0.403
2018-10-29 15:56:59,399:INFO: - Eval metrics : accuracy: 0.798 ; loss: 0.421
2018-10-29 15:56:59,441:INFO: Epoch 23/30
2018-10-29 15:57:01,838:INFO: - Train metrics: accuracy: 0.812 ; loss: 0.404
2018-10-29 15:57:02,362:INFO: - Eval metrics : accuracy: 0.798 ; loss: 0.420
2018-10-29 15:57:02,397:INFO: Epoch 24/30
2018-10-29 15:57:04,752:INFO: - Train metrics: accuracy: 0.813 ; loss: 0.403
2018-10-29 15:57:05,183:INFO: - Eval metrics : accuracy: 0.799 ; loss: 0.420
2018-10-29 15:57:05,216:INFO: Epoch 25/30
2018-10-29 15:57:07,460:INFO: - Train metrics: accuracy: 0.816 ; loss: 0.402
2018-10-29 15:57:07,905:INFO: - Eval metrics : accuracy: 0.800 ; loss: 0.419
2018-10-29 15:57:07,940:INFO: - Found new best accuracy
2018-10-29 15:57:07,940:INFO: Epoch 26/30
2018-10-29 15:57:10,461:INFO: - Train metrics: accuracy: 0.815 ; loss: 0.400
2018-10-29 15:57:10,981:INFO: - Eval metrics : accuracy: 0.800 ; loss: 0.419
2018-10-29 15:57:10,983:INFO: - Found new best accuracy
2018-10-29 15:57:10,983:INFO: Epoch 27/30
2018-10-29 15:57:13,229:INFO: - Train metrics: accuracy: 0.815 ; loss: 0.398
2018-10-29 15:57:13,663:INFO: - Eval metrics : accuracy: 0.800 ; loss: 0.419
2018-10-29 15:57:13,703:INFO: Epoch 28/30
2018-10-29 15:57:15,933:INFO: - Train metrics: accuracy: 0.816 ; loss: 0.396
2018-10-29 15:57:16,374:INFO: - Eval metrics : accuracy: 0.800 ; loss: 0.418
2018-10-29 15:57:16,376:INFO: Epoch 29/30
2018-10-29 15:57:19,010:INFO: - Train metrics: accuracy: 0.815 ; loss: 0.396
2018-10-29 15:57:19,526:INFO: - Eval metrics : accuracy: 0.799 ; loss: 0.418
2018-10-29 15:57:19,558:INFO: Epoch 30/30
2018-10-29 15:57:21,780:INFO: - Train metrics: accuracy: 0.817 ; loss: 0.395
2018-10-29 15:57:22,221:INFO: - Eval metrics : accuracy: 0.801 ; loss: 0.418
2018-10-29 15:57:22,256:INFO: - Found new best accuracy
2018-10-29 15:57:22,256:INFO: Total time (minutes) =1.6604033549626669
