2018-10-29 21:22:31,397:INFO: Loading the dataset ...
2018-10-29 21:22:32,015:INFO: - done.
2018-10-29 21:22:33,719:INFO: Starting evaluation
2018-10-29 21:22:38,268:INFO: Labels=[1. 0. 0. 0. 1. 0. 0. 1. 1. 0.]
2018-10-29 21:22:38,269:INFO: Out prob=[1. 1. 1. 1. 1. 1. 1. 1. 1. 1.]
2018-10-29 21:22:38,269:INFO: ------------------------------------------------------------------------------------------------------------------------
2018-10-29 21:22:38,269:INFO: len labels after =32000
2018-10-29 21:22:38,269:INFO: len out_prob after32000
2018-10-29 21:22:38,269:INFO: length y_test=32000
2018-10-29 21:22:38,269:INFO: Lenght y_score=32000
2018-10-29 21:22:38,272:INFO: Length y_score 32000
2018-10-29 21:22:38,272:INFO: Length y_test 32000
2018-10-29 21:22:38,272:INFO: Thresholds[0:6] = 
 [2. 1.]
2018-10-29 21:22:38,272:INFO: Thresholds lenght = 
2
2018-10-29 21:22:38,272:INFO: fpr lenght2
2018-10-29 21:22:38,272:INFO: tpr lenght2
2018-10-29 21:22:38,272:INFO: ------------------------------------------------------------------------------------------------------------------------
2018-10-29 21:22:38,276:INFO: roc_auc=0.5
2018-10-29 21:22:38,276:INFO: ------------------------------------------------------------------------------------------------------------------------
2018-10-29 21:22:38,276:INFO: - Eval metrics : accuracy: 0.49997 ; loss: 13.81637
