2018-10-30 22:53:49,061:INFO: Loading the dataset ...
2018-10-30 22:53:50,190:INFO: - done.
2018-10-30 22:53:51,855:INFO: Starting evaluation
2018-10-30 22:54:01,746:INFO: Labels=[1. 1. 1. 1. 1. 1. 0. 0. 1. 0.]
2018-10-30 22:54:01,746:INFO: Out prob=[9.88686204e-01 9.69834089e-01 9.11863089e-01 9.94517148e-01
 9.99388337e-01 9.99182165e-01 1.48260558e-04 7.45605230e-02
 9.70165431e-01 1.16270829e-04]
2018-10-30 22:54:01,746:INFO: ------------------------------------------------------------------------------------------------------------------------
2018-10-30 22:54:01,746:INFO: len labels after =64000
2018-10-30 22:54:01,747:INFO: len out_prob after64000
2018-10-30 22:54:01,747:INFO: length y_test=64000
2018-10-30 22:54:01,747:INFO: Lenght y_score=64000
2018-10-30 22:54:01,758:INFO: Length y_score 64000
2018-10-30 22:54:01,758:INFO: Length y_test 64000
2018-10-30 22:54:01,758:INFO: Thresholds[0:6] = 
 [0.99999595 0.99999237 0.99999142 0.99998927 0.99998891 0.99998832]
2018-10-30 22:54:01,758:INFO: Thresholds lenght = 
62093
2018-10-30 22:54:01,758:INFO: fpr lenght62093
2018-10-30 22:54:01,758:INFO: tpr lenght62093
2018-10-30 22:54:01,941:INFO: ------------------------------------------------------------------------------------------------------------------------
2018-10-30 22:54:01,957:INFO: roc_auc=0.9850557314307186
2018-10-30 22:54:01,957:INFO: ------------------------------------------------------------------------------------------------------------------------
2018-10-30 22:54:01,959:INFO: - Eval metrics : accuracy: 0.93931 ; loss: 0.15252
