2018-10-30 22:18:47,889:INFO: search_hyperparam_sample_name=top_qcd_jets_antikt_kt__160000_Njets_128_batch
2018-10-30 22:18:47,890:INFO: ------------------------------------------------------------
2018-10-30 22:18:47,890:INFO: Loading the datasets...
2018-10-30 22:18:52,171:INFO: - done loading the datasets
2018-10-30 22:18:52,171:INFO: ------------------------------------------------------------
2018-10-30 22:18:53,706:INFO: Building optimizer...
2018-10-30 22:18:53,707:INFO: Starting training for 40 epoch(s)
2018-10-30 22:18:53,707:INFO: Epoch 1/40
2018-10-30 22:19:38,561:INFO: - Train metrics: accuracy: 0.751 ; loss: 0.511
2018-10-30 22:19:47,372:INFO: - Eval metrics : accuracy: 0.747 ; loss: 0.508
2018-10-30 22:19:47,382:INFO: - Found new best accuracy
2018-10-30 22:19:47,382:INFO: Epoch 2/40
2018-10-30 22:20:29,744:INFO: - Train metrics: accuracy: 0.794 ; loss: 0.415
2018-10-30 22:20:39,248:INFO: - Eval metrics : accuracy: 0.761 ; loss: 0.477
2018-10-30 22:20:39,284:INFO: - Found new best accuracy
2018-10-30 22:20:39,285:INFO: Epoch 3/40
2018-10-30 22:21:26,267:INFO: - Train metrics: accuracy: 0.809 ; loss: 0.397
2018-10-30 22:21:35,691:INFO: - Eval metrics : accuracy: 0.783 ; loss: 0.447
2018-10-30 22:21:35,694:INFO: - Found new best accuracy
2018-10-30 22:21:35,694:INFO: Epoch 4/40
2018-10-30 22:22:20,677:INFO: - Train metrics: accuracy: 0.861 ; loss: 0.314
2018-10-30 22:22:30,158:INFO: - Eval metrics : accuracy: 0.900 ; loss: 0.242
2018-10-30 22:22:30,199:INFO: - Found new best accuracy
2018-10-30 22:22:30,199:INFO: Epoch 5/40
2018-10-30 22:23:16,931:INFO: - Train metrics: accuracy: 0.907 ; loss: 0.221
2018-10-30 22:23:25,544:INFO: - Eval metrics : accuracy: 0.910 ; loss: 0.215
2018-10-30 22:23:25,585:INFO: - Found new best accuracy
2018-10-30 22:23:25,586:INFO: Epoch 6/40
2018-10-30 22:24:11,536:INFO: - Train metrics: accuracy: 0.915 ; loss: 0.208
2018-10-30 22:24:20,055:INFO: - Eval metrics : accuracy: 0.917 ; loss: 0.199
2018-10-30 22:24:20,089:INFO: - Found new best accuracy
2018-10-30 22:24:20,090:INFO: Epoch 7/40
2018-10-30 22:25:06,682:INFO: - Train metrics: accuracy: 0.924 ; loss: 0.188
2018-10-30 22:25:15,224:INFO: - Eval metrics : accuracy: 0.918 ; loss: 0.196
2018-10-30 22:25:15,264:INFO: - Found new best accuracy
2018-10-30 22:25:15,265:INFO: Epoch 8/40
2018-10-30 22:26:00,646:INFO: - Train metrics: accuracy: 0.926 ; loss: 0.196
2018-10-30 22:26:09,204:INFO: - Eval metrics : accuracy: 0.920 ; loss: 0.194
2018-10-30 22:26:09,243:INFO: - Found new best accuracy
2018-10-30 22:26:09,244:INFO: Epoch 9/40
2018-10-30 22:26:56,572:INFO: - Train metrics: accuracy: 0.923 ; loss: 0.192
2018-10-30 22:27:06,344:INFO: - Eval metrics : accuracy: 0.919 ; loss: 0.192
2018-10-30 22:27:06,385:INFO: Epoch 10/40
2018-10-30 22:27:52,826:INFO: - Train metrics: accuracy: 0.930 ; loss: 0.186
2018-10-30 22:28:01,061:INFO: - Eval metrics : accuracy: 0.923 ; loss: 0.186
2018-10-30 22:28:01,064:INFO: - Found new best accuracy
2018-10-30 22:28:01,064:INFO: Epoch 11/40
2018-10-30 22:28:48,480:INFO: - Train metrics: accuracy: 0.931 ; loss: 0.184
2018-10-30 22:28:57,125:INFO: - Eval metrics : accuracy: 0.929 ; loss: 0.174
2018-10-30 22:28:57,165:INFO: - Found new best accuracy
2018-10-30 22:28:57,166:INFO: Epoch 12/40
2018-10-30 22:29:42,429:INFO: - Train metrics: accuracy: 0.932 ; loss: 0.177
2018-10-30 22:29:51,073:INFO: - Eval metrics : accuracy: 0.933 ; loss: 0.167
2018-10-30 22:29:51,110:INFO: - Found new best accuracy
2018-10-30 22:29:51,111:INFO: Epoch 13/40
2018-10-30 22:30:36,628:INFO: - Train metrics: accuracy: 0.926 ; loss: 0.178
2018-10-30 22:30:45,187:INFO: - Eval metrics : accuracy: 0.935 ; loss: 0.163
2018-10-30 22:30:45,223:INFO: - Found new best accuracy
2018-10-30 22:30:45,224:INFO: Epoch 14/40
2018-10-30 22:31:29,423:INFO: - Train metrics: accuracy: 0.929 ; loss: 0.175
2018-10-30 22:31:39,036:INFO: - Eval metrics : accuracy: 0.934 ; loss: 0.164
2018-10-30 22:31:39,064:INFO: Epoch 15/40
2018-10-30 22:32:23,594:INFO: - Train metrics: accuracy: 0.933 ; loss: 0.172
2018-10-30 22:32:33,066:INFO: - Eval metrics : accuracy: 0.935 ; loss: 0.162
2018-10-30 22:32:33,106:INFO: Epoch 16/40
2018-10-30 22:33:17,298:INFO: - Train metrics: accuracy: 0.930 ; loss: 0.171
2018-10-30 22:33:26,390:INFO: - Eval metrics : accuracy: 0.936 ; loss: 0.160
2018-10-30 22:33:26,426:INFO: - Found new best accuracy
2018-10-30 22:33:26,427:INFO: Epoch 17/40
2018-10-30 22:34:09,677:INFO: - Train metrics: accuracy: 0.934 ; loss: 0.169
2018-10-30 22:34:18,176:INFO: - Eval metrics : accuracy: 0.935 ; loss: 0.161
2018-10-30 22:34:18,205:INFO: Epoch 18/40
2018-10-30 22:35:01,141:INFO: - Train metrics: accuracy: 0.938 ; loss: 0.165
2018-10-30 22:35:09,635:INFO: - Eval metrics : accuracy: 0.936 ; loss: 0.159
2018-10-30 22:35:09,638:INFO: - Found new best accuracy
2018-10-30 22:35:09,639:INFO: Epoch 19/40
2018-10-30 22:35:54,265:INFO: - Train metrics: accuracy: 0.938 ; loss: 0.165
2018-10-30 22:36:02,862:INFO: - Eval metrics : accuracy: 0.936 ; loss: 0.159
2018-10-30 22:36:02,913:INFO: Epoch 20/40
2018-10-30 22:36:48,395:INFO: - Train metrics: accuracy: 0.938 ; loss: 0.164
2018-10-30 22:36:57,768:INFO: - Eval metrics : accuracy: 0.935 ; loss: 0.159
2018-10-30 22:36:57,790:INFO: Epoch 21/40
2018-10-30 22:37:39,840:INFO: - Train metrics: accuracy: 0.936 ; loss: 0.163
2018-10-30 22:37:49,430:INFO: - Eval metrics : accuracy: 0.935 ; loss: 0.159
2018-10-30 22:37:49,466:INFO: Epoch 22/40
2018-10-30 22:38:33,206:INFO: - Train metrics: accuracy: 0.937 ; loss: 0.162
2018-10-30 22:38:41,919:INFO: - Eval metrics : accuracy: 0.936 ; loss: 0.159
2018-10-30 22:38:41,958:INFO: Epoch 23/40
2018-10-30 22:39:29,113:INFO: - Train metrics: accuracy: 0.936 ; loss: 0.161
2018-10-30 22:39:38,122:INFO: - Eval metrics : accuracy: 0.936 ; loss: 0.157
2018-10-30 22:39:38,163:INFO: - Found new best accuracy
2018-10-30 22:39:38,164:INFO: Epoch 24/40
2018-10-30 22:40:22,289:INFO: - Train metrics: accuracy: 0.938 ; loss: 0.160
2018-10-30 22:40:31,630:INFO: - Eval metrics : accuracy: 0.937 ; loss: 0.156
2018-10-30 22:40:31,657:INFO: - Found new best accuracy
2018-10-30 22:40:31,658:INFO: Epoch 25/40
2018-10-30 22:41:16,650:INFO: - Train metrics: accuracy: 0.937 ; loss: 0.160
2018-10-30 22:41:25,287:INFO: - Eval metrics : accuracy: 0.937 ; loss: 0.156
2018-10-30 22:41:25,328:INFO: - Found new best accuracy
2018-10-30 22:41:25,328:INFO: Epoch 26/40
2018-10-30 22:42:08,854:INFO: - Train metrics: accuracy: 0.938 ; loss: 0.159
2018-10-30 22:42:17,609:INFO: - Eval metrics : accuracy: 0.937 ; loss: 0.156
2018-10-30 22:42:17,656:INFO: Epoch 27/40
2018-10-30 22:42:56,574:INFO: - Train metrics: accuracy: 0.939 ; loss: 0.159
2018-10-30 22:43:05,144:INFO: - Eval metrics : accuracy: 0.937 ; loss: 0.156
2018-10-30 22:43:05,186:INFO: - Found new best accuracy
2018-10-30 22:43:05,186:INFO: Epoch 28/40
2018-10-30 22:43:46,442:INFO: - Train metrics: accuracy: 0.938 ; loss: 0.158
2018-10-30 22:43:55,048:INFO: - Eval metrics : accuracy: 0.938 ; loss: 0.156
2018-10-30 22:43:55,088:INFO: - Found new best accuracy
2018-10-30 22:43:55,089:INFO: Epoch 29/40
2018-10-30 22:44:35,148:INFO: - Train metrics: accuracy: 0.940 ; loss: 0.158
2018-10-30 22:44:43,953:INFO: - Eval metrics : accuracy: 0.938 ; loss: 0.155
2018-10-30 22:44:43,991:INFO: - Found new best accuracy
2018-10-30 22:44:43,992:INFO: Epoch 30/40
2018-10-30 22:45:22,827:INFO: - Train metrics: accuracy: 0.939 ; loss: 0.157
2018-10-30 22:45:31,460:INFO: - Eval metrics : accuracy: 0.938 ; loss: 0.154
2018-10-30 22:45:31,506:INFO: - Found new best accuracy
2018-10-30 22:45:31,507:INFO: Epoch 31/40
2018-10-30 22:46:12,481:INFO: - Train metrics: accuracy: 0.940 ; loss: 0.157
2018-10-30 22:46:21,013:INFO: - Eval metrics : accuracy: 0.938 ; loss: 0.154
2018-10-30 22:46:21,049:INFO: - Found new best accuracy
2018-10-30 22:46:21,050:INFO: Epoch 32/40
2018-10-30 22:47:01,860:INFO: - Train metrics: accuracy: 0.941 ; loss: 0.157
2018-10-30 22:47:10,549:INFO: - Eval metrics : accuracy: 0.938 ; loss: 0.153
2018-10-30 22:47:10,552:INFO: Epoch 33/40
2018-10-30 22:47:53,138:INFO: - Train metrics: accuracy: 0.941 ; loss: 0.157
2018-10-30 22:48:01,653:INFO: - Eval metrics : accuracy: 0.938 ; loss: 0.153
2018-10-30 22:48:01,707:INFO: Epoch 34/40
2018-10-30 22:48:44,583:INFO: - Train metrics: accuracy: 0.941 ; loss: 0.156
2018-10-30 22:48:53,130:INFO: - Eval metrics : accuracy: 0.938 ; loss: 0.153
2018-10-30 22:48:53,157:INFO: Epoch 35/40
2018-10-30 22:49:34,738:INFO: - Train metrics: accuracy: 0.941 ; loss: 0.156
2018-10-30 22:49:43,617:INFO: - Eval metrics : accuracy: 0.938 ; loss: 0.153
2018-10-30 22:49:43,654:INFO: Epoch 36/40
2018-10-30 22:50:24,496:INFO: - Train metrics: accuracy: 0.943 ; loss: 0.156
2018-10-30 22:50:33,212:INFO: - Eval metrics : accuracy: 0.938 ; loss: 0.153
2018-10-30 22:50:33,251:INFO: Epoch 37/40
2018-10-30 22:51:13,988:INFO: - Train metrics: accuracy: 0.943 ; loss: 0.156
2018-10-30 22:51:22,525:INFO: - Eval metrics : accuracy: 0.938 ; loss: 0.153
2018-10-30 22:51:22,560:INFO: - Found new best accuracy
2018-10-30 22:51:22,560:INFO: Epoch 38/40
2018-10-30 22:52:02,678:INFO: - Train metrics: accuracy: 0.943 ; loss: 0.155
2018-10-30 22:52:11,310:INFO: - Eval metrics : accuracy: 0.938 ; loss: 0.153
2018-10-30 22:52:11,349:INFO: Epoch 39/40
2018-10-30 22:52:49,833:INFO: - Train metrics: accuracy: 0.943 ; loss: 0.155
2018-10-30 22:52:58,455:INFO: - Eval metrics : accuracy: 0.938 ; loss: 0.153
2018-10-30 22:52:58,487:INFO: - Found new best accuracy
2018-10-30 22:52:58,488:INFO: Epoch 40/40
2018-10-30 22:53:38,365:INFO: - Train metrics: accuracy: 0.942 ; loss: 0.155
2018-10-30 22:53:46,943:INFO: - Eval metrics : accuracy: 0.938 ; loss: 0.153
2018-10-30 22:53:46,982:INFO: Total time (minutes) =34.98487904071808
