2018-10-21 18:31:38,519:INFO: Loading the dataset ...
2018-10-21 18:31:38,847:INFO: - done.
2018-10-21 18:31:42,916:INFO: Starting evaluation
2018-10-21 18:31:48,111:INFO: Labels=[0. 0. 1. 0. 0. 0. 0. 1. 0. 1.]
2018-10-21 18:31:48,112:INFO: Out prob=[0.24545559 0.22065064 0.31051198 0.63170266 0.64907044 0.00166236
 0.08647388 0.82620114 0.58612603 0.91973501]
2018-10-21 18:31:48,112:INFO: ------------------------------------------------------------------------------------------------------------------------
2018-10-21 18:31:48,112:INFO: len labels after =15872
2018-10-21 18:31:48,112:INFO: len out_prob after15872
2018-10-21 18:31:48,112:INFO: length y_test=15872
2018-10-21 18:31:48,112:INFO: Lenght y_score=15872
2018-10-21 18:31:48,115:INFO: Length y_score 15872
2018-10-21 18:31:48,115:INFO: Length y_test 15872
2018-10-21 18:31:48,115:INFO: Thresholds[0:6] = 
 [0.99813652 0.99743241 0.99673909 0.99599707 0.9948566  0.99481153]
2018-10-21 18:31:48,115:INFO: Thresholds lenght = 
15867
2018-10-21 18:31:48,115:INFO: fpr lenght15867
2018-10-21 18:31:48,115:INFO: tpr lenght15867
2018-10-21 18:31:48,171:INFO: ------------------------------------------------------------------------------------------------------------------------
2018-10-21 18:31:48,174:INFO: roc_auc=0.8815319763882226
2018-10-21 18:31:48,174:INFO: ------------------------------------------------------------------------------------------------------------------------
2018-10-21 18:31:48,175:INFO: - Eval metrics : accuracy: 0.805 ; loss: 0.425
