2018-10-21 18:11:27,091:INFO: sample_name=top_qcd_jets_antikt_kt__40000_Njets_256_batch
2018-10-21 18:11:27,092:INFO: ------------------------------------------------------------
2018-10-21 18:11:27,092:INFO: Loading the datasets...
2018-10-21 18:11:28,356:INFO: - done loading the datasets
2018-10-21 18:11:28,356:INFO: ------------------------------------------------------------
2018-10-21 18:11:32,074:INFO: Building optimizer...
2018-10-21 18:11:32,075:INFO: Starting training for 30 epoch(s)
2018-10-21 18:11:32,075:INFO: Epoch 1/30
2018-10-21 18:12:09,970:INFO: - Train metrics: accuracy: 0.533 ; loss: 0.778
2018-10-21 18:12:15,074:INFO: - Eval metrics : accuracy: 0.507 ; loss: 0.693
2018-10-21 18:12:15,130:INFO: - Found new best accuracy
2018-10-21 18:12:15,131:INFO: Epoch 2/30
2018-10-21 18:12:52,583:INFO: - Train metrics: accuracy: 0.496 ; loss: 0.716
2018-10-21 18:12:56,738:INFO: - Eval metrics : accuracy: 0.537 ; loss: 0.689
2018-10-21 18:12:56,778:INFO: - Found new best accuracy
2018-10-21 18:12:56,779:INFO: Epoch 3/30
2018-10-21 18:13:31,454:INFO: - Train metrics: accuracy: 0.594 ; loss: 0.624
2018-10-21 18:13:36,595:INFO: - Eval metrics : accuracy: 0.733 ; loss: 0.539
2018-10-21 18:13:36,634:INFO: - Found new best accuracy
2018-10-21 18:13:36,635:INFO: Epoch 4/30
2018-10-21 18:14:13,699:INFO: - Train metrics: accuracy: 0.773 ; loss: 0.479
2018-10-21 18:14:17,842:INFO: - Eval metrics : accuracy: 0.787 ; loss: 0.484
2018-10-21 18:14:17,886:INFO: - Found new best accuracy
2018-10-21 18:14:17,887:INFO: Epoch 5/30
2018-10-21 18:14:52,959:INFO: - Train metrics: accuracy: 0.750 ; loss: 0.519
2018-10-21 18:14:57,089:INFO: - Eval metrics : accuracy: 0.756 ; loss: 0.521
2018-10-21 18:14:57,117:INFO: Epoch 6/30
2018-10-21 18:15:32,045:INFO: - Train metrics: accuracy: 0.791 ; loss: 0.453
2018-10-21 18:15:36,198:INFO: - Eval metrics : accuracy: 0.792 ; loss: 0.463
2018-10-21 18:15:36,235:INFO: - Found new best accuracy
2018-10-21 18:15:36,236:INFO: Epoch 7/30
2018-10-21 18:16:10,908:INFO: - Train metrics: accuracy: 0.809 ; loss: 0.418
2018-10-21 18:16:15,069:INFO: - Eval metrics : accuracy: 0.796 ; loss: 0.455
2018-10-21 18:16:15,109:INFO: - Found new best accuracy
2018-10-21 18:16:15,110:INFO: Epoch 8/30
2018-10-21 18:16:52,022:INFO: - Train metrics: accuracy: 0.814 ; loss: 0.420
2018-10-21 18:16:56,143:INFO: - Eval metrics : accuracy: 0.800 ; loss: 0.440
2018-10-21 18:16:56,184:INFO: - Found new best accuracy
2018-10-21 18:16:56,185:INFO: Epoch 9/30
2018-10-21 18:17:32,672:INFO: - Train metrics: accuracy: 0.812 ; loss: 0.407
2018-10-21 18:17:36,848:INFO: - Eval metrics : accuracy: 0.799 ; loss: 0.437
2018-10-21 18:17:36,885:INFO: Epoch 10/30
2018-10-21 18:18:11,825:INFO: - Train metrics: accuracy: 0.814 ; loss: 0.402
2018-10-21 18:18:16,004:INFO: - Eval metrics : accuracy: 0.796 ; loss: 0.449
2018-10-21 18:18:16,060:INFO: Epoch 11/30
2018-10-21 18:18:53,013:INFO: - Train metrics: accuracy: 0.809 ; loss: 0.407
2018-10-21 18:18:57,156:INFO: - Eval metrics : accuracy: 0.800 ; loss: 0.437
2018-10-21 18:18:57,189:INFO: - Found new best accuracy
2018-10-21 18:18:57,189:INFO: Epoch 12/30
2018-10-21 18:19:34,110:INFO: - Train metrics: accuracy: 0.807 ; loss: 0.402
2018-10-21 18:19:39,316:INFO: - Eval metrics : accuracy: 0.800 ; loss: 0.437
2018-10-21 18:19:39,352:INFO: Epoch 13/30
2018-10-21 18:20:15,520:INFO: - Train metrics: accuracy: 0.809 ; loss: 0.402
2018-10-21 18:20:20,770:INFO: - Eval metrics : accuracy: 0.800 ; loss: 0.436
2018-10-21 18:20:20,810:INFO: Epoch 14/30
2018-10-21 18:20:57,122:INFO: - Train metrics: accuracy: 0.809 ; loss: 0.401
2018-10-21 18:21:01,285:INFO: - Eval metrics : accuracy: 0.801 ; loss: 0.436
2018-10-21 18:21:01,324:INFO: - Found new best accuracy
2018-10-21 18:21:01,325:INFO: Epoch 15/30
2018-10-21 18:21:39,068:INFO: - Train metrics: accuracy: 0.803 ; loss: 0.402
2018-10-21 18:21:44,228:INFO: - Eval metrics : accuracy: 0.802 ; loss: 0.433
2018-10-21 18:21:44,232:INFO: - Found new best accuracy
2018-10-21 18:21:44,232:INFO: Epoch 16/30
2018-10-21 18:22:20,396:INFO: - Train metrics: accuracy: 0.805 ; loss: 0.398
2018-10-21 18:22:24,495:INFO: - Eval metrics : accuracy: 0.802 ; loss: 0.430
2018-10-21 18:22:24,498:INFO: - Found new best accuracy
2018-10-21 18:22:24,499:INFO: Epoch 17/30
2018-10-21 18:23:00,482:INFO: - Train metrics: accuracy: 0.811 ; loss: 0.395
2018-10-21 18:23:04,631:INFO: - Eval metrics : accuracy: 0.802 ; loss: 0.429
2018-10-21 18:23:04,634:INFO: Epoch 18/30
2018-10-21 18:23:38,334:INFO: - Train metrics: accuracy: 0.812 ; loss: 0.396
2018-10-21 18:23:42,482:INFO: - Eval metrics : accuracy: 0.803 ; loss: 0.428
2018-10-21 18:23:42,525:INFO: - Found new best accuracy
2018-10-21 18:23:42,525:INFO: Epoch 19/30
2018-10-21 18:24:16,192:INFO: - Train metrics: accuracy: 0.816 ; loss: 0.397
2018-10-21 18:24:20,469:INFO: - Eval metrics : accuracy: 0.804 ; loss: 0.427
2018-10-21 18:24:20,472:INFO: - Found new best accuracy
2018-10-21 18:24:20,472:INFO: Epoch 20/30
2018-10-21 18:24:55,992:INFO: - Train metrics: accuracy: 0.814 ; loss: 0.397
2018-10-21 18:25:00,411:INFO: - Eval metrics : accuracy: 0.803 ; loss: 0.427
2018-10-21 18:25:00,437:INFO: Epoch 21/30
2018-10-21 18:25:35,131:INFO: - Train metrics: accuracy: 0.818 ; loss: 0.396
2018-10-21 18:25:40,072:INFO: - Eval metrics : accuracy: 0.804 ; loss: 0.427
2018-10-21 18:25:40,111:INFO: - Found new best accuracy
2018-10-21 18:25:40,111:INFO: Epoch 22/30
2018-10-21 18:26:15,306:INFO: - Train metrics: accuracy: 0.816 ; loss: 0.395
2018-10-21 18:26:20,552:INFO: - Eval metrics : accuracy: 0.804 ; loss: 0.426
2018-10-21 18:26:20,594:INFO: Epoch 23/30
2018-10-21 18:26:54,980:INFO: - Train metrics: accuracy: 0.818 ; loss: 0.394
2018-10-21 18:27:00,184:INFO: - Eval metrics : accuracy: 0.804 ; loss: 0.426
2018-10-21 18:27:00,222:INFO: Epoch 24/30
2018-10-21 18:27:35,338:INFO: - Train metrics: accuracy: 0.818 ; loss: 0.394
2018-10-21 18:27:39,488:INFO: - Eval metrics : accuracy: 0.804 ; loss: 0.426
2018-10-21 18:27:39,526:INFO: Epoch 25/30
2018-10-21 18:28:14,525:INFO: - Train metrics: accuracy: 0.818 ; loss: 0.394
2018-10-21 18:28:18,669:INFO: - Eval metrics : accuracy: 0.804 ; loss: 0.426
2018-10-21 18:28:18,705:INFO: Epoch 26/30
2018-10-21 18:28:55,231:INFO: - Train metrics: accuracy: 0.818 ; loss: 0.394
2018-10-21 18:29:00,474:INFO: - Eval metrics : accuracy: 0.804 ; loss: 0.426
2018-10-21 18:29:00,509:INFO: Epoch 27/30
2018-10-21 18:29:36,079:INFO: - Train metrics: accuracy: 0.820 ; loss: 0.393
2018-10-21 18:29:40,234:INFO: - Eval metrics : accuracy: 0.804 ; loss: 0.426
2018-10-21 18:29:40,277:INFO: Epoch 28/30
2018-10-21 18:30:14,349:INFO: - Train metrics: accuracy: 0.818 ; loss: 0.393
2018-10-21 18:30:19,355:INFO: - Eval metrics : accuracy: 0.803 ; loss: 0.426
2018-10-21 18:30:19,359:INFO: Epoch 29/30
2018-10-21 18:30:54,198:INFO: - Train metrics: accuracy: 0.818 ; loss: 0.393
2018-10-21 18:30:58,416:INFO: - Eval metrics : accuracy: 0.803 ; loss: 0.426
2018-10-21 18:30:58,462:INFO: Epoch 30/30
2018-10-21 18:31:32,357:INFO: - Train metrics: accuracy: 0.820 ; loss: 0.393
2018-10-21 18:31:36,554:INFO: - Eval metrics : accuracy: 0.804 ; loss: 0.426
2018-10-21 18:31:36,588:INFO: Total time (minutes) =20.158285959561667
