2018-11-01 14:14:04,264:INFO: search_hyperparam_sample_name=top_qcd_jets_antikt_kt__80000_Njets_128_batch7_features
2018-11-01 14:14:04,266:INFO: Number of jet files for ttbar=200
2018-11-01 14:14:04,266:INFO: Loading ttbar jet files... 
2018-11-01 14:14:04,267:INFO: ttbar files list = ['tree_httv2_ttbar_DelphesPythia8_nompi_0.dat', 'tree_httv2_ttbar_DelphesPythia8_nompi_1.dat', 'tree_httv2_ttbar_DelphesPythia8_nompi_10.dat', 'tree_httv2_ttbar_DelphesPythia8_nompi_100.dat', 'tree_httv2_ttbar_DelphesPythia8_nompi_101.dat', 'tree_httv2_ttbar_DelphesPythia8_nompi_102.dat', 'tree_httv2_ttbar_DelphesPythia8_nompi_103.dat', 'tree_httv2_ttbar_DelphesPythia8_nompi_104.dat', 'tree_httv2_ttbar_DelphesPythia8_nompi_105.dat', 'tree_httv2_ttbar_DelphesPythia8_nompi_106.dat', 'tree_httv2_ttbar_DelphesPythia8_nompi_107.dat', 'tree_httv2_ttbar_DelphesPythia8_nompi_108.dat', 'tree_httv2_ttbar_DelphesPythia8_nompi_109.dat', 'tree_httv2_ttbar_DelphesPythia8_nompi_11.dat', 'tree_httv2_ttbar_DelphesPythia8_nompi_110.dat', 'tree_httv2_ttbar_DelphesPythia8_nompi_111.dat', 'tree_httv2_ttbar_DelphesPythia8_nompi_112.dat', 'tree_httv2_ttbar_DelphesPythia8_nompi_113.dat', 'tree_httv2_ttbar_DelphesPythia8_nompi_114.dat', 'tree_httv2_ttbar_DelphesPythia8_nompi_115.dat', 'tree_httv2_ttbar_DelphesPythia8_nompi_116.dat', 'tree_httv2_ttbar_DelphesPythia8_nompi_117.dat', 'tree_httv2_ttbar_DelphesPythia8_nompi_118.dat', 'tree_httv2_ttbar_DelphesPythia8_nompi_119.dat', 'tree_httv2_ttbar_DelphesPythia8_nompi_12.dat', 'tree_httv2_ttbar_DelphesPythia8_nompi_120.dat', 'tree_httv2_ttbar_DelphesPythia8_nompi_121.dat', 'tree_httv2_ttbar_DelphesPythia8_nompi_122.dat', 'tree_httv2_ttbar_DelphesPythia8_nompi_123.dat', 'tree_httv2_ttbar_DelphesPythia8_nompi_124.dat', 'tree_httv2_ttbar_DelphesPythia8_nompi_125.dat', 'tree_httv2_ttbar_DelphesPythia8_nompi_126.dat', 'tree_httv2_ttbar_DelphesPythia8_nompi_127.dat', 'tree_httv2_ttbar_DelphesPythia8_nompi_128.dat', 'tree_httv2_ttbar_DelphesPythia8_nompi_129.dat', 'tree_httv2_ttbar_DelphesPythia8_nompi_13.dat', 'tree_httv2_ttbar_DelphesPythia8_nompi_130.dat', 'tree_httv2_ttbar_DelphesPythia8_nompi_131.dat', 'tree_httv2_ttbar_DelphesPythia8_nompi_132.dat', 'tree_httv2_ttbar_DelphesPythia8_nompi_133.dat', 'tree_httv2_ttbar_DelphesPythia8_nompi_134.dat', 'tree_httv2_ttbar_DelphesPythia8_nompi_135.dat', 'tree_httv2_ttbar_DelphesPythia8_nompi_136.dat', 'tree_httv2_ttbar_DelphesPythia8_nompi_137.dat', 'tree_httv2_ttbar_DelphesPythia8_nompi_138.dat', 'tree_httv2_ttbar_DelphesPythia8_nompi_139.dat', 'tree_httv2_ttbar_DelphesPythia8_nompi_14.dat', 'tree_httv2_ttbar_DelphesPythia8_nompi_140.dat', 'tree_httv2_ttbar_DelphesPythia8_nompi_141.dat', 'tree_httv2_ttbar_DelphesPythia8_nompi_142.dat', 'tree_httv2_ttbar_DelphesPythia8_nompi_143.dat', 'tree_httv2_ttbar_DelphesPythia8_nompi_144.dat', 'tree_httv2_ttbar_DelphesPythia8_nompi_145.dat', 'tree_httv2_ttbar_DelphesPythia8_nompi_146.dat', 'tree_httv2_ttbar_DelphesPythia8_nompi_147.dat', 'tree_httv2_ttbar_DelphesPythia8_nompi_148.dat', 'tree_httv2_ttbar_DelphesPythia8_nompi_149.dat', 'tree_httv2_ttbar_DelphesPythia8_nompi_15.dat', 'tree_httv2_ttbar_DelphesPythia8_nompi_150.dat', 'tree_httv2_ttbar_DelphesPythia8_nompi_151.dat', 'tree_httv2_ttbar_DelphesPythia8_nompi_152.dat', 'tree_httv2_ttbar_DelphesPythia8_nompi_153.dat', 'tree_httv2_ttbar_DelphesPythia8_nompi_154.dat', 'tree_httv2_ttbar_DelphesPythia8_nompi_155.dat', 'tree_httv2_ttbar_DelphesPythia8_nompi_156.dat', 'tree_httv2_ttbar_DelphesPythia8_nompi_157.dat', 'tree_httv2_ttbar_DelphesPythia8_nompi_158.dat', 'tree_httv2_ttbar_DelphesPythia8_nompi_159.dat', 'tree_httv2_ttbar_DelphesPythia8_nompi_16.dat', 'tree_httv2_ttbar_DelphesPythia8_nompi_160.dat', 'tree_httv2_ttbar_DelphesPythia8_nompi_161.dat', 'tree_httv2_ttbar_DelphesPythia8_nompi_162.dat', 'tree_httv2_ttbar_DelphesPythia8_nompi_163.dat', 'tree_httv2_ttbar_DelphesPythia8_nompi_164.dat', 'tree_httv2_ttbar_DelphesPythia8_nompi_165.dat', 'tree_httv2_ttbar_DelphesPythia8_nompi_166.dat', 'tree_httv2_ttbar_DelphesPythia8_nompi_167.dat', 'tree_httv2_ttbar_DelphesPythia8_nompi_168.dat', 'tree_httv2_ttbar_DelphesPythia8_nompi_169.dat', 'tree_httv2_ttbar_DelphesPythia8_nompi_17.dat', 'tree_httv2_ttbar_DelphesPythia8_nompi_170.dat', 'tree_httv2_ttbar_DelphesPythia8_nompi_171.dat', 'tree_httv2_ttbar_DelphesPythia8_nompi_172.dat', 'tree_httv2_ttbar_DelphesPythia8_nompi_173.dat', 'tree_httv2_ttbar_DelphesPythia8_nompi_174.dat', 'tree_httv2_ttbar_DelphesPythia8_nompi_175.dat', 'tree_httv2_ttbar_DelphesPythia8_nompi_176.dat', 'tree_httv2_ttbar_DelphesPythia8_nompi_177.dat', 'tree_httv2_ttbar_DelphesPythia8_nompi_178.dat', 'tree_httv2_ttbar_DelphesPythia8_nompi_179.dat', 'tree_httv2_ttbar_DelphesPythia8_nompi_18.dat', 'tree_httv2_ttbar_DelphesPythia8_nompi_180.dat', 'tree_httv2_ttbar_DelphesPythia8_nompi_181.dat', 'tree_httv2_ttbar_DelphesPythia8_nompi_182.dat', 'tree_httv2_ttbar_DelphesPythia8_nompi_183.dat', 'tree_httv2_ttbar_DelphesPythia8_nompi_184.dat', 'tree_httv2_ttbar_DelphesPythia8_nompi_185.dat', 'tree_httv2_ttbar_DelphesPythia8_nompi_186.dat', 'tree_httv2_ttbar_DelphesPythia8_nompi_187.dat', 'tree_httv2_ttbar_DelphesPythia8_nompi_188.dat', 'tree_httv2_ttbar_DelphesPythia8_nompi_189.dat', 'tree_httv2_ttbar_DelphesPythia8_nompi_19.dat', 'tree_httv2_ttbar_DelphesPythia8_nompi_190.dat', 'tree_httv2_ttbar_DelphesPythia8_nompi_191.dat', 'tree_httv2_ttbar_DelphesPythia8_nompi_192.dat', 'tree_httv2_ttbar_DelphesPythia8_nompi_193.dat', 'tree_httv2_ttbar_DelphesPythia8_nompi_194.dat', 'tree_httv2_ttbar_DelphesPythia8_nompi_195.dat', 'tree_httv2_ttbar_DelphesPythia8_nompi_196.dat', 'tree_httv2_ttbar_DelphesPythia8_nompi_197.dat', 'tree_httv2_ttbar_DelphesPythia8_nompi_198.dat', 'tree_httv2_ttbar_DelphesPythia8_nompi_199.dat', 'tree_httv2_ttbar_DelphesPythia8_nompi_2.dat', 'tree_httv2_ttbar_DelphesPythia8_nompi_20.dat', 'tree_httv2_ttbar_DelphesPythia8_nompi_21.dat', 'tree_httv2_ttbar_DelphesPythia8_nompi_22.dat', 'tree_httv2_ttbar_DelphesPythia8_nompi_23.dat', 'tree_httv2_ttbar_DelphesPythia8_nompi_24.dat', 'tree_httv2_ttbar_DelphesPythia8_nompi_25.dat', 'tree_httv2_ttbar_DelphesPythia8_nompi_26.dat', 'tree_httv2_ttbar_DelphesPythia8_nompi_27.dat', 'tree_httv2_ttbar_DelphesPythia8_nompi_28.dat', 'tree_httv2_ttbar_DelphesPythia8_nompi_29.dat', 'tree_httv2_ttbar_DelphesPythia8_nompi_3.dat', 'tree_httv2_ttbar_DelphesPythia8_nompi_30.dat', 'tree_httv2_ttbar_DelphesPythia8_nompi_31.dat', 'tree_httv2_ttbar_DelphesPythia8_nompi_32.dat', 'tree_httv2_ttbar_DelphesPythia8_nompi_33.dat', 'tree_httv2_ttbar_DelphesPythia8_nompi_34.dat', 'tree_httv2_ttbar_DelphesPythia8_nompi_35.dat', 'tree_httv2_ttbar_DelphesPythia8_nompi_36.dat', 'tree_httv2_ttbar_DelphesPythia8_nompi_37.dat', 'tree_httv2_ttbar_DelphesPythia8_nompi_38.dat', 'tree_httv2_ttbar_DelphesPythia8_nompi_39.dat', 'tree_httv2_ttbar_DelphesPythia8_nompi_4.dat', 'tree_httv2_ttbar_DelphesPythia8_nompi_40.dat', 'tree_httv2_ttbar_DelphesPythia8_nompi_41.dat', 'tree_httv2_ttbar_DelphesPythia8_nompi_42.dat', 'tree_httv2_ttbar_DelphesPythia8_nompi_43.dat', 'tree_httv2_ttbar_DelphesPythia8_nompi_44.dat', 'tree_httv2_ttbar_DelphesPythia8_nompi_45.dat', 'tree_httv2_ttbar_DelphesPythia8_nompi_46.dat', 'tree_httv2_ttbar_DelphesPythia8_nompi_47.dat', 'tree_httv2_ttbar_DelphesPythia8_nompi_48.dat', 'tree_httv2_ttbar_DelphesPythia8_nompi_49.dat', 'tree_httv2_ttbar_DelphesPythia8_nompi_5.dat', 'tree_httv2_ttbar_DelphesPythia8_nompi_50.dat', 'tree_httv2_ttbar_DelphesPythia8_nompi_51.dat', 'tree_httv2_ttbar_DelphesPythia8_nompi_52.dat', 'tree_httv2_ttbar_DelphesPythia8_nompi_53.dat', 'tree_httv2_ttbar_DelphesPythia8_nompi_54.dat', 'tree_httv2_ttbar_DelphesPythia8_nompi_55.dat', 'tree_httv2_ttbar_DelphesPythia8_nompi_56.dat', 'tree_httv2_ttbar_DelphesPythia8_nompi_57.dat', 'tree_httv2_ttbar_DelphesPythia8_nompi_58.dat', 'tree_httv2_ttbar_DelphesPythia8_nompi_59.dat', 'tree_httv2_ttbar_DelphesPythia8_nompi_6.dat', 'tree_httv2_ttbar_DelphesPythia8_nompi_60.dat', 'tree_httv2_ttbar_DelphesPythia8_nompi_61.dat', 'tree_httv2_ttbar_DelphesPythia8_nompi_62.dat', 'tree_httv2_ttbar_DelphesPythia8_nompi_63.dat', 'tree_httv2_ttbar_DelphesPythia8_nompi_64.dat', 'tree_httv2_ttbar_DelphesPythia8_nompi_65.dat', 'tree_httv2_ttbar_DelphesPythia8_nompi_66.dat', 'tree_httv2_ttbar_DelphesPythia8_nompi_67.dat', 'tree_httv2_ttbar_DelphesPythia8_nompi_68.dat', 'tree_httv2_ttbar_DelphesPythia8_nompi_69.dat', 'tree_httv2_ttbar_DelphesPythia8_nompi_7.dat', 'tree_httv2_ttbar_DelphesPythia8_nompi_70.dat', 'tree_httv2_ttbar_DelphesPythia8_nompi_71.dat', 'tree_httv2_ttbar_DelphesPythia8_nompi_72.dat', 'tree_httv2_ttbar_DelphesPythia8_nompi_73.dat', 'tree_httv2_ttbar_DelphesPythia8_nompi_74.dat', 'tree_httv2_ttbar_DelphesPythia8_nompi_75.dat', 'tree_httv2_ttbar_DelphesPythia8_nompi_76.dat', 'tree_httv2_ttbar_DelphesPythia8_nompi_77.dat', 'tree_httv2_ttbar_DelphesPythia8_nompi_78.dat', 'tree_httv2_ttbar_DelphesPythia8_nompi_79.dat', 'tree_httv2_ttbar_DelphesPythia8_nompi_8.dat', 'tree_httv2_ttbar_DelphesPythia8_nompi_80.dat', 'tree_httv2_ttbar_DelphesPythia8_nompi_81.dat', 'tree_httv2_ttbar_DelphesPythia8_nompi_82.dat', 'tree_httv2_ttbar_DelphesPythia8_nompi_83.dat', 'tree_httv2_ttbar_DelphesPythia8_nompi_84.dat', 'tree_httv2_ttbar_DelphesPythia8_nompi_85.dat', 'tree_httv2_ttbar_DelphesPythia8_nompi_86.dat', 'tree_httv2_ttbar_DelphesPythia8_nompi_87.dat', 'tree_httv2_ttbar_DelphesPythia8_nompi_88.dat', 'tree_httv2_ttbar_DelphesPythia8_nompi_89.dat', 'tree_httv2_ttbar_DelphesPythia8_nompi_9.dat', 'tree_httv2_ttbar_DelphesPythia8_nompi_90.dat', 'tree_httv2_ttbar_DelphesPythia8_nompi_91.dat', 'tree_httv2_ttbar_DelphesPythia8_nompi_92.dat', 'tree_httv2_ttbar_DelphesPythia8_nompi_93.dat', 'tree_httv2_ttbar_DelphesPythia8_nompi_94.dat', 'tree_httv2_ttbar_DelphesPythia8_nompi_95.dat', 'tree_httv2_ttbar_DelphesPythia8_nompi_96.dat', 'tree_httv2_ttbar_DelphesPythia8_nompi_97.dat', 'tree_httv2_ttbar_DelphesPythia8_nompi_98.dat', 'tree_httv2_ttbar_DelphesPythia8_nompi_99.dat']
2018-11-01 14:14:06,092:INFO: Ntotjets=10000
2018-11-01 14:14:07,728:INFO: Ntotjets=20000
2018-11-01 14:14:09,361:INFO: Ntotjets=30000
2018-11-01 14:14:11,014:INFO: Ntotjets=40000
2018-11-01 14:14:12,653:INFO: Ntotjets=50000
2018-11-01 14:14:14,296:INFO: Ntotjets=60000
2018-11-01 14:14:15,995:INFO: Ntotjets=70000
2018-11-01 14:14:17,636:INFO: Ntotjets=80000
2018-11-01 14:14:17,637:INFO: Number of jet files for qcd=200
2018-11-01 14:14:17,637:INFO: Loading qcd jet files... 
2018-11-01 14:14:17,637:INFO: qcd files list = ['tree_httv2_qcd_DelphesPythia8_nompi_0.dat', 'tree_httv2_qcd_DelphesPythia8_nompi_1.dat', 'tree_httv2_qcd_DelphesPythia8_nompi_10.dat', 'tree_httv2_qcd_DelphesPythia8_nompi_100.dat', 'tree_httv2_qcd_DelphesPythia8_nompi_101.dat', 'tree_httv2_qcd_DelphesPythia8_nompi_102.dat', 'tree_httv2_qcd_DelphesPythia8_nompi_103.dat', 'tree_httv2_qcd_DelphesPythia8_nompi_104.dat', 'tree_httv2_qcd_DelphesPythia8_nompi_105.dat', 'tree_httv2_qcd_DelphesPythia8_nompi_106.dat', 'tree_httv2_qcd_DelphesPythia8_nompi_107.dat', 'tree_httv2_qcd_DelphesPythia8_nompi_108.dat', 'tree_httv2_qcd_DelphesPythia8_nompi_109.dat', 'tree_httv2_qcd_DelphesPythia8_nompi_11.dat', 'tree_httv2_qcd_DelphesPythia8_nompi_110.dat', 'tree_httv2_qcd_DelphesPythia8_nompi_111.dat', 'tree_httv2_qcd_DelphesPythia8_nompi_112.dat', 'tree_httv2_qcd_DelphesPythia8_nompi_113.dat', 'tree_httv2_qcd_DelphesPythia8_nompi_114.dat', 'tree_httv2_qcd_DelphesPythia8_nompi_115.dat', 'tree_httv2_qcd_DelphesPythia8_nompi_116.dat', 'tree_httv2_qcd_DelphesPythia8_nompi_117.dat', 'tree_httv2_qcd_DelphesPythia8_nompi_118.dat', 'tree_httv2_qcd_DelphesPythia8_nompi_119.dat', 'tree_httv2_qcd_DelphesPythia8_nompi_12.dat', 'tree_httv2_qcd_DelphesPythia8_nompi_120.dat', 'tree_httv2_qcd_DelphesPythia8_nompi_121.dat', 'tree_httv2_qcd_DelphesPythia8_nompi_122.dat', 'tree_httv2_qcd_DelphesPythia8_nompi_123.dat', 'tree_httv2_qcd_DelphesPythia8_nompi_124.dat', 'tree_httv2_qcd_DelphesPythia8_nompi_125.dat', 'tree_httv2_qcd_DelphesPythia8_nompi_126.dat', 'tree_httv2_qcd_DelphesPythia8_nompi_127.dat', 'tree_httv2_qcd_DelphesPythia8_nompi_128.dat', 'tree_httv2_qcd_DelphesPythia8_nompi_129.dat', 'tree_httv2_qcd_DelphesPythia8_nompi_13.dat', 'tree_httv2_qcd_DelphesPythia8_nompi_130.dat', 'tree_httv2_qcd_DelphesPythia8_nompi_131.dat', 'tree_httv2_qcd_DelphesPythia8_nompi_132.dat', 'tree_httv2_qcd_DelphesPythia8_nompi_133.dat', 'tree_httv2_qcd_DelphesPythia8_nompi_134.dat', 'tree_httv2_qcd_DelphesPythia8_nompi_135.dat', 'tree_httv2_qcd_DelphesPythia8_nompi_136.dat', 'tree_httv2_qcd_DelphesPythia8_nompi_137.dat', 'tree_httv2_qcd_DelphesPythia8_nompi_138.dat', 'tree_httv2_qcd_DelphesPythia8_nompi_139.dat', 'tree_httv2_qcd_DelphesPythia8_nompi_14.dat', 'tree_httv2_qcd_DelphesPythia8_nompi_140.dat', 'tree_httv2_qcd_DelphesPythia8_nompi_141.dat', 'tree_httv2_qcd_DelphesPythia8_nompi_142.dat', 'tree_httv2_qcd_DelphesPythia8_nompi_143.dat', 'tree_httv2_qcd_DelphesPythia8_nompi_144.dat', 'tree_httv2_qcd_DelphesPythia8_nompi_145.dat', 'tree_httv2_qcd_DelphesPythia8_nompi_146.dat', 'tree_httv2_qcd_DelphesPythia8_nompi_147.dat', 'tree_httv2_qcd_DelphesPythia8_nompi_148.dat', 'tree_httv2_qcd_DelphesPythia8_nompi_149.dat', 'tree_httv2_qcd_DelphesPythia8_nompi_15.dat', 'tree_httv2_qcd_DelphesPythia8_nompi_150.dat', 'tree_httv2_qcd_DelphesPythia8_nompi_151.dat', 'tree_httv2_qcd_DelphesPythia8_nompi_152.dat', 'tree_httv2_qcd_DelphesPythia8_nompi_153.dat', 'tree_httv2_qcd_DelphesPythia8_nompi_154.dat', 'tree_httv2_qcd_DelphesPythia8_nompi_155.dat', 'tree_httv2_qcd_DelphesPythia8_nompi_156.dat', 'tree_httv2_qcd_DelphesPythia8_nompi_157.dat', 'tree_httv2_qcd_DelphesPythia8_nompi_158.dat', 'tree_httv2_qcd_DelphesPythia8_nompi_159.dat', 'tree_httv2_qcd_DelphesPythia8_nompi_16.dat', 'tree_httv2_qcd_DelphesPythia8_nompi_160.dat', 'tree_httv2_qcd_DelphesPythia8_nompi_161.dat', 'tree_httv2_qcd_DelphesPythia8_nompi_162.dat', 'tree_httv2_qcd_DelphesPythia8_nompi_163.dat', 'tree_httv2_qcd_DelphesPythia8_nompi_164.dat', 'tree_httv2_qcd_DelphesPythia8_nompi_165.dat', 'tree_httv2_qcd_DelphesPythia8_nompi_166.dat', 'tree_httv2_qcd_DelphesPythia8_nompi_167.dat', 'tree_httv2_qcd_DelphesPythia8_nompi_168.dat', 'tree_httv2_qcd_DelphesPythia8_nompi_169.dat', 'tree_httv2_qcd_DelphesPythia8_nompi_17.dat', 'tree_httv2_qcd_DelphesPythia8_nompi_170.dat', 'tree_httv2_qcd_DelphesPythia8_nompi_171.dat', 'tree_httv2_qcd_DelphesPythia8_nompi_172.dat', 'tree_httv2_qcd_DelphesPythia8_nompi_173.dat', 'tree_httv2_qcd_DelphesPythia8_nompi_174.dat', 'tree_httv2_qcd_DelphesPythia8_nompi_175.dat', 'tree_httv2_qcd_DelphesPythia8_nompi_176.dat', 'tree_httv2_qcd_DelphesPythia8_nompi_177.dat', 'tree_httv2_qcd_DelphesPythia8_nompi_178.dat', 'tree_httv2_qcd_DelphesPythia8_nompi_179.dat', 'tree_httv2_qcd_DelphesPythia8_nompi_18.dat', 'tree_httv2_qcd_DelphesPythia8_nompi_180.dat', 'tree_httv2_qcd_DelphesPythia8_nompi_181.dat', 'tree_httv2_qcd_DelphesPythia8_nompi_182.dat', 'tree_httv2_qcd_DelphesPythia8_nompi_183.dat', 'tree_httv2_qcd_DelphesPythia8_nompi_184.dat', 'tree_httv2_qcd_DelphesPythia8_nompi_185.dat', 'tree_httv2_qcd_DelphesPythia8_nompi_186.dat', 'tree_httv2_qcd_DelphesPythia8_nompi_187.dat', 'tree_httv2_qcd_DelphesPythia8_nompi_188.dat', 'tree_httv2_qcd_DelphesPythia8_nompi_189.dat', 'tree_httv2_qcd_DelphesPythia8_nompi_19.dat', 'tree_httv2_qcd_DelphesPythia8_nompi_190.dat', 'tree_httv2_qcd_DelphesPythia8_nompi_191.dat', 'tree_httv2_qcd_DelphesPythia8_nompi_192.dat', 'tree_httv2_qcd_DelphesPythia8_nompi_193.dat', 'tree_httv2_qcd_DelphesPythia8_nompi_194.dat', 'tree_httv2_qcd_DelphesPythia8_nompi_195.dat', 'tree_httv2_qcd_DelphesPythia8_nompi_196.dat', 'tree_httv2_qcd_DelphesPythia8_nompi_197.dat', 'tree_httv2_qcd_DelphesPythia8_nompi_198.dat', 'tree_httv2_qcd_DelphesPythia8_nompi_199.dat', 'tree_httv2_qcd_DelphesPythia8_nompi_2.dat', 'tree_httv2_qcd_DelphesPythia8_nompi_20.dat', 'tree_httv2_qcd_DelphesPythia8_nompi_21.dat', 'tree_httv2_qcd_DelphesPythia8_nompi_22.dat', 'tree_httv2_qcd_DelphesPythia8_nompi_23.dat', 'tree_httv2_qcd_DelphesPythia8_nompi_24.dat', 'tree_httv2_qcd_DelphesPythia8_nompi_25.dat', 'tree_httv2_qcd_DelphesPythia8_nompi_26.dat', 'tree_httv2_qcd_DelphesPythia8_nompi_27.dat', 'tree_httv2_qcd_DelphesPythia8_nompi_28.dat', 'tree_httv2_qcd_DelphesPythia8_nompi_29.dat', 'tree_httv2_qcd_DelphesPythia8_nompi_3.dat', 'tree_httv2_qcd_DelphesPythia8_nompi_30.dat', 'tree_httv2_qcd_DelphesPythia8_nompi_31.dat', 'tree_httv2_qcd_DelphesPythia8_nompi_32.dat', 'tree_httv2_qcd_DelphesPythia8_nompi_33.dat', 'tree_httv2_qcd_DelphesPythia8_nompi_34.dat', 'tree_httv2_qcd_DelphesPythia8_nompi_35.dat', 'tree_httv2_qcd_DelphesPythia8_nompi_36.dat', 'tree_httv2_qcd_DelphesPythia8_nompi_37.dat', 'tree_httv2_qcd_DelphesPythia8_nompi_38.dat', 'tree_httv2_qcd_DelphesPythia8_nompi_39.dat', 'tree_httv2_qcd_DelphesPythia8_nompi_4.dat', 'tree_httv2_qcd_DelphesPythia8_nompi_40.dat', 'tree_httv2_qcd_DelphesPythia8_nompi_41.dat', 'tree_httv2_qcd_DelphesPythia8_nompi_42.dat', 'tree_httv2_qcd_DelphesPythia8_nompi_43.dat', 'tree_httv2_qcd_DelphesPythia8_nompi_44.dat', 'tree_httv2_qcd_DelphesPythia8_nompi_45.dat', 'tree_httv2_qcd_DelphesPythia8_nompi_46.dat', 'tree_httv2_qcd_DelphesPythia8_nompi_47.dat', 'tree_httv2_qcd_DelphesPythia8_nompi_48.dat', 'tree_httv2_qcd_DelphesPythia8_nompi_49.dat', 'tree_httv2_qcd_DelphesPythia8_nompi_5.dat', 'tree_httv2_qcd_DelphesPythia8_nompi_50.dat', 'tree_httv2_qcd_DelphesPythia8_nompi_51.dat', 'tree_httv2_qcd_DelphesPythia8_nompi_52.dat', 'tree_httv2_qcd_DelphesPythia8_nompi_53.dat', 'tree_httv2_qcd_DelphesPythia8_nompi_54.dat', 'tree_httv2_qcd_DelphesPythia8_nompi_55.dat', 'tree_httv2_qcd_DelphesPythia8_nompi_56.dat', 'tree_httv2_qcd_DelphesPythia8_nompi_57.dat', 'tree_httv2_qcd_DelphesPythia8_nompi_58.dat', 'tree_httv2_qcd_DelphesPythia8_nompi_59.dat', 'tree_httv2_qcd_DelphesPythia8_nompi_6.dat', 'tree_httv2_qcd_DelphesPythia8_nompi_60.dat', 'tree_httv2_qcd_DelphesPythia8_nompi_61.dat', 'tree_httv2_qcd_DelphesPythia8_nompi_62.dat', 'tree_httv2_qcd_DelphesPythia8_nompi_63.dat', 'tree_httv2_qcd_DelphesPythia8_nompi_64.dat', 'tree_httv2_qcd_DelphesPythia8_nompi_65.dat', 'tree_httv2_qcd_DelphesPythia8_nompi_66.dat', 'tree_httv2_qcd_DelphesPythia8_nompi_67.dat', 'tree_httv2_qcd_DelphesPythia8_nompi_68.dat', 'tree_httv2_qcd_DelphesPythia8_nompi_69.dat', 'tree_httv2_qcd_DelphesPythia8_nompi_7.dat', 'tree_httv2_qcd_DelphesPythia8_nompi_70.dat', 'tree_httv2_qcd_DelphesPythia8_nompi_71.dat', 'tree_httv2_qcd_DelphesPythia8_nompi_72.dat', 'tree_httv2_qcd_DelphesPythia8_nompi_73.dat', 'tree_httv2_qcd_DelphesPythia8_nompi_74.dat', 'tree_httv2_qcd_DelphesPythia8_nompi_75.dat', 'tree_httv2_qcd_DelphesPythia8_nompi_76.dat', 'tree_httv2_qcd_DelphesPythia8_nompi_77.dat', 'tree_httv2_qcd_DelphesPythia8_nompi_78.dat', 'tree_httv2_qcd_DelphesPythia8_nompi_79.dat', 'tree_httv2_qcd_DelphesPythia8_nompi_8.dat', 'tree_httv2_qcd_DelphesPythia8_nompi_80.dat', 'tree_httv2_qcd_DelphesPythia8_nompi_81.dat', 'tree_httv2_qcd_DelphesPythia8_nompi_82.dat', 'tree_httv2_qcd_DelphesPythia8_nompi_83.dat', 'tree_httv2_qcd_DelphesPythia8_nompi_84.dat', 'tree_httv2_qcd_DelphesPythia8_nompi_85.dat', 'tree_httv2_qcd_DelphesPythia8_nompi_86.dat', 'tree_httv2_qcd_DelphesPythia8_nompi_87.dat', 'tree_httv2_qcd_DelphesPythia8_nompi_88.dat', 'tree_httv2_qcd_DelphesPythia8_nompi_89.dat', 'tree_httv2_qcd_DelphesPythia8_nompi_9.dat', 'tree_httv2_qcd_DelphesPythia8_nompi_90.dat', 'tree_httv2_qcd_DelphesPythia8_nompi_91.dat', 'tree_httv2_qcd_DelphesPythia8_nompi_92.dat', 'tree_httv2_qcd_DelphesPythia8_nompi_93.dat', 'tree_httv2_qcd_DelphesPythia8_nompi_94.dat', 'tree_httv2_qcd_DelphesPythia8_nompi_95.dat', 'tree_httv2_qcd_DelphesPythia8_nompi_96.dat', 'tree_httv2_qcd_DelphesPythia8_nompi_97.dat', 'tree_httv2_qcd_DelphesPythia8_nompi_98.dat', 'tree_httv2_qcd_DelphesPythia8_nompi_99.dat']
2018-11-01 14:14:19,085:INFO: Ntotjets=10000
2018-11-01 14:14:20,521:INFO: Ntotjets=20000
2018-11-01 14:14:21,955:INFO: Ntotjets=30000
2018-11-01 14:14:23,422:INFO: Ntotjets=40000
2018-11-01 14:14:24,861:INFO: Ntotjets=50000
2018-11-01 14:14:26,289:INFO: Ntotjets=60000
2018-11-01 14:14:27,719:INFO: Ntotjets=70000
2018-11-01 14:14:29,152:INFO: Ntotjets=80000
2018-11-01 14:14:29,153:INFO: Tree generation time (minutes) =0.4148016651471456
2018-11-01 14:22:26,703:INFO: Splitting into train, validation and test datasets, and shuffling...
2018-11-01 14:22:43,659:INFO: Split sample time (minutes) =8.656566886107127
2018-11-01 14:22:43,659:INFO: Creating train batches ...
2018-11-01 14:22:46,642:INFO: Number of batches created=100
2018-11-01 14:22:49,585:INFO: Number of batches created=200
2018-11-01 14:22:52,518:INFO: Number of batches created=300
2018-11-01 14:22:55,463:INFO: Number of batches created=400
2018-11-01 14:22:58,423:INFO: Number of batches created=500
2018-11-01 14:23:01,363:INFO: Number of batches created=600
2018-11-01 14:23:04,295:INFO: Number of batches created=700
2018-11-01 14:23:05,776:INFO: Creating val batches ...
2018-11-01 14:23:08,734:INFO: Number of batches created=100
2018-11-01 14:23:11,674:INFO: Number of batches created=200
2018-11-01 14:23:13,141:INFO: Creating test batches ...
2018-11-01 14:23:16,111:INFO: Number of batches created=100
2018-11-01 14:23:19,068:INFO: Number of batches created=200
2018-11-01 14:23:20,542:INFO: Number of test_batches=250
2018-11-01 14:23:20,542:INFO: Batch generation time (minutes) =9.271284397443136
2018-11-01 14:23:20,542:INFO: Train and val batch size=128
2018-11-01 14:23:20,542:INFO: Number of train_batches=750
2018-11-01 14:23:20,542:INFO: Number of val_batches=250
2018-11-01 14:23:30,878:INFO: ------------------------------------------------------------
2018-11-01 14:23:30,878:INFO: Loading the datasets...
2018-11-01 14:23:32,805:INFO: - done loading the datasets
2018-11-01 14:23:32,805:INFO: ------------------------------------------------------------
2018-11-01 14:23:34,795:INFO: Building optimizer...
2018-11-01 14:23:34,796:INFO: Starting training for 40 epoch(s)
2018-11-01 14:23:34,796:INFO: Epoch 1/40
2018-11-01 14:23:58,701:INFO: - Train metrics: accuracy: 0.729 ; loss: 0.888
2018-11-01 14:24:03,308:INFO: - Eval metrics : accuracy: 0.787 ; loss: 0.442
2018-11-01 14:24:03,318:INFO: - Found new best accuracy
2018-11-01 14:24:03,319:INFO: Epoch 2/40
2018-11-01 14:24:26,920:INFO: - Train metrics: accuracy: 0.805 ; loss: 0.412
2018-11-01 14:24:31,403:INFO: - Eval metrics : accuracy: 0.773 ; loss: 0.454
2018-11-01 14:24:31,433:INFO: Epoch 3/40
2018-11-01 14:24:54,726:INFO: - Train metrics: accuracy: 0.803 ; loss: 0.409
2018-11-01 14:24:59,084:INFO: - Eval metrics : accuracy: 0.786 ; loss: 0.433
2018-11-01 14:24:59,116:INFO: Epoch 4/40
2018-11-01 14:25:22,943:INFO: - Train metrics: accuracy: 0.811 ; loss: 0.392
2018-11-01 14:25:27,315:INFO: - Eval metrics : accuracy: 0.801 ; loss: 0.417
2018-11-01 14:25:27,347:INFO: - Found new best accuracy
2018-11-01 14:25:27,348:INFO: Epoch 5/40
2018-11-01 14:25:51,239:INFO: - Train metrics: accuracy: 0.829 ; loss: 0.378
2018-11-01 14:25:55,678:INFO: - Eval metrics : accuracy: 0.810 ; loss: 0.410
2018-11-01 14:25:55,726:INFO: - Found new best accuracy
2018-11-01 14:25:55,726:INFO: Epoch 6/40
2018-11-01 14:26:18,782:INFO: - Train metrics: accuracy: 0.837 ; loss: 0.360
2018-11-01 14:26:23,089:INFO: - Eval metrics : accuracy: 0.851 ; loss: 0.331
2018-11-01 14:26:23,121:INFO: - Found new best accuracy
2018-11-01 14:26:23,121:INFO: Epoch 7/40
2018-11-01 14:26:46,517:INFO: - Train metrics: accuracy: 0.900 ; loss: 0.254
2018-11-01 14:26:50,912:INFO: - Eval metrics : accuracy: 0.906 ; loss: 0.231
2018-11-01 14:26:50,942:INFO: - Found new best accuracy
2018-11-01 14:26:50,942:INFO: Epoch 8/40
2018-11-01 14:27:14,548:INFO: - Train metrics: accuracy: 0.922 ; loss: 0.213
2018-11-01 14:27:18,918:INFO: - Eval metrics : accuracy: 0.903 ; loss: 0.232
2018-11-01 14:27:18,950:INFO: Epoch 9/40
2018-11-01 14:27:42,332:INFO: - Train metrics: accuracy: 0.915 ; loss: 0.211
2018-11-01 14:27:46,753:INFO: - Eval metrics : accuracy: 0.919 ; loss: 0.201
2018-11-01 14:27:46,787:INFO: - Found new best accuracy
2018-11-01 14:27:46,787:INFO: Epoch 10/40
2018-11-01 14:28:10,219:INFO: - Train metrics: accuracy: 0.918 ; loss: 0.197
2018-11-01 14:28:14,603:INFO: - Eval metrics : accuracy: 0.919 ; loss: 0.196
2018-11-01 14:28:14,636:INFO: - Found new best accuracy
2018-11-01 14:28:14,636:INFO: Epoch 11/40
2018-11-01 14:28:38,019:INFO: - Train metrics: accuracy: 0.924 ; loss: 0.189
2018-11-01 14:28:42,350:INFO: - Eval metrics : accuracy: 0.921 ; loss: 0.190
2018-11-01 14:28:42,382:INFO: - Found new best accuracy
2018-11-01 14:28:42,382:INFO: Epoch 12/40
2018-11-01 14:29:05,691:INFO: - Train metrics: accuracy: 0.924 ; loss: 0.181
2018-11-01 14:29:10,001:INFO: - Eval metrics : accuracy: 0.923 ; loss: 0.186
2018-11-01 14:29:10,031:INFO: - Found new best accuracy
2018-11-01 14:29:10,032:INFO: Epoch 13/40
2018-11-01 14:29:33,532:INFO: - Train metrics: accuracy: 0.931 ; loss: 0.177
2018-11-01 14:29:37,900:INFO: - Eval metrics : accuracy: 0.925 ; loss: 0.182
2018-11-01 14:29:37,931:INFO: - Found new best accuracy
2018-11-01 14:29:37,931:INFO: Epoch 14/40
2018-11-01 14:30:01,854:INFO: - Train metrics: accuracy: 0.935 ; loss: 0.174
2018-11-01 14:30:06,170:INFO: - Eval metrics : accuracy: 0.927 ; loss: 0.178
2018-11-01 14:30:06,173:INFO: - Found new best accuracy
2018-11-01 14:30:06,174:INFO: Epoch 15/40
2018-11-01 14:30:29,528:INFO: - Train metrics: accuracy: 0.939 ; loss: 0.168
2018-11-01 14:30:33,947:INFO: - Eval metrics : accuracy: 0.927 ; loss: 0.177
2018-11-01 14:30:33,977:INFO: - Found new best accuracy
2018-11-01 14:30:33,977:INFO: Epoch 16/40
2018-11-01 14:30:57,513:INFO: - Train metrics: accuracy: 0.936 ; loss: 0.166
2018-11-01 14:31:01,864:INFO: - Eval metrics : accuracy: 0.930 ; loss: 0.173
2018-11-01 14:31:01,896:INFO: - Found new best accuracy
2018-11-01 14:31:01,897:INFO: Epoch 17/40
2018-11-01 14:31:26,126:INFO: - Train metrics: accuracy: 0.930 ; loss: 0.162
2018-11-01 14:31:30,741:INFO: - Eval metrics : accuracy: 0.931 ; loss: 0.170
2018-11-01 14:31:30,775:INFO: - Found new best accuracy
2018-11-01 14:31:30,776:INFO: Epoch 18/40
2018-11-01 14:31:55,267:INFO: - Train metrics: accuracy: 0.935 ; loss: 0.160
2018-11-01 14:31:59,870:INFO: - Eval metrics : accuracy: 0.931 ; loss: 0.169
2018-11-01 14:31:59,902:INFO: Epoch 19/40
2018-11-01 14:32:24,766:INFO: - Train metrics: accuracy: 0.938 ; loss: 0.154
2018-11-01 14:32:29,361:INFO: - Eval metrics : accuracy: 0.932 ; loss: 0.169
2018-11-01 14:32:29,364:INFO: - Found new best accuracy
2018-11-01 14:32:29,365:INFO: Epoch 20/40
2018-11-01 14:32:53,382:INFO: - Train metrics: accuracy: 0.939 ; loss: 0.154
2018-11-01 14:32:57,999:INFO: - Eval metrics : accuracy: 0.932 ; loss: 0.168
2018-11-01 14:32:58,030:INFO: - Found new best accuracy
2018-11-01 14:32:58,030:INFO: Epoch 21/40
2018-11-01 14:33:24,180:INFO: - Train metrics: accuracy: 0.936 ; loss: 0.153
2018-11-01 14:33:29,305:INFO: - Eval metrics : accuracy: 0.932 ; loss: 0.170
2018-11-01 14:33:29,376:INFO: - Found new best accuracy
2018-11-01 14:33:29,377:INFO: Epoch 22/40
2018-11-01 14:33:54,954:INFO: - Train metrics: accuracy: 0.939 ; loss: 0.152
2018-11-01 14:33:59,604:INFO: - Eval metrics : accuracy: 0.932 ; loss: 0.168
2018-11-01 14:33:59,637:INFO: - Found new best accuracy
2018-11-01 14:33:59,637:INFO: Epoch 23/40
2018-11-01 14:34:24,241:INFO: - Train metrics: accuracy: 0.936 ; loss: 0.149
2018-11-01 14:34:28,917:INFO: - Eval metrics : accuracy: 0.933 ; loss: 0.168
2018-11-01 14:34:28,949:INFO: - Found new best accuracy
2018-11-01 14:34:28,949:INFO: Epoch 24/40
2018-11-01 14:34:53,762:INFO: - Train metrics: accuracy: 0.940 ; loss: 0.145
2018-11-01 14:34:58,618:INFO: - Eval metrics : accuracy: 0.932 ; loss: 0.169
2018-11-01 14:34:58,650:INFO: Epoch 25/40
2018-11-01 14:35:22,811:INFO: - Train metrics: accuracy: 0.940 ; loss: 0.144
2018-11-01 14:35:27,453:INFO: - Eval metrics : accuracy: 0.933 ; loss: 0.168
2018-11-01 14:35:27,456:INFO: Epoch 26/40
2018-11-01 14:35:52,428:INFO: - Train metrics: accuracy: 0.938 ; loss: 0.144
2018-11-01 14:35:57,204:INFO: - Eval metrics : accuracy: 0.932 ; loss: 0.169
2018-11-01 14:35:57,207:INFO: Epoch 27/40
2018-11-01 14:36:22,437:INFO: - Train metrics: accuracy: 0.943 ; loss: 0.141
2018-11-01 14:36:27,157:INFO: - Eval metrics : accuracy: 0.932 ; loss: 0.169
2018-11-01 14:36:27,160:INFO: Epoch 28/40
2018-11-01 14:36:52,597:INFO: - Train metrics: accuracy: 0.943 ; loss: 0.140
2018-11-01 14:36:57,402:INFO: - Eval metrics : accuracy: 0.932 ; loss: 0.168
2018-11-01 14:36:57,406:INFO: Epoch 29/40
2018-11-01 14:37:21,782:INFO: - Train metrics: accuracy: 0.943 ; loss: 0.138
2018-11-01 14:37:26,296:INFO: - Eval metrics : accuracy: 0.933 ; loss: 0.168
2018-11-01 14:37:26,331:INFO: Epoch 30/40
2018-11-01 14:37:50,512:INFO: - Train metrics: accuracy: 0.947 ; loss: 0.137
2018-11-01 14:37:55,179:INFO: - Eval metrics : accuracy: 0.933 ; loss: 0.168
2018-11-01 14:37:55,182:INFO: Epoch 31/40
2018-11-01 14:38:19,235:INFO: - Train metrics: accuracy: 0.945 ; loss: 0.138
2018-11-01 14:38:23,743:INFO: - Eval metrics : accuracy: 0.933 ; loss: 0.168
2018-11-01 14:38:23,783:INFO: Epoch 32/40
2018-11-01 14:38:47,909:INFO: - Train metrics: accuracy: 0.945 ; loss: 0.137
2018-11-01 14:38:52,576:INFO: - Eval metrics : accuracy: 0.933 ; loss: 0.168
2018-11-01 14:38:52,604:INFO: - Found new best accuracy
2018-11-01 14:38:52,604:INFO: Epoch 33/40
2018-11-01 14:39:17,035:INFO: - Train metrics: accuracy: 0.944 ; loss: 0.136
2018-11-01 14:39:21,429:INFO: - Eval metrics : accuracy: 0.933 ; loss: 0.168
2018-11-01 14:39:21,461:INFO: - Found new best accuracy
2018-11-01 14:39:21,461:INFO: Epoch 34/40
2018-11-01 14:39:45,551:INFO: - Train metrics: accuracy: 0.949 ; loss: 0.136
2018-11-01 14:39:50,192:INFO: - Eval metrics : accuracy: 0.933 ; loss: 0.167
2018-11-01 14:39:50,226:INFO: Epoch 35/40
2018-11-01 14:40:14,000:INFO: - Train metrics: accuracy: 0.948 ; loss: 0.136
2018-11-01 14:40:18,512:INFO: - Eval metrics : accuracy: 0.934 ; loss: 0.167
2018-11-01 14:40:18,542:INFO: - Found new best accuracy
2018-11-01 14:40:18,543:INFO: Epoch 36/40
2018-11-01 14:40:43,131:INFO: - Train metrics: accuracy: 0.945 ; loss: 0.135
2018-11-01 14:40:47,576:INFO: - Eval metrics : accuracy: 0.934 ; loss: 0.166
2018-11-01 14:40:47,602:INFO: - Found new best accuracy
2018-11-01 14:40:47,603:INFO: Epoch 37/40
2018-11-01 14:41:11,202:INFO: - Train metrics: accuracy: 0.944 ; loss: 0.135
2018-11-01 14:41:15,970:INFO: - Eval metrics : accuracy: 0.934 ; loss: 0.166
2018-11-01 14:41:16,002:INFO: - Found new best accuracy
2018-11-01 14:41:16,002:INFO: Epoch 38/40
2018-11-01 14:41:41,418:INFO: - Train metrics: accuracy: 0.945 ; loss: 0.134
2018-11-01 14:41:46,216:INFO: - Eval metrics : accuracy: 0.934 ; loss: 0.166
2018-11-01 14:41:46,247:INFO: - Found new best accuracy
2018-11-01 14:41:46,247:INFO: Epoch 39/40
2018-11-01 14:42:11,003:INFO: - Train metrics: accuracy: 0.947 ; loss: 0.134
2018-11-01 14:42:15,684:INFO: - Eval metrics : accuracy: 0.935 ; loss: 0.166
2018-11-01 14:42:15,715:INFO: - Found new best accuracy
2018-11-01 14:42:15,716:INFO: Epoch 40/40
2018-11-01 14:42:40,151:INFO: - Train metrics: accuracy: 0.948 ; loss: 0.133
2018-11-01 14:42:44,737:INFO: - Eval metrics : accuracy: 0.935 ; loss: 0.166
2018-11-01 14:42:44,769:INFO: - Found new best accuracy
2018-11-01 14:42:44,769:INFO: Total time (minutes) =28.675078241030374
