2018-10-29 17:04:01,516:INFO: search_hyperparam_sample_name=top_qcd_jets_antikt_kt__40000_Njets_128_batch
2018-10-29 17:04:01,517:INFO: ------------------------------------------------------------
2018-10-29 17:04:01,517:INFO: Loading the datasets...
2018-10-29 17:04:02,602:INFO: - done loading the datasets
2018-10-29 17:04:02,602:INFO: ------------------------------------------------------------
2018-10-29 17:04:04,349:INFO: Building optimizer...
2018-10-29 17:04:04,350:INFO: Starting training for 30 epoch(s)
2018-10-29 17:04:04,350:INFO: Epoch 1/30
2018-10-29 17:04:16,674:INFO: - Train metrics: accuracy: 0.708 ; loss: 0.978
2018-10-29 17:04:19,005:INFO: - Eval metrics : accuracy: 0.744 ; loss: 0.507
2018-10-29 17:04:19,015:INFO: - Found new best accuracy
2018-10-29 17:04:19,016:INFO: Epoch 2/30
2018-10-29 17:04:29,445:INFO: - Train metrics: accuracy: 0.776 ; loss: 0.480
2018-10-29 17:04:31,575:INFO: - Eval metrics : accuracy: 0.770 ; loss: 0.468
2018-10-29 17:04:31,611:INFO: - Found new best accuracy
2018-10-29 17:04:31,612:INFO: Epoch 3/30
2018-10-29 17:04:42,545:INFO: - Train metrics: accuracy: 0.807 ; loss: 0.428
2018-10-29 17:04:44,771:INFO: - Eval metrics : accuracy: 0.774 ; loss: 0.461
2018-10-29 17:04:44,805:INFO: - Found new best accuracy
2018-10-29 17:04:44,806:INFO: Epoch 4/30
2018-10-29 17:04:55,630:INFO: - Train metrics: accuracy: 0.805 ; loss: 0.423
2018-10-29 17:04:57,750:INFO: - Eval metrics : accuracy: 0.785 ; loss: 0.445
2018-10-29 17:04:57,787:INFO: - Found new best accuracy
2018-10-29 17:04:57,787:INFO: Epoch 5/30
2018-10-29 17:05:07,821:INFO: - Train metrics: accuracy: 0.805 ; loss: 0.415
2018-10-29 17:05:09,953:INFO: - Eval metrics : accuracy: 0.788 ; loss: 0.442
2018-10-29 17:05:09,990:INFO: - Found new best accuracy
2018-10-29 17:05:09,990:INFO: Epoch 6/30
2018-10-29 17:05:19,535:INFO: - Train metrics: accuracy: 0.818 ; loss: 0.403
2018-10-29 17:05:21,662:INFO: - Eval metrics : accuracy: 0.794 ; loss: 0.431
2018-10-29 17:05:21,699:INFO: - Found new best accuracy
2018-10-29 17:05:21,699:INFO: Epoch 7/30
2018-10-29 17:05:31,870:INFO: - Train metrics: accuracy: 0.826 ; loss: 0.394
2018-10-29 17:05:33,981:INFO: - Eval metrics : accuracy: 0.793 ; loss: 0.429
2018-10-29 17:05:34,022:INFO: Epoch 8/30
2018-10-29 17:05:43,699:INFO: - Train metrics: accuracy: 0.836 ; loss: 0.386
2018-10-29 17:05:45,824:INFO: - Eval metrics : accuracy: 0.795 ; loss: 0.425
2018-10-29 17:05:45,851:INFO: - Found new best accuracy
2018-10-29 17:05:45,851:INFO: Epoch 9/30
2018-10-29 17:05:56,163:INFO: - Train metrics: accuracy: 0.826 ; loss: 0.385
2018-10-29 17:05:58,389:INFO: - Eval metrics : accuracy: 0.796 ; loss: 0.424
2018-10-29 17:05:58,424:INFO: - Found new best accuracy
2018-10-29 17:05:58,425:INFO: Epoch 10/30
2018-10-29 17:06:08,962:INFO: - Train metrics: accuracy: 0.820 ; loss: 0.384
2018-10-29 17:06:11,086:INFO: - Eval metrics : accuracy: 0.797 ; loss: 0.422
2018-10-29 17:06:11,116:INFO: - Found new best accuracy
2018-10-29 17:06:11,116:INFO: Epoch 11/30
2018-10-29 17:06:20,994:INFO: - Train metrics: accuracy: 0.826 ; loss: 0.380
2018-10-29 17:06:23,110:INFO: - Eval metrics : accuracy: 0.799 ; loss: 0.421
2018-10-29 17:06:23,151:INFO: - Found new best accuracy
2018-10-29 17:06:23,152:INFO: Epoch 12/30
2018-10-29 17:06:32,712:INFO: - Train metrics: accuracy: 0.823 ; loss: 0.379
2018-10-29 17:06:34,781:INFO: - Eval metrics : accuracy: 0.798 ; loss: 0.421
2018-10-29 17:06:34,818:INFO: Epoch 13/30
2018-10-29 17:06:45,562:INFO: - Train metrics: accuracy: 0.820 ; loss: 0.380
2018-10-29 17:06:47,678:INFO: - Eval metrics : accuracy: 0.797 ; loss: 0.422
2018-10-29 17:06:47,711:INFO: Epoch 14/30
2018-10-29 17:06:57,591:INFO: - Train metrics: accuracy: 0.828 ; loss: 0.381
2018-10-29 17:06:59,723:INFO: - Eval metrics : accuracy: 0.797 ; loss: 0.421
2018-10-29 17:06:59,762:INFO: Epoch 15/30
2018-10-29 17:07:09,506:INFO: - Train metrics: accuracy: 0.826 ; loss: 0.383
2018-10-29 17:07:11,558:INFO: - Eval metrics : accuracy: 0.798 ; loss: 0.421
2018-10-29 17:07:11,596:INFO: Epoch 16/30
2018-10-29 17:07:22,751:INFO: - Train metrics: accuracy: 0.826 ; loss: 0.384
2018-10-29 17:07:24,901:INFO: - Eval metrics : accuracy: 0.799 ; loss: 0.420
2018-10-29 17:07:24,945:INFO: - Found new best accuracy
2018-10-29 17:07:24,946:INFO: Epoch 17/30
2018-10-29 17:07:34,618:INFO: - Train metrics: accuracy: 0.826 ; loss: 0.383
2018-10-29 17:07:36,749:INFO: - Eval metrics : accuracy: 0.799 ; loss: 0.420
2018-10-29 17:07:36,791:INFO: - Found new best accuracy
2018-10-29 17:07:36,792:INFO: Epoch 18/30
2018-10-29 17:07:46,728:INFO: - Train metrics: accuracy: 0.818 ; loss: 0.383
2018-10-29 17:07:48,780:INFO: - Eval metrics : accuracy: 0.800 ; loss: 0.419
2018-10-29 17:07:48,815:INFO: - Found new best accuracy
2018-10-29 17:07:48,816:INFO: Epoch 19/30
2018-10-29 17:07:58,941:INFO: - Train metrics: accuracy: 0.820 ; loss: 0.382
2018-10-29 17:08:01,254:INFO: - Eval metrics : accuracy: 0.800 ; loss: 0.419
2018-10-29 17:08:01,290:INFO: - Found new best accuracy
2018-10-29 17:08:01,290:INFO: Epoch 20/30
2018-10-29 17:08:11,716:INFO: - Train metrics: accuracy: 0.820 ; loss: 0.382
2018-10-29 17:08:13,989:INFO: - Eval metrics : accuracy: 0.800 ; loss: 0.419
2018-10-29 17:08:14,024:INFO: Epoch 21/30
2018-10-29 17:08:24,339:INFO: - Train metrics: accuracy: 0.820 ; loss: 0.382
2018-10-29 17:08:26,460:INFO: - Eval metrics : accuracy: 0.800 ; loss: 0.419
2018-10-29 17:08:26,491:INFO: - Found new best accuracy
2018-10-29 17:08:26,491:INFO: Epoch 22/30
2018-10-29 17:08:36,782:INFO: - Train metrics: accuracy: 0.823 ; loss: 0.382
2018-10-29 17:08:39,075:INFO: - Eval metrics : accuracy: 0.800 ; loss: 0.419
2018-10-29 17:08:39,117:INFO: Epoch 23/30
2018-10-29 17:08:49,582:INFO: - Train metrics: accuracy: 0.823 ; loss: 0.382
2018-10-29 17:08:51,704:INFO: - Eval metrics : accuracy: 0.800 ; loss: 0.419
2018-10-29 17:08:51,753:INFO: - Found new best accuracy
2018-10-29 17:08:51,753:INFO: Epoch 24/30
2018-10-29 17:09:01,721:INFO: - Train metrics: accuracy: 0.823 ; loss: 0.382
2018-10-29 17:09:03,834:INFO: - Eval metrics : accuracy: 0.800 ; loss: 0.419
2018-10-29 17:09:03,868:INFO: Epoch 25/30
2018-10-29 17:09:13,715:INFO: - Train metrics: accuracy: 0.823 ; loss: 0.382
2018-10-29 17:09:15,841:INFO: - Eval metrics : accuracy: 0.800 ; loss: 0.419
2018-10-29 17:09:15,880:INFO: Epoch 26/30
2018-10-29 17:09:26,270:INFO: - Train metrics: accuracy: 0.823 ; loss: 0.382
2018-10-29 17:09:28,432:INFO: - Eval metrics : accuracy: 0.800 ; loss: 0.419
2018-10-29 17:09:28,470:INFO: Epoch 27/30
2018-10-29 17:09:38,201:INFO: - Train metrics: accuracy: 0.823 ; loss: 0.382
2018-10-29 17:09:40,258:INFO: - Eval metrics : accuracy: 0.800 ; loss: 0.419
2018-10-29 17:09:40,296:INFO: Epoch 28/30
2018-10-29 17:09:50,036:INFO: - Train metrics: accuracy: 0.823 ; loss: 0.382
2018-10-29 17:09:52,170:INFO: - Eval metrics : accuracy: 0.800 ; loss: 0.419
2018-10-29 17:09:52,207:INFO: Epoch 29/30
2018-10-29 17:10:01,647:INFO: - Train metrics: accuracy: 0.823 ; loss: 0.382
2018-10-29 17:10:03,706:INFO: - Eval metrics : accuracy: 0.800 ; loss: 0.419
2018-10-29 17:10:03,742:INFO: Epoch 30/30
2018-10-29 17:10:14,835:INFO: - Train metrics: accuracy: 0.823 ; loss: 0.382
2018-10-29 17:10:17,142:INFO: - Eval metrics : accuracy: 0.800 ; loss: 0.419
2018-10-29 17:10:17,181:INFO: Total time (minutes) =6.261069079240163
