2018-10-29 16:25:28,966:INFO: Loading the dataset ...
2018-10-29 16:25:29,304:INFO: - done.
2018-10-29 16:25:31,262:INFO: Starting evaluation
2018-10-29 16:25:33,879:INFO: Labels=[0. 0. 1. 0. 0. 0. 0. 1. 0. 1.]
2018-10-29 16:25:33,879:INFO: Out prob=[0. 0. 0. 0. 0. 0. 0. 0. 0. 0.]
2018-10-29 16:25:33,879:INFO: ------------------------------------------------------------------------------------------------------------------------
2018-10-29 16:25:33,879:INFO: len labels after =16000
2018-10-29 16:25:33,879:INFO: len out_prob after16000
2018-10-29 16:25:33,879:INFO: length y_test=16000
2018-10-29 16:25:33,879:INFO: Lenght y_score=16000
2018-10-29 16:25:33,881:INFO: Length y_score 16000
2018-10-29 16:25:33,881:INFO: Length y_test 16000
2018-10-29 16:25:33,882:INFO: Thresholds[0:6] = 
 [1. 0.]
2018-10-29 16:25:33,882:INFO: Thresholds lenght = 
2
2018-10-29 16:25:33,882:INFO: fpr lenght2
2018-10-29 16:25:33,882:INFO: tpr lenght2
2018-10-29 16:25:33,882:INFO: ------------------------------------------------------------------------------------------------------------------------
2018-10-29 16:25:33,884:INFO: roc_auc=0.5
2018-10-29 16:25:33,884:INFO: ------------------------------------------------------------------------------------------------------------------------
2018-10-29 16:25:33,884:INFO: - Eval metrics : accuracy: 0.50006 ; loss: 13.81378
