2018-10-29 16:17:57,082:INFO: search_hyperparam_sample_name=top_qcd_jets_antikt_kt__40000_Njets_128_batch
2018-10-29 16:17:57,083:INFO: ------------------------------------------------------------
2018-10-29 16:17:57,083:INFO: Loading the datasets...
2018-10-29 16:17:58,281:INFO: - done loading the datasets
2018-10-29 16:17:58,281:INFO: ------------------------------------------------------------
2018-10-29 16:18:00,121:INFO: Building optimizer...
2018-10-29 16:18:00,122:INFO: Starting training for 30 epoch(s)
2018-10-29 16:18:00,122:INFO: Epoch 1/30
2018-10-29 16:18:14,235:INFO: - Train metrics: accuracy: 0.443 ; loss: 11.154
2018-10-29 16:18:16,415:INFO: - Eval metrics : accuracy: 0.500 ; loss: 13.816
2018-10-29 16:18:16,438:INFO: - Found new best accuracy
2018-10-29 16:18:16,438:INFO: Epoch 2/30
2018-10-29 16:18:29,293:INFO: - Train metrics: accuracy: 0.453 ; loss: 15.111
2018-10-29 16:18:31,450:INFO: - Eval metrics : accuracy: 0.500 ; loss: 13.816
2018-10-29 16:18:31,496:INFO: - Found new best accuracy
2018-10-29 16:18:31,497:INFO: Epoch 3/30
2018-10-29 16:18:44,299:INFO: - Train metrics: accuracy: 0.453 ; loss: 15.111
2018-10-29 16:18:46,475:INFO: - Eval metrics : accuracy: 0.500 ; loss: 13.816
2018-10-29 16:18:46,520:INFO: - Found new best accuracy
2018-10-29 16:18:46,520:INFO: Epoch 4/30
2018-10-29 16:18:59,108:INFO: - Train metrics: accuracy: 0.453 ; loss: 15.111
2018-10-29 16:19:01,319:INFO: - Eval metrics : accuracy: 0.500 ; loss: 13.816
2018-10-29 16:19:01,378:INFO: - Found new best accuracy
2018-10-29 16:19:01,379:INFO: Epoch 5/30
2018-10-29 16:19:13,908:INFO: - Train metrics: accuracy: 0.453 ; loss: 15.111
2018-10-29 16:19:16,091:INFO: - Eval metrics : accuracy: 0.500 ; loss: 13.816
2018-10-29 16:19:16,151:INFO: - Found new best accuracy
2018-10-29 16:19:16,152:INFO: Epoch 6/30
2018-10-29 16:19:28,912:INFO: - Train metrics: accuracy: 0.453 ; loss: 15.111
2018-10-29 16:19:31,093:INFO: - Eval metrics : accuracy: 0.500 ; loss: 13.816
2018-10-29 16:19:31,154:INFO: - Found new best accuracy
2018-10-29 16:19:31,155:INFO: Epoch 7/30
2018-10-29 16:19:44,250:INFO: - Train metrics: accuracy: 0.453 ; loss: 15.111
2018-10-29 16:19:46,404:INFO: - Eval metrics : accuracy: 0.500 ; loss: 13.816
2018-10-29 16:19:46,459:INFO: - Found new best accuracy
2018-10-29 16:19:46,460:INFO: Epoch 8/30
2018-10-29 16:19:59,297:INFO: - Train metrics: accuracy: 0.453 ; loss: 15.111
2018-10-29 16:20:01,470:INFO: - Eval metrics : accuracy: 0.500 ; loss: 13.816
2018-10-29 16:20:01,522:INFO: - Found new best accuracy
2018-10-29 16:20:01,522:INFO: Epoch 9/30
2018-10-29 16:20:14,054:INFO: - Train metrics: accuracy: 0.453 ; loss: 15.111
2018-10-29 16:20:16,220:INFO: - Eval metrics : accuracy: 0.500 ; loss: 13.816
2018-10-29 16:20:16,283:INFO: - Found new best accuracy
2018-10-29 16:20:16,283:INFO: Epoch 10/30
2018-10-29 16:20:28,791:INFO: - Train metrics: accuracy: 0.453 ; loss: 15.111
2018-10-29 16:20:30,971:INFO: - Eval metrics : accuracy: 0.500 ; loss: 13.816
2018-10-29 16:20:31,022:INFO: - Found new best accuracy
2018-10-29 16:20:31,023:INFO: Epoch 11/30
2018-10-29 16:20:43,823:INFO: - Train metrics: accuracy: 0.453 ; loss: 15.111
2018-10-29 16:20:46,155:INFO: - Eval metrics : accuracy: 0.500 ; loss: 13.816
2018-10-29 16:20:46,206:INFO: - Found new best accuracy
2018-10-29 16:20:46,206:INFO: Epoch 12/30
2018-10-29 16:20:58,649:INFO: - Train metrics: accuracy: 0.453 ; loss: 15.111
2018-10-29 16:21:00,791:INFO: - Eval metrics : accuracy: 0.500 ; loss: 13.816
2018-10-29 16:21:00,808:INFO: - Found new best accuracy
2018-10-29 16:21:00,809:INFO: Epoch 13/30
2018-10-29 16:21:13,651:INFO: - Train metrics: accuracy: 0.453 ; loss: 15.111
2018-10-29 16:21:15,819:INFO: - Eval metrics : accuracy: 0.500 ; loss: 13.816
2018-10-29 16:21:15,835:INFO: - Found new best accuracy
2018-10-29 16:21:15,836:INFO: Epoch 14/30
2018-10-29 16:21:28,384:INFO: - Train metrics: accuracy: 0.453 ; loss: 15.111
2018-10-29 16:21:30,547:INFO: - Eval metrics : accuracy: 0.500 ; loss: 13.816
2018-10-29 16:21:30,604:INFO: - Found new best accuracy
2018-10-29 16:21:30,605:INFO: Epoch 15/30
2018-10-29 16:21:42,990:INFO: - Train metrics: accuracy: 0.453 ; loss: 15.111
2018-10-29 16:21:45,156:INFO: - Eval metrics : accuracy: 0.500 ; loss: 13.816
2018-10-29 16:21:45,229:INFO: - Found new best accuracy
2018-10-29 16:21:45,230:INFO: Epoch 16/30
2018-10-29 16:21:57,884:INFO: - Train metrics: accuracy: 0.453 ; loss: 15.111
2018-10-29 16:22:00,082:INFO: - Eval metrics : accuracy: 0.500 ; loss: 13.816
2018-10-29 16:22:00,135:INFO: - Found new best accuracy
2018-10-29 16:22:00,136:INFO: Epoch 17/30
2018-10-29 16:22:12,585:INFO: - Train metrics: accuracy: 0.453 ; loss: 15.111
2018-10-29 16:22:14,928:INFO: - Eval metrics : accuracy: 0.500 ; loss: 13.816
2018-10-29 16:22:14,985:INFO: - Found new best accuracy
2018-10-29 16:22:14,985:INFO: Epoch 18/30
2018-10-29 16:22:27,433:INFO: - Train metrics: accuracy: 0.453 ; loss: 15.111
2018-10-29 16:22:29,582:INFO: - Eval metrics : accuracy: 0.500 ; loss: 13.816
2018-10-29 16:22:29,625:INFO: - Found new best accuracy
2018-10-29 16:22:29,626:INFO: Epoch 19/30
2018-10-29 16:22:42,105:INFO: - Train metrics: accuracy: 0.453 ; loss: 15.111
2018-10-29 16:22:44,478:INFO: - Eval metrics : accuracy: 0.500 ; loss: 13.816
2018-10-29 16:22:44,534:INFO: - Found new best accuracy
2018-10-29 16:22:44,535:INFO: Epoch 20/30
2018-10-29 16:22:56,984:INFO: - Train metrics: accuracy: 0.453 ; loss: 15.111
2018-10-29 16:22:59,151:INFO: - Eval metrics : accuracy: 0.500 ; loss: 13.816
2018-10-29 16:22:59,204:INFO: - Found new best accuracy
2018-10-29 16:22:59,205:INFO: Epoch 21/30
2018-10-29 16:23:11,780:INFO: - Train metrics: accuracy: 0.453 ; loss: 15.111
2018-10-29 16:23:13,920:INFO: - Eval metrics : accuracy: 0.500 ; loss: 13.816
2018-10-29 16:23:13,975:INFO: - Found new best accuracy
2018-10-29 16:23:13,975:INFO: Epoch 22/30
2018-10-29 16:23:26,368:INFO: - Train metrics: accuracy: 0.453 ; loss: 15.111
2018-10-29 16:23:28,537:INFO: - Eval metrics : accuracy: 0.500 ; loss: 13.816
2018-10-29 16:23:28,592:INFO: - Found new best accuracy
2018-10-29 16:23:28,593:INFO: Epoch 23/30
2018-10-29 16:23:41,611:INFO: - Train metrics: accuracy: 0.453 ; loss: 15.111
2018-10-29 16:23:43,778:INFO: - Eval metrics : accuracy: 0.500 ; loss: 13.816
2018-10-29 16:23:43,832:INFO: - Found new best accuracy
2018-10-29 16:23:43,833:INFO: Epoch 24/30
2018-10-29 16:23:56,156:INFO: - Train metrics: accuracy: 0.453 ; loss: 15.111
2018-10-29 16:23:58,308:INFO: - Eval metrics : accuracy: 0.500 ; loss: 13.816
2018-10-29 16:23:58,361:INFO: - Found new best accuracy
2018-10-29 16:23:58,362:INFO: Epoch 25/30
2018-10-29 16:24:10,701:INFO: - Train metrics: accuracy: 0.453 ; loss: 15.111
2018-10-29 16:24:12,865:INFO: - Eval metrics : accuracy: 0.500 ; loss: 13.816
2018-10-29 16:24:12,924:INFO: - Found new best accuracy
2018-10-29 16:24:12,925:INFO: Epoch 26/30
2018-10-29 16:24:25,173:INFO: - Train metrics: accuracy: 0.453 ; loss: 15.111
2018-10-29 16:24:27,327:INFO: - Eval metrics : accuracy: 0.500 ; loss: 13.816
2018-10-29 16:24:27,388:INFO: - Found new best accuracy
2018-10-29 16:24:27,389:INFO: Epoch 27/30
2018-10-29 16:24:39,761:INFO: - Train metrics: accuracy: 0.453 ; loss: 15.111
2018-10-29 16:24:41,975:INFO: - Eval metrics : accuracy: 0.500 ; loss: 13.816
2018-10-29 16:24:42,032:INFO: - Found new best accuracy
2018-10-29 16:24:42,033:INFO: Epoch 28/30
2018-10-29 16:24:54,796:INFO: - Train metrics: accuracy: 0.453 ; loss: 15.111
2018-10-29 16:24:56,960:INFO: - Eval metrics : accuracy: 0.500 ; loss: 13.816
2018-10-29 16:24:56,977:INFO: - Found new best accuracy
2018-10-29 16:24:56,978:INFO: Epoch 29/30
2018-10-29 16:25:09,393:INFO: - Train metrics: accuracy: 0.453 ; loss: 15.111
2018-10-29 16:25:11,555:INFO: - Eval metrics : accuracy: 0.500 ; loss: 13.816
2018-10-29 16:25:11,618:INFO: - Found new best accuracy
2018-10-29 16:25:11,619:INFO: Epoch 30/30
2018-10-29 16:25:24,857:INFO: - Train metrics: accuracy: 0.453 ; loss: 15.111
2018-10-29 16:25:27,054:INFO: - Eval metrics : accuracy: 0.500 ; loss: 13.816
2018-10-29 16:25:27,141:INFO: - Found new best accuracy
2018-10-29 16:25:27,142:INFO: Total time (minutes) =7.500990935166677
