2018-10-29 16:37:50,365:INFO: Loading the dataset ...
2018-10-29 16:37:50,729:INFO: - done.
2018-10-29 16:37:52,547:INFO: Starting evaluation
2018-10-29 16:37:56,898:INFO: Labels=[0. 0. 1. 0. 0. 0. 0. 1. 0. 1.]
2018-10-29 16:37:56,898:INFO: Out prob=[5.91102349e-08 7.04076946e-01 9.78381991e-01 8.02019298e-01
 5.53684473e-01 1.30171468e-13 1.84017560e-03 7.26241469e-01
 2.15420518e-02 9.41281319e-01]
2018-10-29 16:37:56,898:INFO: ------------------------------------------------------------------------------------------------------------------------
2018-10-29 16:37:56,898:INFO: len labels after =16000
2018-10-29 16:37:56,898:INFO: len out_prob after16000
2018-10-29 16:37:56,898:INFO: length y_test=16000
2018-10-29 16:37:56,898:INFO: Lenght y_score=16000
2018-10-29 16:37:56,902:INFO: Length y_score 16000
2018-10-29 16:37:56,902:INFO: Length y_test 16000
2018-10-29 16:37:56,902:INFO: Thresholds[0:6] = 
 [0.97847742 0.97838199 0.97815418 0.97684276 0.97584778 0.97544199]
2018-10-29 16:37:56,902:INFO: Thresholds lenght = 
15991
2018-10-29 16:37:56,902:INFO: fpr lenght15991
2018-10-29 16:37:56,902:INFO: tpr lenght15991
2018-10-29 16:37:57,010:INFO: ------------------------------------------------------------------------------------------------------------------------
2018-10-29 16:37:57,014:INFO: roc_auc=0.885186943518546
2018-10-29 16:37:57,014:INFO: ------------------------------------------------------------------------------------------------------------------------
2018-10-29 16:37:57,015:INFO: - Eval metrics : accuracy: 0.80100 ; loss: 0.41503
