2018-10-29 16:24:48,065:INFO: search_hyperparam_sample_name=top_qcd_jets_antikt_kt__40000_Njets_64_batch
2018-10-29 16:24:48,065:INFO: ------------------------------------------------------------
2018-10-29 16:24:48,066:INFO: Loading the datasets...
2018-10-29 16:24:49,177:INFO: - done loading the datasets
2018-10-29 16:24:49,177:INFO: ------------------------------------------------------------
2018-10-29 16:24:50,727:INFO: Building optimizer...
2018-10-29 16:24:50,727:INFO: Starting training for 35 epoch(s)
2018-10-29 16:24:50,728:INFO: Epoch 1/35
2018-10-29 16:25:11,613:INFO: - Train metrics: accuracy: 0.732 ; loss: 0.741
2018-10-29 16:25:16,181:INFO: - Eval metrics : accuracy: 0.763 ; loss: 0.476
2018-10-29 16:25:16,192:INFO: - Found new best accuracy
2018-10-29 16:25:16,192:INFO: Epoch 2/35
2018-10-29 16:25:34,629:INFO: - Train metrics: accuracy: 0.773 ; loss: 0.471
2018-10-29 16:25:39,044:INFO: - Eval metrics : accuracy: 0.764 ; loss: 0.479
2018-10-29 16:25:39,047:INFO: - Found new best accuracy
2018-10-29 16:25:39,048:INFO: Epoch 3/35
2018-10-29 16:26:00,084:INFO: - Train metrics: accuracy: 0.776 ; loss: 0.465
2018-10-29 16:26:04,399:INFO: - Eval metrics : accuracy: 0.772 ; loss: 0.461
2018-10-29 16:26:04,434:INFO: - Found new best accuracy
2018-10-29 16:26:04,435:INFO: Epoch 4/35
2018-10-29 16:26:26,094:INFO: - Train metrics: accuracy: 0.789 ; loss: 0.439
2018-10-29 16:26:30,638:INFO: - Eval metrics : accuracy: 0.771 ; loss: 0.460
2018-10-29 16:26:30,675:INFO: Epoch 5/35
2018-10-29 16:26:50,255:INFO: - Train metrics: accuracy: 0.786 ; loss: 0.431
2018-10-29 16:26:54,944:INFO: - Eval metrics : accuracy: 0.782 ; loss: 0.443
2018-10-29 16:26:54,975:INFO: - Found new best accuracy
2018-10-29 16:26:54,976:INFO: Epoch 6/35
2018-10-29 16:27:14,394:INFO: - Train metrics: accuracy: 0.799 ; loss: 0.419
2018-10-29 16:27:18,977:INFO: - Eval metrics : accuracy: 0.788 ; loss: 0.440
2018-10-29 16:27:19,019:INFO: - Found new best accuracy
2018-10-29 16:27:19,020:INFO: Epoch 7/35
2018-10-29 16:27:37,191:INFO: - Train metrics: accuracy: 0.810 ; loss: 0.417
2018-10-29 16:27:41,674:INFO: - Eval metrics : accuracy: 0.791 ; loss: 0.437
2018-10-29 16:27:41,712:INFO: - Found new best accuracy
2018-10-29 16:27:41,712:INFO: Epoch 8/35
2018-10-29 16:28:01,699:INFO: - Train metrics: accuracy: 0.807 ; loss: 0.413
2018-10-29 16:28:06,461:INFO: - Eval metrics : accuracy: 0.790 ; loss: 0.434
2018-10-29 16:28:06,498:INFO: Epoch 9/35
2018-10-29 16:28:26,142:INFO: - Train metrics: accuracy: 0.799 ; loss: 0.401
2018-10-29 16:28:30,658:INFO: - Eval metrics : accuracy: 0.792 ; loss: 0.432
2018-10-29 16:28:30,686:INFO: - Found new best accuracy
2018-10-29 16:28:30,687:INFO: Epoch 10/35
2018-10-29 16:28:49,923:INFO: - Train metrics: accuracy: 0.805 ; loss: 0.396
2018-10-29 16:28:54,535:INFO: - Eval metrics : accuracy: 0.793 ; loss: 0.430
2018-10-29 16:28:54,576:INFO: - Found new best accuracy
2018-10-29 16:28:54,577:INFO: Epoch 11/35
2018-10-29 16:29:13,613:INFO: - Train metrics: accuracy: 0.802 ; loss: 0.389
2018-10-29 16:29:18,135:INFO: - Eval metrics : accuracy: 0.801 ; loss: 0.422
2018-10-29 16:29:18,164:INFO: - Found new best accuracy
2018-10-29 16:29:18,165:INFO: Epoch 12/35
2018-10-29 16:29:36,236:INFO: - Train metrics: accuracy: 0.810 ; loss: 0.378
2018-10-29 16:29:39,987:INFO: - Eval metrics : accuracy: 0.803 ; loss: 0.418
2018-10-29 16:29:40,024:INFO: - Found new best accuracy
2018-10-29 16:29:40,025:INFO: Epoch 13/35
2018-10-29 16:29:59,226:INFO: - Train metrics: accuracy: 0.815 ; loss: 0.374
2018-10-29 16:30:03,172:INFO: - Eval metrics : accuracy: 0.803 ; loss: 0.415
2018-10-29 16:30:03,201:INFO: Epoch 14/35
2018-10-29 16:30:22,065:INFO: - Train metrics: accuracy: 0.823 ; loss: 0.367
2018-10-29 16:30:26,549:INFO: - Eval metrics : accuracy: 0.804 ; loss: 0.414
2018-10-29 16:30:26,594:INFO: - Found new best accuracy
2018-10-29 16:30:26,594:INFO: Epoch 15/35
2018-10-29 16:30:45,555:INFO: - Train metrics: accuracy: 0.820 ; loss: 0.366
2018-10-29 16:30:49,292:INFO: - Eval metrics : accuracy: 0.806 ; loss: 0.412
2018-10-29 16:30:49,331:INFO: - Found new best accuracy
2018-10-29 16:30:49,332:INFO: Epoch 16/35
2018-10-29 16:31:07,498:INFO: - Train metrics: accuracy: 0.831 ; loss: 0.363
2018-10-29 16:31:11,247:INFO: - Eval metrics : accuracy: 0.806 ; loss: 0.411
2018-10-29 16:31:11,250:INFO: - Found new best accuracy
2018-10-29 16:31:11,250:INFO: Epoch 17/35
2018-10-29 16:31:29,047:INFO: - Train metrics: accuracy: 0.833 ; loss: 0.359
2018-10-29 16:31:32,792:INFO: - Eval metrics : accuracy: 0.806 ; loss: 0.410
2018-10-29 16:31:32,829:INFO: - Found new best accuracy
2018-10-29 16:31:32,830:INFO: Epoch 18/35
2018-10-29 16:31:50,510:INFO: - Train metrics: accuracy: 0.836 ; loss: 0.358
2018-10-29 16:31:54,244:INFO: - Eval metrics : accuracy: 0.806 ; loss: 0.410
2018-10-29 16:31:54,285:INFO: - Found new best accuracy
2018-10-29 16:31:54,286:INFO: Epoch 19/35
2018-10-29 16:32:12,113:INFO: - Train metrics: accuracy: 0.831 ; loss: 0.358
2018-10-29 16:32:15,849:INFO: - Eval metrics : accuracy: 0.806 ; loss: 0.410
2018-10-29 16:32:15,888:INFO: - Found new best accuracy
2018-10-29 16:32:15,889:INFO: Epoch 20/35
2018-10-29 16:32:33,584:INFO: - Train metrics: accuracy: 0.831 ; loss: 0.359
2018-10-29 16:32:37,299:INFO: - Eval metrics : accuracy: 0.806 ; loss: 0.410
2018-10-29 16:32:37,325:INFO: Epoch 21/35
2018-10-29 16:32:54,801:INFO: - Train metrics: accuracy: 0.836 ; loss: 0.359
2018-10-29 16:32:58,515:INFO: - Eval metrics : accuracy: 0.806 ; loss: 0.410
2018-10-29 16:32:58,564:INFO: Epoch 22/35
2018-10-29 16:33:14,943:INFO: - Train metrics: accuracy: 0.836 ; loss: 0.360
2018-10-29 16:33:18,664:INFO: - Eval metrics : accuracy: 0.807 ; loss: 0.410
2018-10-29 16:33:18,667:INFO: - Found new best accuracy
2018-10-29 16:33:18,667:INFO: Epoch 23/35
2018-10-29 16:33:35,566:INFO: - Train metrics: accuracy: 0.839 ; loss: 0.361
2018-10-29 16:33:39,285:INFO: - Eval metrics : accuracy: 0.807 ; loss: 0.410
2018-10-29 16:33:39,343:INFO: - Found new best accuracy
2018-10-29 16:33:39,344:INFO: Epoch 24/35
2018-10-29 16:33:56,219:INFO: - Train metrics: accuracy: 0.833 ; loss: 0.361
2018-10-29 16:33:59,937:INFO: - Eval metrics : accuracy: 0.808 ; loss: 0.409
2018-10-29 16:33:59,974:INFO: - Found new best accuracy
2018-10-29 16:33:59,974:INFO: Epoch 25/35
2018-10-29 16:34:16,055:INFO: - Train metrics: accuracy: 0.836 ; loss: 0.361
2018-10-29 16:34:19,709:INFO: - Eval metrics : accuracy: 0.808 ; loss: 0.409
2018-10-29 16:34:19,743:INFO: Epoch 26/35
2018-10-29 16:34:36,281:INFO: - Train metrics: accuracy: 0.833 ; loss: 0.362
2018-10-29 16:34:39,959:INFO: - Eval metrics : accuracy: 0.808 ; loss: 0.409
2018-10-29 16:34:39,997:INFO: - Found new best accuracy
2018-10-29 16:34:39,997:INFO: Epoch 27/35
2018-10-29 16:34:56,397:INFO: - Train metrics: accuracy: 0.833 ; loss: 0.362
2018-10-29 16:35:00,103:INFO: - Eval metrics : accuracy: 0.808 ; loss: 0.409
2018-10-29 16:35:00,146:INFO: - Found new best accuracy
2018-10-29 16:35:00,146:INFO: Epoch 28/35
2018-10-29 16:35:16,282:INFO: - Train metrics: accuracy: 0.833 ; loss: 0.362
2018-10-29 16:35:19,926:INFO: - Eval metrics : accuracy: 0.808 ; loss: 0.409
2018-10-29 16:35:19,929:INFO: Epoch 29/35
2018-10-29 16:35:36,223:INFO: - Train metrics: accuracy: 0.833 ; loss: 0.361
2018-10-29 16:35:39,872:INFO: - Eval metrics : accuracy: 0.808 ; loss: 0.408
2018-10-29 16:35:39,891:INFO: Epoch 30/35
2018-10-29 16:35:57,022:INFO: - Train metrics: accuracy: 0.833 ; loss: 0.362
2018-10-29 16:36:01,682:INFO: - Eval metrics : accuracy: 0.807 ; loss: 0.408
2018-10-29 16:36:01,722:INFO: Epoch 31/35
2018-10-29 16:36:18,467:INFO: - Train metrics: accuracy: 0.833 ; loss: 0.362
2018-10-29 16:36:22,187:INFO: - Eval metrics : accuracy: 0.807 ; loss: 0.408
2018-10-29 16:36:22,228:INFO: Epoch 32/35
2018-10-29 16:36:39,550:INFO: - Train metrics: accuracy: 0.833 ; loss: 0.362
2018-10-29 16:36:43,278:INFO: - Eval metrics : accuracy: 0.807 ; loss: 0.408
2018-10-29 16:36:43,280:INFO: Epoch 33/35
2018-10-29 16:37:00,992:INFO: - Train metrics: accuracy: 0.833 ; loss: 0.361
2018-10-29 16:37:04,711:INFO: - Eval metrics : accuracy: 0.807 ; loss: 0.408
2018-10-29 16:37:04,750:INFO: Epoch 34/35
2018-10-29 16:37:22,524:INFO: - Train metrics: accuracy: 0.831 ; loss: 0.361
2018-10-29 16:37:26,362:INFO: - Eval metrics : accuracy: 0.807 ; loss: 0.408
2018-10-29 16:37:26,397:INFO: Epoch 35/35
2018-10-29 16:37:44,736:INFO: - Train metrics: accuracy: 0.831 ; loss: 0.361
2018-10-29 16:37:48,491:INFO: - Eval metrics : accuracy: 0.807 ; loss: 0.408
2018-10-29 16:37:48,531:INFO: Total time (minutes) =13.007769163449606
