2018-10-21 13:54:44,603:INFO: Loading the dataset ...
2018-10-21 13:54:44,956:INFO: - done.
2018-10-21 13:54:48,699:INFO: Starting evaluation
2018-10-21 13:54:56,528:INFO: Labels=[0. 0. 1. 0. 0. 0. 0. 1. 0. 1.]
2018-10-21 13:54:56,528:INFO: Out prob=[0.16718918 0.32379088 0.40198061 0.70297205 0.6722278  0.07072043
 0.06813151 0.92959946 0.75011528 0.93771046]
2018-10-21 13:54:56,528:INFO: ------------------------------------------------------------------------------------------------------------------------
2018-10-21 13:54:56,528:INFO: len labels after =16000
2018-10-21 13:54:56,528:INFO: len out_prob after16000
2018-10-21 13:54:56,528:INFO: length y_test=16000
2018-10-21 13:54:56,528:INFO: Lenght y_score=16000
2018-10-21 13:54:56,531:INFO: Length y_score 16000
2018-10-21 13:54:56,531:INFO: Length y_test 16000
2018-10-21 13:54:56,532:INFO: Thresholds[0:6] = 
 [0.99952221 0.99927741 0.99908221 0.99806458 0.99747652 0.99696487]
2018-10-21 13:54:56,532:INFO: Thresholds lenght = 
15962
2018-10-21 13:54:56,532:INFO: fpr lenght15962
2018-10-21 13:54:56,532:INFO: tpr lenght15962
2018-10-21 13:54:56,641:INFO: ------------------------------------------------------------------------------------------------------------------------
2018-10-21 13:54:56,647:INFO: roc_auc=0.8800925606264464
2018-10-21 13:54:56,647:INFO: ------------------------------------------------------------------------------------------------------------------------
2018-10-21 13:54:56,648:INFO: - Eval metrics : accuracy: 0.814 ; loss: 0.430
