2018-10-29 17:36:03,039:INFO: Loading the dataset ...
2018-10-29 17:36:03,294:INFO: - done.
2018-10-29 17:36:05,001:INFO: Starting evaluation
2018-10-29 17:36:06,493:INFO: Labels=[0. 0. 1. 0. 0. 0. 0. 1. 0. 1.]
2018-10-29 17:36:06,493:INFO: Out prob=[1.68402068e-04 6.91406012e-01 9.05227184e-01 7.49187410e-01
 6.56762004e-01 7.52539506e-07 5.21943951e-03 7.63001800e-01
 1.87317524e-02 9.17679071e-01]
2018-10-29 17:36:06,493:INFO: ------------------------------------------------------------------------------------------------------------------------
2018-10-29 17:36:06,493:INFO: len labels after =15872
2018-10-29 17:36:06,493:INFO: len out_prob after15872
2018-10-29 17:36:06,494:INFO: length y_test=15872
2018-10-29 17:36:06,494:INFO: Lenght y_score=15872
2018-10-29 17:36:06,497:INFO: Length y_score 15872
2018-10-29 17:36:06,497:INFO: Length y_test 15872
2018-10-29 17:36:06,497:INFO: Thresholds[0:6] = 
 [0.97901797 0.97176826 0.9697777  0.96957314 0.96940303 0.96853638]
2018-10-29 17:36:06,497:INFO: Thresholds lenght = 
15864
2018-10-29 17:36:06,497:INFO: fpr lenght15864
2018-10-29 17:36:06,497:INFO: tpr lenght15864
2018-10-29 17:36:06,547:INFO: ------------------------------------------------------------------------------------------------------------------------
2018-10-29 17:36:06,551:INFO: roc_auc=0.8786705247321311
2018-10-29 17:36:06,552:INFO: ------------------------------------------------------------------------------------------------------------------------
2018-10-29 17:36:06,552:INFO: - Eval metrics : accuracy: 0.79851 ; loss: 0.42431
