2018-10-29 21:41:02,933:INFO: Loading the dataset ...
2018-10-29 21:41:03,576:INFO: - done.
2018-10-29 21:41:05,209:INFO: Starting evaluation
2018-10-29 21:41:09,850:INFO: Labels=[1. 0. 0. 0. 1. 0. 0. 1. 1. 0.]
2018-10-29 21:41:09,851:INFO: Out prob=[9.99892712e-01 3.42469360e-03 4.32362169e-01 6.33242482e-04
 9.02967632e-01 9.63764250e-01 1.11010857e-15 9.99891281e-01
 9.95994329e-01 2.30705045e-04]
2018-10-29 21:41:09,851:INFO: ------------------------------------------------------------------------------------------------------------------------
2018-10-29 21:41:09,851:INFO: len labels after =32000
2018-10-29 21:41:09,851:INFO: len out_prob after32000
2018-10-29 21:41:09,851:INFO: length y_test=32000
2018-10-29 21:41:09,851:INFO: Lenght y_score=32000
2018-10-29 21:41:09,857:INFO: Length y_score 32000
2018-10-29 21:41:09,857:INFO: Length y_test 32000
2018-10-29 21:41:09,857:INFO: Thresholds[0:6] = 
 [0.9999944  0.99999273 0.99999154 0.99998963 0.99998939 0.9999876 ]
2018-10-29 21:41:09,857:INFO: Thresholds lenght = 
31404
2018-10-29 21:41:09,857:INFO: fpr lenght31404
2018-10-29 21:41:09,857:INFO: tpr lenght31404
2018-10-29 21:41:10,002:INFO: ------------------------------------------------------------------------------------------------------------------------
2018-10-29 21:41:10,009:INFO: roc_auc=0.9794669784354179
2018-10-29 21:41:10,009:INFO: ------------------------------------------------------------------------------------------------------------------------
2018-10-29 21:41:10,010:INFO: - Eval metrics : accuracy: 0.92703 ; loss: 0.18456
