2018-10-21 23:19:17,653:INFO: Loading the dataset ...
2018-10-21 23:19:18,018:INFO: - done.
2018-10-21 23:19:22,809:INFO: Starting evaluation
2018-10-21 23:19:25,462:INFO: Labels=[0. 0. 1. 0. 0. 0. 0. 1. 0. 1.]
2018-10-21 23:19:25,462:INFO: Out prob=[5.57709001e-02 4.11221117e-01 5.80732584e-01 6.84845686e-01
 8.86041999e-01 7.30981759e-04 1.03709511e-02 8.94973695e-01
 4.45343882e-01 9.57994699e-01]
2018-10-21 23:19:25,463:INFO: ------------------------------------------------------------------------------------------------------------------------
2018-10-21 23:19:25,463:INFO: len labels after =15872
2018-10-21 23:19:25,463:INFO: len out_prob after15872
2018-10-21 23:19:25,463:INFO: length y_test=15872
2018-10-21 23:19:25,463:INFO: Lenght y_score=15872
2018-10-21 23:19:25,466:INFO: Length y_score 15872
2018-10-21 23:19:25,466:INFO: Length y_test 15872
2018-10-21 23:19:25,466:INFO: Thresholds[0:6] = 
 [0.99974686 0.99857008 0.99812669 0.99810129 0.99765271 0.99761617]
2018-10-21 23:19:25,466:INFO: Thresholds lenght = 
15865
2018-10-21 23:19:25,466:INFO: fpr lenght15865
2018-10-21 23:19:25,466:INFO: tpr lenght15865
2018-10-21 23:19:25,514:INFO: ------------------------------------------------------------------------------------------------------------------------
2018-10-21 23:19:25,517:INFO: roc_auc=0.9025711869349962
2018-10-21 23:19:25,517:INFO: ------------------------------------------------------------------------------------------------------------------------
2018-10-21 23:19:25,518:INFO: - Eval metrics : accuracy: 0.822 ; loss: 0.388
