2018-10-29 15:59:31,083:INFO: Loading the dataset ...
2018-10-29 15:59:31,405:INFO: - done.
2018-10-29 15:59:33,111:INFO: Starting evaluation
2018-10-29 15:59:33,834:INFO: Labels=[0. 0. 1. 0. 0. 0. 0. 1. 0. 1.]
2018-10-29 15:59:33,834:INFO: Out prob=[2.70666696e-05 8.55147243e-01 9.50727820e-01 7.67903864e-01
 3.86003494e-01 4.58169353e-07 6.42913103e-04 6.69086397e-01
 3.22740823e-02 9.31561708e-01]
2018-10-29 15:59:33,834:INFO: ------------------------------------------------------------------------------------------------------------------------
2018-10-29 15:59:33,834:INFO: len labels after =15360
2018-10-29 15:59:33,834:INFO: len out_prob after15360
2018-10-29 15:59:33,834:INFO: length y_test=15360
2018-10-29 15:59:33,834:INFO: Lenght y_score=15360
2018-10-29 15:59:33,837:INFO: Length y_score 15360
2018-10-29 15:59:33,837:INFO: Length y_test 15360
2018-10-29 15:59:33,837:INFO: Thresholds[0:6] = 
 [0.98289537 0.98127019 0.98110551 0.97984904 0.9797824  0.97968584]
2018-10-29 15:59:33,838:INFO: Thresholds lenght = 
15353
2018-10-29 15:59:33,838:INFO: fpr lenght15353
2018-10-29 15:59:33,838:INFO: tpr lenght15353
2018-10-29 15:59:33,884:INFO: ------------------------------------------------------------------------------------------------------------------------
2018-10-29 15:59:33,888:INFO: roc_auc=0.8877467835786064
2018-10-29 15:59:33,888:INFO: ------------------------------------------------------------------------------------------------------------------------
2018-10-29 15:59:33,888:INFO: - Eval metrics : accuracy: 0.80449 ; loss: 0.41164
