2018-10-29 21:46:31,117:INFO: Loading the dataset ...
2018-10-29 21:46:31,622:INFO: - done.
2018-10-29 21:46:33,208:INFO: Starting evaluation
2018-10-29 21:46:37,799:INFO: Labels=[1. 0. 0. 0. 1. 0. 0. 1. 1. 0.]
2018-10-29 21:46:37,800:INFO: Out prob=[9.98400271e-01 5.12739904e-02 3.59044820e-01 6.12203847e-04
 8.98253858e-01 9.79848921e-01 9.13121881e-25 9.97437477e-01
 9.97068942e-01 3.17651546e-03]
2018-10-29 21:46:37,800:INFO: ------------------------------------------------------------------------------------------------------------------------
2018-10-29 21:46:37,800:INFO: len labels after =32000
2018-10-29 21:46:37,800:INFO: len out_prob after32000
2018-10-29 21:46:37,800:INFO: length y_test=32000
2018-10-29 21:46:37,800:INFO: Lenght y_score=32000
2018-10-29 21:46:37,806:INFO: Length y_score 32000
2018-10-29 21:46:37,806:INFO: Length y_test 32000
2018-10-29 21:46:37,806:INFO: Thresholds[0:6] = 
 [0.9998703  0.99985099 0.99985015 0.99984956 0.99984837 0.99984384]
2018-10-29 21:46:37,806:INFO: Thresholds lenght = 
31422
2018-10-29 21:46:37,806:INFO: fpr lenght31422
2018-10-29 21:46:37,806:INFO: tpr lenght31422
2018-10-29 21:46:37,928:INFO: ------------------------------------------------------------------------------------------------------------------------
2018-10-29 21:46:37,936:INFO: roc_auc=0.9810910018792617
2018-10-29 21:46:37,936:INFO: ------------------------------------------------------------------------------------------------------------------------
2018-10-29 21:46:37,937:INFO: - Eval metrics : accuracy: 0.92966 ; loss: 0.17504
