2018-10-29 17:43:59,674:INFO: Loading the dataset ...
2018-10-29 17:44:00,032:INFO: - done.
2018-10-29 17:44:01,917:INFO: Starting evaluation
2018-10-29 17:44:04,914:INFO: Labels=[0. 0. 1. 0. 0. 0. 0. 1. 0. 1.]
2018-10-29 17:44:04,914:INFO: Out prob=[7.19300124e-06 8.25247943e-01 8.86982143e-01 8.50670397e-01
 5.50216019e-01 2.42348674e-09 3.08801711e-04 7.47945070e-01
 5.70057221e-02 8.41401100e-01]
2018-10-29 17:44:04,914:INFO: ------------------------------------------------------------------------------------------------------------------------
2018-10-29 17:44:04,914:INFO: len labels after =16000
2018-10-29 17:44:04,914:INFO: len out_prob after16000
2018-10-29 17:44:04,914:INFO: length y_test=16000
2018-10-29 17:44:04,914:INFO: Lenght y_score=16000
2018-10-29 17:44:04,918:INFO: Length y_score 16000
2018-10-29 17:44:04,919:INFO: Length y_test 16000
2018-10-29 17:44:04,919:INFO: Thresholds[0:6] = 
 [0.99385059 0.99381763 0.9930051  0.99263871 0.99229175 0.99213481]
2018-10-29 17:44:04,919:INFO: Thresholds lenght = 
15991
2018-10-29 17:44:04,919:INFO: fpr lenght15991
2018-10-29 17:44:04,919:INFO: tpr lenght15991
2018-10-29 17:44:04,985:INFO: ------------------------------------------------------------------------------------------------------------------------
2018-10-29 17:44:04,991:INFO: roc_auc=0.8971482483929414
2018-10-29 17:44:04,991:INFO: ------------------------------------------------------------------------------------------------------------------------
2018-10-29 17:44:04,992:INFO: - Eval metrics : accuracy: 0.81512 ; loss: 0.39286
