2018-10-21 13:00:52,110:INFO: Loading the dataset ...
2018-10-21 13:00:52,538:INFO: - done.
2018-10-21 13:00:56,370:INFO: Starting evaluation
2018-10-21 13:01:10,182:INFO: Labels=[0. 0. 1. 0. 0. 0. 0. 1. 0. 1.]
2018-10-21 13:01:10,182:INFO: Out prob=[0.29701254 0.03640514 0.37193802 0.59089911 0.82858413 0.01721645
 0.11773768 0.87469453 0.08844821 0.97100472]
2018-10-21 13:01:10,182:INFO: ------------------------------------------------------------------------------------------------------------------------
2018-10-21 13:01:10,182:INFO: len labels after =16000
2018-10-21 13:01:10,182:INFO: len out_prob after16000
2018-10-21 13:01:10,182:INFO: length y_test=16000
2018-10-21 13:01:10,183:INFO: Lenght y_score=16000
2018-10-21 13:01:10,186:INFO: Length y_score 16000
2018-10-21 13:01:10,186:INFO: Length y_test 16000
2018-10-21 13:01:10,186:INFO: Thresholds[0:6] = 
 [0.99918133 0.99889117 0.99861717 0.99858463 0.99851602 0.99839789]
2018-10-21 13:01:10,186:INFO: Thresholds lenght = 
15993
2018-10-21 13:01:10,186:INFO: fpr lenght15993
2018-10-21 13:01:10,186:INFO: tpr lenght15993
2018-10-21 13:01:10,231:INFO: ------------------------------------------------------------------------------------------------------------------------
2018-10-21 13:01:10,235:INFO: roc_auc=0.8946805296043833
2018-10-21 13:01:10,235:INFO: ------------------------------------------------------------------------------------------------------------------------
2018-10-21 13:01:10,236:INFO: - Eval metrics : accuracy: 0.820 ; loss: 0.408
