2018-10-21 11:53:57,918:INFO: sample_name=top_qcd_jets_antikt_kt__40000_Njets_64_batch
2018-10-21 11:53:57,918:INFO: ------------------------------------------------------------
2018-10-21 11:53:57,919:INFO: Loading the datasets...
2018-10-21 11:53:59,649:INFO: - done loading the datasets
2018-10-21 11:53:59,649:INFO: ------------------------------------------------------------
2018-10-21 11:54:04,419:INFO: Building optimizer...
2018-10-21 11:54:04,420:INFO: Starting training for 30 epoch(s)
2018-10-21 11:54:04,420:INFO: Epoch 1/30
2018-10-21 11:56:02,233:INFO: - Train metrics: accuracy: 0.635 ; loss: 0.648
2018-10-21 11:56:18,834:INFO: - Eval metrics : accuracy: 0.779 ; loss: 0.496
2018-10-21 11:56:19,023:INFO: - Found new best accuracy
2018-10-21 11:56:19,024:INFO: Epoch 2/30
2018-10-21 11:58:16,890:INFO: - Train metrics: accuracy: 0.789 ; loss: 0.477
2018-10-21 11:58:30,211:INFO: - Eval metrics : accuracy: 0.796 ; loss: 0.453
2018-10-21 11:58:30,240:INFO: - Found new best accuracy
2018-10-21 11:58:30,241:INFO: Epoch 3/30
2018-10-21 12:00:26,508:INFO: - Train metrics: accuracy: 0.805 ; loss: 0.432
2018-10-21 12:00:42,993:INFO: - Eval metrics : accuracy: 0.793 ; loss: 0.450
2018-10-21 12:00:43,033:INFO: Epoch 4/30
2018-10-21 12:02:38,989:INFO: - Train metrics: accuracy: 0.815 ; loss: 0.428
2018-10-21 12:02:52,331:INFO: - Eval metrics : accuracy: 0.806 ; loss: 0.428
2018-10-21 12:02:52,370:INFO: - Found new best accuracy
2018-10-21 12:02:52,371:INFO: Epoch 5/30
2018-10-21 12:04:48,801:INFO: - Train metrics: accuracy: 0.815 ; loss: 0.400
2018-10-21 12:05:02,217:INFO: - Eval metrics : accuracy: 0.809 ; loss: 0.423
2018-10-21 12:05:02,246:INFO: - Found new best accuracy
2018-10-21 12:05:02,247:INFO: Epoch 6/30
2018-10-21 12:06:58,031:INFO: - Train metrics: accuracy: 0.810 ; loss: 0.409
2018-10-21 12:07:11,404:INFO: - Eval metrics : accuracy: 0.810 ; loss: 0.420
2018-10-21 12:07:11,441:INFO: - Found new best accuracy
2018-10-21 12:07:11,441:INFO: Epoch 7/30
2018-10-21 12:09:08,886:INFO: - Train metrics: accuracy: 0.807 ; loss: 0.399
2018-10-21 12:09:22,308:INFO: - Eval metrics : accuracy: 0.812 ; loss: 0.420
2018-10-21 12:09:22,348:INFO: - Found new best accuracy
2018-10-21 12:09:22,349:INFO: Epoch 8/30
2018-10-21 12:11:23,501:INFO: - Train metrics: accuracy: 0.805 ; loss: 0.403
2018-10-21 12:11:36,890:INFO: - Eval metrics : accuracy: 0.814 ; loss: 0.419
2018-10-21 12:11:36,953:INFO: - Found new best accuracy
2018-10-21 12:11:36,953:INFO: Epoch 9/30
2018-10-21 12:13:32,897:INFO: - Train metrics: accuracy: 0.818 ; loss: 0.401
2018-10-21 12:13:47,349:INFO: - Eval metrics : accuracy: 0.814 ; loss: 0.416
2018-10-21 12:13:47,390:INFO: - Found new best accuracy
2018-10-21 12:13:47,390:INFO: Epoch 10/30
2018-10-21 12:15:44,009:INFO: - Train metrics: accuracy: 0.810 ; loss: 0.400
2018-10-21 12:15:57,309:INFO: - Eval metrics : accuracy: 0.814 ; loss: 0.415
2018-10-21 12:15:57,335:INFO: - Found new best accuracy
2018-10-21 12:15:57,335:INFO: Epoch 11/30
2018-10-21 12:17:53,809:INFO: - Train metrics: accuracy: 0.812 ; loss: 0.395
2018-10-21 12:18:10,899:INFO: - Eval metrics : accuracy: 0.814 ; loss: 0.414
2018-10-21 12:18:10,936:INFO: Epoch 12/30
2018-10-21 12:20:06,846:INFO: - Train metrics: accuracy: 0.810 ; loss: 0.394
2018-10-21 12:20:25,623:INFO: - Eval metrics : accuracy: 0.815 ; loss: 0.414
2018-10-21 12:20:25,674:INFO: - Found new best accuracy
2018-10-21 12:20:25,675:INFO: Epoch 13/30
2018-10-21 12:22:31,053:INFO: - Train metrics: accuracy: 0.812 ; loss: 0.395
2018-10-21 12:22:48,989:INFO: - Eval metrics : accuracy: 0.816 ; loss: 0.412
2018-10-21 12:22:49,027:INFO: - Found new best accuracy
2018-10-21 12:22:49,027:INFO: Epoch 14/30
2018-10-21 12:24:43,686:INFO: - Train metrics: accuracy: 0.812 ; loss: 0.392
2018-10-21 12:25:01,013:INFO: - Eval metrics : accuracy: 0.816 ; loss: 0.413
2018-10-21 12:25:01,050:INFO: Epoch 15/30
2018-10-21 12:26:58,076:INFO: - Train metrics: accuracy: 0.815 ; loss: 0.390
2018-10-21 12:27:11,572:INFO: - Eval metrics : accuracy: 0.816 ; loss: 0.412
2018-10-21 12:27:11,610:INFO: Epoch 16/30
2018-10-21 12:29:06,828:INFO: - Train metrics: accuracy: 0.815 ; loss: 0.390
2018-10-21 12:29:23,649:INFO: - Eval metrics : accuracy: 0.816 ; loss: 0.412
2018-10-21 12:29:23,689:INFO: - Found new best accuracy
2018-10-21 12:29:23,690:INFO: Epoch 17/30
2018-10-21 12:31:18,834:INFO: - Train metrics: accuracy: 0.815 ; loss: 0.390
2018-10-21 12:31:32,222:INFO: - Eval metrics : accuracy: 0.816 ; loss: 0.412
2018-10-21 12:31:32,258:INFO: Epoch 18/30
2018-10-21 12:33:31,462:INFO: - Train metrics: accuracy: 0.815 ; loss: 0.389
2018-10-21 12:33:44,914:INFO: - Eval metrics : accuracy: 0.816 ; loss: 0.412
2018-10-21 12:33:44,948:INFO: Epoch 19/30
2018-10-21 12:35:40,677:INFO: - Train metrics: accuracy: 0.815 ; loss: 0.389
2018-10-21 12:35:54,127:INFO: - Eval metrics : accuracy: 0.816 ; loss: 0.412
2018-10-21 12:35:54,163:INFO: Epoch 20/30
2018-10-21 12:37:49,984:INFO: - Train metrics: accuracy: 0.815 ; loss: 0.389
2018-10-21 12:38:03,436:INFO: - Eval metrics : accuracy: 0.816 ; loss: 0.412
2018-10-21 12:38:03,475:INFO: Epoch 21/30
2018-10-21 12:40:00,243:INFO: - Train metrics: accuracy: 0.812 ; loss: 0.389
2018-10-21 12:40:18,211:INFO: - Eval metrics : accuracy: 0.816 ; loss: 0.412
2018-10-21 12:40:18,248:INFO: - Found new best accuracy
2018-10-21 12:40:18,249:INFO: Epoch 22/30
2018-10-21 12:42:14,236:INFO: - Train metrics: accuracy: 0.812 ; loss: 0.389
2018-10-21 12:42:30,929:INFO: - Eval metrics : accuracy: 0.816 ; loss: 0.412
2018-10-21 12:42:30,997:INFO: Epoch 23/30
2018-10-21 12:44:43,305:INFO: - Train metrics: accuracy: 0.812 ; loss: 0.389
2018-10-21 12:45:00,219:INFO: - Eval metrics : accuracy: 0.816 ; loss: 0.412
2018-10-21 12:45:00,260:INFO: Epoch 24/30
2018-10-21 12:46:56,426:INFO: - Train metrics: accuracy: 0.812 ; loss: 0.389
2018-10-21 12:47:09,762:INFO: - Eval metrics : accuracy: 0.816 ; loss: 0.412
2018-10-21 12:47:09,800:INFO: Epoch 25/30
2018-10-21 12:49:07,209:INFO: - Train metrics: accuracy: 0.812 ; loss: 0.389
2018-10-21 12:49:24,356:INFO: - Eval metrics : accuracy: 0.816 ; loss: 0.412
2018-10-21 12:49:24,395:INFO: Epoch 26/30
2018-10-21 12:51:21,870:INFO: - Train metrics: accuracy: 0.812 ; loss: 0.389
2018-10-21 12:51:39,859:INFO: - Eval metrics : accuracy: 0.816 ; loss: 0.412
2018-10-21 12:51:39,898:INFO: Epoch 27/30
2018-10-21 12:53:40,999:INFO: - Train metrics: accuracy: 0.812 ; loss: 0.389
2018-10-21 12:53:54,306:INFO: - Eval metrics : accuracy: 0.816 ; loss: 0.412
2018-10-21 12:53:54,345:INFO: Epoch 28/30
2018-10-21 12:55:54,016:INFO: - Train metrics: accuracy: 0.812 ; loss: 0.389
2018-10-21 12:56:07,315:INFO: - Eval metrics : accuracy: 0.816 ; loss: 0.412
2018-10-21 12:56:07,364:INFO: Epoch 29/30
2018-10-21 12:58:22,811:INFO: - Train metrics: accuracy: 0.812 ; loss: 0.389
2018-10-21 12:58:39,526:INFO: - Eval metrics : accuracy: 0.816 ; loss: 0.412
2018-10-21 12:58:39,570:INFO: Epoch 30/30
2018-10-21 13:00:36,962:INFO: - Train metrics: accuracy: 0.812 ; loss: 0.389
2018-10-21 13:00:50,241:INFO: - Eval metrics : accuracy: 0.816 ; loss: 0.412
2018-10-21 13:00:50,281:INFO: Total time (minutes) =66.87272162437439
