2018-10-21 19:32:21,402:INFO: Loading the dataset ...
2018-10-21 19:32:21,837:INFO: - done.
2018-10-21 19:32:25,787:INFO: Starting evaluation
2018-10-21 19:32:30,061:INFO: Labels=[0. 0. 1. 0. 0. 0. 0. 1. 0. 1.]
2018-10-21 19:32:30,061:INFO: Out prob=[9.60783362e-02 1.58625811e-01 5.10945499e-01 5.27080715e-01
 8.01155686e-01 2.49562087e-04 4.30630557e-02 8.98044944e-01
 3.14831793e-01 9.53083813e-01]
2018-10-21 19:32:30,061:INFO: ------------------------------------------------------------------------------------------------------------------------
2018-10-21 19:32:30,061:INFO: len labels after =15872
2018-10-21 19:32:30,061:INFO: len out_prob after15872
2018-10-21 19:32:30,061:INFO: length y_test=15872
2018-10-21 19:32:30,061:INFO: Lenght y_score=15872
2018-10-21 19:32:30,064:INFO: Length y_score 15872
2018-10-21 19:32:30,064:INFO: Length y_test 15872
2018-10-21 19:32:30,065:INFO: Thresholds[0:6] = 
 [0.998604   0.99741948 0.99717182 0.99687481 0.99672532 0.99602675]
2018-10-21 19:32:30,065:INFO: Thresholds lenght = 
15865
2018-10-21 19:32:30,065:INFO: fpr lenght15865
2018-10-21 19:32:30,065:INFO: tpr lenght15865
2018-10-21 19:32:30,111:INFO: ------------------------------------------------------------------------------------------------------------------------
2018-10-21 19:32:30,115:INFO: roc_auc=0.8951500169196311
2018-10-21 19:32:30,115:INFO: ------------------------------------------------------------------------------------------------------------------------
2018-10-21 19:32:30,115:INFO: - Eval metrics : accuracy: 0.813 ; loss: 0.405
