2018-10-20 20:45:17,374:INFO: Loading the dataset ...
2018-10-20 20:45:17,803:INFO: - done.
2018-10-20 20:45:21,965:INFO: Starting evaluation
2018-10-20 20:45:37,389:INFO: Labels=[0. 0. 1. 0. 0. 0. 0. 1. 0. 1.]
2018-10-20 20:45:37,390:INFO: Out prob=[0.16240995 0.38561416 0.41619128 0.61646855 0.75011247 0.00192955
 0.05270495 0.83131659 0.65615946 0.98596185]
2018-10-20 20:45:37,390:INFO: ------------------------------------------------------------------------------------------------------------------------
2018-10-20 20:45:37,390:INFO: len labels after =16000
2018-10-20 20:45:37,390:INFO: len out_prob after16000
2018-10-20 20:45:37,390:INFO: length y_test=16000
2018-10-20 20:45:37,390:INFO: Lenght y_score=16000
2018-10-20 20:45:37,394:INFO: Length y_score 16000
2018-10-20 20:45:37,394:INFO: Length y_test 16000
2018-10-20 20:45:37,394:INFO: Thresholds[0:6] = 
 [0.99903476 0.99833846 0.9980123  0.99710101 0.99706489 0.99690658]
2018-10-20 20:45:37,394:INFO: Thresholds lenght = 
15991
2018-10-20 20:45:37,394:INFO: fpr lenght15991
2018-10-20 20:45:37,394:INFO: tpr lenght15991
2018-10-20 20:45:37,441:INFO: ------------------------------------------------------------------------------------------------------------------------
2018-10-20 20:45:37,445:INFO: roc_auc=0.8835147247424174
2018-10-20 20:45:37,445:INFO: ------------------------------------------------------------------------------------------------------------------------
2018-10-20 20:45:37,446:INFO: - Eval metrics : accuracy: 0.803 ; loss: 0.424
