2018-10-20 19:36:55,296:INFO: sample_name=top_qcd_jets_antikt_kt__40000_Njets_64_batch
2018-10-20 19:36:55,297:INFO: ------------------------------------------------------------
2018-10-20 19:36:55,297:INFO: Loading the datasets...
2018-10-20 19:36:57,030:INFO: - done loading the datasets
2018-10-20 19:36:57,031:INFO: ------------------------------------------------------------
2018-10-20 19:37:01,117:INFO: Building optimizer...
2018-10-20 19:37:01,117:INFO: Starting training for 30 epoch(s)
2018-10-20 19:37:01,117:INFO: Epoch 1/30
2018-10-20 19:38:56,310:INFO: - Train metrics: accuracy: 0.487 ; loss: 0.721
2018-10-20 19:39:09,791:INFO: - Eval metrics : accuracy: 0.507 ; loss: 0.693
2018-10-20 19:39:09,861:INFO: - Found new best accuracy
2018-10-20 19:39:09,862:INFO: Epoch 2/30
2018-10-20 19:41:03,330:INFO: - Train metrics: accuracy: 0.536 ; loss: 0.690
2018-10-20 19:41:16,535:INFO: - Eval metrics : accuracy: 0.533 ; loss: 0.691
2018-10-20 19:41:16,571:INFO: - Found new best accuracy
2018-10-20 19:41:16,572:INFO: Epoch 3/30
2018-10-20 19:43:15,418:INFO: - Train metrics: accuracy: 0.555 ; loss: 0.688
2018-10-20 19:43:29,461:INFO: - Eval metrics : accuracy: 0.526 ; loss: 0.691
2018-10-20 19:43:29,506:INFO: Epoch 4/30
2018-10-20 19:45:31,626:INFO: - Train metrics: accuracy: 0.638 ; loss: 0.633
2018-10-20 19:45:45,120:INFO: - Eval metrics : accuracy: 0.763 ; loss: 0.531
2018-10-20 19:45:45,162:INFO: - Found new best accuracy
2018-10-20 19:45:45,162:INFO: Epoch 5/30
2018-10-20 19:47:51,823:INFO: - Train metrics: accuracy: 0.745 ; loss: 0.525
2018-10-20 19:48:07,889:INFO: - Eval metrics : accuracy: 0.719 ; loss: 0.500
2018-10-20 19:48:07,892:INFO: Epoch 6/30
2018-10-20 19:50:07,210:INFO: - Train metrics: accuracy: 0.779 ; loss: 0.460
2018-10-20 19:50:21,121:INFO: - Eval metrics : accuracy: 0.793 ; loss: 0.456
2018-10-20 19:50:21,159:INFO: - Found new best accuracy
2018-10-20 19:50:21,160:INFO: Epoch 7/30
2018-10-20 19:52:22,436:INFO: - Train metrics: accuracy: 0.794 ; loss: 0.461
2018-10-20 19:52:35,657:INFO: - Eval metrics : accuracy: 0.793 ; loss: 0.456
2018-10-20 19:52:35,694:INFO: - Found new best accuracy
2018-10-20 19:52:35,695:INFO: Epoch 8/30
2018-10-20 19:54:31,041:INFO: - Train metrics: accuracy: 0.805 ; loss: 0.442
2018-10-20 19:54:44,267:INFO: - Eval metrics : accuracy: 0.794 ; loss: 0.443
2018-10-20 19:54:44,307:INFO: - Found new best accuracy
2018-10-20 19:54:44,308:INFO: Epoch 9/30
2018-10-20 19:56:48,185:INFO: - Train metrics: accuracy: 0.786 ; loss: 0.436
2018-10-20 19:57:04,893:INFO: - Eval metrics : accuracy: 0.790 ; loss: 0.459
2018-10-20 19:57:04,929:INFO: Epoch 10/30
2018-10-20 19:59:04,870:INFO: - Train metrics: accuracy: 0.802 ; loss: 0.412
2018-10-20 19:59:18,129:INFO: - Eval metrics : accuracy: 0.798 ; loss: 0.431
2018-10-20 19:59:18,190:INFO: - Found new best accuracy
2018-10-20 19:59:18,191:INFO: Epoch 11/30
2018-10-20 20:01:18,459:INFO: - Train metrics: accuracy: 0.789 ; loss: 0.432
2018-10-20 20:01:31,725:INFO: - Eval metrics : accuracy: 0.800 ; loss: 0.433
2018-10-20 20:01:31,765:INFO: - Found new best accuracy
2018-10-20 20:01:31,767:INFO: Epoch 12/30
2018-10-20 20:03:35,668:INFO: - Train metrics: accuracy: 0.799 ; loss: 0.411
2018-10-20 20:03:48,918:INFO: - Eval metrics : accuracy: 0.800 ; loss: 0.426
2018-10-20 20:03:48,956:INFO: - Found new best accuracy
2018-10-20 20:03:48,956:INFO: Epoch 13/30
2018-10-20 20:05:49,309:INFO: - Train metrics: accuracy: 0.799 ; loss: 0.448
2018-10-20 20:06:06,084:INFO: - Eval metrics : accuracy: 0.779 ; loss: 0.511
2018-10-20 20:06:06,121:INFO: Epoch 14/30
2018-10-20 20:08:02,454:INFO: - Train metrics: accuracy: 0.792 ; loss: 0.476
2018-10-20 20:08:15,710:INFO: - Eval metrics : accuracy: 0.790 ; loss: 0.462
2018-10-20 20:08:15,750:INFO: Epoch 15/30
2018-10-20 20:10:16,297:INFO: - Train metrics: accuracy: 0.802 ; loss: 0.432
2018-10-20 20:10:29,560:INFO: - Eval metrics : accuracy: 0.797 ; loss: 0.450
2018-10-20 20:10:29,599:INFO: Epoch 16/30
2018-10-20 20:12:26,966:INFO: - Train metrics: accuracy: 0.797 ; loss: 0.413
2018-10-20 20:12:40,227:INFO: - Eval metrics : accuracy: 0.799 ; loss: 0.429
2018-10-20 20:12:40,254:INFO: Epoch 17/30
2018-10-20 20:14:36,909:INFO: - Train metrics: accuracy: 0.799 ; loss: 0.405
2018-10-20 20:14:51,165:INFO: - Eval metrics : accuracy: 0.799 ; loss: 0.432
2018-10-20 20:14:51,190:INFO: Epoch 18/30
2018-10-20 20:16:52,036:INFO: - Train metrics: accuracy: 0.794 ; loss: 0.406
2018-10-20 20:17:09,742:INFO: - Eval metrics : accuracy: 0.802 ; loss: 0.427
2018-10-20 20:17:09,780:INFO: - Found new best accuracy
2018-10-20 20:17:09,781:INFO: Epoch 19/30
2018-10-20 20:19:12,409:INFO: - Train metrics: accuracy: 0.794 ; loss: 0.411
2018-10-20 20:19:25,782:INFO: - Eval metrics : accuracy: 0.802 ; loss: 0.426
2018-10-20 20:19:25,785:INFO: - Found new best accuracy
2018-10-20 20:19:25,786:INFO: Epoch 20/30
2018-10-20 20:21:32,912:INFO: - Train metrics: accuracy: 0.805 ; loss: 0.409
2018-10-20 20:21:49,993:INFO: - Eval metrics : accuracy: 0.802 ; loss: 0.424
2018-10-20 20:21:50,039:INFO: - Found new best accuracy
2018-10-20 20:21:50,040:INFO: Epoch 21/30
2018-10-20 20:24:01,040:INFO: - Train metrics: accuracy: 0.794 ; loss: 0.415
2018-10-20 20:24:17,772:INFO: - Eval metrics : accuracy: 0.802 ; loss: 0.423
2018-10-20 20:24:17,809:INFO: - Found new best accuracy
2018-10-20 20:24:17,810:INFO: Epoch 22/30
2018-10-20 20:26:25,321:INFO: - Train metrics: accuracy: 0.794 ; loss: 0.415
2018-10-20 20:26:40,708:INFO: - Eval metrics : accuracy: 0.802 ; loss: 0.423
2018-10-20 20:26:40,745:INFO: - Found new best accuracy
2018-10-20 20:26:40,746:INFO: Epoch 23/30
2018-10-20 20:28:48,241:INFO: - Train metrics: accuracy: 0.802 ; loss: 0.414
2018-10-20 20:29:05,408:INFO: - Eval metrics : accuracy: 0.802 ; loss: 0.422
2018-10-20 20:29:05,448:INFO: Epoch 24/30
2018-10-20 20:31:11,505:INFO: - Train metrics: accuracy: 0.799 ; loss: 0.413
2018-10-20 20:31:28,952:INFO: - Eval metrics : accuracy: 0.802 ; loss: 0.421
2018-10-20 20:31:28,993:INFO: Epoch 25/30
2018-10-20 20:33:24,627:INFO: - Train metrics: accuracy: 0.807 ; loss: 0.414
2018-10-20 20:33:39,909:INFO: - Eval metrics : accuracy: 0.802 ; loss: 0.422
2018-10-20 20:33:39,946:INFO: Epoch 26/30
2018-10-20 20:35:51,973:INFO: - Train metrics: accuracy: 0.797 ; loss: 0.415
2018-10-20 20:36:08,794:INFO: - Eval metrics : accuracy: 0.802 ; loss: 0.421
2018-10-20 20:36:08,836:INFO: Epoch 27/30
2018-10-20 20:38:12,854:INFO: - Train metrics: accuracy: 0.799 ; loss: 0.414
2018-10-20 20:38:30,402:INFO: - Eval metrics : accuracy: 0.802 ; loss: 0.422
2018-10-20 20:38:30,441:INFO: Epoch 28/30
2018-10-20 20:40:25,940:INFO: - Train metrics: accuracy: 0.794 ; loss: 0.415
2018-10-20 20:40:39,200:INFO: - Eval metrics : accuracy: 0.802 ; loss: 0.421
2018-10-20 20:40:39,239:INFO: Epoch 29/30
2018-10-20 20:42:34,529:INFO: - Train metrics: accuracy: 0.799 ; loss: 0.415
2018-10-20 20:42:50,814:INFO: - Eval metrics : accuracy: 0.802 ; loss: 0.421
2018-10-20 20:42:50,857:INFO: Epoch 30/30
2018-10-20 20:44:57,952:INFO: - Train metrics: accuracy: 0.799 ; loss: 0.415
2018-10-20 20:45:15,235:INFO: - Eval metrics : accuracy: 0.802 ; loss: 0.421
2018-10-20 20:45:15,269:INFO: Total time (minutes) =68.3328683535258
