2018-10-29 18:40:48,270:INFO: Loading the dataset ...
2018-10-29 18:40:48,504:INFO: - done.
2018-10-29 18:40:50,082:INFO: Starting evaluation
2018-10-29 18:40:51,474:INFO: Labels=[0. 0. 1. 0. 0. 0. 0. 1. 0. 1.]
2018-10-29 18:40:51,503:INFO: Out prob=[8.18551416e-05 7.28892684e-01 3.33018064e-01 8.42191756e-01
 3.78161550e-01 2.59981974e-08 4.63778042e-06 8.90946627e-01
 1.39363799e-02 9.70209539e-01]
2018-10-29 18:40:51,503:INFO: ------------------------------------------------------------------------------------------------------------------------
2018-10-29 18:40:51,503:INFO: len labels after =15872
2018-10-29 18:40:51,503:INFO: len out_prob after15872
2018-10-29 18:40:51,504:INFO: length y_test=15872
2018-10-29 18:40:51,504:INFO: Lenght y_score=15872
2018-10-29 18:40:51,507:INFO: Length y_score 15872
2018-10-29 18:40:51,507:INFO: Length y_test 15872
2018-10-29 18:40:51,507:INFO: Thresholds[0:6] = 
 [0.98656046 0.98651206 0.98632079 0.98589778 0.98585123 0.98563045]
2018-10-29 18:40:51,507:INFO: Thresholds lenght = 
15859
2018-10-29 18:40:51,507:INFO: fpr lenght15859
2018-10-29 18:40:51,507:INFO: tpr lenght15859
2018-10-29 18:40:51,581:INFO: ------------------------------------------------------------------------------------------------------------------------
2018-10-29 18:40:51,585:INFO: roc_auc=0.9218452604454589
2018-10-29 18:40:51,585:INFO: ------------------------------------------------------------------------------------------------------------------------
2018-10-29 18:40:51,586:INFO: - Eval metrics : accuracy: 0.84224 ; loss: 0.35096
