2018-10-29 17:24:30,202:INFO: Loading the dataset ...
2018-10-29 17:24:30,522:INFO: - done.
2018-10-29 17:24:32,319:INFO: Starting evaluation
2018-10-29 17:24:35,398:INFO: Labels=[0. 0. 1. 0. 0. 0. 0. 1. 0. 1.]
2018-10-29 17:24:35,398:INFO: Out prob=[1.82235635e-05 8.76737177e-01 9.47834909e-01 8.30312312e-01
 5.77706873e-01 2.65489263e-07 1.29839382e-03 6.83756351e-01
 6.60132691e-02 8.43995512e-01]
2018-10-29 17:24:35,399:INFO: ------------------------------------------------------------------------------------------------------------------------
2018-10-29 17:24:35,399:INFO: len labels after =16000
2018-10-29 17:24:35,399:INFO: len out_prob after16000
2018-10-29 17:24:35,399:INFO: length y_test=16000
2018-10-29 17:24:35,399:INFO: Lenght y_score=16000
2018-10-29 17:24:35,403:INFO: Length y_score 16000
2018-10-29 17:24:35,403:INFO: Length y_test 16000
2018-10-29 17:24:35,403:INFO: Thresholds[0:6] = 
 [0.99001849 0.98973525 0.9888494  0.98788273 0.98767161 0.98752439]
2018-10-29 17:24:35,404:INFO: Thresholds lenght = 
15987
2018-10-29 17:24:35,404:INFO: fpr lenght15987
2018-10-29 17:24:35,404:INFO: tpr lenght15987
2018-10-29 17:24:35,485:INFO: ------------------------------------------------------------------------------------------------------------------------
2018-10-29 17:24:35,490:INFO: roc_auc=0.8863442950991296
2018-10-29 17:24:35,491:INFO: ------------------------------------------------------------------------------------------------------------------------
2018-10-29 17:24:35,491:INFO: - Eval metrics : accuracy: 0.80225 ; loss: 0.41111
