2018-10-21 12:51:32,111:INFO: Loading the dataset ...
2018-10-21 12:51:32,655:INFO: - done.
2018-10-21 12:51:36,479:INFO: Starting evaluation
2018-10-21 12:51:51,185:INFO: Labels=[0. 0. 1. 0. 0. 0. 0. 1. 0. 1.]
2018-10-21 12:51:51,185:INFO: Out prob=[0.07928652 0.18246178 0.52714235 0.72426724 0.87824875 0.00165418
 0.00464225 0.9087919  0.39122489 0.96549016]
2018-10-21 12:51:51,186:INFO: ------------------------------------------------------------------------------------------------------------------------
2018-10-21 12:51:51,186:INFO: len labels after =16000
2018-10-21 12:51:51,186:INFO: len out_prob after16000
2018-10-21 12:51:51,186:INFO: length y_test=16000
2018-10-21 12:51:51,186:INFO: Lenght y_score=16000
2018-10-21 12:51:51,190:INFO: Length y_score 16000
2018-10-21 12:51:51,190:INFO: Length y_test 16000
2018-10-21 12:51:51,190:INFO: Thresholds[0:6] = 
 [0.99993229 0.99935991 0.99932587 0.99930072 0.99925476 0.99924076]
2018-10-21 12:51:51,190:INFO: Thresholds lenght = 
15987
2018-10-21 12:51:51,190:INFO: fpr lenght15987
2018-10-21 12:51:51,190:INFO: tpr lenght15987
2018-10-21 12:51:51,237:INFO: ------------------------------------------------------------------------------------------------------------------------
2018-10-21 12:51:51,241:INFO: roc_auc=0.9113923501780055
2018-10-21 12:51:51,241:INFO: ------------------------------------------------------------------------------------------------------------------------
2018-10-21 12:51:51,241:INFO: - Eval metrics : accuracy: 0.834 ; loss: 0.373
