2018-10-21 11:40:30,961:INFO: sample_name=top_qcd_jets_antikt_kt__40000_Njets_64_batch
2018-10-21 11:40:30,962:INFO: ------------------------------------------------------------
2018-10-21 11:40:30,962:INFO: Loading the datasets...
2018-10-21 11:40:32,583:INFO: - done loading the datasets
2018-10-21 11:40:32,583:INFO: ------------------------------------------------------------
2018-10-21 11:40:36,711:INFO: Building optimizer...
2018-10-21 11:40:36,711:INFO: Starting training for 30 epoch(s)
2018-10-21 11:40:36,711:INFO: Epoch 1/30
2018-10-21 11:42:45,406:INFO: - Train metrics: accuracy: 0.635 ; loss: 0.648
2018-10-21 11:43:02,795:INFO: - Eval metrics : accuracy: 0.779 ; loss: 0.496
2018-10-21 11:43:02,858:INFO: - Found new best accuracy
2018-10-21 11:43:02,859:INFO: Epoch 2/30
2018-10-21 11:45:06,088:INFO: - Train metrics: accuracy: 0.789 ; loss: 0.477
2018-10-21 11:45:19,964:INFO: - Eval metrics : accuracy: 0.796 ; loss: 0.453
2018-10-21 11:45:20,003:INFO: - Found new best accuracy
2018-10-21 11:45:20,004:INFO: Epoch 3/30
2018-10-21 11:47:21,954:INFO: - Train metrics: accuracy: 0.792 ; loss: 0.441
2018-10-21 11:47:35,683:INFO: - Eval metrics : accuracy: 0.797 ; loss: 0.448
2018-10-21 11:47:35,723:INFO: - Found new best accuracy
2018-10-21 11:47:35,724:INFO: Epoch 4/30
2018-10-21 11:49:34,602:INFO: - Train metrics: accuracy: 0.794 ; loss: 0.440
2018-10-21 11:49:48,427:INFO: - Eval metrics : accuracy: 0.804 ; loss: 0.436
2018-10-21 11:49:48,429:INFO: - Found new best accuracy
2018-10-21 11:49:48,430:INFO: Epoch 5/30
2018-10-21 11:51:56,114:INFO: - Train metrics: accuracy: 0.794 ; loss: 0.427
2018-10-21 11:52:09,940:INFO: - Eval metrics : accuracy: 0.804 ; loss: 0.437
2018-10-21 11:52:09,943:INFO: Epoch 6/30
2018-10-21 11:54:19,053:INFO: - Train metrics: accuracy: 0.805 ; loss: 0.409
2018-10-21 11:54:32,895:INFO: - Eval metrics : accuracy: 0.811 ; loss: 0.424
2018-10-21 11:54:32,933:INFO: - Found new best accuracy
2018-10-21 11:54:32,933:INFO: Epoch 7/30
2018-10-21 11:56:35,406:INFO: - Train metrics: accuracy: 0.807 ; loss: 0.406
2018-10-21 11:56:49,276:INFO: - Eval metrics : accuracy: 0.806 ; loss: 0.427
2018-10-21 11:56:49,279:INFO: Epoch 8/30
2018-10-21 11:58:47,719:INFO: - Train metrics: accuracy: 0.831 ; loss: 0.396
2018-10-21 11:59:02,797:INFO: - Eval metrics : accuracy: 0.752 ; loss: 0.508
2018-10-21 11:59:02,836:INFO: Epoch 9/30
2018-10-21 12:01:13,613:INFO: - Train metrics: accuracy: 0.773 ; loss: 0.477
2018-10-21 12:01:30,902:INFO: - Eval metrics : accuracy: 0.800 ; loss: 0.428
2018-10-21 12:01:30,939:INFO: Epoch 10/30
2018-10-21 12:03:38,564:INFO: - Train metrics: accuracy: 0.805 ; loss: 0.406
2018-10-21 12:03:54,739:INFO: - Eval metrics : accuracy: 0.803 ; loss: 0.414
2018-10-21 12:03:54,776:INFO: Epoch 11/30
2018-10-21 12:06:03,686:INFO: - Train metrics: accuracy: 0.815 ; loss: 0.395
2018-10-21 12:06:21,090:INFO: - Eval metrics : accuracy: 0.802 ; loss: 0.411
2018-10-21 12:06:21,131:INFO: Epoch 12/30
2018-10-21 12:08:29,269:INFO: - Train metrics: accuracy: 0.807 ; loss: 0.386
2018-10-21 12:08:46,612:INFO: - Eval metrics : accuracy: 0.808 ; loss: 0.404
2018-10-21 12:08:46,649:INFO: Epoch 13/30
2018-10-21 12:10:51,982:INFO: - Train metrics: accuracy: 0.818 ; loss: 0.391
2018-10-21 12:11:09,277:INFO: - Eval metrics : accuracy: 0.817 ; loss: 0.390
2018-10-21 12:11:09,312:INFO: - Found new best accuracy
2018-10-21 12:11:09,313:INFO: Epoch 14/30
2018-10-21 12:13:18,494:INFO: - Train metrics: accuracy: 0.833 ; loss: 0.373
2018-10-21 12:13:35,348:INFO: - Eval metrics : accuracy: 0.812 ; loss: 0.396
2018-10-21 12:13:35,388:INFO: Epoch 15/30
2018-10-21 12:15:46,433:INFO: - Train metrics: accuracy: 0.828 ; loss: 0.379
2018-10-21 12:16:01,153:INFO: - Eval metrics : accuracy: 0.818 ; loss: 0.385
2018-10-21 12:16:01,194:INFO: - Found new best accuracy
2018-10-21 12:16:01,195:INFO: Epoch 16/30
2018-10-21 12:18:10,653:INFO: - Train metrics: accuracy: 0.839 ; loss: 0.367
2018-10-21 12:18:27,997:INFO: - Eval metrics : accuracy: 0.818 ; loss: 0.384
2018-10-21 12:18:28,037:INFO: - Found new best accuracy
2018-10-21 12:18:28,038:INFO: Epoch 17/30
2018-10-21 12:20:36,372:INFO: - Train metrics: accuracy: 0.839 ; loss: 0.371
2018-10-21 12:20:51,555:INFO: - Eval metrics : accuracy: 0.822 ; loss: 0.379
2018-10-21 12:20:51,595:INFO: - Found new best accuracy
2018-10-21 12:20:51,596:INFO: Epoch 18/30
2018-10-21 12:22:53,251:INFO: - Train metrics: accuracy: 0.833 ; loss: 0.367
2018-10-21 12:23:10,740:INFO: - Eval metrics : accuracy: 0.826 ; loss: 0.375
2018-10-21 12:23:10,777:INFO: - Found new best accuracy
2018-10-21 12:23:10,778:INFO: Epoch 19/30
2018-10-21 12:25:19,729:INFO: - Train metrics: accuracy: 0.839 ; loss: 0.363
2018-10-21 12:25:37,107:INFO: - Eval metrics : accuracy: 0.828 ; loss: 0.374
2018-10-21 12:25:37,149:INFO: - Found new best accuracy
2018-10-21 12:25:37,150:INFO: Epoch 20/30
2018-10-21 12:27:37,020:INFO: - Train metrics: accuracy: 0.844 ; loss: 0.364
2018-10-21 12:27:54,347:INFO: - Eval metrics : accuracy: 0.829 ; loss: 0.373
2018-10-21 12:27:54,377:INFO: - Found new best accuracy
2018-10-21 12:27:54,378:INFO: Epoch 21/30
2018-10-21 12:30:04,777:INFO: - Train metrics: accuracy: 0.846 ; loss: 0.360
2018-10-21 12:30:23,307:INFO: - Eval metrics : accuracy: 0.829 ; loss: 0.372
2018-10-21 12:30:23,350:INFO: - Found new best accuracy
2018-10-21 12:30:23,350:INFO: Epoch 22/30
2018-10-21 12:32:27,153:INFO: - Train metrics: accuracy: 0.849 ; loss: 0.358
2018-10-21 12:32:41,035:INFO: - Eval metrics : accuracy: 0.830 ; loss: 0.372
2018-10-21 12:32:41,065:INFO: - Found new best accuracy
2018-10-21 12:32:41,066:INFO: Epoch 23/30
2018-10-21 12:34:44,855:INFO: - Train metrics: accuracy: 0.844 ; loss: 0.356
2018-10-21 12:35:02,298:INFO: - Eval metrics : accuracy: 0.831 ; loss: 0.371
2018-10-21 12:35:02,301:INFO: - Found new best accuracy
2018-10-21 12:35:02,301:INFO: Epoch 24/30
2018-10-21 12:37:09,735:INFO: - Train metrics: accuracy: 0.841 ; loss: 0.354
2018-10-21 12:37:27,245:INFO: - Eval metrics : accuracy: 0.830 ; loss: 0.371
2018-10-21 12:37:27,248:INFO: Epoch 25/30
2018-10-21 12:39:34,449:INFO: - Train metrics: accuracy: 0.841 ; loss: 0.354
2018-10-21 12:39:51,832:INFO: - Eval metrics : accuracy: 0.831 ; loss: 0.370
2018-10-21 12:39:51,869:INFO: Epoch 26/30
2018-10-21 12:42:00,473:INFO: - Train metrics: accuracy: 0.844 ; loss: 0.353
2018-10-21 12:42:17,208:INFO: - Eval metrics : accuracy: 0.831 ; loss: 0.370
2018-10-21 12:42:17,246:INFO: - Found new best accuracy
2018-10-21 12:42:17,247:INFO: Epoch 27/30
2018-10-21 12:44:13,443:INFO: - Train metrics: accuracy: 0.841 ; loss: 0.352
2018-10-21 12:44:27,318:INFO: - Eval metrics : accuracy: 0.831 ; loss: 0.370
2018-10-21 12:44:27,321:INFO: Epoch 28/30
2018-10-21 12:46:32,529:INFO: - Train metrics: accuracy: 0.839 ; loss: 0.352
2018-10-21 12:46:49,748:INFO: - Eval metrics : accuracy: 0.831 ; loss: 0.369
2018-10-21 12:46:49,790:INFO: Epoch 29/30
2018-10-21 12:49:01,046:INFO: - Train metrics: accuracy: 0.836 ; loss: 0.351
2018-10-21 12:49:15,332:INFO: - Eval metrics : accuracy: 0.831 ; loss: 0.369
2018-10-21 12:49:15,373:INFO: Epoch 30/30
2018-10-21 12:51:15,370:INFO: - Train metrics: accuracy: 0.836 ; loss: 0.350
2018-10-21 12:51:30,022:INFO: - Eval metrics : accuracy: 0.831 ; loss: 0.369
2018-10-21 12:51:30,059:INFO: Total time (minutes) =70.98496115605036
