2018-10-29 17:52:45,690:INFO: search_hyperparam_sample_name=top_qcd_jets_antikt_kt__40000_Njets_256_batch
2018-10-29 17:52:45,691:INFO: ------------------------------------------------------------
2018-10-29 17:52:45,691:INFO: Loading the datasets...
2018-10-29 17:52:46,760:INFO: - done loading the datasets
2018-10-29 17:52:46,760:INFO: ------------------------------------------------------------
2018-10-29 17:52:48,453:INFO: Building optimizer...
2018-10-29 17:52:48,454:INFO: Starting training for 35 epoch(s)
2018-10-29 17:52:48,454:INFO: Epoch 1/35
2018-10-29 17:52:55,555:INFO: - Train metrics: accuracy: 0.658 ; loss: 1.179
2018-10-29 17:52:56,920:INFO: - Eval metrics : accuracy: 0.759 ; loss: 0.490
2018-10-29 17:52:56,928:INFO: - Found new best accuracy
2018-10-29 17:52:56,928:INFO: Epoch 2/35
2018-10-29 17:53:03,420:INFO: - Train metrics: accuracy: 0.768 ; loss: 0.493
2018-10-29 17:53:04,782:INFO: - Eval metrics : accuracy: 0.773 ; loss: 0.467
2018-10-29 17:53:04,784:INFO: - Found new best accuracy
2018-10-29 17:53:04,784:INFO: Epoch 3/35
2018-10-29 17:53:11,140:INFO: - Train metrics: accuracy: 0.768 ; loss: 0.476
2018-10-29 17:53:12,343:INFO: - Eval metrics : accuracy: 0.773 ; loss: 0.467
2018-10-29 17:53:12,382:INFO: - Found new best accuracy
2018-10-29 17:53:12,382:INFO: Epoch 4/35
2018-10-29 17:53:19,222:INFO: - Train metrics: accuracy: 0.785 ; loss: 0.453
2018-10-29 17:53:20,536:INFO: - Eval metrics : accuracy: 0.777 ; loss: 0.456
2018-10-29 17:53:20,539:INFO: - Found new best accuracy
2018-10-29 17:53:20,539:INFO: Epoch 5/35
2018-10-29 17:53:27,139:INFO: - Train metrics: accuracy: 0.793 ; loss: 0.451
2018-10-29 17:53:28,711:INFO: - Eval metrics : accuracy: 0.790 ; loss: 0.440
2018-10-29 17:53:28,751:INFO: - Found new best accuracy
2018-10-29 17:53:28,752:INFO: Epoch 6/35
2018-10-29 17:53:35,721:INFO: - Train metrics: accuracy: 0.795 ; loss: 0.433
2018-10-29 17:53:37,248:INFO: - Eval metrics : accuracy: 0.785 ; loss: 0.440
2018-10-29 17:53:37,275:INFO: Epoch 7/35
2018-10-29 17:53:44,299:INFO: - Train metrics: accuracy: 0.818 ; loss: 0.424
2018-10-29 17:53:45,721:INFO: - Eval metrics : accuracy: 0.797 ; loss: 0.428
2018-10-29 17:53:45,762:INFO: - Found new best accuracy
2018-10-29 17:53:45,763:INFO: Epoch 8/35
2018-10-29 17:53:52,807:INFO: - Train metrics: accuracy: 0.805 ; loss: 0.421
2018-10-29 17:53:54,140:INFO: - Eval metrics : accuracy: 0.797 ; loss: 0.424
2018-10-29 17:53:54,178:INFO: - Found new best accuracy
2018-10-29 17:53:54,178:INFO: Epoch 9/35
2018-10-29 17:54:01,025:INFO: - Train metrics: accuracy: 0.809 ; loss: 0.415
2018-10-29 17:54:02,262:INFO: - Eval metrics : accuracy: 0.801 ; loss: 0.420
2018-10-29 17:54:02,298:INFO: - Found new best accuracy
2018-10-29 17:54:02,298:INFO: Epoch 10/35
2018-10-29 17:54:09,258:INFO: - Train metrics: accuracy: 0.822 ; loss: 0.407
2018-10-29 17:54:10,550:INFO: - Eval metrics : accuracy: 0.803 ; loss: 0.418
2018-10-29 17:54:10,585:INFO: - Found new best accuracy
2018-10-29 17:54:10,585:INFO: Epoch 11/35
2018-10-29 17:54:17,188:INFO: - Train metrics: accuracy: 0.828 ; loss: 0.404
2018-10-29 17:54:18,407:INFO: - Eval metrics : accuracy: 0.804 ; loss: 0.415
2018-10-29 17:54:18,446:INFO: - Found new best accuracy
2018-10-29 17:54:18,447:INFO: Epoch 12/35
2018-10-29 17:54:25,439:INFO: - Train metrics: accuracy: 0.828 ; loss: 0.401
2018-10-29 17:54:26,663:INFO: - Eval metrics : accuracy: 0.807 ; loss: 0.411
2018-10-29 17:54:26,699:INFO: - Found new best accuracy
2018-10-29 17:54:26,700:INFO: Epoch 13/35
2018-10-29 17:54:33,243:INFO: - Train metrics: accuracy: 0.828 ; loss: 0.399
2018-10-29 17:54:34,438:INFO: - Eval metrics : accuracy: 0.809 ; loss: 0.408
2018-10-29 17:54:34,440:INFO: - Found new best accuracy
2018-10-29 17:54:34,440:INFO: Epoch 14/35
2018-10-29 17:54:41,270:INFO: - Train metrics: accuracy: 0.830 ; loss: 0.400
2018-10-29 17:54:42,499:INFO: - Eval metrics : accuracy: 0.809 ; loss: 0.408
2018-10-29 17:54:42,531:INFO: - Found new best accuracy
2018-10-29 17:54:42,532:INFO: Epoch 15/35
2018-10-29 17:54:49,710:INFO: - Train metrics: accuracy: 0.830 ; loss: 0.400
2018-10-29 17:54:50,970:INFO: - Eval metrics : accuracy: 0.808 ; loss: 0.409
2018-10-29 17:54:51,005:INFO: Epoch 16/35
2018-10-29 17:54:57,697:INFO: - Train metrics: accuracy: 0.830 ; loss: 0.404
2018-10-29 17:54:59,009:INFO: - Eval metrics : accuracy: 0.810 ; loss: 0.408
2018-10-29 17:54:59,011:INFO: - Found new best accuracy
2018-10-29 17:54:59,012:INFO: Epoch 17/35
2018-10-29 17:55:05,818:INFO: - Train metrics: accuracy: 0.826 ; loss: 0.404
2018-10-29 17:55:07,177:INFO: - Eval metrics : accuracy: 0.809 ; loss: 0.407
2018-10-29 17:55:07,180:INFO: Epoch 18/35
2018-10-29 17:55:14,124:INFO: - Train metrics: accuracy: 0.828 ; loss: 0.402
2018-10-29 17:55:15,258:INFO: - Eval metrics : accuracy: 0.808 ; loss: 0.408
2018-10-29 17:55:15,294:INFO: Epoch 19/35
2018-10-29 17:55:22,383:INFO: - Train metrics: accuracy: 0.832 ; loss: 0.402
2018-10-29 17:55:23,787:INFO: - Eval metrics : accuracy: 0.810 ; loss: 0.406
2018-10-29 17:55:23,814:INFO: - Found new best accuracy
2018-10-29 17:55:23,815:INFO: Epoch 20/35
2018-10-29 17:55:30,763:INFO: - Train metrics: accuracy: 0.830 ; loss: 0.399
2018-10-29 17:55:31,973:INFO: - Eval metrics : accuracy: 0.813 ; loss: 0.404
2018-10-29 17:55:32,018:INFO: - Found new best accuracy
2018-10-29 17:55:32,019:INFO: Epoch 21/35
2018-10-29 17:55:38,601:INFO: - Train metrics: accuracy: 0.830 ; loss: 0.397
2018-10-29 17:55:39,978:INFO: - Eval metrics : accuracy: 0.812 ; loss: 0.402
2018-10-29 17:55:40,021:INFO: Epoch 22/35
2018-10-29 17:55:46,696:INFO: - Train metrics: accuracy: 0.822 ; loss: 0.395
2018-10-29 17:55:47,939:INFO: - Eval metrics : accuracy: 0.813 ; loss: 0.402
2018-10-29 17:55:47,978:INFO: - Found new best accuracy
2018-10-29 17:55:47,978:INFO: Epoch 23/35
2018-10-29 17:55:54,792:INFO: - Train metrics: accuracy: 0.824 ; loss: 0.394
2018-10-29 17:55:56,076:INFO: - Eval metrics : accuracy: 0.813 ; loss: 0.401
2018-10-29 17:55:56,111:INFO: - Found new best accuracy
2018-10-29 17:55:56,111:INFO: Epoch 24/35
2018-10-29 17:56:02,952:INFO: - Train metrics: accuracy: 0.824 ; loss: 0.394
2018-10-29 17:56:04,177:INFO: - Eval metrics : accuracy: 0.813 ; loss: 0.401
2018-10-29 17:56:04,215:INFO: - Found new best accuracy
2018-10-29 17:56:04,215:INFO: Epoch 25/35
2018-10-29 17:56:11,060:INFO: - Train metrics: accuracy: 0.822 ; loss: 0.393
2018-10-29 17:56:12,261:INFO: - Eval metrics : accuracy: 0.813 ; loss: 0.401
2018-10-29 17:56:12,285:INFO: - Found new best accuracy
2018-10-29 17:56:12,286:INFO: Epoch 26/35
2018-10-29 17:56:19,418:INFO: - Train metrics: accuracy: 0.820 ; loss: 0.393
2018-10-29 17:56:20,804:INFO: - Eval metrics : accuracy: 0.813 ; loss: 0.401
2018-10-29 17:56:20,841:INFO: - Found new best accuracy
2018-10-29 17:56:20,842:INFO: Epoch 27/35
2018-10-29 17:56:27,542:INFO: - Train metrics: accuracy: 0.816 ; loss: 0.393
2018-10-29 17:56:28,761:INFO: - Eval metrics : accuracy: 0.814 ; loss: 0.401
2018-10-29 17:56:28,794:INFO: - Found new best accuracy
2018-10-29 17:56:28,795:INFO: Epoch 28/35
2018-10-29 17:56:35,214:INFO: - Train metrics: accuracy: 0.816 ; loss: 0.392
2018-10-29 17:56:36,556:INFO: - Eval metrics : accuracy: 0.814 ; loss: 0.401
2018-10-29 17:56:36,590:INFO: Epoch 29/35
2018-10-29 17:56:43,482:INFO: - Train metrics: accuracy: 0.818 ; loss: 0.392
2018-10-29 17:56:44,773:INFO: - Eval metrics : accuracy: 0.814 ; loss: 0.401
2018-10-29 17:56:44,814:INFO: - Found new best accuracy
2018-10-29 17:56:44,815:INFO: Epoch 30/35
2018-10-29 17:56:51,213:INFO: - Train metrics: accuracy: 0.816 ; loss: 0.392
2018-10-29 17:56:52,579:INFO: - Eval metrics : accuracy: 0.814 ; loss: 0.401
2018-10-29 17:56:52,582:INFO: Epoch 31/35
2018-10-29 17:56:59,026:INFO: - Train metrics: accuracy: 0.816 ; loss: 0.392
2018-10-29 17:57:00,221:INFO: - Eval metrics : accuracy: 0.814 ; loss: 0.400
2018-10-29 17:57:00,258:INFO: Epoch 32/35
2018-10-29 17:57:06,406:INFO: - Train metrics: accuracy: 0.816 ; loss: 0.392
2018-10-29 17:57:07,598:INFO: - Eval metrics : accuracy: 0.814 ; loss: 0.400
2018-10-29 17:57:07,601:INFO: Epoch 33/35
2018-10-29 17:57:14,090:INFO: - Train metrics: accuracy: 0.816 ; loss: 0.392
2018-10-29 17:57:15,280:INFO: - Eval metrics : accuracy: 0.814 ; loss: 0.400
2018-10-29 17:57:15,316:INFO: Epoch 34/35
2018-10-29 17:57:21,314:INFO: - Train metrics: accuracy: 0.816 ; loss: 0.392
2018-10-29 17:57:22,509:INFO: - Eval metrics : accuracy: 0.814 ; loss: 0.400
2018-10-29 17:57:22,554:INFO: Epoch 35/35
2018-10-29 17:57:28,882:INFO: - Train metrics: accuracy: 0.816 ; loss: 0.392
2018-10-29 17:57:30,016:INFO: - Eval metrics : accuracy: 0.814 ; loss: 0.400
2018-10-29 17:57:30,018:INFO: Total time (minutes) =4.738793937365214
