2018-10-29 17:27:46,662:INFO: Loading the dataset ...
2018-10-29 17:27:46,909:INFO: - done.
2018-10-29 17:27:48,527:INFO: Starting evaluation
2018-10-29 17:27:51,026:INFO: Labels=[0. 0. 1. 0. 0. 0. 0. 1. 0. 1.]
2018-10-29 17:27:51,026:INFO: Out prob=[7.93749314e-06 6.99637830e-01 9.48186517e-01 8.31089675e-01
 2.87290514e-01 1.40124301e-09 1.61175255e-03 7.54971802e-01
 2.04617381e-02 9.45835054e-01]
2018-10-29 17:27:51,026:INFO: ------------------------------------------------------------------------------------------------------------------------
2018-10-29 17:27:51,026:INFO: len labels after =16000
2018-10-29 17:27:51,026:INFO: len out_prob after16000
2018-10-29 17:27:51,026:INFO: length y_test=16000
2018-10-29 17:27:51,026:INFO: Lenght y_score=16000
2018-10-29 17:27:51,029:INFO: Length y_score 16000
2018-10-29 17:27:51,029:INFO: Length y_test 16000
2018-10-29 17:27:51,030:INFO: Thresholds[0:6] = 
 [0.97796065 0.97361022 0.9735347  0.9726935  0.97245717 0.97157896]
2018-10-29 17:27:51,030:INFO: Thresholds lenght = 
15991
2018-10-29 17:27:51,030:INFO: fpr lenght15991
2018-10-29 17:27:51,030:INFO: tpr lenght15991
2018-10-29 17:27:51,079:INFO: ------------------------------------------------------------------------------------------------------------------------
2018-10-29 17:27:51,083:INFO: roc_auc=0.8894945763983528
2018-10-29 17:27:51,083:INFO: ------------------------------------------------------------------------------------------------------------------------
2018-10-29 17:27:51,084:INFO: - Eval metrics : accuracy: 0.80731 ; loss: 0.40699
