2018-10-21 15:06:51,442:INFO: Loading the dataset ...
2018-10-21 15:06:51,809:INFO: - done.
2018-10-21 15:06:56,028:INFO: Starting evaluation
2018-10-21 15:07:05,225:INFO: Labels=[0. 0. 1. 0. 0. 0. 0. 1. 0. 1.]
2018-10-21 15:07:05,226:INFO: Out prob=[0.27035341 0.08805153 0.27031118 0.34709504 0.78172338 0.08265276
 0.09574245 0.83774704 0.72289795 0.96051568]
2018-10-21 15:07:05,226:INFO: ------------------------------------------------------------------------------------------------------------------------
2018-10-21 15:07:05,226:INFO: len labels after =16000
2018-10-21 15:07:05,226:INFO: len out_prob after16000
2018-10-21 15:07:05,226:INFO: length y_test=16000
2018-10-21 15:07:05,226:INFO: Lenght y_score=16000
2018-10-21 15:07:05,230:INFO: Length y_score 16000
2018-10-21 15:07:05,230:INFO: Length y_test 16000
2018-10-21 15:07:05,230:INFO: Thresholds[0:6] = 
 [0.99970055 0.99944693 0.99849999 0.99825901 0.99758613 0.99738508]
2018-10-21 15:07:05,230:INFO: Thresholds lenght = 
15986
2018-10-21 15:07:05,231:INFO: fpr lenght15986
2018-10-21 15:07:05,231:INFO: tpr lenght15986
2018-10-21 15:07:05,282:INFO: ------------------------------------------------------------------------------------------------------------------------
2018-10-21 15:07:05,286:INFO: roc_auc=0.8696331698380183
2018-10-21 15:07:05,286:INFO: ------------------------------------------------------------------------------------------------------------------------
2018-10-21 15:07:05,287:INFO: - Eval metrics : accuracy: 0.800 ; loss: 0.447
