2018-10-21 14:31:23,055:INFO: sample_name=top_qcd_jets_antikt_kt__40000_Njets_128_batch
2018-10-21 14:31:23,056:INFO: ------------------------------------------------------------
2018-10-21 14:31:23,056:INFO: Loading the datasets...
2018-10-21 14:31:24,510:INFO: - done loading the datasets
2018-10-21 14:31:24,510:INFO: ------------------------------------------------------------
2018-10-21 14:31:28,830:INFO: Building optimizer...
2018-10-21 14:31:28,830:INFO: Starting training for 30 epoch(s)
2018-10-21 14:31:28,830:INFO: Epoch 1/30
2018-10-21 14:32:36,748:INFO: - Train metrics: accuracy: 0.596 ; loss: 0.734
2018-10-21 14:32:44,825:INFO: - Eval metrics : accuracy: 0.537 ; loss: 0.777
2018-10-21 14:32:44,887:INFO: - Found new best accuracy
2018-10-21 14:32:44,888:INFO: Epoch 2/30
2018-10-21 14:33:54,054:INFO: - Train metrics: accuracy: 0.661 ; loss: 0.625
2018-10-21 14:34:01,551:INFO: - Eval metrics : accuracy: 0.767 ; loss: 0.506
2018-10-21 14:34:01,585:INFO: - Found new best accuracy
2018-10-21 14:34:01,585:INFO: Epoch 3/30
2018-10-21 14:35:07,942:INFO: - Train metrics: accuracy: 0.805 ; loss: 0.441
2018-10-21 14:35:15,867:INFO: - Eval metrics : accuracy: 0.789 ; loss: 0.485
2018-10-21 14:35:15,906:INFO: - Found new best accuracy
2018-10-21 14:35:15,906:INFO: Epoch 4/30
2018-10-21 14:36:18,907:INFO: - Train metrics: accuracy: 0.812 ; loss: 0.413
2018-10-21 14:36:26,381:INFO: - Eval metrics : accuracy: 0.794 ; loss: 0.459
2018-10-21 14:36:26,421:INFO: - Found new best accuracy
2018-10-21 14:36:26,421:INFO: Epoch 5/30
2018-10-21 14:37:29,280:INFO: - Train metrics: accuracy: 0.815 ; loss: 0.413
2018-10-21 14:37:36,789:INFO: - Eval metrics : accuracy: 0.792 ; loss: 0.458
2018-10-21 14:37:36,828:INFO: Epoch 6/30
2018-10-21 14:38:39,204:INFO: - Train metrics: accuracy: 0.805 ; loss: 0.419
2018-10-21 14:38:46,725:INFO: - Eval metrics : accuracy: 0.787 ; loss: 0.460
2018-10-21 14:38:46,759:INFO: Epoch 7/30
2018-10-21 14:39:49,091:INFO: - Train metrics: accuracy: 0.807 ; loss: 0.411
2018-10-21 14:39:57,368:INFO: - Eval metrics : accuracy: 0.794 ; loss: 0.453
2018-10-21 14:39:57,408:INFO: - Found new best accuracy
2018-10-21 14:39:57,408:INFO: Epoch 8/30
2018-10-21 14:40:59,869:INFO: - Train metrics: accuracy: 0.799 ; loss: 0.407
2018-10-21 14:41:08,011:INFO: - Eval metrics : accuracy: 0.792 ; loss: 0.452
2018-10-21 14:41:08,048:INFO: Epoch 9/30
2018-10-21 14:42:10,343:INFO: - Train metrics: accuracy: 0.810 ; loss: 0.409
2018-10-21 14:42:17,682:INFO: - Eval metrics : accuracy: 0.794 ; loss: 0.449
2018-10-21 14:42:17,738:INFO: - Found new best accuracy
2018-10-21 14:42:17,738:INFO: Epoch 10/30
2018-10-21 14:43:20,015:INFO: - Train metrics: accuracy: 0.812 ; loss: 0.405
2018-10-21 14:43:28,810:INFO: - Eval metrics : accuracy: 0.795 ; loss: 0.448
2018-10-21 14:43:28,844:INFO: - Found new best accuracy
2018-10-21 14:43:28,845:INFO: Epoch 11/30
2018-10-21 14:44:31,239:INFO: - Train metrics: accuracy: 0.815 ; loss: 0.404
2018-10-21 14:44:38,589:INFO: - Eval metrics : accuracy: 0.793 ; loss: 0.449
2018-10-21 14:44:38,626:INFO: Epoch 12/30
2018-10-21 14:45:40,707:INFO: - Train metrics: accuracy: 0.818 ; loss: 0.397
2018-10-21 14:45:48,014:INFO: - Eval metrics : accuracy: 0.796 ; loss: 0.446
2018-10-21 14:45:48,050:INFO: - Found new best accuracy
2018-10-21 14:45:48,051:INFO: Epoch 13/30
2018-10-21 14:46:50,359:INFO: - Train metrics: accuracy: 0.812 ; loss: 0.401
2018-10-21 14:46:58,193:INFO: - Eval metrics : accuracy: 0.796 ; loss: 0.446
2018-10-21 14:46:58,232:INFO: Epoch 14/30
2018-10-21 14:48:00,639:INFO: - Train metrics: accuracy: 0.812 ; loss: 0.398
2018-10-21 14:48:08,610:INFO: - Eval metrics : accuracy: 0.796 ; loss: 0.446
2018-10-21 14:48:08,645:INFO: Epoch 15/30
2018-10-21 14:49:10,720:INFO: - Train metrics: accuracy: 0.820 ; loss: 0.399
2018-10-21 14:49:18,495:INFO: - Eval metrics : accuracy: 0.796 ; loss: 0.446
2018-10-21 14:49:18,537:INFO: Epoch 16/30
2018-10-21 14:50:20,761:INFO: - Train metrics: accuracy: 0.818 ; loss: 0.395
2018-10-21 14:50:28,289:INFO: - Eval metrics : accuracy: 0.797 ; loss: 0.445
2018-10-21 14:50:28,328:INFO: - Found new best accuracy
2018-10-21 14:50:28,328:INFO: Epoch 17/30
2018-10-21 14:51:30,569:INFO: - Train metrics: accuracy: 0.818 ; loss: 0.396
2018-10-21 14:51:38,078:INFO: - Eval metrics : accuracy: 0.797 ; loss: 0.445
2018-10-21 14:51:38,118:INFO: - Found new best accuracy
2018-10-21 14:51:38,118:INFO: Epoch 18/30
2018-10-21 14:52:40,620:INFO: - Train metrics: accuracy: 0.818 ; loss: 0.396
2018-10-21 14:52:48,185:INFO: - Eval metrics : accuracy: 0.797 ; loss: 0.445
2018-10-21 14:52:48,225:INFO: - Found new best accuracy
2018-10-21 14:52:48,225:INFO: Epoch 19/30
2018-10-21 14:53:50,434:INFO: - Train metrics: accuracy: 0.820 ; loss: 0.396
2018-10-21 14:53:57,944:INFO: - Eval metrics : accuracy: 0.797 ; loss: 0.445
2018-10-21 14:53:57,982:INFO: - Found new best accuracy
2018-10-21 14:53:57,983:INFO: Epoch 20/30
2018-10-21 14:55:00,141:INFO: - Train metrics: accuracy: 0.820 ; loss: 0.396
2018-10-21 14:55:07,662:INFO: - Eval metrics : accuracy: 0.797 ; loss: 0.445
2018-10-21 14:55:07,706:INFO: - Found new best accuracy
2018-10-21 14:55:07,707:INFO: Epoch 21/30
2018-10-21 14:56:09,993:INFO: - Train metrics: accuracy: 0.820 ; loss: 0.396
2018-10-21 14:56:17,531:INFO: - Eval metrics : accuracy: 0.797 ; loss: 0.445
2018-10-21 14:56:17,534:INFO: Epoch 22/30
2018-10-21 14:57:20,087:INFO: - Train metrics: accuracy: 0.820 ; loss: 0.396
2018-10-21 14:57:27,641:INFO: - Eval metrics : accuracy: 0.797 ; loss: 0.445
2018-10-21 14:57:27,678:INFO: Epoch 23/30
2018-10-21 14:58:30,167:INFO: - Train metrics: accuracy: 0.820 ; loss: 0.396
2018-10-21 14:58:37,662:INFO: - Eval metrics : accuracy: 0.797 ; loss: 0.445
2018-10-21 14:58:37,702:INFO: - Found new best accuracy
2018-10-21 14:58:37,702:INFO: Epoch 24/30
2018-10-21 14:59:40,109:INFO: - Train metrics: accuracy: 0.820 ; loss: 0.396
2018-10-21 14:59:47,636:INFO: - Eval metrics : accuracy: 0.797 ; loss: 0.445
2018-10-21 14:59:47,675:INFO: Epoch 25/30
2018-10-21 15:00:50,047:INFO: - Train metrics: accuracy: 0.820 ; loss: 0.396
2018-10-21 15:00:57,607:INFO: - Eval metrics : accuracy: 0.797 ; loss: 0.445
2018-10-21 15:00:57,649:INFO: - Found new best accuracy
2018-10-21 15:00:57,649:INFO: Epoch 26/30
2018-10-21 15:02:00,198:INFO: - Train metrics: accuracy: 0.820 ; loss: 0.396
2018-10-21 15:02:07,730:INFO: - Eval metrics : accuracy: 0.797 ; loss: 0.445
2018-10-21 15:02:07,764:INFO: - Found new best accuracy
2018-10-21 15:02:07,764:INFO: Epoch 27/30
2018-10-21 15:03:10,717:INFO: - Train metrics: accuracy: 0.820 ; loss: 0.396
2018-10-21 15:03:18,254:INFO: - Eval metrics : accuracy: 0.797 ; loss: 0.445
2018-10-21 15:03:18,287:INFO: - Found new best accuracy
2018-10-21 15:03:18,288:INFO: Epoch 28/30
2018-10-21 15:04:20,919:INFO: - Train metrics: accuracy: 0.818 ; loss: 0.396
2018-10-21 15:04:29,027:INFO: - Eval metrics : accuracy: 0.797 ; loss: 0.445
2018-10-21 15:04:29,069:INFO: Epoch 29/30
2018-10-21 15:05:31,539:INFO: - Train metrics: accuracy: 0.820 ; loss: 0.396
2018-10-21 15:05:39,069:INFO: - Eval metrics : accuracy: 0.797 ; loss: 0.445
2018-10-21 15:05:39,107:INFO: - Found new best accuracy
2018-10-21 15:05:39,108:INFO: Epoch 30/30
2018-10-21 15:06:41,860:INFO: - Train metrics: accuracy: 0.818 ; loss: 0.396
2018-10-21 15:06:49,412:INFO: - Eval metrics : accuracy: 0.797 ; loss: 0.445
2018-10-21 15:06:49,449:INFO: - Found new best accuracy
2018-10-21 15:06:49,450:INFO: Total time (minutes) =35.43990813493728
