2018-10-21 18:23:49,307:INFO: Loading the dataset ...
2018-10-21 18:23:49,735:INFO: - done.
2018-10-21 18:23:55,038:INFO: Starting evaluation
2018-10-21 18:23:59,749:INFO: Labels=[0. 0. 1. 0. 0. 0. 0. 1. 0. 1.]
2018-10-21 18:23:59,749:INFO: Out prob=[1.12220161e-01 3.72712135e-01 4.20441061e-01 6.32868528e-01
 7.41056979e-01 9.02425963e-04 5.03025018e-04 8.12051117e-01
 5.55656970e-01 9.37197328e-01]
2018-10-21 18:23:59,749:INFO: ------------------------------------------------------------------------------------------------------------------------
2018-10-21 18:23:59,749:INFO: len labels after =15872
2018-10-21 18:23:59,749:INFO: len out_prob after15872
2018-10-21 18:23:59,749:INFO: length y_test=15872
2018-10-21 18:23:59,749:INFO: Lenght y_score=15872
2018-10-21 18:23:59,752:INFO: Length y_score 15872
2018-10-21 18:23:59,752:INFO: Length y_test 15872
2018-10-21 18:23:59,753:INFO: Thresholds[0:6] = 
 [0.99970359 0.99947733 0.99930274 0.99906367 0.99900848 0.99897444]
2018-10-21 18:23:59,753:INFO: Thresholds lenght = 
15706
2018-10-21 18:23:59,753:INFO: fpr lenght15706
2018-10-21 18:23:59,753:INFO: tpr lenght15706
2018-10-21 18:23:59,799:INFO: ------------------------------------------------------------------------------------------------------------------------
2018-10-21 18:23:59,803:INFO: roc_auc=0.8878613967180997
2018-10-21 18:23:59,803:INFO: ------------------------------------------------------------------------------------------------------------------------
2018-10-21 18:23:59,804:INFO: - Eval metrics : accuracy: 0.811 ; loss: 0.416
