2018-10-21 18:04:02,814:INFO: sample_name=top_qcd_jets_antikt_kt__40000_Njets_256_batch
2018-10-21 18:04:02,815:INFO: ------------------------------------------------------------
2018-10-21 18:04:02,815:INFO: Loading the datasets...
2018-10-21 18:04:04,112:INFO: - done loading the datasets
2018-10-21 18:04:04,113:INFO: ------------------------------------------------------------
2018-10-21 18:04:07,932:INFO: Building optimizer...
2018-10-21 18:04:07,932:INFO: Starting training for 30 epoch(s)
2018-10-21 18:04:07,932:INFO: Epoch 1/30
2018-10-21 18:04:44,942:INFO: - Train metrics: accuracy: 0.533 ; loss: 0.778
2018-10-21 18:04:49,307:INFO: - Eval metrics : accuracy: 0.507 ; loss: 0.693
2018-10-21 18:04:49,364:INFO: - Found new best accuracy
2018-10-21 18:04:49,365:INFO: Epoch 2/30
2018-10-21 18:05:24,672:INFO: - Train metrics: accuracy: 0.496 ; loss: 0.716
2018-10-21 18:05:28,972:INFO: - Eval metrics : accuracy: 0.537 ; loss: 0.689
2018-10-21 18:05:29,006:INFO: - Found new best accuracy
2018-10-21 18:05:29,006:INFO: Epoch 3/30
2018-10-21 18:06:04,445:INFO: - Train metrics: accuracy: 0.646 ; loss: 0.601
2018-10-21 18:06:08,822:INFO: - Eval metrics : accuracy: 0.501 ; loss: 0.670
2018-10-21 18:06:08,865:INFO: Epoch 4/30
2018-10-21 18:06:44,138:INFO: - Train metrics: accuracy: 0.654 ; loss: 0.586
2018-10-21 18:06:48,456:INFO: - Eval metrics : accuracy: 0.501 ; loss: 0.695
2018-10-21 18:06:48,493:INFO: Epoch 5/30
2018-10-21 18:07:23,934:INFO: - Train metrics: accuracy: 0.600 ; loss: 0.645
2018-10-21 18:07:28,271:INFO: - Eval metrics : accuracy: 0.766 ; loss: 0.538
2018-10-21 18:07:28,316:INFO: - Found new best accuracy
2018-10-21 18:07:28,316:INFO: Epoch 6/30
2018-10-21 18:08:03,685:INFO: - Train metrics: accuracy: 0.785 ; loss: 0.512
2018-10-21 18:08:07,975:INFO: - Eval metrics : accuracy: 0.789 ; loss: 0.478
2018-10-21 18:08:08,011:INFO: - Found new best accuracy
2018-10-21 18:08:08,012:INFO: Epoch 7/30
2018-10-21 18:08:43,409:INFO: - Train metrics: accuracy: 0.797 ; loss: 0.457
2018-10-21 18:08:47,725:INFO: - Eval metrics : accuracy: 0.783 ; loss: 0.492
2018-10-21 18:08:47,767:INFO: Epoch 8/30
2018-10-21 18:09:23,149:INFO: - Train metrics: accuracy: 0.789 ; loss: 0.520
2018-10-21 18:09:27,468:INFO: - Eval metrics : accuracy: 0.796 ; loss: 0.460
2018-10-21 18:09:27,501:INFO: - Found new best accuracy
2018-10-21 18:09:27,501:INFO: Epoch 9/30
2018-10-21 18:10:02,984:INFO: - Train metrics: accuracy: 0.809 ; loss: 0.432
2018-10-21 18:10:07,243:INFO: - Eval metrics : accuracy: 0.797 ; loss: 0.453
2018-10-21 18:10:07,279:INFO: - Found new best accuracy
2018-10-21 18:10:07,279:INFO: Epoch 10/30
2018-10-21 18:10:42,706:INFO: - Train metrics: accuracy: 0.814 ; loss: 0.429
2018-10-21 18:10:47,093:INFO: - Eval metrics : accuracy: 0.798 ; loss: 0.444
2018-10-21 18:10:47,129:INFO: - Found new best accuracy
2018-10-21 18:10:47,130:INFO: Epoch 11/30
2018-10-21 18:11:22,602:INFO: - Train metrics: accuracy: 0.812 ; loss: 0.418
2018-10-21 18:11:26,930:INFO: - Eval metrics : accuracy: 0.803 ; loss: 0.430
2018-10-21 18:11:26,969:INFO: - Found new best accuracy
2018-10-21 18:11:26,969:INFO: Epoch 12/30
2018-10-21 18:12:01,653:INFO: - Train metrics: accuracy: 0.814 ; loss: 0.423
2018-10-21 18:12:05,990:INFO: - Eval metrics : accuracy: 0.804 ; loss: 0.430
2018-10-21 18:12:06,034:INFO: - Found new best accuracy
2018-10-21 18:12:06,034:INFO: Epoch 13/30
2018-10-21 18:12:40,597:INFO: - Train metrics: accuracy: 0.822 ; loss: 0.408
2018-10-21 18:12:44,943:INFO: - Eval metrics : accuracy: 0.804 ; loss: 0.430
2018-10-21 18:12:44,979:INFO: Epoch 14/30
2018-10-21 18:13:19,845:INFO: - Train metrics: accuracy: 0.814 ; loss: 0.412
2018-10-21 18:13:24,238:INFO: - Eval metrics : accuracy: 0.804 ; loss: 0.430
2018-10-21 18:13:24,274:INFO: - Found new best accuracy
2018-10-21 18:13:24,275:INFO: Epoch 15/30
2018-10-21 18:13:59,013:INFO: - Train metrics: accuracy: 0.816 ; loss: 0.412
2018-10-21 18:14:03,362:INFO: - Eval metrics : accuracy: 0.806 ; loss: 0.426
2018-10-21 18:14:03,431:INFO: - Found new best accuracy
2018-10-21 18:14:03,432:INFO: Epoch 16/30
2018-10-21 18:14:38,332:INFO: - Train metrics: accuracy: 0.830 ; loss: 0.414
2018-10-21 18:14:42,665:INFO: - Eval metrics : accuracy: 0.807 ; loss: 0.421
2018-10-21 18:14:42,701:INFO: - Found new best accuracy
2018-10-21 18:14:42,702:INFO: Epoch 17/30
2018-10-21 18:15:17,543:INFO: - Train metrics: accuracy: 0.822 ; loss: 0.406
2018-10-21 18:15:21,815:INFO: - Eval metrics : accuracy: 0.806 ; loss: 0.419
2018-10-21 18:15:21,858:INFO: Epoch 18/30
2018-10-21 18:15:56,813:INFO: - Train metrics: accuracy: 0.820 ; loss: 0.401
2018-10-21 18:16:01,141:INFO: - Eval metrics : accuracy: 0.807 ; loss: 0.419
2018-10-21 18:16:01,178:INFO: - Found new best accuracy
2018-10-21 18:16:01,178:INFO: Epoch 19/30
2018-10-21 18:16:36,007:INFO: - Train metrics: accuracy: 0.828 ; loss: 0.394
2018-10-21 18:16:40,349:INFO: - Eval metrics : accuracy: 0.806 ; loss: 0.418
2018-10-21 18:16:40,378:INFO: Epoch 20/30
2018-10-21 18:17:15,008:INFO: - Train metrics: accuracy: 0.828 ; loss: 0.391
2018-10-21 18:17:19,336:INFO: - Eval metrics : accuracy: 0.808 ; loss: 0.417
2018-10-21 18:17:19,374:INFO: - Found new best accuracy
2018-10-21 18:17:19,375:INFO: Epoch 21/30
2018-10-21 18:17:54,051:INFO: - Train metrics: accuracy: 0.830 ; loss: 0.392
2018-10-21 18:17:58,295:INFO: - Eval metrics : accuracy: 0.808 ; loss: 0.417
2018-10-21 18:17:58,328:INFO: - Found new best accuracy
2018-10-21 18:17:58,329:INFO: Epoch 22/30
2018-10-21 18:18:32,732:INFO: - Train metrics: accuracy: 0.832 ; loss: 0.391
2018-10-21 18:18:37,069:INFO: - Eval metrics : accuracy: 0.808 ; loss: 0.415
2018-10-21 18:18:37,115:INFO: Epoch 23/30
2018-10-21 18:19:11,386:INFO: - Train metrics: accuracy: 0.830 ; loss: 0.388
2018-10-21 18:19:15,728:INFO: - Eval metrics : accuracy: 0.808 ; loss: 0.415
2018-10-21 18:19:15,764:INFO: Epoch 24/30
2018-10-21 18:19:49,904:INFO: - Train metrics: accuracy: 0.828 ; loss: 0.388
2018-10-21 18:19:54,175:INFO: - Eval metrics : accuracy: 0.808 ; loss: 0.422
2018-10-21 18:19:54,212:INFO: Epoch 25/30
2018-10-21 18:20:28,627:INFO: - Train metrics: accuracy: 0.818 ; loss: 0.391
2018-10-21 18:20:32,918:INFO: - Eval metrics : accuracy: 0.809 ; loss: 0.414
2018-10-21 18:20:32,958:INFO: - Found new best accuracy
2018-10-21 18:20:32,958:INFO: Epoch 26/30
2018-10-21 18:21:07,404:INFO: - Train metrics: accuracy: 0.830 ; loss: 0.389
2018-10-21 18:21:11,761:INFO: - Eval metrics : accuracy: 0.809 ; loss: 0.415
2018-10-21 18:21:11,801:INFO: - Found new best accuracy
2018-10-21 18:21:11,801:INFO: Epoch 27/30
2018-10-21 18:21:46,188:INFO: - Train metrics: accuracy: 0.826 ; loss: 0.387
2018-10-21 18:21:50,530:INFO: - Eval metrics : accuracy: 0.810 ; loss: 0.415
2018-10-21 18:21:50,569:INFO: - Found new best accuracy
2018-10-21 18:21:50,569:INFO: Epoch 28/30
2018-10-21 18:22:25,146:INFO: - Train metrics: accuracy: 0.830 ; loss: 0.386
2018-10-21 18:22:29,502:INFO: - Eval metrics : accuracy: 0.809 ; loss: 0.413
2018-10-21 18:22:29,506:INFO: Epoch 29/30
2018-10-21 18:23:04,349:INFO: - Train metrics: accuracy: 0.836 ; loss: 0.384
2018-10-21 18:23:08,685:INFO: - Eval metrics : accuracy: 0.809 ; loss: 0.412
2018-10-21 18:23:08,721:INFO: Epoch 30/30
2018-10-21 18:23:43,062:INFO: - Train metrics: accuracy: 0.832 ; loss: 0.383
2018-10-21 18:23:47,396:INFO: - Eval metrics : accuracy: 0.809 ; loss: 0.412
2018-10-21 18:23:47,438:INFO: Total time (minutes) =19.743732245763145
