2018-10-21 23:11:59,634:INFO: Loading the dataset ...
2018-10-21 23:12:00,001:INFO: - done.
2018-10-21 23:12:04,270:INFO: Starting evaluation
2018-10-21 23:12:07,257:INFO: Labels=[0. 0. 1. 0. 0. 0. 0. 1. 0. 1.]
2018-10-21 23:12:07,258:INFO: Out prob=[0.07080434 0.36642063 0.45508167 0.75774032 0.8680687  0.00187125
 0.0292572  0.88162601 0.4858788  0.96995932]
2018-10-21 23:12:07,258:INFO: ------------------------------------------------------------------------------------------------------------------------
2018-10-21 23:12:07,258:INFO: len labels after =15872
2018-10-21 23:12:07,258:INFO: len out_prob after15872
2018-10-21 23:12:07,258:INFO: length y_test=15872
2018-10-21 23:12:07,258:INFO: Lenght y_score=15872
2018-10-21 23:12:07,261:INFO: Length y_score 15872
2018-10-21 23:12:07,261:INFO: Length y_test 15872
2018-10-21 23:12:07,261:INFO: Thresholds[0:6] = 
 [0.99992549 0.99980503 0.99966931 0.99901175 0.99879009 0.99761933]
2018-10-21 23:12:07,261:INFO: Thresholds lenght = 
15864
2018-10-21 23:12:07,261:INFO: fpr lenght15864
2018-10-21 23:12:07,261:INFO: tpr lenght15864
2018-10-21 23:12:07,307:INFO: ------------------------------------------------------------------------------------------------------------------------
2018-10-21 23:12:07,311:INFO: roc_auc=0.8976323646759764
2018-10-21 23:12:07,311:INFO: ------------------------------------------------------------------------------------------------------------------------
2018-10-21 23:12:07,312:INFO: - Eval metrics : accuracy: 0.818 ; loss: 0.396
