2018-10-21 23:01:03,228:INFO: sample_name=top_qcd_jets_antikt_kt__40000_Njets_512_batch
2018-10-21 23:01:03,230:INFO: ------------------------------------------------------------
2018-10-21 23:01:03,230:INFO: Loading the datasets...
2018-10-21 23:01:04,576:INFO: - done loading the datasets
2018-10-21 23:01:04,576:INFO: ------------------------------------------------------------
2018-10-21 23:01:08,869:INFO: Building optimizer...
2018-10-21 23:01:08,869:INFO: Starting training for 30 epoch(s)
2018-10-21 23:01:08,870:INFO: Epoch 1/30
2018-10-21 23:01:27,602:INFO: - Train metrics: accuracy: 0.535 ; loss: 0.859
2018-10-21 23:01:30,300:INFO: - Eval metrics : accuracy: 0.548 ; loss: 0.685
2018-10-21 23:01:30,368:INFO: - Found new best accuracy
2018-10-21 23:01:30,369:INFO: Epoch 2/30
2018-10-21 23:01:49,157:INFO: - Train metrics: accuracy: 0.523 ; loss: 0.688
2018-10-21 23:01:51,727:INFO: - Eval metrics : accuracy: 0.648 ; loss: 0.639
2018-10-21 23:01:51,768:INFO: - Found new best accuracy
2018-10-21 23:01:51,768:INFO: Epoch 3/30
2018-10-21 23:02:10,640:INFO: - Train metrics: accuracy: 0.631 ; loss: 0.658
2018-10-21 23:02:13,646:INFO: - Eval metrics : accuracy: 0.776 ; loss: 0.510
2018-10-21 23:02:13,676:INFO: - Found new best accuracy
2018-10-21 23:02:13,677:INFO: Epoch 4/30
2018-10-21 23:02:32,582:INFO: - Train metrics: accuracy: 0.793 ; loss: 0.502
2018-10-21 23:02:35,634:INFO: - Eval metrics : accuracy: 0.793 ; loss: 0.451
2018-10-21 23:02:35,671:INFO: - Found new best accuracy
2018-10-21 23:02:35,671:INFO: Epoch 5/30
2018-10-21 23:02:54,415:INFO: - Train metrics: accuracy: 0.787 ; loss: 0.450
2018-10-21 23:02:57,254:INFO: - Eval metrics : accuracy: 0.804 ; loss: 0.427
2018-10-21 23:02:57,295:INFO: - Found new best accuracy
2018-10-21 23:02:57,296:INFO: Epoch 6/30
2018-10-21 23:03:16,292:INFO: - Train metrics: accuracy: 0.807 ; loss: 0.411
2018-10-21 23:03:19,188:INFO: - Eval metrics : accuracy: 0.806 ; loss: 0.415
2018-10-21 23:03:19,192:INFO: - Found new best accuracy
2018-10-21 23:03:19,192:INFO: Epoch 7/30
2018-10-21 23:03:37,725:INFO: - Train metrics: accuracy: 0.816 ; loss: 0.386
2018-10-21 23:03:40,858:INFO: - Eval metrics : accuracy: 0.807 ; loss: 0.414
2018-10-21 23:03:40,895:INFO: - Found new best accuracy
2018-10-21 23:03:40,896:INFO: Epoch 8/30
2018-10-21 23:03:59,595:INFO: - Train metrics: accuracy: 0.812 ; loss: 0.389
2018-10-21 23:04:02,371:INFO: - Eval metrics : accuracy: 0.810 ; loss: 0.408
2018-10-21 23:04:02,404:INFO: - Found new best accuracy
2018-10-21 23:04:02,405:INFO: Epoch 9/30
2018-10-21 23:04:21,145:INFO: - Train metrics: accuracy: 0.822 ; loss: 0.383
2018-10-21 23:04:24,060:INFO: - Eval metrics : accuracy: 0.812 ; loss: 0.402
2018-10-21 23:04:24,102:INFO: - Found new best accuracy
2018-10-21 23:04:24,102:INFO: Epoch 10/30
2018-10-21 23:04:43,017:INFO: - Train metrics: accuracy: 0.830 ; loss: 0.370
2018-10-21 23:04:46,141:INFO: - Eval metrics : accuracy: 0.802 ; loss: 0.415
2018-10-21 23:04:46,182:INFO: Epoch 11/30
2018-10-21 23:05:04,941:INFO: - Train metrics: accuracy: 0.812 ; loss: 0.395
2018-10-21 23:05:07,883:INFO: - Eval metrics : accuracy: 0.813 ; loss: 0.401
2018-10-21 23:05:07,923:INFO: - Found new best accuracy
2018-10-21 23:05:07,923:INFO: Epoch 12/30
2018-10-21 23:05:26,674:INFO: - Train metrics: accuracy: 0.828 ; loss: 0.369
2018-10-21 23:05:29,447:INFO: - Eval metrics : accuracy: 0.813 ; loss: 0.401
2018-10-21 23:05:29,506:INFO: Epoch 13/30
2018-10-21 23:05:48,120:INFO: - Train metrics: accuracy: 0.826 ; loss: 0.368
2018-10-21 23:05:51,473:INFO: - Eval metrics : accuracy: 0.814 ; loss: 0.400
2018-10-21 23:05:51,523:INFO: - Found new best accuracy
2018-10-21 23:05:51,524:INFO: Epoch 14/30
2018-10-21 23:06:10,199:INFO: - Train metrics: accuracy: 0.830 ; loss: 0.364
2018-10-21 23:06:13,317:INFO: - Eval metrics : accuracy: 0.814 ; loss: 0.399
2018-10-21 23:06:13,357:INFO: Epoch 15/30
2018-10-21 23:06:32,079:INFO: - Train metrics: accuracy: 0.826 ; loss: 0.361
2018-10-21 23:06:35,327:INFO: - Eval metrics : accuracy: 0.814 ; loss: 0.398
2018-10-21 23:06:35,371:INFO: Epoch 16/30
2018-10-21 23:06:54,181:INFO: - Train metrics: accuracy: 0.824 ; loss: 0.358
2018-10-21 23:06:57,332:INFO: - Eval metrics : accuracy: 0.815 ; loss: 0.398
2018-10-21 23:06:57,359:INFO: - Found new best accuracy
2018-10-21 23:06:57,360:INFO: Epoch 17/30
2018-10-21 23:07:15,906:INFO: - Train metrics: accuracy: 0.826 ; loss: 0.358
2018-10-21 23:07:19,218:INFO: - Eval metrics : accuracy: 0.814 ; loss: 0.398
2018-10-21 23:07:19,259:INFO: Epoch 18/30
2018-10-21 23:07:38,251:INFO: - Train metrics: accuracy: 0.822 ; loss: 0.358
2018-10-21 23:07:41,023:INFO: - Eval metrics : accuracy: 0.814 ; loss: 0.397
2018-10-21 23:07:41,061:INFO: Epoch 19/30
2018-10-21 23:08:00,026:INFO: - Train metrics: accuracy: 0.822 ; loss: 0.358
2018-10-21 23:08:03,106:INFO: - Eval metrics : accuracy: 0.814 ; loss: 0.397
2018-10-21 23:08:03,144:INFO: Epoch 20/30
2018-10-21 23:08:22,064:INFO: - Train metrics: accuracy: 0.820 ; loss: 0.357
2018-10-21 23:08:24,411:INFO: - Eval metrics : accuracy: 0.814 ; loss: 0.397
2018-10-21 23:08:24,448:INFO: Epoch 21/30
2018-10-21 23:08:43,127:INFO: - Train metrics: accuracy: 0.822 ; loss: 0.357
2018-10-21 23:08:45,879:INFO: - Eval metrics : accuracy: 0.814 ; loss: 0.397
2018-10-21 23:08:45,916:INFO: Epoch 22/30
2018-10-21 23:09:04,799:INFO: - Train metrics: accuracy: 0.822 ; loss: 0.357
2018-10-21 23:09:07,432:INFO: - Eval metrics : accuracy: 0.814 ; loss: 0.397
2018-10-21 23:09:07,471:INFO: Epoch 23/30
2018-10-21 23:09:26,019:INFO: - Train metrics: accuracy: 0.822 ; loss: 0.357
2018-10-21 23:09:28,586:INFO: - Eval metrics : accuracy: 0.814 ; loss: 0.397
2018-10-21 23:09:28,616:INFO: Epoch 24/30
2018-10-21 23:09:47,455:INFO: - Train metrics: accuracy: 0.822 ; loss: 0.357
2018-10-21 23:09:50,061:INFO: - Eval metrics : accuracy: 0.814 ; loss: 0.397
2018-10-21 23:09:50,091:INFO: Epoch 25/30
2018-10-21 23:10:08,758:INFO: - Train metrics: accuracy: 0.822 ; loss: 0.357
2018-10-21 23:10:11,359:INFO: - Eval metrics : accuracy: 0.814 ; loss: 0.397
2018-10-21 23:10:11,402:INFO: Epoch 26/30
2018-10-21 23:10:29,919:INFO: - Train metrics: accuracy: 0.822 ; loss: 0.357
2018-10-21 23:10:32,532:INFO: - Eval metrics : accuracy: 0.814 ; loss: 0.397
2018-10-21 23:10:32,535:INFO: Epoch 27/30
2018-10-21 23:10:51,184:INFO: - Train metrics: accuracy: 0.822 ; loss: 0.357
2018-10-21 23:10:53,868:INFO: - Eval metrics : accuracy: 0.814 ; loss: 0.397
2018-10-21 23:10:53,906:INFO: Epoch 28/30
2018-10-21 23:11:12,526:INFO: - Train metrics: accuracy: 0.822 ; loss: 0.357
2018-10-21 23:11:15,131:INFO: - Eval metrics : accuracy: 0.814 ; loss: 0.397
2018-10-21 23:11:15,159:INFO: Epoch 29/30
2018-10-21 23:11:33,713:INFO: - Train metrics: accuracy: 0.824 ; loss: 0.357
2018-10-21 23:11:36,328:INFO: - Eval metrics : accuracy: 0.814 ; loss: 0.397
2018-10-21 23:11:36,386:INFO: Epoch 30/30
2018-10-21 23:11:55,104:INFO: - Train metrics: accuracy: 0.824 ; loss: 0.357
2018-10-21 23:11:57,704:INFO: - Eval metrics : accuracy: 0.814 ; loss: 0.397
2018-10-21 23:11:57,750:INFO: Total time (minutes) =10.908679044246673
