2018-10-29 15:57:24,047:INFO: Loading the dataset ...
2018-10-29 15:57:24,368:INFO: - done.
2018-10-29 15:57:26,083:INFO: Starting evaluation
2018-10-29 15:57:26,795:INFO: Labels=[0. 0. 1. 0. 0. 0. 0. 1. 0. 1.]
2018-10-29 15:57:26,795:INFO: Out prob=[1.99665330e-04 8.79907072e-01 9.39818978e-01 8.00455749e-01
 6.61159337e-01 2.40057574e-07 1.62790390e-03 8.30313802e-01
 2.03375697e-01 9.25728977e-01]
2018-10-29 15:57:26,796:INFO: ------------------------------------------------------------------------------------------------------------------------
2018-10-29 15:57:26,796:INFO: len labels after =15360
2018-10-29 15:57:26,796:INFO: len out_prob after15360
2018-10-29 15:57:26,796:INFO: length y_test=15360
2018-10-29 15:57:26,796:INFO: Lenght y_score=15360
2018-10-29 15:57:26,799:INFO: Length y_score 15360
2018-10-29 15:57:26,799:INFO: Length y_test 15360
2018-10-29 15:57:26,799:INFO: Thresholds[0:6] = 
 [0.99407816 0.99358326 0.99155456 0.98996758 0.98965853 0.98763949]
2018-10-29 15:57:26,799:INFO: Thresholds lenght = 
15348
2018-10-29 15:57:26,799:INFO: fpr lenght15348
2018-10-29 15:57:26,799:INFO: tpr lenght15348
2018-10-29 15:57:26,846:INFO: ------------------------------------------------------------------------------------------------------------------------
2018-10-29 15:57:26,850:INFO: roc_auc=0.8830354374022662
2018-10-29 15:57:26,850:INFO: ------------------------------------------------------------------------------------------------------------------------
2018-10-29 15:57:26,851:INFO: - Eval metrics : accuracy: 0.80234 ; loss: 0.41831
