2018-10-29 18:08:34,160:INFO: Loading the dataset ...
2018-10-29 18:08:34,500:INFO: - done.
2018-10-29 18:08:36,226:INFO: Starting evaluation
2018-10-29 18:08:38,789:INFO: Labels=[0. 0. 1. 0. 0. 0. 0. 1. 0. 1.]
2018-10-29 18:08:38,789:INFO: Out prob=[3.57071025e-04 8.77876639e-01 9.29424047e-01 6.67382538e-01
 5.73462367e-01 1.58210852e-07 8.27676791e-04 6.54014528e-01
 1.19843282e-01 9.07881498e-01]
2018-10-29 18:08:38,789:INFO: ------------------------------------------------------------------------------------------------------------------------
2018-10-29 18:08:38,790:INFO: len labels after =16000
2018-10-29 18:08:38,790:INFO: len out_prob after16000
2018-10-29 18:08:38,790:INFO: length y_test=16000
2018-10-29 18:08:38,790:INFO: Lenght y_score=16000
2018-10-29 18:08:38,793:INFO: Length y_score 16000
2018-10-29 18:08:38,793:INFO: Length y_test 16000
2018-10-29 18:08:38,793:INFO: Thresholds[0:6] = 
 [0.99306798 0.99296266 0.99250424 0.99178571 0.99103725 0.9906742 ]
2018-10-29 18:08:38,793:INFO: Thresholds lenght = 
15996
2018-10-29 18:08:38,793:INFO: fpr lenght15996
2018-10-29 18:08:38,793:INFO: tpr lenght15996
2018-10-29 18:08:38,892:INFO: ------------------------------------------------------------------------------------------------------------------------
2018-10-29 18:08:38,899:INFO: roc_auc=0.8987017874797154
2018-10-29 18:08:38,899:INFO: ------------------------------------------------------------------------------------------------------------------------
2018-10-29 18:08:38,900:INFO: - Eval metrics : accuracy: 0.81612 ; loss: 0.39281
