2018-10-29 18:00:29,943:INFO: search_hyperparam_sample_name=top_qcd_jets_antikt_kt__40000_Njets_128_batch
2018-10-29 18:00:29,944:INFO: ------------------------------------------------------------
2018-10-29 18:00:29,944:INFO: Loading the datasets...
2018-10-29 18:00:31,192:INFO: - done loading the datasets
2018-10-29 18:00:31,192:INFO: ------------------------------------------------------------
2018-10-29 18:00:32,995:INFO: Building optimizer...
2018-10-29 18:00:32,995:INFO: Starting training for 35 epoch(s)
2018-10-29 18:00:32,995:INFO: Epoch 1/35
2018-10-29 18:00:46,093:INFO: - Train metrics: accuracy: 0.693 ; loss: 0.980
2018-10-29 18:00:48,857:INFO: - Eval metrics : accuracy: 0.764 ; loss: 0.482
2018-10-29 18:00:48,868:INFO: - Found new best accuracy
2018-10-29 18:00:48,869:INFO: Epoch 2/35
2018-10-29 18:01:00,952:INFO: - Train metrics: accuracy: 0.815 ; loss: 0.420
2018-10-29 18:01:03,724:INFO: - Eval metrics : accuracy: 0.781 ; loss: 0.446
2018-10-29 18:01:03,767:INFO: - Found new best accuracy
2018-10-29 18:01:03,768:INFO: Epoch 3/35
2018-10-29 18:01:14,422:INFO: - Train metrics: accuracy: 0.812 ; loss: 0.389
2018-10-29 18:01:17,068:INFO: - Eval metrics : accuracy: 0.784 ; loss: 0.439
2018-10-29 18:01:17,105:INFO: - Found new best accuracy
2018-10-29 18:01:17,106:INFO: Epoch 4/35
2018-10-29 18:01:27,585:INFO: - Train metrics: accuracy: 0.802 ; loss: 0.384
2018-10-29 18:01:30,288:INFO: - Eval metrics : accuracy: 0.783 ; loss: 0.442
2018-10-29 18:01:30,342:INFO: Epoch 5/35
2018-10-29 18:01:42,068:INFO: - Train metrics: accuracy: 0.810 ; loss: 0.382
2018-10-29 18:01:44,593:INFO: - Eval metrics : accuracy: 0.785 ; loss: 0.439
2018-10-29 18:01:44,595:INFO: - Found new best accuracy
2018-10-29 18:01:44,596:INFO: Epoch 6/35
2018-10-29 18:01:54,328:INFO: - Train metrics: accuracy: 0.820 ; loss: 0.379
2018-10-29 18:01:56,445:INFO: - Eval metrics : accuracy: 0.789 ; loss: 0.433
2018-10-29 18:01:56,485:INFO: - Found new best accuracy
2018-10-29 18:01:56,485:INFO: Epoch 7/35
2018-10-29 18:02:07,612:INFO: - Train metrics: accuracy: 0.826 ; loss: 0.377
2018-10-29 18:02:10,169:INFO: - Eval metrics : accuracy: 0.795 ; loss: 0.426
2018-10-29 18:02:10,200:INFO: - Found new best accuracy
2018-10-29 18:02:10,200:INFO: Epoch 8/35
2018-10-29 18:02:22,269:INFO: - Train metrics: accuracy: 0.833 ; loss: 0.374
2018-10-29 18:02:24,393:INFO: - Eval metrics : accuracy: 0.797 ; loss: 0.423
2018-10-29 18:02:24,434:INFO: - Found new best accuracy
2018-10-29 18:02:24,434:INFO: Epoch 9/35
2018-10-29 18:02:35,108:INFO: - Train metrics: accuracy: 0.844 ; loss: 0.366
2018-10-29 18:02:37,205:INFO: - Eval metrics : accuracy: 0.797 ; loss: 0.423
2018-10-29 18:02:37,243:INFO: Epoch 10/35
2018-10-29 18:02:48,450:INFO: - Train metrics: accuracy: 0.833 ; loss: 0.367
2018-10-29 18:02:50,753:INFO: - Eval metrics : accuracy: 0.799 ; loss: 0.421
2018-10-29 18:02:50,756:INFO: - Found new best accuracy
2018-10-29 18:02:50,756:INFO: Epoch 11/35
2018-10-29 18:03:02,002:INFO: - Train metrics: accuracy: 0.833 ; loss: 0.361
2018-10-29 18:03:04,099:INFO: - Eval metrics : accuracy: 0.799 ; loss: 0.420
2018-10-29 18:03:04,160:INFO: - Found new best accuracy
2018-10-29 18:03:04,161:INFO: Epoch 12/35
2018-10-29 18:03:15,424:INFO: - Train metrics: accuracy: 0.820 ; loss: 0.362
2018-10-29 18:03:17,525:INFO: - Eval metrics : accuracy: 0.801 ; loss: 0.416
2018-10-29 18:03:17,565:INFO: - Found new best accuracy
2018-10-29 18:03:17,565:INFO: Epoch 13/35
2018-10-29 18:03:27,779:INFO: - Train metrics: accuracy: 0.815 ; loss: 0.360
2018-10-29 18:03:29,902:INFO: - Eval metrics : accuracy: 0.802 ; loss: 0.413
2018-10-29 18:03:29,904:INFO: - Found new best accuracy
2018-10-29 18:03:29,904:INFO: Epoch 14/35
2018-10-29 18:03:40,754:INFO: - Train metrics: accuracy: 0.820 ; loss: 0.359
2018-10-29 18:03:42,859:INFO: - Eval metrics : accuracy: 0.804 ; loss: 0.410
2018-10-29 18:03:42,899:INFO: - Found new best accuracy
2018-10-29 18:03:42,899:INFO: Epoch 15/35
2018-10-29 18:03:55,624:INFO: - Train metrics: accuracy: 0.831 ; loss: 0.354
2018-10-29 18:03:58,066:INFO: - Eval metrics : accuracy: 0.805 ; loss: 0.407
2018-10-29 18:03:58,106:INFO: - Found new best accuracy
2018-10-29 18:03:58,107:INFO: Epoch 16/35
2018-10-29 18:04:09,871:INFO: - Train metrics: accuracy: 0.828 ; loss: 0.351
2018-10-29 18:04:11,975:INFO: - Eval metrics : accuracy: 0.808 ; loss: 0.403
2018-10-29 18:04:12,010:INFO: - Found new best accuracy
2018-10-29 18:04:12,011:INFO: Epoch 17/35
2018-10-29 18:04:23,455:INFO: - Train metrics: accuracy: 0.836 ; loss: 0.350
2018-10-29 18:04:25,554:INFO: - Eval metrics : accuracy: 0.809 ; loss: 0.401
2018-10-29 18:04:25,590:INFO: - Found new best accuracy
2018-10-29 18:04:25,590:INFO: Epoch 18/35
2018-10-29 18:04:35,828:INFO: - Train metrics: accuracy: 0.839 ; loss: 0.344
2018-10-29 18:04:37,937:INFO: - Eval metrics : accuracy: 0.810 ; loss: 0.400
2018-10-29 18:04:37,977:INFO: - Found new best accuracy
2018-10-29 18:04:37,977:INFO: Epoch 19/35
2018-10-29 18:04:47,957:INFO: - Train metrics: accuracy: 0.841 ; loss: 0.342
2018-10-29 18:04:50,568:INFO: - Eval metrics : accuracy: 0.811 ; loss: 0.399
2018-10-29 18:04:50,602:INFO: - Found new best accuracy
2018-10-29 18:04:50,603:INFO: Epoch 20/35
2018-10-29 18:05:01,835:INFO: - Train metrics: accuracy: 0.854 ; loss: 0.341
2018-10-29 18:05:03,962:INFO: - Eval metrics : accuracy: 0.811 ; loss: 0.400
2018-10-29 18:05:04,003:INFO: Epoch 21/35
2018-10-29 18:05:15,791:INFO: - Train metrics: accuracy: 0.852 ; loss: 0.344
2018-10-29 18:05:17,896:INFO: - Eval metrics : accuracy: 0.811 ; loss: 0.399
2018-10-29 18:05:17,935:INFO: - Found new best accuracy
2018-10-29 18:05:17,936:INFO: Epoch 22/35
2018-10-29 18:05:28,303:INFO: - Train metrics: accuracy: 0.857 ; loss: 0.344
2018-10-29 18:05:30,405:INFO: - Eval metrics : accuracy: 0.811 ; loss: 0.398
2018-10-29 18:05:30,432:INFO: Epoch 23/35
2018-10-29 18:05:42,890:INFO: - Train metrics: accuracy: 0.854 ; loss: 0.345
2018-10-29 18:05:45,299:INFO: - Eval metrics : accuracy: 0.813 ; loss: 0.397
2018-10-29 18:05:45,336:INFO: - Found new best accuracy
2018-10-29 18:05:45,337:INFO: Epoch 24/35
2018-10-29 18:05:56,983:INFO: - Train metrics: accuracy: 0.854 ; loss: 0.344
2018-10-29 18:05:59,518:INFO: - Eval metrics : accuracy: 0.813 ; loss: 0.396
2018-10-29 18:05:59,520:INFO: - Found new best accuracy
2018-10-29 18:05:59,521:INFO: Epoch 25/35
2018-10-29 18:06:10,599:INFO: - Train metrics: accuracy: 0.852 ; loss: 0.342
2018-10-29 18:06:12,688:INFO: - Eval metrics : accuracy: 0.813 ; loss: 0.395
2018-10-29 18:06:12,727:INFO: - Found new best accuracy
2018-10-29 18:06:12,728:INFO: Epoch 26/35
2018-10-29 18:06:24,994:INFO: - Train metrics: accuracy: 0.857 ; loss: 0.340
2018-10-29 18:06:27,485:INFO: - Eval metrics : accuracy: 0.814 ; loss: 0.394
2018-10-29 18:06:27,515:INFO: - Found new best accuracy
2018-10-29 18:06:27,516:INFO: Epoch 27/35
2018-10-29 18:06:38,260:INFO: - Train metrics: accuracy: 0.857 ; loss: 0.338
2018-10-29 18:06:40,725:INFO: - Eval metrics : accuracy: 0.813 ; loss: 0.394
2018-10-29 18:06:40,760:INFO: Epoch 28/35
2018-10-29 18:06:52,874:INFO: - Train metrics: accuracy: 0.857 ; loss: 0.335
2018-10-29 18:06:55,320:INFO: - Eval metrics : accuracy: 0.813 ; loss: 0.394
2018-10-29 18:06:55,359:INFO: Epoch 29/35
2018-10-29 18:07:05,187:INFO: - Train metrics: accuracy: 0.857 ; loss: 0.333
2018-10-29 18:07:07,715:INFO: - Eval metrics : accuracy: 0.813 ; loss: 0.393
2018-10-29 18:07:07,752:INFO: Epoch 30/35
2018-10-29 18:07:19,991:INFO: - Train metrics: accuracy: 0.859 ; loss: 0.331
2018-10-29 18:07:22,228:INFO: - Eval metrics : accuracy: 0.813 ; loss: 0.393
2018-10-29 18:07:22,264:INFO: Epoch 31/35
2018-10-29 18:07:34,501:INFO: - Train metrics: accuracy: 0.862 ; loss: 0.330
2018-10-29 18:07:36,938:INFO: - Eval metrics : accuracy: 0.814 ; loss: 0.393
2018-10-29 18:07:36,972:INFO: Epoch 32/35
2018-10-29 18:07:49,206:INFO: - Train metrics: accuracy: 0.857 ; loss: 0.329
2018-10-29 18:07:51,931:INFO: - Eval metrics : accuracy: 0.814 ; loss: 0.393
2018-10-29 18:07:51,966:INFO: Epoch 33/35
2018-10-29 18:08:03,603:INFO: - Train metrics: accuracy: 0.862 ; loss: 0.329
2018-10-29 18:08:05,700:INFO: - Eval metrics : accuracy: 0.814 ; loss: 0.392
2018-10-29 18:08:05,729:INFO: Epoch 34/35
2018-10-29 18:08:15,380:INFO: - Train metrics: accuracy: 0.857 ; loss: 0.329
2018-10-29 18:08:17,469:INFO: - Eval metrics : accuracy: 0.814 ; loss: 0.392
2018-10-29 18:08:17,505:INFO: - Found new best accuracy
2018-10-29 18:08:17,506:INFO: Epoch 35/35
2018-10-29 18:08:29,800:INFO: - Train metrics: accuracy: 0.857 ; loss: 0.329
2018-10-29 18:08:32,240:INFO: - Eval metrics : accuracy: 0.815 ; loss: 0.392
2018-10-29 18:08:32,275:INFO: - Found new best accuracy
2018-10-29 18:08:32,275:INFO: Total time (minutes) =8.038866194089254
