2018-10-30 22:38:40,161:INFO: Loading the dataset ...
2018-10-30 22:38:41,262:INFO: - done.
2018-10-30 22:38:43,835:INFO: Starting evaluation
2018-10-30 22:38:54,294:INFO: Labels=[1. 1. 1. 1. 1. 1. 0. 0. 1. 0.]
2018-10-30 22:38:54,294:INFO: Out prob=[9.86486793e-01 9.67364550e-01 8.63811374e-01 9.97076273e-01
 9.53039944e-01 9.98155296e-01 8.98171379e-07 4.36342955e-02
 9.50039566e-01 4.43046065e-06]
2018-10-30 22:38:54,294:INFO: ------------------------------------------------------------------------------------------------------------------------
2018-10-30 22:38:54,294:INFO: len labels after =64000
2018-10-30 22:38:54,295:INFO: len out_prob after64000
2018-10-30 22:38:54,295:INFO: length y_test=64000
2018-10-30 22:38:54,295:INFO: Lenght y_score=64000
2018-10-30 22:38:54,306:INFO: Length y_score 64000
2018-10-30 22:38:54,306:INFO: Length y_test 64000
2018-10-30 22:38:54,306:INFO: Thresholds[0:6] = 
 [0.9998939  0.99983084 0.99982125 0.99981254 0.99980885 0.99979538]
2018-10-30 22:38:54,306:INFO: Thresholds lenght = 
62475
2018-10-30 22:38:54,307:INFO: fpr lenght62475
2018-10-30 22:38:54,307:INFO: tpr lenght62475
2018-10-30 22:38:54,491:INFO: ------------------------------------------------------------------------------------------------------------------------
2018-10-30 22:38:54,505:INFO: roc_auc=0.9845117675629997
2018-10-30 22:38:54,505:INFO: ------------------------------------------------------------------------------------------------------------------------
2018-10-30 22:38:54,507:INFO: - Eval metrics : accuracy: 0.93770 ; loss: 0.15476
