2018-10-29 01:29:53,261:INFO: sample_name=top_qcd_jets_antikt_kt__40000_Njets_128_batch
2018-10-29 01:29:53,262:INFO: ------------------------------------------------------------
2018-10-29 01:29:53,262:INFO: Loading the datasets...
2018-10-29 01:29:54,620:INFO: - done loading the datasets
2018-10-29 01:29:54,620:INFO: ------------------------------------------------------------
2018-10-29 01:29:56,470:INFO: Building optimizer...
2018-10-29 01:29:56,471:INFO: Starting training for 30 epoch(s)
2018-10-29 01:29:56,471:INFO: Epoch 1/30
2018-10-29 01:33:19,291:INFO: - Train metrics: accuracy: 0.432 ; loss: 0.784
2018-10-29 01:34:12,078:INFO: - Eval metrics : accuracy: 0.508 ; loss: 0.692
2018-10-29 01:34:12,090:INFO: - Found new best accuracy
2018-10-29 01:34:12,090:INFO: Epoch 2/30
2018-10-29 01:37:33,671:INFO: - Train metrics: accuracy: 0.529 ; loss: 0.684
2018-10-29 01:38:25,752:INFO: - Eval metrics : accuracy: 0.537 ; loss: 0.686
2018-10-29 01:38:25,794:INFO: - Found new best accuracy
2018-10-29 01:38:25,794:INFO: Epoch 3/30
2018-10-29 01:41:45,863:INFO: - Train metrics: accuracy: 0.659 ; loss: 0.605
2018-10-29 01:42:36,782:INFO: - Eval metrics : accuracy: 0.766 ; loss: 0.526
2018-10-29 01:42:36,818:INFO: - Found new best accuracy
2018-10-29 01:42:36,818:INFO: Epoch 4/30
2018-10-29 01:45:41,239:INFO: - Train metrics: accuracy: 0.789 ; loss: 0.494
2018-10-29 01:46:32,556:INFO: - Eval metrics : accuracy: 0.784 ; loss: 0.509
2018-10-29 01:46:32,594:INFO: - Found new best accuracy
2018-10-29 01:46:32,594:INFO: Epoch 5/30
2018-10-29 01:49:53,362:INFO: - Train metrics: accuracy: 0.799 ; loss: 0.471
2018-10-29 01:50:45,941:INFO: - Eval metrics : accuracy: 0.774 ; loss: 0.482
2018-10-29 01:50:45,992:INFO: Epoch 6/30
2018-10-29 01:54:08,295:INFO: - Train metrics: accuracy: 0.815 ; loss: 0.421
2018-10-29 01:54:58,179:INFO: - Eval metrics : accuracy: 0.779 ; loss: 0.470
2018-10-29 01:54:58,216:INFO: Epoch 7/30
2018-10-29 01:58:18,830:INFO: - Train metrics: accuracy: 0.812 ; loss: 0.396
2018-10-29 01:59:08,026:INFO: - Eval metrics : accuracy: 0.710 ; loss: 0.614
2018-10-29 01:59:08,065:INFO: Epoch 8/30
2018-10-29 02:02:29,033:INFO: - Train metrics: accuracy: 0.792 ; loss: 0.482
2018-10-29 02:03:18,076:INFO: - Eval metrics : accuracy: 0.794 ; loss: 0.456
2018-10-29 02:03:18,112:INFO: - Found new best accuracy
2018-10-29 02:03:18,113:INFO: Epoch 9/30
2018-10-29 02:06:35,567:INFO: - Train metrics: accuracy: 0.831 ; loss: 0.401
2018-10-29 02:07:25,220:INFO: - Eval metrics : accuracy: 0.804 ; loss: 0.432
2018-10-29 02:07:25,257:INFO: - Found new best accuracy
2018-10-29 02:07:25,258:INFO: Epoch 10/30
2018-10-29 02:10:44,660:INFO: - Train metrics: accuracy: 0.833 ; loss: 0.385
2018-10-29 02:11:37,532:INFO: - Eval metrics : accuracy: 0.803 ; loss: 0.428
2018-10-29 02:11:37,563:INFO: Epoch 11/30
2018-10-29 02:15:00,069:INFO: - Train metrics: accuracy: 0.831 ; loss: 0.375
2018-10-29 02:15:49,814:INFO: - Eval metrics : accuracy: 0.804 ; loss: 0.427
2018-10-29 02:15:49,855:INFO: - Found new best accuracy
2018-10-29 02:15:49,855:INFO: Epoch 12/30
2018-10-29 02:19:10,049:INFO: - Train metrics: accuracy: 0.841 ; loss: 0.360
2018-10-29 02:20:00,296:INFO: - Eval metrics : accuracy: 0.804 ; loss: 0.414
2018-10-29 02:20:00,334:INFO: - Found new best accuracy
2018-10-29 02:20:00,335:INFO: Epoch 13/30
2018-10-29 02:23:19,168:INFO: - Train metrics: accuracy: 0.839 ; loss: 0.351
2018-10-29 02:24:10,711:INFO: - Eval metrics : accuracy: 0.793 ; loss: 0.471
2018-10-29 02:24:10,741:INFO: Epoch 14/30
2018-10-29 02:27:28,660:INFO: - Train metrics: accuracy: 0.812 ; loss: 0.415
2018-10-29 02:28:20,571:INFO: - Eval metrics : accuracy: 0.798 ; loss: 0.441
2018-10-29 02:28:20,609:INFO: Epoch 15/30
2018-10-29 02:31:40,696:INFO: - Train metrics: accuracy: 0.823 ; loss: 0.392
2018-10-29 02:32:29,844:INFO: - Eval metrics : accuracy: 0.799 ; loss: 0.451
2018-10-29 02:32:29,883:INFO: Epoch 16/30
2018-10-29 02:35:50,240:INFO: - Train metrics: accuracy: 0.818 ; loss: 0.397
2018-10-29 02:36:42,240:INFO: - Eval metrics : accuracy: 0.805 ; loss: 0.432
2018-10-29 02:36:42,279:INFO: - Found new best accuracy
2018-10-29 02:36:42,280:INFO: Epoch 17/30
2018-10-29 02:40:01,938:INFO: - Train metrics: accuracy: 0.826 ; loss: 0.374
2018-10-29 02:40:51,770:INFO: - Eval metrics : accuracy: 0.807 ; loss: 0.429
2018-10-29 02:40:51,808:INFO: - Found new best accuracy
2018-10-29 02:40:51,809:INFO: Epoch 18/30
2018-10-29 02:44:05,729:INFO: - Train metrics: accuracy: 0.826 ; loss: 0.379
2018-10-29 02:44:56,482:INFO: - Eval metrics : accuracy: 0.799 ; loss: 0.442
2018-10-29 02:44:56,520:INFO: Epoch 19/30
2018-10-29 02:48:15,051:INFO: - Train metrics: accuracy: 0.836 ; loss: 0.370
2018-10-29 02:49:06,361:INFO: - Eval metrics : accuracy: 0.809 ; loss: 0.422
2018-10-29 02:49:06,400:INFO: - Found new best accuracy
2018-10-29 02:49:06,401:INFO: Epoch 20/30
2018-10-29 02:52:26,251:INFO: - Train metrics: accuracy: 0.841 ; loss: 0.357
2018-10-29 02:53:15,516:INFO: - Eval metrics : accuracy: 0.803 ; loss: 0.432
2018-10-29 02:53:15,555:INFO: Epoch 21/30
2018-10-29 02:56:36,511:INFO: - Train metrics: accuracy: 0.826 ; loss: 0.372
2018-10-29 02:57:28,520:INFO: - Eval metrics : accuracy: 0.809 ; loss: 0.413
2018-10-29 02:57:28,557:INFO: Epoch 22/30
2018-10-29 03:00:48,102:INFO: - Train metrics: accuracy: 0.839 ; loss: 0.354
2018-10-29 03:01:37,416:INFO: - Eval metrics : accuracy: 0.808 ; loss: 0.420
2018-10-29 03:01:37,459:INFO: Epoch 23/30
2018-10-29 03:04:58,294:INFO: - Train metrics: accuracy: 0.828 ; loss: 0.349
2018-10-29 03:05:47,518:INFO: - Eval metrics : accuracy: 0.809 ; loss: 0.424
2018-10-29 03:05:47,554:INFO: Epoch 24/30
2018-10-29 03:09:07,977:INFO: - Train metrics: accuracy: 0.836 ; loss: 0.341
2018-10-29 03:09:58,149:INFO: - Eval metrics : accuracy: 0.811 ; loss: 0.410
2018-10-29 03:09:58,191:INFO: - Found new best accuracy
2018-10-29 03:09:58,192:INFO: Epoch 25/30
