2018-10-21 14:22:47,192:INFO: Loading the dataset ...
2018-10-21 14:22:47,667:INFO: - done.
2018-10-21 14:22:51,677:INFO: Starting evaluation
2018-10-21 14:23:01,583:INFO: Labels=[0. 0. 1. 0. 0. 0. 0. 1. 0. 1.]
2018-10-21 14:23:01,584:INFO: Out prob=[6.10779859e-02 3.60870123e-01 7.08144426e-01 8.49705517e-01
 7.35743999e-01 6.80388548e-05 4.12329705e-03 8.60623360e-01
 5.24953842e-01 9.70270753e-01]
2018-10-21 14:23:01,584:INFO: ------------------------------------------------------------------------------------------------------------------------
2018-10-21 14:23:01,584:INFO: len labels after =16000
2018-10-21 14:23:01,584:INFO: len out_prob after16000
2018-10-21 14:23:01,584:INFO: length y_test=16000
2018-10-21 14:23:01,584:INFO: Lenght y_score=16000
2018-10-21 14:23:01,588:INFO: Length y_score 16000
2018-10-21 14:23:01,588:INFO: Length y_test 16000
2018-10-21 14:23:01,588:INFO: Thresholds[0:6] = 
 [0.9999212  0.99971718 0.99956363 0.99943799 0.99938548 0.9993431 ]
2018-10-21 14:23:01,588:INFO: Thresholds lenght = 
15987
2018-10-21 14:23:01,588:INFO: fpr lenght15987
2018-10-21 14:23:01,588:INFO: tpr lenght15987
2018-10-21 14:23:01,640:INFO: ------------------------------------------------------------------------------------------------------------------------
2018-10-21 14:23:01,644:INFO: roc_auc=0.9139056705297762
2018-10-21 14:23:01,644:INFO: ------------------------------------------------------------------------------------------------------------------------
2018-10-21 14:23:01,644:INFO: - Eval metrics : accuracy: 0.835 ; loss: 0.367
