2018-10-21 13:47:19,114:INFO: sample_name=top_qcd_jets_antikt_kt__40000_Njets_128_batch
2018-10-21 13:47:19,114:INFO: ------------------------------------------------------------
2018-10-21 13:47:19,114:INFO: Loading the datasets...
2018-10-21 13:47:20,673:INFO: - done loading the datasets
2018-10-21 13:47:20,674:INFO: ------------------------------------------------------------
2018-10-21 13:47:24,730:INFO: Building optimizer...
2018-10-21 13:47:24,730:INFO: Starting training for 30 epoch(s)
2018-10-21 13:47:24,730:INFO: Epoch 1/30
2018-10-21 13:48:28,633:INFO: - Train metrics: accuracy: 0.552 ; loss: 0.754
2018-10-21 13:48:37,670:INFO: - Eval metrics : accuracy: 0.737 ; loss: 0.515
2018-10-21 13:48:37,732:INFO: - Found new best accuracy
2018-10-21 13:48:37,733:INFO: Epoch 2/30
2018-10-21 13:49:40,793:INFO: - Train metrics: accuracy: 0.779 ; loss: 0.477
2018-10-21 13:49:49,322:INFO: - Eval metrics : accuracy: 0.793 ; loss: 0.461
2018-10-21 13:49:49,401:INFO: - Found new best accuracy
2018-10-21 13:49:49,402:INFO: Epoch 3/30
2018-10-21 13:50:52,571:INFO: - Train metrics: accuracy: 0.818 ; loss: 0.406
2018-10-21 13:51:01,410:INFO: - Eval metrics : accuracy: 0.778 ; loss: 0.457
2018-10-21 13:51:01,448:INFO: Epoch 4/30
2018-10-21 13:52:04,086:INFO: - Train metrics: accuracy: 0.823 ; loss: 0.406
2018-10-21 13:52:11,676:INFO: - Eval metrics : accuracy: 0.806 ; loss: 0.432
2018-10-21 13:52:11,711:INFO: - Found new best accuracy
2018-10-21 13:52:11,712:INFO: Epoch 5/30
2018-10-21 13:53:13,962:INFO: - Train metrics: accuracy: 0.833 ; loss: 0.376
2018-10-21 13:53:22,373:INFO: - Eval metrics : accuracy: 0.802 ; loss: 0.418
2018-10-21 13:53:22,409:INFO: Epoch 6/30
2018-10-21 13:54:24,724:INFO: - Train metrics: accuracy: 0.833 ; loss: 0.377
2018-10-21 13:54:32,303:INFO: - Eval metrics : accuracy: 0.813 ; loss: 0.401
2018-10-21 13:54:32,343:INFO: - Found new best accuracy
2018-10-21 13:54:32,343:INFO: Epoch 7/30
2018-10-21 13:55:35,098:INFO: - Train metrics: accuracy: 0.854 ; loss: 0.347
2018-10-21 13:55:43,896:INFO: - Eval metrics : accuracy: 0.818 ; loss: 0.392
2018-10-21 13:55:43,930:INFO: - Found new best accuracy
2018-10-21 13:55:43,931:INFO: Epoch 8/30
2018-10-21 13:56:46,654:INFO: - Train metrics: accuracy: 0.862 ; loss: 0.336
2018-10-21 13:56:54,214:INFO: - Eval metrics : accuracy: 0.820 ; loss: 0.386
2018-10-21 13:56:54,254:INFO: - Found new best accuracy
2018-10-21 13:56:54,254:INFO: Epoch 9/30
2018-10-21 13:57:56,743:INFO: - Train metrics: accuracy: 0.857 ; loss: 0.323
2018-10-21 13:58:04,323:INFO: - Eval metrics : accuracy: 0.822 ; loss: 0.384
2018-10-21 13:58:04,361:INFO: - Found new best accuracy
2018-10-21 13:58:04,362:INFO: Epoch 10/30
2018-10-21 13:59:06,995:INFO: - Train metrics: accuracy: 0.867 ; loss: 0.315
2018-10-21 13:59:14,591:INFO: - Eval metrics : accuracy: 0.822 ; loss: 0.381
2018-10-21 13:59:14,628:INFO: - Found new best accuracy
2018-10-21 13:59:14,629:INFO: Epoch 11/30
2018-10-21 14:00:17,217:INFO: - Train metrics: accuracy: 0.862 ; loss: 0.309
2018-10-21 14:00:24,886:INFO: - Eval metrics : accuracy: 0.824 ; loss: 0.377
2018-10-21 14:00:24,924:INFO: - Found new best accuracy
2018-10-21 14:00:24,925:INFO: Epoch 12/30
2018-10-21 14:01:27,701:INFO: - Train metrics: accuracy: 0.859 ; loss: 0.307
2018-10-21 14:01:35,301:INFO: - Eval metrics : accuracy: 0.825 ; loss: 0.376
2018-10-21 14:01:35,339:INFO: - Found new best accuracy
2018-10-21 14:01:35,340:INFO: Epoch 13/30
2018-10-21 14:02:38,638:INFO: - Train metrics: accuracy: 0.857 ; loss: 0.308
2018-10-21 14:02:47,037:INFO: - Eval metrics : accuracy: 0.828 ; loss: 0.373
2018-10-21 14:02:47,078:INFO: - Found new best accuracy
2018-10-21 14:02:47,079:INFO: Epoch 14/30
2018-10-21 14:03:49,776:INFO: - Train metrics: accuracy: 0.859 ; loss: 0.305
2018-10-21 14:03:58,585:INFO: - Eval metrics : accuracy: 0.827 ; loss: 0.371
2018-10-21 14:03:58,628:INFO: Epoch 15/30
2018-10-21 14:05:01,878:INFO: - Train metrics: accuracy: 0.862 ; loss: 0.300
2018-10-21 14:05:10,823:INFO: - Eval metrics : accuracy: 0.828 ; loss: 0.370
2018-10-21 14:05:10,858:INFO: - Found new best accuracy
2018-10-21 14:05:10,859:INFO: Epoch 16/30
2018-10-21 14:06:13,989:INFO: - Train metrics: accuracy: 0.859 ; loss: 0.302
2018-10-21 14:06:22,183:INFO: - Eval metrics : accuracy: 0.828 ; loss: 0.369
2018-10-21 14:06:22,213:INFO: Epoch 17/30
2018-10-21 14:07:25,559:INFO: - Train metrics: accuracy: 0.862 ; loss: 0.301
2018-10-21 14:07:34,099:INFO: - Eval metrics : accuracy: 0.828 ; loss: 0.369
2018-10-21 14:07:34,144:INFO: Epoch 18/30
2018-10-21 14:08:37,830:INFO: - Train metrics: accuracy: 0.862 ; loss: 0.300
2018-10-21 14:08:46,514:INFO: - Eval metrics : accuracy: 0.827 ; loss: 0.369
2018-10-21 14:08:46,559:INFO: Epoch 19/30
2018-10-21 14:09:49,833:INFO: - Train metrics: accuracy: 0.862 ; loss: 0.299
2018-10-21 14:09:58,152:INFO: - Eval metrics : accuracy: 0.827 ; loss: 0.369
2018-10-21 14:09:58,190:INFO: Epoch 20/30
2018-10-21 14:11:00,423:INFO: - Train metrics: accuracy: 0.862 ; loss: 0.298
2018-10-21 14:11:07,734:INFO: - Eval metrics : accuracy: 0.827 ; loss: 0.369
2018-10-21 14:11:07,771:INFO: Epoch 21/30
2018-10-21 14:12:09,839:INFO: - Train metrics: accuracy: 0.865 ; loss: 0.298
2018-10-21 14:12:17,412:INFO: - Eval metrics : accuracy: 0.827 ; loss: 0.369
2018-10-21 14:12:17,446:INFO: Epoch 22/30
2018-10-21 14:13:19,492:INFO: - Train metrics: accuracy: 0.867 ; loss: 0.298
2018-10-21 14:13:27,059:INFO: - Eval metrics : accuracy: 0.827 ; loss: 0.369
2018-10-21 14:13:27,102:INFO: Epoch 23/30
2018-10-21 14:14:29,321:INFO: - Train metrics: accuracy: 0.872 ; loss: 0.298
2018-10-21 14:14:36,891:INFO: - Eval metrics : accuracy: 0.827 ; loss: 0.368
2018-10-21 14:14:36,894:INFO: Epoch 24/30
2018-10-21 14:15:38,806:INFO: - Train metrics: accuracy: 0.867 ; loss: 0.298
2018-10-21 14:15:46,398:INFO: - Eval metrics : accuracy: 0.829 ; loss: 0.368
2018-10-21 14:15:46,434:INFO: - Found new best accuracy
2018-10-21 14:15:46,434:INFO: Epoch 25/30
2018-10-21 14:16:48,394:INFO: - Train metrics: accuracy: 0.867 ; loss: 0.298
2018-10-21 14:16:56,014:INFO: - Eval metrics : accuracy: 0.828 ; loss: 0.367
2018-10-21 14:16:56,049:INFO: Epoch 26/30
2018-10-21 14:17:58,274:INFO: - Train metrics: accuracy: 0.867 ; loss: 0.298
2018-10-21 14:18:05,889:INFO: - Eval metrics : accuracy: 0.828 ; loss: 0.367
2018-10-21 14:18:05,930:INFO: Epoch 27/30
2018-10-21 14:19:07,982:INFO: - Train metrics: accuracy: 0.867 ; loss: 0.298
2018-10-21 14:19:15,556:INFO: - Eval metrics : accuracy: 0.828 ; loss: 0.367
2018-10-21 14:19:15,597:INFO: Epoch 28/30
2018-10-21 14:20:17,717:INFO: - Train metrics: accuracy: 0.865 ; loss: 0.298
2018-10-21 14:20:25,313:INFO: - Eval metrics : accuracy: 0.828 ; loss: 0.367
2018-10-21 14:20:25,346:INFO: Epoch 29/30
2018-10-21 14:21:27,779:INFO: - Train metrics: accuracy: 0.865 ; loss: 0.298
2018-10-21 14:21:35,363:INFO: - Eval metrics : accuracy: 0.828 ; loss: 0.367
2018-10-21 14:21:35,366:INFO: Epoch 30/30
2018-10-21 14:22:37,693:INFO: - Train metrics: accuracy: 0.865 ; loss: 0.299
2018-10-21 14:22:45,264:INFO: - Eval metrics : accuracy: 0.828 ; loss: 0.367
2018-10-21 14:22:45,300:INFO: Total time (minutes) =35.43643798033396
