2018-10-29 00:23:08,221:INFO: Loading the dataset ...
2018-10-29 00:23:08,554:INFO: - done.
2018-10-29 00:23:10,439:INFO: Starting evaluation
2018-10-29 00:23:13,752:INFO: Labels=[0. 0. 1. 0. 0. 0. 0. 1. 0. 1.]
2018-10-29 00:23:13,752:INFO: Out prob=[1.27806962e-01 4.15591419e-01 4.63370323e-01 6.51481330e-01
 8.84579003e-01 7.23626930e-04 4.38636215e-03 9.54756260e-01
 4.18636233e-01 9.40132439e-01]
2018-10-29 00:23:13,752:INFO: ------------------------------------------------------------------------------------------------------------------------
2018-10-29 00:23:13,752:INFO: len labels after =15360
2018-10-29 00:23:13,752:INFO: len out_prob after15360
2018-10-29 00:23:13,752:INFO: length y_test=15360
2018-10-29 00:23:13,752:INFO: Lenght y_score=15360
2018-10-29 00:23:13,755:INFO: Length y_score 15360
2018-10-29 00:23:13,755:INFO: Length y_test 15360
2018-10-29 00:23:13,756:INFO: Thresholds[0:6] = 
 [0.99963963 0.99963188 0.99957603 0.99956685 0.99955148 0.9995333 ]
2018-10-29 00:23:13,756:INFO: Thresholds lenght = 
15348
2018-10-29 00:23:13,756:INFO: fpr lenght15348
2018-10-29 00:23:13,756:INFO: tpr lenght15348
2018-10-29 00:23:13,803:INFO: ------------------------------------------------------------------------------------------------------------------------
2018-10-29 00:23:13,807:INFO: roc_auc=0.9151820528697043
2018-10-29 00:23:13,807:INFO: ------------------------------------------------------------------------------------------------------------------------
2018-10-29 00:23:13,807:INFO: - Eval metrics : accuracy: 0.83138 ; loss: 0.36405
