2018-10-29 00:14:11,930:INFO: sample_name=top_qcd_jets_antikt_kt__40000_Njets_1024_batch
2018-10-29 00:14:11,931:INFO: ------------------------------------------------------------
2018-10-29 00:14:11,931:INFO: Loading the datasets...
2018-10-29 00:14:13,069:INFO: - done loading the datasets
2018-10-29 00:14:13,069:INFO: ------------------------------------------------------------
2018-10-29 00:14:14,683:INFO: Building optimizer...
2018-10-29 00:14:14,684:INFO: Starting training for 30 epoch(s)
2018-10-29 00:14:14,684:INFO: Epoch 1/30
2018-10-29 00:14:30,417:INFO: - Train metrics: accuracy: 0.519 ; loss: 0.730
2018-10-29 00:14:33,491:INFO: - Eval metrics : accuracy: 0.507 ; loss: 0.689
2018-10-29 00:14:33,541:INFO: - Found new best accuracy
2018-10-29 00:14:33,542:INFO: Epoch 2/30
2018-10-29 00:14:48,105:INFO: - Train metrics: accuracy: 0.525 ; loss: 0.687
2018-10-29 00:14:50,911:INFO: - Eval metrics : accuracy: 0.501 ; loss: 0.706
2018-10-29 00:14:50,963:INFO: Epoch 3/30
2018-10-29 00:15:06,001:INFO: - Train metrics: accuracy: 0.519 ; loss: 0.695
2018-10-29 00:15:08,820:INFO: - Eval metrics : accuracy: 0.792 ; loss: 0.479
2018-10-29 00:15:08,848:INFO: - Found new best accuracy
2018-10-29 00:15:08,849:INFO: Epoch 4/30
2018-10-29 00:15:23,890:INFO: - Train metrics: accuracy: 0.795 ; loss: 0.470
2018-10-29 00:15:26,502:INFO: - Eval metrics : accuracy: 0.799 ; loss: 0.436
2018-10-29 00:15:26,521:INFO: - Found new best accuracy
2018-10-29 00:15:26,522:INFO: Epoch 5/30
2018-10-29 00:15:41,642:INFO: - Train metrics: accuracy: 0.801 ; loss: 0.426
2018-10-29 00:15:44,393:INFO: - Eval metrics : accuracy: 0.798 ; loss: 0.435
2018-10-29 00:15:44,440:INFO: Epoch 6/30
2018-10-29 00:15:59,664:INFO: - Train metrics: accuracy: 0.804 ; loss: 0.425
2018-10-29 00:16:02,463:INFO: - Eval metrics : accuracy: 0.798 ; loss: 0.434
2018-10-29 00:16:02,514:INFO: Epoch 7/30
2018-10-29 00:16:17,347:INFO: - Train metrics: accuracy: 0.796 ; loss: 0.425
2018-10-29 00:16:20,371:INFO: - Eval metrics : accuracy: 0.803 ; loss: 0.419
2018-10-29 00:16:20,411:INFO: - Found new best accuracy
2018-10-29 00:16:20,411:INFO: Epoch 8/30
2018-10-29 00:16:35,439:INFO: - Train metrics: accuracy: 0.811 ; loss: 0.403
2018-10-29 00:16:38,073:INFO: - Eval metrics : accuracy: 0.804 ; loss: 0.419
2018-10-29 00:16:38,113:INFO: - Found new best accuracy
2018-10-29 00:16:38,114:INFO: Epoch 9/30
2018-10-29 00:16:53,106:INFO: - Train metrics: accuracy: 0.813 ; loss: 0.402
2018-10-29 00:16:55,860:INFO: - Eval metrics : accuracy: 0.804 ; loss: 0.415
2018-10-29 00:16:55,901:INFO: Epoch 10/30
2018-10-29 00:17:10,698:INFO: - Train metrics: accuracy: 0.819 ; loss: 0.397
2018-10-29 00:17:13,314:INFO: - Eval metrics : accuracy: 0.806 ; loss: 0.418
2018-10-29 00:17:13,358:INFO: - Found new best accuracy
2018-10-29 00:17:13,358:INFO: Epoch 11/30
2018-10-29 00:17:27,992:INFO: - Train metrics: accuracy: 0.819 ; loss: 0.400
2018-10-29 00:17:30,600:INFO: - Eval metrics : accuracy: 0.805 ; loss: 0.421
2018-10-29 00:17:30,644:INFO: Epoch 12/30
2018-10-29 00:17:45,438:INFO: - Train metrics: accuracy: 0.817 ; loss: 0.400
2018-10-29 00:17:48,047:INFO: - Eval metrics : accuracy: 0.811 ; loss: 0.409
2018-10-29 00:17:48,093:INFO: - Found new best accuracy
2018-10-29 00:17:48,093:INFO: Epoch 13/30
2018-10-29 00:18:02,915:INFO: - Train metrics: accuracy: 0.817 ; loss: 0.387
2018-10-29 00:18:05,515:INFO: - Eval metrics : accuracy: 0.811 ; loss: 0.402
2018-10-29 00:18:05,557:INFO: - Found new best accuracy
2018-10-29 00:18:05,557:INFO: Epoch 14/30
2018-10-29 00:18:20,258:INFO: - Train metrics: accuracy: 0.820 ; loss: 0.380
2018-10-29 00:18:22,952:INFO: - Eval metrics : accuracy: 0.811 ; loss: 0.405
2018-10-29 00:18:22,997:INFO: Epoch 15/30
2018-10-29 00:18:37,759:INFO: - Train metrics: accuracy: 0.822 ; loss: 0.379
2018-10-29 00:18:40,582:INFO: - Eval metrics : accuracy: 0.814 ; loss: 0.398
2018-10-29 00:18:40,653:INFO: - Found new best accuracy
2018-10-29 00:18:40,654:INFO: Epoch 16/30
2018-10-29 00:18:55,545:INFO: - Train metrics: accuracy: 0.824 ; loss: 0.370
2018-10-29 00:18:58,616:INFO: - Eval metrics : accuracy: 0.816 ; loss: 0.396
2018-10-29 00:18:58,660:INFO: - Found new best accuracy
2018-10-29 00:18:58,661:INFO: Epoch 17/30
2018-10-29 00:19:13,594:INFO: - Train metrics: accuracy: 0.824 ; loss: 0.364
2018-10-29 00:19:16,176:INFO: - Eval metrics : accuracy: 0.817 ; loss: 0.398
2018-10-29 00:19:16,237:INFO: - Found new best accuracy
2018-10-29 00:19:16,238:INFO: Epoch 18/30
2018-10-29 00:19:31,321:INFO: - Train metrics: accuracy: 0.829 ; loss: 0.365
2018-10-29 00:19:34,054:INFO: - Eval metrics : accuracy: 0.820 ; loss: 0.387
2018-10-29 00:19:34,099:INFO: - Found new best accuracy
2018-10-29 00:19:34,100:INFO: Epoch 19/30
2018-10-29 00:19:49,209:INFO: - Train metrics: accuracy: 0.834 ; loss: 0.356
2018-10-29 00:19:51,835:INFO: - Eval metrics : accuracy: 0.819 ; loss: 0.383
2018-10-29 00:19:51,917:INFO: Epoch 20/30
2018-10-29 00:20:07,066:INFO: - Train metrics: accuracy: 0.829 ; loss: 0.351
2018-10-29 00:20:09,680:INFO: - Eval metrics : accuracy: 0.820 ; loss: 0.384
2018-10-29 00:20:09,720:INFO: - Found new best accuracy
2018-10-29 00:20:09,720:INFO: Epoch 21/30
2018-10-29 00:20:24,788:INFO: - Train metrics: accuracy: 0.829 ; loss: 0.349
2018-10-29 00:20:27,415:INFO: - Eval metrics : accuracy: 0.820 ; loss: 0.383
2018-10-29 00:20:27,454:INFO: Epoch 22/30
2018-10-29 00:20:42,540:INFO: - Train metrics: accuracy: 0.835 ; loss: 0.346
2018-10-29 00:20:45,164:INFO: - Eval metrics : accuracy: 0.824 ; loss: 0.373
2018-10-29 00:20:45,206:INFO: - Found new best accuracy
2018-10-29 00:20:45,207:INFO: Epoch 23/30
2018-10-29 00:20:59,870:INFO: - Train metrics: accuracy: 0.836 ; loss: 0.338
2018-10-29 00:21:02,356:INFO: - Eval metrics : accuracy: 0.825 ; loss: 0.370
2018-10-29 00:21:02,424:INFO: - Found new best accuracy
2018-10-29 00:21:02,425:INFO: Epoch 24/30
2018-10-29 00:21:17,129:INFO: - Train metrics: accuracy: 0.842 ; loss: 0.333
2018-10-29 00:21:19,746:INFO: - Eval metrics : accuracy: 0.824 ; loss: 0.372
2018-10-29 00:21:19,804:INFO: Epoch 25/30
2018-10-29 00:21:34,528:INFO: - Train metrics: accuracy: 0.849 ; loss: 0.333
2018-10-29 00:21:37,139:INFO: - Eval metrics : accuracy: 0.826 ; loss: 0.370
2018-10-29 00:21:37,185:INFO: - Found new best accuracy
2018-10-29 00:21:37,185:INFO: Epoch 26/30
2018-10-29 00:21:51,807:INFO: - Train metrics: accuracy: 0.844 ; loss: 0.334
2018-10-29 00:21:54,565:INFO: - Eval metrics : accuracy: 0.828 ; loss: 0.367
2018-10-29 00:21:54,602:INFO: - Found new best accuracy
2018-10-29 00:21:54,602:INFO: Epoch 27/30
2018-10-29 00:22:09,562:INFO: - Train metrics: accuracy: 0.845 ; loss: 0.329
2018-10-29 00:22:12,280:INFO: - Eval metrics : accuracy: 0.829 ; loss: 0.368
2018-10-29 00:22:12,288:INFO: - Found new best accuracy
2018-10-29 00:22:12,288:INFO: Epoch 28/30
2018-10-29 00:22:27,297:INFO: - Train metrics: accuracy: 0.841 ; loss: 0.329
2018-10-29 00:22:30,632:INFO: - Eval metrics : accuracy: 0.830 ; loss: 0.365
2018-10-29 00:22:30,679:INFO: - Found new best accuracy
2018-10-29 00:22:30,680:INFO: Epoch 29/30
2018-10-29 00:22:45,669:INFO: - Train metrics: accuracy: 0.847 ; loss: 0.326
2018-10-29 00:22:48,502:INFO: - Eval metrics : accuracy: 0.831 ; loss: 0.364
2018-10-29 00:22:48,544:INFO: - Found new best accuracy
2018-10-29 00:22:48,544:INFO: Epoch 30/30
2018-10-29 00:23:03,401:INFO: - Train metrics: accuracy: 0.854 ; loss: 0.325
2018-10-29 00:23:06,215:INFO: - Eval metrics : accuracy: 0.830 ; loss: 0.363
2018-10-29 00:23:06,256:INFO: Total time (minutes) =8.905417056878408
