2018-11-01 11:40:19,387:INFO: Loading the dataset ...
2018-11-01 11:40:20,157:INFO: - done.
2018-11-01 11:40:21,885:INFO: Starting evaluation
2018-11-01 11:40:27,914:INFO: Labels=[1. 0. 0. 0. 1. 0. 0. 1. 1. 0.]
2018-11-01 11:40:27,915:INFO: Out prob=[9.97482836e-01 6.13182038e-02 6.43965662e-01 3.85802385e-04
 8.83693576e-01 9.70953405e-01 3.15699323e-15 9.97931838e-01
 9.98007834e-01 6.29601208e-03]
2018-11-01 11:40:27,915:INFO: ------------------------------------------------------------------------------------------------------------------------
2018-11-01 11:40:27,915:INFO: len labels after =32000
2018-11-01 11:40:27,915:INFO: len out_prob after32000
2018-11-01 11:40:27,915:INFO: length y_test=32000
2018-11-01 11:40:27,915:INFO: Lenght y_score=32000
2018-11-01 11:40:27,921:INFO: Length y_score 32000
2018-11-01 11:40:27,921:INFO: Length y_test 32000
2018-11-01 11:40:27,921:INFO: Thresholds[0:6] = 
 [0.99976212 0.99968803 0.99963665 0.99954587 0.99952233 0.9995209 ]
2018-11-01 11:40:27,921:INFO: Thresholds lenght = 
31539
2018-11-01 11:40:27,921:INFO: fpr lenght31539
2018-11-01 11:40:27,921:INFO: tpr lenght31539
2018-11-01 11:40:28,069:INFO: ------------------------------------------------------------------------------------------------------------------------
2018-11-01 11:40:28,077:INFO: roc_auc=0.9836852694675206
2018-11-01 11:40:28,077:INFO: ------------------------------------------------------------------------------------------------------------------------
2018-11-01 11:40:28,078:INFO: - Eval metrics : accuracy: 0.93566 ; loss: 0.16068
