2018-10-21 14:59:04,551:INFO: Loading the dataset ...
2018-10-21 14:59:05,044:INFO: - done.
2018-10-21 14:59:09,128:INFO: Starting evaluation
2018-10-21 14:59:17,263:INFO: Labels=[0. 0. 1. 0. 0. 0. 0. 1. 0. 1.]
2018-10-21 14:59:17,264:INFO: Out prob=[1.37357473e-01 3.86919200e-01 5.90792120e-01 7.62729585e-01
 7.55311847e-01 5.32060105e-04 2.20861025e-02 8.49690378e-01
 5.39758742e-01 9.69134927e-01]
2018-10-21 14:59:17,264:INFO: ------------------------------------------------------------------------------------------------------------------------
2018-10-21 14:59:17,264:INFO: len labels after =16000
2018-10-21 14:59:17,264:INFO: len out_prob after16000
2018-10-21 14:59:17,264:INFO: length y_test=16000
2018-10-21 14:59:17,264:INFO: Lenght y_score=16000
2018-10-21 14:59:17,267:INFO: Length y_score 16000
2018-10-21 14:59:17,267:INFO: Length y_test 16000
2018-10-21 14:59:17,268:INFO: Thresholds[0:6] = 
 [0.99943703 0.99914241 0.99867058 0.99852967 0.99849868 0.99849582]
2018-10-21 14:59:17,268:INFO: Thresholds lenght = 
15990
2018-10-21 14:59:17,268:INFO: fpr lenght15990
2018-10-21 14:59:17,268:INFO: tpr lenght15990
2018-10-21 14:59:17,314:INFO: ------------------------------------------------------------------------------------------------------------------------
2018-10-21 14:59:17,318:INFO: roc_auc=0.9098298814035919
2018-10-21 14:59:17,318:INFO: ------------------------------------------------------------------------------------------------------------------------
2018-10-21 14:59:17,318:INFO: - Eval metrics : accuracy: 0.831 ; loss: 0.375
