2018-10-21 14:23:02,989:INFO: sample_name=top_qcd_jets_antikt_kt__40000_Njets_128_batch
2018-10-21 14:23:02,990:INFO: ------------------------------------------------------------
2018-10-21 14:23:02,990:INFO: Loading the datasets...
2018-10-21 14:23:04,324:INFO: - done loading the datasets
2018-10-21 14:23:04,324:INFO: ------------------------------------------------------------
2018-10-21 14:23:08,381:INFO: Building optimizer...
2018-10-21 14:23:08,382:INFO: Starting training for 30 epoch(s)
2018-10-21 14:23:08,382:INFO: Epoch 1/30
2018-10-21 14:24:14,417:INFO: - Train metrics: accuracy: 0.596 ; loss: 0.734
2018-10-21 14:24:25,067:INFO: - Eval metrics : accuracy: 0.537 ; loss: 0.777
2018-10-21 14:24:25,148:INFO: - Found new best accuracy
2018-10-21 14:24:25,148:INFO: Epoch 2/30
2018-10-21 14:25:29,918:INFO: - Train metrics: accuracy: 0.661 ; loss: 0.625
2018-10-21 14:25:37,549:INFO: - Eval metrics : accuracy: 0.767 ; loss: 0.506
2018-10-21 14:25:37,587:INFO: - Found new best accuracy
2018-10-21 14:25:37,587:INFO: Epoch 3/30
2018-10-21 14:26:40,909:INFO: - Train metrics: accuracy: 0.784 ; loss: 0.467
2018-10-21 14:26:48,581:INFO: - Eval metrics : accuracy: 0.783 ; loss: 0.493
2018-10-21 14:26:48,618:INFO: - Found new best accuracy
2018-10-21 14:26:48,619:INFO: Epoch 4/30
2018-10-21 14:27:51,283:INFO: - Train metrics: accuracy: 0.807 ; loss: 0.423
2018-10-21 14:27:58,812:INFO: - Eval metrics : accuracy: 0.785 ; loss: 0.465
2018-10-21 14:27:58,850:INFO: - Found new best accuracy
2018-10-21 14:27:58,850:INFO: Epoch 5/30
2018-10-21 14:29:01,536:INFO: - Train metrics: accuracy: 0.815 ; loss: 0.405
2018-10-21 14:29:09,075:INFO: - Eval metrics : accuracy: 0.785 ; loss: 0.454
2018-10-21 14:29:09,115:INFO: - Found new best accuracy
2018-10-21 14:29:09,115:INFO: Epoch 6/30
2018-10-21 14:30:11,873:INFO: - Train metrics: accuracy: 0.828 ; loss: 0.388
2018-10-21 14:30:19,364:INFO: - Eval metrics : accuracy: 0.796 ; loss: 0.434
2018-10-21 14:30:19,405:INFO: - Found new best accuracy
2018-10-21 14:30:19,405:INFO: Epoch 7/30
2018-10-21 14:31:21,369:INFO: - Train metrics: accuracy: 0.849 ; loss: 0.365
2018-10-21 14:31:29,206:INFO: - Eval metrics : accuracy: 0.809 ; loss: 0.411
2018-10-21 14:31:29,261:INFO: - Found new best accuracy
2018-10-21 14:31:29,262:INFO: Epoch 8/30
2018-10-21 14:32:32,439:INFO: - Train metrics: accuracy: 0.846 ; loss: 0.347
2018-10-21 14:32:40,433:INFO: - Eval metrics : accuracy: 0.818 ; loss: 0.393
2018-10-21 14:32:40,468:INFO: - Found new best accuracy
2018-10-21 14:32:40,469:INFO: Epoch 9/30
2018-10-21 14:33:43,557:INFO: - Train metrics: accuracy: 0.852 ; loss: 0.335
2018-10-21 14:33:51,066:INFO: - Eval metrics : accuracy: 0.821 ; loss: 0.389
2018-10-21 14:33:51,069:INFO: - Found new best accuracy
2018-10-21 14:33:51,070:INFO: Epoch 10/30
2018-10-21 14:34:54,502:INFO: - Train metrics: accuracy: 0.852 ; loss: 0.327
2018-10-21 14:35:02,022:INFO: - Eval metrics : accuracy: 0.821 ; loss: 0.389
2018-10-21 14:35:02,025:INFO: Epoch 11/30
2018-10-21 14:36:05,667:INFO: - Train metrics: accuracy: 0.859 ; loss: 0.321
2018-10-21 14:36:13,206:INFO: - Eval metrics : accuracy: 0.825 ; loss: 0.384
2018-10-21 14:36:13,253:INFO: - Found new best accuracy
2018-10-21 14:36:13,253:INFO: Epoch 12/30
2018-10-21 14:37:16,728:INFO: - Train metrics: accuracy: 0.859 ; loss: 0.318
2018-10-21 14:37:24,261:INFO: - Eval metrics : accuracy: 0.825 ; loss: 0.383
2018-10-21 14:37:24,319:INFO: - Found new best accuracy
2018-10-21 14:37:24,319:INFO: Epoch 13/30
2018-10-21 14:38:28,115:INFO: - Train metrics: accuracy: 0.859 ; loss: 0.318
2018-10-21 14:38:35,876:INFO: - Eval metrics : accuracy: 0.825 ; loss: 0.381
2018-10-21 14:38:35,879:INFO: - Found new best accuracy
2018-10-21 14:38:35,879:INFO: Epoch 14/30
2018-10-21 14:39:39,080:INFO: - Train metrics: accuracy: 0.862 ; loss: 0.318
2018-10-21 14:39:46,978:INFO: - Eval metrics : accuracy: 0.826 ; loss: 0.380
2018-10-21 14:39:47,022:INFO: - Found new best accuracy
2018-10-21 14:39:47,022:INFO: Epoch 15/30
2018-10-21 14:40:51,044:INFO: - Train metrics: accuracy: 0.862 ; loss: 0.317
2018-10-21 14:40:58,716:INFO: - Eval metrics : accuracy: 0.827 ; loss: 0.379
2018-10-21 14:40:58,761:INFO: - Found new best accuracy
2018-10-21 14:40:58,762:INFO: Epoch 16/30
2018-10-21 14:42:02,492:INFO: - Train metrics: accuracy: 0.862 ; loss: 0.317
2018-10-21 14:42:10,104:INFO: - Eval metrics : accuracy: 0.827 ; loss: 0.379
2018-10-21 14:42:10,134:INFO: - Found new best accuracy
2018-10-21 14:42:10,135:INFO: Epoch 17/30
2018-10-21 14:43:13,353:INFO: - Train metrics: accuracy: 0.862 ; loss: 0.318
2018-10-21 14:43:21,116:INFO: - Eval metrics : accuracy: 0.828 ; loss: 0.379
2018-10-21 14:43:21,157:INFO: - Found new best accuracy
2018-10-21 14:43:21,158:INFO: Epoch 18/30
2018-10-21 14:44:24,839:INFO: - Train metrics: accuracy: 0.867 ; loss: 0.317
2018-10-21 14:44:33,091:INFO: - Eval metrics : accuracy: 0.828 ; loss: 0.378
2018-10-21 14:44:33,122:INFO: Epoch 19/30
2018-10-21 14:45:37,852:INFO: - Train metrics: accuracy: 0.859 ; loss: 0.317
2018-10-21 14:45:46,794:INFO: - Eval metrics : accuracy: 0.828 ; loss: 0.378
2018-10-21 14:45:46,825:INFO: - Found new best accuracy
2018-10-21 14:45:46,826:INFO: Epoch 20/30
2018-10-21 14:46:51,023:INFO: - Train metrics: accuracy: 0.859 ; loss: 0.316
2018-10-21 14:47:00,878:INFO: - Eval metrics : accuracy: 0.828 ; loss: 0.377
2018-10-21 14:47:00,920:INFO: - Found new best accuracy
2018-10-21 14:47:00,920:INFO: Epoch 21/30
2018-10-21 14:48:04,967:INFO: - Train metrics: accuracy: 0.867 ; loss: 0.316
2018-10-21 14:48:13,064:INFO: - Eval metrics : accuracy: 0.828 ; loss: 0.377
2018-10-21 14:48:13,111:INFO: Epoch 22/30
2018-10-21 14:49:16,512:INFO: - Train metrics: accuracy: 0.872 ; loss: 0.317
2018-10-21 14:49:26,070:INFO: - Eval metrics : accuracy: 0.828 ; loss: 0.377
2018-10-21 14:49:26,108:INFO: Epoch 23/30
2018-10-21 14:50:30,019:INFO: - Train metrics: accuracy: 0.878 ; loss: 0.316
2018-10-21 14:50:39,029:INFO: - Eval metrics : accuracy: 0.828 ; loss: 0.377
2018-10-21 14:50:39,063:INFO: Epoch 24/30
2018-10-21 14:51:42,961:INFO: - Train metrics: accuracy: 0.875 ; loss: 0.316
2018-10-21 14:51:51,765:INFO: - Eval metrics : accuracy: 0.828 ; loss: 0.377
2018-10-21 14:51:51,802:INFO: Epoch 25/30
2018-10-21 14:52:54,872:INFO: - Train metrics: accuracy: 0.872 ; loss: 0.316
2018-10-21 14:53:03,466:INFO: - Eval metrics : accuracy: 0.829 ; loss: 0.376
2018-10-21 14:53:03,507:INFO: - Found new best accuracy
2018-10-21 14:53:03,508:INFO: Epoch 26/30
2018-10-21 14:54:07,426:INFO: - Train metrics: accuracy: 0.870 ; loss: 0.315
2018-10-21 14:54:16,003:INFO: - Eval metrics : accuracy: 0.829 ; loss: 0.376
2018-10-21 14:54:16,046:INFO: - Found new best accuracy
2018-10-21 14:54:16,046:INFO: Epoch 27/30
2018-10-21 14:55:19,408:INFO: - Train metrics: accuracy: 0.872 ; loss: 0.315
2018-10-21 14:55:27,579:INFO: - Eval metrics : accuracy: 0.829 ; loss: 0.376
2018-10-21 14:55:27,608:INFO: - Found new best accuracy
2018-10-21 14:55:27,608:INFO: Epoch 28/30
2018-10-21 14:56:31,073:INFO: - Train metrics: accuracy: 0.872 ; loss: 0.315
2018-10-21 14:56:39,253:INFO: - Eval metrics : accuracy: 0.830 ; loss: 0.376
2018-10-21 14:56:39,291:INFO: - Found new best accuracy
2018-10-21 14:56:39,291:INFO: Epoch 29/30
2018-10-21 14:57:42,713:INFO: - Train metrics: accuracy: 0.872 ; loss: 0.315
2018-10-21 14:57:50,710:INFO: - Eval metrics : accuracy: 0.830 ; loss: 0.375
2018-10-21 14:57:50,739:INFO: Epoch 30/30
2018-10-21 14:58:54,677:INFO: - Train metrics: accuracy: 0.872 ; loss: 0.315
2018-10-21 14:59:02,463:INFO: - Eval metrics : accuracy: 0.830 ; loss: 0.375
2018-10-21 14:59:02,467:INFO: - Found new best accuracy
2018-10-21 14:59:02,467:INFO: Total time (minutes) =35.99129991531372
