2018-11-01 20:14:21,265:INFO: search_hyperparam_sample_name=top_qcd_jets_antikt_kt__80000_Njets_128_batch_desc_pT
2018-11-01 20:14:21,266:INFO: Number of jet files for ttbar=200
2018-11-01 20:14:21,266:INFO: Loading ttbar jet files... 
2018-11-01 20:14:21,266:INFO: ttbar files list = ['tree_httv2_ttbar_DelphesPythia8_nompi_0.dat', 'tree_httv2_ttbar_DelphesPythia8_nompi_1.dat', 'tree_httv2_ttbar_DelphesPythia8_nompi_10.dat', 'tree_httv2_ttbar_DelphesPythia8_nompi_100.dat', 'tree_httv2_ttbar_DelphesPythia8_nompi_101.dat', 'tree_httv2_ttbar_DelphesPythia8_nompi_102.dat', 'tree_httv2_ttbar_DelphesPythia8_nompi_103.dat', 'tree_httv2_ttbar_DelphesPythia8_nompi_104.dat', 'tree_httv2_ttbar_DelphesPythia8_nompi_105.dat', 'tree_httv2_ttbar_DelphesPythia8_nompi_106.dat', 'tree_httv2_ttbar_DelphesPythia8_nompi_107.dat', 'tree_httv2_ttbar_DelphesPythia8_nompi_108.dat', 'tree_httv2_ttbar_DelphesPythia8_nompi_109.dat', 'tree_httv2_ttbar_DelphesPythia8_nompi_11.dat', 'tree_httv2_ttbar_DelphesPythia8_nompi_110.dat', 'tree_httv2_ttbar_DelphesPythia8_nompi_111.dat', 'tree_httv2_ttbar_DelphesPythia8_nompi_112.dat', 'tree_httv2_ttbar_DelphesPythia8_nompi_113.dat', 'tree_httv2_ttbar_DelphesPythia8_nompi_114.dat', 'tree_httv2_ttbar_DelphesPythia8_nompi_115.dat', 'tree_httv2_ttbar_DelphesPythia8_nompi_116.dat', 'tree_httv2_ttbar_DelphesPythia8_nompi_117.dat', 'tree_httv2_ttbar_DelphesPythia8_nompi_118.dat', 'tree_httv2_ttbar_DelphesPythia8_nompi_119.dat', 'tree_httv2_ttbar_DelphesPythia8_nompi_12.dat', 'tree_httv2_ttbar_DelphesPythia8_nompi_120.dat', 'tree_httv2_ttbar_DelphesPythia8_nompi_121.dat', 'tree_httv2_ttbar_DelphesPythia8_nompi_122.dat', 'tree_httv2_ttbar_DelphesPythia8_nompi_123.dat', 'tree_httv2_ttbar_DelphesPythia8_nompi_124.dat', 'tree_httv2_ttbar_DelphesPythia8_nompi_125.dat', 'tree_httv2_ttbar_DelphesPythia8_nompi_126.dat', 'tree_httv2_ttbar_DelphesPythia8_nompi_127.dat', 'tree_httv2_ttbar_DelphesPythia8_nompi_128.dat', 'tree_httv2_ttbar_DelphesPythia8_nompi_129.dat', 'tree_httv2_ttbar_DelphesPythia8_nompi_13.dat', 'tree_httv2_ttbar_DelphesPythia8_nompi_130.dat', 'tree_httv2_ttbar_DelphesPythia8_nompi_131.dat', 'tree_httv2_ttbar_DelphesPythia8_nompi_132.dat', 'tree_httv2_ttbar_DelphesPythia8_nompi_133.dat', 'tree_httv2_ttbar_DelphesPythia8_nompi_134.dat', 'tree_httv2_ttbar_DelphesPythia8_nompi_135.dat', 'tree_httv2_ttbar_DelphesPythia8_nompi_136.dat', 'tree_httv2_ttbar_DelphesPythia8_nompi_137.dat', 'tree_httv2_ttbar_DelphesPythia8_nompi_138.dat', 'tree_httv2_ttbar_DelphesPythia8_nompi_139.dat', 'tree_httv2_ttbar_DelphesPythia8_nompi_14.dat', 'tree_httv2_ttbar_DelphesPythia8_nompi_140.dat', 'tree_httv2_ttbar_DelphesPythia8_nompi_141.dat', 'tree_httv2_ttbar_DelphesPythia8_nompi_142.dat', 'tree_httv2_ttbar_DelphesPythia8_nompi_143.dat', 'tree_httv2_ttbar_DelphesPythia8_nompi_144.dat', 'tree_httv2_ttbar_DelphesPythia8_nompi_145.dat', 'tree_httv2_ttbar_DelphesPythia8_nompi_146.dat', 'tree_httv2_ttbar_DelphesPythia8_nompi_147.dat', 'tree_httv2_ttbar_DelphesPythia8_nompi_148.dat', 'tree_httv2_ttbar_DelphesPythia8_nompi_149.dat', 'tree_httv2_ttbar_DelphesPythia8_nompi_15.dat', 'tree_httv2_ttbar_DelphesPythia8_nompi_150.dat', 'tree_httv2_ttbar_DelphesPythia8_nompi_151.dat', 'tree_httv2_ttbar_DelphesPythia8_nompi_152.dat', 'tree_httv2_ttbar_DelphesPythia8_nompi_153.dat', 'tree_httv2_ttbar_DelphesPythia8_nompi_154.dat', 'tree_httv2_ttbar_DelphesPythia8_nompi_155.dat', 'tree_httv2_ttbar_DelphesPythia8_nompi_156.dat', 'tree_httv2_ttbar_DelphesPythia8_nompi_157.dat', 'tree_httv2_ttbar_DelphesPythia8_nompi_158.dat', 'tree_httv2_ttbar_DelphesPythia8_nompi_159.dat', 'tree_httv2_ttbar_DelphesPythia8_nompi_16.dat', 'tree_httv2_ttbar_DelphesPythia8_nompi_160.dat', 'tree_httv2_ttbar_DelphesPythia8_nompi_161.dat', 'tree_httv2_ttbar_DelphesPythia8_nompi_162.dat', 'tree_httv2_ttbar_DelphesPythia8_nompi_163.dat', 'tree_httv2_ttbar_DelphesPythia8_nompi_164.dat', 'tree_httv2_ttbar_DelphesPythia8_nompi_165.dat', 'tree_httv2_ttbar_DelphesPythia8_nompi_166.dat', 'tree_httv2_ttbar_DelphesPythia8_nompi_167.dat', 'tree_httv2_ttbar_DelphesPythia8_nompi_168.dat', 'tree_httv2_ttbar_DelphesPythia8_nompi_169.dat', 'tree_httv2_ttbar_DelphesPythia8_nompi_17.dat', 'tree_httv2_ttbar_DelphesPythia8_nompi_170.dat', 'tree_httv2_ttbar_DelphesPythia8_nompi_171.dat', 'tree_httv2_ttbar_DelphesPythia8_nompi_172.dat', 'tree_httv2_ttbar_DelphesPythia8_nompi_173.dat', 'tree_httv2_ttbar_DelphesPythia8_nompi_174.dat', 'tree_httv2_ttbar_DelphesPythia8_nompi_175.dat', 'tree_httv2_ttbar_DelphesPythia8_nompi_176.dat', 'tree_httv2_ttbar_DelphesPythia8_nompi_177.dat', 'tree_httv2_ttbar_DelphesPythia8_nompi_178.dat', 'tree_httv2_ttbar_DelphesPythia8_nompi_179.dat', 'tree_httv2_ttbar_DelphesPythia8_nompi_18.dat', 'tree_httv2_ttbar_DelphesPythia8_nompi_180.dat', 'tree_httv2_ttbar_DelphesPythia8_nompi_181.dat', 'tree_httv2_ttbar_DelphesPythia8_nompi_182.dat', 'tree_httv2_ttbar_DelphesPythia8_nompi_183.dat', 'tree_httv2_ttbar_DelphesPythia8_nompi_184.dat', 'tree_httv2_ttbar_DelphesPythia8_nompi_185.dat', 'tree_httv2_ttbar_DelphesPythia8_nompi_186.dat', 'tree_httv2_ttbar_DelphesPythia8_nompi_187.dat', 'tree_httv2_ttbar_DelphesPythia8_nompi_188.dat', 'tree_httv2_ttbar_DelphesPythia8_nompi_189.dat', 'tree_httv2_ttbar_DelphesPythia8_nompi_19.dat', 'tree_httv2_ttbar_DelphesPythia8_nompi_190.dat', 'tree_httv2_ttbar_DelphesPythia8_nompi_191.dat', 'tree_httv2_ttbar_DelphesPythia8_nompi_192.dat', 'tree_httv2_ttbar_DelphesPythia8_nompi_193.dat', 'tree_httv2_ttbar_DelphesPythia8_nompi_194.dat', 'tree_httv2_ttbar_DelphesPythia8_nompi_195.dat', 'tree_httv2_ttbar_DelphesPythia8_nompi_196.dat', 'tree_httv2_ttbar_DelphesPythia8_nompi_197.dat', 'tree_httv2_ttbar_DelphesPythia8_nompi_198.dat', 'tree_httv2_ttbar_DelphesPythia8_nompi_199.dat', 'tree_httv2_ttbar_DelphesPythia8_nompi_2.dat', 'tree_httv2_ttbar_DelphesPythia8_nompi_20.dat', 'tree_httv2_ttbar_DelphesPythia8_nompi_21.dat', 'tree_httv2_ttbar_DelphesPythia8_nompi_22.dat', 'tree_httv2_ttbar_DelphesPythia8_nompi_23.dat', 'tree_httv2_ttbar_DelphesPythia8_nompi_24.dat', 'tree_httv2_ttbar_DelphesPythia8_nompi_25.dat', 'tree_httv2_ttbar_DelphesPythia8_nompi_26.dat', 'tree_httv2_ttbar_DelphesPythia8_nompi_27.dat', 'tree_httv2_ttbar_DelphesPythia8_nompi_28.dat', 'tree_httv2_ttbar_DelphesPythia8_nompi_29.dat', 'tree_httv2_ttbar_DelphesPythia8_nompi_3.dat', 'tree_httv2_ttbar_DelphesPythia8_nompi_30.dat', 'tree_httv2_ttbar_DelphesPythia8_nompi_31.dat', 'tree_httv2_ttbar_DelphesPythia8_nompi_32.dat', 'tree_httv2_ttbar_DelphesPythia8_nompi_33.dat', 'tree_httv2_ttbar_DelphesPythia8_nompi_34.dat', 'tree_httv2_ttbar_DelphesPythia8_nompi_35.dat', 'tree_httv2_ttbar_DelphesPythia8_nompi_36.dat', 'tree_httv2_ttbar_DelphesPythia8_nompi_37.dat', 'tree_httv2_ttbar_DelphesPythia8_nompi_38.dat', 'tree_httv2_ttbar_DelphesPythia8_nompi_39.dat', 'tree_httv2_ttbar_DelphesPythia8_nompi_4.dat', 'tree_httv2_ttbar_DelphesPythia8_nompi_40.dat', 'tree_httv2_ttbar_DelphesPythia8_nompi_41.dat', 'tree_httv2_ttbar_DelphesPythia8_nompi_42.dat', 'tree_httv2_ttbar_DelphesPythia8_nompi_43.dat', 'tree_httv2_ttbar_DelphesPythia8_nompi_44.dat', 'tree_httv2_ttbar_DelphesPythia8_nompi_45.dat', 'tree_httv2_ttbar_DelphesPythia8_nompi_46.dat', 'tree_httv2_ttbar_DelphesPythia8_nompi_47.dat', 'tree_httv2_ttbar_DelphesPythia8_nompi_48.dat', 'tree_httv2_ttbar_DelphesPythia8_nompi_49.dat', 'tree_httv2_ttbar_DelphesPythia8_nompi_5.dat', 'tree_httv2_ttbar_DelphesPythia8_nompi_50.dat', 'tree_httv2_ttbar_DelphesPythia8_nompi_51.dat', 'tree_httv2_ttbar_DelphesPythia8_nompi_52.dat', 'tree_httv2_ttbar_DelphesPythia8_nompi_53.dat', 'tree_httv2_ttbar_DelphesPythia8_nompi_54.dat', 'tree_httv2_ttbar_DelphesPythia8_nompi_55.dat', 'tree_httv2_ttbar_DelphesPythia8_nompi_56.dat', 'tree_httv2_ttbar_DelphesPythia8_nompi_57.dat', 'tree_httv2_ttbar_DelphesPythia8_nompi_58.dat', 'tree_httv2_ttbar_DelphesPythia8_nompi_59.dat', 'tree_httv2_ttbar_DelphesPythia8_nompi_6.dat', 'tree_httv2_ttbar_DelphesPythia8_nompi_60.dat', 'tree_httv2_ttbar_DelphesPythia8_nompi_61.dat', 'tree_httv2_ttbar_DelphesPythia8_nompi_62.dat', 'tree_httv2_ttbar_DelphesPythia8_nompi_63.dat', 'tree_httv2_ttbar_DelphesPythia8_nompi_64.dat', 'tree_httv2_ttbar_DelphesPythia8_nompi_65.dat', 'tree_httv2_ttbar_DelphesPythia8_nompi_66.dat', 'tree_httv2_ttbar_DelphesPythia8_nompi_67.dat', 'tree_httv2_ttbar_DelphesPythia8_nompi_68.dat', 'tree_httv2_ttbar_DelphesPythia8_nompi_69.dat', 'tree_httv2_ttbar_DelphesPythia8_nompi_7.dat', 'tree_httv2_ttbar_DelphesPythia8_nompi_70.dat', 'tree_httv2_ttbar_DelphesPythia8_nompi_71.dat', 'tree_httv2_ttbar_DelphesPythia8_nompi_72.dat', 'tree_httv2_ttbar_DelphesPythia8_nompi_73.dat', 'tree_httv2_ttbar_DelphesPythia8_nompi_74.dat', 'tree_httv2_ttbar_DelphesPythia8_nompi_75.dat', 'tree_httv2_ttbar_DelphesPythia8_nompi_76.dat', 'tree_httv2_ttbar_DelphesPythia8_nompi_77.dat', 'tree_httv2_ttbar_DelphesPythia8_nompi_78.dat', 'tree_httv2_ttbar_DelphesPythia8_nompi_79.dat', 'tree_httv2_ttbar_DelphesPythia8_nompi_8.dat', 'tree_httv2_ttbar_DelphesPythia8_nompi_80.dat', 'tree_httv2_ttbar_DelphesPythia8_nompi_81.dat', 'tree_httv2_ttbar_DelphesPythia8_nompi_82.dat', 'tree_httv2_ttbar_DelphesPythia8_nompi_83.dat', 'tree_httv2_ttbar_DelphesPythia8_nompi_84.dat', 'tree_httv2_ttbar_DelphesPythia8_nompi_85.dat', 'tree_httv2_ttbar_DelphesPythia8_nompi_86.dat', 'tree_httv2_ttbar_DelphesPythia8_nompi_87.dat', 'tree_httv2_ttbar_DelphesPythia8_nompi_88.dat', 'tree_httv2_ttbar_DelphesPythia8_nompi_89.dat', 'tree_httv2_ttbar_DelphesPythia8_nompi_9.dat', 'tree_httv2_ttbar_DelphesPythia8_nompi_90.dat', 'tree_httv2_ttbar_DelphesPythia8_nompi_91.dat', 'tree_httv2_ttbar_DelphesPythia8_nompi_92.dat', 'tree_httv2_ttbar_DelphesPythia8_nompi_93.dat', 'tree_httv2_ttbar_DelphesPythia8_nompi_94.dat', 'tree_httv2_ttbar_DelphesPythia8_nompi_95.dat', 'tree_httv2_ttbar_DelphesPythia8_nompi_96.dat', 'tree_httv2_ttbar_DelphesPythia8_nompi_97.dat', 'tree_httv2_ttbar_DelphesPythia8_nompi_98.dat', 'tree_httv2_ttbar_DelphesPythia8_nompi_99.dat']
2018-11-01 20:14:22,921:INFO: Ntotjets=10000
2018-11-01 20:14:24,497:INFO: Ntotjets=20000
2018-11-01 20:14:26,078:INFO: Ntotjets=30000
2018-11-01 20:14:27,662:INFO: Ntotjets=40000
2018-11-01 20:14:29,257:INFO: Ntotjets=50000
2018-11-01 20:14:30,850:INFO: Ntotjets=60000
2018-11-01 20:14:32,459:INFO: Ntotjets=70000
2018-11-01 20:14:34,055:INFO: Ntotjets=80000
2018-11-01 20:14:34,056:INFO: Number of jet files for qcd=200
2018-11-01 20:14:34,056:INFO: Loading qcd jet files... 
2018-11-01 20:14:34,056:INFO: qcd files list = ['tree_httv2_qcd_DelphesPythia8_nompi_0.dat', 'tree_httv2_qcd_DelphesPythia8_nompi_1.dat', 'tree_httv2_qcd_DelphesPythia8_nompi_10.dat', 'tree_httv2_qcd_DelphesPythia8_nompi_100.dat', 'tree_httv2_qcd_DelphesPythia8_nompi_101.dat', 'tree_httv2_qcd_DelphesPythia8_nompi_102.dat', 'tree_httv2_qcd_DelphesPythia8_nompi_103.dat', 'tree_httv2_qcd_DelphesPythia8_nompi_104.dat', 'tree_httv2_qcd_DelphesPythia8_nompi_105.dat', 'tree_httv2_qcd_DelphesPythia8_nompi_106.dat', 'tree_httv2_qcd_DelphesPythia8_nompi_107.dat', 'tree_httv2_qcd_DelphesPythia8_nompi_108.dat', 'tree_httv2_qcd_DelphesPythia8_nompi_109.dat', 'tree_httv2_qcd_DelphesPythia8_nompi_11.dat', 'tree_httv2_qcd_DelphesPythia8_nompi_110.dat', 'tree_httv2_qcd_DelphesPythia8_nompi_111.dat', 'tree_httv2_qcd_DelphesPythia8_nompi_112.dat', 'tree_httv2_qcd_DelphesPythia8_nompi_113.dat', 'tree_httv2_qcd_DelphesPythia8_nompi_114.dat', 'tree_httv2_qcd_DelphesPythia8_nompi_115.dat', 'tree_httv2_qcd_DelphesPythia8_nompi_116.dat', 'tree_httv2_qcd_DelphesPythia8_nompi_117.dat', 'tree_httv2_qcd_DelphesPythia8_nompi_118.dat', 'tree_httv2_qcd_DelphesPythia8_nompi_119.dat', 'tree_httv2_qcd_DelphesPythia8_nompi_12.dat', 'tree_httv2_qcd_DelphesPythia8_nompi_120.dat', 'tree_httv2_qcd_DelphesPythia8_nompi_121.dat', 'tree_httv2_qcd_DelphesPythia8_nompi_122.dat', 'tree_httv2_qcd_DelphesPythia8_nompi_123.dat', 'tree_httv2_qcd_DelphesPythia8_nompi_124.dat', 'tree_httv2_qcd_DelphesPythia8_nompi_125.dat', 'tree_httv2_qcd_DelphesPythia8_nompi_126.dat', 'tree_httv2_qcd_DelphesPythia8_nompi_127.dat', 'tree_httv2_qcd_DelphesPythia8_nompi_128.dat', 'tree_httv2_qcd_DelphesPythia8_nompi_129.dat', 'tree_httv2_qcd_DelphesPythia8_nompi_13.dat', 'tree_httv2_qcd_DelphesPythia8_nompi_130.dat', 'tree_httv2_qcd_DelphesPythia8_nompi_131.dat', 'tree_httv2_qcd_DelphesPythia8_nompi_132.dat', 'tree_httv2_qcd_DelphesPythia8_nompi_133.dat', 'tree_httv2_qcd_DelphesPythia8_nompi_134.dat', 'tree_httv2_qcd_DelphesPythia8_nompi_135.dat', 'tree_httv2_qcd_DelphesPythia8_nompi_136.dat', 'tree_httv2_qcd_DelphesPythia8_nompi_137.dat', 'tree_httv2_qcd_DelphesPythia8_nompi_138.dat', 'tree_httv2_qcd_DelphesPythia8_nompi_139.dat', 'tree_httv2_qcd_DelphesPythia8_nompi_14.dat', 'tree_httv2_qcd_DelphesPythia8_nompi_140.dat', 'tree_httv2_qcd_DelphesPythia8_nompi_141.dat', 'tree_httv2_qcd_DelphesPythia8_nompi_142.dat', 'tree_httv2_qcd_DelphesPythia8_nompi_143.dat', 'tree_httv2_qcd_DelphesPythia8_nompi_144.dat', 'tree_httv2_qcd_DelphesPythia8_nompi_145.dat', 'tree_httv2_qcd_DelphesPythia8_nompi_146.dat', 'tree_httv2_qcd_DelphesPythia8_nompi_147.dat', 'tree_httv2_qcd_DelphesPythia8_nompi_148.dat', 'tree_httv2_qcd_DelphesPythia8_nompi_149.dat', 'tree_httv2_qcd_DelphesPythia8_nompi_15.dat', 'tree_httv2_qcd_DelphesPythia8_nompi_150.dat', 'tree_httv2_qcd_DelphesPythia8_nompi_151.dat', 'tree_httv2_qcd_DelphesPythia8_nompi_152.dat', 'tree_httv2_qcd_DelphesPythia8_nompi_153.dat', 'tree_httv2_qcd_DelphesPythia8_nompi_154.dat', 'tree_httv2_qcd_DelphesPythia8_nompi_155.dat', 'tree_httv2_qcd_DelphesPythia8_nompi_156.dat', 'tree_httv2_qcd_DelphesPythia8_nompi_157.dat', 'tree_httv2_qcd_DelphesPythia8_nompi_158.dat', 'tree_httv2_qcd_DelphesPythia8_nompi_159.dat', 'tree_httv2_qcd_DelphesPythia8_nompi_16.dat', 'tree_httv2_qcd_DelphesPythia8_nompi_160.dat', 'tree_httv2_qcd_DelphesPythia8_nompi_161.dat', 'tree_httv2_qcd_DelphesPythia8_nompi_162.dat', 'tree_httv2_qcd_DelphesPythia8_nompi_163.dat', 'tree_httv2_qcd_DelphesPythia8_nompi_164.dat', 'tree_httv2_qcd_DelphesPythia8_nompi_165.dat', 'tree_httv2_qcd_DelphesPythia8_nompi_166.dat', 'tree_httv2_qcd_DelphesPythia8_nompi_167.dat', 'tree_httv2_qcd_DelphesPythia8_nompi_168.dat', 'tree_httv2_qcd_DelphesPythia8_nompi_169.dat', 'tree_httv2_qcd_DelphesPythia8_nompi_17.dat', 'tree_httv2_qcd_DelphesPythia8_nompi_170.dat', 'tree_httv2_qcd_DelphesPythia8_nompi_171.dat', 'tree_httv2_qcd_DelphesPythia8_nompi_172.dat', 'tree_httv2_qcd_DelphesPythia8_nompi_173.dat', 'tree_httv2_qcd_DelphesPythia8_nompi_174.dat', 'tree_httv2_qcd_DelphesPythia8_nompi_175.dat', 'tree_httv2_qcd_DelphesPythia8_nompi_176.dat', 'tree_httv2_qcd_DelphesPythia8_nompi_177.dat', 'tree_httv2_qcd_DelphesPythia8_nompi_178.dat', 'tree_httv2_qcd_DelphesPythia8_nompi_179.dat', 'tree_httv2_qcd_DelphesPythia8_nompi_18.dat', 'tree_httv2_qcd_DelphesPythia8_nompi_180.dat', 'tree_httv2_qcd_DelphesPythia8_nompi_181.dat', 'tree_httv2_qcd_DelphesPythia8_nompi_182.dat', 'tree_httv2_qcd_DelphesPythia8_nompi_183.dat', 'tree_httv2_qcd_DelphesPythia8_nompi_184.dat', 'tree_httv2_qcd_DelphesPythia8_nompi_185.dat', 'tree_httv2_qcd_DelphesPythia8_nompi_186.dat', 'tree_httv2_qcd_DelphesPythia8_nompi_187.dat', 'tree_httv2_qcd_DelphesPythia8_nompi_188.dat', 'tree_httv2_qcd_DelphesPythia8_nompi_189.dat', 'tree_httv2_qcd_DelphesPythia8_nompi_19.dat', 'tree_httv2_qcd_DelphesPythia8_nompi_190.dat', 'tree_httv2_qcd_DelphesPythia8_nompi_191.dat', 'tree_httv2_qcd_DelphesPythia8_nompi_192.dat', 'tree_httv2_qcd_DelphesPythia8_nompi_193.dat', 'tree_httv2_qcd_DelphesPythia8_nompi_194.dat', 'tree_httv2_qcd_DelphesPythia8_nompi_195.dat', 'tree_httv2_qcd_DelphesPythia8_nompi_196.dat', 'tree_httv2_qcd_DelphesPythia8_nompi_197.dat', 'tree_httv2_qcd_DelphesPythia8_nompi_198.dat', 'tree_httv2_qcd_DelphesPythia8_nompi_199.dat', 'tree_httv2_qcd_DelphesPythia8_nompi_2.dat', 'tree_httv2_qcd_DelphesPythia8_nompi_20.dat', 'tree_httv2_qcd_DelphesPythia8_nompi_21.dat', 'tree_httv2_qcd_DelphesPythia8_nompi_22.dat', 'tree_httv2_qcd_DelphesPythia8_nompi_23.dat', 'tree_httv2_qcd_DelphesPythia8_nompi_24.dat', 'tree_httv2_qcd_DelphesPythia8_nompi_25.dat', 'tree_httv2_qcd_DelphesPythia8_nompi_26.dat', 'tree_httv2_qcd_DelphesPythia8_nompi_27.dat', 'tree_httv2_qcd_DelphesPythia8_nompi_28.dat', 'tree_httv2_qcd_DelphesPythia8_nompi_29.dat', 'tree_httv2_qcd_DelphesPythia8_nompi_3.dat', 'tree_httv2_qcd_DelphesPythia8_nompi_30.dat', 'tree_httv2_qcd_DelphesPythia8_nompi_31.dat', 'tree_httv2_qcd_DelphesPythia8_nompi_32.dat', 'tree_httv2_qcd_DelphesPythia8_nompi_33.dat', 'tree_httv2_qcd_DelphesPythia8_nompi_34.dat', 'tree_httv2_qcd_DelphesPythia8_nompi_35.dat', 'tree_httv2_qcd_DelphesPythia8_nompi_36.dat', 'tree_httv2_qcd_DelphesPythia8_nompi_37.dat', 'tree_httv2_qcd_DelphesPythia8_nompi_38.dat', 'tree_httv2_qcd_DelphesPythia8_nompi_39.dat', 'tree_httv2_qcd_DelphesPythia8_nompi_4.dat', 'tree_httv2_qcd_DelphesPythia8_nompi_40.dat', 'tree_httv2_qcd_DelphesPythia8_nompi_41.dat', 'tree_httv2_qcd_DelphesPythia8_nompi_42.dat', 'tree_httv2_qcd_DelphesPythia8_nompi_43.dat', 'tree_httv2_qcd_DelphesPythia8_nompi_44.dat', 'tree_httv2_qcd_DelphesPythia8_nompi_45.dat', 'tree_httv2_qcd_DelphesPythia8_nompi_46.dat', 'tree_httv2_qcd_DelphesPythia8_nompi_47.dat', 'tree_httv2_qcd_DelphesPythia8_nompi_48.dat', 'tree_httv2_qcd_DelphesPythia8_nompi_49.dat', 'tree_httv2_qcd_DelphesPythia8_nompi_5.dat', 'tree_httv2_qcd_DelphesPythia8_nompi_50.dat', 'tree_httv2_qcd_DelphesPythia8_nompi_51.dat', 'tree_httv2_qcd_DelphesPythia8_nompi_52.dat', 'tree_httv2_qcd_DelphesPythia8_nompi_53.dat', 'tree_httv2_qcd_DelphesPythia8_nompi_54.dat', 'tree_httv2_qcd_DelphesPythia8_nompi_55.dat', 'tree_httv2_qcd_DelphesPythia8_nompi_56.dat', 'tree_httv2_qcd_DelphesPythia8_nompi_57.dat', 'tree_httv2_qcd_DelphesPythia8_nompi_58.dat', 'tree_httv2_qcd_DelphesPythia8_nompi_59.dat', 'tree_httv2_qcd_DelphesPythia8_nompi_6.dat', 'tree_httv2_qcd_DelphesPythia8_nompi_60.dat', 'tree_httv2_qcd_DelphesPythia8_nompi_61.dat', 'tree_httv2_qcd_DelphesPythia8_nompi_62.dat', 'tree_httv2_qcd_DelphesPythia8_nompi_63.dat', 'tree_httv2_qcd_DelphesPythia8_nompi_64.dat', 'tree_httv2_qcd_DelphesPythia8_nompi_65.dat', 'tree_httv2_qcd_DelphesPythia8_nompi_66.dat', 'tree_httv2_qcd_DelphesPythia8_nompi_67.dat', 'tree_httv2_qcd_DelphesPythia8_nompi_68.dat', 'tree_httv2_qcd_DelphesPythia8_nompi_69.dat', 'tree_httv2_qcd_DelphesPythia8_nompi_7.dat', 'tree_httv2_qcd_DelphesPythia8_nompi_70.dat', 'tree_httv2_qcd_DelphesPythia8_nompi_71.dat', 'tree_httv2_qcd_DelphesPythia8_nompi_72.dat', 'tree_httv2_qcd_DelphesPythia8_nompi_73.dat', 'tree_httv2_qcd_DelphesPythia8_nompi_74.dat', 'tree_httv2_qcd_DelphesPythia8_nompi_75.dat', 'tree_httv2_qcd_DelphesPythia8_nompi_76.dat', 'tree_httv2_qcd_DelphesPythia8_nompi_77.dat', 'tree_httv2_qcd_DelphesPythia8_nompi_78.dat', 'tree_httv2_qcd_DelphesPythia8_nompi_79.dat', 'tree_httv2_qcd_DelphesPythia8_nompi_8.dat', 'tree_httv2_qcd_DelphesPythia8_nompi_80.dat', 'tree_httv2_qcd_DelphesPythia8_nompi_81.dat', 'tree_httv2_qcd_DelphesPythia8_nompi_82.dat', 'tree_httv2_qcd_DelphesPythia8_nompi_83.dat', 'tree_httv2_qcd_DelphesPythia8_nompi_84.dat', 'tree_httv2_qcd_DelphesPythia8_nompi_85.dat', 'tree_httv2_qcd_DelphesPythia8_nompi_86.dat', 'tree_httv2_qcd_DelphesPythia8_nompi_87.dat', 'tree_httv2_qcd_DelphesPythia8_nompi_88.dat', 'tree_httv2_qcd_DelphesPythia8_nompi_89.dat', 'tree_httv2_qcd_DelphesPythia8_nompi_9.dat', 'tree_httv2_qcd_DelphesPythia8_nompi_90.dat', 'tree_httv2_qcd_DelphesPythia8_nompi_91.dat', 'tree_httv2_qcd_DelphesPythia8_nompi_92.dat', 'tree_httv2_qcd_DelphesPythia8_nompi_93.dat', 'tree_httv2_qcd_DelphesPythia8_nompi_94.dat', 'tree_httv2_qcd_DelphesPythia8_nompi_95.dat', 'tree_httv2_qcd_DelphesPythia8_nompi_96.dat', 'tree_httv2_qcd_DelphesPythia8_nompi_97.dat', 'tree_httv2_qcd_DelphesPythia8_nompi_98.dat', 'tree_httv2_qcd_DelphesPythia8_nompi_99.dat']
2018-11-01 20:14:35,443:INFO: Ntotjets=10000
2018-11-01 20:14:36,831:INFO: Ntotjets=20000
2018-11-01 20:14:38,216:INFO: Ntotjets=30000
2018-11-01 20:14:39,611:INFO: Ntotjets=40000
2018-11-01 20:14:41,037:INFO: Ntotjets=50000
2018-11-01 20:14:42,411:INFO: Ntotjets=60000
2018-11-01 20:14:43,786:INFO: Ntotjets=70000
2018-11-01 20:14:45,165:INFO: Ntotjets=80000
2018-11-01 20:14:45,165:INFO: Tree generation time (minutes) =0.39833688338597617
2018-11-01 20:22:43,218:INFO: Splitting into train, validation and test datasets, and shuffling...
2018-11-01 20:22:53,394:INFO: Split sample time (minutes) =8.535481055577597
2018-11-01 20:22:53,394:INFO: Creating train batches ...
2018-11-01 20:22:56,928:INFO: Number of batches created=100
2018-11-01 20:23:00,642:INFO: Number of batches created=200
2018-11-01 20:23:04,311:INFO: Number of batches created=300
2018-11-01 20:23:07,954:INFO: Number of batches created=400
2018-11-01 20:23:11,616:INFO: Number of batches created=500
2018-11-01 20:23:15,229:INFO: Number of batches created=600
2018-11-01 20:23:18,830:INFO: Number of batches created=700
2018-11-01 20:23:20,655:INFO: Creating val batches ...
2018-11-01 20:23:24,257:INFO: Number of batches created=100
2018-11-01 20:23:27,838:INFO: Number of batches created=200
2018-11-01 20:23:29,627:INFO: Creating test batches ...
2018-11-01 20:23:33,243:INFO: Number of batches created=100
2018-11-01 20:23:36,828:INFO: Number of batches created=200
2018-11-01 20:23:38,616:INFO: Number of test_batches=250
2018-11-01 20:23:38,616:INFO: Batch generation time (minutes) =9.289186636606852
2018-11-01 20:23:38,616:INFO: Train and val batch size=128
2018-11-01 20:23:38,616:INFO: Number of train_batches=750
2018-11-01 20:23:38,616:INFO: Number of val_batches=250
2018-11-01 20:23:44,158:INFO: ------------------------------------------------------------
2018-11-01 20:23:44,158:INFO: Loading the datasets...
2018-11-01 20:23:46,474:INFO: - done loading the datasets
2018-11-01 20:23:46,474:INFO: ------------------------------------------------------------
2018-11-01 20:23:48,051:INFO: Building optimizer...
2018-11-01 20:23:48,051:INFO: Starting training for 40 epoch(s)
2018-11-01 20:23:48,092:INFO: Epoch 1/40
2018-11-01 20:27:46,750:INFO: - Train metrics: accuracy: 0.499 ; loss: 0.694
2018-11-01 20:28:27,635:INFO: - Eval metrics : accuracy: 0.504 ; loss: 0.695
2018-11-01 20:28:27,645:INFO: - Found new best accuracy
2018-11-01 20:28:27,646:INFO: Epoch 2/40
2018-11-01 20:32:16,342:INFO: - Train metrics: accuracy: 0.521 ; loss: 0.691
2018-11-01 20:32:57,041:INFO: - Eval metrics : accuracy: 0.510 ; loss: 0.694
2018-11-01 20:32:57,073:INFO: - Found new best accuracy
2018-11-01 20:32:57,074:INFO: Epoch 3/40
2018-11-01 20:36:47,716:INFO: - Train metrics: accuracy: 0.522 ; loss: 0.689
2018-11-01 20:37:22,203:INFO: - Eval metrics : accuracy: 0.513 ; loss: 0.694
2018-11-01 20:37:22,243:INFO: - Found new best accuracy
2018-11-01 20:37:22,245:INFO: Epoch 4/40
2018-11-01 20:41:18,199:INFO: - Train metrics: accuracy: 0.533 ; loss: 0.689
2018-11-01 20:41:58,937:INFO: - Eval metrics : accuracy: 0.508 ; loss: 0.694
2018-11-01 20:41:58,965:INFO: Epoch 5/40
2018-11-01 20:45:27,493:INFO: - Train metrics: accuracy: 0.523 ; loss: 0.690
2018-11-01 20:46:01,925:INFO: - Eval metrics : accuracy: 0.510 ; loss: 0.695
2018-11-01 20:46:01,965:INFO: Epoch 6/40
2018-11-01 20:49:53,390:INFO: - Train metrics: accuracy: 0.529 ; loss: 0.690
2018-11-01 20:50:34,726:INFO: - Eval metrics : accuracy: 0.523 ; loss: 0.691
2018-11-01 20:50:34,771:INFO: - Found new best accuracy
2018-11-01 20:50:34,772:INFO: Epoch 7/40
2018-11-01 20:54:07,681:INFO: - Train metrics: accuracy: 0.540 ; loss: 0.688
2018-11-01 20:54:48,332:INFO: - Eval metrics : accuracy: 0.532 ; loss: 0.691
2018-11-01 20:54:48,375:INFO: - Found new best accuracy
2018-11-01 20:54:48,376:INFO: Epoch 8/40
2018-11-01 20:58:37,354:INFO: - Train metrics: accuracy: 0.514 ; loss: 0.690
2018-11-01 20:59:18,052:INFO: - Eval metrics : accuracy: 0.500 ; loss: 0.694
2018-11-01 20:59:18,101:INFO: Epoch 9/40
2018-11-01 21:02:56,158:INFO: - Train metrics: accuracy: 0.508 ; loss: 0.693
2018-11-01 21:03:36,845:INFO: - Eval metrics : accuracy: 0.501 ; loss: 0.693
2018-11-01 21:03:36,890:INFO: Epoch 10/40
2018-11-01 21:07:16,263:INFO: - Train metrics: accuracy: 0.530 ; loss: 0.692
2018-11-01 21:07:56,892:INFO: - Eval metrics : accuracy: 0.523 ; loss: 0.692
2018-11-01 21:07:56,932:INFO: Epoch 11/40
2018-11-01 21:11:42,825:INFO: - Train metrics: accuracy: 0.539 ; loss: 0.687
2018-11-01 21:12:23,473:INFO: - Eval metrics : accuracy: 0.572 ; loss: 0.681
2018-11-01 21:12:23,518:INFO: - Found new best accuracy
2018-11-01 21:12:23,519:INFO: Epoch 12/40
2018-11-01 21:16:13,022:INFO: - Train metrics: accuracy: 0.621 ; loss: 0.652
2018-11-01 21:16:53,697:INFO: - Eval metrics : accuracy: 0.674 ; loss: 0.601
2018-11-01 21:16:53,740:INFO: - Found new best accuracy
2018-11-01 21:16:53,741:INFO: Epoch 13/40
2018-11-01 22:12:04,550:INFO: search_hyperparam_sample_name=top_qcd_jets_antikt_kt__80000_Njets_128_batch_desc_pT
2018-11-01 22:12:04,551:INFO: ------------------------------------------------------------
2018-11-01 22:12:04,551:INFO: Loading the datasets...
2018-11-01 22:12:07,232:INFO: - done loading the datasets
2018-11-01 22:12:07,233:INFO: ------------------------------------------------------------
2018-11-01 22:12:09,011:INFO: Building optimizer...
2018-11-01 22:12:09,011:INFO: Starting training for 40 epoch(s)
2018-11-01 22:12:09,011:INFO: Restoring parameters from experiments/simple_rnn_top_qcd/desc_pT/kt_lr_0.005_decay_0.9_batch_128_epochs_40_hidden_50_Njets_80000_features_7/best.pth.tar
2018-11-01 22:12:09,024:INFO: Epoch 1/40
2018-11-01 22:27:08,967:INFO: search_hyperparam_sample_name=top_qcd_jets_antikt_kt__80000_Njets_128_batch_desc_pT
2018-11-01 22:27:08,967:INFO: ------------------------------------------------------------
2018-11-01 22:27:08,967:INFO: Loading the datasets...
2018-11-01 22:27:11,416:INFO: - done loading the datasets
2018-11-01 22:27:11,416:INFO: ------------------------------------------------------------
2018-11-01 22:27:12,954:INFO: Building optimizer...
2018-11-01 22:27:12,955:INFO: Starting training for 40 epoch(s)
2018-11-01 22:27:12,955:INFO: Restoring parameters from experiments/simple_rnn_top_qcd/desc_pT/kt_lr_0.005_decay_0.9_batch_128_epochs_40_hidden_50_Njets_80000_features_7/best.pth.tar
2018-11-01 22:27:12,967:INFO: Epoch 1/40
2018-11-01 22:27:21,764:INFO: search_hyperparam_sample_name=top_qcd_jets_antikt_kt__80000_Njets_128_batch_desc_pT
2018-11-01 22:27:21,765:INFO: ------------------------------------------------------------
2018-11-01 22:27:21,765:INFO: Loading the datasets...
2018-11-01 22:27:24,033:INFO: - done loading the datasets
2018-11-01 22:27:24,034:INFO: ------------------------------------------------------------
2018-11-01 22:27:25,684:INFO: Building optimizer...
2018-11-01 22:27:25,684:INFO: Starting training for 40 epoch(s)
2018-11-01 22:27:25,684:INFO: Restoring parameters from experiments/simple_rnn_top_qcd/desc_pT/kt_lr_0.005_decay_0.9_batch_128_epochs_40_hidden_50_Njets_80000_features_7/best.pth.tar
2018-11-01 22:27:25,703:INFO: Epoch 1/40
2018-11-01 22:35:04,679:INFO: search_hyperparam_sample_name=top_qcd_jets_antikt_kt__80000_Njets_128_batch_desc_pT
2018-11-01 22:35:04,680:INFO: ------------------------------------------------------------
2018-11-01 22:35:04,680:INFO: Loading the datasets...
2018-11-01 22:35:06,917:INFO: - done loading the datasets
2018-11-01 22:35:06,917:INFO: ------------------------------------------------------------
2018-11-01 22:35:08,582:INFO: Building optimizer...
2018-11-01 22:35:08,583:INFO: Starting training for 40 epoch(s)
2018-11-01 22:35:08,583:INFO: Epoch 1/40
2018-11-01 22:39:07,130:INFO: - Train metrics: accuracy: 0.499 ; loss: 0.694
2018-11-01 22:39:47,697:INFO: - Eval metrics : accuracy: 0.504 ; loss: 0.695
2018-11-01 22:39:47,744:INFO: - Found new best accuracy
2018-11-01 22:39:47,745:INFO: Epoch 2/40
2018-11-01 22:43:17,398:INFO: - Train metrics: accuracy: 0.521 ; loss: 0.691
2018-11-01 22:43:51,647:INFO: - Eval metrics : accuracy: 0.510 ; loss: 0.694
2018-11-01 22:43:51,693:INFO: - Found new best accuracy
2018-11-01 22:43:51,694:INFO: Epoch 3/40
2018-11-01 22:47:42,591:INFO: - Train metrics: accuracy: 0.522 ; loss: 0.689
2018-11-01 22:48:16,870:INFO: - Eval metrics : accuracy: 0.513 ; loss: 0.694
2018-11-01 22:48:16,906:INFO: - Found new best accuracy
2018-11-01 22:48:16,907:INFO: Epoch 4/40
2018-11-01 22:52:02,871:INFO: - Train metrics: accuracy: 0.533 ; loss: 0.689
2018-11-01 22:52:43,805:INFO: - Eval metrics : accuracy: 0.508 ; loss: 0.694
2018-11-01 22:52:43,841:INFO: Epoch 5/40
2018-11-01 22:56:41,894:INFO: - Train metrics: accuracy: 0.523 ; loss: 0.690
2018-11-01 22:57:22,787:INFO: - Eval metrics : accuracy: 0.510 ; loss: 0.695
2018-11-01 22:57:22,826:INFO: Epoch 6/40
2018-11-01 23:01:20,977:INFO: - Train metrics: accuracy: 0.529 ; loss: 0.690
2018-11-01 23:02:02,148:INFO: - Eval metrics : accuracy: 0.523 ; loss: 0.691
2018-11-01 23:02:02,179:INFO: - Found new best accuracy
2018-11-01 23:02:02,180:INFO: Epoch 7/40
2018-11-01 23:05:58,726:INFO: - Train metrics: accuracy: 0.540 ; loss: 0.688
2018-11-01 23:06:40,052:INFO: - Eval metrics : accuracy: 0.532 ; loss: 0.691
2018-11-01 23:06:40,091:INFO: - Found new best accuracy
2018-11-01 23:06:40,093:INFO: Epoch 8/40
2018-11-01 23:10:37,916:INFO: - Train metrics: accuracy: 0.514 ; loss: 0.690
2018-11-01 23:11:19,219:INFO: - Eval metrics : accuracy: 0.500 ; loss: 0.694
2018-11-01 23:11:19,261:INFO: Epoch 9/40
2018-11-01 23:15:16,943:INFO: - Train metrics: accuracy: 0.508 ; loss: 0.693
2018-11-01 23:15:58,405:INFO: - Eval metrics : accuracy: 0.501 ; loss: 0.693
2018-11-01 23:15:58,448:INFO: Epoch 10/40
2018-11-01 23:19:55,209:INFO: - Train metrics: accuracy: 0.530 ; loss: 0.692
2018-11-01 23:20:37,273:INFO: - Eval metrics : accuracy: 0.523 ; loss: 0.692
2018-11-01 23:20:37,318:INFO: Epoch 11/40
2018-11-01 23:24:35,004:INFO: - Train metrics: accuracy: 0.539 ; loss: 0.687
2018-11-01 23:25:16,494:INFO: - Eval metrics : accuracy: 0.572 ; loss: 0.681
2018-11-01 23:25:16,532:INFO: - Found new best accuracy
2018-11-01 23:25:16,533:INFO: Epoch 12/40
2018-11-01 23:28:59,553:INFO: - Train metrics: accuracy: 0.621 ; loss: 0.652
2018-11-01 23:29:40,202:INFO: - Eval metrics : accuracy: 0.674 ; loss: 0.601
2018-11-01 23:29:40,250:INFO: - Found new best accuracy
2018-11-01 23:29:40,250:INFO: Epoch 13/40
2018-11-02 08:29:22,079:INFO: search_hyperparam_sample_name=top_qcd_jets_antikt_kt__80000_Njets_128_batch_desc_pT
2018-11-02 08:29:22,079:INFO: ------------------------------------------------------------
2018-11-02 08:29:22,080:INFO: Loading the datasets...
2018-11-02 08:29:24,305:INFO: - done loading the datasets
2018-11-02 08:29:24,305:INFO: ------------------------------------------------------------
2018-11-02 08:29:25,925:INFO: Building optimizer...
2018-11-02 08:29:25,926:INFO: Starting training for 40 epoch(s)
2018-11-02 08:29:25,926:INFO: Restoring parameters from experiments/simple_rnn_top_qcd/desc_pT/kt_lr_0.005_decay_0.9_batch_128_epochs_40_hidden_50_Njets_80000_features_7/best.pth.tar
2018-11-02 08:29:25,937:INFO: Epoch 1/40
2018-11-02 14:47:44,619:INFO: search_hyperparam_sample_name=top_qcd_jets_antikt_kt__80000_Njets_128_batch_desc_pT
2018-11-02 14:47:44,620:INFO: ------------------------------------------------------------
2018-11-02 14:47:44,620:INFO: Loading the datasets...
2018-11-02 14:47:46,873:INFO: - done loading the datasets
2018-11-02 14:47:46,873:INFO: ------------------------------------------------------------
2018-11-02 14:47:48,690:INFO: Building optimizer...
2018-11-02 14:47:48,690:INFO: Starting training for 40 epoch(s)
2018-11-02 14:47:48,690:INFO: Restoring parameters from experiments/simple_rnn_top_qcd/desc_pT/kt_lr_0.005_decay_0.9_batch_128_epochs_40_hidden_50_Njets_80000_features_7/best.pth.tar
2018-11-02 14:47:48,703:INFO: Epoch 1/40
2018-11-02 14:49:25,961:INFO: search_hyperparam_sample_name=top_qcd_jets_antikt_kt__80000_Njets_128_batch_desc_pT
2018-11-02 14:49:25,962:INFO: ------------------------------------------------------------
2018-11-02 14:49:25,962:INFO: Loading the datasets...
2018-11-02 14:49:28,186:INFO: - done loading the datasets
2018-11-02 14:49:28,186:INFO: ------------------------------------------------------------
2018-11-02 14:49:29,976:INFO: Building optimizer...
2018-11-02 14:49:29,977:INFO: Starting training for 40 epoch(s)
2018-11-02 14:49:29,977:INFO: Restoring parameters from experiments/simple_rnn_top_qcd/desc_pT/kt_lr_0.005_decay_0.9_batch_128_epochs_40_hidden_50_Njets_80000_features_7/best.pth.tar
2018-11-02 14:49:29,989:INFO: Epoch 1/40
