2018-10-29 17:52:39,488:INFO: Loading the dataset ...
2018-10-29 17:52:39,836:INFO: - done.
2018-10-29 17:52:41,706:INFO: Starting evaluation
2018-10-29 17:52:44,331:INFO: Labels=[0. 0. 1. 0. 0. 0. 0. 1. 0. 1.]
2018-10-29 17:52:44,332:INFO: Out prob=[3.61670012e-04 9.05067503e-01 8.81902575e-01 8.04047346e-01
 6.74974024e-01 7.77589548e-07 1.95096876e-03 6.21614099e-01
 2.05081746e-01 9.26935911e-01]
2018-10-29 17:52:44,332:INFO: ------------------------------------------------------------------------------------------------------------------------
2018-10-29 17:52:44,332:INFO: len labels after =16000
2018-10-29 17:52:44,332:INFO: len out_prob after16000
2018-10-29 17:52:44,332:INFO: length y_test=16000
2018-10-29 17:52:44,332:INFO: Lenght y_score=16000
2018-10-29 17:52:44,335:INFO: Length y_score 16000
2018-10-29 17:52:44,335:INFO: Length y_test 16000
2018-10-29 17:52:44,335:INFO: Thresholds[0:6] = 
 [0.98977739 0.98818165 0.98445582 0.98341864 0.98290956 0.98282743]
2018-10-29 17:52:44,335:INFO: Thresholds lenght = 
15991
2018-10-29 17:52:44,336:INFO: fpr lenght15991
2018-10-29 17:52:44,336:INFO: tpr lenght15991
2018-10-29 17:52:44,383:INFO: ------------------------------------------------------------------------------------------------------------------------
2018-10-29 17:52:44,386:INFO: roc_auc=0.8851969044562016
2018-10-29 17:52:44,386:INFO: ------------------------------------------------------------------------------------------------------------------------
2018-10-29 17:52:44,387:INFO: - Eval metrics : accuracy: 0.80106 ; loss: 0.41387
