2018-10-29 17:34:44,141:INFO: search_hyperparam_sample_name=top_qcd_jets_antikt_kt__40000_Njets_128_batch
2018-10-29 17:34:44,142:INFO: ------------------------------------------------------------
2018-10-29 17:34:44,142:INFO: Loading the datasets...
2018-10-29 17:34:45,165:INFO: - done loading the datasets
2018-10-29 17:34:45,165:INFO: ------------------------------------------------------------
2018-10-29 17:34:46,729:INFO: Building optimizer...
2018-10-29 17:34:46,729:INFO: Starting training for 35 epoch(s)
2018-10-29 17:34:46,729:INFO: Epoch 1/35
2018-10-29 17:34:58,647:INFO: - Train metrics: accuracy: 0.708 ; loss: 0.978
2018-10-29 17:35:01,316:INFO: - Eval metrics : accuracy: 0.744 ; loss: 0.507
2018-10-29 17:35:01,330:INFO: - Found new best accuracy
2018-10-29 17:35:01,331:INFO: Epoch 2/35
2018-10-29 17:35:13,537:INFO: - Train metrics: accuracy: 0.776 ; loss: 0.480
2018-10-29 17:35:15,996:INFO: - Eval metrics : accuracy: 0.770 ; loss: 0.468
2018-10-29 17:35:16,033:INFO: - Found new best accuracy
2018-10-29 17:35:16,034:INFO: Epoch 3/35
2018-10-29 17:35:27,515:INFO: - Train metrics: accuracy: 0.802 ; loss: 0.441
2018-10-29 17:35:29,752:INFO: - Eval metrics : accuracy: 0.770 ; loss: 0.463
2018-10-29 17:35:29,786:INFO: - Found new best accuracy
2018-10-29 17:35:29,788:INFO: Epoch 4/35
2018-10-29 17:35:42,169:INFO: - Train metrics: accuracy: 0.786 ; loss: 0.442
2018-10-29 17:35:44,726:INFO: - Eval metrics : accuracy: 0.779 ; loss: 0.452
2018-10-29 17:35:44,757:INFO: - Found new best accuracy
2018-10-29 17:35:44,757:INFO: Epoch 5/35
2018-10-29 17:35:57,154:INFO: - Train metrics: accuracy: 0.810 ; loss: 0.409
2018-10-29 17:35:59,850:INFO: - Eval metrics : accuracy: 0.772 ; loss: 0.457
2018-10-29 17:35:59,884:INFO: Epoch 6/35
2018-10-29 17:36:12,393:INFO: - Train metrics: accuracy: 0.792 ; loss: 0.424
2018-10-29 17:36:14,823:INFO: - Eval metrics : accuracy: 0.773 ; loss: 0.451
2018-10-29 17:36:14,863:INFO: Epoch 7/35
2018-10-29 17:36:26,099:INFO: - Train metrics: accuracy: 0.797 ; loss: 0.415
2018-10-29 17:36:28,599:INFO: - Eval metrics : accuracy: 0.782 ; loss: 0.444
2018-10-29 17:36:28,625:INFO: - Found new best accuracy
2018-10-29 17:36:28,625:INFO: Epoch 8/35
2018-10-29 17:36:38,887:INFO: - Train metrics: accuracy: 0.815 ; loss: 0.405
2018-10-29 17:36:41,403:INFO: - Eval metrics : accuracy: 0.794 ; loss: 0.433
2018-10-29 17:36:41,434:INFO: - Found new best accuracy
2018-10-29 17:36:41,434:INFO: Epoch 9/35
2018-10-29 17:36:52,906:INFO: - Train metrics: accuracy: 0.828 ; loss: 0.398
2018-10-29 17:36:55,042:INFO: - Eval metrics : accuracy: 0.792 ; loss: 0.431
2018-10-29 17:36:55,083:INFO: Epoch 10/35
2018-10-29 17:37:06,404:INFO: - Train metrics: accuracy: 0.836 ; loss: 0.397
2018-10-29 17:37:08,543:INFO: - Eval metrics : accuracy: 0.791 ; loss: 0.431
2018-10-29 17:37:08,572:INFO: Epoch 11/35
2018-10-29 17:37:19,824:INFO: - Train metrics: accuracy: 0.836 ; loss: 0.392
2018-10-29 17:37:22,312:INFO: - Eval metrics : accuracy: 0.789 ; loss: 0.436
2018-10-29 17:37:22,350:INFO: Epoch 12/35
2018-10-29 17:37:33,136:INFO: - Train metrics: accuracy: 0.839 ; loss: 0.387
2018-10-29 17:37:35,263:INFO: - Eval metrics : accuracy: 0.793 ; loss: 0.428
2018-10-29 17:37:35,300:INFO: Epoch 13/35
2018-10-29 17:37:46,496:INFO: - Train metrics: accuracy: 0.839 ; loss: 0.372
2018-10-29 17:37:49,350:INFO: - Eval metrics : accuracy: 0.799 ; loss: 0.420
2018-10-29 17:37:49,389:INFO: - Found new best accuracy
2018-10-29 17:37:49,390:INFO: Epoch 14/35
2018-10-29 17:38:00,127:INFO: - Train metrics: accuracy: 0.846 ; loss: 0.372
2018-10-29 17:38:02,254:INFO: - Eval metrics : accuracy: 0.804 ; loss: 0.412
2018-10-29 17:38:02,293:INFO: - Found new best accuracy
2018-10-29 17:38:02,294:INFO: Epoch 15/35
2018-10-29 17:38:13,856:INFO: - Train metrics: accuracy: 0.852 ; loss: 0.360
2018-10-29 17:38:16,013:INFO: - Eval metrics : accuracy: 0.807 ; loss: 0.407
2018-10-29 17:38:16,055:INFO: - Found new best accuracy
2018-10-29 17:38:16,056:INFO: Epoch 16/35
2018-10-29 17:38:27,463:INFO: - Train metrics: accuracy: 0.854 ; loss: 0.360
2018-10-29 17:38:30,030:INFO: - Eval metrics : accuracy: 0.810 ; loss: 0.402
2018-10-29 17:38:30,067:INFO: - Found new best accuracy
2018-10-29 17:38:30,067:INFO: Epoch 17/35
2018-10-29 17:38:42,366:INFO: - Train metrics: accuracy: 0.852 ; loss: 0.352
2018-10-29 17:38:44,864:INFO: - Eval metrics : accuracy: 0.812 ; loss: 0.399
2018-10-29 17:38:44,899:INFO: - Found new best accuracy
2018-10-29 17:38:44,900:INFO: Epoch 18/35
2018-10-29 17:38:55,950:INFO: - Train metrics: accuracy: 0.854 ; loss: 0.350
2018-10-29 17:38:58,101:INFO: - Eval metrics : accuracy: 0.823 ; loss: 0.382
2018-10-29 17:38:58,141:INFO: - Found new best accuracy
2018-10-29 17:38:58,141:INFO: Epoch 19/35
2018-10-29 17:39:09,065:INFO: - Train metrics: accuracy: 0.836 ; loss: 0.340
2018-10-29 17:39:11,202:INFO: - Eval metrics : accuracy: 0.848 ; loss: 0.340
2018-10-29 17:39:11,242:INFO: - Found new best accuracy
2018-10-29 17:39:11,243:INFO: Epoch 20/35
2018-10-29 17:39:23,076:INFO: - Train metrics: accuracy: 0.872 ; loss: 0.300
2018-10-29 17:39:25,614:INFO: - Eval metrics : accuracy: 0.875 ; loss: 0.293
2018-10-29 17:39:25,616:INFO: - Found new best accuracy
2018-10-29 17:39:25,617:INFO: Epoch 21/35
2018-10-29 17:39:36,470:INFO: - Train metrics: accuracy: 0.885 ; loss: 0.262
2018-10-29 17:39:39,183:INFO: - Eval metrics : accuracy: 0.885 ; loss: 0.272
2018-10-29 17:39:39,221:INFO: - Found new best accuracy
2018-10-29 17:39:39,221:INFO: Epoch 22/35
2018-10-29 17:39:51,922:INFO: - Train metrics: accuracy: 0.898 ; loss: 0.232
2018-10-29 17:39:54,534:INFO: - Eval metrics : accuracy: 0.891 ; loss: 0.262
2018-10-29 17:39:54,573:INFO: - Found new best accuracy
2018-10-29 17:39:54,574:INFO: Epoch 23/35
2018-10-29 17:40:05,980:INFO: - Train metrics: accuracy: 0.904 ; loss: 0.213
2018-10-29 17:40:08,855:INFO: - Eval metrics : accuracy: 0.897 ; loss: 0.251
2018-10-29 17:40:08,870:INFO: - Found new best accuracy
2018-10-29 17:40:08,871:INFO: Epoch 24/35
2018-10-29 17:40:21,357:INFO: - Train metrics: accuracy: 0.917 ; loss: 0.211
2018-10-29 17:40:23,762:INFO: - Eval metrics : accuracy: 0.901 ; loss: 0.245
2018-10-29 17:40:23,797:INFO: - Found new best accuracy
2018-10-29 17:40:23,798:INFO: Epoch 25/35
2018-10-29 17:40:35,229:INFO: - Train metrics: accuracy: 0.917 ; loss: 0.208
2018-10-29 17:40:37,778:INFO: - Eval metrics : accuracy: 0.900 ; loss: 0.245
2018-10-29 17:40:37,781:INFO: Epoch 26/35
2018-10-29 17:40:49,349:INFO: - Train metrics: accuracy: 0.919 ; loss: 0.204
2018-10-29 17:40:51,930:INFO: - Eval metrics : accuracy: 0.905 ; loss: 0.237
2018-10-29 17:40:51,971:INFO: - Found new best accuracy
2018-10-29 17:40:51,972:INFO: Epoch 27/35
2018-10-29 17:41:02,846:INFO: - Train metrics: accuracy: 0.919 ; loss: 0.190
2018-10-29 17:41:05,576:INFO: - Eval metrics : accuracy: 0.907 ; loss: 0.231
2018-10-29 17:41:05,613:INFO: - Found new best accuracy
2018-10-29 17:41:05,614:INFO: Epoch 28/35
2018-10-29 17:41:17,947:INFO: - Train metrics: accuracy: 0.924 ; loss: 0.185
2018-10-29 17:41:20,528:INFO: - Eval metrics : accuracy: 0.908 ; loss: 0.227
2018-10-29 17:41:20,553:INFO: - Found new best accuracy
2018-10-29 17:41:20,554:INFO: Epoch 29/35
2018-10-29 17:41:32,533:INFO: - Train metrics: accuracy: 0.922 ; loss: 0.183
2018-10-29 17:41:35,322:INFO: - Eval metrics : accuracy: 0.909 ; loss: 0.225
2018-10-29 17:41:35,361:INFO: - Found new best accuracy
2018-10-29 17:41:35,361:INFO: Epoch 30/35
2018-10-29 17:41:48,091:INFO: - Train metrics: accuracy: 0.927 ; loss: 0.181
2018-10-29 17:41:50,680:INFO: - Eval metrics : accuracy: 0.910 ; loss: 0.223
2018-10-29 17:41:50,702:INFO: - Found new best accuracy
2018-10-29 17:41:50,703:INFO: Epoch 31/35
2018-10-29 17:42:02,785:INFO: - Train metrics: accuracy: 0.930 ; loss: 0.180
2018-10-29 17:42:05,596:INFO: - Eval metrics : accuracy: 0.910 ; loss: 0.223
2018-10-29 17:42:05,626:INFO: - Found new best accuracy
2018-10-29 17:42:05,626:INFO: Epoch 32/35
2018-10-29 17:42:18,242:INFO: - Train metrics: accuracy: 0.924 ; loss: 0.181
2018-10-29 17:42:20,845:INFO: - Eval metrics : accuracy: 0.911 ; loss: 0.222
2018-10-29 17:42:20,874:INFO: - Found new best accuracy
2018-10-29 17:42:20,875:INFO: Epoch 33/35
2018-10-29 17:42:33,513:INFO: - Train metrics: accuracy: 0.917 ; loss: 0.181
2018-10-29 17:42:36,231:INFO: - Eval metrics : accuracy: 0.911 ; loss: 0.223
2018-10-29 17:42:36,265:INFO: Epoch 34/35
2018-10-29 17:42:48,647:INFO: - Train metrics: accuracy: 0.914 ; loss: 0.182
2018-10-29 17:42:51,344:INFO: - Eval metrics : accuracy: 0.910 ; loss: 0.222
2018-10-29 17:42:51,381:INFO: Epoch 35/35
2018-10-29 17:43:04,313:INFO: - Train metrics: accuracy: 0.914 ; loss: 0.181
2018-10-29 17:43:06,935:INFO: - Eval metrics : accuracy: 0.910 ; loss: 0.221
2018-10-29 17:43:06,968:INFO: Total time (minutes) =8.380450375874837
