2018-10-29 00:04:47,837:INFO: Loading the dataset ...
2018-10-29 00:04:48,169:INFO: - done.
2018-10-29 00:04:50,102:INFO: Starting evaluation
2018-10-29 00:04:53,330:INFO: Labels=[0. 0. 1. 0. 0. 0. 0. 1. 0. 1.]
2018-10-29 00:04:53,330:INFO: Out prob=[0.20966139 0.23883115 0.463386   0.43653867 0.68582392 0.0014511
 0.08666972 0.93130183 0.54923964 0.68120116]
2018-10-29 00:04:53,330:INFO: ------------------------------------------------------------------------------------------------------------------------
2018-10-29 00:04:53,330:INFO: len labels after =15360
2018-10-29 00:04:53,330:INFO: len out_prob after15360
2018-10-29 00:04:53,330:INFO: length y_test=15360
2018-10-29 00:04:53,330:INFO: Lenght y_score=15360
2018-10-29 00:04:53,333:INFO: Length y_score 15360
2018-10-29 00:04:53,333:INFO: Length y_test 15360
2018-10-29 00:04:53,334:INFO: Thresholds[0:6] = 
 [0.99885976 0.99761814 0.99749738 0.99685872 0.99666899 0.99637717]
2018-10-29 00:04:53,334:INFO: Thresholds lenght = 
15343
2018-10-29 00:04:53,334:INFO: fpr lenght15343
2018-10-29 00:04:53,334:INFO: tpr lenght15343
2018-10-29 00:04:53,380:INFO: ------------------------------------------------------------------------------------------------------------------------
2018-10-29 00:04:53,383:INFO: roc_auc=0.8783040174408641
2018-10-29 00:04:53,384:INFO: ------------------------------------------------------------------------------------------------------------------------
2018-10-29 00:04:53,384:INFO: - Eval metrics : accuracy: 0.80332 ; loss: 0.42785
