2018-10-28 23:55:08,883:INFO: sample_name=top_qcd_jets_antikt_kt__40000_Njets_1024_batch
2018-10-28 23:55:08,884:INFO: ------------------------------------------------------------
2018-10-28 23:55:08,884:INFO: Loading the datasets...
2018-10-28 23:55:10,031:INFO: - done loading the datasets
2018-10-28 23:55:10,031:INFO: ------------------------------------------------------------
2018-10-28 23:55:12,240:INFO: Building optimizer...
2018-10-28 23:55:12,241:INFO: Starting training for 30 epoch(s)
2018-10-28 23:55:12,241:INFO: Epoch 1/30
2018-10-28 23:55:28,099:INFO: - Train metrics: accuracy: 0.517 ; loss: 0.773
2018-10-28 23:55:31,314:INFO: - Eval metrics : accuracy: 0.519 ; loss: 0.692
2018-10-28 23:55:31,326:INFO: - Found new best accuracy
2018-10-28 23:55:31,327:INFO: Epoch 2/30
2018-10-28 23:55:47,299:INFO: - Train metrics: accuracy: 0.539 ; loss: 0.690
2018-10-28 23:55:50,691:INFO: - Eval metrics : accuracy: 0.560 ; loss: 0.681
2018-10-28 23:55:50,726:INFO: - Found new best accuracy
2018-10-28 23:55:50,727:INFO: Epoch 3/30
2018-10-28 23:56:06,939:INFO: - Train metrics: accuracy: 0.588 ; loss: 0.673
2018-10-28 23:56:10,542:INFO: - Eval metrics : accuracy: 0.703 ; loss: 0.555
2018-10-28 23:56:10,584:INFO: - Found new best accuracy
2018-10-28 23:56:10,585:INFO: Epoch 4/30
2018-10-28 23:56:25,026:INFO: - Train metrics: accuracy: 0.688 ; loss: 0.553
2018-10-28 23:56:28,217:INFO: - Eval metrics : accuracy: 0.769 ; loss: 0.497
2018-10-28 23:56:28,245:INFO: - Found new best accuracy
2018-10-28 23:56:28,246:INFO: Epoch 5/30
2018-10-28 23:56:42,896:INFO: - Train metrics: accuracy: 0.779 ; loss: 0.491
2018-10-28 23:56:45,993:INFO: - Eval metrics : accuracy: 0.780 ; loss: 0.479
2018-10-28 23:56:46,029:INFO: - Found new best accuracy
2018-10-28 23:56:46,030:INFO: Epoch 6/30
2018-10-28 23:57:02,612:INFO: - Train metrics: accuracy: 0.786 ; loss: 0.469
2018-10-28 23:57:05,665:INFO: - Eval metrics : accuracy: 0.786 ; loss: 0.468
2018-10-28 23:57:05,700:INFO: - Found new best accuracy
2018-10-28 23:57:05,700:INFO: Epoch 7/30
2018-10-28 23:57:21,940:INFO: - Train metrics: accuracy: 0.802 ; loss: 0.455
2018-10-28 23:57:25,137:INFO: - Eval metrics : accuracy: 0.789 ; loss: 0.464
2018-10-28 23:57:25,175:INFO: - Found new best accuracy
2018-10-28 23:57:25,176:INFO: Epoch 8/30
2018-10-28 23:57:41,412:INFO: - Train metrics: accuracy: 0.810 ; loss: 0.447
2018-10-28 23:57:44,641:INFO: - Eval metrics : accuracy: 0.794 ; loss: 0.458
2018-10-28 23:57:44,646:INFO: - Found new best accuracy
2018-10-28 23:57:44,646:INFO: Epoch 9/30
2018-10-28 23:58:00,785:INFO: - Train metrics: accuracy: 0.808 ; loss: 0.441
2018-10-28 23:58:03,374:INFO: - Eval metrics : accuracy: 0.795 ; loss: 0.456
2018-10-28 23:58:03,420:INFO: - Found new best accuracy
2018-10-28 23:58:03,421:INFO: Epoch 10/30
2018-10-28 23:58:18,258:INFO: - Train metrics: accuracy: 0.805 ; loss: 0.443
2018-10-28 23:58:21,460:INFO: - Eval metrics : accuracy: 0.795 ; loss: 0.453
2018-10-28 23:58:21,495:INFO: - Found new best accuracy
2018-10-28 23:58:21,495:INFO: Epoch 11/30
2018-10-28 23:58:37,716:INFO: - Train metrics: accuracy: 0.812 ; loss: 0.436
2018-10-28 23:58:40,975:INFO: - Eval metrics : accuracy: 0.796 ; loss: 0.452
2018-10-28 23:58:41,022:INFO: - Found new best accuracy
2018-10-28 23:58:41,022:INFO: Epoch 12/30
2018-10-28 23:58:57,341:INFO: - Train metrics: accuracy: 0.806 ; loss: 0.437
2018-10-28 23:59:00,550:INFO: - Eval metrics : accuracy: 0.798 ; loss: 0.449
2018-10-28 23:59:00,591:INFO: - Found new best accuracy
2018-10-28 23:59:00,592:INFO: Epoch 13/30
2018-10-28 23:59:16,376:INFO: - Train metrics: accuracy: 0.815 ; loss: 0.431
2018-10-28 23:59:19,532:INFO: - Eval metrics : accuracy: 0.797 ; loss: 0.447
2018-10-28 23:59:19,571:INFO: Epoch 14/30
2018-10-28 23:59:35,462:INFO: - Train metrics: accuracy: 0.813 ; loss: 0.429
2018-10-28 23:59:38,438:INFO: - Eval metrics : accuracy: 0.799 ; loss: 0.447
2018-10-28 23:59:38,473:INFO: - Found new best accuracy
2018-10-28 23:59:38,473:INFO: Epoch 15/30
2018-10-28 23:59:54,796:INFO: - Train metrics: accuracy: 0.814 ; loss: 0.428
2018-10-28 23:59:58,164:INFO: - Eval metrics : accuracy: 0.799 ; loss: 0.447
2018-10-28 23:59:58,205:INFO: - Found new best accuracy
2018-10-28 23:59:58,206:INFO: Epoch 16/30
2018-10-29 00:00:14,393:INFO: - Train metrics: accuracy: 0.812 ; loss: 0.429
2018-10-29 00:00:17,719:INFO: - Eval metrics : accuracy: 0.797 ; loss: 0.445
2018-10-29 00:00:17,767:INFO: Epoch 17/30
2018-10-29 00:00:32,250:INFO: - Train metrics: accuracy: 0.812 ; loss: 0.427
2018-10-29 00:00:35,359:INFO: - Eval metrics : accuracy: 0.796 ; loss: 0.446
2018-10-29 00:00:35,438:INFO: Epoch 18/30
2018-10-29 00:00:51,653:INFO: - Train metrics: accuracy: 0.815 ; loss: 0.427
2018-10-29 00:00:54,885:INFO: - Eval metrics : accuracy: 0.797 ; loss: 0.443
2018-10-29 00:00:54,921:INFO: Epoch 19/30
2018-10-29 00:01:10,217:INFO: - Train metrics: accuracy: 0.812 ; loss: 0.424
2018-10-29 00:01:13,316:INFO: - Eval metrics : accuracy: 0.797 ; loss: 0.441
2018-10-29 00:01:13,356:INFO: Epoch 20/30
2018-10-29 00:01:29,823:INFO: - Train metrics: accuracy: 0.803 ; loss: 0.421
2018-10-29 00:01:33,029:INFO: - Eval metrics : accuracy: 0.796 ; loss: 0.438
2018-10-29 00:01:33,066:INFO: Epoch 21/30
2018-10-29 00:01:49,513:INFO: - Train metrics: accuracy: 0.802 ; loss: 0.417
2018-10-29 00:01:52,644:INFO: - Eval metrics : accuracy: 0.795 ; loss: 0.437
2018-10-29 00:01:52,682:INFO: Epoch 22/30
2018-10-29 00:02:07,873:INFO: - Train metrics: accuracy: 0.802 ; loss: 0.415
2018-10-29 00:02:10,977:INFO: - Eval metrics : accuracy: 0.797 ; loss: 0.435
2018-10-29 00:02:11,004:INFO: Epoch 23/30
2018-10-29 00:02:27,002:INFO: - Train metrics: accuracy: 0.804 ; loss: 0.413
2018-10-29 00:02:30,119:INFO: - Eval metrics : accuracy: 0.797 ; loss: 0.436
2018-10-29 00:02:30,154:INFO: Epoch 24/30
2018-10-29 00:02:46,307:INFO: - Train metrics: accuracy: 0.804 ; loss: 0.416
2018-10-29 00:02:49,483:INFO: - Eval metrics : accuracy: 0.798 ; loss: 0.435
2018-10-29 00:02:49,522:INFO: Epoch 25/30
2018-10-29 00:03:05,646:INFO: - Train metrics: accuracy: 0.804 ; loss: 0.413
2018-10-29 00:03:08,687:INFO: - Eval metrics : accuracy: 0.799 ; loss: 0.432
2018-10-29 00:03:08,727:INFO: Epoch 26/30
2018-10-29 00:03:24,761:INFO: - Train metrics: accuracy: 0.807 ; loss: 0.409
2018-10-29 00:03:28,059:INFO: - Eval metrics : accuracy: 0.800 ; loss: 0.429
2018-10-29 00:03:28,090:INFO: - Found new best accuracy
2018-10-29 00:03:28,090:INFO: Epoch 27/30
2018-10-29 00:03:43,951:INFO: - Train metrics: accuracy: 0.807 ; loss: 0.407
2018-10-29 00:03:47,152:INFO: - Eval metrics : accuracy: 0.799 ; loss: 0.428
2018-10-29 00:03:47,190:INFO: Epoch 28/30
2018-10-29 00:04:03,561:INFO: - Train metrics: accuracy: 0.810 ; loss: 0.406
2018-10-29 00:04:06,797:INFO: - Eval metrics : accuracy: 0.799 ; loss: 0.428
2018-10-29 00:04:06,832:INFO: Epoch 29/30
2018-10-29 00:04:23,110:INFO: - Train metrics: accuracy: 0.812 ; loss: 0.405
2018-10-29 00:04:26,405:INFO: - Eval metrics : accuracy: 0.799 ; loss: 0.428
2018-10-29 00:04:26,440:INFO: Epoch 30/30
2018-10-29 00:04:42,557:INFO: - Train metrics: accuracy: 0.810 ; loss: 0.405
2018-10-29 00:04:45,831:INFO: - Eval metrics : accuracy: 0.799 ; loss: 0.428
2018-10-29 00:04:45,876:INFO: Total time (minutes) =9.616536982854207
