2018-10-29 20:34:33,870:INFO: Loading the dataset ...
2018-10-29 20:34:35,104:INFO: - done.
2018-10-29 20:34:36,850:INFO: Starting evaluation
2018-10-29 20:34:53,567:INFO: Labels=[1. 1. 1. 1. 1. 1. 0. 0. 1. 0.]
2018-10-29 20:34:53,567:INFO: Out prob=[9.80023921e-01 9.06683326e-01 9.13087487e-01 9.23722863e-01
 9.89382267e-01 9.98507202e-01 2.68519161e-05 1.33830458e-01
 8.42780411e-01 7.41341937e-05]
2018-10-29 20:34:53,568:INFO: ------------------------------------------------------------------------------------------------------------------------
2018-10-29 20:34:53,568:INFO: len labels after =64000
2018-10-29 20:34:53,568:INFO: len out_prob after64000
2018-10-29 20:34:53,568:INFO: length y_test=64000
2018-10-29 20:34:53,568:INFO: Lenght y_score=64000
2018-10-29 20:34:53,579:INFO: Length y_score 64000
2018-10-29 20:34:53,580:INFO: Length y_test 64000
2018-10-29 20:34:53,580:INFO: Thresholds[0:6] = 
 [0.99987531 0.99986815 0.9998641  0.99985886 0.99985754 0.99985445]
2018-10-29 20:34:53,580:INFO: Thresholds lenght = 
62756
2018-10-29 20:34:53,580:INFO: fpr lenght62756
2018-10-29 20:34:53,580:INFO: tpr lenght62756
2018-10-29 20:34:53,757:INFO: ------------------------------------------------------------------------------------------------------------------------
2018-10-29 20:34:53,772:INFO: roc_auc=0.9839665683437173
2018-10-29 20:34:53,772:INFO: ------------------------------------------------------------------------------------------------------------------------
2018-10-29 20:34:53,774:INFO: - Eval metrics : accuracy: 0.93563 ; loss: 0.15812
