2018-10-28 23:17:25,164:INFO: Loading the dataset ...
2018-10-28 23:17:25,516:INFO: - done.
2018-10-28 23:17:27,245:INFO: Starting evaluation
2018-10-28 23:17:43,943:INFO: Labels=[0. 0. 1. 0. 0. 0. 0. 1. 0. 1.]
2018-10-28 23:17:43,944:INFO: Out prob=[0.4626376  0.44295755 0.08494673 0.18179426 0.8153463  0.07292365
 0.08811461 0.88959444 0.53402239 0.94427854]
2018-10-28 23:17:43,944:INFO: ------------------------------------------------------------------------------------------------------------------------
2018-10-28 23:17:43,944:INFO: len labels after =16000
2018-10-28 23:17:43,944:INFO: len out_prob after16000
2018-10-28 23:17:43,944:INFO: length y_test=16000
2018-10-28 23:17:43,944:INFO: Lenght y_score=16000
2018-10-28 23:17:43,948:INFO: Length y_score 16000
2018-10-28 23:17:43,948:INFO: Length y_test 16000
2018-10-28 23:17:43,949:INFO: Thresholds[0:6] = 
 [0.99850404 0.99741119 0.99727553 0.99720544 0.99697471 0.99681312]
2018-10-28 23:17:43,949:INFO: Thresholds lenght = 
15983
2018-10-28 23:17:43,949:INFO: fpr lenght15983
2018-10-28 23:17:43,949:INFO: tpr lenght15983
2018-10-28 23:17:43,998:INFO: ------------------------------------------------------------------------------------------------------------------------
2018-10-28 23:17:44,002:INFO: roc_auc=0.8770710058917346
2018-10-28 23:17:44,002:INFO: ------------------------------------------------------------------------------------------------------------------------
2018-10-28 23:17:44,003:INFO: - Eval metrics : accuracy: 0.80750 ; loss: 0.43484
