2018-10-21 15:07:06,703:INFO: sample_name=top_qcd_jets_antikt_kt__40000_Njets_128_batch
2018-10-21 15:07:06,704:INFO: ------------------------------------------------------------
2018-10-21 15:07:06,704:INFO: Loading the datasets...
2018-10-21 15:07:08,060:INFO: - done loading the datasets
2018-10-21 15:07:08,060:INFO: ------------------------------------------------------------
2018-10-21 15:07:11,967:INFO: Building optimizer...
2018-10-21 15:07:11,967:INFO: Starting training for 30 epoch(s)
2018-10-21 15:07:11,967:INFO: Epoch 1/30
2018-10-21 15:08:18,201:INFO: - Train metrics: accuracy: 0.552 ; loss: 0.754
2018-10-21 15:08:27,283:INFO: - Eval metrics : accuracy: 0.763 ; loss: 0.547
2018-10-21 15:08:27,360:INFO: - Found new best accuracy
2018-10-21 15:08:27,360:INFO: Epoch 2/30
2018-10-21 15:09:36,684:INFO: - Train metrics: accuracy: 0.784 ; loss: 0.509
2018-10-21 15:09:45,489:INFO: - Eval metrics : accuracy: 0.779 ; loss: 0.485
2018-10-21 15:09:45,517:INFO: - Found new best accuracy
2018-10-21 15:09:45,518:INFO: Epoch 3/30
2018-10-21 15:10:50,232:INFO: - Train metrics: accuracy: 0.818 ; loss: 0.443
2018-10-21 15:11:00,590:INFO: - Eval metrics : accuracy: 0.790 ; loss: 0.469
2018-10-21 15:11:00,629:INFO: - Found new best accuracy
2018-10-21 15:11:00,630:INFO: Epoch 4/30
2018-10-21 15:12:04,667:INFO: - Train metrics: accuracy: 0.799 ; loss: 0.438
2018-10-21 15:12:14,090:INFO: - Eval metrics : accuracy: 0.796 ; loss: 0.451
2018-10-21 15:12:14,125:INFO: - Found new best accuracy
2018-10-21 15:12:14,125:INFO: Epoch 5/30
2018-10-21 15:13:19,540:INFO: - Train metrics: accuracy: 0.810 ; loss: 0.405
2018-10-21 15:13:27,051:INFO: - Eval metrics : accuracy: 0.800 ; loss: 0.444
2018-10-21 15:13:27,088:INFO: - Found new best accuracy
2018-10-21 15:13:27,089:INFO: Epoch 6/30
2018-10-21 15:14:32,258:INFO: - Train metrics: accuracy: 0.812 ; loss: 0.394
2018-10-21 15:14:40,660:INFO: - Eval metrics : accuracy: 0.798 ; loss: 0.443
2018-10-21 15:14:40,693:INFO: Epoch 7/30
2018-10-21 15:15:47,162:INFO: - Train metrics: accuracy: 0.815 ; loss: 0.399
2018-10-21 15:15:57,240:INFO: - Eval metrics : accuracy: 0.803 ; loss: 0.440
2018-10-21 15:15:57,279:INFO: - Found new best accuracy
2018-10-21 15:15:57,280:INFO: Epoch 8/30
2018-10-21 15:17:03,612:INFO: - Train metrics: accuracy: 0.823 ; loss: 0.388
2018-10-21 15:17:13,783:INFO: - Eval metrics : accuracy: 0.802 ; loss: 0.437
2018-10-21 15:17:13,816:INFO: Epoch 9/30
2018-10-21 15:18:21,180:INFO: - Train metrics: accuracy: 0.823 ; loss: 0.386
2018-10-21 15:18:29,754:INFO: - Eval metrics : accuracy: 0.804 ; loss: 0.436
2018-10-21 15:18:29,792:INFO: - Found new best accuracy
2018-10-21 15:18:29,792:INFO: Epoch 10/30
2018-10-21 15:19:37,169:INFO: - Train metrics: accuracy: 0.823 ; loss: 0.387
2018-10-21 15:19:46,596:INFO: - Eval metrics : accuracy: 0.804 ; loss: 0.436
2018-10-21 15:19:46,622:INFO: - Found new best accuracy
2018-10-21 15:19:46,623:INFO: Epoch 11/30
2018-10-21 15:20:50,103:INFO: - Train metrics: accuracy: 0.828 ; loss: 0.385
2018-10-21 15:20:57,604:INFO: - Eval metrics : accuracy: 0.804 ; loss: 0.435
2018-10-21 15:20:57,634:INFO: - Found new best accuracy
2018-10-21 15:20:57,635:INFO: Epoch 12/30
2018-10-21 15:22:01,102:INFO: - Train metrics: accuracy: 0.828 ; loss: 0.382
2018-10-21 15:22:11,859:INFO: - Eval metrics : accuracy: 0.805 ; loss: 0.436
2018-10-21 15:22:11,899:INFO: - Found new best accuracy
2018-10-21 15:22:11,900:INFO: Epoch 13/30
2018-10-21 15:23:17,993:INFO: - Train metrics: accuracy: 0.831 ; loss: 0.383
2018-10-21 15:23:27,531:INFO: - Eval metrics : accuracy: 0.805 ; loss: 0.435
2018-10-21 15:23:27,578:INFO: - Found new best accuracy
2018-10-21 15:23:27,578:INFO: Epoch 14/30
2018-10-21 15:24:29,678:INFO: - Train metrics: accuracy: 0.826 ; loss: 0.386
2018-10-21 15:24:36,915:INFO: - Eval metrics : accuracy: 0.805 ; loss: 0.435
2018-10-21 15:24:36,952:INFO: - Found new best accuracy
2018-10-21 15:24:36,954:INFO: Epoch 15/30
2018-10-21 15:25:39,443:INFO: - Train metrics: accuracy: 0.826 ; loss: 0.382
2018-10-21 15:25:46,873:INFO: - Eval metrics : accuracy: 0.805 ; loss: 0.434
2018-10-21 15:25:46,901:INFO: - Found new best accuracy
2018-10-21 15:25:46,902:INFO: Epoch 16/30
2018-10-21 15:26:49,817:INFO: - Train metrics: accuracy: 0.831 ; loss: 0.385
2018-10-21 15:26:57,239:INFO: - Eval metrics : accuracy: 0.806 ; loss: 0.434
2018-10-21 15:26:57,274:INFO: - Found new best accuracy
2018-10-21 15:26:57,275:INFO: Epoch 17/30
2018-10-21 15:27:59,634:INFO: - Train metrics: accuracy: 0.828 ; loss: 0.385
2018-10-21 15:28:07,065:INFO: - Eval metrics : accuracy: 0.806 ; loss: 0.434
2018-10-21 15:28:07,106:INFO: Epoch 18/30
2018-10-21 15:29:09,525:INFO: - Train metrics: accuracy: 0.828 ; loss: 0.385
2018-10-21 15:29:16,951:INFO: - Eval metrics : accuracy: 0.806 ; loss: 0.434
2018-10-21 15:29:16,988:INFO: - Found new best accuracy
2018-10-21 15:29:16,989:INFO: Epoch 19/30
2018-10-21 15:30:19,412:INFO: - Train metrics: accuracy: 0.828 ; loss: 0.385
2018-10-21 15:30:26,832:INFO: - Eval metrics : accuracy: 0.806 ; loss: 0.434
2018-10-21 15:30:26,870:INFO: Epoch 20/30
2018-10-21 15:31:29,342:INFO: - Train metrics: accuracy: 0.828 ; loss: 0.385
2018-10-21 15:31:36,768:INFO: - Eval metrics : accuracy: 0.806 ; loss: 0.434
2018-10-21 15:31:36,802:INFO: Epoch 21/30
