2018-11-07 01:09:11,068:INFO: Loading the dataset ...
2018-11-07 01:09:12,398:INFO: - done.
2018-11-07 01:09:14,130:INFO: Starting evaluation
2018-11-07 01:09:23,225:INFO: Labels=[1. 1. 1. 1. 1. 1. 0. 0. 1. 0.]
2018-11-07 01:09:23,226:INFO: Out prob=[7.62911439e-01 9.97558236e-01 9.51700747e-01 9.98291314e-01
 9.94378507e-01 9.38093007e-01 3.04781042e-06 2.13305285e-09
 9.88507628e-01 5.91133812e-06]
2018-11-07 01:09:23,226:INFO: ------------------------------------------------------------------------------------------------------------------------
2018-11-07 01:09:23,226:INFO: len labels after =64000
2018-11-07 01:09:23,226:INFO: len out_prob after64000
2018-11-07 01:09:23,226:INFO: length y_test=64000
2018-11-07 01:09:23,226:INFO: Lenght y_score=64000
2018-11-07 01:09:23,239:INFO: Length y_score 64000
2018-11-07 01:09:23,239:INFO: Length y_test 64000
2018-11-07 01:09:23,239:INFO: Thresholds[0:6] = 
 [0.99979383 0.99978286 0.99977845 0.99977165 0.99976414 0.99976331]
2018-11-07 01:09:23,239:INFO: Thresholds lenght = 
62328
2018-11-07 01:09:23,239:INFO: fpr lenght62328
2018-11-07 01:09:23,239:INFO: tpr lenght62328
2018-11-07 01:09:23,424:INFO: ------------------------------------------------------------------------------------------------------------------------
2018-11-07 01:09:23,439:INFO: roc_auc=0.9855626703960574
2018-11-07 01:09:23,439:INFO: ------------------------------------------------------------------------------------------------------------------------
2018-11-07 01:09:23,441:INFO: - Eval metrics : accuracy: 0.93977 ; loss: 0.14997
