2018-10-29 21:03:27,609:INFO: Loading the dataset ...
2018-10-29 21:03:28,246:INFO: - done.
2018-10-29 21:03:30,707:INFO: Starting evaluation
2018-10-29 21:03:36,282:INFO: Labels=[1. 0. 0. 0. 1. 0. 0. 1. 1. 0.]
2018-10-29 21:03:36,283:INFO: Out prob=[9.99346673e-01 7.84570798e-02 8.13455284e-01 1.70492695e-03
 9.53760505e-01 9.74881887e-01 1.05316027e-16 9.96853292e-01
 9.98902678e-01 4.33807969e-02]
2018-10-29 21:03:36,283:INFO: ------------------------------------------------------------------------------------------------------------------------
2018-10-29 21:03:36,283:INFO: len labels after =32000
2018-10-29 21:03:36,283:INFO: len out_prob after32000
2018-10-29 21:03:36,283:INFO: length y_test=32000
2018-10-29 21:03:36,283:INFO: Lenght y_score=32000
2018-10-29 21:03:36,289:INFO: Length y_score 32000
2018-10-29 21:03:36,289:INFO: Length y_test 32000
2018-10-29 21:03:36,289:INFO: Thresholds[0:6] = 
 [0.99994755 0.99992871 0.99991632 0.99991071 0.99991012 0.99990547]
2018-10-29 21:03:36,289:INFO: Thresholds lenght = 
31583
2018-10-29 21:03:36,289:INFO: fpr lenght31583
2018-10-29 21:03:36,289:INFO: tpr lenght31583
2018-10-29 21:03:36,419:INFO: ------------------------------------------------------------------------------------------------------------------------
2018-10-29 21:03:36,426:INFO: roc_auc=0.9796497010923817
2018-10-29 21:03:36,426:INFO: ------------------------------------------------------------------------------------------------------------------------
2018-10-29 21:03:36,427:INFO: - Eval metrics : accuracy: 0.92731 ; loss: 0.18036
