2018-10-21 19:38:48,741:INFO: Loading the dataset ...
2018-10-21 19:38:49,065:INFO: - done.
2018-10-21 19:38:52,929:INFO: Starting evaluation
2018-10-21 19:38:57,071:INFO: Labels=[0. 0. 1. 0. 0. 0. 0. 1. 0. 1.]
2018-10-21 19:38:57,071:INFO: Out prob=[1.18277840e-01 2.76488990e-01 4.99439985e-01 5.11341453e-01
 8.48873794e-01 4.13202244e-04 6.00193515e-02 8.52673054e-01
 4.86281335e-01 9.37282622e-01]
2018-10-21 19:38:57,071:INFO: ------------------------------------------------------------------------------------------------------------------------
2018-10-21 19:38:57,071:INFO: len labels after =15872
2018-10-21 19:38:57,071:INFO: len out_prob after15872
2018-10-21 19:38:57,071:INFO: length y_test=15872
2018-10-21 19:38:57,071:INFO: Lenght y_score=15872
2018-10-21 19:38:57,074:INFO: Length y_score 15872
2018-10-21 19:38:57,074:INFO: Length y_test 15872
2018-10-21 19:38:57,075:INFO: Thresholds[0:6] = 
 [0.99657464 0.99613321 0.99594069 0.99541348 0.99418122 0.99344891]
2018-10-21 19:38:57,075:INFO: Thresholds lenght = 
15867
2018-10-21 19:38:57,075:INFO: fpr lenght15867
2018-10-21 19:38:57,075:INFO: tpr lenght15867
2018-10-21 19:38:57,121:INFO: ------------------------------------------------------------------------------------------------------------------------
2018-10-21 19:38:57,125:INFO: roc_auc=0.8859138449074451
2018-10-21 19:38:57,125:INFO: ------------------------------------------------------------------------------------------------------------------------
2018-10-21 19:38:57,126:INFO: - Eval metrics : accuracy: 0.811 ; loss: 0.419
