2018-10-21 19:17:46,420:INFO: sample_name=top_qcd_jets_antikt_kt__40000_Njets_256_batch
2018-10-21 19:17:46,421:INFO: ------------------------------------------------------------
2018-10-21 19:17:46,421:INFO: Loading the datasets...
2018-10-21 19:17:47,706:INFO: - done loading the datasets
2018-10-21 19:17:47,706:INFO: ------------------------------------------------------------
2018-10-21 19:17:51,615:INFO: Building optimizer...
2018-10-21 19:17:51,616:INFO: Starting training for 30 epoch(s)
2018-10-21 19:17:51,616:INFO: Epoch 1/30
2018-10-21 19:18:25,943:INFO: - Train metrics: accuracy: 0.529 ; loss: 0.777
2018-10-21 19:18:30,305:INFO: - Eval metrics : accuracy: 0.541 ; loss: 0.687
2018-10-21 19:18:30,368:INFO: - Found new best accuracy
2018-10-21 19:18:30,369:INFO: Epoch 2/30
2018-10-21 19:19:06,242:INFO: - Train metrics: accuracy: 0.674 ; loss: 0.576
2018-10-21 19:19:10,629:INFO: - Eval metrics : accuracy: 0.795 ; loss: 0.460
2018-10-21 19:19:10,666:INFO: - Found new best accuracy
2018-10-21 19:19:10,667:INFO: Epoch 3/30
2018-10-21 19:19:45,950:INFO: - Train metrics: accuracy: 0.809 ; loss: 0.445
2018-10-21 19:19:51,377:INFO: - Eval metrics : accuracy: 0.799 ; loss: 0.439
2018-10-21 19:19:51,416:INFO: - Found new best accuracy
2018-10-21 19:19:51,416:INFO: Epoch 4/30
2018-10-21 19:20:28,135:INFO: - Train metrics: accuracy: 0.818 ; loss: 0.428
2018-10-21 19:20:33,560:INFO: - Eval metrics : accuracy: 0.805 ; loss: 0.432
2018-10-21 19:20:33,602:INFO: - Found new best accuracy
2018-10-21 19:20:33,603:INFO: Epoch 5/30
2018-10-21 19:21:10,446:INFO: - Train metrics: accuracy: 0.826 ; loss: 0.417
2018-10-21 19:21:14,829:INFO: - Eval metrics : accuracy: 0.803 ; loss: 0.428
2018-10-21 19:21:14,865:INFO: Epoch 6/30
2018-10-21 19:21:51,907:INFO: - Train metrics: accuracy: 0.826 ; loss: 0.410
2018-10-21 19:21:57,258:INFO: - Eval metrics : accuracy: 0.808 ; loss: 0.426
2018-10-21 19:21:57,293:INFO: - Found new best accuracy
2018-10-21 19:21:57,294:INFO: Epoch 7/30
2018-10-21 19:22:35,455:INFO: - Train metrics: accuracy: 0.826 ; loss: 0.409
2018-10-21 19:22:40,971:INFO: - Eval metrics : accuracy: 0.809 ; loss: 0.426
2018-10-21 19:22:41,020:INFO: - Found new best accuracy
2018-10-21 19:22:41,020:INFO: Epoch 8/30
2018-10-21 19:23:17,840:INFO: - Train metrics: accuracy: 0.834 ; loss: 0.409
2018-10-21 19:23:22,211:INFO: - Eval metrics : accuracy: 0.809 ; loss: 0.421
2018-10-21 19:23:22,254:INFO: - Found new best accuracy
2018-10-21 19:23:22,254:INFO: Epoch 9/30
2018-10-21 19:24:00,732:INFO: - Train metrics: accuracy: 0.832 ; loss: 0.405
2018-10-21 19:24:06,115:INFO: - Eval metrics : accuracy: 0.811 ; loss: 0.422
2018-10-21 19:24:06,171:INFO: - Found new best accuracy
2018-10-21 19:24:06,172:INFO: Epoch 10/30
2018-10-21 19:24:44,564:INFO: - Train metrics: accuracy: 0.836 ; loss: 0.404
2018-10-21 19:24:49,759:INFO: - Eval metrics : accuracy: 0.810 ; loss: 0.422
2018-10-21 19:24:49,799:INFO: Epoch 11/30
2018-10-21 19:25:24,195:INFO: - Train metrics: accuracy: 0.838 ; loss: 0.403
2018-10-21 19:25:28,624:INFO: - Eval metrics : accuracy: 0.810 ; loss: 0.420
2018-10-21 19:25:28,663:INFO: Epoch 12/30
2018-10-21 19:26:06,920:INFO: - Train metrics: accuracy: 0.834 ; loss: 0.401
2018-10-21 19:26:12,100:INFO: - Eval metrics : accuracy: 0.810 ; loss: 0.419
2018-10-21 19:26:12,140:INFO: Epoch 13/30
2018-10-21 19:26:47,483:INFO: - Train metrics: accuracy: 0.834 ; loss: 0.399
2018-10-21 19:26:51,824:INFO: - Eval metrics : accuracy: 0.808 ; loss: 0.418
2018-10-21 19:26:51,865:INFO: Epoch 14/30
2018-10-21 19:27:30,638:INFO: - Train metrics: accuracy: 0.836 ; loss: 0.399
2018-10-21 19:27:35,947:INFO: - Eval metrics : accuracy: 0.808 ; loss: 0.418
2018-10-21 19:27:35,988:INFO: Epoch 15/30
2018-10-21 19:28:14,641:INFO: - Train metrics: accuracy: 0.838 ; loss: 0.398
2018-10-21 19:28:19,962:INFO: - Eval metrics : accuracy: 0.808 ; loss: 0.418
2018-10-21 19:28:19,998:INFO: Epoch 16/30
2018-10-21 19:28:58,689:INFO: - Train metrics: accuracy: 0.840 ; loss: 0.398
2018-10-21 19:29:04,009:INFO: - Eval metrics : accuracy: 0.808 ; loss: 0.418
2018-10-21 19:29:04,046:INFO: Epoch 17/30
2018-10-21 19:29:38,497:INFO: - Train metrics: accuracy: 0.840 ; loss: 0.397
2018-10-21 19:29:42,802:INFO: - Eval metrics : accuracy: 0.808 ; loss: 0.418
2018-10-21 19:29:42,805:INFO: Epoch 18/30
2018-10-21 19:30:21,487:INFO: - Train metrics: accuracy: 0.840 ; loss: 0.397
2018-10-21 19:30:26,785:INFO: - Eval metrics : accuracy: 0.808 ; loss: 0.418
2018-10-21 19:30:26,825:INFO: Epoch 19/30
2018-10-21 19:31:01,224:INFO: - Train metrics: accuracy: 0.840 ; loss: 0.397
2018-10-21 19:31:05,548:INFO: - Eval metrics : accuracy: 0.808 ; loss: 0.418
2018-10-21 19:31:05,584:INFO: Epoch 20/30
2018-10-21 19:31:44,398:INFO: - Train metrics: accuracy: 0.840 ; loss: 0.397
2018-10-21 19:31:49,709:INFO: - Eval metrics : accuracy: 0.808 ; loss: 0.418
2018-10-21 19:31:49,712:INFO: Epoch 21/30
2018-10-21 19:32:28,337:INFO: - Train metrics: accuracy: 0.840 ; loss: 0.397
2018-10-21 19:32:33,757:INFO: - Eval metrics : accuracy: 0.808 ; loss: 0.418
2018-10-21 19:32:33,793:INFO: Epoch 22/30
2018-10-21 19:33:08,669:INFO: - Train metrics: accuracy: 0.840 ; loss: 0.397
2018-10-21 19:33:12,995:INFO: - Eval metrics : accuracy: 0.808 ; loss: 0.418
2018-10-21 19:33:13,030:INFO: Epoch 23/30
2018-10-21 19:33:52,167:INFO: - Train metrics: accuracy: 0.840 ; loss: 0.397
2018-10-21 19:33:57,510:INFO: - Eval metrics : accuracy: 0.808 ; loss: 0.418
2018-10-21 19:33:57,550:INFO: Epoch 24/30
2018-10-21 19:34:36,755:INFO: - Train metrics: accuracy: 0.840 ; loss: 0.397
2018-10-21 19:34:42,103:INFO: - Eval metrics : accuracy: 0.808 ; loss: 0.418
2018-10-21 19:34:42,138:INFO: Epoch 25/30
2018-10-21 19:35:20,397:INFO: - Train metrics: accuracy: 0.840 ; loss: 0.397
2018-10-21 19:35:25,678:INFO: - Eval metrics : accuracy: 0.808 ; loss: 0.418
2018-10-21 19:35:25,716:INFO: Epoch 26/30
2018-10-21 19:36:00,578:INFO: - Train metrics: accuracy: 0.840 ; loss: 0.397
2018-10-21 19:36:04,898:INFO: - Eval metrics : accuracy: 0.808 ; loss: 0.418
2018-10-21 19:36:04,938:INFO: Epoch 27/30
2018-10-21 19:36:39,795:INFO: - Train metrics: accuracy: 0.840 ; loss: 0.397
2018-10-21 19:36:44,117:INFO: - Eval metrics : accuracy: 0.808 ; loss: 0.418
2018-10-21 19:36:44,155:INFO: Epoch 28/30
2018-10-21 19:37:18,968:INFO: - Train metrics: accuracy: 0.840 ; loss: 0.397
2018-10-21 19:37:23,291:INFO: - Eval metrics : accuracy: 0.808 ; loss: 0.418
2018-10-21 19:37:23,331:INFO: Epoch 29/30
2018-10-21 19:38:02,207:INFO: - Train metrics: accuracy: 0.840 ; loss: 0.397
2018-10-21 19:38:07,558:INFO: - Eval metrics : accuracy: 0.808 ; loss: 0.418
2018-10-21 19:38:07,595:INFO: Epoch 30/30
2018-10-21 19:38:42,428:INFO: - Train metrics: accuracy: 0.840 ; loss: 0.397
2018-10-21 19:38:46,747:INFO: - Eval metrics : accuracy: 0.808 ; loss: 0.418
2018-10-21 19:38:46,784:INFO: Total time (minutes) =21.006050380071006
