2018-10-29 16:54:05,492:INFO: Loading the dataset ...
2018-10-29 16:54:05,778:INFO: - done.
2018-10-29 16:54:07,385:INFO: Starting evaluation
2018-10-29 16:54:11,645:INFO: Labels=[0. 0. 1. 0. 0. 0. 0. 1. 0. 1.]
2018-10-29 16:54:11,646:INFO: Out prob=[5.85643188e-14 5.71371913e-01 8.52932036e-01 6.99321091e-01
 6.97902739e-01 1.60171506e-19 1.17673826e-05 7.48398542e-01
 8.85404050e-02 9.39140975e-01]
2018-10-29 16:54:11,646:INFO: ------------------------------------------------------------------------------------------------------------------------
2018-10-29 16:54:11,646:INFO: len labels after =16000
2018-10-29 16:54:11,646:INFO: len out_prob after16000
2018-10-29 16:54:11,646:INFO: length y_test=16000
2018-10-29 16:54:11,646:INFO: Lenght y_score=16000
2018-10-29 16:54:11,649:INFO: Length y_score 16000
2018-10-29 16:54:11,649:INFO: Length y_test 16000
2018-10-29 16:54:11,649:INFO: Thresholds[0:6] = 
 [0.97910178 0.97577161 0.97554374 0.97364819 0.97359425 0.97349519]
2018-10-29 16:54:11,649:INFO: Thresholds lenght = 
15983
2018-10-29 16:54:11,649:INFO: fpr lenght15983
2018-10-29 16:54:11,649:INFO: tpr lenght15983
2018-10-29 16:54:11,734:INFO: ------------------------------------------------------------------------------------------------------------------------
2018-10-29 16:54:11,738:INFO: roc_auc=0.8931321077051891
2018-10-29 16:54:11,738:INFO: ------------------------------------------------------------------------------------------------------------------------
2018-10-29 16:54:11,738:INFO: - Eval metrics : accuracy: 0.80850 ; loss: 0.40498
