2018-10-29 19:34:45,804:INFO: search_hyperparam_sample_name=top_qcd_jets_antikt_kt__80000_Njets_128_batch
2018-10-29 19:34:45,805:INFO: Number of jet files for ttbar=200
2018-10-29 19:34:45,805:INFO: Loading ttbar jet files... 
2018-10-29 19:34:45,805:INFO: ttbar files list = ['tree_httv2_ttbar_DelphesPythia8_nompi_0.dat', 'tree_httv2_ttbar_DelphesPythia8_nompi_1.dat', 'tree_httv2_ttbar_DelphesPythia8_nompi_10.dat', 'tree_httv2_ttbar_DelphesPythia8_nompi_100.dat', 'tree_httv2_ttbar_DelphesPythia8_nompi_101.dat', 'tree_httv2_ttbar_DelphesPythia8_nompi_102.dat', 'tree_httv2_ttbar_DelphesPythia8_nompi_103.dat', 'tree_httv2_ttbar_DelphesPythia8_nompi_104.dat', 'tree_httv2_ttbar_DelphesPythia8_nompi_105.dat', 'tree_httv2_ttbar_DelphesPythia8_nompi_106.dat', 'tree_httv2_ttbar_DelphesPythia8_nompi_107.dat', 'tree_httv2_ttbar_DelphesPythia8_nompi_108.dat', 'tree_httv2_ttbar_DelphesPythia8_nompi_109.dat', 'tree_httv2_ttbar_DelphesPythia8_nompi_11.dat', 'tree_httv2_ttbar_DelphesPythia8_nompi_110.dat', 'tree_httv2_ttbar_DelphesPythia8_nompi_111.dat', 'tree_httv2_ttbar_DelphesPythia8_nompi_112.dat', 'tree_httv2_ttbar_DelphesPythia8_nompi_113.dat', 'tree_httv2_ttbar_DelphesPythia8_nompi_114.dat', 'tree_httv2_ttbar_DelphesPythia8_nompi_115.dat', 'tree_httv2_ttbar_DelphesPythia8_nompi_116.dat', 'tree_httv2_ttbar_DelphesPythia8_nompi_117.dat', 'tree_httv2_ttbar_DelphesPythia8_nompi_118.dat', 'tree_httv2_ttbar_DelphesPythia8_nompi_119.dat', 'tree_httv2_ttbar_DelphesPythia8_nompi_12.dat', 'tree_httv2_ttbar_DelphesPythia8_nompi_120.dat', 'tree_httv2_ttbar_DelphesPythia8_nompi_121.dat', 'tree_httv2_ttbar_DelphesPythia8_nompi_122.dat', 'tree_httv2_ttbar_DelphesPythia8_nompi_123.dat', 'tree_httv2_ttbar_DelphesPythia8_nompi_124.dat', 'tree_httv2_ttbar_DelphesPythia8_nompi_125.dat', 'tree_httv2_ttbar_DelphesPythia8_nompi_126.dat', 'tree_httv2_ttbar_DelphesPythia8_nompi_127.dat', 'tree_httv2_ttbar_DelphesPythia8_nompi_128.dat', 'tree_httv2_ttbar_DelphesPythia8_nompi_129.dat', 'tree_httv2_ttbar_DelphesPythia8_nompi_13.dat', 'tree_httv2_ttbar_DelphesPythia8_nompi_130.dat', 'tree_httv2_ttbar_DelphesPythia8_nompi_131.dat', 'tree_httv2_ttbar_DelphesPythia8_nompi_132.dat', 'tree_httv2_ttbar_DelphesPythia8_nompi_133.dat', 'tree_httv2_ttbar_DelphesPythia8_nompi_134.dat', 'tree_httv2_ttbar_DelphesPythia8_nompi_135.dat', 'tree_httv2_ttbar_DelphesPythia8_nompi_136.dat', 'tree_httv2_ttbar_DelphesPythia8_nompi_137.dat', 'tree_httv2_ttbar_DelphesPythia8_nompi_138.dat', 'tree_httv2_ttbar_DelphesPythia8_nompi_139.dat', 'tree_httv2_ttbar_DelphesPythia8_nompi_14.dat', 'tree_httv2_ttbar_DelphesPythia8_nompi_140.dat', 'tree_httv2_ttbar_DelphesPythia8_nompi_141.dat', 'tree_httv2_ttbar_DelphesPythia8_nompi_142.dat', 'tree_httv2_ttbar_DelphesPythia8_nompi_143.dat', 'tree_httv2_ttbar_DelphesPythia8_nompi_144.dat', 'tree_httv2_ttbar_DelphesPythia8_nompi_145.dat', 'tree_httv2_ttbar_DelphesPythia8_nompi_146.dat', 'tree_httv2_ttbar_DelphesPythia8_nompi_147.dat', 'tree_httv2_ttbar_DelphesPythia8_nompi_148.dat', 'tree_httv2_ttbar_DelphesPythia8_nompi_149.dat', 'tree_httv2_ttbar_DelphesPythia8_nompi_15.dat', 'tree_httv2_ttbar_DelphesPythia8_nompi_150.dat', 'tree_httv2_ttbar_DelphesPythia8_nompi_151.dat', 'tree_httv2_ttbar_DelphesPythia8_nompi_152.dat', 'tree_httv2_ttbar_DelphesPythia8_nompi_153.dat', 'tree_httv2_ttbar_DelphesPythia8_nompi_154.dat', 'tree_httv2_ttbar_DelphesPythia8_nompi_155.dat', 'tree_httv2_ttbar_DelphesPythia8_nompi_156.dat', 'tree_httv2_ttbar_DelphesPythia8_nompi_157.dat', 'tree_httv2_ttbar_DelphesPythia8_nompi_158.dat', 'tree_httv2_ttbar_DelphesPythia8_nompi_159.dat', 'tree_httv2_ttbar_DelphesPythia8_nompi_16.dat', 'tree_httv2_ttbar_DelphesPythia8_nompi_160.dat', 'tree_httv2_ttbar_DelphesPythia8_nompi_161.dat', 'tree_httv2_ttbar_DelphesPythia8_nompi_162.dat', 'tree_httv2_ttbar_DelphesPythia8_nompi_163.dat', 'tree_httv2_ttbar_DelphesPythia8_nompi_164.dat', 'tree_httv2_ttbar_DelphesPythia8_nompi_165.dat', 'tree_httv2_ttbar_DelphesPythia8_nompi_166.dat', 'tree_httv2_ttbar_DelphesPythia8_nompi_167.dat', 'tree_httv2_ttbar_DelphesPythia8_nompi_168.dat', 'tree_httv2_ttbar_DelphesPythia8_nompi_169.dat', 'tree_httv2_ttbar_DelphesPythia8_nompi_17.dat', 'tree_httv2_ttbar_DelphesPythia8_nompi_170.dat', 'tree_httv2_ttbar_DelphesPythia8_nompi_171.dat', 'tree_httv2_ttbar_DelphesPythia8_nompi_172.dat', 'tree_httv2_ttbar_DelphesPythia8_nompi_173.dat', 'tree_httv2_ttbar_DelphesPythia8_nompi_174.dat', 'tree_httv2_ttbar_DelphesPythia8_nompi_175.dat', 'tree_httv2_ttbar_DelphesPythia8_nompi_176.dat', 'tree_httv2_ttbar_DelphesPythia8_nompi_177.dat', 'tree_httv2_ttbar_DelphesPythia8_nompi_178.dat', 'tree_httv2_ttbar_DelphesPythia8_nompi_179.dat', 'tree_httv2_ttbar_DelphesPythia8_nompi_18.dat', 'tree_httv2_ttbar_DelphesPythia8_nompi_180.dat', 'tree_httv2_ttbar_DelphesPythia8_nompi_181.dat', 'tree_httv2_ttbar_DelphesPythia8_nompi_182.dat', 'tree_httv2_ttbar_DelphesPythia8_nompi_183.dat', 'tree_httv2_ttbar_DelphesPythia8_nompi_184.dat', 'tree_httv2_ttbar_DelphesPythia8_nompi_185.dat', 'tree_httv2_ttbar_DelphesPythia8_nompi_186.dat', 'tree_httv2_ttbar_DelphesPythia8_nompi_187.dat', 'tree_httv2_ttbar_DelphesPythia8_nompi_188.dat', 'tree_httv2_ttbar_DelphesPythia8_nompi_189.dat', 'tree_httv2_ttbar_DelphesPythia8_nompi_19.dat', 'tree_httv2_ttbar_DelphesPythia8_nompi_190.dat', 'tree_httv2_ttbar_DelphesPythia8_nompi_191.dat', 'tree_httv2_ttbar_DelphesPythia8_nompi_192.dat', 'tree_httv2_ttbar_DelphesPythia8_nompi_193.dat', 'tree_httv2_ttbar_DelphesPythia8_nompi_194.dat', 'tree_httv2_ttbar_DelphesPythia8_nompi_195.dat', 'tree_httv2_ttbar_DelphesPythia8_nompi_196.dat', 'tree_httv2_ttbar_DelphesPythia8_nompi_197.dat', 'tree_httv2_ttbar_DelphesPythia8_nompi_198.dat', 'tree_httv2_ttbar_DelphesPythia8_nompi_199.dat', 'tree_httv2_ttbar_DelphesPythia8_nompi_2.dat', 'tree_httv2_ttbar_DelphesPythia8_nompi_20.dat', 'tree_httv2_ttbar_DelphesPythia8_nompi_21.dat', 'tree_httv2_ttbar_DelphesPythia8_nompi_22.dat', 'tree_httv2_ttbar_DelphesPythia8_nompi_23.dat', 'tree_httv2_ttbar_DelphesPythia8_nompi_24.dat', 'tree_httv2_ttbar_DelphesPythia8_nompi_25.dat', 'tree_httv2_ttbar_DelphesPythia8_nompi_26.dat', 'tree_httv2_ttbar_DelphesPythia8_nompi_27.dat', 'tree_httv2_ttbar_DelphesPythia8_nompi_28.dat', 'tree_httv2_ttbar_DelphesPythia8_nompi_29.dat', 'tree_httv2_ttbar_DelphesPythia8_nompi_3.dat', 'tree_httv2_ttbar_DelphesPythia8_nompi_30.dat', 'tree_httv2_ttbar_DelphesPythia8_nompi_31.dat', 'tree_httv2_ttbar_DelphesPythia8_nompi_32.dat', 'tree_httv2_ttbar_DelphesPythia8_nompi_33.dat', 'tree_httv2_ttbar_DelphesPythia8_nompi_34.dat', 'tree_httv2_ttbar_DelphesPythia8_nompi_35.dat', 'tree_httv2_ttbar_DelphesPythia8_nompi_36.dat', 'tree_httv2_ttbar_DelphesPythia8_nompi_37.dat', 'tree_httv2_ttbar_DelphesPythia8_nompi_38.dat', 'tree_httv2_ttbar_DelphesPythia8_nompi_39.dat', 'tree_httv2_ttbar_DelphesPythia8_nompi_4.dat', 'tree_httv2_ttbar_DelphesPythia8_nompi_40.dat', 'tree_httv2_ttbar_DelphesPythia8_nompi_41.dat', 'tree_httv2_ttbar_DelphesPythia8_nompi_42.dat', 'tree_httv2_ttbar_DelphesPythia8_nompi_43.dat', 'tree_httv2_ttbar_DelphesPythia8_nompi_44.dat', 'tree_httv2_ttbar_DelphesPythia8_nompi_45.dat', 'tree_httv2_ttbar_DelphesPythia8_nompi_46.dat', 'tree_httv2_ttbar_DelphesPythia8_nompi_47.dat', 'tree_httv2_ttbar_DelphesPythia8_nompi_48.dat', 'tree_httv2_ttbar_DelphesPythia8_nompi_49.dat', 'tree_httv2_ttbar_DelphesPythia8_nompi_5.dat', 'tree_httv2_ttbar_DelphesPythia8_nompi_50.dat', 'tree_httv2_ttbar_DelphesPythia8_nompi_51.dat', 'tree_httv2_ttbar_DelphesPythia8_nompi_52.dat', 'tree_httv2_ttbar_DelphesPythia8_nompi_53.dat', 'tree_httv2_ttbar_DelphesPythia8_nompi_54.dat', 'tree_httv2_ttbar_DelphesPythia8_nompi_55.dat', 'tree_httv2_ttbar_DelphesPythia8_nompi_56.dat', 'tree_httv2_ttbar_DelphesPythia8_nompi_57.dat', 'tree_httv2_ttbar_DelphesPythia8_nompi_58.dat', 'tree_httv2_ttbar_DelphesPythia8_nompi_59.dat', 'tree_httv2_ttbar_DelphesPythia8_nompi_6.dat', 'tree_httv2_ttbar_DelphesPythia8_nompi_60.dat', 'tree_httv2_ttbar_DelphesPythia8_nompi_61.dat', 'tree_httv2_ttbar_DelphesPythia8_nompi_62.dat', 'tree_httv2_ttbar_DelphesPythia8_nompi_63.dat', 'tree_httv2_ttbar_DelphesPythia8_nompi_64.dat', 'tree_httv2_ttbar_DelphesPythia8_nompi_65.dat', 'tree_httv2_ttbar_DelphesPythia8_nompi_66.dat', 'tree_httv2_ttbar_DelphesPythia8_nompi_67.dat', 'tree_httv2_ttbar_DelphesPythia8_nompi_68.dat', 'tree_httv2_ttbar_DelphesPythia8_nompi_69.dat', 'tree_httv2_ttbar_DelphesPythia8_nompi_7.dat', 'tree_httv2_ttbar_DelphesPythia8_nompi_70.dat', 'tree_httv2_ttbar_DelphesPythia8_nompi_71.dat', 'tree_httv2_ttbar_DelphesPythia8_nompi_72.dat', 'tree_httv2_ttbar_DelphesPythia8_nompi_73.dat', 'tree_httv2_ttbar_DelphesPythia8_nompi_74.dat', 'tree_httv2_ttbar_DelphesPythia8_nompi_75.dat', 'tree_httv2_ttbar_DelphesPythia8_nompi_76.dat', 'tree_httv2_ttbar_DelphesPythia8_nompi_77.dat', 'tree_httv2_ttbar_DelphesPythia8_nompi_78.dat', 'tree_httv2_ttbar_DelphesPythia8_nompi_79.dat', 'tree_httv2_ttbar_DelphesPythia8_nompi_8.dat', 'tree_httv2_ttbar_DelphesPythia8_nompi_80.dat', 'tree_httv2_ttbar_DelphesPythia8_nompi_81.dat', 'tree_httv2_ttbar_DelphesPythia8_nompi_82.dat', 'tree_httv2_ttbar_DelphesPythia8_nompi_83.dat', 'tree_httv2_ttbar_DelphesPythia8_nompi_84.dat', 'tree_httv2_ttbar_DelphesPythia8_nompi_85.dat', 'tree_httv2_ttbar_DelphesPythia8_nompi_86.dat', 'tree_httv2_ttbar_DelphesPythia8_nompi_87.dat', 'tree_httv2_ttbar_DelphesPythia8_nompi_88.dat', 'tree_httv2_ttbar_DelphesPythia8_nompi_89.dat', 'tree_httv2_ttbar_DelphesPythia8_nompi_9.dat', 'tree_httv2_ttbar_DelphesPythia8_nompi_90.dat', 'tree_httv2_ttbar_DelphesPythia8_nompi_91.dat', 'tree_httv2_ttbar_DelphesPythia8_nompi_92.dat', 'tree_httv2_ttbar_DelphesPythia8_nompi_93.dat', 'tree_httv2_ttbar_DelphesPythia8_nompi_94.dat', 'tree_httv2_ttbar_DelphesPythia8_nompi_95.dat', 'tree_httv2_ttbar_DelphesPythia8_nompi_96.dat', 'tree_httv2_ttbar_DelphesPythia8_nompi_97.dat', 'tree_httv2_ttbar_DelphesPythia8_nompi_98.dat', 'tree_httv2_ttbar_DelphesPythia8_nompi_99.dat']
2018-10-29 19:34:47,476:INFO: Ntotjets=10000
2018-10-29 19:34:49,087:INFO: Ntotjets=20000
2018-10-29 19:34:50,698:INFO: Ntotjets=30000
2018-10-29 19:34:52,308:INFO: Ntotjets=40000
2018-10-29 19:34:53,936:INFO: Ntotjets=50000
2018-10-29 19:34:55,549:INFO: Ntotjets=60000
2018-10-29 19:34:57,456:INFO: Ntotjets=70000
2018-10-29 19:34:59,093:INFO: Ntotjets=80000
2018-10-29 19:34:59,094:INFO: Number of jet files for qcd=200
2018-10-29 19:34:59,094:INFO: Loading qcd jet files... 
2018-10-29 19:34:59,094:INFO: qcd files list = ['tree_httv2_qcd_DelphesPythia8_nompi_0.dat', 'tree_httv2_qcd_DelphesPythia8_nompi_1.dat', 'tree_httv2_qcd_DelphesPythia8_nompi_10.dat', 'tree_httv2_qcd_DelphesPythia8_nompi_100.dat', 'tree_httv2_qcd_DelphesPythia8_nompi_101.dat', 'tree_httv2_qcd_DelphesPythia8_nompi_102.dat', 'tree_httv2_qcd_DelphesPythia8_nompi_103.dat', 'tree_httv2_qcd_DelphesPythia8_nompi_104.dat', 'tree_httv2_qcd_DelphesPythia8_nompi_105.dat', 'tree_httv2_qcd_DelphesPythia8_nompi_106.dat', 'tree_httv2_qcd_DelphesPythia8_nompi_107.dat', 'tree_httv2_qcd_DelphesPythia8_nompi_108.dat', 'tree_httv2_qcd_DelphesPythia8_nompi_109.dat', 'tree_httv2_qcd_DelphesPythia8_nompi_11.dat', 'tree_httv2_qcd_DelphesPythia8_nompi_110.dat', 'tree_httv2_qcd_DelphesPythia8_nompi_111.dat', 'tree_httv2_qcd_DelphesPythia8_nompi_112.dat', 'tree_httv2_qcd_DelphesPythia8_nompi_113.dat', 'tree_httv2_qcd_DelphesPythia8_nompi_114.dat', 'tree_httv2_qcd_DelphesPythia8_nompi_115.dat', 'tree_httv2_qcd_DelphesPythia8_nompi_116.dat', 'tree_httv2_qcd_DelphesPythia8_nompi_117.dat', 'tree_httv2_qcd_DelphesPythia8_nompi_118.dat', 'tree_httv2_qcd_DelphesPythia8_nompi_119.dat', 'tree_httv2_qcd_DelphesPythia8_nompi_12.dat', 'tree_httv2_qcd_DelphesPythia8_nompi_120.dat', 'tree_httv2_qcd_DelphesPythia8_nompi_121.dat', 'tree_httv2_qcd_DelphesPythia8_nompi_122.dat', 'tree_httv2_qcd_DelphesPythia8_nompi_123.dat', 'tree_httv2_qcd_DelphesPythia8_nompi_124.dat', 'tree_httv2_qcd_DelphesPythia8_nompi_125.dat', 'tree_httv2_qcd_DelphesPythia8_nompi_126.dat', 'tree_httv2_qcd_DelphesPythia8_nompi_127.dat', 'tree_httv2_qcd_DelphesPythia8_nompi_128.dat', 'tree_httv2_qcd_DelphesPythia8_nompi_129.dat', 'tree_httv2_qcd_DelphesPythia8_nompi_13.dat', 'tree_httv2_qcd_DelphesPythia8_nompi_130.dat', 'tree_httv2_qcd_DelphesPythia8_nompi_131.dat', 'tree_httv2_qcd_DelphesPythia8_nompi_132.dat', 'tree_httv2_qcd_DelphesPythia8_nompi_133.dat', 'tree_httv2_qcd_DelphesPythia8_nompi_134.dat', 'tree_httv2_qcd_DelphesPythia8_nompi_135.dat', 'tree_httv2_qcd_DelphesPythia8_nompi_136.dat', 'tree_httv2_qcd_DelphesPythia8_nompi_137.dat', 'tree_httv2_qcd_DelphesPythia8_nompi_138.dat', 'tree_httv2_qcd_DelphesPythia8_nompi_139.dat', 'tree_httv2_qcd_DelphesPythia8_nompi_14.dat', 'tree_httv2_qcd_DelphesPythia8_nompi_140.dat', 'tree_httv2_qcd_DelphesPythia8_nompi_141.dat', 'tree_httv2_qcd_DelphesPythia8_nompi_142.dat', 'tree_httv2_qcd_DelphesPythia8_nompi_143.dat', 'tree_httv2_qcd_DelphesPythia8_nompi_144.dat', 'tree_httv2_qcd_DelphesPythia8_nompi_145.dat', 'tree_httv2_qcd_DelphesPythia8_nompi_146.dat', 'tree_httv2_qcd_DelphesPythia8_nompi_147.dat', 'tree_httv2_qcd_DelphesPythia8_nompi_148.dat', 'tree_httv2_qcd_DelphesPythia8_nompi_149.dat', 'tree_httv2_qcd_DelphesPythia8_nompi_15.dat', 'tree_httv2_qcd_DelphesPythia8_nompi_150.dat', 'tree_httv2_qcd_DelphesPythia8_nompi_151.dat', 'tree_httv2_qcd_DelphesPythia8_nompi_152.dat', 'tree_httv2_qcd_DelphesPythia8_nompi_153.dat', 'tree_httv2_qcd_DelphesPythia8_nompi_154.dat', 'tree_httv2_qcd_DelphesPythia8_nompi_155.dat', 'tree_httv2_qcd_DelphesPythia8_nompi_156.dat', 'tree_httv2_qcd_DelphesPythia8_nompi_157.dat', 'tree_httv2_qcd_DelphesPythia8_nompi_158.dat', 'tree_httv2_qcd_DelphesPythia8_nompi_159.dat', 'tree_httv2_qcd_DelphesPythia8_nompi_16.dat', 'tree_httv2_qcd_DelphesPythia8_nompi_160.dat', 'tree_httv2_qcd_DelphesPythia8_nompi_161.dat', 'tree_httv2_qcd_DelphesPythia8_nompi_162.dat', 'tree_httv2_qcd_DelphesPythia8_nompi_163.dat', 'tree_httv2_qcd_DelphesPythia8_nompi_164.dat', 'tree_httv2_qcd_DelphesPythia8_nompi_165.dat', 'tree_httv2_qcd_DelphesPythia8_nompi_166.dat', 'tree_httv2_qcd_DelphesPythia8_nompi_167.dat', 'tree_httv2_qcd_DelphesPythia8_nompi_168.dat', 'tree_httv2_qcd_DelphesPythia8_nompi_169.dat', 'tree_httv2_qcd_DelphesPythia8_nompi_17.dat', 'tree_httv2_qcd_DelphesPythia8_nompi_170.dat', 'tree_httv2_qcd_DelphesPythia8_nompi_171.dat', 'tree_httv2_qcd_DelphesPythia8_nompi_172.dat', 'tree_httv2_qcd_DelphesPythia8_nompi_173.dat', 'tree_httv2_qcd_DelphesPythia8_nompi_174.dat', 'tree_httv2_qcd_DelphesPythia8_nompi_175.dat', 'tree_httv2_qcd_DelphesPythia8_nompi_176.dat', 'tree_httv2_qcd_DelphesPythia8_nompi_177.dat', 'tree_httv2_qcd_DelphesPythia8_nompi_178.dat', 'tree_httv2_qcd_DelphesPythia8_nompi_179.dat', 'tree_httv2_qcd_DelphesPythia8_nompi_18.dat', 'tree_httv2_qcd_DelphesPythia8_nompi_180.dat', 'tree_httv2_qcd_DelphesPythia8_nompi_181.dat', 'tree_httv2_qcd_DelphesPythia8_nompi_182.dat', 'tree_httv2_qcd_DelphesPythia8_nompi_183.dat', 'tree_httv2_qcd_DelphesPythia8_nompi_184.dat', 'tree_httv2_qcd_DelphesPythia8_nompi_185.dat', 'tree_httv2_qcd_DelphesPythia8_nompi_186.dat', 'tree_httv2_qcd_DelphesPythia8_nompi_187.dat', 'tree_httv2_qcd_DelphesPythia8_nompi_188.dat', 'tree_httv2_qcd_DelphesPythia8_nompi_189.dat', 'tree_httv2_qcd_DelphesPythia8_nompi_19.dat', 'tree_httv2_qcd_DelphesPythia8_nompi_190.dat', 'tree_httv2_qcd_DelphesPythia8_nompi_191.dat', 'tree_httv2_qcd_DelphesPythia8_nompi_192.dat', 'tree_httv2_qcd_DelphesPythia8_nompi_193.dat', 'tree_httv2_qcd_DelphesPythia8_nompi_194.dat', 'tree_httv2_qcd_DelphesPythia8_nompi_195.dat', 'tree_httv2_qcd_DelphesPythia8_nompi_196.dat', 'tree_httv2_qcd_DelphesPythia8_nompi_197.dat', 'tree_httv2_qcd_DelphesPythia8_nompi_198.dat', 'tree_httv2_qcd_DelphesPythia8_nompi_199.dat', 'tree_httv2_qcd_DelphesPythia8_nompi_2.dat', 'tree_httv2_qcd_DelphesPythia8_nompi_20.dat', 'tree_httv2_qcd_DelphesPythia8_nompi_21.dat', 'tree_httv2_qcd_DelphesPythia8_nompi_22.dat', 'tree_httv2_qcd_DelphesPythia8_nompi_23.dat', 'tree_httv2_qcd_DelphesPythia8_nompi_24.dat', 'tree_httv2_qcd_DelphesPythia8_nompi_25.dat', 'tree_httv2_qcd_DelphesPythia8_nompi_26.dat', 'tree_httv2_qcd_DelphesPythia8_nompi_27.dat', 'tree_httv2_qcd_DelphesPythia8_nompi_28.dat', 'tree_httv2_qcd_DelphesPythia8_nompi_29.dat', 'tree_httv2_qcd_DelphesPythia8_nompi_3.dat', 'tree_httv2_qcd_DelphesPythia8_nompi_30.dat', 'tree_httv2_qcd_DelphesPythia8_nompi_31.dat', 'tree_httv2_qcd_DelphesPythia8_nompi_32.dat', 'tree_httv2_qcd_DelphesPythia8_nompi_33.dat', 'tree_httv2_qcd_DelphesPythia8_nompi_34.dat', 'tree_httv2_qcd_DelphesPythia8_nompi_35.dat', 'tree_httv2_qcd_DelphesPythia8_nompi_36.dat', 'tree_httv2_qcd_DelphesPythia8_nompi_37.dat', 'tree_httv2_qcd_DelphesPythia8_nompi_38.dat', 'tree_httv2_qcd_DelphesPythia8_nompi_39.dat', 'tree_httv2_qcd_DelphesPythia8_nompi_4.dat', 'tree_httv2_qcd_DelphesPythia8_nompi_40.dat', 'tree_httv2_qcd_DelphesPythia8_nompi_41.dat', 'tree_httv2_qcd_DelphesPythia8_nompi_42.dat', 'tree_httv2_qcd_DelphesPythia8_nompi_43.dat', 'tree_httv2_qcd_DelphesPythia8_nompi_44.dat', 'tree_httv2_qcd_DelphesPythia8_nompi_45.dat', 'tree_httv2_qcd_DelphesPythia8_nompi_46.dat', 'tree_httv2_qcd_DelphesPythia8_nompi_47.dat', 'tree_httv2_qcd_DelphesPythia8_nompi_48.dat', 'tree_httv2_qcd_DelphesPythia8_nompi_49.dat', 'tree_httv2_qcd_DelphesPythia8_nompi_5.dat', 'tree_httv2_qcd_DelphesPythia8_nompi_50.dat', 'tree_httv2_qcd_DelphesPythia8_nompi_51.dat', 'tree_httv2_qcd_DelphesPythia8_nompi_52.dat', 'tree_httv2_qcd_DelphesPythia8_nompi_53.dat', 'tree_httv2_qcd_DelphesPythia8_nompi_54.dat', 'tree_httv2_qcd_DelphesPythia8_nompi_55.dat', 'tree_httv2_qcd_DelphesPythia8_nompi_56.dat', 'tree_httv2_qcd_DelphesPythia8_nompi_57.dat', 'tree_httv2_qcd_DelphesPythia8_nompi_58.dat', 'tree_httv2_qcd_DelphesPythia8_nompi_59.dat', 'tree_httv2_qcd_DelphesPythia8_nompi_6.dat', 'tree_httv2_qcd_DelphesPythia8_nompi_60.dat', 'tree_httv2_qcd_DelphesPythia8_nompi_61.dat', 'tree_httv2_qcd_DelphesPythia8_nompi_62.dat', 'tree_httv2_qcd_DelphesPythia8_nompi_63.dat', 'tree_httv2_qcd_DelphesPythia8_nompi_64.dat', 'tree_httv2_qcd_DelphesPythia8_nompi_65.dat', 'tree_httv2_qcd_DelphesPythia8_nompi_66.dat', 'tree_httv2_qcd_DelphesPythia8_nompi_67.dat', 'tree_httv2_qcd_DelphesPythia8_nompi_68.dat', 'tree_httv2_qcd_DelphesPythia8_nompi_69.dat', 'tree_httv2_qcd_DelphesPythia8_nompi_7.dat', 'tree_httv2_qcd_DelphesPythia8_nompi_70.dat', 'tree_httv2_qcd_DelphesPythia8_nompi_71.dat', 'tree_httv2_qcd_DelphesPythia8_nompi_72.dat', 'tree_httv2_qcd_DelphesPythia8_nompi_73.dat', 'tree_httv2_qcd_DelphesPythia8_nompi_74.dat', 'tree_httv2_qcd_DelphesPythia8_nompi_75.dat', 'tree_httv2_qcd_DelphesPythia8_nompi_76.dat', 'tree_httv2_qcd_DelphesPythia8_nompi_77.dat', 'tree_httv2_qcd_DelphesPythia8_nompi_78.dat', 'tree_httv2_qcd_DelphesPythia8_nompi_79.dat', 'tree_httv2_qcd_DelphesPythia8_nompi_8.dat', 'tree_httv2_qcd_DelphesPythia8_nompi_80.dat', 'tree_httv2_qcd_DelphesPythia8_nompi_81.dat', 'tree_httv2_qcd_DelphesPythia8_nompi_82.dat', 'tree_httv2_qcd_DelphesPythia8_nompi_83.dat', 'tree_httv2_qcd_DelphesPythia8_nompi_84.dat', 'tree_httv2_qcd_DelphesPythia8_nompi_85.dat', 'tree_httv2_qcd_DelphesPythia8_nompi_86.dat', 'tree_httv2_qcd_DelphesPythia8_nompi_87.dat', 'tree_httv2_qcd_DelphesPythia8_nompi_88.dat', 'tree_httv2_qcd_DelphesPythia8_nompi_89.dat', 'tree_httv2_qcd_DelphesPythia8_nompi_9.dat', 'tree_httv2_qcd_DelphesPythia8_nompi_90.dat', 'tree_httv2_qcd_DelphesPythia8_nompi_91.dat', 'tree_httv2_qcd_DelphesPythia8_nompi_92.dat', 'tree_httv2_qcd_DelphesPythia8_nompi_93.dat', 'tree_httv2_qcd_DelphesPythia8_nompi_94.dat', 'tree_httv2_qcd_DelphesPythia8_nompi_95.dat', 'tree_httv2_qcd_DelphesPythia8_nompi_96.dat', 'tree_httv2_qcd_DelphesPythia8_nompi_97.dat', 'tree_httv2_qcd_DelphesPythia8_nompi_98.dat', 'tree_httv2_qcd_DelphesPythia8_nompi_99.dat']
2018-10-29 19:35:00,517:INFO: Ntotjets=10000
2018-10-29 19:35:01,955:INFO: Ntotjets=20000
2018-10-29 19:35:03,430:INFO: Ntotjets=30000
2018-10-29 19:35:04,888:INFO: Ntotjets=40000
2018-10-29 19:35:06,320:INFO: Ntotjets=50000
2018-10-29 19:35:07,737:INFO: Ntotjets=60000
2018-10-29 19:35:09,171:INFO: Ntotjets=70000
2018-10-29 19:35:10,615:INFO: Ntotjets=80000
2018-10-29 19:35:10,615:INFO: Tree generation time (minutes) =0.4135249376296997
2018-10-29 19:44:00,780:INFO: Splitting into train, validation and test datasets, and shuffling...
2018-10-29 19:44:11,588:INFO: Split sample time (minutes) =9.429723926385243
2018-10-29 19:44:11,588:INFO: Creating train batches ...
2018-10-29 19:44:14,573:INFO: Number of batches created=100
2018-10-29 19:44:17,551:INFO: Number of batches created=200
2018-10-29 19:44:20,523:INFO: Number of batches created=300
2018-10-29 19:44:23,474:INFO: Number of batches created=400
2018-10-29 19:44:26,456:INFO: Number of batches created=500
2018-10-29 19:44:29,387:INFO: Number of batches created=600
2018-10-29 19:44:32,343:INFO: Number of batches created=700
2018-10-29 19:44:33,822:INFO: Creating val batches ...
2018-10-29 19:44:36,781:INFO: Number of batches created=100
2018-10-29 19:44:39,696:INFO: Number of batches created=200
2018-10-29 19:44:41,149:INFO: Creating test batches ...
2018-10-29 19:44:44,121:INFO: Number of batches created=100
2018-10-29 19:44:47,048:INFO: Number of batches created=200
2018-10-29 19:44:48,505:INFO: Number of test_batches=250
2018-10-29 19:44:48,505:INFO: Batch generation time (minutes) =10.045014246304829
2018-10-29 19:44:48,505:INFO: Train and val batch size=128
2018-10-29 19:44:48,505:INFO: Number of train_batches=750
2018-10-29 19:44:48,505:INFO: Number of val_batches=250
2018-10-29 19:44:54,108:INFO: ------------------------------------------------------------
2018-10-29 19:44:54,108:INFO: Loading the datasets...
2018-10-29 19:44:56,098:INFO: - done loading the datasets
2018-10-29 19:44:56,098:INFO: ------------------------------------------------------------
2018-10-29 19:44:58,581:INFO: Building optimizer...
2018-10-29 19:44:58,582:INFO: Starting training for 40 epoch(s)
2018-10-29 19:44:58,582:INFO: Epoch 1/40
2018-10-29 19:45:22,265:INFO: - Train metrics: accuracy: 0.737 ; loss: 0.688
2018-10-29 19:45:26,585:INFO: - Eval metrics : accuracy: 0.777 ; loss: 0.463
2018-10-29 19:45:26,595:INFO: - Found new best accuracy
2018-10-29 19:45:26,595:INFO: Epoch 2/40
2018-10-29 19:45:51,146:INFO: - Train metrics: accuracy: 0.796 ; loss: 0.431
2018-10-29 19:45:55,588:INFO: - Eval metrics : accuracy: 0.798 ; loss: 0.429
2018-10-29 19:45:55,620:INFO: - Found new best accuracy
2018-10-29 19:45:55,621:INFO: Epoch 3/40
2018-10-29 19:46:17,784:INFO: - Train metrics: accuracy: 0.803 ; loss: 0.408
2018-10-29 19:46:22,094:INFO: - Eval metrics : accuracy: 0.788 ; loss: 0.435
2018-10-29 19:46:22,133:INFO: Epoch 4/40
2018-10-29 19:46:44,820:INFO: - Train metrics: accuracy: 0.814 ; loss: 0.407
2018-10-29 19:46:49,135:INFO: - Eval metrics : accuracy: 0.802 ; loss: 0.415
2018-10-29 19:46:49,175:INFO: - Found new best accuracy
2018-10-29 19:46:49,176:INFO: Epoch 5/40
2018-10-29 19:47:10,255:INFO: - Train metrics: accuracy: 0.807 ; loss: 0.399
2018-10-29 19:47:14,567:INFO: - Eval metrics : accuracy: 0.808 ; loss: 0.407
2018-10-29 19:47:14,601:INFO: - Found new best accuracy
2018-10-29 19:47:14,602:INFO: Epoch 6/40
2018-10-29 19:47:37,306:INFO: - Train metrics: accuracy: 0.822 ; loss: 0.391
2018-10-29 19:47:41,611:INFO: - Eval metrics : accuracy: 0.815 ; loss: 0.399
2018-10-29 19:47:41,639:INFO: - Found new best accuracy
2018-10-29 19:47:41,640:INFO: Epoch 7/40
2018-10-29 19:48:02,398:INFO: - Train metrics: accuracy: 0.826 ; loss: 0.383
2018-10-29 19:48:07,599:INFO: - Eval metrics : accuracy: 0.815 ; loss: 0.396
2018-10-29 19:48:07,646:INFO: - Found new best accuracy
2018-10-29 19:48:07,646:INFO: Epoch 8/40
2018-10-29 19:48:29,058:INFO: - Train metrics: accuracy: 0.836 ; loss: 0.371
2018-10-29 19:48:33,368:INFO: - Eval metrics : accuracy: 0.843 ; loss: 0.354
2018-10-29 19:48:33,405:INFO: - Found new best accuracy
2018-10-29 19:48:33,406:INFO: Epoch 9/40
2018-10-29 19:48:57,109:INFO: - Train metrics: accuracy: 0.874 ; loss: 0.276
2018-10-29 19:49:01,417:INFO: - Eval metrics : accuracy: 0.906 ; loss: 0.230
2018-10-29 19:49:01,454:INFO: - Found new best accuracy
2018-10-29 19:49:01,457:INFO: Epoch 10/40
2018-10-29 19:49:23,837:INFO: - Train metrics: accuracy: 0.922 ; loss: 0.202
2018-10-29 19:49:28,145:INFO: - Eval metrics : accuracy: 0.911 ; loss: 0.218
2018-10-29 19:49:28,181:INFO: - Found new best accuracy
2018-10-29 19:49:28,182:INFO: Epoch 11/40
2018-10-29 19:49:52,056:INFO: - Train metrics: accuracy: 0.918 ; loss: 0.196
2018-10-29 19:49:57,088:INFO: - Eval metrics : accuracy: 0.919 ; loss: 0.201
2018-10-29 19:49:57,128:INFO: - Found new best accuracy
2018-10-29 19:49:57,128:INFO: Epoch 12/40
2018-10-29 19:50:19,953:INFO: - Train metrics: accuracy: 0.926 ; loss: 0.184
2018-10-29 19:50:24,262:INFO: - Eval metrics : accuracy: 0.916 ; loss: 0.203
2018-10-29 19:50:24,301:INFO: Epoch 13/40
2018-10-29 19:50:45,954:INFO: - Train metrics: accuracy: 0.928 ; loss: 0.177
2018-10-29 19:50:50,259:INFO: - Eval metrics : accuracy: 0.926 ; loss: 0.184
2018-10-29 19:50:50,296:INFO: - Found new best accuracy
2018-10-29 19:50:50,296:INFO: Epoch 14/40
2018-10-29 19:51:15,172:INFO: - Train metrics: accuracy: 0.932 ; loss: 0.174
2018-10-29 19:51:19,483:INFO: - Eval metrics : accuracy: 0.927 ; loss: 0.179
2018-10-29 19:51:19,485:INFO: - Found new best accuracy
2018-10-29 19:51:19,485:INFO: Epoch 15/40
2018-10-29 19:51:43,170:INFO: - Train metrics: accuracy: 0.938 ; loss: 0.166
2018-10-29 19:51:48,353:INFO: - Eval metrics : accuracy: 0.928 ; loss: 0.179
2018-10-29 19:51:48,391:INFO: - Found new best accuracy
2018-10-29 19:51:48,391:INFO: Epoch 16/40
2018-10-29 19:52:10,461:INFO: - Train metrics: accuracy: 0.935 ; loss: 0.168
2018-10-29 19:52:14,763:INFO: - Eval metrics : accuracy: 0.928 ; loss: 0.177
2018-10-29 19:52:14,795:INFO: - Found new best accuracy
2018-10-29 19:52:14,796:INFO: Epoch 17/40
2018-10-29 19:52:35,865:INFO: - Train metrics: accuracy: 0.943 ; loss: 0.157
2018-10-29 19:52:40,174:INFO: - Eval metrics : accuracy: 0.931 ; loss: 0.173
2018-10-29 19:52:40,211:INFO: - Found new best accuracy
2018-10-29 19:52:40,212:INFO: Epoch 18/40
2018-10-29 19:53:04,432:INFO: - Train metrics: accuracy: 0.952 ; loss: 0.155
2018-10-29 19:53:08,592:INFO: - Eval metrics : accuracy: 0.929 ; loss: 0.174
2018-10-29 19:53:08,606:INFO: Epoch 19/40
2018-10-29 19:53:34,089:INFO: - Train metrics: accuracy: 0.949 ; loss: 0.151
2018-10-29 19:53:39,295:INFO: - Eval metrics : accuracy: 0.927 ; loss: 0.177
2018-10-29 19:53:39,341:INFO: Epoch 20/40
2018-10-29 19:54:01,490:INFO: - Train metrics: accuracy: 0.949 ; loss: 0.148
2018-10-29 19:54:05,805:INFO: - Eval metrics : accuracy: 0.929 ; loss: 0.173
2018-10-29 19:54:05,848:INFO: Epoch 21/40
2018-10-29 19:54:29,013:INFO: - Train metrics: accuracy: 0.949 ; loss: 0.148
2018-10-29 19:54:33,327:INFO: - Eval metrics : accuracy: 0.928 ; loss: 0.175
2018-10-29 19:54:33,369:INFO: Epoch 22/40
2018-10-29 19:54:58,420:INFO: - Train metrics: accuracy: 0.949 ; loss: 0.149
2018-10-29 19:55:02,734:INFO: - Eval metrics : accuracy: 0.932 ; loss: 0.170
2018-10-29 19:55:02,776:INFO: - Found new best accuracy
2018-10-29 19:55:02,776:INFO: Epoch 23/40
2018-10-29 19:55:24,465:INFO: - Train metrics: accuracy: 0.944 ; loss: 0.152
2018-10-29 19:55:28,777:INFO: - Eval metrics : accuracy: 0.933 ; loss: 0.168
2018-10-29 19:55:28,818:INFO: - Found new best accuracy
2018-10-29 19:55:28,819:INFO: Epoch 24/40
2018-10-29 19:55:51,810:INFO: - Train metrics: accuracy: 0.944 ; loss: 0.152
2018-10-29 19:55:56,117:INFO: - Eval metrics : accuracy: 0.933 ; loss: 0.167
2018-10-29 19:55:56,155:INFO: - Found new best accuracy
2018-10-29 19:55:56,156:INFO: Epoch 25/40
2018-10-29 19:56:19,105:INFO: - Train metrics: accuracy: 0.944 ; loss: 0.153
2018-10-29 19:56:24,134:INFO: - Eval metrics : accuracy: 0.933 ; loss: 0.166
2018-10-29 19:56:24,173:INFO: Epoch 26/40
2018-10-29 19:56:47,811:INFO: - Train metrics: accuracy: 0.943 ; loss: 0.154
2018-10-29 19:56:52,122:INFO: - Eval metrics : accuracy: 0.934 ; loss: 0.165
2018-10-29 19:56:52,156:INFO: - Found new best accuracy
2018-10-29 19:56:52,157:INFO: Epoch 27/40
2018-10-29 19:57:17,088:INFO: - Train metrics: accuracy: 0.945 ; loss: 0.154
2018-10-29 19:57:22,096:INFO: - Eval metrics : accuracy: 0.934 ; loss: 0.164
2018-10-29 19:57:22,138:INFO: - Found new best accuracy
2018-10-29 19:57:22,139:INFO: Epoch 28/40
2018-10-29 19:57:44,537:INFO: - Train metrics: accuracy: 0.947 ; loss: 0.153
2018-10-29 19:57:49,745:INFO: - Eval metrics : accuracy: 0.934 ; loss: 0.164
2018-10-29 19:57:49,787:INFO: Epoch 29/40
2018-10-29 19:58:14,494:INFO: - Train metrics: accuracy: 0.947 ; loss: 0.153
2018-10-29 19:58:19,509:INFO: - Eval metrics : accuracy: 0.934 ; loss: 0.164
2018-10-29 19:58:19,550:INFO: Epoch 30/40
2018-10-29 19:58:44,274:INFO: - Train metrics: accuracy: 0.949 ; loss: 0.151
2018-10-29 19:58:49,287:INFO: - Eval metrics : accuracy: 0.934 ; loss: 0.164
2018-10-29 19:58:49,342:INFO: Epoch 31/40
2018-10-29 19:59:14,041:INFO: - Train metrics: accuracy: 0.951 ; loss: 0.150
2018-10-29 19:59:19,045:INFO: - Eval metrics : accuracy: 0.934 ; loss: 0.164
2018-10-29 19:59:19,082:INFO: Epoch 32/40
2018-10-29 19:59:44,258:INFO: - Train metrics: accuracy: 0.949 ; loss: 0.150
2018-10-29 19:59:49,270:INFO: - Eval metrics : accuracy: 0.934 ; loss: 0.164
2018-10-29 19:59:49,303:INFO: Epoch 33/40
2018-10-29 20:00:14,448:INFO: - Train metrics: accuracy: 0.949 ; loss: 0.148
2018-10-29 20:00:19,455:INFO: - Eval metrics : accuracy: 0.933 ; loss: 0.164
2018-10-29 20:00:19,493:INFO: Epoch 34/40
2018-10-29 20:00:44,346:INFO: - Train metrics: accuracy: 0.949 ; loss: 0.147
2018-10-29 20:00:49,358:INFO: - Eval metrics : accuracy: 0.933 ; loss: 0.165
2018-10-29 20:00:49,395:INFO: Epoch 35/40
2018-10-29 20:01:14,238:INFO: - Train metrics: accuracy: 0.948 ; loss: 0.147
2018-10-29 20:01:19,243:INFO: - Eval metrics : accuracy: 0.933 ; loss: 0.164
2018-10-29 20:01:19,281:INFO: Epoch 36/40
2018-10-29 20:01:43,994:INFO: - Train metrics: accuracy: 0.948 ; loss: 0.147
2018-10-29 20:01:49,020:INFO: - Eval metrics : accuracy: 0.933 ; loss: 0.164
2018-10-29 20:01:49,055:INFO: Epoch 37/40
2018-10-29 20:02:13,853:INFO: - Train metrics: accuracy: 0.948 ; loss: 0.146
2018-10-29 20:02:18,874:INFO: - Eval metrics : accuracy: 0.934 ; loss: 0.164
2018-10-29 20:02:18,903:INFO: Epoch 38/40
2018-10-29 20:02:39,273:INFO: - Train metrics: accuracy: 0.948 ; loss: 0.145
2018-10-29 20:02:44,506:INFO: - Eval metrics : accuracy: 0.935 ; loss: 0.163
2018-10-29 20:02:44,545:INFO: - Found new best accuracy
2018-10-29 20:02:44,546:INFO: Epoch 39/40
2018-10-29 20:03:09,330:INFO: - Train metrics: accuracy: 0.948 ; loss: 0.145
2018-10-29 20:03:14,343:INFO: - Eval metrics : accuracy: 0.935 ; loss: 0.163
2018-10-29 20:03:14,386:INFO: - Found new best accuracy
2018-10-29 20:03:14,386:INFO: Epoch 40/40
2018-10-29 20:03:39,451:INFO: - Train metrics: accuracy: 0.948 ; loss: 0.144
2018-10-29 20:03:44,468:INFO: - Eval metrics : accuracy: 0.935 ; loss: 0.163
2018-10-29 20:03:44,527:INFO: - Found new best accuracy
2018-10-29 20:03:44,528:INFO: Total time (minutes) =28.978730289141335
