2018-10-21 19:05:45,787:INFO: Loading the dataset ...
2018-10-21 19:05:46,116:INFO: - done.
2018-10-21 19:05:50,034:INFO: Starting evaluation
2018-10-21 19:05:54,634:INFO: Labels=[0. 0. 1. 0. 0. 0. 0. 1. 0. 1.]
2018-10-21 19:05:54,634:INFO: Out prob=[9.30445865e-02 4.45723027e-01 4.89630371e-01 5.71435392e-01
 8.67307961e-01 5.02414536e-04 1.02875964e-03 9.37130153e-01
 5.39409518e-01 9.20053899e-01]
2018-10-21 19:05:54,634:INFO: ------------------------------------------------------------------------------------------------------------------------
2018-10-21 19:05:54,634:INFO: len labels after =15872
2018-10-21 19:05:54,634:INFO: len out_prob after15872
2018-10-21 19:05:54,634:INFO: length y_test=15872
2018-10-21 19:05:54,634:INFO: Lenght y_score=15872
2018-10-21 19:05:54,637:INFO: Length y_score 15872
2018-10-21 19:05:54,638:INFO: Length y_test 15872
2018-10-21 19:05:54,638:INFO: Thresholds[0:6] = 
 [0.99966359 0.99928099 0.99909258 0.99902606 0.99902165 0.99898905]
2018-10-21 19:05:54,638:INFO: Thresholds lenght = 
15861
2018-10-21 19:05:54,638:INFO: fpr lenght15861
2018-10-21 19:05:54,638:INFO: tpr lenght15861
2018-10-21 19:05:54,686:INFO: ------------------------------------------------------------------------------------------------------------------------
2018-10-21 19:05:54,689:INFO: roc_auc=0.9058576776383448
2018-10-21 19:05:54,689:INFO: ------------------------------------------------------------------------------------------------------------------------
2018-10-21 19:05:54,690:INFO: - Eval metrics : accuracy: 0.824 ; loss: 0.380
