2018-10-29 18:18:54,103:INFO: Loading the dataset ...
2018-10-29 18:18:54,410:INFO: - done.
2018-10-29 18:18:56,043:INFO: Starting evaluation
2018-10-29 18:18:57,282:INFO: Labels=[0. 0. 1. 0. 0. 0. 0. 1. 0. 1.]
2018-10-29 18:18:57,282:INFO: Out prob=[1.09712400e-05 8.26800346e-01 9.13030088e-01 8.97064209e-01
 5.32274723e-01 2.07448608e-07 1.26553243e-02 6.05122685e-01
 8.78571346e-02 9.03496504e-01]
2018-10-29 18:18:57,282:INFO: ------------------------------------------------------------------------------------------------------------------------
2018-10-29 18:18:57,282:INFO: len labels after =15872
2018-10-29 18:18:57,282:INFO: len out_prob after15872
2018-10-29 18:18:57,282:INFO: length y_test=15872
2018-10-29 18:18:57,282:INFO: Lenght y_score=15872
2018-10-29 18:18:57,285:INFO: Length y_score 15872
2018-10-29 18:18:57,285:INFO: Length y_test 15872
2018-10-29 18:18:57,286:INFO: Thresholds[0:6] = 
 [0.98628032 0.98127675 0.98070586 0.98062313 0.98009288 0.97780299]
2018-10-29 18:18:57,286:INFO: Thresholds lenght = 
15864
2018-10-29 18:18:57,286:INFO: fpr lenght15864
2018-10-29 18:18:57,286:INFO: tpr lenght15864
2018-10-29 18:18:57,334:INFO: ------------------------------------------------------------------------------------------------------------------------
2018-10-29 18:18:57,337:INFO: roc_auc=0.8791139426018023
2018-10-29 18:18:57,338:INFO: ------------------------------------------------------------------------------------------------------------------------
2018-10-29 18:18:57,338:INFO: - Eval metrics : accuracy: 0.79517 ; loss: 0.42146
