2018-10-29 11:24:09,462:INFO: sample_name=top_qcd_jets_antikt_kt__40000_Njets_128_batch
2018-10-29 11:24:09,463:INFO: ------------------------------------------------------------
2018-10-29 11:24:09,463:INFO: Loading the datasets...
2018-10-29 11:24:10,854:INFO: - done loading the datasets
2018-10-29 11:24:10,854:INFO: ------------------------------------------------------------
2018-10-29 11:24:12,616:INFO: Building optimizer...
2018-10-29 11:24:12,617:INFO: Starting training for 10 epoch(s)
2018-10-29 11:24:12,617:INFO: Restoring parameters from experiments/simple_rnn_kt/h_dim__lr_0.002_decay_0.9_batch_128_epochs_10_hidden_80_Njets_40000_features_7/experiments/simple_rnn_kt/h_dim__lr_0.002_decay_0.9_batch_128_epochs_30_hidden_80_Njets_40000_features_7/best.pth.tar.pth.tar
2018-10-29 14:40:05,599:INFO: sample_name=top_qcd_jets_antikt_kt__40000_Njets_128_batch
2018-10-29 14:40:05,600:INFO: ------------------------------------------------------------
2018-10-29 14:40:05,600:INFO: Loading the datasets...
2018-10-29 14:40:06,924:INFO: - done loading the datasets
2018-10-29 14:40:06,924:INFO: ------------------------------------------------------------
2018-10-29 14:40:08,573:INFO: Building optimizer...
2018-10-29 14:40:08,573:INFO: Starting training for 10 epoch(s)
2018-10-29 14:40:08,574:INFO: Restoring parameters from experiments/simple_rnn_kt/h_dim__lr_0.002_decay_0.9_batch_128_epochs_10_hidden_80_Njets_40000_features_7/experiments/simple_rnn_kt/h_dim__lr_0.002_decay_0.9_batch_128_epochs_30_hidden_80_Njets_40000_features_7/best.pth.tar.pth.tar
2018-10-29 14:41:53,271:INFO: sample_name=top_qcd_jets_antikt_kt__40000_Njets_128_batch
2018-10-29 14:41:53,272:INFO: ------------------------------------------------------------
2018-10-29 14:41:53,272:INFO: Loading the datasets...
2018-10-29 14:41:54,634:INFO: - done loading the datasets
2018-10-29 14:41:54,635:INFO: ------------------------------------------------------------
2018-10-29 14:41:56,396:INFO: Building optimizer...
2018-10-29 14:41:56,396:INFO: Starting training for 10 epoch(s)
2018-10-29 14:41:56,396:INFO: Restoring parameters from experiments/simple_rnn_kt/h_dim__lr_0.002_decay_0.9_batch_128_epochs_10_hidden_80_Njets_40000_features_7/experiments/simple_rnn_kt/h_dim__lr_0.002_decay_0.9_batch_128_epochs_30_hidden_80_Njets_40000_features_7/best.pth.tar
2018-10-29 14:44:51,246:INFO: sample_name=top_qcd_jets_antikt_kt__40000_Njets_128_batch
2018-10-29 14:44:51,247:INFO: ------------------------------------------------------------
2018-10-29 14:44:51,247:INFO: Loading the datasets...
2018-10-29 14:44:52,570:INFO: - done loading the datasets
2018-10-29 14:44:52,571:INFO: ------------------------------------------------------------
2018-10-29 14:44:54,339:INFO: Building optimizer...
2018-10-29 14:44:54,340:INFO: Starting training for 10 epoch(s)
2018-10-29 14:44:54,340:INFO: Restoring parameters from experiments/simple_rnn_kt/h_dim__lr_0.002_decay_0.9_batch_128_epochs_10_hidden_80_Njets_40000_features_7/experiments/simple_rnn_kt/h_dim__lr_0.002_decay_0.9_batch_128_epochs_30_hidden_80_Njets_40000_features_7/best.pth.tar
2018-10-29 14:45:47,250:INFO: sample_name=top_qcd_jets_antikt_kt__40000_Njets_128_batch
2018-10-29 14:45:47,251:INFO: ------------------------------------------------------------
2018-10-29 14:45:47,251:INFO: Loading the datasets...
2018-10-29 14:45:48,601:INFO: - done loading the datasets
2018-10-29 14:45:48,601:INFO: ------------------------------------------------------------
2018-10-29 14:45:50,383:INFO: Building optimizer...
2018-10-29 14:45:50,383:INFO: Starting training for 10 epoch(s)
2018-10-29 14:45:50,383:INFO: Restoring parameters from experiments/simple_rnn_kt/h_dim__lr_0.002_decay_0.9_batch_128_epochs_10_hidden_80_Njets_40000_features_7/best.pth.tar
