2018-10-21 22:02:52,290:INFO: Loading the dataset ...
2018-10-21 22:02:52,643:INFO: - done.
2018-10-21 22:02:56,869:INFO: Starting evaluation
2018-10-21 22:02:58,577:INFO: Labels=[0. 0. 1. 0. 0. 0. 0. 1. 0. 1.]
2018-10-21 22:02:58,578:INFO: Out prob=[1.17961496e-01 2.63621718e-01 5.88632762e-01 7.13017344e-01
 7.94652522e-01 4.43266821e-04 1.39316097e-02 9.09253299e-01
 4.42078710e-01 9.66963351e-01]
2018-10-21 22:02:58,578:INFO: ------------------------------------------------------------------------------------------------------------------------
2018-10-21 22:02:58,578:INFO: len labels after =15360
2018-10-21 22:02:58,578:INFO: len out_prob after15360
2018-10-21 22:02:58,578:INFO: length y_test=15360
2018-10-21 22:02:58,578:INFO: Lenght y_score=15360
2018-10-21 22:02:58,581:INFO: Length y_score 15360
2018-10-21 22:02:58,581:INFO: Length y_test 15360
2018-10-21 22:02:58,582:INFO: Thresholds[0:6] = 
 [0.99934369 0.99933308 0.9992047  0.99919254 0.99907911 0.99904519]
2018-10-21 22:02:58,582:INFO: Thresholds lenght = 
15349
2018-10-21 22:02:58,582:INFO: fpr lenght15349
2018-10-21 22:02:58,582:INFO: tpr lenght15349
2018-10-21 22:02:58,629:INFO: ------------------------------------------------------------------------------------------------------------------------
2018-10-21 22:02:58,632:INFO: roc_auc=0.9107647605177945
2018-10-21 22:02:58,633:INFO: ------------------------------------------------------------------------------------------------------------------------
2018-10-21 22:02:58,633:INFO: - Eval metrics : accuracy: 0.830 ; loss: 0.374
