2018-10-21 21:56:46,339:INFO: sample_name=top_qcd_jets_antikt_kt__40000_Njets_1024_batch
2018-10-21 21:56:46,340:INFO: ------------------------------------------------------------
2018-10-21 21:56:46,340:INFO: Loading the datasets...
2018-10-21 21:56:47,479:INFO: - done loading the datasets
2018-10-21 21:56:47,479:INFO: ------------------------------------------------------------
2018-10-21 21:56:51,468:INFO: Building optimizer...
2018-10-21 21:56:51,468:INFO: Starting training for 30 epoch(s)
2018-10-21 21:56:51,468:INFO: Epoch 1/30
2018-10-21 21:57:02,858:INFO: - Train metrics: accuracy: 0.519 ; loss: 0.898
2018-10-21 21:57:05,005:INFO: - Eval metrics : accuracy: 0.579 ; loss: 0.673
2018-10-21 21:57:05,096:INFO: - Found new best accuracy
2018-10-21 21:57:05,096:INFO: Epoch 2/30
2018-10-21 21:57:15,367:INFO: - Train metrics: accuracy: 0.589 ; loss: 0.672
2018-10-21 21:57:17,220:INFO: - Eval metrics : accuracy: 0.650 ; loss: 0.626
2018-10-21 21:57:17,257:INFO: - Found new best accuracy
2018-10-21 21:57:17,257:INFO: Epoch 3/30
2018-10-21 21:57:27,405:INFO: - Train metrics: accuracy: 0.639 ; loss: 0.621
2018-10-21 21:57:29,404:INFO: - Eval metrics : accuracy: 0.788 ; loss: 0.476
2018-10-21 21:57:29,449:INFO: - Found new best accuracy
2018-10-21 21:57:29,461:INFO: Epoch 4/30
2018-10-21 21:57:39,619:INFO: - Train metrics: accuracy: 0.803 ; loss: 0.467
2018-10-21 21:57:41,545:INFO: - Eval metrics : accuracy: 0.787 ; loss: 0.460
2018-10-21 21:57:41,612:INFO: Epoch 5/30
2018-10-21 21:57:51,579:INFO: - Train metrics: accuracy: 0.788 ; loss: 0.447
2018-10-21 21:57:53,201:INFO: - Eval metrics : accuracy: 0.805 ; loss: 0.415
2018-10-21 21:57:53,239:INFO: - Found new best accuracy
2018-10-21 21:57:53,240:INFO: Epoch 6/30
2018-10-21 21:58:03,455:INFO: - Train metrics: accuracy: 0.813 ; loss: 0.399
2018-10-21 21:58:05,405:INFO: - Eval metrics : accuracy: 0.798 ; loss: 0.428
2018-10-21 21:58:05,408:INFO: Epoch 7/30
2018-10-21 21:58:15,657:INFO: - Train metrics: accuracy: 0.799 ; loss: 0.415
2018-10-21 21:58:17,290:INFO: - Eval metrics : accuracy: 0.791 ; loss: 0.443
2018-10-21 21:58:17,357:INFO: Epoch 8/30
2018-10-21 21:58:27,544:INFO: - Train metrics: accuracy: 0.791 ; loss: 0.431
2018-10-21 21:58:29,406:INFO: - Eval metrics : accuracy: 0.811 ; loss: 0.405
2018-10-21 21:58:29,441:INFO: - Found new best accuracy
2018-10-21 21:58:29,442:INFO: Epoch 9/30
2018-10-21 21:58:39,605:INFO: - Train metrics: accuracy: 0.811 ; loss: 0.390
2018-10-21 21:58:41,595:INFO: - Eval metrics : accuracy: 0.814 ; loss: 0.400
2018-10-21 21:58:41,661:INFO: - Found new best accuracy
2018-10-21 21:58:41,662:INFO: Epoch 10/30
2018-10-21 21:58:51,888:INFO: - Train metrics: accuracy: 0.810 ; loss: 0.384
2018-10-21 21:58:53,605:INFO: - Eval metrics : accuracy: 0.816 ; loss: 0.396
2018-10-21 21:58:53,634:INFO: - Found new best accuracy
2018-10-21 21:58:53,635:INFO: Epoch 11/30
2018-10-21 21:59:03,913:INFO: - Train metrics: accuracy: 0.824 ; loss: 0.378
2018-10-21 21:59:05,473:INFO: - Eval metrics : accuracy: 0.818 ; loss: 0.392
2018-10-21 21:59:05,479:INFO: - Found new best accuracy
2018-10-21 21:59:05,479:INFO: Epoch 12/30
2018-10-21 21:59:15,652:INFO: - Train metrics: accuracy: 0.832 ; loss: 0.372
2018-10-21 21:59:17,537:INFO: - Eval metrics : accuracy: 0.820 ; loss: 0.389
2018-10-21 21:59:17,543:INFO: - Found new best accuracy
2018-10-21 21:59:17,543:INFO: Epoch 13/30
2018-10-21 21:59:27,641:INFO: - Train metrics: accuracy: 0.830 ; loss: 0.368
2018-10-21 21:59:29,164:INFO: - Eval metrics : accuracy: 0.821 ; loss: 0.387
2018-10-21 21:59:29,204:INFO: - Found new best accuracy
2018-10-21 21:59:29,205:INFO: Epoch 14/30
2018-10-21 21:59:39,202:INFO: - Train metrics: accuracy: 0.830 ; loss: 0.366
2018-10-21 21:59:40,621:INFO: - Eval metrics : accuracy: 0.821 ; loss: 0.384
2018-10-21 21:59:40,664:INFO: - Found new best accuracy
2018-10-21 21:59:40,664:INFO: Epoch 15/30
2018-10-21 21:59:50,846:INFO: - Train metrics: accuracy: 0.831 ; loss: 0.363
2018-10-21 21:59:52,365:INFO: - Eval metrics : accuracy: 0.822 ; loss: 0.383
2018-10-21 21:59:52,369:INFO: - Found new best accuracy
2018-10-21 21:59:52,369:INFO: Epoch 16/30
2018-10-21 22:00:02,385:INFO: - Train metrics: accuracy: 0.833 ; loss: 0.362
2018-10-21 22:00:03,875:INFO: - Eval metrics : accuracy: 0.822 ; loss: 0.382
2018-10-21 22:00:03,912:INFO: - Found new best accuracy
2018-10-21 22:00:03,913:INFO: Epoch 17/30
2018-10-21 22:00:14,081:INFO: - Train metrics: accuracy: 0.836 ; loss: 0.360
2018-10-21 22:00:15,598:INFO: - Eval metrics : accuracy: 0.822 ; loss: 0.381
2018-10-21 22:00:15,638:INFO: Epoch 18/30
2018-10-21 22:00:25,702:INFO: - Train metrics: accuracy: 0.835 ; loss: 0.360
2018-10-21 22:00:27,295:INFO: - Eval metrics : accuracy: 0.822 ; loss: 0.380
2018-10-21 22:00:27,335:INFO: - Found new best accuracy
2018-10-21 22:00:27,336:INFO: Epoch 19/30
2018-10-21 22:00:37,538:INFO: - Train metrics: accuracy: 0.837 ; loss: 0.358
2018-10-21 22:00:39,170:INFO: - Eval metrics : accuracy: 0.823 ; loss: 0.380
2018-10-21 22:00:39,211:INFO: - Found new best accuracy
2018-10-21 22:00:39,212:INFO: Epoch 20/30
2018-10-21 22:00:49,198:INFO: - Train metrics: accuracy: 0.838 ; loss: 0.358
2018-10-21 22:00:50,752:INFO: - Eval metrics : accuracy: 0.823 ; loss: 0.379
2018-10-21 22:00:50,792:INFO: Epoch 21/30
2018-10-21 22:01:01,007:INFO: - Train metrics: accuracy: 0.838 ; loss: 0.357
2018-10-21 22:01:02,567:INFO: - Eval metrics : accuracy: 0.822 ; loss: 0.379
2018-10-21 22:01:02,605:INFO: Epoch 22/30
2018-10-21 22:01:12,944:INFO: - Train metrics: accuracy: 0.841 ; loss: 0.356
2018-10-21 22:01:14,545:INFO: - Eval metrics : accuracy: 0.822 ; loss: 0.379
2018-10-21 22:01:14,585:INFO: Epoch 23/30
2018-10-21 22:01:24,816:INFO: - Train metrics: accuracy: 0.838 ; loss: 0.356
2018-10-21 22:01:26,329:INFO: - Eval metrics : accuracy: 0.822 ; loss: 0.379
2018-10-21 22:01:26,370:INFO: Epoch 24/30
2018-10-21 22:01:36,540:INFO: - Train metrics: accuracy: 0.840 ; loss: 0.356
2018-10-21 22:01:38,052:INFO: - Eval metrics : accuracy: 0.823 ; loss: 0.379
2018-10-21 22:01:38,092:INFO: - Found new best accuracy
2018-10-21 22:01:38,092:INFO: Epoch 25/30
2018-10-21 22:01:48,278:INFO: - Train metrics: accuracy: 0.838 ; loss: 0.356
2018-10-21 22:01:49,925:INFO: - Eval metrics : accuracy: 0.823 ; loss: 0.379
2018-10-21 22:01:49,964:INFO: - Found new best accuracy
2018-10-21 22:01:49,965:INFO: Epoch 26/30
2018-10-21 22:02:00,093:INFO: - Train metrics: accuracy: 0.839 ; loss: 0.356
2018-10-21 22:02:01,908:INFO: - Eval metrics : accuracy: 0.823 ; loss: 0.379
2018-10-21 22:02:01,948:INFO: - Found new best accuracy
2018-10-21 22:02:01,949:INFO: Epoch 27/30
2018-10-21 22:02:12,126:INFO: - Train metrics: accuracy: 0.838 ; loss: 0.356
2018-10-21 22:02:13,845:INFO: - Eval metrics : accuracy: 0.823 ; loss: 0.378
2018-10-21 22:02:13,911:INFO: Epoch 28/30
2018-10-21 22:02:24,343:INFO: - Train metrics: accuracy: 0.839 ; loss: 0.356
2018-10-21 22:02:26,212:INFO: - Eval metrics : accuracy: 0.823 ; loss: 0.378
2018-10-21 22:02:26,254:INFO: Epoch 29/30
2018-10-21 22:02:36,437:INFO: - Train metrics: accuracy: 0.839 ; loss: 0.356
2018-10-21 22:02:38,254:INFO: - Eval metrics : accuracy: 0.823 ; loss: 0.378
2018-10-21 22:02:38,292:INFO: Epoch 30/30
2018-10-21 22:02:48,759:INFO: - Train metrics: accuracy: 0.840 ; loss: 0.355
2018-10-21 22:02:50,388:INFO: - Eval metrics : accuracy: 0.823 ; loss: 0.378
2018-10-21 22:02:50,426:INFO: Total time (minutes) =6.06811987956365
