2018-10-29 16:14:59,743:INFO: Loading the dataset ...
2018-10-29 16:15:00,081:INFO: - done.
2018-10-29 16:15:01,780:INFO: Starting evaluation
2018-10-29 16:15:03,639:INFO: Labels=[0. 0. 1. 0. 0. 0. 0. 1. 0. 1.]
2018-10-29 16:15:03,639:INFO: Out prob=[3.89432302e-04 8.38341713e-01 8.64112794e-01 8.97513390e-01
 5.35009086e-01 3.55392331e-05 8.83130915e-03 7.27781713e-01
 5.01676440e-01 8.61503959e-01]
2018-10-29 16:15:03,639:INFO: ------------------------------------------------------------------------------------------------------------------------
2018-10-29 16:15:03,639:INFO: len labels after =15872
2018-10-29 16:15:03,639:INFO: len out_prob after15872
2018-10-29 16:15:03,639:INFO: length y_test=15872
2018-10-29 16:15:03,639:INFO: Lenght y_score=15872
2018-10-29 16:15:03,644:INFO: Length y_score 15872
2018-10-29 16:15:03,644:INFO: Length y_test 15872
2018-10-29 16:15:03,644:INFO: Thresholds[0:6] = 
 [0.97515321 0.97374582 0.97137791 0.97090244 0.96973163 0.96889526]
2018-10-29 16:15:03,644:INFO: Thresholds lenght = 
15865
2018-10-29 16:15:03,644:INFO: fpr lenght15865
2018-10-29 16:15:03,644:INFO: tpr lenght15865
2018-10-29 16:15:03,709:INFO: ------------------------------------------------------------------------------------------------------------------------
2018-10-29 16:15:03,715:INFO: roc_auc=0.8697229994695466
2018-10-29 16:15:03,715:INFO: ------------------------------------------------------------------------------------------------------------------------
2018-10-29 16:15:03,716:INFO: - Eval metrics : accuracy: 0.78780 ; loss: 0.43738
