2018-10-29 18:03:52,053:INFO: Loading the dataset ...
2018-10-29 18:03:52,352:INFO: - done.
2018-10-29 18:03:54,117:INFO: Starting evaluation
2018-10-29 18:03:55,018:INFO: Labels=[0. 0. 1. 0. 0. 0. 0. 1. 0. 1.]
2018-10-29 18:03:55,018:INFO: Out prob=[3.06720831e-05 7.97126234e-01 8.91818881e-01 7.78468490e-01
 7.87921369e-01 8.87005008e-05 2.08180398e-02 7.22201824e-01
 6.60929143e-01 8.66357505e-01]
2018-10-29 18:03:55,018:INFO: ------------------------------------------------------------------------------------------------------------------------
2018-10-29 18:03:55,018:INFO: len labels after =15360
2018-10-29 18:03:55,018:INFO: len out_prob after15360
2018-10-29 18:03:55,019:INFO: length y_test=15360
2018-10-29 18:03:55,019:INFO: Lenght y_score=15360
2018-10-29 18:03:55,022:INFO: Length y_score 15360
2018-10-29 18:03:55,022:INFO: Length y_test 15360
2018-10-29 18:03:55,022:INFO: Thresholds[0:6] = 
 [0.97220314 0.97139752 0.97064394 0.96846586 0.96717685 0.96716499]
2018-10-29 18:03:55,022:INFO: Thresholds lenght = 
15351
2018-10-29 18:03:55,022:INFO: fpr lenght15351
2018-10-29 18:03:55,022:INFO: tpr lenght15351
2018-10-29 18:03:55,068:INFO: ------------------------------------------------------------------------------------------------------------------------
2018-10-29 18:03:55,072:INFO: roc_auc=0.8616943505468471
2018-10-29 18:03:55,072:INFO: ------------------------------------------------------------------------------------------------------------------------
2018-10-29 18:03:55,073:INFO: - Eval metrics : accuracy: 0.77858 ; loss: 0.44930
