2018-10-21 22:01:26,022:INFO: Loading the dataset ...
2018-10-21 22:01:26,282:INFO: - done.
2018-10-21 22:01:30,399:INFO: Starting evaluation
2018-10-21 22:01:32,280:INFO: Labels=[0. 0. 1. 0. 0. 0. 0. 1. 0. 1.]
2018-10-21 22:01:32,280:INFO: Out prob=[0.16523679 0.32233322 0.37535512 0.52952194 0.70170128 0.00934022
 0.08898658 0.85568702 0.48866835 0.95133829]
2018-10-21 22:01:32,281:INFO: ------------------------------------------------------------------------------------------------------------------------
2018-10-21 22:01:32,281:INFO: len labels after =15360
2018-10-21 22:01:32,281:INFO: len out_prob after15360
2018-10-21 22:01:32,281:INFO: length y_test=15360
2018-10-21 22:01:32,281:INFO: Lenght y_score=15360
2018-10-21 22:01:32,285:INFO: Length y_score 15360
2018-10-21 22:01:32,285:INFO: Length y_test 15360
2018-10-21 22:01:32,285:INFO: Thresholds[0:6] = 
 [0.99160343 0.9896825  0.9849304  0.98021954 0.97878498 0.9781794 ]
2018-10-21 22:01:32,285:INFO: Thresholds lenght = 
15347
2018-10-21 22:01:32,285:INFO: fpr lenght15347
2018-10-21 22:01:32,286:INFO: tpr lenght15347
2018-10-21 22:01:32,351:INFO: ------------------------------------------------------------------------------------------------------------------------
2018-10-21 22:01:32,356:INFO: roc_auc=0.8791924774033013
2018-10-21 22:01:32,356:INFO: ------------------------------------------------------------------------------------------------------------------------
2018-10-21 22:01:32,357:INFO: - Eval metrics : accuracy: 0.803 ; loss: 0.428
