2018-10-21 21:55:20,750:INFO: sample_name=top_qcd_jets_antikt_kt__40000_Njets_1024_batch
2018-10-21 21:55:20,750:INFO: ------------------------------------------------------------
2018-10-21 21:55:20,751:INFO: Loading the datasets...
2018-10-21 21:55:21,889:INFO: - done loading the datasets
2018-10-21 21:55:21,889:INFO: ------------------------------------------------------------
2018-10-21 21:55:25,901:INFO: Building optimizer...
2018-10-21 21:55:25,902:INFO: Starting training for 30 epoch(s)
2018-10-21 21:55:25,902:INFO: Epoch 1/30
2018-10-21 21:55:36,980:INFO: - Train metrics: accuracy: 0.519 ; loss: 0.898
2018-10-21 21:55:38,710:INFO: - Eval metrics : accuracy: 0.518 ; loss: 0.692
2018-10-21 21:55:38,799:INFO: - Found new best accuracy
2018-10-21 21:55:38,799:INFO: Epoch 2/30
2018-10-21 21:55:49,730:INFO: - Train metrics: accuracy: 0.504 ; loss: 0.694
2018-10-21 21:55:51,615:INFO: - Eval metrics : accuracy: 0.627 ; loss: 0.664
2018-10-21 21:55:51,659:INFO: - Found new best accuracy
2018-10-21 21:55:51,661:INFO: Epoch 3/30
2018-10-21 21:56:02,262:INFO: - Train metrics: accuracy: 0.625 ; loss: 0.668
2018-10-21 21:56:04,076:INFO: - Eval metrics : accuracy: 0.568 ; loss: 0.683
2018-10-21 21:56:04,114:INFO: Epoch 4/30
2018-10-21 21:56:15,070:INFO: - Train metrics: accuracy: 0.563 ; loss: 0.692
2018-10-21 21:56:16,795:INFO: - Eval metrics : accuracy: 0.727 ; loss: 0.570
2018-10-21 21:56:16,835:INFO: - Found new best accuracy
2018-10-21 21:56:16,836:INFO: Epoch 5/30
2018-10-21 21:56:27,809:INFO: - Train metrics: accuracy: 0.727 ; loss: 0.563
2018-10-21 21:56:29,629:INFO: - Eval metrics : accuracy: 0.785 ; loss: 0.465
2018-10-21 21:56:29,634:INFO: - Found new best accuracy
2018-10-21 21:56:29,635:INFO: Epoch 6/30
2018-10-21 21:56:40,801:INFO: - Train metrics: accuracy: 0.793 ; loss: 0.451
2018-10-21 21:56:42,347:INFO: - Eval metrics : accuracy: 0.774 ; loss: 0.476
2018-10-21 21:56:42,386:INFO: Epoch 7/30
2018-10-21 21:56:53,135:INFO: - Train metrics: accuracy: 0.789 ; loss: 0.463
2018-10-21 21:56:54,442:INFO: - Eval metrics : accuracy: 0.795 ; loss: 0.438
2018-10-21 21:56:54,445:INFO: - Found new best accuracy
2018-10-21 21:56:54,446:INFO: Epoch 8/30
2018-10-21 21:57:05,017:INFO: - Train metrics: accuracy: 0.803 ; loss: 0.426
2018-10-21 21:57:06,827:INFO: - Eval metrics : accuracy: 0.799 ; loss: 0.434
2018-10-21 21:57:06,863:INFO: - Found new best accuracy
2018-10-21 21:57:06,864:INFO: Epoch 9/30
2018-10-21 21:57:17,028:INFO: - Train metrics: accuracy: 0.803 ; loss: 0.422
2018-10-21 21:57:18,522:INFO: - Eval metrics : accuracy: 0.799 ; loss: 0.433
2018-10-21 21:57:18,560:INFO: - Found new best accuracy
2018-10-21 21:57:18,560:INFO: Epoch 10/30
2018-10-21 21:57:28,861:INFO: - Train metrics: accuracy: 0.804 ; loss: 0.420
2018-10-21 21:57:30,384:INFO: - Eval metrics : accuracy: 0.801 ; loss: 0.431
2018-10-21 21:57:30,436:INFO: - Found new best accuracy
2018-10-21 21:57:30,437:INFO: Epoch 11/30
2018-10-21 21:57:40,661:INFO: - Train metrics: accuracy: 0.796 ; loss: 0.418
2018-10-21 21:57:42,184:INFO: - Eval metrics : accuracy: 0.801 ; loss: 0.431
2018-10-21 21:57:42,229:INFO: - Found new best accuracy
2018-10-21 21:57:42,230:INFO: Epoch 12/30
2018-10-21 21:57:53,203:INFO: - Train metrics: accuracy: 0.801 ; loss: 0.418
2018-10-21 21:57:54,715:INFO: - Eval metrics : accuracy: 0.802 ; loss: 0.430
2018-10-21 21:57:54,718:INFO: - Found new best accuracy
2018-10-21 21:57:54,719:INFO: Epoch 13/30
2018-10-21 21:58:05,382:INFO: - Train metrics: accuracy: 0.802 ; loss: 0.417
2018-10-21 21:58:06,893:INFO: - Eval metrics : accuracy: 0.801 ; loss: 0.430
2018-10-21 21:58:06,934:INFO: Epoch 14/30
2018-10-21 21:58:17,083:INFO: - Train metrics: accuracy: 0.797 ; loss: 0.417
2018-10-21 21:58:18,601:INFO: - Eval metrics : accuracy: 0.801 ; loss: 0.429
2018-10-21 21:58:18,640:INFO: Epoch 15/30
2018-10-21 21:58:28,363:INFO: - Train metrics: accuracy: 0.797 ; loss: 0.416
2018-10-21 21:58:29,774:INFO: - Eval metrics : accuracy: 0.801 ; loss: 0.429
2018-10-21 21:58:29,804:INFO: Epoch 16/30
2018-10-21 21:58:39,812:INFO: - Train metrics: accuracy: 0.798 ; loss: 0.415
2018-10-21 21:58:41,297:INFO: - Eval metrics : accuracy: 0.801 ; loss: 0.429
2018-10-21 21:58:41,334:INFO: Epoch 17/30
2018-10-21 21:58:51,381:INFO: - Train metrics: accuracy: 0.798 ; loss: 0.415
2018-10-21 21:58:52,889:INFO: - Eval metrics : accuracy: 0.801 ; loss: 0.429
2018-10-21 21:58:52,931:INFO: Epoch 18/30
2018-10-21 21:59:03,870:INFO: - Train metrics: accuracy: 0.798 ; loss: 0.415
2018-10-21 21:59:05,329:INFO: - Eval metrics : accuracy: 0.802 ; loss: 0.429
2018-10-21 21:59:05,332:INFO: Epoch 19/30
2018-10-21 21:59:15,273:INFO: - Train metrics: accuracy: 0.799 ; loss: 0.415
2018-10-21 21:59:16,790:INFO: - Eval metrics : accuracy: 0.802 ; loss: 0.429
2018-10-21 21:59:16,793:INFO: Epoch 20/30
2018-10-21 21:59:26,007:INFO: - Train metrics: accuracy: 0.801 ; loss: 0.415
2018-10-21 21:59:27,257:INFO: - Eval metrics : accuracy: 0.802 ; loss: 0.429
2018-10-21 21:59:27,261:INFO: - Found new best accuracy
2018-10-21 21:59:27,261:INFO: Epoch 21/30
2018-10-21 21:59:37,042:INFO: - Train metrics: accuracy: 0.799 ; loss: 0.415
2018-10-21 21:59:38,562:INFO: - Eval metrics : accuracy: 0.802 ; loss: 0.429
2018-10-21 21:59:38,599:INFO: Epoch 22/30
2018-10-21 21:59:48,281:INFO: - Train metrics: accuracy: 0.799 ; loss: 0.415
2018-10-21 21:59:49,789:INFO: - Eval metrics : accuracy: 0.801 ; loss: 0.429
2018-10-21 21:59:49,825:INFO: Epoch 23/30
2018-10-21 22:00:00,065:INFO: - Train metrics: accuracy: 0.798 ; loss: 0.415
2018-10-21 22:00:01,570:INFO: - Eval metrics : accuracy: 0.801 ; loss: 0.429
2018-10-21 22:00:01,610:INFO: Epoch 24/30
2018-10-21 22:00:11,861:INFO: - Train metrics: accuracy: 0.798 ; loss: 0.415
2018-10-21 22:00:13,332:INFO: - Eval metrics : accuracy: 0.801 ; loss: 0.429
2018-10-21 22:00:13,369:INFO: Epoch 25/30
2018-10-21 22:00:23,209:INFO: - Train metrics: accuracy: 0.798 ; loss: 0.415
2018-10-21 22:00:24,700:INFO: - Eval metrics : accuracy: 0.801 ; loss: 0.429
2018-10-21 22:00:24,741:INFO: Epoch 26/30
2018-10-21 22:00:34,799:INFO: - Train metrics: accuracy: 0.798 ; loss: 0.415
2018-10-21 22:00:36,252:INFO: - Eval metrics : accuracy: 0.801 ; loss: 0.429
2018-10-21 22:00:36,255:INFO: Epoch 27/30
2018-10-21 22:00:46,281:INFO: - Train metrics: accuracy: 0.798 ; loss: 0.415
2018-10-21 22:00:47,791:INFO: - Eval metrics : accuracy: 0.802 ; loss: 0.429
2018-10-21 22:00:47,832:INFO: Epoch 28/30
2018-10-21 22:00:58,697:INFO: - Train metrics: accuracy: 0.798 ; loss: 0.415
2018-10-21 22:01:00,480:INFO: - Eval metrics : accuracy: 0.802 ; loss: 0.429
2018-10-21 22:01:00,519:INFO: Epoch 29/30
2018-10-21 22:01:10,849:INFO: - Train metrics: accuracy: 0.798 ; loss: 0.415
2018-10-21 22:01:12,309:INFO: - Eval metrics : accuracy: 0.802 ; loss: 0.429
2018-10-21 22:01:12,345:INFO: Epoch 30/30
2018-10-21 22:01:22,643:INFO: - Train metrics: accuracy: 0.798 ; loss: 0.415
2018-10-21 22:01:24,152:INFO: - Eval metrics : accuracy: 0.802 ; loss: 0.429
2018-10-21 22:01:24,188:INFO: Total time (minutes) =6.057303861776988
