2018-11-06 19:38:30,287:INFO: Loading the dataset ...
2018-11-06 19:38:30,937:INFO: - done.
2018-11-06 19:38:32,505:INFO: Starting evaluation
2018-11-06 19:38:37,774:INFO: Labels=[1. 0. 0. 0. 1. 0. 0. 1. 1. 0.]
2018-11-06 19:38:37,775:INFO: Out prob=[6.40828967e-01 8.50263459e-04 3.18268910e-02 1.13437161e-01
 9.98720050e-01 1.55141166e-07 2.11208891e-02 8.73002529e-01
 9.72047687e-01 1.17722163e-02]
2018-11-06 19:38:37,775:INFO: ------------------------------------------------------------------------------------------------------------------------
2018-11-06 19:38:37,775:INFO: len labels after =32000
2018-11-06 19:38:37,775:INFO: len out_prob after32000
2018-11-06 19:38:37,775:INFO: length y_test=32000
2018-11-06 19:38:37,775:INFO: Lenght y_score=32000
2018-11-06 19:38:37,780:INFO: Length y_score 32000
2018-11-06 19:38:37,780:INFO: Length y_test 32000
2018-11-06 19:38:37,781:INFO: Thresholds[0:6] = 
 [0.99988675 0.99984622 0.99974245 0.99973422 0.9997341  0.99968147]
2018-11-06 19:38:37,781:INFO: Thresholds lenght = 
31916
2018-11-06 19:38:37,781:INFO: fpr lenght31916
2018-11-06 19:38:37,781:INFO: tpr lenght31916
2018-11-06 19:38:37,915:INFO: ------------------------------------------------------------------------------------------------------------------------
2018-11-06 19:38:37,922:INFO: roc_auc=0.9378250446790041
2018-11-06 19:38:37,923:INFO: ------------------------------------------------------------------------------------------------------------------------
2018-11-06 19:38:37,923:INFO: - Eval metrics : accuracy: 0.86294 ; loss: 0.31865
