2018-10-29 18:33:06,082:INFO: Loading the dataset ...
2018-10-29 18:33:06,400:INFO: - done.
2018-10-29 18:33:08,057:INFO: Starting evaluation
2018-10-29 18:33:09,039:INFO: Labels=[0. 0. 1. 0. 0. 0. 0. 1. 0. 1.]
2018-10-29 18:33:09,039:INFO: Out prob=[5.74838268e-05 8.19821298e-01 8.80877674e-01 7.17565656e-01
 8.04734170e-01 1.22403726e-04 2.90954579e-02 7.65365005e-01
 5.57669520e-01 8.28341365e-01]
2018-10-29 18:33:09,039:INFO: ------------------------------------------------------------------------------------------------------------------------
2018-10-29 18:33:09,039:INFO: len labels after =15360
2018-10-29 18:33:09,039:INFO: len out_prob after15360
2018-10-29 18:33:09,039:INFO: length y_test=15360
2018-10-29 18:33:09,039:INFO: Lenght y_score=15360
2018-10-29 18:33:09,042:INFO: Length y_score 15360
2018-10-29 18:33:09,042:INFO: Length y_test 15360
2018-10-29 18:33:09,042:INFO: Thresholds[0:6] = 
 [0.98087317 0.97794181 0.97730815 0.97724086 0.9761228  0.97293258]
2018-10-29 18:33:09,043:INFO: Thresholds lenght = 
15349
2018-10-29 18:33:09,043:INFO: fpr lenght15349
2018-10-29 18:33:09,043:INFO: tpr lenght15349
2018-10-29 18:33:09,088:INFO: ------------------------------------------------------------------------------------------------------------------------
2018-10-29 18:33:09,092:INFO: roc_auc=0.8616430979689382
2018-10-29 18:33:09,092:INFO: ------------------------------------------------------------------------------------------------------------------------
2018-10-29 18:33:09,093:INFO: - Eval metrics : accuracy: 0.78281 ; loss: 0.44984
