2018-10-29 18:31:02,784:INFO: search_hyperparam_sample_name=top_qcd_jets_antikt_kt__40000_Njets_1024_batch
2018-10-29 18:31:02,785:INFO: ------------------------------------------------------------
2018-10-29 18:31:02,785:INFO: Loading the datasets...
2018-10-29 18:31:03,847:INFO: - done loading the datasets
2018-10-29 18:31:03,847:INFO: ------------------------------------------------------------
2018-10-29 18:31:05,406:INFO: Building optimizer...
2018-10-29 18:31:05,406:INFO: Starting training for 35 epoch(s)
2018-10-29 18:31:05,406:INFO: Epoch 1/35
2018-10-29 18:31:08,519:INFO: - Train metrics: accuracy: 0.519 ; loss: 1.946
2018-10-29 18:31:09,171:INFO: - Eval metrics : accuracy: 0.658 ; loss: 0.599
2018-10-29 18:31:09,186:INFO: - Found new best accuracy
2018-10-29 18:31:09,186:INFO: Epoch 2/35
2018-10-29 18:31:11,863:INFO: - Train metrics: accuracy: 0.679 ; loss: 0.585
2018-10-29 18:31:12,421:INFO: - Eval metrics : accuracy: 0.742 ; loss: 0.526
2018-10-29 18:31:12,455:INFO: - Found new best accuracy
2018-10-29 18:31:12,455:INFO: Epoch 3/35
2018-10-29 18:31:15,392:INFO: - Train metrics: accuracy: 0.754 ; loss: 0.508
2018-10-29 18:31:16,110:INFO: - Eval metrics : accuracy: 0.754 ; loss: 0.503
2018-10-29 18:31:16,148:INFO: - Found new best accuracy
2018-10-29 18:31:16,149:INFO: Epoch 4/35
2018-10-29 18:31:18,997:INFO: - Train metrics: accuracy: 0.763 ; loss: 0.484
2018-10-29 18:31:19,612:INFO: - Eval metrics : accuracy: 0.760 ; loss: 0.493
2018-10-29 18:31:19,651:INFO: - Found new best accuracy
2018-10-29 18:31:19,651:INFO: Epoch 5/35
2018-10-29 18:31:22,725:INFO: - Train metrics: accuracy: 0.769 ; loss: 0.476
2018-10-29 18:31:23,441:INFO: - Eval metrics : accuracy: 0.763 ; loss: 0.485
2018-10-29 18:31:23,485:INFO: - Found new best accuracy
2018-10-29 18:31:23,486:INFO: Epoch 6/35
2018-10-29 18:31:26,141:INFO: - Train metrics: accuracy: 0.773 ; loss: 0.467
2018-10-29 18:31:26,674:INFO: - Eval metrics : accuracy: 0.765 ; loss: 0.478
2018-10-29 18:31:26,713:INFO: - Found new best accuracy
2018-10-29 18:31:26,713:INFO: Epoch 7/35
2018-10-29 18:31:29,264:INFO: - Train metrics: accuracy: 0.782 ; loss: 0.457
2018-10-29 18:31:29,922:INFO: - Eval metrics : accuracy: 0.767 ; loss: 0.471
2018-10-29 18:31:29,957:INFO: - Found new best accuracy
2018-10-29 18:31:29,957:INFO: Epoch 8/35
2018-10-29 18:31:32,927:INFO: - Train metrics: accuracy: 0.786 ; loss: 0.446
2018-10-29 18:31:33,717:INFO: - Eval metrics : accuracy: 0.771 ; loss: 0.464
2018-10-29 18:31:33,759:INFO: - Found new best accuracy
2018-10-29 18:31:33,760:INFO: Epoch 9/35
2018-10-29 18:31:36,488:INFO: - Train metrics: accuracy: 0.795 ; loss: 0.438
2018-10-29 18:31:37,066:INFO: - Eval metrics : accuracy: 0.772 ; loss: 0.459
2018-10-29 18:31:37,107:INFO: - Found new best accuracy
2018-10-29 18:31:37,107:INFO: Epoch 10/35
2018-10-29 18:31:39,926:INFO: - Train metrics: accuracy: 0.795 ; loss: 0.432
2018-10-29 18:31:40,460:INFO: - Eval metrics : accuracy: 0.775 ; loss: 0.457
2018-10-29 18:31:40,488:INFO: - Found new best accuracy
2018-10-29 18:31:40,489:INFO: Epoch 11/35
2018-10-29 18:31:43,042:INFO: - Train metrics: accuracy: 0.793 ; loss: 0.428
2018-10-29 18:31:43,592:INFO: - Eval metrics : accuracy: 0.776 ; loss: 0.455
2018-10-29 18:31:43,631:INFO: - Found new best accuracy
2018-10-29 18:31:43,632:INFO: Epoch 12/35
2018-10-29 18:31:46,332:INFO: - Train metrics: accuracy: 0.795 ; loss: 0.426
2018-10-29 18:31:47,013:INFO: - Eval metrics : accuracy: 0.778 ; loss: 0.453
2018-10-29 18:31:47,046:INFO: - Found new best accuracy
2018-10-29 18:31:47,046:INFO: Epoch 13/35
2018-10-29 18:31:49,919:INFO: - Train metrics: accuracy: 0.794 ; loss: 0.425
2018-10-29 18:31:50,636:INFO: - Eval metrics : accuracy: 0.778 ; loss: 0.452
2018-10-29 18:31:50,665:INFO: - Found new best accuracy
2018-10-29 18:31:50,665:INFO: Epoch 14/35
2018-10-29 18:31:53,569:INFO: - Train metrics: accuracy: 0.793 ; loss: 0.425
2018-10-29 18:31:54,228:INFO: - Eval metrics : accuracy: 0.778 ; loss: 0.451
2018-10-29 18:31:54,254:INFO: - Found new best accuracy
2018-10-29 18:31:54,254:INFO: Epoch 15/35
2018-10-29 18:31:57,082:INFO: - Train metrics: accuracy: 0.798 ; loss: 0.425
2018-10-29 18:31:57,686:INFO: - Eval metrics : accuracy: 0.779 ; loss: 0.450
2018-10-29 18:31:57,728:INFO: - Found new best accuracy
2018-10-29 18:31:57,728:INFO: Epoch 16/35
2018-10-29 18:32:00,307:INFO: - Train metrics: accuracy: 0.801 ; loss: 0.424
2018-10-29 18:32:00,851:INFO: - Eval metrics : accuracy: 0.779 ; loss: 0.449
2018-10-29 18:32:00,853:INFO: - Found new best accuracy
2018-10-29 18:32:00,854:INFO: Epoch 17/35
2018-10-29 18:32:03,329:INFO: - Train metrics: accuracy: 0.801 ; loss: 0.424
2018-10-29 18:32:03,960:INFO: - Eval metrics : accuracy: 0.779 ; loss: 0.449
2018-10-29 18:32:03,998:INFO: - Found new best accuracy
2018-10-29 18:32:03,999:INFO: Epoch 18/35
2018-10-29 18:32:06,607:INFO: - Train metrics: accuracy: 0.801 ; loss: 0.423
2018-10-29 18:32:07,175:INFO: - Eval metrics : accuracy: 0.780 ; loss: 0.449
2018-10-29 18:32:07,209:INFO: - Found new best accuracy
2018-10-29 18:32:07,210:INFO: Epoch 19/35
2018-10-29 18:32:09,744:INFO: - Train metrics: accuracy: 0.801 ; loss: 0.423
2018-10-29 18:32:10,314:INFO: - Eval metrics : accuracy: 0.780 ; loss: 0.448
2018-10-29 18:32:10,316:INFO: - Found new best accuracy
2018-10-29 18:32:10,316:INFO: Epoch 20/35
2018-10-29 18:32:13,077:INFO: - Train metrics: accuracy: 0.799 ; loss: 0.422
2018-10-29 18:32:13,665:INFO: - Eval metrics : accuracy: 0.780 ; loss: 0.448
2018-10-29 18:32:13,701:INFO: - Found new best accuracy
2018-10-29 18:32:13,701:INFO: Epoch 21/35
2018-10-29 18:32:16,238:INFO: - Train metrics: accuracy: 0.799 ; loss: 0.422
2018-10-29 18:32:16,962:INFO: - Eval metrics : accuracy: 0.780 ; loss: 0.448
2018-10-29 18:32:16,990:INFO: - Found new best accuracy
2018-10-29 18:32:16,991:INFO: Epoch 22/35
2018-10-29 18:32:19,634:INFO: - Train metrics: accuracy: 0.799 ; loss: 0.421
2018-10-29 18:32:20,237:INFO: - Eval metrics : accuracy: 0.781 ; loss: 0.448
2018-10-29 18:32:20,280:INFO: - Found new best accuracy
2018-10-29 18:32:20,280:INFO: Epoch 23/35
2018-10-29 18:32:22,801:INFO: - Train metrics: accuracy: 0.799 ; loss: 0.421
2018-10-29 18:32:23,347:INFO: - Eval metrics : accuracy: 0.781 ; loss: 0.448
2018-10-29 18:32:23,374:INFO: - Found new best accuracy
2018-10-29 18:32:23,374:INFO: Epoch 24/35
2018-10-29 18:32:26,035:INFO: - Train metrics: accuracy: 0.799 ; loss: 0.421
2018-10-29 18:32:26,769:INFO: - Eval metrics : accuracy: 0.781 ; loss: 0.448
2018-10-29 18:32:26,805:INFO: - Found new best accuracy
2018-10-29 18:32:26,805:INFO: Epoch 25/35
2018-10-29 18:32:29,644:INFO: - Train metrics: accuracy: 0.799 ; loss: 0.421
2018-10-29 18:32:30,329:INFO: - Eval metrics : accuracy: 0.781 ; loss: 0.447
2018-10-29 18:32:30,370:INFO: - Found new best accuracy
2018-10-29 18:32:30,370:INFO: Epoch 26/35
2018-10-29 18:32:33,171:INFO: - Train metrics: accuracy: 0.799 ; loss: 0.421
2018-10-29 18:32:33,895:INFO: - Eval metrics : accuracy: 0.781 ; loss: 0.447
2018-10-29 18:32:33,938:INFO: - Found new best accuracy
2018-10-29 18:32:33,939:INFO: Epoch 27/35
2018-10-29 18:32:36,976:INFO: - Train metrics: accuracy: 0.799 ; loss: 0.420
2018-10-29 18:32:37,549:INFO: - Eval metrics : accuracy: 0.781 ; loss: 0.447
2018-10-29 18:32:37,590:INFO: - Found new best accuracy
2018-10-29 18:32:37,591:INFO: Epoch 28/35
2018-10-29 18:32:40,101:INFO: - Train metrics: accuracy: 0.800 ; loss: 0.420
2018-10-29 18:32:40,772:INFO: - Eval metrics : accuracy: 0.781 ; loss: 0.447
2018-10-29 18:32:40,813:INFO: Epoch 29/35
2018-10-29 18:32:43,593:INFO: - Train metrics: accuracy: 0.800 ; loss: 0.420
2018-10-29 18:32:44,082:INFO: - Eval metrics : accuracy: 0.781 ; loss: 0.447
2018-10-29 18:32:44,115:INFO: - Found new best accuracy
2018-10-29 18:32:44,116:INFO: Epoch 30/35
2018-10-29 18:32:46,714:INFO: - Train metrics: accuracy: 0.800 ; loss: 0.420
2018-10-29 18:32:47,271:INFO: - Eval metrics : accuracy: 0.781 ; loss: 0.447
2018-10-29 18:32:47,309:INFO: Epoch 31/35
2018-10-29 18:32:49,756:INFO: - Train metrics: accuracy: 0.800 ; loss: 0.420
2018-10-29 18:32:50,457:INFO: - Eval metrics : accuracy: 0.781 ; loss: 0.447
2018-10-29 18:32:50,495:INFO: - Found new best accuracy
2018-10-29 18:32:50,496:INFO: Epoch 32/35
2018-10-29 18:32:53,464:INFO: - Train metrics: accuracy: 0.800 ; loss: 0.420
2018-10-29 18:32:54,153:INFO: - Eval metrics : accuracy: 0.781 ; loss: 0.447
2018-10-29 18:32:54,193:INFO: Epoch 33/35
2018-10-29 18:32:57,196:INFO: - Train metrics: accuracy: 0.800 ; loss: 0.420
2018-10-29 18:32:57,817:INFO: - Eval metrics : accuracy: 0.781 ; loss: 0.447
2018-10-29 18:32:57,869:INFO: - Found new best accuracy
2018-10-29 18:32:57,870:INFO: Epoch 34/35
2018-10-29 18:33:00,436:INFO: - Train metrics: accuracy: 0.800 ; loss: 0.420
2018-10-29 18:33:00,911:INFO: - Eval metrics : accuracy: 0.781 ; loss: 0.447
2018-10-29 18:33:00,947:INFO: - Found new best accuracy
2018-10-29 18:33:00,948:INFO: Epoch 35/35
2018-10-29 18:33:03,601:INFO: - Train metrics: accuracy: 0.800 ; loss: 0.420
2018-10-29 18:33:04,148:INFO: - Eval metrics : accuracy: 0.781 ; loss: 0.447
2018-10-29 18:33:04,190:INFO: - Found new best accuracy
2018-10-29 18:33:04,192:INFO: Total time (minutes) =2.0234511057535807
