2018-10-21 11:34:35,057:INFO: Loading the dataset ...
2018-10-21 11:34:35,482:INFO: - done.
2018-10-21 11:34:39,452:INFO: Starting evaluation
2018-10-21 11:34:53,887:INFO: Labels=[0. 0. 1. 0. 0. 0. 0. 1. 0. 1.]
2018-10-21 11:34:53,887:INFO: Out prob=[1.61597520e-01 3.07084918e-01 6.78221107e-01 8.02831948e-01
 8.92323732e-01 9.70914494e-04 4.15701186e-03 9.23174739e-01
 3.77635211e-01 9.74738598e-01]
2018-10-21 11:34:53,887:INFO: ------------------------------------------------------------------------------------------------------------------------
2018-10-21 11:34:53,887:INFO: len labels after =16000
2018-10-21 11:34:53,887:INFO: len out_prob after16000
2018-10-21 11:34:53,887:INFO: length y_test=16000
2018-10-21 11:34:53,888:INFO: Lenght y_score=16000
2018-10-21 11:34:53,891:INFO: Length y_score 16000
2018-10-21 11:34:53,891:INFO: Length y_test 16000
2018-10-21 11:34:53,891:INFO: Thresholds[0:6] = 
 [0.99993396 0.99949777 0.99932039 0.9992488  0.99907577 0.99904698]
2018-10-21 11:34:53,891:INFO: Thresholds lenght = 
15992
2018-10-21 11:34:53,891:INFO: fpr lenght15992
2018-10-21 11:34:53,891:INFO: tpr lenght15992
2018-10-21 11:34:53,937:INFO: ------------------------------------------------------------------------------------------------------------------------
2018-10-21 11:34:53,941:INFO: roc_auc=0.9157448346210131
2018-10-21 11:34:53,941:INFO: ------------------------------------------------------------------------------------------------------------------------
2018-10-21 11:34:53,942:INFO: - Eval metrics : accuracy: 0.835 ; loss: 0.363
