2018-10-20 20:49:24,013:INFO: sample_name=top_qcd_jets_antikt_kt__40000_Njets_64_batch
2018-10-20 20:49:24,014:INFO: ------------------------------------------------------------
2018-10-20 20:49:24,014:INFO: Loading the datasets...
2018-10-20 20:49:25,582:INFO: - done loading the datasets
2018-10-20 20:49:25,582:INFO: ------------------------------------------------------------
2018-10-20 20:49:29,981:INFO: Building optimizer...
2018-10-20 20:49:29,982:INFO: Starting training for 30 epoch(s)
2018-10-20 20:49:29,982:INFO: Epoch 1/30
2018-10-20 20:51:30,533:INFO: - Train metrics: accuracy: 0.630 ; loss: 0.635
2018-10-20 20:51:44,566:INFO: - Eval metrics : accuracy: 0.712 ; loss: 0.512
2018-10-20 20:51:44,628:INFO: - Found new best accuracy
2018-10-20 20:51:44,628:INFO: Epoch 2/30
2018-10-20 20:53:43,802:INFO: - Train metrics: accuracy: 0.737 ; loss: 0.529
2018-10-20 20:53:57,892:INFO: - Eval metrics : accuracy: 0.802 ; loss: 0.461
2018-10-20 20:53:57,931:INFO: - Found new best accuracy
2018-10-20 20:53:57,932:INFO: Epoch 3/30
2018-10-20 20:55:57,280:INFO: - Train metrics: accuracy: 0.807 ; loss: 0.416
2018-10-20 20:56:14,784:INFO: - Eval metrics : accuracy: 0.815 ; loss: 0.403
2018-10-20 20:56:14,812:INFO: - Found new best accuracy
2018-10-20 20:56:14,813:INFO: Epoch 4/30
2018-10-20 20:58:14,513:INFO: - Train metrics: accuracy: 0.828 ; loss: 0.383
2018-10-20 20:58:28,605:INFO: - Eval metrics : accuracy: 0.819 ; loss: 0.395
2018-10-20 20:58:28,608:INFO: - Found new best accuracy
2018-10-20 20:58:28,608:INFO: Epoch 5/30
2018-10-20 21:00:30,113:INFO: - Train metrics: accuracy: 0.823 ; loss: 0.370
2018-10-20 21:00:44,201:INFO: - Eval metrics : accuracy: 0.822 ; loss: 0.382
2018-10-20 21:00:44,244:INFO: - Found new best accuracy
2018-10-20 21:00:44,245:INFO: Epoch 6/30
2018-10-20 21:02:43,413:INFO: - Train metrics: accuracy: 0.844 ; loss: 0.362
2018-10-20 21:02:57,523:INFO: - Eval metrics : accuracy: 0.822 ; loss: 0.380
2018-10-20 21:02:57,565:INFO: Epoch 7/30
2018-10-20 21:04:56,659:INFO: - Train metrics: accuracy: 0.846 ; loss: 0.356
2018-10-20 21:05:10,721:INFO: - Eval metrics : accuracy: 0.825 ; loss: 0.376
2018-10-20 21:05:10,758:INFO: - Found new best accuracy
2018-10-20 21:05:10,758:INFO: Epoch 8/30
2018-10-20 21:07:09,771:INFO: - Train metrics: accuracy: 0.849 ; loss: 0.353
2018-10-20 21:07:23,870:INFO: - Eval metrics : accuracy: 0.827 ; loss: 0.371
2018-10-20 21:07:23,909:INFO: - Found new best accuracy
2018-10-20 21:07:23,910:INFO: Epoch 9/30
2018-10-20 21:09:23,141:INFO: - Train metrics: accuracy: 0.849 ; loss: 0.349
2018-10-20 21:09:37,195:INFO: - Eval metrics : accuracy: 0.831 ; loss: 0.369
2018-10-20 21:09:37,236:INFO: - Found new best accuracy
2018-10-20 21:09:37,236:INFO: Epoch 10/30
2018-10-20 21:11:38,621:INFO: - Train metrics: accuracy: 0.852 ; loss: 0.344
2018-10-20 21:11:52,667:INFO: - Eval metrics : accuracy: 0.833 ; loss: 0.368
2018-10-20 21:11:52,711:INFO: - Found new best accuracy
2018-10-20 21:11:52,712:INFO: Epoch 11/30
2018-10-20 21:13:52,165:INFO: - Train metrics: accuracy: 0.849 ; loss: 0.342
2018-10-20 21:14:06,194:INFO: - Eval metrics : accuracy: 0.833 ; loss: 0.366
2018-10-20 21:14:06,242:INFO: - Found new best accuracy
2018-10-20 21:14:06,242:INFO: Epoch 12/30
2018-10-20 21:16:09,962:INFO: - Train metrics: accuracy: 0.852 ; loss: 0.341
2018-10-20 21:16:24,039:INFO: - Eval metrics : accuracy: 0.834 ; loss: 0.366
2018-10-20 21:16:24,077:INFO: - Found new best accuracy
2018-10-20 21:16:24,078:INFO: Epoch 13/30
2018-10-20 21:18:31,229:INFO: - Train metrics: accuracy: 0.849 ; loss: 0.340
2018-10-20 21:18:45,301:INFO: - Eval metrics : accuracy: 0.834 ; loss: 0.366
2018-10-20 21:18:45,340:INFO: - Found new best accuracy
2018-10-20 21:18:45,341:INFO: Epoch 14/30
2018-10-20 21:20:44,948:INFO: - Train metrics: accuracy: 0.849 ; loss: 0.338
2018-10-20 21:20:58,968:INFO: - Eval metrics : accuracy: 0.834 ; loss: 0.365
2018-10-20 21:20:59,008:INFO: - Found new best accuracy
2018-10-20 21:20:59,009:INFO: Epoch 15/30
2018-10-20 21:23:09,045:INFO: - Train metrics: accuracy: 0.846 ; loss: 0.337
2018-10-20 21:23:23,124:INFO: - Eval metrics : accuracy: 0.834 ; loss: 0.365
2018-10-20 21:23:23,165:INFO: Epoch 16/30
2018-10-20 21:25:23,931:INFO: - Train metrics: accuracy: 0.852 ; loss: 0.337
2018-10-20 21:25:37,998:INFO: - Eval metrics : accuracy: 0.834 ; loss: 0.364
2018-10-20 21:25:38,037:INFO: Epoch 17/30
2018-10-20 21:27:41,853:INFO: - Train metrics: accuracy: 0.854 ; loss: 0.337
2018-10-20 21:27:55,918:INFO: - Eval metrics : accuracy: 0.835 ; loss: 0.364
2018-10-20 21:27:55,960:INFO: - Found new best accuracy
2018-10-20 21:27:55,961:INFO: Epoch 18/30
2018-10-20 21:29:59,771:INFO: - Train metrics: accuracy: 0.852 ; loss: 0.337
2018-10-20 21:30:13,838:INFO: - Eval metrics : accuracy: 0.835 ; loss: 0.363
2018-10-20 21:30:13,875:INFO: - Found new best accuracy
2018-10-20 21:30:13,876:INFO: Epoch 19/30
2018-10-20 21:32:13,846:INFO: - Train metrics: accuracy: 0.857 ; loss: 0.337
2018-10-20 21:32:27,875:INFO: - Eval metrics : accuracy: 0.835 ; loss: 0.363
2018-10-20 21:32:27,918:INFO: Epoch 20/30
2018-10-20 21:34:27,765:INFO: - Train metrics: accuracy: 0.854 ; loss: 0.337
2018-10-20 21:34:41,823:INFO: - Eval metrics : accuracy: 0.834 ; loss: 0.363
2018-10-20 21:34:41,862:INFO: Epoch 21/30
2018-10-20 21:36:41,389:INFO: - Train metrics: accuracy: 0.854 ; loss: 0.337
2018-10-20 21:36:55,468:INFO: - Eval metrics : accuracy: 0.834 ; loss: 0.363
2018-10-20 21:36:55,504:INFO: Epoch 22/30
2018-10-20 21:38:55,635:INFO: - Train metrics: accuracy: 0.854 ; loss: 0.337
2018-10-20 21:39:09,768:INFO: - Eval metrics : accuracy: 0.834 ; loss: 0.363
2018-10-20 21:39:09,804:INFO: Epoch 23/30
2018-10-20 21:41:09,628:INFO: - Train metrics: accuracy: 0.854 ; loss: 0.337
2018-10-20 21:41:23,726:INFO: - Eval metrics : accuracy: 0.834 ; loss: 0.363
2018-10-20 21:41:23,764:INFO: Epoch 24/30
2018-10-20 21:43:23,392:INFO: - Train metrics: accuracy: 0.854 ; loss: 0.337
2018-10-20 21:43:38,381:INFO: - Eval metrics : accuracy: 0.834 ; loss: 0.363
2018-10-20 21:43:38,418:INFO: Epoch 25/30
2018-10-20 21:45:38,621:INFO: - Train metrics: accuracy: 0.854 ; loss: 0.337
2018-10-20 21:45:52,717:INFO: - Eval metrics : accuracy: 0.834 ; loss: 0.363
2018-10-20 21:45:52,747:INFO: Epoch 26/30
2018-10-20 21:47:52,349:INFO: - Train metrics: accuracy: 0.854 ; loss: 0.337
2018-10-20 21:48:06,441:INFO: - Eval metrics : accuracy: 0.834 ; loss: 0.363
2018-10-20 21:48:06,482:INFO: Epoch 27/30
2018-10-20 21:50:08,091:INFO: - Train metrics: accuracy: 0.854 ; loss: 0.337
2018-10-20 21:50:22,189:INFO: - Eval metrics : accuracy: 0.834 ; loss: 0.363
2018-10-20 21:50:22,227:INFO: Epoch 28/30
2018-10-20 21:52:25,048:INFO: - Train metrics: accuracy: 0.854 ; loss: 0.337
2018-10-20 21:52:39,161:INFO: - Eval metrics : accuracy: 0.834 ; loss: 0.363
2018-10-20 21:52:39,198:INFO: Epoch 29/30
