2018-10-29 17:53:31,037:INFO: Loading the dataset ...
2018-10-29 17:53:31,338:INFO: - done.
2018-10-29 17:53:33,025:INFO: Starting evaluation
2018-10-29 17:53:33,998:INFO: Labels=[0. 0. 1. 0. 0. 0. 0. 1. 0. 1.]
2018-10-29 17:53:33,998:INFO: Out prob=[7.48469483e-06 7.81027317e-01 9.05545115e-01 8.75935316e-01
 5.76770902e-01 1.23568341e-07 3.29932868e-02 5.85696280e-01
 2.72879660e-01 9.00975108e-01]
2018-10-29 17:53:33,998:INFO: ------------------------------------------------------------------------------------------------------------------------
2018-10-29 17:53:33,998:INFO: len labels after =15872
2018-10-29 17:53:33,998:INFO: len out_prob after15872
2018-10-29 17:53:33,998:INFO: length y_test=15872
2018-10-29 17:53:33,998:INFO: Lenght y_score=15872
2018-10-29 17:53:34,002:INFO: Length y_score 15872
2018-10-29 17:53:34,002:INFO: Length y_test 15872
2018-10-29 17:53:34,002:INFO: Thresholds[0:6] = 
 [0.97860682 0.97640479 0.97595096 0.97432351 0.97430432 0.97347689]
2018-10-29 17:53:34,002:INFO: Thresholds lenght = 
15856
2018-10-29 17:53:34,002:INFO: fpr lenght15856
2018-10-29 17:53:34,002:INFO: tpr lenght15856
2018-10-29 17:53:34,053:INFO: ------------------------------------------------------------------------------------------------------------------------
2018-10-29 17:53:34,057:INFO: roc_auc=0.8710187342362896
2018-10-29 17:53:34,057:INFO: ------------------------------------------------------------------------------------------------------------------------
2018-10-29 17:53:34,058:INFO: - Eval metrics : accuracy: 0.78950 ; loss: 0.43389
