2018-10-29 18:02:48,460:INFO: Loading the dataset ...
2018-10-29 18:02:48,711:INFO: - done.
2018-10-29 18:02:50,534:INFO: Starting evaluation
2018-10-29 18:02:52,232:INFO: Labels=[0. 0. 1. 0. 0. 0. 0. 1. 0. 1.]
2018-10-29 18:02:52,232:INFO: Out prob=[1.42254855e-03 7.60621846e-01 9.16639924e-01 7.33986020e-01
 5.11754572e-01 1.75773448e-06 1.50446943e-03 6.53117180e-01
 1.09216841e-02 9.55422640e-01]
2018-10-29 18:02:52,233:INFO: ------------------------------------------------------------------------------------------------------------------------
2018-10-29 18:02:52,233:INFO: len labels after =15872
2018-10-29 18:02:52,233:INFO: len out_prob after15872
2018-10-29 18:02:52,233:INFO: length y_test=15872
2018-10-29 18:02:52,233:INFO: Lenght y_score=15872
2018-10-29 18:02:52,236:INFO: Length y_score 15872
2018-10-29 18:02:52,236:INFO: Length y_test 15872
2018-10-29 18:02:52,236:INFO: Thresholds[0:6] = 
 [0.98677897 0.98653215 0.98500097 0.98470277 0.98340511 0.98325688]
2018-10-29 18:02:52,236:INFO: Thresholds lenght = 
15861
2018-10-29 18:02:52,236:INFO: fpr lenght15861
2018-10-29 18:02:52,236:INFO: tpr lenght15861
2018-10-29 18:02:52,284:INFO: ------------------------------------------------------------------------------------------------------------------------
2018-10-29 18:02:52,287:INFO: roc_auc=0.8948265178890803
2018-10-29 18:02:52,287:INFO: ------------------------------------------------------------------------------------------------------------------------
2018-10-29 18:02:52,288:INFO: - Eval metrics : accuracy: 0.81124 ; loss: 0.39899
