2018-10-29 18:16:07,837:INFO: search_hyperparam_sample_name=top_qcd_jets_antikt_kt__40000_Njets_512_batch
2018-10-29 18:16:07,838:INFO: ------------------------------------------------------------
2018-10-29 18:16:07,838:INFO: Loading the datasets...
2018-10-29 18:16:08,822:INFO: - done loading the datasets
2018-10-29 18:16:08,822:INFO: ------------------------------------------------------------
2018-10-29 18:16:10,258:INFO: Building optimizer...
2018-10-29 18:16:10,259:INFO: Starting training for 35 epoch(s)
2018-10-29 18:16:10,259:INFO: Epoch 1/35
2018-10-29 18:16:14,279:INFO: - Train metrics: accuracy: 0.535 ; loss: 1.852
2018-10-29 18:16:15,304:INFO: - Eval metrics : accuracy: 0.723 ; loss: 0.533
2018-10-29 18:16:15,314:INFO: - Found new best accuracy
2018-10-29 18:16:15,314:INFO: Epoch 2/35
2018-10-29 18:16:18,951:INFO: - Train metrics: accuracy: 0.730 ; loss: 0.528
2018-10-29 18:16:19,675:INFO: - Eval metrics : accuracy: 0.758 ; loss: 0.487
2018-10-29 18:16:19,712:INFO: - Found new best accuracy
2018-10-29 18:16:19,713:INFO: Epoch 3/35
2018-10-29 18:16:23,318:INFO: - Train metrics: accuracy: 0.762 ; loss: 0.477
2018-10-29 18:16:23,976:INFO: - Eval metrics : accuracy: 0.769 ; loss: 0.471
2018-10-29 18:16:23,978:INFO: - Found new best accuracy
2018-10-29 18:16:23,978:INFO: Epoch 4/35
2018-10-29 18:16:27,316:INFO: - Train metrics: accuracy: 0.768 ; loss: 0.462
2018-10-29 18:16:27,975:INFO: - Eval metrics : accuracy: 0.776 ; loss: 0.460
2018-10-29 18:16:28,011:INFO: - Found new best accuracy
2018-10-29 18:16:28,011:INFO: Epoch 5/35
2018-10-29 18:16:31,655:INFO: - Train metrics: accuracy: 0.783 ; loss: 0.443
2018-10-29 18:16:32,389:INFO: - Eval metrics : accuracy: 0.787 ; loss: 0.446
2018-10-29 18:16:32,426:INFO: - Found new best accuracy
2018-10-29 18:16:32,426:INFO: Epoch 6/35
2018-10-29 18:16:35,955:INFO: - Train metrics: accuracy: 0.785 ; loss: 0.429
2018-10-29 18:16:36,604:INFO: - Eval metrics : accuracy: 0.787 ; loss: 0.444
2018-10-29 18:16:36,644:INFO: Epoch 7/35
2018-10-29 18:16:40,090:INFO: - Train metrics: accuracy: 0.789 ; loss: 0.428
2018-10-29 18:16:40,739:INFO: - Eval metrics : accuracy: 0.790 ; loss: 0.435
2018-10-29 18:16:40,774:INFO: - Found new best accuracy
2018-10-29 18:16:40,775:INFO: Epoch 8/35
2018-10-29 18:16:44,286:INFO: - Train metrics: accuracy: 0.801 ; loss: 0.417
2018-10-29 18:16:44,931:INFO: - Eval metrics : accuracy: 0.792 ; loss: 0.433
2018-10-29 18:16:44,972:INFO: - Found new best accuracy
2018-10-29 18:16:44,973:INFO: Epoch 9/35
2018-10-29 18:16:48,488:INFO: - Train metrics: accuracy: 0.809 ; loss: 0.414
2018-10-29 18:16:49,144:INFO: - Eval metrics : accuracy: 0.791 ; loss: 0.436
2018-10-29 18:16:49,146:INFO: Epoch 10/35
2018-10-29 18:16:53,131:INFO: - Train metrics: accuracy: 0.826 ; loss: 0.419
2018-10-29 18:16:54,136:INFO: - Eval metrics : accuracy: 0.793 ; loss: 0.434
2018-10-29 18:16:54,139:INFO: - Found new best accuracy
2018-10-29 18:16:54,139:INFO: Epoch 11/35
2018-10-29 18:16:57,943:INFO: - Train metrics: accuracy: 0.826 ; loss: 0.416
2018-10-29 18:16:58,679:INFO: - Eval metrics : accuracy: 0.797 ; loss: 0.425
2018-10-29 18:16:58,718:INFO: - Found new best accuracy
2018-10-29 18:16:58,719:INFO: Epoch 12/35
2018-10-29 18:17:02,704:INFO: - Train metrics: accuracy: 0.824 ; loss: 0.402
2018-10-29 18:17:03,376:INFO: - Eval metrics : accuracy: 0.795 ; loss: 0.430
2018-10-29 18:17:03,415:INFO: Epoch 13/35
2018-10-29 18:17:07,151:INFO: - Train metrics: accuracy: 0.826 ; loss: 0.409
2018-10-29 18:17:07,884:INFO: - Eval metrics : accuracy: 0.788 ; loss: 0.441
2018-10-29 18:17:07,916:INFO: Epoch 14/35
2018-10-29 18:17:11,875:INFO: - Train metrics: accuracy: 0.816 ; loss: 0.424
2018-10-29 18:17:12,705:INFO: - Eval metrics : accuracy: 0.797 ; loss: 0.425
2018-10-29 18:17:12,734:INFO: Epoch 15/35
2018-10-29 18:17:16,658:INFO: - Train metrics: accuracy: 0.828 ; loss: 0.404
2018-10-29 18:17:17,487:INFO: - Eval metrics : accuracy: 0.799 ; loss: 0.420
2018-10-29 18:17:17,526:INFO: - Found new best accuracy
2018-10-29 18:17:17,527:INFO: Epoch 16/35
2018-10-29 18:17:21,353:INFO: - Train metrics: accuracy: 0.822 ; loss: 0.396
2018-10-29 18:17:22,013:INFO: - Eval metrics : accuracy: 0.799 ; loss: 0.420
2018-10-29 18:17:22,049:INFO: - Found new best accuracy
2018-10-29 18:17:22,050:INFO: Epoch 17/35
2018-10-29 18:17:26,037:INFO: - Train metrics: accuracy: 0.824 ; loss: 0.395
2018-10-29 18:17:26,772:INFO: - Eval metrics : accuracy: 0.799 ; loss: 0.419
2018-10-29 18:17:26,809:INFO: Epoch 18/35
2018-10-29 18:17:30,637:INFO: - Train metrics: accuracy: 0.822 ; loss: 0.395
2018-10-29 18:17:31,371:INFO: - Eval metrics : accuracy: 0.798 ; loss: 0.419
2018-10-29 18:17:31,410:INFO: Epoch 19/35
2018-10-29 18:17:35,655:INFO: - Train metrics: accuracy: 0.824 ; loss: 0.395
2018-10-29 18:17:36,391:INFO: - Eval metrics : accuracy: 0.800 ; loss: 0.418
2018-10-29 18:17:36,419:INFO: - Found new best accuracy
2018-10-29 18:17:36,420:INFO: Epoch 20/35
2018-10-29 18:17:40,297:INFO: - Train metrics: accuracy: 0.824 ; loss: 0.394
2018-10-29 18:17:41,133:INFO: - Eval metrics : accuracy: 0.801 ; loss: 0.418
2018-10-29 18:17:41,166:INFO: - Found new best accuracy
2018-10-29 18:17:41,167:INFO: Epoch 21/35
2018-10-29 18:17:45,131:INFO: - Train metrics: accuracy: 0.828 ; loss: 0.393
2018-10-29 18:17:45,842:INFO: - Eval metrics : accuracy: 0.801 ; loss: 0.418
2018-10-29 18:17:45,876:INFO: Epoch 22/35
2018-10-29 18:17:49,696:INFO: - Train metrics: accuracy: 0.822 ; loss: 0.393
2018-10-29 18:17:50,566:INFO: - Eval metrics : accuracy: 0.801 ; loss: 0.418
2018-10-29 18:17:50,603:INFO: - Found new best accuracy
2018-10-29 18:17:50,603:INFO: Epoch 23/35
2018-10-29 18:17:54,475:INFO: - Train metrics: accuracy: 0.822 ; loss: 0.393
2018-10-29 18:17:55,207:INFO: - Eval metrics : accuracy: 0.801 ; loss: 0.418
2018-10-29 18:17:55,245:INFO: Epoch 24/35
2018-10-29 18:17:59,132:INFO: - Train metrics: accuracy: 0.824 ; loss: 0.393
2018-10-29 18:17:59,950:INFO: - Eval metrics : accuracy: 0.801 ; loss: 0.418
2018-10-29 18:17:59,988:INFO: Epoch 25/35
2018-10-29 18:18:03,891:INFO: - Train metrics: accuracy: 0.824 ; loss: 0.393
2018-10-29 18:18:04,667:INFO: - Eval metrics : accuracy: 0.801 ; loss: 0.418
2018-10-29 18:18:04,698:INFO: Epoch 26/35
2018-10-29 18:18:08,435:INFO: - Train metrics: accuracy: 0.824 ; loss: 0.394
2018-10-29 18:18:09,163:INFO: - Eval metrics : accuracy: 0.801 ; loss: 0.418
2018-10-29 18:18:09,203:INFO: Epoch 27/35
2018-10-29 18:18:12,928:INFO: - Train metrics: accuracy: 0.824 ; loss: 0.393
2018-10-29 18:18:13,941:INFO: - Eval metrics : accuracy: 0.801 ; loss: 0.417
2018-10-29 18:18:13,992:INFO: Epoch 28/35
2018-10-29 18:18:17,873:INFO: - Train metrics: accuracy: 0.824 ; loss: 0.393
2018-10-29 18:18:18,603:INFO: - Eval metrics : accuracy: 0.801 ; loss: 0.417
2018-10-29 18:18:18,605:INFO: Epoch 29/35
2018-10-29 18:18:22,159:INFO: - Train metrics: accuracy: 0.826 ; loss: 0.393
2018-10-29 18:18:22,818:INFO: - Eval metrics : accuracy: 0.801 ; loss: 0.417
2018-10-29 18:18:22,845:INFO: Epoch 30/35
2018-10-29 18:18:27,136:INFO: - Train metrics: accuracy: 0.826 ; loss: 0.393
2018-10-29 18:18:27,897:INFO: - Eval metrics : accuracy: 0.801 ; loss: 0.417
2018-10-29 18:18:27,938:INFO: Epoch 31/35
2018-10-29 18:18:32,147:INFO: - Train metrics: accuracy: 0.826 ; loss: 0.393
2018-10-29 18:18:32,801:INFO: - Eval metrics : accuracy: 0.801 ; loss: 0.417
2018-10-29 18:18:32,843:INFO: Epoch 32/35
2018-10-29 18:18:36,956:INFO: - Train metrics: accuracy: 0.826 ; loss: 0.393
2018-10-29 18:18:37,708:INFO: - Eval metrics : accuracy: 0.801 ; loss: 0.417
2018-10-29 18:18:37,744:INFO: Epoch 33/35
2018-10-29 18:18:41,771:INFO: - Train metrics: accuracy: 0.826 ; loss: 0.392
2018-10-29 18:18:42,534:INFO: - Eval metrics : accuracy: 0.801 ; loss: 0.417
2018-10-29 18:18:42,575:INFO: Epoch 34/35
2018-10-29 18:18:46,483:INFO: - Train metrics: accuracy: 0.824 ; loss: 0.392
2018-10-29 18:18:47,244:INFO: - Eval metrics : accuracy: 0.801 ; loss: 0.417
2018-10-29 18:18:47,284:INFO: Epoch 35/35
2018-10-29 18:18:51,317:INFO: - Train metrics: accuracy: 0.824 ; loss: 0.392
2018-10-29 18:18:52,151:INFO: - Eval metrics : accuracy: 0.801 ; loss: 0.417
2018-10-29 18:18:52,190:INFO: Total time (minutes) =2.7392038265864054
