2018-10-29 18:18:58,578:INFO: search_hyperparam_sample_name=top_qcd_jets_antikt_kt__40000_Njets_512_batch
2018-10-29 18:18:58,578:INFO: ------------------------------------------------------------
2018-10-29 18:18:58,579:INFO: Loading the datasets...
2018-10-29 18:18:59,602:INFO: - done loading the datasets
2018-10-29 18:18:59,647:INFO: ------------------------------------------------------------
2018-10-29 18:19:01,203:INFO: Building optimizer...
2018-10-29 18:19:01,203:INFO: Starting training for 35 epoch(s)
2018-10-29 18:19:01,203:INFO: Epoch 1/35
2018-10-29 18:19:05,755:INFO: - Train metrics: accuracy: 0.535 ; loss: 1.852
2018-10-29 18:19:06,974:INFO: - Eval metrics : accuracy: 0.753 ; loss: 0.505
2018-10-29 18:19:06,983:INFO: - Found new best accuracy
2018-10-29 18:19:06,984:INFO: Epoch 2/35
2018-10-29 18:19:11,224:INFO: - Train metrics: accuracy: 0.762 ; loss: 0.495
2018-10-29 18:19:12,146:INFO: - Eval metrics : accuracy: 0.765 ; loss: 0.487
2018-10-29 18:19:12,185:INFO: - Found new best accuracy
2018-10-29 18:19:12,186:INFO: Epoch 3/35
2018-10-29 18:19:16,296:INFO: - Train metrics: accuracy: 0.768 ; loss: 0.476
2018-10-29 18:19:17,314:INFO: - Eval metrics : accuracy: 0.767 ; loss: 0.471
2018-10-29 18:19:17,353:INFO: - Found new best accuracy
2018-10-29 18:19:17,354:INFO: Epoch 4/35
2018-10-29 18:19:21,501:INFO: - Train metrics: accuracy: 0.764 ; loss: 0.466
2018-10-29 18:19:22,396:INFO: - Eval metrics : accuracy: 0.772 ; loss: 0.462
2018-10-29 18:19:22,433:INFO: - Found new best accuracy
2018-10-29 18:19:22,433:INFO: Epoch 5/35
2018-10-29 18:19:26,647:INFO: - Train metrics: accuracy: 0.766 ; loss: 0.456
2018-10-29 18:19:27,577:INFO: - Eval metrics : accuracy: 0.781 ; loss: 0.451
2018-10-29 18:19:27,609:INFO: - Found new best accuracy
2018-10-29 18:19:27,610:INFO: Epoch 6/35
2018-10-29 18:19:31,828:INFO: - Train metrics: accuracy: 0.777 ; loss: 0.441
2018-10-29 18:19:32,664:INFO: - Eval metrics : accuracy: 0.784 ; loss: 0.445
2018-10-29 18:19:32,702:INFO: - Found new best accuracy
2018-10-29 18:19:32,703:INFO: Epoch 7/35
2018-10-29 18:19:36,560:INFO: - Train metrics: accuracy: 0.781 ; loss: 0.432
2018-10-29 18:19:37,509:INFO: - Eval metrics : accuracy: 0.787 ; loss: 0.444
2018-10-29 18:19:37,586:INFO: - Found new best accuracy
2018-10-29 18:19:37,587:INFO: Epoch 8/35
2018-10-29 18:19:41,796:INFO: - Train metrics: accuracy: 0.789 ; loss: 0.431
2018-10-29 18:19:42,733:INFO: - Eval metrics : accuracy: 0.789 ; loss: 0.441
2018-10-29 18:19:42,770:INFO: - Found new best accuracy
2018-10-29 18:19:42,771:INFO: Epoch 9/35
2018-10-29 18:19:46,855:INFO: - Train metrics: accuracy: 0.781 ; loss: 0.427
2018-10-29 18:19:47,780:INFO: - Eval metrics : accuracy: 0.791 ; loss: 0.435
2018-10-29 18:19:47,818:INFO: - Found new best accuracy
2018-10-29 18:19:47,818:INFO: Epoch 10/35
2018-10-29 18:19:51,571:INFO: - Train metrics: accuracy: 0.787 ; loss: 0.416
2018-10-29 18:19:52,434:INFO: - Eval metrics : accuracy: 0.790 ; loss: 0.438
2018-10-29 18:19:52,469:INFO: Epoch 11/35
2018-10-29 18:19:56,325:INFO: - Train metrics: accuracy: 0.791 ; loss: 0.421
2018-10-29 18:19:57,181:INFO: - Eval metrics : accuracy: 0.784 ; loss: 0.445
2018-10-29 18:19:57,183:INFO: Epoch 12/35
2018-10-29 18:20:01,257:INFO: - Train metrics: accuracy: 0.797 ; loss: 0.432
2018-10-29 18:20:02,129:INFO: - Eval metrics : accuracy: 0.793 ; loss: 0.434
2018-10-29 18:20:02,167:INFO: - Found new best accuracy
2018-10-29 18:20:02,168:INFO: Epoch 13/35
2018-10-29 18:20:06,425:INFO: - Train metrics: accuracy: 0.791 ; loss: 0.417
2018-10-29 18:20:07,182:INFO: - Eval metrics : accuracy: 0.793 ; loss: 0.429
2018-10-29 18:20:07,218:INFO: - Found new best accuracy
2018-10-29 18:20:07,219:INFO: Epoch 14/35
2018-10-29 18:20:11,377:INFO: - Train metrics: accuracy: 0.787 ; loss: 0.410
2018-10-29 18:20:12,243:INFO: - Eval metrics : accuracy: 0.794 ; loss: 0.429
2018-10-29 18:20:12,282:INFO: - Found new best accuracy
2018-10-29 18:20:12,283:INFO: Epoch 15/35
2018-10-29 18:20:16,353:INFO: - Train metrics: accuracy: 0.785 ; loss: 0.409
2018-10-29 18:20:17,167:INFO: - Eval metrics : accuracy: 0.794 ; loss: 0.428
2018-10-29 18:20:17,208:INFO: - Found new best accuracy
2018-10-29 18:20:17,209:INFO: Epoch 16/35
2018-10-29 18:20:21,103:INFO: - Train metrics: accuracy: 0.789 ; loss: 0.409
2018-10-29 18:20:21,965:INFO: - Eval metrics : accuracy: 0.795 ; loss: 0.427
2018-10-29 18:20:21,993:INFO: - Found new best accuracy
2018-10-29 18:20:21,993:INFO: Epoch 17/35
2018-10-29 18:20:26,002:INFO: - Train metrics: accuracy: 0.791 ; loss: 0.408
2018-10-29 18:20:26,858:INFO: - Eval metrics : accuracy: 0.795 ; loss: 0.427
2018-10-29 18:20:26,898:INFO: - Found new best accuracy
2018-10-29 18:20:26,898:INFO: Epoch 18/35
2018-10-29 18:20:31,013:INFO: - Train metrics: accuracy: 0.791 ; loss: 0.407
2018-10-29 18:20:31,946:INFO: - Eval metrics : accuracy: 0.795 ; loss: 0.426
2018-10-29 18:20:31,987:INFO: - Found new best accuracy
2018-10-29 18:20:31,987:INFO: Epoch 19/35
2018-10-29 18:20:35,926:INFO: - Train metrics: accuracy: 0.797 ; loss: 0.405
2018-10-29 18:20:36,675:INFO: - Eval metrics : accuracy: 0.795 ; loss: 0.426
2018-10-29 18:20:36,713:INFO: Epoch 20/35
2018-10-29 18:20:41,016:INFO: - Train metrics: accuracy: 0.797 ; loss: 0.404
2018-10-29 18:20:41,894:INFO: - Eval metrics : accuracy: 0.795 ; loss: 0.426
2018-10-29 18:20:41,930:INFO: Epoch 21/35
2018-10-29 18:20:45,857:INFO: - Train metrics: accuracy: 0.797 ; loss: 0.403
2018-10-29 18:20:46,655:INFO: - Eval metrics : accuracy: 0.796 ; loss: 0.426
2018-10-29 18:20:46,657:INFO: - Found new best accuracy
2018-10-29 18:20:46,657:INFO: Epoch 22/35
2018-10-29 18:20:50,627:INFO: - Train metrics: accuracy: 0.797 ; loss: 0.403
2018-10-29 18:20:51,484:INFO: - Eval metrics : accuracy: 0.796 ; loss: 0.426
2018-10-29 18:20:51,520:INFO: - Found new best accuracy
2018-10-29 18:20:51,520:INFO: Epoch 23/35
2018-10-29 18:20:55,250:INFO: - Train metrics: accuracy: 0.795 ; loss: 0.403
2018-10-29 18:20:56,184:INFO: - Eval metrics : accuracy: 0.796 ; loss: 0.425
2018-10-29 18:20:56,226:INFO: - Found new best accuracy
2018-10-29 18:20:56,226:INFO: Epoch 24/35
2018-10-29 18:21:00,234:INFO: - Train metrics: accuracy: 0.795 ; loss: 0.403
2018-10-29 18:21:01,023:INFO: - Eval metrics : accuracy: 0.796 ; loss: 0.425
2018-10-29 18:21:01,060:INFO: - Found new best accuracy
2018-10-29 18:21:01,061:INFO: Epoch 25/35
2018-10-29 18:21:04,848:INFO: - Train metrics: accuracy: 0.795 ; loss: 0.403
2018-10-29 18:21:05,880:INFO: - Eval metrics : accuracy: 0.797 ; loss: 0.425
2018-10-29 18:21:05,915:INFO: - Found new best accuracy
2018-10-29 18:21:05,916:INFO: Epoch 26/35
2018-10-29 18:21:09,885:INFO: - Train metrics: accuracy: 0.795 ; loss: 0.402
2018-10-29 18:21:10,812:INFO: - Eval metrics : accuracy: 0.796 ; loss: 0.425
2018-10-29 18:21:10,846:INFO: Epoch 27/35
2018-10-29 18:21:15,020:INFO: - Train metrics: accuracy: 0.793 ; loss: 0.402
2018-10-29 18:21:15,999:INFO: - Eval metrics : accuracy: 0.796 ; loss: 0.425
2018-10-29 18:21:16,034:INFO: Epoch 28/35
2018-10-29 18:21:19,884:INFO: - Train metrics: accuracy: 0.795 ; loss: 0.402
2018-10-29 18:21:20,765:INFO: - Eval metrics : accuracy: 0.796 ; loss: 0.425
2018-10-29 18:21:20,802:INFO: Epoch 29/35
2018-10-29 18:21:24,821:INFO: - Train metrics: accuracy: 0.795 ; loss: 0.402
2018-10-29 18:21:25,744:INFO: - Eval metrics : accuracy: 0.797 ; loss: 0.425
2018-10-29 18:21:25,791:INFO: - Found new best accuracy
2018-10-29 18:21:25,791:INFO: Epoch 30/35
2018-10-29 18:21:30,065:INFO: - Train metrics: accuracy: 0.795 ; loss: 0.401
2018-10-29 18:21:30,862:INFO: - Eval metrics : accuracy: 0.797 ; loss: 0.425
2018-10-29 18:21:30,900:INFO: - Found new best accuracy
2018-10-29 18:21:30,901:INFO: Epoch 31/35
2018-10-29 18:21:35,367:INFO: - Train metrics: accuracy: 0.795 ; loss: 0.401
2018-10-29 18:21:36,363:INFO: - Eval metrics : accuracy: 0.797 ; loss: 0.425
2018-10-29 18:21:36,401:INFO: - Found new best accuracy
2018-10-29 18:21:36,402:INFO: Epoch 32/35
2018-10-29 18:21:40,824:INFO: - Train metrics: accuracy: 0.795 ; loss: 0.401
2018-10-29 18:21:41,852:INFO: - Eval metrics : accuracy: 0.797 ; loss: 0.425
2018-10-29 18:21:41,894:INFO: - Found new best accuracy
2018-10-29 18:21:41,895:INFO: Epoch 33/35
2018-10-29 18:21:46,097:INFO: - Train metrics: accuracy: 0.795 ; loss: 0.401
2018-10-29 18:21:46,986:INFO: - Eval metrics : accuracy: 0.797 ; loss: 0.425
2018-10-29 18:21:47,023:INFO: - Found new best accuracy
2018-10-29 18:21:47,024:INFO: Epoch 34/35
2018-10-29 18:21:50,875:INFO: - Train metrics: accuracy: 0.797 ; loss: 0.401
2018-10-29 18:21:51,636:INFO: - Eval metrics : accuracy: 0.797 ; loss: 0.425
2018-10-29 18:21:51,671:INFO: - Found new best accuracy
2018-10-29 18:21:51,672:INFO: Epoch 35/35
2018-10-29 18:21:55,895:INFO: - Train metrics: accuracy: 0.797 ; loss: 0.401
2018-10-29 18:21:56,660:INFO: - Eval metrics : accuracy: 0.797 ; loss: 0.425
2018-10-29 18:21:56,697:INFO: Total time (minutes) =2.968644901116689
