2018-11-01 17:49:26,285:INFO: Loading the dataset ...
2018-11-01 17:49:26,927:INFO: - done.
2018-11-01 17:49:28,755:INFO: Starting evaluation
2018-11-01 17:49:34,158:INFO: Labels=[1. 0. 0. 0. 1. 0. 0. 1. 1. 0.]
2018-11-01 17:49:34,158:INFO: Out prob=[0.99937302 0.88687205 0.99954802 0.98872    0.99994493 0.99204987
 0.00855057 0.99932182 0.99976271 0.98086423]
2018-11-01 17:49:34,185:INFO: ------------------------------------------------------------------------------------------------------------------------
2018-11-01 17:49:34,185:INFO: len labels after =32000
2018-11-01 17:49:34,185:INFO: len out_prob after32000
2018-11-01 17:49:34,185:INFO: length y_test=32000
2018-11-01 17:49:34,185:INFO: Lenght y_score=32000
2018-11-01 17:49:34,194:INFO: Length y_score 32000
2018-11-01 17:49:34,194:INFO: Length y_test 32000
2018-11-01 17:49:34,195:INFO: Thresholds[0:6] = 
 [0.99999738 0.99999416 0.99999309 0.99999237 0.99999118 0.99999011]
2018-11-01 17:49:34,195:INFO: Thresholds lenght = 
27890
2018-11-01 17:49:34,195:INFO: fpr lenght27890
2018-11-01 17:49:34,195:INFO: tpr lenght27890
2018-11-01 17:49:34,337:INFO: ------------------------------------------------------------------------------------------------------------------------
2018-11-01 17:49:34,345:INFO: roc_auc=0.8691902182390242
2018-11-01 17:49:34,345:INFO: ------------------------------------------------------------------------------------------------------------------------
2018-11-01 17:49:34,346:INFO: - Eval metrics : accuracy: 0.70872 ; loss: 1.19145
2018-11-01 22:00:26,861:INFO: Loading the dataset ...
2018-11-01 22:01:20,858:INFO: Loading the dataset ...
2018-11-01 22:02:25,380:INFO: Loading the dataset ...
2018-11-01 22:02:26,006:INFO: - done.
2018-11-01 22:02:27,601:INFO: Starting evaluation
2018-11-01 22:02:34,673:INFO: Labels=[1. 0. 0. 0. 1. 0. 0. 1. 1. 0.]
2018-11-01 22:02:34,673:INFO: Out prob=[9.75383937e-01 2.25432962e-02 6.94581449e-01 2.17609122e-05
 9.43361461e-01 7.54633009e-01 6.27003809e-20 9.92705047e-01
 9.96513188e-01 7.61756906e-04]
2018-11-01 22:02:34,673:INFO: ------------------------------------------------------------------------------------------------------------------------
2018-11-01 22:02:34,673:INFO: len labels after =32000
2018-11-01 22:02:34,673:INFO: len out_prob after32000
2018-11-01 22:02:34,673:INFO: length y_test=32000
2018-11-01 22:02:34,673:INFO: Lenght y_score=32000
2018-11-01 22:02:34,679:INFO: Length y_score 32000
2018-11-01 22:02:34,679:INFO: Length y_test 32000
2018-11-01 22:02:34,679:INFO: Thresholds[0:6] = 
 [0.99977547 0.99975675 0.99975473 0.9997384  0.99972194 0.99968767]
2018-11-01 22:02:34,679:INFO: Thresholds lenght = 
31687
2018-11-01 22:02:34,679:INFO: fpr lenght31687
2018-11-01 22:02:34,680:INFO: tpr lenght31687
2018-11-01 22:02:34,771:INFO: ------------------------------------------------------------------------------------------------------------------------
2018-11-01 22:02:34,778:INFO: roc_auc=0.9821299960239454
2018-11-01 22:02:34,778:INFO: ------------------------------------------------------------------------------------------------------------------------
2018-11-01 22:02:34,779:INFO: - Eval metrics : accuracy: 0.93541 ; loss: 0.16724
