2018-11-06 19:07:59,410:INFO: Loading the dataset ...
2018-11-06 19:07:59,412:INFO: - done.
2018-11-06 19:08:01,008:INFO: Starting evaluation
2018-11-06 19:08:01,340:INFO: Labels=[0. 0. 0. 1. 1. 1.]
2018-11-06 19:08:01,340:INFO: Out prob=[0.00233629 0.00897963 0.02745711 0.0058768  0.02753989 0.00276183]
2018-11-06 19:08:01,340:INFO: ------------------------------------------------------------------------------------------------------------------------
2018-11-06 19:08:01,341:INFO: len labels after =6
2018-11-06 19:08:01,341:INFO: len out_prob after6
2018-11-06 19:08:01,341:INFO: length y_test=6
2018-11-06 19:08:01,341:INFO: Lenght y_score=6
2018-11-06 19:08:01,342:INFO: Length y_score 6
2018-11-06 19:08:01,342:INFO: Length y_test 6
2018-11-06 19:08:01,342:INFO: Thresholds[0:6] = 
 [0.02753989 0.02745711 0.00897963 0.0058768  0.00276183 0.00233629]
2018-11-06 19:08:01,342:INFO: Thresholds lenght = 
6
2018-11-06 19:08:01,342:INFO: fpr lenght6
2018-11-06 19:08:01,342:INFO: tpr lenght6
2018-11-06 19:08:01,342:INFO: ------------------------------------------------------------------------------------------------------------------------
2018-11-06 19:08:01,343:INFO: roc_auc=0.5555555555555556
2018-11-06 19:08:01,343:INFO: ------------------------------------------------------------------------------------------------------------------------
2018-11-06 19:08:01,343:INFO: - Eval metrics : accuracy: 0.50000 ; loss: 2.44332
2018-11-06 19:08:54,485:INFO: Loading the dataset ...
2018-11-06 19:08:54,486:INFO: - done.
2018-11-06 19:08:56,089:INFO: Starting evaluation
2018-11-06 19:08:56,323:INFO: Labels=[0. 0. 0. 1. 1. 1.]
2018-11-06 19:08:56,324:INFO: Out prob=[0.00233629 0.00897963 0.02745711 0.0058768  0.02753989 0.00276183]
2018-11-06 19:08:56,324:INFO: ------------------------------------------------------------------------------------------------------------------------
2018-11-06 19:08:56,324:INFO: len labels after =6
2018-11-06 19:08:56,324:INFO: len out_prob after6
2018-11-06 19:08:56,324:INFO: length y_test=6
2018-11-06 19:08:56,324:INFO: Lenght y_score=6
2018-11-06 19:08:56,325:INFO: Length y_score 6
2018-11-06 19:08:56,325:INFO: Length y_test 6
2018-11-06 19:08:56,325:INFO: Thresholds[0:6] = 
 [0.02753989 0.02745711 0.00897963 0.0058768  0.00276183 0.00233629]
2018-11-06 19:08:56,325:INFO: Thresholds lenght = 
6
2018-11-06 19:08:56,325:INFO: fpr lenght6
2018-11-06 19:08:56,325:INFO: tpr lenght6
2018-11-06 19:08:56,326:INFO: ------------------------------------------------------------------------------------------------------------------------
2018-11-06 19:08:56,326:INFO: roc_auc=0.5555555555555556
2018-11-06 19:08:56,326:INFO: ------------------------------------------------------------------------------------------------------------------------
2018-11-06 19:08:56,327:INFO: - Eval metrics : accuracy: 0.50000 ; loss: 2.44332
