2018-10-21 14:10:58,222:INFO: Loading the dataset ...
2018-10-21 14:10:58,730:INFO: - done.
2018-10-21 14:11:02,795:INFO: Starting evaluation
2018-10-21 14:11:10,888:INFO: Labels=[0. 0. 1. 0. 0. 0. 0. 1. 0. 1.]
2018-10-21 14:11:10,888:INFO: Out prob=[4.19304706e-03 2.44188800e-01 8.71049821e-01 8.44211340e-01
 5.03073215e-01 1.50398873e-05 1.22093305e-04 9.34719980e-01
 9.72350761e-02 9.51468229e-01]
2018-10-21 14:11:10,888:INFO: ------------------------------------------------------------------------------------------------------------------------
2018-10-21 14:11:10,888:INFO: len labels after =16000
2018-10-21 14:11:10,888:INFO: len out_prob after16000
2018-10-21 14:11:10,888:INFO: length y_test=16000
2018-10-21 14:11:10,889:INFO: Lenght y_score=16000
2018-10-21 14:11:10,892:INFO: Length y_score 16000
2018-10-21 14:11:10,893:INFO: Length y_test 16000
2018-10-21 14:11:10,893:INFO: Thresholds[0:6] = 
 [0.99973303 0.99971539 0.99961424 0.99958032 0.999542   0.99952614]
2018-10-21 14:11:10,893:INFO: Thresholds lenght = 
15992
2018-10-21 14:11:10,893:INFO: fpr lenght15992
2018-10-21 14:11:10,893:INFO: tpr lenght15992
2018-10-21 14:11:10,943:INFO: ------------------------------------------------------------------------------------------------------------------------
2018-10-21 14:11:10,947:INFO: roc_auc=0.9222469597226087
2018-10-21 14:11:10,947:INFO: ------------------------------------------------------------------------------------------------------------------------
2018-10-21 14:11:10,947:INFO: - Eval metrics : accuracy: 0.840 ; loss: 0.351
