2018-10-21 13:34:10,246:INFO: sample_name=top_qcd_jets_antikt_kt__40000_Njets_128_batch
2018-10-21 13:34:10,246:INFO: ------------------------------------------------------------
2018-10-21 13:34:10,247:INFO: Loading the datasets...
2018-10-21 13:34:11,673:INFO: - done loading the datasets
2018-10-21 13:34:11,673:INFO: ------------------------------------------------------------
2018-10-21 13:34:15,475:INFO: Building optimizer...
2018-10-21 13:34:15,476:INFO: Starting training for 30 epoch(s)
2018-10-21 13:34:15,476:INFO: Epoch 1/30
2018-10-21 13:35:20,642:INFO: - Train metrics: accuracy: 0.552 ; loss: 0.754
2018-10-21 13:35:28,558:INFO: - Eval metrics : accuracy: 0.737 ; loss: 0.515
2018-10-21 13:35:28,620:INFO: - Found new best accuracy
2018-10-21 13:35:28,620:INFO: Epoch 2/30
2018-10-21 13:36:33,642:INFO: - Train metrics: accuracy: 0.779 ; loss: 0.477
2018-10-21 13:36:41,464:INFO: - Eval metrics : accuracy: 0.793 ; loss: 0.461
2018-10-21 13:36:41,508:INFO: - Found new best accuracy
2018-10-21 13:36:41,508:INFO: Epoch 3/30
2018-10-21 13:37:46,263:INFO: - Train metrics: accuracy: 0.815 ; loss: 0.436
2018-10-21 13:37:54,054:INFO: - Eval metrics : accuracy: 0.806 ; loss: 0.422
2018-10-21 13:37:54,108:INFO: - Found new best accuracy
2018-10-21 13:37:54,109:INFO: Epoch 4/30
2018-10-21 13:38:59,173:INFO: - Train metrics: accuracy: 0.854 ; loss: 0.377
2018-10-21 13:39:07,056:INFO: - Eval metrics : accuracy: 0.796 ; loss: 0.450
2018-10-21 13:39:07,093:INFO: Epoch 5/30
2018-10-21 13:40:11,798:INFO: - Train metrics: accuracy: 0.854 ; loss: 0.384
2018-10-21 13:40:19,674:INFO: - Eval metrics : accuracy: 0.772 ; loss: 0.454
2018-10-21 13:40:19,676:INFO: Epoch 6/30
2018-10-21 13:41:23,869:INFO: - Train metrics: accuracy: 0.826 ; loss: 0.376
2018-10-21 13:41:31,749:INFO: - Eval metrics : accuracy: 0.803 ; loss: 0.415
2018-10-21 13:41:31,788:INFO: Epoch 7/30
2018-10-21 13:42:36,632:INFO: - Train metrics: accuracy: 0.849 ; loss: 0.367
2018-10-21 13:42:44,516:INFO: - Eval metrics : accuracy: 0.810 ; loss: 0.408
2018-10-21 13:42:44,553:INFO: - Found new best accuracy
2018-10-21 13:42:44,554:INFO: Epoch 8/30
2018-10-21 13:43:49,258:INFO: - Train metrics: accuracy: 0.862 ; loss: 0.343
2018-10-21 13:43:57,162:INFO: - Eval metrics : accuracy: 0.805 ; loss: 0.409
2018-10-21 13:43:57,199:INFO: Epoch 9/30
2018-10-21 13:45:02,073:INFO: - Train metrics: accuracy: 0.865 ; loss: 0.344
2018-10-21 13:45:09,859:INFO: - Eval metrics : accuracy: 0.813 ; loss: 0.399
2018-10-21 13:45:09,897:INFO: - Found new best accuracy
2018-10-21 13:45:09,898:INFO: Epoch 10/30
2018-10-21 13:46:14,714:INFO: - Train metrics: accuracy: 0.857 ; loss: 0.329
2018-10-21 13:46:22,562:INFO: - Eval metrics : accuracy: 0.811 ; loss: 0.410
2018-10-21 13:46:22,592:INFO: Epoch 11/30
2018-10-21 13:47:26,871:INFO: - Train metrics: accuracy: 0.859 ; loss: 0.334
2018-10-21 13:47:34,755:INFO: - Eval metrics : accuracy: 0.821 ; loss: 0.386
2018-10-21 13:47:34,790:INFO: - Found new best accuracy
2018-10-21 13:47:34,790:INFO: Epoch 12/30
2018-10-21 13:48:40,105:INFO: - Train metrics: accuracy: 0.852 ; loss: 0.322
2018-10-21 13:48:47,949:INFO: - Eval metrics : accuracy: 0.819 ; loss: 0.383
2018-10-21 13:48:47,986:INFO: Epoch 13/30
2018-10-21 13:49:53,266:INFO: - Train metrics: accuracy: 0.857 ; loss: 0.326
2018-10-21 13:50:01,105:INFO: - Eval metrics : accuracy: 0.822 ; loss: 0.380
2018-10-21 13:50:01,108:INFO: - Found new best accuracy
2018-10-21 13:50:01,109:INFO: Epoch 14/30
2018-10-21 13:51:06,842:INFO: - Train metrics: accuracy: 0.862 ; loss: 0.319
2018-10-21 13:51:15,122:INFO: - Eval metrics : accuracy: 0.827 ; loss: 0.373
2018-10-21 13:51:15,154:INFO: - Found new best accuracy
2018-10-21 13:51:15,155:INFO: Epoch 15/30
2018-10-21 13:52:20,922:INFO: - Train metrics: accuracy: 0.862 ; loss: 0.309
2018-10-21 13:52:28,835:INFO: - Eval metrics : accuracy: 0.833 ; loss: 0.360
2018-10-21 13:52:28,875:INFO: - Found new best accuracy
2018-10-21 13:52:28,876:INFO: Epoch 16/30
2018-10-21 13:53:34,140:INFO: - Train metrics: accuracy: 0.862 ; loss: 0.300
2018-10-21 13:53:42,521:INFO: - Eval metrics : accuracy: 0.835 ; loss: 0.360
2018-10-21 13:53:42,563:INFO: - Found new best accuracy
2018-10-21 13:53:42,564:INFO: Epoch 17/30
2018-10-21 13:54:48,265:INFO: - Train metrics: accuracy: 0.862 ; loss: 0.297
2018-10-21 13:54:56,039:INFO: - Eval metrics : accuracy: 0.836 ; loss: 0.356
2018-10-21 13:54:56,077:INFO: - Found new best accuracy
2018-10-21 13:54:56,077:INFO: Epoch 18/30
2018-10-21 13:56:02,076:INFO: - Train metrics: accuracy: 0.865 ; loss: 0.291
2018-10-21 13:56:11,476:INFO: - Eval metrics : accuracy: 0.835 ; loss: 0.355
2018-10-21 13:56:11,513:INFO: Epoch 19/30
2018-10-21 13:57:17,116:INFO: - Train metrics: accuracy: 0.872 ; loss: 0.291
2018-10-21 13:57:26,070:INFO: - Eval metrics : accuracy: 0.834 ; loss: 0.356
2018-10-21 13:57:26,111:INFO: Epoch 20/30
2018-10-21 13:58:31,658:INFO: - Train metrics: accuracy: 0.870 ; loss: 0.292
2018-10-21 13:58:40,031:INFO: - Eval metrics : accuracy: 0.835 ; loss: 0.355
2018-10-21 13:58:40,080:INFO: Epoch 21/30
2018-10-21 13:59:45,797:INFO: - Train metrics: accuracy: 0.870 ; loss: 0.291
2018-10-21 13:59:53,661:INFO: - Eval metrics : accuracy: 0.834 ; loss: 0.355
2018-10-21 13:59:53,724:INFO: Epoch 22/30
2018-10-21 14:00:59,928:INFO: - Train metrics: accuracy: 0.870 ; loss: 0.290
2018-10-21 14:01:08,319:INFO: - Eval metrics : accuracy: 0.834 ; loss: 0.354
2018-10-21 14:01:08,358:INFO: Epoch 23/30
2018-10-21 14:02:13,780:INFO: - Train metrics: accuracy: 0.867 ; loss: 0.294
2018-10-21 14:02:22,733:INFO: - Eval metrics : accuracy: 0.835 ; loss: 0.353
2018-10-21 14:02:22,768:INFO: Epoch 24/30
2018-10-21 14:03:28,930:INFO: - Train metrics: accuracy: 0.867 ; loss: 0.292
2018-10-21 14:03:37,228:INFO: - Eval metrics : accuracy: 0.835 ; loss: 0.351
2018-10-21 14:03:37,266:INFO: Epoch 25/30
2018-10-21 14:04:42,518:INFO: - Train metrics: accuracy: 0.859 ; loss: 0.293
2018-10-21 14:04:50,556:INFO: - Eval metrics : accuracy: 0.836 ; loss: 0.350
2018-10-21 14:04:50,596:INFO: - Found new best accuracy
2018-10-21 14:04:50,597:INFO: Epoch 26/30
2018-10-21 14:05:56,080:INFO: - Train metrics: accuracy: 0.865 ; loss: 0.292
2018-10-21 14:06:03,929:INFO: - Eval metrics : accuracy: 0.836 ; loss: 0.349
2018-10-21 14:06:03,967:INFO: - Found new best accuracy
2018-10-21 14:06:03,968:INFO: Epoch 27/30
2018-10-21 14:07:09,530:INFO: - Train metrics: accuracy: 0.865 ; loss: 0.291
2018-10-21 14:07:17,373:INFO: - Eval metrics : accuracy: 0.837 ; loss: 0.348
2018-10-21 14:07:17,376:INFO: - Found new best accuracy
2018-10-21 14:07:17,376:INFO: Epoch 28/30
2018-10-21 14:08:22,607:INFO: - Train metrics: accuracy: 0.865 ; loss: 0.291
2018-10-21 14:08:30,431:INFO: - Eval metrics : accuracy: 0.837 ; loss: 0.348
2018-10-21 14:08:30,469:INFO: Epoch 29/30
2018-10-21 14:09:35,677:INFO: - Train metrics: accuracy: 0.865 ; loss: 0.290
2018-10-21 14:09:43,493:INFO: - Eval metrics : accuracy: 0.838 ; loss: 0.347
2018-10-21 14:09:43,531:INFO: - Found new best accuracy
2018-10-21 14:09:43,531:INFO: Epoch 30/30
2018-10-21 14:10:48,633:INFO: - Train metrics: accuracy: 0.865 ; loss: 0.289
2018-10-21 14:10:56,486:INFO: - Eval metrics : accuracy: 0.838 ; loss: 0.348
2018-10-21 14:10:56,489:INFO: - Found new best accuracy
2018-10-21 14:10:56,490:INFO: Total time (minutes) =36.77072813113531
