2018-10-21 22:20:58,437:INFO: Loading the dataset ...
2018-10-21 22:20:58,792:INFO: - done.
2018-10-21 22:21:02,825:INFO: Starting evaluation
2018-10-21 22:21:04,545:INFO: Labels=[0. 0. 1. 0. 0. 0. 0. 1. 0. 1.]
2018-10-21 22:21:04,546:INFO: Out prob=[0.06216006 0.72728872 0.75184393 0.46187568 0.86653596 0.02616502
 0.17418467 0.73610938 0.54871202 0.91111279]
2018-10-21 22:21:04,546:INFO: ------------------------------------------------------------------------------------------------------------------------
2018-10-21 22:21:04,546:INFO: len labels after =15360
2018-10-21 22:21:04,546:INFO: len out_prob after15360
2018-10-21 22:21:04,546:INFO: length y_test=15360
2018-10-21 22:21:04,546:INFO: Lenght y_score=15360
2018-10-21 22:21:04,549:INFO: Length y_score 15360
2018-10-21 22:21:04,549:INFO: Length y_test 15360
2018-10-21 22:21:04,549:INFO: Thresholds[0:6] = 
 [0.98856002 0.98615217 0.98597682 0.98432839 0.98356044 0.98301333]
2018-10-21 22:21:04,549:INFO: Thresholds lenght = 
15350
2018-10-21 22:21:04,549:INFO: fpr lenght15350
2018-10-21 22:21:04,549:INFO: tpr lenght15350
2018-10-21 22:21:04,594:INFO: ------------------------------------------------------------------------------------------------------------------------
2018-10-21 22:21:04,598:INFO: roc_auc=0.8574613843699372
2018-10-21 22:21:04,598:INFO: ------------------------------------------------------------------------------------------------------------------------
2018-10-21 22:21:04,598:INFO: - Eval metrics : accuracy: 0.792 ; loss: 0.465
