2018-10-21 22:14:34,541:INFO: sample_name=top_qcd_jets_antikt_kt__40000_Njets_1024_batch
2018-10-21 22:14:34,542:INFO: ------------------------------------------------------------
2018-10-21 22:14:34,542:INFO: Loading the datasets...
2018-10-21 22:14:35,637:INFO: - done loading the datasets
2018-10-21 22:14:35,637:INFO: ------------------------------------------------------------
2018-10-21 22:14:39,537:INFO: Building optimizer...
2018-10-21 22:14:39,537:INFO: Starting training for 30 epoch(s)
2018-10-21 22:14:39,537:INFO: Epoch 1/30
2018-10-21 22:14:50,557:INFO: - Train metrics: accuracy: 0.519 ; loss: 0.898
2018-10-21 22:14:52,399:INFO: - Eval metrics : accuracy: 0.505 ; loss: 0.696
2018-10-21 22:14:52,451:INFO: - Found new best accuracy
2018-10-21 22:14:52,452:INFO: Epoch 2/30
2018-10-21 22:15:03,640:INFO: - Train metrics: accuracy: 0.490 ; loss: 0.700
2018-10-21 22:15:05,086:INFO: - Eval metrics : accuracy: 0.526 ; loss: 0.690
2018-10-21 22:15:05,125:INFO: - Found new best accuracy
2018-10-21 22:15:05,126:INFO: Epoch 3/30
2018-10-21 22:15:16,374:INFO: - Train metrics: accuracy: 0.547 ; loss: 0.689
2018-10-21 22:15:18,153:INFO: - Eval metrics : accuracy: 0.589 ; loss: 0.666
2018-10-21 22:15:18,183:INFO: - Found new best accuracy
2018-10-21 22:15:18,184:INFO: Epoch 4/30
2018-10-21 22:15:29,504:INFO: - Train metrics: accuracy: 0.586 ; loss: 0.668
2018-10-21 22:15:31,278:INFO: - Eval metrics : accuracy: 0.743 ; loss: 0.549
2018-10-21 22:15:31,317:INFO: - Found new best accuracy
2018-10-21 22:15:31,318:INFO: Epoch 5/30
2018-10-21 22:15:41,461:INFO: - Train metrics: accuracy: 0.749 ; loss: 0.540
2018-10-21 22:15:42,940:INFO: - Eval metrics : accuracy: 0.771 ; loss: 0.503
2018-10-21 22:15:42,976:INFO: - Found new best accuracy
2018-10-21 22:15:42,978:INFO: Epoch 6/30
2018-10-21 22:15:54,305:INFO: - Train metrics: accuracy: 0.781 ; loss: 0.492
2018-10-21 22:15:56,016:INFO: - Eval metrics : accuracy: 0.779 ; loss: 0.487
2018-10-21 22:15:56,052:INFO: - Found new best accuracy
2018-10-21 22:15:56,052:INFO: Epoch 7/30
2018-10-21 22:16:06,177:INFO: - Train metrics: accuracy: 0.792 ; loss: 0.472
2018-10-21 22:16:07,680:INFO: - Eval metrics : accuracy: 0.786 ; loss: 0.477
2018-10-21 22:16:07,720:INFO: - Found new best accuracy
2018-10-21 22:16:07,720:INFO: Epoch 8/30
2018-10-21 22:16:18,845:INFO: - Train metrics: accuracy: 0.789 ; loss: 0.461
2018-10-21 22:16:20,530:INFO: - Eval metrics : accuracy: 0.787 ; loss: 0.473
2018-10-21 22:16:20,570:INFO: - Found new best accuracy
2018-10-21 22:16:20,571:INFO: Epoch 9/30
2018-10-21 22:16:30,388:INFO: - Train metrics: accuracy: 0.785 ; loss: 0.457
2018-10-21 22:16:31,827:INFO: - Eval metrics : accuracy: 0.787 ; loss: 0.471
2018-10-21 22:16:31,830:INFO: - Found new best accuracy
2018-10-21 22:16:31,830:INFO: Epoch 10/30
2018-10-21 22:16:43,181:INFO: - Train metrics: accuracy: 0.789 ; loss: 0.454
2018-10-21 22:16:44,967:INFO: - Eval metrics : accuracy: 0.788 ; loss: 0.469
2018-10-21 22:16:45,005:INFO: - Found new best accuracy
2018-10-21 22:16:45,005:INFO: Epoch 11/30
2018-10-21 22:16:56,341:INFO: - Train metrics: accuracy: 0.790 ; loss: 0.453
2018-10-21 22:16:58,117:INFO: - Eval metrics : accuracy: 0.789 ; loss: 0.468
2018-10-21 22:16:58,147:INFO: - Found new best accuracy
2018-10-21 22:16:58,147:INFO: Epoch 12/30
2018-10-21 22:17:09,461:INFO: - Train metrics: accuracy: 0.791 ; loss: 0.451
2018-10-21 22:17:11,247:INFO: - Eval metrics : accuracy: 0.790 ; loss: 0.467
2018-10-21 22:17:11,297:INFO: - Found new best accuracy
2018-10-21 22:17:11,298:INFO: Epoch 13/30
2018-10-21 22:17:21,587:INFO: - Train metrics: accuracy: 0.791 ; loss: 0.451
2018-10-21 22:17:23,363:INFO: - Eval metrics : accuracy: 0.790 ; loss: 0.467
2018-10-21 22:17:23,406:INFO: - Found new best accuracy
2018-10-21 22:17:23,407:INFO: Epoch 14/30
2018-10-21 22:17:34,712:INFO: - Train metrics: accuracy: 0.793 ; loss: 0.450
2018-10-21 22:17:36,483:INFO: - Eval metrics : accuracy: 0.790 ; loss: 0.466
2018-10-21 22:17:36,519:INFO: - Found new best accuracy
2018-10-21 22:17:36,520:INFO: Epoch 15/30
2018-10-21 22:17:46,776:INFO: - Train metrics: accuracy: 0.792 ; loss: 0.450
2018-10-21 22:17:48,291:INFO: - Eval metrics : accuracy: 0.791 ; loss: 0.466
2018-10-21 22:17:48,329:INFO: - Found new best accuracy
2018-10-21 22:17:48,330:INFO: Epoch 16/30
2018-10-21 22:17:58,384:INFO: - Train metrics: accuracy: 0.793 ; loss: 0.449
2018-10-21 22:17:59,911:INFO: - Eval metrics : accuracy: 0.791 ; loss: 0.466
2018-10-21 22:17:59,938:INFO: Epoch 17/30
2018-10-21 22:18:09,836:INFO: - Train metrics: accuracy: 0.793 ; loss: 0.449
2018-10-21 22:18:11,177:INFO: - Eval metrics : accuracy: 0.791 ; loss: 0.466
2018-10-21 22:18:11,215:INFO: Epoch 18/30
2018-10-21 22:18:21,338:INFO: - Train metrics: accuracy: 0.793 ; loss: 0.449
2018-10-21 22:18:22,844:INFO: - Eval metrics : accuracy: 0.791 ; loss: 0.466
2018-10-21 22:18:22,883:INFO: - Found new best accuracy
2018-10-21 22:18:22,883:INFO: Epoch 19/30
2018-10-21 22:18:33,262:INFO: - Train metrics: accuracy: 0.793 ; loss: 0.449
2018-10-21 22:18:34,882:INFO: - Eval metrics : accuracy: 0.791 ; loss: 0.466
2018-10-21 22:18:34,921:INFO: - Found new best accuracy
2018-10-21 22:18:34,921:INFO: Epoch 20/30
2018-10-21 22:18:45,151:INFO: - Train metrics: accuracy: 0.793 ; loss: 0.449
2018-10-21 22:18:46,660:INFO: - Eval metrics : accuracy: 0.791 ; loss: 0.466
2018-10-21 22:18:46,714:INFO: - Found new best accuracy
2018-10-21 22:18:46,715:INFO: Epoch 21/30
2018-10-21 22:18:58,040:INFO: - Train metrics: accuracy: 0.793 ; loss: 0.449
2018-10-21 22:18:59,852:INFO: - Eval metrics : accuracy: 0.791 ; loss: 0.466
2018-10-21 22:18:59,889:INFO: - Found new best accuracy
2018-10-21 22:18:59,890:INFO: Epoch 22/30
2018-10-21 22:19:10,244:INFO: - Train metrics: accuracy: 0.793 ; loss: 0.449
2018-10-21 22:19:12,027:INFO: - Eval metrics : accuracy: 0.791 ; loss: 0.466
2018-10-21 22:19:12,064:INFO: - Found new best accuracy
2018-10-21 22:19:12,065:INFO: Epoch 23/30
2018-10-21 22:19:23,506:INFO: - Train metrics: accuracy: 0.794 ; loss: 0.449
2018-10-21 22:19:24,933:INFO: - Eval metrics : accuracy: 0.791 ; loss: 0.466
2018-10-21 22:19:24,973:INFO: Epoch 24/30
2018-10-21 22:19:36,311:INFO: - Train metrics: accuracy: 0.794 ; loss: 0.449
2018-10-21 22:19:38,089:INFO: - Eval metrics : accuracy: 0.791 ; loss: 0.466
2018-10-21 22:19:38,145:INFO: Epoch 25/30
2018-10-21 22:19:49,476:INFO: - Train metrics: accuracy: 0.794 ; loss: 0.449
2018-10-21 22:19:51,269:INFO: - Eval metrics : accuracy: 0.791 ; loss: 0.465
2018-10-21 22:19:51,307:INFO: Epoch 26/30
2018-10-21 22:20:02,558:INFO: - Train metrics: accuracy: 0.794 ; loss: 0.449
2018-10-21 22:20:04,324:INFO: - Eval metrics : accuracy: 0.791 ; loss: 0.465
2018-10-21 22:20:04,351:INFO: Epoch 27/30
2018-10-21 22:20:15,660:INFO: - Train metrics: accuracy: 0.794 ; loss: 0.449
2018-10-21 22:20:17,436:INFO: - Eval metrics : accuracy: 0.791 ; loss: 0.465
2018-10-21 22:20:17,474:INFO: Epoch 28/30
2018-10-21 22:20:28,802:INFO: - Train metrics: accuracy: 0.794 ; loss: 0.449
2018-10-21 22:20:30,583:INFO: - Eval metrics : accuracy: 0.791 ; loss: 0.465
2018-10-21 22:20:30,624:INFO: Epoch 29/30
2018-10-21 22:20:41,887:INFO: - Train metrics: accuracy: 0.794 ; loss: 0.449
2018-10-21 22:20:43,325:INFO: - Eval metrics : accuracy: 0.791 ; loss: 0.465
2018-10-21 22:20:43,358:INFO: Epoch 30/30
2018-10-21 22:20:54,742:INFO: - Train metrics: accuracy: 0.794 ; loss: 0.449
2018-10-21 22:20:56,517:INFO: - Eval metrics : accuracy: 0.791 ; loss: 0.465
2018-10-21 22:20:56,562:INFO: Total time (minutes) =6.367008101940155
