2018-10-29 20:03:47,543:INFO: Loading the dataset ...
2018-10-29 20:03:48,055:INFO: - done.
2018-10-29 20:03:50,356:INFO: Starting evaluation
2018-10-29 20:03:55,088:INFO: Labels=[1. 0. 0. 0. 1. 0. 0. 1. 1. 0.]
2018-10-29 20:03:55,088:INFO: Out prob=[9.97525990e-01 2.00139359e-01 5.27184963e-01 1.74284098e-03
 7.19137967e-01 9.01251376e-01 7.53177462e-15 9.99049842e-01
 9.97978032e-01 6.41265605e-03]
2018-10-29 20:03:55,089:INFO: ------------------------------------------------------------------------------------------------------------------------
2018-10-29 20:03:55,089:INFO: len labels after =32000
2018-10-29 20:03:55,089:INFO: len out_prob after32000
2018-10-29 20:03:55,089:INFO: length y_test=32000
2018-10-29 20:03:55,089:INFO: Lenght y_score=32000
2018-10-29 20:03:55,095:INFO: Length y_score 32000
2018-10-29 20:03:55,095:INFO: Length y_test 32000
2018-10-29 20:03:55,095:INFO: Thresholds[0:6] = 
 [0.99990714 0.99990058 0.99989772 0.99989021 0.99988222 0.99988043]
2018-10-29 20:03:55,095:INFO: Thresholds lenght = 
31669
2018-10-29 20:03:55,095:INFO: fpr lenght31669
2018-10-29 20:03:55,095:INFO: tpr lenght31669
2018-10-29 20:03:55,246:INFO: ------------------------------------------------------------------------------------------------------------------------
2018-10-29 20:03:55,253:INFO: roc_auc=0.9823570487592072
2018-10-29 20:03:55,253:INFO: ------------------------------------------------------------------------------------------------------------------------
2018-10-29 20:03:55,255:INFO: - Eval metrics : accuracy: 0.93325 ; loss: 0.16634
