2018-10-21 18:44:52,154:INFO: Loading the dataset ...
2018-10-21 18:44:52,510:INFO: - done.
2018-10-21 18:44:56,551:INFO: Starting evaluation
2018-10-21 18:45:01,092:INFO: Labels=[0. 0. 1. 0. 0. 0. 0. 1. 0. 1.]
2018-10-21 18:45:01,093:INFO: Out prob=[1.37341648e-01 3.49162042e-01 4.57049608e-01 6.28443897e-01
 6.76666081e-01 5.17301087e-04 3.80924647e-03 9.48904276e-01
 4.28525239e-01 9.67319012e-01]
2018-10-21 18:45:01,093:INFO: ------------------------------------------------------------------------------------------------------------------------
2018-10-21 18:45:01,093:INFO: len labels after =15872
2018-10-21 18:45:01,093:INFO: len out_prob after15872
2018-10-21 18:45:01,093:INFO: length y_test=15872
2018-10-21 18:45:01,093:INFO: Lenght y_score=15872
2018-10-21 18:45:01,096:INFO: Length y_score 15872
2018-10-21 18:45:01,096:INFO: Length y_test 15872
2018-10-21 18:45:01,096:INFO: Thresholds[0:6] = 
 [0.99983764 0.99977821 0.99912804 0.99900848 0.99885774 0.99870455]
2018-10-21 18:45:01,096:INFO: Thresholds lenght = 
15864
2018-10-21 18:45:01,096:INFO: fpr lenght15864
2018-10-21 18:45:01,096:INFO: tpr lenght15864
2018-10-21 18:45:01,143:INFO: ------------------------------------------------------------------------------------------------------------------------
2018-10-21 18:45:01,147:INFO: roc_auc=0.91028795827812
2018-10-21 18:45:01,147:INFO: ------------------------------------------------------------------------------------------------------------------------
2018-10-21 18:45:01,148:INFO: - Eval metrics : accuracy: 0.830 ; loss: 0.375
