2018-10-21 18:24:01,135:INFO: sample_name=top_qcd_jets_antikt_kt__40000_Njets_256_batch
2018-10-21 18:24:01,136:INFO: ------------------------------------------------------------
2018-10-21 18:24:01,136:INFO: Loading the datasets...
2018-10-21 18:24:02,395:INFO: - done loading the datasets
2018-10-21 18:24:02,396:INFO: ------------------------------------------------------------
2018-10-21 18:24:07,572:INFO: Building optimizer...
2018-10-21 18:24:07,572:INFO: Starting training for 30 epoch(s)
2018-10-21 18:24:07,572:INFO: Epoch 1/30
2018-10-21 18:24:42,870:INFO: - Train metrics: accuracy: 0.537 ; loss: 0.775
2018-10-21 18:24:48,895:INFO: - Eval metrics : accuracy: 0.710 ; loss: 0.606
2018-10-21 18:24:49,010:INFO: - Found new best accuracy
2018-10-21 18:24:49,010:INFO: Epoch 2/30
2018-10-21 18:25:24,448:INFO: - Train metrics: accuracy: 0.748 ; loss: 0.532
2018-10-21 18:25:30,372:INFO: - Eval metrics : accuracy: 0.787 ; loss: 0.491
2018-10-21 18:25:30,411:INFO: - Found new best accuracy
2018-10-21 18:25:30,411:INFO: Epoch 3/30
2018-10-21 18:26:05,632:INFO: - Train metrics: accuracy: 0.754 ; loss: 0.493
2018-10-21 18:26:11,247:INFO: - Eval metrics : accuracy: 0.761 ; loss: 0.508
2018-10-21 18:26:11,302:INFO: Epoch 4/30
2018-10-21 18:26:46,893:INFO: - Train metrics: accuracy: 0.771 ; loss: 0.473
2018-10-21 18:26:52,478:INFO: - Eval metrics : accuracy: 0.795 ; loss: 0.464
2018-10-21 18:26:52,508:INFO: - Found new best accuracy
2018-10-21 18:26:52,509:INFO: Epoch 5/30
2018-10-21 18:27:27,060:INFO: - Train metrics: accuracy: 0.814 ; loss: 0.440
2018-10-21 18:27:32,882:INFO: - Eval metrics : accuracy: 0.792 ; loss: 0.481
2018-10-21 18:27:32,910:INFO: Epoch 6/30
2018-10-21 18:28:07,778:INFO: - Train metrics: accuracy: 0.807 ; loss: 0.458
2018-10-21 18:28:13,844:INFO: - Eval metrics : accuracy: 0.785 ; loss: 0.456
2018-10-21 18:28:13,883:INFO: Epoch 7/30
2018-10-21 18:28:48,893:INFO: - Train metrics: accuracy: 0.814 ; loss: 0.430
2018-10-21 18:28:54,913:INFO: - Eval metrics : accuracy: 0.792 ; loss: 0.461
2018-10-21 18:28:54,952:INFO: Epoch 8/30
2018-10-21 18:29:30,169:INFO: - Train metrics: accuracy: 0.803 ; loss: 0.423
2018-10-21 18:29:36,270:INFO: - Eval metrics : accuracy: 0.807 ; loss: 0.417
2018-10-21 18:29:36,307:INFO: - Found new best accuracy
2018-10-21 18:29:36,308:INFO: Epoch 9/30
2018-10-21 18:30:12,844:INFO: - Train metrics: accuracy: 0.824 ; loss: 0.392
2018-10-21 18:30:17,781:INFO: - Eval metrics : accuracy: 0.810 ; loss: 0.408
2018-10-21 18:30:17,809:INFO: - Found new best accuracy
2018-10-21 18:30:17,809:INFO: Epoch 10/30
2018-10-21 18:30:55,242:INFO: - Train metrics: accuracy: 0.834 ; loss: 0.377
2018-10-21 18:31:00,227:INFO: - Eval metrics : accuracy: 0.812 ; loss: 0.404
2018-10-21 18:31:00,272:INFO: - Found new best accuracy
2018-10-21 18:31:00,273:INFO: Epoch 11/30
2018-10-21 18:31:39,029:INFO: - Train metrics: accuracy: 0.830 ; loss: 0.372
2018-10-21 18:31:44,390:INFO: - Eval metrics : accuracy: 0.813 ; loss: 0.402
2018-10-21 18:31:44,429:INFO: - Found new best accuracy
2018-10-21 18:31:44,430:INFO: Epoch 12/30
2018-10-21 18:32:18,855:INFO: - Train metrics: accuracy: 0.832 ; loss: 0.369
2018-10-21 18:32:23,280:INFO: - Eval metrics : accuracy: 0.814 ; loss: 0.398
2018-10-21 18:32:23,283:INFO: - Found new best accuracy
2018-10-21 18:32:23,293:INFO: Epoch 13/30
2018-10-21 18:32:57,385:INFO: - Train metrics: accuracy: 0.846 ; loss: 0.362
2018-10-21 18:33:02,891:INFO: - Eval metrics : accuracy: 0.816 ; loss: 0.397
2018-10-21 18:33:02,932:INFO: - Found new best accuracy
2018-10-21 18:33:02,933:INFO: Epoch 14/30
2018-10-21 18:33:39,693:INFO: - Train metrics: accuracy: 0.844 ; loss: 0.358
2018-10-21 18:33:44,129:INFO: - Eval metrics : accuracy: 0.815 ; loss: 0.398
2018-10-21 18:33:44,157:INFO: Epoch 15/30
2018-10-21 18:34:19,919:INFO: - Train metrics: accuracy: 0.848 ; loss: 0.359
2018-10-21 18:34:24,258:INFO: - Eval metrics : accuracy: 0.817 ; loss: 0.396
2018-10-21 18:34:24,314:INFO: - Found new best accuracy
2018-10-21 18:34:24,315:INFO: Epoch 16/30
2018-10-21 18:35:00,159:INFO: - Train metrics: accuracy: 0.852 ; loss: 0.354
2018-10-21 18:35:05,142:INFO: - Eval metrics : accuracy: 0.820 ; loss: 0.389
2018-10-21 18:35:05,182:INFO: - Found new best accuracy
2018-10-21 18:35:05,182:INFO: Epoch 17/30
2018-10-21 18:35:43,313:INFO: - Train metrics: accuracy: 0.863 ; loss: 0.346
2018-10-21 18:35:48,941:INFO: - Eval metrics : accuracy: 0.819 ; loss: 0.388
2018-10-21 18:35:48,985:INFO: Epoch 18/30
2018-10-21 18:36:24,424:INFO: - Train metrics: accuracy: 0.852 ; loss: 0.347
2018-10-21 18:36:30,176:INFO: - Eval metrics : accuracy: 0.819 ; loss: 0.386
2018-10-21 18:36:30,205:INFO: Epoch 19/30
2018-10-21 18:37:05,744:INFO: - Train metrics: accuracy: 0.848 ; loss: 0.343
2018-10-21 18:37:11,624:INFO: - Eval metrics : accuracy: 0.821 ; loss: 0.384
2018-10-21 18:37:11,665:INFO: - Found new best accuracy
2018-10-21 18:37:11,666:INFO: Epoch 20/30
2018-10-21 18:37:47,875:INFO: - Train metrics: accuracy: 0.854 ; loss: 0.342
2018-10-21 18:37:52,547:INFO: - Eval metrics : accuracy: 0.821 ; loss: 0.381
2018-10-21 18:37:52,587:INFO: - Found new best accuracy
2018-10-21 18:37:52,588:INFO: Epoch 21/30
2018-10-21 18:38:30,765:INFO: - Train metrics: accuracy: 0.859 ; loss: 0.336
2018-10-21 18:38:35,110:INFO: - Eval metrics : accuracy: 0.822 ; loss: 0.379
2018-10-21 18:38:35,140:INFO: - Found new best accuracy
2018-10-21 18:38:35,141:INFO: Epoch 22/30
2018-10-21 18:39:12,283:INFO: - Train metrics: accuracy: 0.855 ; loss: 0.336
2018-10-21 18:39:17,771:INFO: - Eval metrics : accuracy: 0.822 ; loss: 0.384
2018-10-21 18:39:17,807:INFO: - Found new best accuracy
2018-10-21 18:39:17,808:INFO: Epoch 23/30
2018-10-21 18:39:52,800:INFO: - Train metrics: accuracy: 0.857 ; loss: 0.339
2018-10-21 18:39:58,372:INFO: - Eval metrics : accuracy: 0.823 ; loss: 0.379
2018-10-21 18:39:58,410:INFO: - Found new best accuracy
2018-10-21 18:39:58,411:INFO: Epoch 24/30
2018-10-21 18:40:35,047:INFO: - Train metrics: accuracy: 0.848 ; loss: 0.335
2018-10-21 18:40:40,675:INFO: - Eval metrics : accuracy: 0.824 ; loss: 0.378
2018-10-21 18:40:40,713:INFO: - Found new best accuracy
2018-10-21 18:40:40,714:INFO: Epoch 25/30
2018-10-21 18:41:18,353:INFO: - Train metrics: accuracy: 0.844 ; loss: 0.337
2018-10-21 18:41:23,055:INFO: - Eval metrics : accuracy: 0.826 ; loss: 0.379
2018-10-21 18:41:23,095:INFO: - Found new best accuracy
2018-10-21 18:41:23,096:INFO: Epoch 26/30
2018-10-21 18:41:57,359:INFO: - Train metrics: accuracy: 0.844 ; loss: 0.337
2018-10-21 18:42:03,277:INFO: - Eval metrics : accuracy: 0.825 ; loss: 0.380
2018-10-21 18:42:03,312:INFO: Epoch 27/30
2018-10-21 18:42:40,300:INFO: - Train metrics: accuracy: 0.840 ; loss: 0.336
2018-10-21 18:42:45,587:INFO: - Eval metrics : accuracy: 0.826 ; loss: 0.379
2018-10-21 18:42:45,631:INFO: Epoch 28/30
2018-10-21 18:43:21,536:INFO: - Train metrics: accuracy: 0.842 ; loss: 0.336
2018-10-21 18:43:26,920:INFO: - Eval metrics : accuracy: 0.827 ; loss: 0.374
2018-10-21 18:43:26,961:INFO: - Found new best accuracy
2018-10-21 18:43:26,963:INFO: Epoch 29/30
2018-10-21 18:44:03,646:INFO: - Train metrics: accuracy: 0.836 ; loss: 0.332
2018-10-21 18:44:08,475:INFO: - Eval metrics : accuracy: 0.827 ; loss: 0.375
2018-10-21 18:44:08,527:INFO: Epoch 30/30
2018-10-21 18:44:44,335:INFO: - Train metrics: accuracy: 0.840 ; loss: 0.333
2018-10-21 18:44:50,065:INFO: - Eval metrics : accuracy: 0.827 ; loss: 0.374
2018-10-21 18:44:50,105:INFO: Total time (minutes) =20.816165979703268
