2018-10-29 18:42:25,247:INFO: Loading the dataset ...
2018-10-29 18:42:25,572:INFO: - done.
2018-10-29 18:42:27,164:INFO: Starting evaluation
2018-10-29 18:42:27,852:INFO: Labels=[0. 0. 1. 0. 0. 0. 0. 1. 0. 1.]
2018-10-29 18:42:27,852:INFO: Out prob=[3.58826110e-05 8.80417585e-01 9.01361406e-01 9.04641509e-01
 7.21476197e-01 1.52234520e-07 3.94698139e-03 7.46033192e-01
 2.68314213e-01 9.16760921e-01]
2018-10-29 18:42:27,852:INFO: ------------------------------------------------------------------------------------------------------------------------
2018-10-29 18:42:27,852:INFO: len labels after =15360
2018-10-29 18:42:27,853:INFO: len out_prob after15360
2018-10-29 18:42:27,853:INFO: length y_test=15360
2018-10-29 18:42:27,853:INFO: Lenght y_score=15360
2018-10-29 18:42:27,856:INFO: Length y_score 15360
2018-10-29 18:42:27,856:INFO: Length y_test 15360
2018-10-29 18:42:27,856:INFO: Thresholds[0:6] = 
 [0.97206014 0.96995217 0.96979123 0.9695546  0.9693346  0.96842057]
2018-10-29 18:42:27,856:INFO: Thresholds lenght = 
15349
2018-10-29 18:42:27,856:INFO: fpr lenght15349
2018-10-29 18:42:27,856:INFO: tpr lenght15349
2018-10-29 18:42:27,901:INFO: ------------------------------------------------------------------------------------------------------------------------
2018-10-29 18:42:27,905:INFO: roc_auc=0.8786494086142546
2018-10-29 18:42:27,905:INFO: ------------------------------------------------------------------------------------------------------------------------
2018-10-29 18:42:27,906:INFO: - Eval metrics : accuracy: 0.79805 ; loss: 0.42424
