2018-10-21 21:47:01,675:INFO: Loading the dataset ...
2018-10-21 21:47:01,921:INFO: - done.
2018-10-21 21:47:05,731:INFO: Starting evaluation
2018-10-21 21:47:07,381:INFO: Labels=[0. 0. 1. 0. 0. 0. 0. 1. 0. 1.]
2018-10-21 21:47:07,381:INFO: Out prob=[0.42080706 0.45953041 0.35596052 0.66588187 0.65814048 0.07270191
 0.0746262  0.79832613 0.70013493 0.88821328]
2018-10-21 21:47:07,381:INFO: ------------------------------------------------------------------------------------------------------------------------
2018-10-21 21:47:07,381:INFO: len labels after =15360
2018-10-21 21:47:07,381:INFO: len out_prob after15360
2018-10-21 21:47:07,381:INFO: length y_test=15360
2018-10-21 21:47:07,382:INFO: Lenght y_score=15360
2018-10-21 21:47:07,385:INFO: Length y_score 15360
2018-10-21 21:47:07,385:INFO: Length y_test 15360
2018-10-21 21:47:07,385:INFO: Thresholds[0:6] = 
 [0.98782605 0.98103815 0.9758597  0.97309542 0.97276706 0.9724381 ]
2018-10-21 21:47:07,385:INFO: Thresholds lenght = 
15353
2018-10-21 21:47:07,385:INFO: fpr lenght15353
2018-10-21 21:47:07,385:INFO: tpr lenght15353
2018-10-21 21:47:07,430:INFO: ------------------------------------------------------------------------------------------------------------------------
2018-10-21 21:47:07,434:INFO: roc_auc=0.8437719360991065
2018-10-21 21:47:07,434:INFO: ------------------------------------------------------------------------------------------------------------------------
2018-10-21 21:47:07,435:INFO: - Eval metrics : accuracy: 0.772 ; loss: 0.483
