2018-10-29 18:35:35,937:INFO: Loading the dataset ...
2018-10-29 18:35:36,203:INFO: - done.
2018-10-29 18:35:37,821:INFO: Starting evaluation
2018-10-29 18:35:40,433:INFO: Labels=[0. 0. 1. 0. 0. 0. 0. 1. 0. 1.]
2018-10-29 18:35:40,433:INFO: Out prob=[9.85832885e-05 6.25041425e-01 9.91542816e-01 8.70618045e-01
 5.52239358e-01 1.49952967e-07 2.85422400e-04 7.13746428e-01
 5.06394252e-04 9.83141780e-01]
2018-10-29 18:35:40,433:INFO: ------------------------------------------------------------------------------------------------------------------------
2018-10-29 18:35:40,433:INFO: len labels after =16000
2018-10-29 18:35:40,433:INFO: len out_prob after16000
2018-10-29 18:35:40,433:INFO: length y_test=16000
2018-10-29 18:35:40,433:INFO: Lenght y_score=16000
2018-10-29 18:35:40,436:INFO: Length y_score 16000
2018-10-29 18:35:40,437:INFO: Length y_test 16000
2018-10-29 18:35:40,437:INFO: Thresholds[0:6] = 
 [0.99788314 0.9977569  0.9977138  0.9977119  0.99769056 0.99763703]
2018-10-29 18:35:40,437:INFO: Thresholds lenght = 
15965
2018-10-29 18:35:40,437:INFO: fpr lenght15965
2018-10-29 18:35:40,437:INFO: tpr lenght15965
2018-10-29 18:35:40,487:INFO: ------------------------------------------------------------------------------------------------------------------------
2018-10-29 18:35:40,491:INFO: roc_auc=0.9680346401255414
2018-10-29 18:35:40,491:INFO: ------------------------------------------------------------------------------------------------------------------------
2018-10-29 18:35:40,492:INFO: - Eval metrics : accuracy: 0.90925 ; loss: 0.22068
