2018-10-29 17:08:53,740:INFO: search_hyperparam_sample_name=top_qcd_jets_antikt_kt__40000_Njets_64_batch
2018-10-29 17:08:53,741:INFO: ------------------------------------------------------------
2018-10-29 17:08:53,741:INFO: Loading the datasets...
2018-10-29 17:08:54,873:INFO: - done loading the datasets
2018-10-29 17:08:54,874:INFO: ------------------------------------------------------------
2018-10-29 17:08:56,385:INFO: Building optimizer...
2018-10-29 17:08:56,385:INFO: Starting training for 35 epoch(s)
2018-10-29 17:08:56,385:INFO: Epoch 1/35
2018-10-29 17:09:16,333:INFO: - Train metrics: accuracy: 0.703 ; loss: 0.746
2018-10-29 17:09:20,243:INFO: - Eval metrics : accuracy: 0.751 ; loss: 0.502
2018-10-29 17:09:20,256:INFO: - Found new best accuracy
2018-10-29 17:09:20,257:INFO: Epoch 2/35
2018-10-29 17:09:38,591:INFO: - Train metrics: accuracy: 0.763 ; loss: 0.449
2018-10-29 17:09:43,008:INFO: - Eval metrics : accuracy: 0.773 ; loss: 0.460
2018-10-29 17:09:43,046:INFO: - Found new best accuracy
2018-10-29 17:09:43,047:INFO: Epoch 3/35
2018-10-29 17:10:02,254:INFO: - Train metrics: accuracy: 0.799 ; loss: 0.418
2018-10-29 17:10:06,811:INFO: - Eval metrics : accuracy: 0.797 ; loss: 0.428
2018-10-29 17:10:06,840:INFO: - Found new best accuracy
2018-10-29 17:10:06,840:INFO: Epoch 4/35
2018-10-29 17:10:26,559:INFO: - Train metrics: accuracy: 0.799 ; loss: 0.406
2018-10-29 17:10:30,693:INFO: - Eval metrics : accuracy: 0.798 ; loss: 0.423
2018-10-29 17:10:30,731:INFO: - Found new best accuracy
2018-10-29 17:10:30,731:INFO: Epoch 5/35
2018-10-29 17:10:50,658:INFO: - Train metrics: accuracy: 0.815 ; loss: 0.395
2018-10-29 17:10:54,490:INFO: - Eval metrics : accuracy: 0.797 ; loss: 0.424
2018-10-29 17:10:54,525:INFO: Epoch 6/35
2018-10-29 17:11:11,758:INFO: - Train metrics: accuracy: 0.833 ; loss: 0.376
2018-10-29 17:11:15,538:INFO: - Eval metrics : accuracy: 0.799 ; loss: 0.418
2018-10-29 17:11:15,579:INFO: - Found new best accuracy
2018-10-29 17:11:15,580:INFO: Epoch 7/35
2018-10-29 17:11:34,411:INFO: - Train metrics: accuracy: 0.844 ; loss: 0.369
2018-10-29 17:11:38,198:INFO: - Eval metrics : accuracy: 0.807 ; loss: 0.406
2018-10-29 17:11:38,234:INFO: - Found new best accuracy
2018-10-29 17:11:38,234:INFO: Epoch 8/35
2018-10-29 17:11:56,967:INFO: - Train metrics: accuracy: 0.841 ; loss: 0.360
2018-10-29 17:12:00,771:INFO: - Eval metrics : accuracy: 0.816 ; loss: 0.392
2018-10-29 17:12:00,809:INFO: - Found new best accuracy
2018-10-29 17:12:00,809:INFO: Epoch 9/35
2018-10-29 17:12:17,994:INFO: - Train metrics: accuracy: 0.828 ; loss: 0.362
2018-10-29 17:12:21,779:INFO: - Eval metrics : accuracy: 0.823 ; loss: 0.376
2018-10-29 17:12:21,782:INFO: - Found new best accuracy
2018-10-29 17:12:21,782:INFO: Epoch 10/35
2018-10-29 17:12:38,559:INFO: - Train metrics: accuracy: 0.870 ; loss: 0.315
2018-10-29 17:12:42,295:INFO: - Eval metrics : accuracy: 0.846 ; loss: 0.334
2018-10-29 17:12:42,326:INFO: - Found new best accuracy
2018-10-29 17:12:42,326:INFO: Epoch 11/35
2018-10-29 17:12:59,444:INFO: - Train metrics: accuracy: 0.883 ; loss: 0.265
2018-10-29 17:13:03,254:INFO: - Eval metrics : accuracy: 0.877 ; loss: 0.280
2018-10-29 17:13:03,295:INFO: - Found new best accuracy
2018-10-29 17:13:03,296:INFO: Epoch 12/35
2018-10-29 17:13:20,412:INFO: - Train metrics: accuracy: 0.904 ; loss: 0.229
2018-10-29 17:13:24,143:INFO: - Eval metrics : accuracy: 0.890 ; loss: 0.260
2018-10-29 17:13:24,183:INFO: - Found new best accuracy
2018-10-29 17:13:24,184:INFO: Epoch 13/35
2018-10-29 17:13:41,608:INFO: - Train metrics: accuracy: 0.906 ; loss: 0.206
2018-10-29 17:13:45,399:INFO: - Eval metrics : accuracy: 0.893 ; loss: 0.252
2018-10-29 17:13:45,439:INFO: - Found new best accuracy
2018-10-29 17:13:45,439:INFO: Epoch 14/35
2018-10-29 17:14:02,395:INFO: - Train metrics: accuracy: 0.914 ; loss: 0.214
2018-10-29 17:14:06,139:INFO: - Eval metrics : accuracy: 0.898 ; loss: 0.241
2018-10-29 17:14:06,166:INFO: - Found new best accuracy
2018-10-29 17:14:06,166:INFO: Epoch 15/35
2018-10-29 17:14:23,866:INFO: - Train metrics: accuracy: 0.909 ; loss: 0.205
2018-10-29 17:14:27,599:INFO: - Eval metrics : accuracy: 0.903 ; loss: 0.233
2018-10-29 17:14:27,601:INFO: - Found new best accuracy
2018-10-29 17:14:27,601:INFO: Epoch 16/35
2018-10-29 17:14:44,567:INFO: - Train metrics: accuracy: 0.922 ; loss: 0.192
2018-10-29 17:14:48,294:INFO: - Eval metrics : accuracy: 0.905 ; loss: 0.229
2018-10-29 17:14:48,383:INFO: - Found new best accuracy
2018-10-29 17:14:48,384:INFO: Epoch 17/35
2018-10-29 17:15:05,681:INFO: - Train metrics: accuracy: 0.922 ; loss: 0.190
2018-10-29 17:15:09,509:INFO: - Eval metrics : accuracy: 0.907 ; loss: 0.227
2018-10-29 17:15:09,552:INFO: - Found new best accuracy
2018-10-29 17:15:09,552:INFO: Epoch 18/35
2018-10-29 17:15:26,259:INFO: - Train metrics: accuracy: 0.930 ; loss: 0.180
2018-10-29 17:15:29,977:INFO: - Eval metrics : accuracy: 0.906 ; loss: 0.226
2018-10-29 17:15:30,005:INFO: Epoch 19/35
2018-10-29 17:15:48,340:INFO: - Train metrics: accuracy: 0.930 ; loss: 0.179
2018-10-29 17:15:52,177:INFO: - Eval metrics : accuracy: 0.908 ; loss: 0.223
2018-10-29 17:15:52,219:INFO: - Found new best accuracy
2018-10-29 17:15:52,220:INFO: Epoch 20/35
2018-10-29 17:16:10,046:INFO: - Train metrics: accuracy: 0.927 ; loss: 0.178
2018-10-29 17:16:13,835:INFO: - Eval metrics : accuracy: 0.910 ; loss: 0.221
2018-10-29 17:16:13,872:INFO: - Found new best accuracy
2018-10-29 17:16:13,873:INFO: Epoch 21/35
2018-10-29 17:16:32,201:INFO: - Train metrics: accuracy: 0.922 ; loss: 0.179
2018-10-29 17:16:36,009:INFO: - Eval metrics : accuracy: 0.909 ; loss: 0.219
2018-10-29 17:16:36,049:INFO: Epoch 22/35
2018-10-29 17:16:53,377:INFO: - Train metrics: accuracy: 0.924 ; loss: 0.180
2018-10-29 17:16:57,212:INFO: - Eval metrics : accuracy: 0.910 ; loss: 0.218
2018-10-29 17:16:57,253:INFO: - Found new best accuracy
2018-10-29 17:16:57,254:INFO: Epoch 23/35
2018-10-29 17:17:14,740:INFO: - Train metrics: accuracy: 0.927 ; loss: 0.178
2018-10-29 17:17:18,547:INFO: - Eval metrics : accuracy: 0.910 ; loss: 0.218
2018-10-29 17:17:18,549:INFO: Epoch 24/35
2018-10-29 17:17:36,594:INFO: - Train metrics: accuracy: 0.924 ; loss: 0.174
2018-10-29 17:17:40,633:INFO: - Eval metrics : accuracy: 0.911 ; loss: 0.218
2018-10-29 17:17:40,669:INFO: - Found new best accuracy
2018-10-29 17:17:40,670:INFO: Epoch 25/35
2018-10-29 17:17:58,267:INFO: - Train metrics: accuracy: 0.927 ; loss: 0.170
2018-10-29 17:18:02,043:INFO: - Eval metrics : accuracy: 0.912 ; loss: 0.218
2018-10-29 17:18:02,079:INFO: - Found new best accuracy
2018-10-29 17:18:02,079:INFO: Epoch 26/35
2018-10-29 17:18:18,716:INFO: - Train metrics: accuracy: 0.927 ; loss: 0.170
2018-10-29 17:18:22,491:INFO: - Eval metrics : accuracy: 0.912 ; loss: 0.218
2018-10-29 17:18:22,532:INFO: Epoch 27/35
2018-10-29 17:18:39,441:INFO: - Train metrics: accuracy: 0.932 ; loss: 0.171
2018-10-29 17:18:43,165:INFO: - Eval metrics : accuracy: 0.912 ; loss: 0.217
2018-10-29 17:18:43,205:INFO: Epoch 28/35
2018-10-29 17:19:00,443:INFO: - Train metrics: accuracy: 0.932 ; loss: 0.170
2018-10-29 17:19:04,210:INFO: - Eval metrics : accuracy: 0.913 ; loss: 0.215
2018-10-29 17:19:04,239:INFO: - Found new best accuracy
2018-10-29 17:19:04,240:INFO: Epoch 29/35
2018-10-29 17:19:21,202:INFO: - Train metrics: accuracy: 0.922 ; loss: 0.172
2018-10-29 17:19:25,051:INFO: - Eval metrics : accuracy: 0.913 ; loss: 0.214
2018-10-29 17:19:25,088:INFO: - Found new best accuracy
2018-10-29 17:19:25,089:INFO: Epoch 30/35
2018-10-29 17:19:41,989:INFO: - Train metrics: accuracy: 0.919 ; loss: 0.173
2018-10-29 17:19:45,757:INFO: - Eval metrics : accuracy: 0.912 ; loss: 0.213
2018-10-29 17:19:45,797:INFO: Epoch 31/35
2018-10-29 17:20:03,938:INFO: - Train metrics: accuracy: 0.919 ; loss: 0.173
2018-10-29 17:20:07,721:INFO: - Eval metrics : accuracy: 0.912 ; loss: 0.213
2018-10-29 17:20:07,767:INFO: Epoch 32/35
2018-10-29 17:20:24,474:INFO: - Train metrics: accuracy: 0.922 ; loss: 0.174
2018-10-29 17:20:28,174:INFO: - Eval metrics : accuracy: 0.912 ; loss: 0.213
2018-10-29 17:20:28,207:INFO: Epoch 33/35
2018-10-29 17:20:44,792:INFO: - Train metrics: accuracy: 0.924 ; loss: 0.173
2018-10-29 17:20:48,500:INFO: - Eval metrics : accuracy: 0.912 ; loss: 0.213
2018-10-29 17:20:48,537:INFO: Epoch 34/35
2018-10-29 17:21:05,289:INFO: - Train metrics: accuracy: 0.924 ; loss: 0.173
2018-10-29 17:21:09,071:INFO: - Eval metrics : accuracy: 0.912 ; loss: 0.213
2018-10-29 17:21:09,073:INFO: Epoch 35/35
2018-10-29 17:21:26,519:INFO: - Train metrics: accuracy: 0.922 ; loss: 0.173
2018-10-29 17:21:30,369:INFO: - Eval metrics : accuracy: 0.912 ; loss: 0.213
2018-10-29 17:21:30,403:INFO: Total time (minutes) =12.611036888758342
