2018-10-21 23:08:20,674:INFO: Loading the dataset ...
2018-10-21 23:08:21,068:INFO: - done.
2018-10-21 23:08:25,114:INFO: Starting evaluation
2018-10-21 23:08:28,010:INFO: Labels=[0. 0. 1. 0. 0. 0. 0. 1. 0. 1.]
2018-10-21 23:08:28,010:INFO: Out prob=[0.10625779 0.37549958 0.47869855 0.77116853 0.85639584 0.00133172
 0.01047624 0.94957662 0.36640432 0.97473121]
2018-10-21 23:08:28,011:INFO: ------------------------------------------------------------------------------------------------------------------------
2018-10-21 23:08:28,011:INFO: len labels after =15872
2018-10-21 23:08:28,011:INFO: len out_prob after15872
2018-10-21 23:08:28,011:INFO: length y_test=15872
2018-10-21 23:08:28,011:INFO: Lenght y_score=15872
2018-10-21 23:08:28,014:INFO: Length y_score 15872
2018-10-21 23:08:28,014:INFO: Length y_test 15872
2018-10-21 23:08:28,014:INFO: Thresholds[0:6] = 
 [0.99972624 0.99965227 0.99950922 0.9994241  0.99932253 0.99928868]
2018-10-21 23:08:28,014:INFO: Thresholds lenght = 
15864
2018-10-21 23:08:28,014:INFO: fpr lenght15864
2018-10-21 23:08:28,014:INFO: tpr lenght15864
2018-10-21 23:08:28,061:INFO: ------------------------------------------------------------------------------------------------------------------------
2018-10-21 23:08:28,065:INFO: roc_auc=0.9112597176733422
2018-10-21 23:08:28,065:INFO: ------------------------------------------------------------------------------------------------------------------------
2018-10-21 23:08:28,065:INFO: - Eval metrics : accuracy: 0.831 ; loss: 0.372
