2018-10-21 22:57:36,980:INFO: sample_name=top_qcd_jets_antikt_kt__40000_Njets_512_batch
2018-10-21 22:57:36,981:INFO: ------------------------------------------------------------
2018-10-21 22:57:36,981:INFO: Loading the datasets...
2018-10-21 22:57:38,102:INFO: - done loading the datasets
2018-10-21 22:57:38,102:INFO: ------------------------------------------------------------
2018-10-21 22:57:42,026:INFO: Building optimizer...
2018-10-21 22:57:42,027:INFO: Starting training for 30 epoch(s)
2018-10-21 22:57:42,027:INFO: Epoch 1/30
2018-10-21 22:58:01,482:INFO: - Train metrics: accuracy: 0.535 ; loss: 0.859
2018-10-21 22:58:04,094:INFO: - Eval metrics : accuracy: 0.508 ; loss: 0.693
2018-10-21 22:58:04,152:INFO: - Found new best accuracy
2018-10-21 22:58:04,152:INFO: Epoch 2/30
2018-10-21 22:58:23,223:INFO: - Train metrics: accuracy: 0.482 ; loss: 0.695
2018-10-21 22:58:26,203:INFO: - Eval metrics : accuracy: 0.519 ; loss: 0.692
2018-10-21 22:58:26,241:INFO: - Found new best accuracy
2018-10-21 22:58:26,242:INFO: Epoch 3/30
2018-10-21 22:58:44,981:INFO: - Train metrics: accuracy: 0.496 ; loss: 0.692
2018-10-21 22:58:47,717:INFO: - Eval metrics : accuracy: 0.706 ; loss: 0.621
2018-10-21 22:58:47,759:INFO: - Found new best accuracy
2018-10-21 22:58:47,760:INFO: Epoch 4/30
2018-10-21 22:59:06,494:INFO: - Train metrics: accuracy: 0.707 ; loss: 0.621
2018-10-21 22:59:09,088:INFO: - Eval metrics : accuracy: 0.776 ; loss: 0.477
2018-10-21 22:59:09,127:INFO: - Found new best accuracy
2018-10-21 22:59:09,128:INFO: Epoch 5/30
2018-10-21 22:59:27,838:INFO: - Train metrics: accuracy: 0.797 ; loss: 0.462
2018-10-21 22:59:30,365:INFO: - Eval metrics : accuracy: 0.803 ; loss: 0.437
2018-10-21 22:59:30,405:INFO: - Found new best accuracy
2018-10-21 22:59:30,406:INFO: Epoch 6/30
2018-10-21 22:59:49,061:INFO: - Train metrics: accuracy: 0.812 ; loss: 0.414
2018-10-21 22:59:51,582:INFO: - Eval metrics : accuracy: 0.808 ; loss: 0.415
2018-10-21 22:59:51,619:INFO: - Found new best accuracy
2018-10-21 22:59:51,620:INFO: Epoch 7/30
2018-10-21 23:00:10,230:INFO: - Train metrics: accuracy: 0.824 ; loss: 0.373
2018-10-21 23:00:12,743:INFO: - Eval metrics : accuracy: 0.811 ; loss: 0.400
2018-10-21 23:00:12,790:INFO: - Found new best accuracy
2018-10-21 23:00:12,790:INFO: Epoch 8/30
2018-10-21 23:00:31,485:INFO: - Train metrics: accuracy: 0.838 ; loss: 0.362
2018-10-21 23:00:34,004:INFO: - Eval metrics : accuracy: 0.813 ; loss: 0.394
2018-10-21 23:00:34,041:INFO: - Found new best accuracy
2018-10-21 23:00:34,041:INFO: Epoch 9/30
2018-10-21 23:00:52,690:INFO: - Train metrics: accuracy: 0.846 ; loss: 0.354
2018-10-21 23:00:55,199:INFO: - Eval metrics : accuracy: 0.814 ; loss: 0.406
2018-10-21 23:00:55,202:INFO: - Found new best accuracy
2018-10-21 23:00:55,202:INFO: Epoch 10/30
2018-10-21 23:01:13,848:INFO: - Train metrics: accuracy: 0.820 ; loss: 0.382
2018-10-21 23:01:16,384:INFO: - Eval metrics : accuracy: 0.819 ; loss: 0.389
2018-10-21 23:01:16,423:INFO: - Found new best accuracy
2018-10-21 23:01:16,423:INFO: Epoch 11/30
2018-10-21 23:01:35,176:INFO: - Train metrics: accuracy: 0.830 ; loss: 0.355
2018-10-21 23:01:37,724:INFO: - Eval metrics : accuracy: 0.821 ; loss: 0.384
2018-10-21 23:01:37,760:INFO: - Found new best accuracy
2018-10-21 23:01:37,760:INFO: Epoch 12/30
2018-10-21 23:01:56,151:INFO: - Train metrics: accuracy: 0.828 ; loss: 0.348
2018-10-21 23:01:58,696:INFO: - Eval metrics : accuracy: 0.819 ; loss: 0.390
2018-10-21 23:01:58,768:INFO: Epoch 13/30
2018-10-21 23:02:17,214:INFO: - Train metrics: accuracy: 0.834 ; loss: 0.360
2018-10-21 23:02:20,063:INFO: - Eval metrics : accuracy: 0.818 ; loss: 0.393
2018-10-21 23:02:20,105:INFO: Epoch 14/30
2018-10-21 23:02:38,692:INFO: - Train metrics: accuracy: 0.834 ; loss: 0.362
2018-10-21 23:02:41,252:INFO: - Eval metrics : accuracy: 0.822 ; loss: 0.382
2018-10-21 23:02:41,282:INFO: - Found new best accuracy
2018-10-21 23:02:41,282:INFO: Epoch 15/30
2018-10-21 23:02:59,755:INFO: - Train metrics: accuracy: 0.844 ; loss: 0.346
2018-10-21 23:03:02,310:INFO: - Eval metrics : accuracy: 0.823 ; loss: 0.379
2018-10-21 23:03:02,350:INFO: - Found new best accuracy
2018-10-21 23:03:02,350:INFO: Epoch 16/30
2018-10-21 23:03:20,895:INFO: - Train metrics: accuracy: 0.844 ; loss: 0.343
2018-10-21 23:03:23,419:INFO: - Eval metrics : accuracy: 0.824 ; loss: 0.378
2018-10-21 23:03:23,456:INFO: - Found new best accuracy
2018-10-21 23:03:23,456:INFO: Epoch 17/30
2018-10-21 23:03:42,019:INFO: - Train metrics: accuracy: 0.844 ; loss: 0.341
2018-10-21 23:03:44,498:INFO: - Eval metrics : accuracy: 0.825 ; loss: 0.377
2018-10-21 23:03:44,501:INFO: - Found new best accuracy
2018-10-21 23:03:44,502:INFO: Epoch 18/30
2018-10-21 23:04:02,987:INFO: - Train metrics: accuracy: 0.846 ; loss: 0.339
2018-10-21 23:04:05,543:INFO: - Eval metrics : accuracy: 0.826 ; loss: 0.375
2018-10-21 23:04:05,582:INFO: - Found new best accuracy
2018-10-21 23:04:05,582:INFO: Epoch 19/30
2018-10-21 23:04:23,939:INFO: - Train metrics: accuracy: 0.850 ; loss: 0.336
2018-10-21 23:04:26,450:INFO: - Eval metrics : accuracy: 0.826 ; loss: 0.375
2018-10-21 23:04:26,454:INFO: Epoch 20/30
2018-10-21 23:04:44,970:INFO: - Train metrics: accuracy: 0.854 ; loss: 0.335
2018-10-21 23:04:47,269:INFO: - Eval metrics : accuracy: 0.826 ; loss: 0.375
2018-10-21 23:04:47,302:INFO: Epoch 21/30
2018-10-21 23:05:05,803:INFO: - Train metrics: accuracy: 0.855 ; loss: 0.334
2018-10-21 23:05:08,581:INFO: - Eval metrics : accuracy: 0.827 ; loss: 0.374
2018-10-21 23:05:08,643:INFO: - Found new best accuracy
2018-10-21 23:05:08,644:INFO: Epoch 22/30
2018-10-21 23:05:27,246:INFO: - Train metrics: accuracy: 0.857 ; loss: 0.332
2018-10-21 23:05:29,651:INFO: - Eval metrics : accuracy: 0.827 ; loss: 0.373
2018-10-21 23:05:29,654:INFO: - Found new best accuracy
2018-10-21 23:05:29,655:INFO: Epoch 23/30
2018-10-21 23:05:48,145:INFO: - Train metrics: accuracy: 0.854 ; loss: 0.333
2018-10-21 23:05:50,707:INFO: - Eval metrics : accuracy: 0.827 ; loss: 0.373
2018-10-21 23:05:50,742:INFO: Epoch 24/30
2018-10-21 23:06:09,181:INFO: - Train metrics: accuracy: 0.852 ; loss: 0.332
2018-10-21 23:06:11,713:INFO: - Eval metrics : accuracy: 0.827 ; loss: 0.373
2018-10-21 23:06:11,742:INFO: - Found new best accuracy
2018-10-21 23:06:11,743:INFO: Epoch 25/30
2018-10-21 23:06:30,266:INFO: - Train metrics: accuracy: 0.852 ; loss: 0.333
2018-10-21 23:06:32,832:INFO: - Eval metrics : accuracy: 0.827 ; loss: 0.373
2018-10-21 23:06:32,862:INFO: - Found new best accuracy
2018-10-21 23:06:32,863:INFO: Epoch 26/30
2018-10-21 23:06:51,425:INFO: - Train metrics: accuracy: 0.852 ; loss: 0.333
2018-10-21 23:06:53,991:INFO: - Eval metrics : accuracy: 0.827 ; loss: 0.373
2018-10-21 23:06:54,035:INFO: Epoch 27/30
2018-10-21 23:07:12,643:INFO: - Train metrics: accuracy: 0.855 ; loss: 0.333
2018-10-21 23:07:15,165:INFO: - Eval metrics : accuracy: 0.827 ; loss: 0.373
2018-10-21 23:07:15,202:INFO: Epoch 28/30
2018-10-21 23:07:33,661:INFO: - Train metrics: accuracy: 0.854 ; loss: 0.332
2018-10-21 23:07:36,221:INFO: - Eval metrics : accuracy: 0.827 ; loss: 0.373
2018-10-21 23:07:36,265:INFO: Epoch 29/30
2018-10-21 23:07:54,777:INFO: - Train metrics: accuracy: 0.854 ; loss: 0.332
2018-10-21 23:07:57,581:INFO: - Eval metrics : accuracy: 0.827 ; loss: 0.373
2018-10-21 23:07:57,622:INFO: Epoch 30/30
2018-10-21 23:08:16,214:INFO: - Train metrics: accuracy: 0.855 ; loss: 0.332
2018-10-21 23:08:18,775:INFO: - Eval metrics : accuracy: 0.827 ; loss: 0.373
2018-10-21 23:08:18,810:INFO: Total time (minutes) =10.697160486380259
