2018-10-29 17:17:38,997:INFO: Loading the dataset ...
2018-10-29 17:17:39,330:INFO: - done.
2018-10-29 17:17:41,085:INFO: Starting evaluation
2018-10-29 17:17:43,953:INFO: Labels=[0. 0. 1. 0. 0. 0. 0. 1. 0. 1.]
2018-10-29 17:17:43,953:INFO: Out prob=[1.02034173e-04 8.21078718e-01 9.00847852e-01 7.32424915e-01
 5.26354492e-01 4.80752504e-08 1.10353122e-03 8.41053665e-01
 4.10580710e-02 8.65517437e-01]
2018-10-29 17:17:43,953:INFO: ------------------------------------------------------------------------------------------------------------------------
2018-10-29 17:17:43,953:INFO: len labels after =16000
2018-10-29 17:17:43,953:INFO: len out_prob after16000
2018-10-29 17:17:43,953:INFO: length y_test=16000
2018-10-29 17:17:43,953:INFO: Lenght y_score=16000
2018-10-29 17:17:43,956:INFO: Length y_score 16000
2018-10-29 17:17:43,956:INFO: Length y_test 16000
2018-10-29 17:17:43,957:INFO: Thresholds[0:6] = 
 [0.98900992 0.98481256 0.97966307 0.97947192 0.97898483 0.97856927]
2018-10-29 17:17:43,957:INFO: Thresholds lenght = 
15988
2018-10-29 17:17:43,957:INFO: fpr lenght15988
2018-10-29 17:17:43,957:INFO: tpr lenght15988
2018-10-29 17:17:44,015:INFO: ------------------------------------------------------------------------------------------------------------------------
2018-10-29 17:17:44,019:INFO: roc_auc=0.8915997561187463
2018-10-29 17:17:44,019:INFO: ------------------------------------------------------------------------------------------------------------------------
2018-10-29 17:17:44,020:INFO: - Eval metrics : accuracy: 0.80869 ; loss: 0.40348
