2018-10-29 15:56:32,934:INFO: Loading the dataset ...
2018-10-29 15:56:33,256:INFO: - done.
2018-10-29 15:56:35,078:INFO: Starting evaluation
2018-10-29 15:56:38,153:INFO: Labels=[0. 0. 1. 0. 0. 0. 0. 1. 0. 1.]
2018-10-29 15:56:38,154:INFO: Out prob=[1.28954311e-03 6.60903633e-01 9.80628967e-01 9.61411119e-01
 5.20468950e-01 1.26585453e-09 1.09857181e-04 8.49469662e-01
 4.73669381e-04 9.86564398e-01]
2018-10-29 15:56:38,154:INFO: ------------------------------------------------------------------------------------------------------------------------
2018-10-29 15:56:38,154:INFO: len labels after =16000
2018-10-29 15:56:38,154:INFO: len out_prob after16000
2018-10-29 15:56:38,154:INFO: length y_test=16000
2018-10-29 15:56:38,154:INFO: Lenght y_score=16000
2018-10-29 15:56:38,161:INFO: Length y_score 16000
2018-10-29 15:56:38,161:INFO: Length y_test 16000
2018-10-29 15:56:38,161:INFO: Thresholds[0:6] = 
 [0.99910516 0.99894434 0.99894339 0.99890578 0.99886441 0.99886346]
2018-10-29 15:56:38,161:INFO: Thresholds lenght = 
15951
2018-10-29 15:56:38,161:INFO: fpr lenght15951
2018-10-29 15:56:38,161:INFO: tpr lenght15951
2018-10-29 15:56:38,242:INFO: ------------------------------------------------------------------------------------------------------------------------
2018-10-29 15:56:38,247:INFO: roc_auc=0.9721427573772307
2018-10-29 15:56:38,247:INFO: ------------------------------------------------------------------------------------------------------------------------
2018-10-29 15:56:38,248:INFO: - Eval metrics : accuracy: 0.91569 ; loss: 0.20709
