2018-10-20 21:53:03,141:INFO: Loading the dataset ...
2018-10-20 21:53:03,565:INFO: - done.
2018-10-20 21:53:07,570:INFO: Starting evaluation
2018-10-20 21:53:24,994:INFO: Labels=[0. 0. 1. 0. 0. 0. 0. 1. 0. 1.]
2018-10-20 21:53:24,995:INFO: Out prob=[2.48455644e-01 3.73972952e-01 4.34541494e-01 7.62390852e-01
 7.98465192e-01 2.23363109e-04 8.44678935e-03 9.11039770e-01
 4.59777385e-01 9.75329041e-01]
2018-10-20 21:53:24,995:INFO: ------------------------------------------------------------------------------------------------------------------------
2018-10-20 21:53:24,995:INFO: len labels after =16000
2018-10-20 21:53:24,995:INFO: len out_prob after16000
2018-10-20 21:53:24,995:INFO: length y_test=16000
2018-10-20 21:53:24,995:INFO: Lenght y_score=16000
2018-10-20 21:53:24,998:INFO: Length y_score 16000
2018-10-20 21:53:24,998:INFO: Length y_test 16000
2018-10-20 21:53:24,999:INFO: Thresholds[0:6] = 
 [0.99962544 0.9995153  0.99895006 0.99887508 0.99886167 0.99878222]
2018-10-20 21:53:24,999:INFO: Thresholds lenght = 
15992
2018-10-20 21:53:24,999:INFO: fpr lenght15992
2018-10-20 21:53:24,999:INFO: tpr lenght15992
2018-10-20 21:53:25,053:INFO: ------------------------------------------------------------------------------------------------------------------------
2018-10-20 21:53:25,056:INFO: roc_auc=0.9131833970809908
2018-10-20 21:53:25,056:INFO: ------------------------------------------------------------------------------------------------------------------------
2018-10-20 21:53:25,057:INFO: - Eval metrics : accuracy: 0.832 ; loss: 0.370
