2018-10-20 20:44:21,571:INFO: sample_name=top_qcd_jets_antikt_kt__40000_Njets_64_batch
2018-10-20 20:44:21,572:INFO: ------------------------------------------------------------
2018-10-20 20:44:21,573:INFO: Loading the datasets...
2018-10-20 20:44:23,363:INFO: - done loading the datasets
2018-10-20 20:44:23,363:INFO: ------------------------------------------------------------
2018-10-20 20:44:27,407:INFO: Building optimizer...
2018-10-20 20:44:27,408:INFO: Starting training for 30 epoch(s)
2018-10-20 20:44:27,408:INFO: Epoch 1/30
2018-10-20 20:46:28,461:INFO: - Train metrics: accuracy: 0.630 ; loss: 0.635
2018-10-20 20:46:43,507:INFO: - Eval metrics : accuracy: 0.712 ; loss: 0.512
2018-10-20 20:46:43,582:INFO: - Found new best accuracy
2018-10-20 20:46:43,582:INFO: Epoch 2/30
2018-10-20 20:48:45,348:INFO: - Train metrics: accuracy: 0.737 ; loss: 0.529
2018-10-20 20:49:00,319:INFO: - Eval metrics : accuracy: 0.802 ; loss: 0.461
2018-10-20 20:49:00,355:INFO: - Found new best accuracy
2018-10-20 20:49:00,356:INFO: Epoch 3/30
2018-10-20 20:51:02,449:INFO: - Train metrics: accuracy: 0.781 ; loss: 0.436
2018-10-20 20:51:17,143:INFO: - Eval metrics : accuracy: 0.768 ; loss: 0.491
2018-10-20 20:51:17,187:INFO: Epoch 4/30
2018-10-20 20:53:18,719:INFO: - Train metrics: accuracy: 0.784 ; loss: 0.450
2018-10-20 20:53:34,073:INFO: - Eval metrics : accuracy: 0.815 ; loss: 0.439
2018-10-20 20:53:34,108:INFO: - Found new best accuracy
2018-10-20 20:53:34,109:INFO: Epoch 5/30
2018-10-20 20:55:35,305:INFO: - Train metrics: accuracy: 0.818 ; loss: 0.424
2018-10-20 20:55:50,229:INFO: - Eval metrics : accuracy: 0.803 ; loss: 0.445
2018-10-20 20:55:50,269:INFO: Epoch 6/30
2018-10-20 20:57:51,610:INFO: - Train metrics: accuracy: 0.799 ; loss: 0.445
2018-10-20 20:58:07,415:INFO: - Eval metrics : accuracy: 0.799 ; loss: 0.442
2018-10-20 20:58:07,451:INFO: Epoch 7/30
2018-10-20 21:00:08,926:INFO: - Train metrics: accuracy: 0.810 ; loss: 0.418
2018-10-20 21:00:23,825:INFO: - Eval metrics : accuracy: 0.792 ; loss: 0.485
2018-10-20 21:00:23,859:INFO: Epoch 8/30
2018-10-20 21:02:24,891:INFO: - Train metrics: accuracy: 0.805 ; loss: 0.436
2018-10-20 21:02:40,877:INFO: - Eval metrics : accuracy: 0.800 ; loss: 0.432
2018-10-20 21:02:40,905:INFO: Epoch 9/30
2018-10-20 21:04:43,165:INFO: - Train metrics: accuracy: 0.815 ; loss: 0.403
2018-10-20 21:04:57,865:INFO: - Eval metrics : accuracy: 0.732 ; loss: 0.513
2018-10-20 21:04:57,907:INFO: Epoch 10/30
2018-10-20 21:06:59,131:INFO: - Train metrics: accuracy: 0.797 ; loss: 0.416
2018-10-20 21:07:13,371:INFO: - Eval metrics : accuracy: 0.790 ; loss: 0.485
2018-10-20 21:07:13,408:INFO: Epoch 11/30
2018-10-20 21:09:15,501:INFO: - Train metrics: accuracy: 0.805 ; loss: 0.434
2018-10-20 21:09:30,013:INFO: - Eval metrics : accuracy: 0.810 ; loss: 0.411
2018-10-20 21:09:30,053:INFO: Epoch 12/30
2018-10-20 21:11:32,610:INFO: - Train metrics: accuracy: 0.823 ; loss: 0.389
2018-10-20 21:11:47,376:INFO: - Eval metrics : accuracy: 0.812 ; loss: 0.407
2018-10-20 21:11:47,414:INFO: Epoch 13/30
2018-10-20 21:13:50,140:INFO: - Train metrics: accuracy: 0.831 ; loss: 0.389
2018-10-20 21:14:04,739:INFO: - Eval metrics : accuracy: 0.814 ; loss: 0.406
2018-10-20 21:14:04,779:INFO: Epoch 14/30
2018-10-20 21:16:07,391:INFO: - Train metrics: accuracy: 0.805 ; loss: 0.382
2018-10-20 21:16:21,918:INFO: - Eval metrics : accuracy: 0.813 ; loss: 0.407
2018-10-20 21:16:21,936:INFO: Epoch 15/30
2018-10-20 21:18:25,050:INFO: - Train metrics: accuracy: 0.807 ; loss: 0.376
2018-10-20 21:18:40,626:INFO: - Eval metrics : accuracy: 0.819 ; loss: 0.396
2018-10-20 21:18:40,668:INFO: - Found new best accuracy
2018-10-20 21:18:40,668:INFO: Epoch 16/30
2018-10-20 21:20:43,649:INFO: - Train metrics: accuracy: 0.807 ; loss: 0.368
2018-10-20 21:20:57,992:INFO: - Eval metrics : accuracy: 0.820 ; loss: 0.388
2018-10-20 21:20:58,025:INFO: - Found new best accuracy
2018-10-20 21:20:58,025:INFO: Epoch 17/30
2018-10-20 21:23:00,820:INFO: - Train metrics: accuracy: 0.818 ; loss: 0.360
2018-10-20 21:23:16,463:INFO: - Eval metrics : accuracy: 0.823 ; loss: 0.385
2018-10-20 21:23:16,503:INFO: - Found new best accuracy
2018-10-20 21:23:16,503:INFO: Epoch 18/30
2018-10-20 21:25:19,215:INFO: - Train metrics: accuracy: 0.823 ; loss: 0.354
2018-10-20 21:25:34,202:INFO: - Eval metrics : accuracy: 0.824 ; loss: 0.382
2018-10-20 21:25:34,243:INFO: - Found new best accuracy
2018-10-20 21:25:34,243:INFO: Epoch 19/30
2018-10-20 21:27:37,914:INFO: - Train metrics: accuracy: 0.826 ; loss: 0.355
2018-10-20 21:27:52,873:INFO: - Eval metrics : accuracy: 0.825 ; loss: 0.378
2018-10-20 21:27:52,916:INFO: - Found new best accuracy
2018-10-20 21:27:52,917:INFO: Epoch 20/30
2018-10-20 21:29:55,031:INFO: - Train metrics: accuracy: 0.836 ; loss: 0.351
2018-10-20 21:30:09,887:INFO: - Eval metrics : accuracy: 0.826 ; loss: 0.377
2018-10-20 21:30:09,927:INFO: - Found new best accuracy
2018-10-20 21:30:09,928:INFO: Epoch 21/30
2018-10-20 21:32:12,292:INFO: - Train metrics: accuracy: 0.833 ; loss: 0.347
2018-10-20 21:32:27,167:INFO: - Eval metrics : accuracy: 0.828 ; loss: 0.375
2018-10-20 21:32:27,202:INFO: - Found new best accuracy
2018-10-20 21:32:27,202:INFO: Epoch 22/30
2018-10-20 21:34:31,368:INFO: - Train metrics: accuracy: 0.839 ; loss: 0.346
2018-10-20 21:34:45,543:INFO: - Eval metrics : accuracy: 0.828 ; loss: 0.374
2018-10-20 21:34:45,583:INFO: - Found new best accuracy
2018-10-20 21:34:45,584:INFO: Epoch 23/30
2018-10-20 21:36:48,611:INFO: - Train metrics: accuracy: 0.836 ; loss: 0.346
2018-10-20 21:37:04,914:INFO: - Eval metrics : accuracy: 0.829 ; loss: 0.373
2018-10-20 21:37:04,947:INFO: - Found new best accuracy
2018-10-20 21:37:04,948:INFO: Epoch 24/30
2018-10-20 21:39:08,504:INFO: - Train metrics: accuracy: 0.831 ; loss: 0.343
2018-10-20 21:39:23,614:INFO: - Eval metrics : accuracy: 0.829 ; loss: 0.372
2018-10-20 21:39:23,649:INFO: - Found new best accuracy
2018-10-20 21:39:23,650:INFO: Epoch 25/30
2018-10-20 21:41:26,326:INFO: - Train metrics: accuracy: 0.839 ; loss: 0.345
2018-10-20 21:41:40,642:INFO: - Eval metrics : accuracy: 0.828 ; loss: 0.373
2018-10-20 21:41:40,645:INFO: Epoch 26/30
2018-10-20 21:43:43,069:INFO: - Train metrics: accuracy: 0.833 ; loss: 0.348
2018-10-20 21:43:57,257:INFO: - Eval metrics : accuracy: 0.830 ; loss: 0.369
2018-10-20 21:43:57,285:INFO: - Found new best accuracy
2018-10-20 21:43:57,286:INFO: Epoch 27/30
2018-10-20 21:45:58,214:INFO: - Train metrics: accuracy: 0.844 ; loss: 0.342
2018-10-20 21:46:15,110:INFO: - Eval metrics : accuracy: 0.830 ; loss: 0.369
2018-10-20 21:46:15,146:INFO: - Found new best accuracy
2018-10-20 21:46:15,146:INFO: Epoch 28/30
2018-10-20 21:48:16,019:INFO: - Train metrics: accuracy: 0.841 ; loss: 0.340
2018-10-20 21:48:31,729:INFO: - Eval metrics : accuracy: 0.830 ; loss: 0.369
2018-10-20 21:48:31,767:INFO: Epoch 29/30
2018-10-20 21:50:32,506:INFO: - Train metrics: accuracy: 0.849 ; loss: 0.340
2018-10-20 21:50:46,767:INFO: - Eval metrics : accuracy: 0.830 ; loss: 0.368
2018-10-20 21:50:46,808:INFO: - Found new best accuracy
2018-10-20 21:50:46,809:INFO: Epoch 30/30
2018-10-20 21:52:46,966:INFO: - Train metrics: accuracy: 0.846 ; loss: 0.338
2018-10-20 21:53:01,086:INFO: - Eval metrics : accuracy: 0.830 ; loss: 0.368
2018-10-20 21:53:01,129:INFO: Total time (minutes) =68.65928727388382
