2018-11-07 05:49:52,876:INFO: Loading the dataset ...
2018-11-07 05:50:00,558:INFO: - done.
2018-11-07 05:50:02,322:INFO: Starting evaluation
2018-11-07 05:50:35,370:INFO: Labels=[1. 1. 1. 0. 1. 1. 0. 1. 0. 1.]
2018-11-07 05:50:35,370:INFO: Out prob=[9.97033954e-01 9.15269494e-01 9.15170074e-01 5.31062298e-02
 7.25890100e-01 9.70454633e-01 2.07240882e-04 9.80963826e-01
 6.42722762e-06 3.34961027e-01]
2018-11-07 05:50:35,370:INFO: ------------------------------------------------------------------------------------------------------------------------
2018-11-07 05:50:35,370:INFO: len labels after =240000
2018-11-07 05:50:35,370:INFO: len out_prob after240000
2018-11-07 05:50:35,370:INFO: length y_test=240000
2018-11-07 05:50:35,370:INFO: Lenght y_score=240000
2018-11-07 05:50:35,422:INFO: Length y_score 240000
2018-11-07 05:50:35,423:INFO: Length y_test 240000
2018-11-07 05:50:35,423:INFO: Thresholds[0:6] = 
 [0.99979526 0.99978417 0.99976653 0.99973124 0.99972922 0.99972099]
2018-11-07 05:50:35,423:INFO: Thresholds lenght = 
222290
2018-11-07 05:50:35,423:INFO: fpr lenght222290
2018-11-07 05:50:35,423:INFO: tpr lenght222290
2018-11-07 05:50:36,085:INFO: ------------------------------------------------------------------------------------------------------------------------
2018-11-07 05:50:36,160:INFO: roc_auc=0.9863974694444445
2018-11-07 05:50:36,160:INFO: ------------------------------------------------------------------------------------------------------------------------
2018-11-07 05:50:36,169:INFO: - Eval metrics : accuracy: 0.94249 ; loss: 0.14474
