2018-11-07 01:09:24,791:INFO: sample_name=top_qcd_jets_kt
2018-11-07 01:09:24,792:INFO: --------------------------------------------------------------------------------
2018-11-07 01:09:24,792:INFO: batch_filename=top_qcd_jets_kt__600000_Njets_128_batch_abs_charge
2018-11-07 01:09:24,793:INFO: Number of jet files for ttbar=200
2018-11-07 01:09:24,793:INFO: Loading ttbar jet files... 
2018-11-07 01:09:24,793:INFO: ttbar files list = ['tree_subjets_ttbar_DelphesPythia8_nompi_0.dat', 'tree_subjets_ttbar_DelphesPythia8_nompi_1.dat', 'tree_subjets_ttbar_DelphesPythia8_nompi_10.dat', 'tree_subjets_ttbar_DelphesPythia8_nompi_100.dat', 'tree_subjets_ttbar_DelphesPythia8_nompi_101.dat', 'tree_subjets_ttbar_DelphesPythia8_nompi_102.dat', 'tree_subjets_ttbar_DelphesPythia8_nompi_103.dat', 'tree_subjets_ttbar_DelphesPythia8_nompi_104.dat', 'tree_subjets_ttbar_DelphesPythia8_nompi_105.dat', 'tree_subjets_ttbar_DelphesPythia8_nompi_106.dat', 'tree_subjets_ttbar_DelphesPythia8_nompi_107.dat', 'tree_subjets_ttbar_DelphesPythia8_nompi_108.dat', 'tree_subjets_ttbar_DelphesPythia8_nompi_109.dat', 'tree_subjets_ttbar_DelphesPythia8_nompi_11.dat', 'tree_subjets_ttbar_DelphesPythia8_nompi_110.dat', 'tree_subjets_ttbar_DelphesPythia8_nompi_111.dat', 'tree_subjets_ttbar_DelphesPythia8_nompi_112.dat', 'tree_subjets_ttbar_DelphesPythia8_nompi_113.dat', 'tree_subjets_ttbar_DelphesPythia8_nompi_114.dat', 'tree_subjets_ttbar_DelphesPythia8_nompi_115.dat', 'tree_subjets_ttbar_DelphesPythia8_nompi_116.dat', 'tree_subjets_ttbar_DelphesPythia8_nompi_117.dat', 'tree_subjets_ttbar_DelphesPythia8_nompi_118.dat', 'tree_subjets_ttbar_DelphesPythia8_nompi_119.dat', 'tree_subjets_ttbar_DelphesPythia8_nompi_12.dat', 'tree_subjets_ttbar_DelphesPythia8_nompi_120.dat', 'tree_subjets_ttbar_DelphesPythia8_nompi_121.dat', 'tree_subjets_ttbar_DelphesPythia8_nompi_122.dat', 'tree_subjets_ttbar_DelphesPythia8_nompi_123.dat', 'tree_subjets_ttbar_DelphesPythia8_nompi_124.dat', 'tree_subjets_ttbar_DelphesPythia8_nompi_125.dat', 'tree_subjets_ttbar_DelphesPythia8_nompi_126.dat', 'tree_subjets_ttbar_DelphesPythia8_nompi_127.dat', 'tree_subjets_ttbar_DelphesPythia8_nompi_128.dat', 'tree_subjets_ttbar_DelphesPythia8_nompi_129.dat', 'tree_subjets_ttbar_DelphesPythia8_nompi_13.dat', 'tree_subjets_ttbar_DelphesPythia8_nompi_130.dat', 'tree_subjets_ttbar_DelphesPythia8_nompi_131.dat', 'tree_subjets_ttbar_DelphesPythia8_nompi_132.dat', 'tree_subjets_ttbar_DelphesPythia8_nompi_133.dat', 'tree_subjets_ttbar_DelphesPythia8_nompi_134.dat', 'tree_subjets_ttbar_DelphesPythia8_nompi_135.dat', 'tree_subjets_ttbar_DelphesPythia8_nompi_136.dat', 'tree_subjets_ttbar_DelphesPythia8_nompi_137.dat', 'tree_subjets_ttbar_DelphesPythia8_nompi_138.dat', 'tree_subjets_ttbar_DelphesPythia8_nompi_139.dat', 'tree_subjets_ttbar_DelphesPythia8_nompi_14.dat', 'tree_subjets_ttbar_DelphesPythia8_nompi_140.dat', 'tree_subjets_ttbar_DelphesPythia8_nompi_141.dat', 'tree_subjets_ttbar_DelphesPythia8_nompi_142.dat', 'tree_subjets_ttbar_DelphesPythia8_nompi_143.dat', 'tree_subjets_ttbar_DelphesPythia8_nompi_144.dat', 'tree_subjets_ttbar_DelphesPythia8_nompi_145.dat', 'tree_subjets_ttbar_DelphesPythia8_nompi_146.dat', 'tree_subjets_ttbar_DelphesPythia8_nompi_147.dat', 'tree_subjets_ttbar_DelphesPythia8_nompi_148.dat', 'tree_subjets_ttbar_DelphesPythia8_nompi_149.dat', 'tree_subjets_ttbar_DelphesPythia8_nompi_15.dat', 'tree_subjets_ttbar_DelphesPythia8_nompi_150.dat', 'tree_subjets_ttbar_DelphesPythia8_nompi_151.dat', 'tree_subjets_ttbar_DelphesPythia8_nompi_152.dat', 'tree_subjets_ttbar_DelphesPythia8_nompi_153.dat', 'tree_subjets_ttbar_DelphesPythia8_nompi_154.dat', 'tree_subjets_ttbar_DelphesPythia8_nompi_155.dat', 'tree_subjets_ttbar_DelphesPythia8_nompi_156.dat', 'tree_subjets_ttbar_DelphesPythia8_nompi_157.dat', 'tree_subjets_ttbar_DelphesPythia8_nompi_158.dat', 'tree_subjets_ttbar_DelphesPythia8_nompi_159.dat', 'tree_subjets_ttbar_DelphesPythia8_nompi_16.dat', 'tree_subjets_ttbar_DelphesPythia8_nompi_160.dat', 'tree_subjets_ttbar_DelphesPythia8_nompi_161.dat', 'tree_subjets_ttbar_DelphesPythia8_nompi_162.dat', 'tree_subjets_ttbar_DelphesPythia8_nompi_163.dat', 'tree_subjets_ttbar_DelphesPythia8_nompi_164.dat', 'tree_subjets_ttbar_DelphesPythia8_nompi_165.dat', 'tree_subjets_ttbar_DelphesPythia8_nompi_166.dat', 'tree_subjets_ttbar_DelphesPythia8_nompi_167.dat', 'tree_subjets_ttbar_DelphesPythia8_nompi_168.dat', 'tree_subjets_ttbar_DelphesPythia8_nompi_169.dat', 'tree_subjets_ttbar_DelphesPythia8_nompi_17.dat', 'tree_subjets_ttbar_DelphesPythia8_nompi_170.dat', 'tree_subjets_ttbar_DelphesPythia8_nompi_171.dat', 'tree_subjets_ttbar_DelphesPythia8_nompi_172.dat', 'tree_subjets_ttbar_DelphesPythia8_nompi_173.dat', 'tree_subjets_ttbar_DelphesPythia8_nompi_174.dat', 'tree_subjets_ttbar_DelphesPythia8_nompi_175.dat', 'tree_subjets_ttbar_DelphesPythia8_nompi_176.dat', 'tree_subjets_ttbar_DelphesPythia8_nompi_177.dat', 'tree_subjets_ttbar_DelphesPythia8_nompi_178.dat', 'tree_subjets_ttbar_DelphesPythia8_nompi_179.dat', 'tree_subjets_ttbar_DelphesPythia8_nompi_18.dat', 'tree_subjets_ttbar_DelphesPythia8_nompi_180.dat', 'tree_subjets_ttbar_DelphesPythia8_nompi_181.dat', 'tree_subjets_ttbar_DelphesPythia8_nompi_182.dat', 'tree_subjets_ttbar_DelphesPythia8_nompi_183.dat', 'tree_subjets_ttbar_DelphesPythia8_nompi_184.dat', 'tree_subjets_ttbar_DelphesPythia8_nompi_185.dat', 'tree_subjets_ttbar_DelphesPythia8_nompi_186.dat', 'tree_subjets_ttbar_DelphesPythia8_nompi_187.dat', 'tree_subjets_ttbar_DelphesPythia8_nompi_188.dat', 'tree_subjets_ttbar_DelphesPythia8_nompi_189.dat', 'tree_subjets_ttbar_DelphesPythia8_nompi_19.dat', 'tree_subjets_ttbar_DelphesPythia8_nompi_190.dat', 'tree_subjets_ttbar_DelphesPythia8_nompi_191.dat', 'tree_subjets_ttbar_DelphesPythia8_nompi_192.dat', 'tree_subjets_ttbar_DelphesPythia8_nompi_193.dat', 'tree_subjets_ttbar_DelphesPythia8_nompi_194.dat', 'tree_subjets_ttbar_DelphesPythia8_nompi_195.dat', 'tree_subjets_ttbar_DelphesPythia8_nompi_196.dat', 'tree_subjets_ttbar_DelphesPythia8_nompi_197.dat', 'tree_subjets_ttbar_DelphesPythia8_nompi_198.dat', 'tree_subjets_ttbar_DelphesPythia8_nompi_199.dat', 'tree_subjets_ttbar_DelphesPythia8_nompi_2.dat', 'tree_subjets_ttbar_DelphesPythia8_nompi_20.dat', 'tree_subjets_ttbar_DelphesPythia8_nompi_21.dat', 'tree_subjets_ttbar_DelphesPythia8_nompi_22.dat', 'tree_subjets_ttbar_DelphesPythia8_nompi_23.dat', 'tree_subjets_ttbar_DelphesPythia8_nompi_24.dat', 'tree_subjets_ttbar_DelphesPythia8_nompi_25.dat', 'tree_subjets_ttbar_DelphesPythia8_nompi_26.dat', 'tree_subjets_ttbar_DelphesPythia8_nompi_27.dat', 'tree_subjets_ttbar_DelphesPythia8_nompi_28.dat', 'tree_subjets_ttbar_DelphesPythia8_nompi_29.dat', 'tree_subjets_ttbar_DelphesPythia8_nompi_3.dat', 'tree_subjets_ttbar_DelphesPythia8_nompi_30.dat', 'tree_subjets_ttbar_DelphesPythia8_nompi_31.dat', 'tree_subjets_ttbar_DelphesPythia8_nompi_32.dat', 'tree_subjets_ttbar_DelphesPythia8_nompi_33.dat', 'tree_subjets_ttbar_DelphesPythia8_nompi_34.dat', 'tree_subjets_ttbar_DelphesPythia8_nompi_35.dat', 'tree_subjets_ttbar_DelphesPythia8_nompi_36.dat', 'tree_subjets_ttbar_DelphesPythia8_nompi_37.dat', 'tree_subjets_ttbar_DelphesPythia8_nompi_38.dat', 'tree_subjets_ttbar_DelphesPythia8_nompi_39.dat', 'tree_subjets_ttbar_DelphesPythia8_nompi_4.dat', 'tree_subjets_ttbar_DelphesPythia8_nompi_40.dat', 'tree_subjets_ttbar_DelphesPythia8_nompi_41.dat', 'tree_subjets_ttbar_DelphesPythia8_nompi_42.dat', 'tree_subjets_ttbar_DelphesPythia8_nompi_43.dat', 'tree_subjets_ttbar_DelphesPythia8_nompi_44.dat', 'tree_subjets_ttbar_DelphesPythia8_nompi_45.dat', 'tree_subjets_ttbar_DelphesPythia8_nompi_46.dat', 'tree_subjets_ttbar_DelphesPythia8_nompi_47.dat', 'tree_subjets_ttbar_DelphesPythia8_nompi_48.dat', 'tree_subjets_ttbar_DelphesPythia8_nompi_49.dat', 'tree_subjets_ttbar_DelphesPythia8_nompi_5.dat', 'tree_subjets_ttbar_DelphesPythia8_nompi_50.dat', 'tree_subjets_ttbar_DelphesPythia8_nompi_51.dat', 'tree_subjets_ttbar_DelphesPythia8_nompi_52.dat', 'tree_subjets_ttbar_DelphesPythia8_nompi_53.dat', 'tree_subjets_ttbar_DelphesPythia8_nompi_54.dat', 'tree_subjets_ttbar_DelphesPythia8_nompi_55.dat', 'tree_subjets_ttbar_DelphesPythia8_nompi_56.dat', 'tree_subjets_ttbar_DelphesPythia8_nompi_57.dat', 'tree_subjets_ttbar_DelphesPythia8_nompi_58.dat', 'tree_subjets_ttbar_DelphesPythia8_nompi_59.dat', 'tree_subjets_ttbar_DelphesPythia8_nompi_6.dat', 'tree_subjets_ttbar_DelphesPythia8_nompi_60.dat', 'tree_subjets_ttbar_DelphesPythia8_nompi_61.dat', 'tree_subjets_ttbar_DelphesPythia8_nompi_62.dat', 'tree_subjets_ttbar_DelphesPythia8_nompi_63.dat', 'tree_subjets_ttbar_DelphesPythia8_nompi_64.dat', 'tree_subjets_ttbar_DelphesPythia8_nompi_65.dat', 'tree_subjets_ttbar_DelphesPythia8_nompi_66.dat', 'tree_subjets_ttbar_DelphesPythia8_nompi_67.dat', 'tree_subjets_ttbar_DelphesPythia8_nompi_68.dat', 'tree_subjets_ttbar_DelphesPythia8_nompi_69.dat', 'tree_subjets_ttbar_DelphesPythia8_nompi_7.dat', 'tree_subjets_ttbar_DelphesPythia8_nompi_70.dat', 'tree_subjets_ttbar_DelphesPythia8_nompi_71.dat', 'tree_subjets_ttbar_DelphesPythia8_nompi_72.dat', 'tree_subjets_ttbar_DelphesPythia8_nompi_73.dat', 'tree_subjets_ttbar_DelphesPythia8_nompi_74.dat', 'tree_subjets_ttbar_DelphesPythia8_nompi_75.dat', 'tree_subjets_ttbar_DelphesPythia8_nompi_76.dat', 'tree_subjets_ttbar_DelphesPythia8_nompi_77.dat', 'tree_subjets_ttbar_DelphesPythia8_nompi_78.dat', 'tree_subjets_ttbar_DelphesPythia8_nompi_79.dat', 'tree_subjets_ttbar_DelphesPythia8_nompi_8.dat', 'tree_subjets_ttbar_DelphesPythia8_nompi_80.dat', 'tree_subjets_ttbar_DelphesPythia8_nompi_81.dat', 'tree_subjets_ttbar_DelphesPythia8_nompi_82.dat', 'tree_subjets_ttbar_DelphesPythia8_nompi_83.dat', 'tree_subjets_ttbar_DelphesPythia8_nompi_84.dat', 'tree_subjets_ttbar_DelphesPythia8_nompi_85.dat', 'tree_subjets_ttbar_DelphesPythia8_nompi_86.dat', 'tree_subjets_ttbar_DelphesPythia8_nompi_87.dat', 'tree_subjets_ttbar_DelphesPythia8_nompi_88.dat', 'tree_subjets_ttbar_DelphesPythia8_nompi_89.dat', 'tree_subjets_ttbar_DelphesPythia8_nompi_9.dat', 'tree_subjets_ttbar_DelphesPythia8_nompi_90.dat', 'tree_subjets_ttbar_DelphesPythia8_nompi_91.dat', 'tree_subjets_ttbar_DelphesPythia8_nompi_92.dat', 'tree_subjets_ttbar_DelphesPythia8_nompi_93.dat', 'tree_subjets_ttbar_DelphesPythia8_nompi_94.dat', 'tree_subjets_ttbar_DelphesPythia8_nompi_95.dat', 'tree_subjets_ttbar_DelphesPythia8_nompi_96.dat', 'tree_subjets_ttbar_DelphesPythia8_nompi_97.dat', 'tree_subjets_ttbar_DelphesPythia8_nompi_98.dat', 'tree_subjets_ttbar_DelphesPythia8_nompi_99.dat']
2018-11-07 01:09:28,337:INFO: Ntotjets=10000
2018-11-07 01:09:31,823:INFO: Ntotjets=20000
2018-11-07 01:09:35,308:INFO: Ntotjets=30000
2018-11-07 01:09:38,797:INFO: Ntotjets=40000
2018-11-07 01:09:42,297:INFO: Ntotjets=50000
2018-11-07 01:09:45,822:INFO: Ntotjets=60000
2018-11-07 01:09:49,370:INFO: Ntotjets=70000
2018-11-07 01:09:52,879:INFO: Ntotjets=80000
2018-11-07 01:09:56,434:INFO: Ntotjets=90000
2018-11-07 01:09:59,962:INFO: Ntotjets=100000
2018-11-07 01:10:03,497:INFO: Ntotjets=110000
2018-11-07 01:10:07,019:INFO: Ntotjets=120000
2018-11-07 01:10:10,555:INFO: Ntotjets=130000
2018-11-07 01:10:14,081:INFO: Ntotjets=140000
2018-11-07 01:10:17,611:INFO: Ntotjets=150000
2018-11-07 01:10:21,132:INFO: Ntotjets=160000
2018-11-07 01:10:24,648:INFO: Ntotjets=170000
2018-11-07 01:10:28,259:INFO: Ntotjets=180000
2018-11-07 01:10:31,799:INFO: Ntotjets=190000
2018-11-07 01:10:35,346:INFO: Ntotjets=200000
2018-11-07 01:10:38,897:INFO: Ntotjets=210000
2018-11-07 01:10:42,439:INFO: Ntotjets=220000
2018-11-07 01:10:45,951:INFO: Ntotjets=230000
2018-11-07 01:10:49,485:INFO: Ntotjets=240000
2018-11-07 01:10:53,011:INFO: Ntotjets=250000
2018-11-07 01:10:56,542:INFO: Ntotjets=260000
2018-11-07 01:11:00,053:INFO: Ntotjets=270000
2018-11-07 01:11:03,678:INFO: Ntotjets=280000
2018-11-07 01:11:07,235:INFO: Ntotjets=290000
2018-11-07 01:11:10,785:INFO: Ntotjets=300000
2018-11-07 01:11:14,313:INFO: Ntotjets=310000
2018-11-07 01:11:17,848:INFO: Ntotjets=320000
2018-11-07 01:11:21,376:INFO: Ntotjets=330000
2018-11-07 01:11:24,908:INFO: Ntotjets=340000
2018-11-07 01:11:28,455:INFO: Ntotjets=350000
2018-11-07 01:11:32,003:INFO: Ntotjets=360000
2018-11-07 01:11:35,570:INFO: Ntotjets=370000
2018-11-07 01:11:39,174:INFO: Ntotjets=380000
2018-11-07 01:11:42,690:INFO: Ntotjets=390000
2018-11-07 01:11:46,242:INFO: Ntotjets=400000
2018-11-07 01:11:49,778:INFO: Ntotjets=410000
2018-11-07 01:11:53,348:INFO: Ntotjets=420000
2018-11-07 01:11:56,965:INFO: Ntotjets=430000
2018-11-07 01:12:00,500:INFO: Ntotjets=440000
2018-11-07 01:12:04,048:INFO: Ntotjets=450000
2018-11-07 01:12:07,664:INFO: Ntotjets=460000
2018-11-07 01:12:11,171:INFO: Ntotjets=470000
2018-11-07 01:12:14,806:INFO: Ntotjets=480000
2018-11-07 01:12:18,366:INFO: Ntotjets=490000
2018-11-07 01:12:21,916:INFO: Ntotjets=500000
2018-11-07 01:12:25,501:INFO: Ntotjets=510000
2018-11-07 01:12:29,065:INFO: Ntotjets=520000
2018-11-07 01:12:32,578:INFO: Ntotjets=530000
2018-11-07 01:12:36,133:INFO: Ntotjets=540000
2018-11-07 01:12:39,769:INFO: Ntotjets=550000
2018-11-07 01:12:43,331:INFO: Ntotjets=560000
2018-11-07 01:12:46,894:INFO: Ntotjets=570000
2018-11-07 01:12:50,543:INFO: Ntotjets=580000
2018-11-07 01:12:54,116:INFO: Ntotjets=590000
2018-11-07 01:12:57,696:INFO: Ntotjets=600000
2018-11-07 01:12:57,698:INFO: Number of jet files for qcd=200
2018-11-07 01:12:57,698:INFO: Loading qcd jet files... 
2018-11-07 01:12:57,698:INFO: qcd files list = ['tree_subjets_qcd_DelphesPythia8_nompi_0.dat', 'tree_subjets_qcd_DelphesPythia8_nompi_1.dat', 'tree_subjets_qcd_DelphesPythia8_nompi_10.dat', 'tree_subjets_qcd_DelphesPythia8_nompi_100.dat', 'tree_subjets_qcd_DelphesPythia8_nompi_101.dat', 'tree_subjets_qcd_DelphesPythia8_nompi_102.dat', 'tree_subjets_qcd_DelphesPythia8_nompi_103.dat', 'tree_subjets_qcd_DelphesPythia8_nompi_104.dat', 'tree_subjets_qcd_DelphesPythia8_nompi_105.dat', 'tree_subjets_qcd_DelphesPythia8_nompi_106.dat', 'tree_subjets_qcd_DelphesPythia8_nompi_107.dat', 'tree_subjets_qcd_DelphesPythia8_nompi_108.dat', 'tree_subjets_qcd_DelphesPythia8_nompi_109.dat', 'tree_subjets_qcd_DelphesPythia8_nompi_11.dat', 'tree_subjets_qcd_DelphesPythia8_nompi_110.dat', 'tree_subjets_qcd_DelphesPythia8_nompi_111.dat', 'tree_subjets_qcd_DelphesPythia8_nompi_112.dat', 'tree_subjets_qcd_DelphesPythia8_nompi_113.dat', 'tree_subjets_qcd_DelphesPythia8_nompi_114.dat', 'tree_subjets_qcd_DelphesPythia8_nompi_115.dat', 'tree_subjets_qcd_DelphesPythia8_nompi_116.dat', 'tree_subjets_qcd_DelphesPythia8_nompi_117.dat', 'tree_subjets_qcd_DelphesPythia8_nompi_118.dat', 'tree_subjets_qcd_DelphesPythia8_nompi_119.dat', 'tree_subjets_qcd_DelphesPythia8_nompi_12.dat', 'tree_subjets_qcd_DelphesPythia8_nompi_120.dat', 'tree_subjets_qcd_DelphesPythia8_nompi_121.dat', 'tree_subjets_qcd_DelphesPythia8_nompi_122.dat', 'tree_subjets_qcd_DelphesPythia8_nompi_123.dat', 'tree_subjets_qcd_DelphesPythia8_nompi_124.dat', 'tree_subjets_qcd_DelphesPythia8_nompi_125.dat', 'tree_subjets_qcd_DelphesPythia8_nompi_126.dat', 'tree_subjets_qcd_DelphesPythia8_nompi_127.dat', 'tree_subjets_qcd_DelphesPythia8_nompi_128.dat', 'tree_subjets_qcd_DelphesPythia8_nompi_129.dat', 'tree_subjets_qcd_DelphesPythia8_nompi_13.dat', 'tree_subjets_qcd_DelphesPythia8_nompi_130.dat', 'tree_subjets_qcd_DelphesPythia8_nompi_131.dat', 'tree_subjets_qcd_DelphesPythia8_nompi_132.dat', 'tree_subjets_qcd_DelphesPythia8_nompi_133.dat', 'tree_subjets_qcd_DelphesPythia8_nompi_134.dat', 'tree_subjets_qcd_DelphesPythia8_nompi_135.dat', 'tree_subjets_qcd_DelphesPythia8_nompi_136.dat', 'tree_subjets_qcd_DelphesPythia8_nompi_137.dat', 'tree_subjets_qcd_DelphesPythia8_nompi_138.dat', 'tree_subjets_qcd_DelphesPythia8_nompi_139.dat', 'tree_subjets_qcd_DelphesPythia8_nompi_14.dat', 'tree_subjets_qcd_DelphesPythia8_nompi_140.dat', 'tree_subjets_qcd_DelphesPythia8_nompi_141.dat', 'tree_subjets_qcd_DelphesPythia8_nompi_142.dat', 'tree_subjets_qcd_DelphesPythia8_nompi_143.dat', 'tree_subjets_qcd_DelphesPythia8_nompi_144.dat', 'tree_subjets_qcd_DelphesPythia8_nompi_145.dat', 'tree_subjets_qcd_DelphesPythia8_nompi_146.dat', 'tree_subjets_qcd_DelphesPythia8_nompi_147.dat', 'tree_subjets_qcd_DelphesPythia8_nompi_148.dat', 'tree_subjets_qcd_DelphesPythia8_nompi_149.dat', 'tree_subjets_qcd_DelphesPythia8_nompi_15.dat', 'tree_subjets_qcd_DelphesPythia8_nompi_150.dat', 'tree_subjets_qcd_DelphesPythia8_nompi_151.dat', 'tree_subjets_qcd_DelphesPythia8_nompi_152.dat', 'tree_subjets_qcd_DelphesPythia8_nompi_153.dat', 'tree_subjets_qcd_DelphesPythia8_nompi_154.dat', 'tree_subjets_qcd_DelphesPythia8_nompi_155.dat', 'tree_subjets_qcd_DelphesPythia8_nompi_156.dat', 'tree_subjets_qcd_DelphesPythia8_nompi_157.dat', 'tree_subjets_qcd_DelphesPythia8_nompi_158.dat', 'tree_subjets_qcd_DelphesPythia8_nompi_159.dat', 'tree_subjets_qcd_DelphesPythia8_nompi_16.dat', 'tree_subjets_qcd_DelphesPythia8_nompi_160.dat', 'tree_subjets_qcd_DelphesPythia8_nompi_161.dat', 'tree_subjets_qcd_DelphesPythia8_nompi_162.dat', 'tree_subjets_qcd_DelphesPythia8_nompi_163.dat', 'tree_subjets_qcd_DelphesPythia8_nompi_164.dat', 'tree_subjets_qcd_DelphesPythia8_nompi_165.dat', 'tree_subjets_qcd_DelphesPythia8_nompi_166.dat', 'tree_subjets_qcd_DelphesPythia8_nompi_167.dat', 'tree_subjets_qcd_DelphesPythia8_nompi_168.dat', 'tree_subjets_qcd_DelphesPythia8_nompi_169.dat', 'tree_subjets_qcd_DelphesPythia8_nompi_17.dat', 'tree_subjets_qcd_DelphesPythia8_nompi_170.dat', 'tree_subjets_qcd_DelphesPythia8_nompi_171.dat', 'tree_subjets_qcd_DelphesPythia8_nompi_172.dat', 'tree_subjets_qcd_DelphesPythia8_nompi_173.dat', 'tree_subjets_qcd_DelphesPythia8_nompi_174.dat', 'tree_subjets_qcd_DelphesPythia8_nompi_175.dat', 'tree_subjets_qcd_DelphesPythia8_nompi_176.dat', 'tree_subjets_qcd_DelphesPythia8_nompi_177.dat', 'tree_subjets_qcd_DelphesPythia8_nompi_178.dat', 'tree_subjets_qcd_DelphesPythia8_nompi_179.dat', 'tree_subjets_qcd_DelphesPythia8_nompi_18.dat', 'tree_subjets_qcd_DelphesPythia8_nompi_180.dat', 'tree_subjets_qcd_DelphesPythia8_nompi_181.dat', 'tree_subjets_qcd_DelphesPythia8_nompi_182.dat', 'tree_subjets_qcd_DelphesPythia8_nompi_183.dat', 'tree_subjets_qcd_DelphesPythia8_nompi_184.dat', 'tree_subjets_qcd_DelphesPythia8_nompi_185.dat', 'tree_subjets_qcd_DelphesPythia8_nompi_186.dat', 'tree_subjets_qcd_DelphesPythia8_nompi_187.dat', 'tree_subjets_qcd_DelphesPythia8_nompi_188.dat', 'tree_subjets_qcd_DelphesPythia8_nompi_189.dat', 'tree_subjets_qcd_DelphesPythia8_nompi_19.dat', 'tree_subjets_qcd_DelphesPythia8_nompi_190.dat', 'tree_subjets_qcd_DelphesPythia8_nompi_191.dat', 'tree_subjets_qcd_DelphesPythia8_nompi_192.dat', 'tree_subjets_qcd_DelphesPythia8_nompi_193.dat', 'tree_subjets_qcd_DelphesPythia8_nompi_194.dat', 'tree_subjets_qcd_DelphesPythia8_nompi_195.dat', 'tree_subjets_qcd_DelphesPythia8_nompi_196.dat', 'tree_subjets_qcd_DelphesPythia8_nompi_197.dat', 'tree_subjets_qcd_DelphesPythia8_nompi_198.dat', 'tree_subjets_qcd_DelphesPythia8_nompi_199.dat', 'tree_subjets_qcd_DelphesPythia8_nompi_2.dat', 'tree_subjets_qcd_DelphesPythia8_nompi_20.dat', 'tree_subjets_qcd_DelphesPythia8_nompi_21.dat', 'tree_subjets_qcd_DelphesPythia8_nompi_22.dat', 'tree_subjets_qcd_DelphesPythia8_nompi_23.dat', 'tree_subjets_qcd_DelphesPythia8_nompi_24.dat', 'tree_subjets_qcd_DelphesPythia8_nompi_25.dat', 'tree_subjets_qcd_DelphesPythia8_nompi_26.dat', 'tree_subjets_qcd_DelphesPythia8_nompi_27.dat', 'tree_subjets_qcd_DelphesPythia8_nompi_28.dat', 'tree_subjets_qcd_DelphesPythia8_nompi_29.dat', 'tree_subjets_qcd_DelphesPythia8_nompi_3.dat', 'tree_subjets_qcd_DelphesPythia8_nompi_30.dat', 'tree_subjets_qcd_DelphesPythia8_nompi_31.dat', 'tree_subjets_qcd_DelphesPythia8_nompi_32.dat', 'tree_subjets_qcd_DelphesPythia8_nompi_33.dat', 'tree_subjets_qcd_DelphesPythia8_nompi_34.dat', 'tree_subjets_qcd_DelphesPythia8_nompi_35.dat', 'tree_subjets_qcd_DelphesPythia8_nompi_36.dat', 'tree_subjets_qcd_DelphesPythia8_nompi_37.dat', 'tree_subjets_qcd_DelphesPythia8_nompi_38.dat', 'tree_subjets_qcd_DelphesPythia8_nompi_39.dat', 'tree_subjets_qcd_DelphesPythia8_nompi_4.dat', 'tree_subjets_qcd_DelphesPythia8_nompi_40.dat', 'tree_subjets_qcd_DelphesPythia8_nompi_41.dat', 'tree_subjets_qcd_DelphesPythia8_nompi_42.dat', 'tree_subjets_qcd_DelphesPythia8_nompi_43.dat', 'tree_subjets_qcd_DelphesPythia8_nompi_44.dat', 'tree_subjets_qcd_DelphesPythia8_nompi_45.dat', 'tree_subjets_qcd_DelphesPythia8_nompi_46.dat', 'tree_subjets_qcd_DelphesPythia8_nompi_47.dat', 'tree_subjets_qcd_DelphesPythia8_nompi_48.dat', 'tree_subjets_qcd_DelphesPythia8_nompi_49.dat', 'tree_subjets_qcd_DelphesPythia8_nompi_5.dat', 'tree_subjets_qcd_DelphesPythia8_nompi_50.dat', 'tree_subjets_qcd_DelphesPythia8_nompi_51.dat', 'tree_subjets_qcd_DelphesPythia8_nompi_52.dat', 'tree_subjets_qcd_DelphesPythia8_nompi_53.dat', 'tree_subjets_qcd_DelphesPythia8_nompi_54.dat', 'tree_subjets_qcd_DelphesPythia8_nompi_55.dat', 'tree_subjets_qcd_DelphesPythia8_nompi_56.dat', 'tree_subjets_qcd_DelphesPythia8_nompi_57.dat', 'tree_subjets_qcd_DelphesPythia8_nompi_58.dat', 'tree_subjets_qcd_DelphesPythia8_nompi_59.dat', 'tree_subjets_qcd_DelphesPythia8_nompi_6.dat', 'tree_subjets_qcd_DelphesPythia8_nompi_60.dat', 'tree_subjets_qcd_DelphesPythia8_nompi_61.dat', 'tree_subjets_qcd_DelphesPythia8_nompi_62.dat', 'tree_subjets_qcd_DelphesPythia8_nompi_63.dat', 'tree_subjets_qcd_DelphesPythia8_nompi_64.dat', 'tree_subjets_qcd_DelphesPythia8_nompi_65.dat', 'tree_subjets_qcd_DelphesPythia8_nompi_66.dat', 'tree_subjets_qcd_DelphesPythia8_nompi_67.dat', 'tree_subjets_qcd_DelphesPythia8_nompi_68.dat', 'tree_subjets_qcd_DelphesPythia8_nompi_69.dat', 'tree_subjets_qcd_DelphesPythia8_nompi_7.dat', 'tree_subjets_qcd_DelphesPythia8_nompi_70.dat', 'tree_subjets_qcd_DelphesPythia8_nompi_71.dat', 'tree_subjets_qcd_DelphesPythia8_nompi_72.dat', 'tree_subjets_qcd_DelphesPythia8_nompi_73.dat', 'tree_subjets_qcd_DelphesPythia8_nompi_74.dat', 'tree_subjets_qcd_DelphesPythia8_nompi_75.dat', 'tree_subjets_qcd_DelphesPythia8_nompi_76.dat', 'tree_subjets_qcd_DelphesPythia8_nompi_77.dat', 'tree_subjets_qcd_DelphesPythia8_nompi_78.dat', 'tree_subjets_qcd_DelphesPythia8_nompi_79.dat', 'tree_subjets_qcd_DelphesPythia8_nompi_8.dat', 'tree_subjets_qcd_DelphesPythia8_nompi_80.dat', 'tree_subjets_qcd_DelphesPythia8_nompi_81.dat', 'tree_subjets_qcd_DelphesPythia8_nompi_82.dat', 'tree_subjets_qcd_DelphesPythia8_nompi_83.dat', 'tree_subjets_qcd_DelphesPythia8_nompi_84.dat', 'tree_subjets_qcd_DelphesPythia8_nompi_85.dat', 'tree_subjets_qcd_DelphesPythia8_nompi_86.dat', 'tree_subjets_qcd_DelphesPythia8_nompi_87.dat', 'tree_subjets_qcd_DelphesPythia8_nompi_88.dat', 'tree_subjets_qcd_DelphesPythia8_nompi_89.dat', 'tree_subjets_qcd_DelphesPythia8_nompi_9.dat', 'tree_subjets_qcd_DelphesPythia8_nompi_90.dat', 'tree_subjets_qcd_DelphesPythia8_nompi_91.dat', 'tree_subjets_qcd_DelphesPythia8_nompi_92.dat', 'tree_subjets_qcd_DelphesPythia8_nompi_93.dat', 'tree_subjets_qcd_DelphesPythia8_nompi_94.dat', 'tree_subjets_qcd_DelphesPythia8_nompi_95.dat', 'tree_subjets_qcd_DelphesPythia8_nompi_96.dat', 'tree_subjets_qcd_DelphesPythia8_nompi_97.dat', 'tree_subjets_qcd_DelphesPythia8_nompi_98.dat', 'tree_subjets_qcd_DelphesPythia8_nompi_99.dat']
2018-11-07 01:13:00,696:INFO: Ntotjets=10000
2018-11-07 01:13:03,712:INFO: Ntotjets=20000
2018-11-07 01:13:06,736:INFO: Ntotjets=30000
2018-11-07 01:13:09,765:INFO: Ntotjets=40000
2018-11-07 01:13:12,772:INFO: Ntotjets=50000
2018-11-07 01:13:15,745:INFO: Ntotjets=60000
2018-11-07 01:13:18,738:INFO: Ntotjets=70000
2018-11-07 01:13:21,751:INFO: Ntotjets=80000
2018-11-07 01:13:24,757:INFO: Ntotjets=90000
2018-11-07 01:13:27,744:INFO: Ntotjets=100000
2018-11-07 01:13:30,752:INFO: Ntotjets=110000
2018-11-07 01:13:33,768:INFO: Ntotjets=120000
2018-11-07 01:13:36,777:INFO: Ntotjets=130000
2018-11-07 01:13:39,775:INFO: Ntotjets=140000
2018-11-07 01:13:42,761:INFO: Ntotjets=150000
2018-11-07 01:13:45,784:INFO: Ntotjets=160000
2018-11-07 01:13:48,829:INFO: Ntotjets=170000
2018-11-07 01:13:51,897:INFO: Ntotjets=180000
2018-11-07 01:13:54,930:INFO: Ntotjets=190000
2018-11-07 01:13:57,946:INFO: Ntotjets=200000
2018-11-07 01:14:00,992:INFO: Ntotjets=210000
2018-11-07 01:14:04,117:INFO: Ntotjets=220000
2018-11-07 01:14:07,137:INFO: Ntotjets=230000
2018-11-07 01:14:10,141:INFO: Ntotjets=240000
2018-11-07 01:14:13,366:INFO: Ntotjets=250000
2018-11-07 01:14:16,372:INFO: Ntotjets=260000
2018-11-07 01:14:19,422:INFO: Ntotjets=270000
2018-11-07 01:14:22,420:INFO: Ntotjets=280000
2018-11-07 01:14:25,445:INFO: Ntotjets=290000
2018-11-07 01:14:28,540:INFO: Ntotjets=300000
2018-11-07 01:14:31,543:INFO: Ntotjets=310000
2018-11-07 01:14:34,550:INFO: Ntotjets=320000
2018-11-07 01:14:37,638:INFO: Ntotjets=330000
2018-11-07 01:14:40,682:INFO: Ntotjets=340000
2018-11-07 01:14:43,697:INFO: Ntotjets=350000
2018-11-07 01:14:46,696:INFO: Ntotjets=360000
2018-11-07 01:14:49,801:INFO: Ntotjets=370000
2018-11-07 01:14:52,841:INFO: Ntotjets=380000
2018-11-07 01:14:55,870:INFO: Ntotjets=390000
2018-11-07 01:14:59,048:INFO: Ntotjets=400000
2018-11-07 01:15:02,110:INFO: Ntotjets=410000
2018-11-07 01:15:05,147:INFO: Ntotjets=420000
2018-11-07 01:15:08,373:INFO: Ntotjets=430000
2018-11-07 01:15:11,618:INFO: Ntotjets=440000
2018-11-07 01:15:14,792:INFO: Ntotjets=450000
2018-11-07 01:15:17,923:INFO: Ntotjets=460000
2018-11-07 01:15:21,050:INFO: Ntotjets=470000
2018-11-07 01:15:24,194:INFO: Ntotjets=480000
2018-11-07 01:15:27,402:INFO: Ntotjets=490000
2018-11-07 01:15:30,540:INFO: Ntotjets=500000
2018-11-07 01:15:33,670:INFO: Ntotjets=510000
2018-11-07 01:15:36,762:INFO: Ntotjets=520000
2018-11-07 01:15:39,852:INFO: Ntotjets=530000
2018-11-07 01:15:42,938:INFO: Ntotjets=540000
2018-11-07 01:15:46,036:INFO: Ntotjets=550000
2018-11-07 01:15:49,140:INFO: Ntotjets=560000
2018-11-07 01:15:52,250:INFO: Ntotjets=570000
2018-11-07 01:15:55,354:INFO: Ntotjets=580000
2018-11-07 01:15:58,435:INFO: Ntotjets=590000
2018-11-07 01:16:01,513:INFO: Ntotjets=600000
2018-11-07 01:16:01,514:INFO: Tree generation time (minutes) =6.6120447516441345
2018-11-07 02:22:08,186:INFO: Splitting into train, validation and test datasets, and shuffling...
2018-11-07 02:24:57,653:INFO: Split sample time (minutes) =75.54767524798712
2018-11-07 02:24:57,653:INFO: Creating train batches ...
2018-11-07 02:25:00,637:INFO: Number of batches created=100
2018-11-07 02:25:03,657:INFO: Number of batches created=200
2018-11-07 02:25:06,679:INFO: Number of batches created=300
2018-11-07 02:25:09,660:INFO: Number of batches created=400
2018-11-07 02:25:12,649:INFO: Number of batches created=500
2018-11-07 02:25:15,631:INFO: Number of batches created=600
2018-11-07 02:25:18,639:INFO: Number of batches created=700
2018-11-07 02:25:21,664:INFO: Number of batches created=800
2018-11-07 02:25:24,702:INFO: Number of batches created=900
2018-11-07 02:25:27,747:INFO: Number of batches created=1000
2018-11-07 02:25:30,800:INFO: Number of batches created=1100
2018-11-07 02:25:33,917:INFO: Number of batches created=1200
2018-11-07 02:25:37,039:INFO: Number of batches created=1300
2018-11-07 02:25:40,120:INFO: Number of batches created=1400
2018-11-07 02:25:43,217:INFO: Number of batches created=1500
2018-11-07 02:25:46,272:INFO: Number of batches created=1600
2018-11-07 02:25:49,343:INFO: Number of batches created=1700
2018-11-07 02:25:52,392:INFO: Number of batches created=1800
2018-11-07 02:25:55,434:INFO: Number of batches created=1900
2018-11-07 02:25:58,488:INFO: Number of batches created=2000
2018-11-07 02:26:01,538:INFO: Number of batches created=2100
2018-11-07 02:26:04,550:INFO: Number of batches created=2200
2018-11-07 02:26:07,562:INFO: Number of batches created=2300
2018-11-07 02:26:10,587:INFO: Number of batches created=2400
2018-11-07 02:26:13,595:INFO: Number of batches created=2500
2018-11-07 02:26:16,624:INFO: Number of batches created=2600
2018-11-07 02:26:19,644:INFO: Number of batches created=2700
2018-11-07 02:26:22,668:INFO: Number of batches created=2800
2018-11-07 02:26:25,668:INFO: Number of batches created=2900
2018-11-07 02:26:28,707:INFO: Number of batches created=3000
2018-11-07 02:26:31,717:INFO: Number of batches created=3100
2018-11-07 02:26:34,726:INFO: Number of batches created=3200
2018-11-07 02:26:37,736:INFO: Number of batches created=3300
2018-11-07 02:26:40,784:INFO: Number of batches created=3400
2018-11-07 02:26:43,820:INFO: Number of batches created=3500
2018-11-07 02:26:46,885:INFO: Number of batches created=3600
2018-11-07 02:26:49,944:INFO: Number of batches created=3700
2018-11-07 02:26:53,008:INFO: Number of batches created=3800
2018-11-07 02:26:56,062:INFO: Number of batches created=3900
2018-11-07 02:26:59,146:INFO: Number of batches created=4000
2018-11-07 02:27:02,210:INFO: Number of batches created=4100
2018-11-07 02:27:05,280:INFO: Number of batches created=4200
2018-11-07 02:27:08,380:INFO: Number of batches created=4300
2018-11-07 02:27:11,468:INFO: Number of batches created=4400
2018-11-07 02:27:14,565:INFO: Number of batches created=4500
2018-11-07 02:27:17,624:INFO: Number of batches created=4600
2018-11-07 02:27:20,744:INFO: Number of batches created=4700
2018-11-07 02:27:23,865:INFO: Number of batches created=4800
2018-11-07 02:27:26,907:INFO: Number of batches created=4900
2018-11-07 02:27:29,954:INFO: Number of batches created=5000
2018-11-07 02:27:32,956:INFO: Number of batches created=5100
2018-11-07 02:27:36,007:INFO: Number of batches created=5200
2018-11-07 02:27:39,027:INFO: Number of batches created=5300
2018-11-07 02:27:42,063:INFO: Number of batches created=5400
2018-11-07 02:27:45,094:INFO: Number of batches created=5500
2018-11-07 02:27:48,123:INFO: Number of batches created=5600
2018-11-07 02:27:48,900:INFO: Creating val batches ...
2018-11-07 02:27:51,994:INFO: Number of batches created=100
2018-11-07 02:27:55,084:INFO: Number of batches created=200
2018-11-07 02:27:58,172:INFO: Number of batches created=300
2018-11-07 02:28:01,255:INFO: Number of batches created=400
2018-11-07 02:28:04,343:INFO: Number of batches created=500
2018-11-07 02:28:07,429:INFO: Number of batches created=600
2018-11-07 02:28:10,540:INFO: Number of batches created=700
2018-11-07 02:28:13,634:INFO: Number of batches created=800
2018-11-07 02:28:16,760:INFO: Number of batches created=900
2018-11-07 02:28:19,869:INFO: Number of batches created=1000
2018-11-07 02:28:22,958:INFO: Number of batches created=1100
2018-11-07 02:28:26,008:INFO: Number of batches created=1200
2018-11-07 02:28:29,064:INFO: Number of batches created=1300
2018-11-07 02:28:32,100:INFO: Number of batches created=1400
2018-11-07 02:28:35,131:INFO: Number of batches created=1500
2018-11-07 02:28:38,162:INFO: Number of batches created=1600
2018-11-07 02:28:41,192:INFO: Number of batches created=1700
2018-11-07 02:28:44,223:INFO: Number of batches created=1800
2018-11-07 02:28:46,482:INFO: Creating test batches ...
2018-11-07 02:28:49,545:INFO: Number of batches created=100
2018-11-07 02:28:52,580:INFO: Number of batches created=200
2018-11-07 02:28:55,614:INFO: Number of batches created=300
2018-11-07 02:28:58,660:INFO: Number of batches created=400
2018-11-07 02:29:01,693:INFO: Number of batches created=500
2018-11-07 02:29:04,708:INFO: Number of batches created=600
2018-11-07 02:29:07,743:INFO: Number of batches created=700
2018-11-07 02:29:10,779:INFO: Number of batches created=800
2018-11-07 02:29:13,802:INFO: Number of batches created=900
2018-11-07 02:29:16,852:INFO: Number of batches created=1000
2018-11-07 02:29:19,913:INFO: Number of batches created=1100
2018-11-07 02:29:22,972:INFO: Number of batches created=1200
2018-11-07 02:29:26,029:INFO: Number of batches created=1300
2018-11-07 02:29:29,067:INFO: Number of batches created=1400
2018-11-07 02:29:32,115:INFO: Number of batches created=1500
2018-11-07 02:29:35,152:INFO: Number of batches created=1600
2018-11-07 02:29:38,173:INFO: Number of batches created=1700
2018-11-07 02:29:41,184:INFO: Number of batches created=1800
2018-11-07 02:29:43,434:INFO: Number of test_batches=1875
2018-11-07 02:29:43,434:INFO: Batch generation time (minutes) =80.31070256630579
2018-11-07 02:29:43,434:INFO: Train and val batch size=128
2018-11-07 02:29:43,434:INFO: Number of train_batches=5625
2018-11-07 02:29:43,434:INFO: Number of val_batches=1875
2018-11-07 02:36:11,377:INFO: ------------------------------------------------------------
2018-11-07 02:36:11,402:INFO: Loading the datasets...
2018-11-07 02:39:52,574:INFO: - done loading the datasets
2018-11-07 02:39:52,575:INFO: ------------------------------------------------------------
2018-11-07 02:42:23,886:INFO: Building optimizer...
2018-11-07 02:42:23,898:INFO: Starting training for 50 epoch(s)
2018-11-07 02:42:23,899:INFO: Epoch 1/50
2018-11-07 02:47:46,343:INFO: - Train metrics: accuracy: 0.797 ; loss: 0.455
2018-11-07 02:48:21,443:INFO: - Eval metrics : accuracy: 0.892 ; loss: 0.259
2018-11-07 02:48:21,792:INFO: - Found new best accuracy
2018-11-07 02:48:21,793:INFO: Epoch 2/50
2018-11-07 02:51:38,620:INFO: - Train metrics: accuracy: 0.868 ; loss: 0.303
2018-11-07 02:52:13,623:INFO: - Eval metrics : accuracy: 0.885 ; loss: 0.295
2018-11-07 02:52:13,657:INFO: Epoch 3/50
2018-11-07 02:55:06,538:INFO: - Train metrics: accuracy: 0.916 ; loss: 0.204
2018-11-07 02:55:41,185:INFO: - Eval metrics : accuracy: 0.920 ; loss: 0.193
2018-11-07 02:55:41,226:INFO: - Found new best accuracy
2018-11-07 02:55:41,226:INFO: Epoch 4/50
2018-11-07 02:58:31,882:INFO: - Train metrics: accuracy: 0.921 ; loss: 0.189
2018-11-07 02:59:06,627:INFO: - Eval metrics : accuracy: 0.917 ; loss: 0.198
2018-11-07 02:59:06,669:INFO: Epoch 5/50
2018-11-07 03:01:55,928:INFO: - Train metrics: accuracy: 0.929 ; loss: 0.176
2018-11-07 03:02:30,582:INFO: - Eval metrics : accuracy: 0.921 ; loss: 0.189
2018-11-07 03:02:30,619:INFO: - Found new best accuracy
2018-11-07 03:02:30,619:INFO: Epoch 6/50
2018-11-07 03:05:24,396:INFO: - Train metrics: accuracy: 0.926 ; loss: 0.181
2018-11-07 03:05:59,073:INFO: - Eval metrics : accuracy: 0.920 ; loss: 0.194
2018-11-07 03:05:59,107:INFO: Epoch 7/50
2018-11-07 03:08:51,917:INFO: - Train metrics: accuracy: 0.930 ; loss: 0.175
2018-11-07 03:09:26,662:INFO: - Eval metrics : accuracy: 0.925 ; loss: 0.182
2018-11-07 03:09:26,704:INFO: - Found new best accuracy
2018-11-07 03:09:26,705:INFO: Epoch 8/50
2018-11-07 03:12:27,090:INFO: - Train metrics: accuracy: 0.930 ; loss: 0.168
2018-11-07 03:13:02,067:INFO: - Eval metrics : accuracy: 0.933 ; loss: 0.164
2018-11-07 03:13:02,105:INFO: - Found new best accuracy
2018-11-07 03:13:02,105:INFO: Epoch 9/50
2018-11-07 03:15:52,436:INFO: - Train metrics: accuracy: 0.933 ; loss: 0.166
2018-11-07 03:16:27,231:INFO: - Eval metrics : accuracy: 0.931 ; loss: 0.168
2018-11-07 03:16:27,293:INFO: Epoch 10/50
2018-11-07 03:19:16,506:INFO: - Train metrics: accuracy: 0.934 ; loss: 0.165
2018-11-07 03:19:51,273:INFO: - Eval metrics : accuracy: 0.929 ; loss: 0.173
2018-11-07 03:19:51,311:INFO: Epoch 11/50
2018-11-07 03:22:42,322:INFO: - Train metrics: accuracy: 0.935 ; loss: 0.160
2018-11-07 03:23:17,081:INFO: - Eval metrics : accuracy: 0.934 ; loss: 0.164
2018-11-07 03:23:17,127:INFO: - Found new best accuracy
2018-11-07 03:23:17,127:INFO: Epoch 12/50
2018-11-07 03:26:06,549:INFO: - Train metrics: accuracy: 0.936 ; loss: 0.161
2018-11-07 03:26:41,286:INFO: - Eval metrics : accuracy: 0.936 ; loss: 0.158
2018-11-07 03:26:41,323:INFO: - Found new best accuracy
2018-11-07 03:26:41,324:INFO: Epoch 13/50
2018-11-07 03:29:33,005:INFO: - Train metrics: accuracy: 0.937 ; loss: 0.158
2018-11-07 03:30:07,711:INFO: - Eval metrics : accuracy: 0.934 ; loss: 0.162
2018-11-07 03:30:07,746:INFO: Epoch 14/50
2018-11-07 03:32:58,404:INFO: - Train metrics: accuracy: 0.936 ; loss: 0.157
2018-11-07 03:33:32,956:INFO: - Eval metrics : accuracy: 0.938 ; loss: 0.155
2018-11-07 03:33:32,959:INFO: - Found new best accuracy
2018-11-07 03:33:32,959:INFO: Epoch 15/50
2018-11-07 03:36:27,057:INFO: - Train metrics: accuracy: 0.937 ; loss: 0.153
2018-11-07 03:37:01,943:INFO: - Eval metrics : accuracy: 0.938 ; loss: 0.155
2018-11-07 03:37:01,992:INFO: Epoch 16/50
2018-11-07 03:39:55,817:INFO: - Train metrics: accuracy: 0.937 ; loss: 0.154
2018-11-07 03:40:30,678:INFO: - Eval metrics : accuracy: 0.939 ; loss: 0.152
2018-11-07 03:40:30,730:INFO: - Found new best accuracy
2018-11-07 03:40:30,731:INFO: Epoch 17/50
2018-11-07 03:43:21,897:INFO: - Train metrics: accuracy: 0.938 ; loss: 0.152
2018-11-07 03:43:57,013:INFO: - Eval metrics : accuracy: 0.939 ; loss: 0.152
2018-11-07 03:43:57,061:INFO: - Found new best accuracy
2018-11-07 03:43:57,062:INFO: Epoch 18/50
2018-11-07 03:46:54,609:INFO: - Train metrics: accuracy: 0.939 ; loss: 0.150
2018-11-07 03:47:28,258:INFO: - Eval metrics : accuracy: 0.940 ; loss: 0.150
2018-11-07 03:47:28,300:INFO: - Found new best accuracy
2018-11-07 03:47:28,301:INFO: Epoch 19/50
2018-11-07 03:50:23,596:INFO: - Train metrics: accuracy: 0.939 ; loss: 0.150
2018-11-07 03:50:58,602:INFO: - Eval metrics : accuracy: 0.940 ; loss: 0.150
2018-11-07 03:50:58,650:INFO: - Found new best accuracy
2018-11-07 03:50:58,651:INFO: Epoch 20/50
2018-11-07 03:53:51,050:INFO: - Train metrics: accuracy: 0.939 ; loss: 0.149
2018-11-07 03:54:25,825:INFO: - Eval metrics : accuracy: 0.940 ; loss: 0.149
2018-11-07 03:54:25,873:INFO: - Found new best accuracy
2018-11-07 03:54:25,873:INFO: Epoch 21/50
2018-11-07 03:57:20,482:INFO: - Train metrics: accuracy: 0.939 ; loss: 0.148
2018-11-07 03:57:54,555:INFO: - Eval metrics : accuracy: 0.940 ; loss: 0.149
2018-11-07 03:57:54,603:INFO: - Found new best accuracy
2018-11-07 03:57:54,604:INFO: Epoch 22/50
2018-11-07 04:00:43,338:INFO: - Train metrics: accuracy: 0.939 ; loss: 0.148
2018-11-07 04:01:18,247:INFO: - Eval metrics : accuracy: 0.941 ; loss: 0.149
2018-11-07 04:01:18,286:INFO: - Found new best accuracy
2018-11-07 04:01:18,287:INFO: Epoch 23/50
2018-11-07 04:04:11,682:INFO: - Train metrics: accuracy: 0.940 ; loss: 0.147
2018-11-07 04:04:46,321:INFO: - Eval metrics : accuracy: 0.941 ; loss: 0.149
2018-11-07 04:04:46,361:INFO: - Found new best accuracy
2018-11-07 04:04:46,361:INFO: Epoch 24/50
2018-11-07 04:07:36,366:INFO: - Train metrics: accuracy: 0.939 ; loss: 0.147
2018-11-07 04:08:11,187:INFO: - Eval metrics : accuracy: 0.941 ; loss: 0.148
2018-11-07 04:08:11,235:INFO: - Found new best accuracy
2018-11-07 04:08:11,236:INFO: Epoch 25/50
2018-11-07 04:11:06,306:INFO: - Train metrics: accuracy: 0.940 ; loss: 0.146
2018-11-07 04:11:41,095:INFO: - Eval metrics : accuracy: 0.941 ; loss: 0.148
2018-11-07 04:11:41,098:INFO: - Found new best accuracy
2018-11-07 04:11:41,098:INFO: Epoch 26/50
2018-11-07 04:14:34,112:INFO: - Train metrics: accuracy: 0.939 ; loss: 0.146
2018-11-07 04:15:08,839:INFO: - Eval metrics : accuracy: 0.941 ; loss: 0.147
2018-11-07 04:15:08,887:INFO: - Found new best accuracy
2018-11-07 04:15:08,888:INFO: Epoch 27/50
2018-11-07 04:17:57,847:INFO: - Train metrics: accuracy: 0.940 ; loss: 0.146
2018-11-07 04:18:32,562:INFO: - Eval metrics : accuracy: 0.941 ; loss: 0.148
2018-11-07 04:18:32,611:INFO: Epoch 28/50
2018-11-07 04:21:26,220:INFO: - Train metrics: accuracy: 0.940 ; loss: 0.145
2018-11-07 04:22:00,992:INFO: - Eval metrics : accuracy: 0.941 ; loss: 0.147
2018-11-07 04:22:01,039:INFO: - Found new best accuracy
2018-11-07 04:22:01,039:INFO: Epoch 29/50
2018-11-07 04:25:01,550:INFO: - Train metrics: accuracy: 0.940 ; loss: 0.145
2018-11-07 04:25:36,587:INFO: - Eval metrics : accuracy: 0.941 ; loss: 0.147
2018-11-07 04:25:36,631:INFO: - Found new best accuracy
2018-11-07 04:25:36,631:INFO: Epoch 30/50
2018-11-07 04:28:31,479:INFO: - Train metrics: accuracy: 0.941 ; loss: 0.145
2018-11-07 04:29:06,464:INFO: - Eval metrics : accuracy: 0.941 ; loss: 0.147
2018-11-07 04:29:06,512:INFO: Epoch 31/50
2018-11-07 04:32:00,795:INFO: - Train metrics: accuracy: 0.941 ; loss: 0.145
2018-11-07 04:32:35,546:INFO: - Eval metrics : accuracy: 0.941 ; loss: 0.147
2018-11-07 04:32:35,549:INFO: Epoch 32/50
2018-11-07 04:35:28,818:INFO: - Train metrics: accuracy: 0.940 ; loss: 0.145
2018-11-07 04:36:03,584:INFO: - Eval metrics : accuracy: 0.941 ; loss: 0.148
2018-11-07 04:36:03,628:INFO: Epoch 33/50
2018-11-07 04:39:00,061:INFO: - Train metrics: accuracy: 0.941 ; loss: 0.145
2018-11-07 04:39:34,863:INFO: - Eval metrics : accuracy: 0.941 ; loss: 0.148
2018-11-07 04:39:34,907:INFO: Epoch 34/50
2018-11-07 04:42:29,373:INFO: - Train metrics: accuracy: 0.941 ; loss: 0.145
2018-11-07 04:43:04,377:INFO: - Eval metrics : accuracy: 0.941 ; loss: 0.148
2018-11-07 04:43:04,422:INFO: Epoch 35/50
2018-11-07 04:46:02,321:INFO: - Train metrics: accuracy: 0.942 ; loss: 0.145
2018-11-07 04:46:37,236:INFO: - Eval metrics : accuracy: 0.941 ; loss: 0.148
2018-11-07 04:46:37,283:INFO: Epoch 36/50
2018-11-07 04:49:35,281:INFO: - Train metrics: accuracy: 0.941 ; loss: 0.144
2018-11-07 04:50:10,222:INFO: - Eval metrics : accuracy: 0.941 ; loss: 0.148
2018-11-07 04:50:10,261:INFO: Epoch 37/50
2018-11-07 04:53:11,430:INFO: - Train metrics: accuracy: 0.941 ; loss: 0.144
2018-11-07 04:53:46,618:INFO: - Eval metrics : accuracy: 0.941 ; loss: 0.148
2018-11-07 04:53:46,664:INFO: Epoch 38/50
2018-11-07 04:56:42,033:INFO: - Train metrics: accuracy: 0.941 ; loss: 0.144
2018-11-07 04:57:16,898:INFO: - Eval metrics : accuracy: 0.941 ; loss: 0.147
2018-11-07 04:57:16,940:INFO: Epoch 39/50
2018-11-07 05:00:09,375:INFO: - Train metrics: accuracy: 0.942 ; loss: 0.144
2018-11-07 05:00:44,142:INFO: - Eval metrics : accuracy: 0.942 ; loss: 0.147
2018-11-07 05:00:44,193:INFO: - Found new best accuracy
2018-11-07 05:00:44,193:INFO: Epoch 40/50
2018-11-07 05:03:37,553:INFO: - Train metrics: accuracy: 0.942 ; loss: 0.144
2018-11-07 05:04:12,332:INFO: - Eval metrics : accuracy: 0.942 ; loss: 0.146
2018-11-07 05:04:12,368:INFO: - Found new best accuracy
2018-11-07 05:04:12,369:INFO: Epoch 41/50
2018-11-07 05:07:05,322:INFO: - Train metrics: accuracy: 0.942 ; loss: 0.144
2018-11-07 05:07:40,184:INFO: - Eval metrics : accuracy: 0.942 ; loss: 0.146
2018-11-07 05:07:40,232:INFO: - Found new best accuracy
2018-11-07 05:07:40,233:INFO: Epoch 42/50
2018-11-07 05:10:31,937:INFO: - Train metrics: accuracy: 0.942 ; loss: 0.144
2018-11-07 05:11:06,565:INFO: - Eval metrics : accuracy: 0.942 ; loss: 0.146
2018-11-07 05:11:06,612:INFO: - Found new best accuracy
2018-11-07 05:11:06,612:INFO: Epoch 43/50
2018-11-07 05:13:59,469:INFO: - Train metrics: accuracy: 0.943 ; loss: 0.144
2018-11-07 05:14:34,459:INFO: - Eval metrics : accuracy: 0.943 ; loss: 0.145
2018-11-07 05:14:34,462:INFO: - Found new best accuracy
2018-11-07 05:14:34,462:INFO: Epoch 44/50
2018-11-07 05:17:26,638:INFO: - Train metrics: accuracy: 0.943 ; loss: 0.144
2018-11-07 05:18:01,603:INFO: - Eval metrics : accuracy: 0.943 ; loss: 0.145
2018-11-07 05:18:01,650:INFO: - Found new best accuracy
2018-11-07 05:18:01,650:INFO: Epoch 45/50
2018-11-07 05:20:54,269:INFO: - Train metrics: accuracy: 0.942 ; loss: 0.144
2018-11-07 05:21:29,252:INFO: - Eval metrics : accuracy: 0.943 ; loss: 0.145
2018-11-07 05:21:29,296:INFO: - Found new best accuracy
2018-11-07 05:21:29,296:INFO: Epoch 46/50
2018-11-07 05:24:21,961:INFO: - Train metrics: accuracy: 0.942 ; loss: 0.144
2018-11-07 05:24:56,846:INFO: - Eval metrics : accuracy: 0.943 ; loss: 0.145
2018-11-07 05:24:56,918:INFO: - Found new best accuracy
2018-11-07 05:24:56,919:INFO: Epoch 47/50
2018-11-07 05:27:49,005:INFO: - Train metrics: accuracy: 0.943 ; loss: 0.144
2018-11-07 05:28:23,792:INFO: - Eval metrics : accuracy: 0.943 ; loss: 0.145
2018-11-07 05:28:23,839:INFO: - Found new best accuracy
2018-11-07 05:28:23,840:INFO: Epoch 48/50
2018-11-07 05:31:14,741:INFO: - Train metrics: accuracy: 0.943 ; loss: 0.144
2018-11-07 05:31:49,899:INFO: - Eval metrics : accuracy: 0.943 ; loss: 0.144
2018-11-07 05:31:49,949:INFO: - Found new best accuracy
2018-11-07 05:31:49,950:INFO: Epoch 49/50
2018-11-07 05:34:44,112:INFO: - Train metrics: accuracy: 0.943 ; loss: 0.144
2018-11-07 05:35:18,943:INFO: - Eval metrics : accuracy: 0.943 ; loss: 0.144
2018-11-07 05:35:18,973:INFO: Epoch 50/50
2018-11-07 05:38:09,556:INFO: - Train metrics: accuracy: 0.943 ; loss: 0.144
2018-11-07 05:38:44,435:INFO: - Eval metrics : accuracy: 0.943 ; loss: 0.144
2018-11-07 05:38:44,476:INFO: Total time (minutes) =269.3280636072159
