2018-10-29 18:00:36,836:INFO: search_hyperparam_sample_name=top_qcd_jets_antikt_kt__40000_Njets_1024_batch
2018-10-29 18:00:36,837:INFO: ------------------------------------------------------------
2018-10-29 18:00:36,837:INFO: Loading the datasets...
2018-10-29 18:00:37,914:INFO: - done loading the datasets
2018-10-29 18:00:37,914:INFO: ------------------------------------------------------------
2018-10-29 18:00:39,568:INFO: Building optimizer...
2018-10-29 18:00:39,568:INFO: Starting training for 30 epoch(s)
2018-10-29 18:00:39,568:INFO: Epoch 1/30
2018-10-29 18:00:42,251:INFO: - Train metrics: accuracy: 0.519 ; loss: 1.946
2018-10-29 18:00:42,917:INFO: - Eval metrics : accuracy: 0.672 ; loss: 0.606
2018-10-29 18:00:42,927:INFO: - Found new best accuracy
2018-10-29 18:00:42,928:INFO: Epoch 2/30
2018-10-29 18:00:45,328:INFO: - Train metrics: accuracy: 0.688 ; loss: 0.597
2018-10-29 18:00:45,879:INFO: - Eval metrics : accuracy: 0.686 ; loss: 0.567
2018-10-29 18:00:45,919:INFO: - Found new best accuracy
2018-10-29 18:00:45,920:INFO: Epoch 3/30
2018-10-29 18:00:48,421:INFO: - Train metrics: accuracy: 0.695 ; loss: 0.567
2018-10-29 18:00:48,982:INFO: - Eval metrics : accuracy: 0.749 ; loss: 0.507
2018-10-29 18:00:49,018:INFO: - Found new best accuracy
2018-10-29 18:00:49,018:INFO: Epoch 4/30
2018-10-29 18:00:51,465:INFO: - Train metrics: accuracy: 0.766 ; loss: 0.497
2018-10-29 18:00:51,977:INFO: - Eval metrics : accuracy: 0.756 ; loss: 0.494
2018-10-29 18:00:52,012:INFO: - Found new best accuracy
2018-10-29 18:00:52,012:INFO: Epoch 5/30
2018-10-29 18:00:54,820:INFO: - Train metrics: accuracy: 0.772 ; loss: 0.484
2018-10-29 18:00:55,356:INFO: - Eval metrics : accuracy: 0.759 ; loss: 0.489
2018-10-29 18:00:55,410:INFO: - Found new best accuracy
2018-10-29 18:00:55,411:INFO: Epoch 6/30
2018-10-29 18:00:57,929:INFO: - Train metrics: accuracy: 0.769 ; loss: 0.480
2018-10-29 18:00:58,415:INFO: - Eval metrics : accuracy: 0.760 ; loss: 0.485
2018-10-29 18:00:58,417:INFO: - Found new best accuracy
2018-10-29 18:00:58,417:INFO: Epoch 7/30
2018-10-29 18:01:01,318:INFO: - Train metrics: accuracy: 0.775 ; loss: 0.477
2018-10-29 18:01:01,964:INFO: - Eval metrics : accuracy: 0.762 ; loss: 0.482
2018-10-29 18:01:01,967:INFO: - Found new best accuracy
2018-10-29 18:01:01,967:INFO: Epoch 8/30
2018-10-29 18:01:04,578:INFO: - Train metrics: accuracy: 0.778 ; loss: 0.473
2018-10-29 18:01:05,162:INFO: - Eval metrics : accuracy: 0.763 ; loss: 0.481
2018-10-29 18:01:05,199:INFO: - Found new best accuracy
2018-10-29 18:01:05,200:INFO: Epoch 9/30
2018-10-29 18:01:07,700:INFO: - Train metrics: accuracy: 0.772 ; loss: 0.470
2018-10-29 18:01:08,218:INFO: - Eval metrics : accuracy: 0.763 ; loss: 0.480
2018-10-29 18:01:08,256:INFO: - Found new best accuracy
2018-10-29 18:01:08,256:INFO: Epoch 10/30
2018-10-29 18:01:10,730:INFO: - Train metrics: accuracy: 0.769 ; loss: 0.469
2018-10-29 18:01:11,209:INFO: - Eval metrics : accuracy: 0.764 ; loss: 0.479
2018-10-29 18:01:11,246:INFO: - Found new best accuracy
2018-10-29 18:01:11,246:INFO: Epoch 11/30
2018-10-29 18:01:13,739:INFO: - Train metrics: accuracy: 0.777 ; loss: 0.467
2018-10-29 18:01:14,254:INFO: - Eval metrics : accuracy: 0.764 ; loss: 0.477
2018-10-29 18:01:14,294:INFO: - Found new best accuracy
2018-10-29 18:01:14,294:INFO: Epoch 12/30
2018-10-29 18:01:16,838:INFO: - Train metrics: accuracy: 0.783 ; loss: 0.466
2018-10-29 18:01:17,400:INFO: - Eval metrics : accuracy: 0.765 ; loss: 0.477
2018-10-29 18:01:17,430:INFO: - Found new best accuracy
2018-10-29 18:01:17,430:INFO: Epoch 13/30
2018-10-29 18:01:20,043:INFO: - Train metrics: accuracy: 0.784 ; loss: 0.466
2018-10-29 18:01:20,635:INFO: - Eval metrics : accuracy: 0.765 ; loss: 0.476
2018-10-29 18:01:20,661:INFO: Epoch 14/30
2018-10-29 18:01:23,324:INFO: - Train metrics: accuracy: 0.783 ; loss: 0.465
2018-10-29 18:01:23,848:INFO: - Eval metrics : accuracy: 0.765 ; loss: 0.476
2018-10-29 18:01:23,876:INFO: Epoch 15/30
2018-10-29 18:01:26,086:INFO: - Train metrics: accuracy: 0.783 ; loss: 0.465
2018-10-29 18:01:26,515:INFO: - Eval metrics : accuracy: 0.765 ; loss: 0.476
2018-10-29 18:01:26,553:INFO: - Found new best accuracy
2018-10-29 18:01:26,554:INFO: Epoch 16/30
2018-10-29 18:01:29,404:INFO: - Train metrics: accuracy: 0.783 ; loss: 0.465
2018-10-29 18:01:30,041:INFO: - Eval metrics : accuracy: 0.765 ; loss: 0.476
2018-10-29 18:01:30,080:INFO: - Found new best accuracy
2018-10-29 18:01:30,081:INFO: Epoch 17/30
2018-10-29 18:01:32,579:INFO: - Train metrics: accuracy: 0.783 ; loss: 0.465
2018-10-29 18:01:33,093:INFO: - Eval metrics : accuracy: 0.766 ; loss: 0.475
2018-10-29 18:01:33,132:INFO: - Found new best accuracy
2018-10-29 18:01:33,133:INFO: Epoch 18/30
2018-10-29 18:01:35,488:INFO: - Train metrics: accuracy: 0.784 ; loss: 0.465
2018-10-29 18:01:35,912:INFO: - Eval metrics : accuracy: 0.766 ; loss: 0.475
2018-10-29 18:01:35,947:INFO: - Found new best accuracy
2018-10-29 18:01:35,947:INFO: Epoch 19/30
2018-10-29 18:01:38,092:INFO: - Train metrics: accuracy: 0.783 ; loss: 0.465
2018-10-29 18:01:38,519:INFO: - Eval metrics : accuracy: 0.766 ; loss: 0.475
2018-10-29 18:01:38,577:INFO: - Found new best accuracy
2018-10-29 18:01:38,577:INFO: Epoch 20/30
2018-10-29 18:01:41,100:INFO: - Train metrics: accuracy: 0.783 ; loss: 0.465
2018-10-29 18:01:41,611:INFO: - Eval metrics : accuracy: 0.766 ; loss: 0.475
2018-10-29 18:01:41,644:INFO: - Found new best accuracy
2018-10-29 18:01:41,644:INFO: Epoch 21/30
2018-10-29 18:01:43,879:INFO: - Train metrics: accuracy: 0.783 ; loss: 0.465
2018-10-29 18:01:44,388:INFO: - Eval metrics : accuracy: 0.766 ; loss: 0.475
2018-10-29 18:01:44,425:INFO: Epoch 22/30
2018-10-29 18:01:47,091:INFO: - Train metrics: accuracy: 0.783 ; loss: 0.465
2018-10-29 18:01:47,677:INFO: - Eval metrics : accuracy: 0.766 ; loss: 0.475
2018-10-29 18:01:47,711:INFO: Epoch 23/30
2018-10-29 18:01:49,926:INFO: - Train metrics: accuracy: 0.783 ; loss: 0.465
2018-10-29 18:01:50,360:INFO: - Eval metrics : accuracy: 0.766 ; loss: 0.475
2018-10-29 18:01:50,397:INFO: Epoch 24/30
2018-10-29 18:01:52,565:INFO: - Train metrics: accuracy: 0.783 ; loss: 0.465
2018-10-29 18:01:52,998:INFO: - Eval metrics : accuracy: 0.766 ; loss: 0.475
2018-10-29 18:01:53,036:INFO: Epoch 25/30
2018-10-29 18:01:55,364:INFO: - Train metrics: accuracy: 0.783 ; loss: 0.465
2018-10-29 18:01:55,806:INFO: - Eval metrics : accuracy: 0.766 ; loss: 0.475
2018-10-29 18:01:55,835:INFO: Epoch 26/30
2018-10-29 18:01:58,399:INFO: - Train metrics: accuracy: 0.783 ; loss: 0.465
2018-10-29 18:01:58,959:INFO: - Eval metrics : accuracy: 0.766 ; loss: 0.475
2018-10-29 18:01:58,988:INFO: Epoch 27/30
2018-10-29 18:02:01,159:INFO: - Train metrics: accuracy: 0.783 ; loss: 0.465
2018-10-29 18:02:01,590:INFO: - Eval metrics : accuracy: 0.766 ; loss: 0.475
2018-10-29 18:02:01,628:INFO: Epoch 28/30
2018-10-29 18:02:04,034:INFO: - Train metrics: accuracy: 0.783 ; loss: 0.465
2018-10-29 18:02:04,524:INFO: - Eval metrics : accuracy: 0.766 ; loss: 0.475
2018-10-29 18:02:04,559:INFO: Epoch 29/30
2018-10-29 18:02:06,686:INFO: - Train metrics: accuracy: 0.783 ; loss: 0.465
2018-10-29 18:02:07,109:INFO: - Eval metrics : accuracy: 0.766 ; loss: 0.475
2018-10-29 18:02:07,144:INFO: Epoch 30/30
2018-10-29 18:02:09,352:INFO: - Train metrics: accuracy: 0.783 ; loss: 0.465
2018-10-29 18:02:09,777:INFO: - Eval metrics : accuracy: 0.766 ; loss: 0.475
2018-10-29 18:02:09,814:INFO: Total time (minutes) =1.5496349811553956
