2018-11-06 17:59:23,362:INFO: Loading the dataset ...
2018-11-06 17:59:23,756:INFO: - done.
2018-11-06 17:59:25,455:INFO: Starting evaluation
2018-11-06 17:59:29,808:INFO: Labels=[1. 0. 0. 0. 1. 0. 0. 1. 1. 0.]
2018-11-06 17:59:29,808:INFO: Out prob=[6.91954434e-01 1.85600653e-01 4.66739237e-01 3.67338449e-01
 9.46678996e-01 3.06576076e-05 3.23182911e-01 9.33132619e-02
 9.14599717e-01 6.66641653e-01]
2018-11-06 17:59:29,808:INFO: ------------------------------------------------------------------------------------------------------------------------
2018-11-06 17:59:29,808:INFO: len labels after =32000
2018-11-06 17:59:29,808:INFO: len out_prob after32000
2018-11-06 17:59:29,808:INFO: length y_test=32000
2018-11-06 17:59:29,808:INFO: Lenght y_score=32000
2018-11-06 17:59:29,814:INFO: Length y_score 32000
2018-11-06 17:59:29,814:INFO: Length y_test 32000
2018-11-06 17:59:29,814:INFO: Thresholds[0:6] = 
 [0.9962464  0.9945904  0.99432868 0.99410075 0.99393833 0.99371743]
2018-11-06 17:59:29,814:INFO: Thresholds lenght = 
31941
2018-11-06 17:59:29,814:INFO: fpr lenght31941
2018-11-06 17:59:29,815:INFO: tpr lenght31941
2018-11-06 17:59:29,957:INFO: ------------------------------------------------------------------------------------------------------------------------
2018-11-06 17:59:29,964:INFO: roc_auc=0.9017108921941832
2018-11-06 17:59:29,964:INFO: ------------------------------------------------------------------------------------------------------------------------
2018-11-06 17:59:29,965:INFO: - Eval metrics : accuracy: 0.82122 ; loss: 0.38562
