2018-11-07 05:50:38,034:INFO: sample_name=top_qcd_jets_kt
2018-11-07 05:50:38,034:INFO: --------------------------------------------------------------------------------
2018-11-07 05:50:38,035:INFO: batch_filename=top_qcd_jets_kt__1200000_Njets_128_batch_abs_charge
2018-11-07 05:50:38,036:INFO: Number of jet files for ttbar=200
2018-11-07 05:50:38,037:INFO: Loading ttbar jet files... 
2018-11-07 05:50:38,037:INFO: ttbar files list = ['tree_subjets_ttbar_DelphesPythia8_nompi_0.dat', 'tree_subjets_ttbar_DelphesPythia8_nompi_1.dat', 'tree_subjets_ttbar_DelphesPythia8_nompi_10.dat', 'tree_subjets_ttbar_DelphesPythia8_nompi_100.dat', 'tree_subjets_ttbar_DelphesPythia8_nompi_101.dat', 'tree_subjets_ttbar_DelphesPythia8_nompi_102.dat', 'tree_subjets_ttbar_DelphesPythia8_nompi_103.dat', 'tree_subjets_ttbar_DelphesPythia8_nompi_104.dat', 'tree_subjets_ttbar_DelphesPythia8_nompi_105.dat', 'tree_subjets_ttbar_DelphesPythia8_nompi_106.dat', 'tree_subjets_ttbar_DelphesPythia8_nompi_107.dat', 'tree_subjets_ttbar_DelphesPythia8_nompi_108.dat', 'tree_subjets_ttbar_DelphesPythia8_nompi_109.dat', 'tree_subjets_ttbar_DelphesPythia8_nompi_11.dat', 'tree_subjets_ttbar_DelphesPythia8_nompi_110.dat', 'tree_subjets_ttbar_DelphesPythia8_nompi_111.dat', 'tree_subjets_ttbar_DelphesPythia8_nompi_112.dat', 'tree_subjets_ttbar_DelphesPythia8_nompi_113.dat', 'tree_subjets_ttbar_DelphesPythia8_nompi_114.dat', 'tree_subjets_ttbar_DelphesPythia8_nompi_115.dat', 'tree_subjets_ttbar_DelphesPythia8_nompi_116.dat', 'tree_subjets_ttbar_DelphesPythia8_nompi_117.dat', 'tree_subjets_ttbar_DelphesPythia8_nompi_118.dat', 'tree_subjets_ttbar_DelphesPythia8_nompi_119.dat', 'tree_subjets_ttbar_DelphesPythia8_nompi_12.dat', 'tree_subjets_ttbar_DelphesPythia8_nompi_120.dat', 'tree_subjets_ttbar_DelphesPythia8_nompi_121.dat', 'tree_subjets_ttbar_DelphesPythia8_nompi_122.dat', 'tree_subjets_ttbar_DelphesPythia8_nompi_123.dat', 'tree_subjets_ttbar_DelphesPythia8_nompi_124.dat', 'tree_subjets_ttbar_DelphesPythia8_nompi_125.dat', 'tree_subjets_ttbar_DelphesPythia8_nompi_126.dat', 'tree_subjets_ttbar_DelphesPythia8_nompi_127.dat', 'tree_subjets_ttbar_DelphesPythia8_nompi_128.dat', 'tree_subjets_ttbar_DelphesPythia8_nompi_129.dat', 'tree_subjets_ttbar_DelphesPythia8_nompi_13.dat', 'tree_subjets_ttbar_DelphesPythia8_nompi_130.dat', 'tree_subjets_ttbar_DelphesPythia8_nompi_131.dat', 'tree_subjets_ttbar_DelphesPythia8_nompi_132.dat', 'tree_subjets_ttbar_DelphesPythia8_nompi_133.dat', 'tree_subjets_ttbar_DelphesPythia8_nompi_134.dat', 'tree_subjets_ttbar_DelphesPythia8_nompi_135.dat', 'tree_subjets_ttbar_DelphesPythia8_nompi_136.dat', 'tree_subjets_ttbar_DelphesPythia8_nompi_137.dat', 'tree_subjets_ttbar_DelphesPythia8_nompi_138.dat', 'tree_subjets_ttbar_DelphesPythia8_nompi_139.dat', 'tree_subjets_ttbar_DelphesPythia8_nompi_14.dat', 'tree_subjets_ttbar_DelphesPythia8_nompi_140.dat', 'tree_subjets_ttbar_DelphesPythia8_nompi_141.dat', 'tree_subjets_ttbar_DelphesPythia8_nompi_142.dat', 'tree_subjets_ttbar_DelphesPythia8_nompi_143.dat', 'tree_subjets_ttbar_DelphesPythia8_nompi_144.dat', 'tree_subjets_ttbar_DelphesPythia8_nompi_145.dat', 'tree_subjets_ttbar_DelphesPythia8_nompi_146.dat', 'tree_subjets_ttbar_DelphesPythia8_nompi_147.dat', 'tree_subjets_ttbar_DelphesPythia8_nompi_148.dat', 'tree_subjets_ttbar_DelphesPythia8_nompi_149.dat', 'tree_subjets_ttbar_DelphesPythia8_nompi_15.dat', 'tree_subjets_ttbar_DelphesPythia8_nompi_150.dat', 'tree_subjets_ttbar_DelphesPythia8_nompi_151.dat', 'tree_subjets_ttbar_DelphesPythia8_nompi_152.dat', 'tree_subjets_ttbar_DelphesPythia8_nompi_153.dat', 'tree_subjets_ttbar_DelphesPythia8_nompi_154.dat', 'tree_subjets_ttbar_DelphesPythia8_nompi_155.dat', 'tree_subjets_ttbar_DelphesPythia8_nompi_156.dat', 'tree_subjets_ttbar_DelphesPythia8_nompi_157.dat', 'tree_subjets_ttbar_DelphesPythia8_nompi_158.dat', 'tree_subjets_ttbar_DelphesPythia8_nompi_159.dat', 'tree_subjets_ttbar_DelphesPythia8_nompi_16.dat', 'tree_subjets_ttbar_DelphesPythia8_nompi_160.dat', 'tree_subjets_ttbar_DelphesPythia8_nompi_161.dat', 'tree_subjets_ttbar_DelphesPythia8_nompi_162.dat', 'tree_subjets_ttbar_DelphesPythia8_nompi_163.dat', 'tree_subjets_ttbar_DelphesPythia8_nompi_164.dat', 'tree_subjets_ttbar_DelphesPythia8_nompi_165.dat', 'tree_subjets_ttbar_DelphesPythia8_nompi_166.dat', 'tree_subjets_ttbar_DelphesPythia8_nompi_167.dat', 'tree_subjets_ttbar_DelphesPythia8_nompi_168.dat', 'tree_subjets_ttbar_DelphesPythia8_nompi_169.dat', 'tree_subjets_ttbar_DelphesPythia8_nompi_17.dat', 'tree_subjets_ttbar_DelphesPythia8_nompi_170.dat', 'tree_subjets_ttbar_DelphesPythia8_nompi_171.dat', 'tree_subjets_ttbar_DelphesPythia8_nompi_172.dat', 'tree_subjets_ttbar_DelphesPythia8_nompi_173.dat', 'tree_subjets_ttbar_DelphesPythia8_nompi_174.dat', 'tree_subjets_ttbar_DelphesPythia8_nompi_175.dat', 'tree_subjets_ttbar_DelphesPythia8_nompi_176.dat', 'tree_subjets_ttbar_DelphesPythia8_nompi_177.dat', 'tree_subjets_ttbar_DelphesPythia8_nompi_178.dat', 'tree_subjets_ttbar_DelphesPythia8_nompi_179.dat', 'tree_subjets_ttbar_DelphesPythia8_nompi_18.dat', 'tree_subjets_ttbar_DelphesPythia8_nompi_180.dat', 'tree_subjets_ttbar_DelphesPythia8_nompi_181.dat', 'tree_subjets_ttbar_DelphesPythia8_nompi_182.dat', 'tree_subjets_ttbar_DelphesPythia8_nompi_183.dat', 'tree_subjets_ttbar_DelphesPythia8_nompi_184.dat', 'tree_subjets_ttbar_DelphesPythia8_nompi_185.dat', 'tree_subjets_ttbar_DelphesPythia8_nompi_186.dat', 'tree_subjets_ttbar_DelphesPythia8_nompi_187.dat', 'tree_subjets_ttbar_DelphesPythia8_nompi_188.dat', 'tree_subjets_ttbar_DelphesPythia8_nompi_189.dat', 'tree_subjets_ttbar_DelphesPythia8_nompi_19.dat', 'tree_subjets_ttbar_DelphesPythia8_nompi_190.dat', 'tree_subjets_ttbar_DelphesPythia8_nompi_191.dat', 'tree_subjets_ttbar_DelphesPythia8_nompi_192.dat', 'tree_subjets_ttbar_DelphesPythia8_nompi_193.dat', 'tree_subjets_ttbar_DelphesPythia8_nompi_194.dat', 'tree_subjets_ttbar_DelphesPythia8_nompi_195.dat', 'tree_subjets_ttbar_DelphesPythia8_nompi_196.dat', 'tree_subjets_ttbar_DelphesPythia8_nompi_197.dat', 'tree_subjets_ttbar_DelphesPythia8_nompi_198.dat', 'tree_subjets_ttbar_DelphesPythia8_nompi_199.dat', 'tree_subjets_ttbar_DelphesPythia8_nompi_2.dat', 'tree_subjets_ttbar_DelphesPythia8_nompi_20.dat', 'tree_subjets_ttbar_DelphesPythia8_nompi_21.dat', 'tree_subjets_ttbar_DelphesPythia8_nompi_22.dat', 'tree_subjets_ttbar_DelphesPythia8_nompi_23.dat', 'tree_subjets_ttbar_DelphesPythia8_nompi_24.dat', 'tree_subjets_ttbar_DelphesPythia8_nompi_25.dat', 'tree_subjets_ttbar_DelphesPythia8_nompi_26.dat', 'tree_subjets_ttbar_DelphesPythia8_nompi_27.dat', 'tree_subjets_ttbar_DelphesPythia8_nompi_28.dat', 'tree_subjets_ttbar_DelphesPythia8_nompi_29.dat', 'tree_subjets_ttbar_DelphesPythia8_nompi_3.dat', 'tree_subjets_ttbar_DelphesPythia8_nompi_30.dat', 'tree_subjets_ttbar_DelphesPythia8_nompi_31.dat', 'tree_subjets_ttbar_DelphesPythia8_nompi_32.dat', 'tree_subjets_ttbar_DelphesPythia8_nompi_33.dat', 'tree_subjets_ttbar_DelphesPythia8_nompi_34.dat', 'tree_subjets_ttbar_DelphesPythia8_nompi_35.dat', 'tree_subjets_ttbar_DelphesPythia8_nompi_36.dat', 'tree_subjets_ttbar_DelphesPythia8_nompi_37.dat', 'tree_subjets_ttbar_DelphesPythia8_nompi_38.dat', 'tree_subjets_ttbar_DelphesPythia8_nompi_39.dat', 'tree_subjets_ttbar_DelphesPythia8_nompi_4.dat', 'tree_subjets_ttbar_DelphesPythia8_nompi_40.dat', 'tree_subjets_ttbar_DelphesPythia8_nompi_41.dat', 'tree_subjets_ttbar_DelphesPythia8_nompi_42.dat', 'tree_subjets_ttbar_DelphesPythia8_nompi_43.dat', 'tree_subjets_ttbar_DelphesPythia8_nompi_44.dat', 'tree_subjets_ttbar_DelphesPythia8_nompi_45.dat', 'tree_subjets_ttbar_DelphesPythia8_nompi_46.dat', 'tree_subjets_ttbar_DelphesPythia8_nompi_47.dat', 'tree_subjets_ttbar_DelphesPythia8_nompi_48.dat', 'tree_subjets_ttbar_DelphesPythia8_nompi_49.dat', 'tree_subjets_ttbar_DelphesPythia8_nompi_5.dat', 'tree_subjets_ttbar_DelphesPythia8_nompi_50.dat', 'tree_subjets_ttbar_DelphesPythia8_nompi_51.dat', 'tree_subjets_ttbar_DelphesPythia8_nompi_52.dat', 'tree_subjets_ttbar_DelphesPythia8_nompi_53.dat', 'tree_subjets_ttbar_DelphesPythia8_nompi_54.dat', 'tree_subjets_ttbar_DelphesPythia8_nompi_55.dat', 'tree_subjets_ttbar_DelphesPythia8_nompi_56.dat', 'tree_subjets_ttbar_DelphesPythia8_nompi_57.dat', 'tree_subjets_ttbar_DelphesPythia8_nompi_58.dat', 'tree_subjets_ttbar_DelphesPythia8_nompi_59.dat', 'tree_subjets_ttbar_DelphesPythia8_nompi_6.dat', 'tree_subjets_ttbar_DelphesPythia8_nompi_60.dat', 'tree_subjets_ttbar_DelphesPythia8_nompi_61.dat', 'tree_subjets_ttbar_DelphesPythia8_nompi_62.dat', 'tree_subjets_ttbar_DelphesPythia8_nompi_63.dat', 'tree_subjets_ttbar_DelphesPythia8_nompi_64.dat', 'tree_subjets_ttbar_DelphesPythia8_nompi_65.dat', 'tree_subjets_ttbar_DelphesPythia8_nompi_66.dat', 'tree_subjets_ttbar_DelphesPythia8_nompi_67.dat', 'tree_subjets_ttbar_DelphesPythia8_nompi_68.dat', 'tree_subjets_ttbar_DelphesPythia8_nompi_69.dat', 'tree_subjets_ttbar_DelphesPythia8_nompi_7.dat', 'tree_subjets_ttbar_DelphesPythia8_nompi_70.dat', 'tree_subjets_ttbar_DelphesPythia8_nompi_71.dat', 'tree_subjets_ttbar_DelphesPythia8_nompi_72.dat', 'tree_subjets_ttbar_DelphesPythia8_nompi_73.dat', 'tree_subjets_ttbar_DelphesPythia8_nompi_74.dat', 'tree_subjets_ttbar_DelphesPythia8_nompi_75.dat', 'tree_subjets_ttbar_DelphesPythia8_nompi_76.dat', 'tree_subjets_ttbar_DelphesPythia8_nompi_77.dat', 'tree_subjets_ttbar_DelphesPythia8_nompi_78.dat', 'tree_subjets_ttbar_DelphesPythia8_nompi_79.dat', 'tree_subjets_ttbar_DelphesPythia8_nompi_8.dat', 'tree_subjets_ttbar_DelphesPythia8_nompi_80.dat', 'tree_subjets_ttbar_DelphesPythia8_nompi_81.dat', 'tree_subjets_ttbar_DelphesPythia8_nompi_82.dat', 'tree_subjets_ttbar_DelphesPythia8_nompi_83.dat', 'tree_subjets_ttbar_DelphesPythia8_nompi_84.dat', 'tree_subjets_ttbar_DelphesPythia8_nompi_85.dat', 'tree_subjets_ttbar_DelphesPythia8_nompi_86.dat', 'tree_subjets_ttbar_DelphesPythia8_nompi_87.dat', 'tree_subjets_ttbar_DelphesPythia8_nompi_88.dat', 'tree_subjets_ttbar_DelphesPythia8_nompi_89.dat', 'tree_subjets_ttbar_DelphesPythia8_nompi_9.dat', 'tree_subjets_ttbar_DelphesPythia8_nompi_90.dat', 'tree_subjets_ttbar_DelphesPythia8_nompi_91.dat', 'tree_subjets_ttbar_DelphesPythia8_nompi_92.dat', 'tree_subjets_ttbar_DelphesPythia8_nompi_93.dat', 'tree_subjets_ttbar_DelphesPythia8_nompi_94.dat', 'tree_subjets_ttbar_DelphesPythia8_nompi_95.dat', 'tree_subjets_ttbar_DelphesPythia8_nompi_96.dat', 'tree_subjets_ttbar_DelphesPythia8_nompi_97.dat', 'tree_subjets_ttbar_DelphesPythia8_nompi_98.dat', 'tree_subjets_ttbar_DelphesPythia8_nompi_99.dat']
2018-11-07 05:50:41,779:INFO: Ntotjets=10000
2018-11-07 05:50:45,267:INFO: Ntotjets=20000
2018-11-07 05:50:48,763:INFO: Ntotjets=30000
2018-11-07 05:50:52,273:INFO: Ntotjets=40000
2018-11-07 05:50:55,849:INFO: Ntotjets=50000
2018-11-07 05:50:59,402:INFO: Ntotjets=60000
2018-11-07 05:51:02,971:INFO: Ntotjets=70000
2018-11-07 05:51:06,514:INFO: Ntotjets=80000
2018-11-07 05:51:10,087:INFO: Ntotjets=90000
2018-11-07 05:51:13,614:INFO: Ntotjets=100000
2018-11-07 05:51:17,146:INFO: Ntotjets=110000
2018-11-07 05:51:20,668:INFO: Ntotjets=120000
2018-11-07 05:51:24,255:INFO: Ntotjets=130000
2018-11-07 05:51:27,754:INFO: Ntotjets=140000
2018-11-07 05:51:31,294:INFO: Ntotjets=150000
2018-11-07 05:51:34,824:INFO: Ntotjets=160000
2018-11-07 05:51:38,350:INFO: Ntotjets=170000
2018-11-07 05:51:41,877:INFO: Ntotjets=180000
2018-11-07 05:51:45,420:INFO: Ntotjets=190000
2018-11-07 05:51:48,969:INFO: Ntotjets=200000
2018-11-07 05:51:52,522:INFO: Ntotjets=210000
2018-11-07 05:51:56,034:INFO: Ntotjets=220000
2018-11-07 05:51:59,568:INFO: Ntotjets=230000
2018-11-07 05:52:03,113:INFO: Ntotjets=240000
2018-11-07 05:52:06,614:INFO: Ntotjets=250000
2018-11-07 05:52:10,153:INFO: Ntotjets=260000
2018-11-07 05:52:13,655:INFO: Ntotjets=270000
2018-11-07 05:52:17,224:INFO: Ntotjets=280000
2018-11-07 05:52:20,782:INFO: Ntotjets=290000
2018-11-07 05:52:24,415:INFO: Ntotjets=300000
2018-11-07 05:52:27,940:INFO: Ntotjets=310000
2018-11-07 05:52:31,489:INFO: Ntotjets=320000
2018-11-07 05:52:35,107:INFO: Ntotjets=330000
2018-11-07 05:52:38,627:INFO: Ntotjets=340000
2018-11-07 05:52:42,141:INFO: Ntotjets=350000
2018-11-07 05:52:45,659:INFO: Ntotjets=360000
2018-11-07 05:52:49,196:INFO: Ntotjets=370000
2018-11-07 05:52:52,715:INFO: Ntotjets=380000
2018-11-07 05:52:56,229:INFO: Ntotjets=390000
2018-11-07 05:52:59,725:INFO: Ntotjets=400000
2018-11-07 05:53:03,262:INFO: Ntotjets=410000
2018-11-07 05:53:06,781:INFO: Ntotjets=420000
2018-11-07 05:53:10,278:INFO: Ntotjets=430000
2018-11-07 05:53:13,808:INFO: Ntotjets=440000
2018-11-07 05:53:17,334:INFO: Ntotjets=450000
2018-11-07 05:53:20,873:INFO: Ntotjets=460000
2018-11-07 05:53:24,437:INFO: Ntotjets=470000
2018-11-07 05:53:27,958:INFO: Ntotjets=480000
2018-11-07 05:53:31,489:INFO: Ntotjets=490000
2018-11-07 05:53:35,131:INFO: Ntotjets=500000
2018-11-07 05:53:38,732:INFO: Ntotjets=510000
2018-11-07 05:53:42,253:INFO: Ntotjets=520000
2018-11-07 05:53:45,756:INFO: Ntotjets=530000
2018-11-07 05:53:49,285:INFO: Ntotjets=540000
2018-11-07 05:53:52,812:INFO: Ntotjets=550000
2018-11-07 05:53:56,428:INFO: Ntotjets=560000
2018-11-07 05:53:59,994:INFO: Ntotjets=570000
2018-11-07 05:54:03,516:INFO: Ntotjets=580000
2018-11-07 05:54:07,042:INFO: Ntotjets=590000
2018-11-07 05:54:10,586:INFO: Ntotjets=600000
2018-11-07 05:54:14,107:INFO: Ntotjets=610000
2018-11-07 05:54:17,632:INFO: Ntotjets=620000
2018-11-07 05:54:21,200:INFO: Ntotjets=630000
2018-11-07 05:54:24,796:INFO: Ntotjets=640000
2018-11-07 05:54:28,328:INFO: Ntotjets=650000
2018-11-07 05:54:31,843:INFO: Ntotjets=660000
2018-11-07 05:54:35,441:INFO: Ntotjets=670000
2018-11-07 05:54:38,954:INFO: Ntotjets=680000
2018-11-07 05:54:42,488:INFO: Ntotjets=690000
2018-11-07 05:54:45,995:INFO: Ntotjets=700000
2018-11-07 05:54:49,533:INFO: Ntotjets=710000
2018-11-07 05:54:53,106:INFO: Ntotjets=720000
2018-11-07 05:54:56,741:INFO: Ntotjets=730000
2018-11-07 05:55:00,256:INFO: Ntotjets=740000
2018-11-07 05:55:03,796:INFO: Ntotjets=750000
2018-11-07 05:55:07,307:INFO: Ntotjets=760000
2018-11-07 05:55:10,843:INFO: Ntotjets=770000
2018-11-07 05:55:14,391:INFO: Ntotjets=780000
2018-11-07 05:55:17,899:INFO: Ntotjets=790000
2018-11-07 05:55:21,427:INFO: Ntotjets=800000
2018-11-07 05:55:24,939:INFO: Ntotjets=810000
2018-11-07 05:55:28,472:INFO: Ntotjets=820000
2018-11-07 05:55:32,000:INFO: Ntotjets=830000
2018-11-07 05:55:35,529:INFO: Ntotjets=840000
2018-11-07 05:55:39,040:INFO: Ntotjets=850000
2018-11-07 05:55:42,573:INFO: Ntotjets=860000
2018-11-07 05:55:46,103:INFO: Ntotjets=870000
2018-11-07 05:55:49,623:INFO: Ntotjets=880000
2018-11-07 05:55:53,137:INFO: Ntotjets=890000
2018-11-07 05:55:56,670:INFO: Ntotjets=900000
2018-11-07 05:56:00,219:INFO: Ntotjets=910000
2018-11-07 05:56:03,909:INFO: Ntotjets=920000
2018-11-07 05:56:07,647:INFO: Ntotjets=930000
2018-11-07 05:56:11,238:INFO: Ntotjets=940000
2018-11-07 05:56:14,786:INFO: Ntotjets=950000
2018-11-07 05:56:18,309:INFO: Ntotjets=960000
2018-11-07 05:56:21,851:INFO: Ntotjets=970000
2018-11-07 05:56:25,407:INFO: Ntotjets=980000
2018-11-07 05:56:29,040:INFO: Ntotjets=990000
2018-11-07 05:56:32,576:INFO: Ntotjets=1000000
2018-11-07 05:56:36,173:INFO: Ntotjets=1010000
2018-11-07 05:56:39,825:INFO: Ntotjets=1020000
2018-11-07 05:56:43,408:INFO: Ntotjets=1030000
2018-11-07 05:56:46,913:INFO: Ntotjets=1040000
2018-11-07 05:56:50,428:INFO: Ntotjets=1050000
2018-11-07 05:56:53,943:INFO: Ntotjets=1060000
2018-11-07 05:56:57,467:INFO: Ntotjets=1070000
2018-11-07 05:57:01,060:INFO: Ntotjets=1080000
2018-11-07 05:57:04,578:INFO: Ntotjets=1090000
2018-11-07 05:57:08,176:INFO: Ntotjets=1100000
2018-11-07 05:57:11,753:INFO: Ntotjets=1110000
2018-11-07 05:57:15,279:INFO: Ntotjets=1120000
2018-11-07 05:57:18,793:INFO: Ntotjets=1130000
2018-11-07 05:57:22,315:INFO: Ntotjets=1140000
2018-11-07 05:57:25,845:INFO: Ntotjets=1150000
2018-11-07 05:57:29,496:INFO: Ntotjets=1160000
2018-11-07 05:57:33,096:INFO: Ntotjets=1170000
2018-11-07 05:57:36,600:INFO: Ntotjets=1180000
2018-11-07 05:57:40,119:INFO: Ntotjets=1190000
2018-11-07 05:57:43,647:INFO: Ntotjets=1200000
2018-11-07 05:57:43,648:INFO: Number of jet files for qcd=200
2018-11-07 05:57:43,648:INFO: Loading qcd jet files... 
2018-11-07 05:57:43,648:INFO: qcd files list = ['tree_subjets_qcd_DelphesPythia8_nompi_0.dat', 'tree_subjets_qcd_DelphesPythia8_nompi_1.dat', 'tree_subjets_qcd_DelphesPythia8_nompi_10.dat', 'tree_subjets_qcd_DelphesPythia8_nompi_100.dat', 'tree_subjets_qcd_DelphesPythia8_nompi_101.dat', 'tree_subjets_qcd_DelphesPythia8_nompi_102.dat', 'tree_subjets_qcd_DelphesPythia8_nompi_103.dat', 'tree_subjets_qcd_DelphesPythia8_nompi_104.dat', 'tree_subjets_qcd_DelphesPythia8_nompi_105.dat', 'tree_subjets_qcd_DelphesPythia8_nompi_106.dat', 'tree_subjets_qcd_DelphesPythia8_nompi_107.dat', 'tree_subjets_qcd_DelphesPythia8_nompi_108.dat', 'tree_subjets_qcd_DelphesPythia8_nompi_109.dat', 'tree_subjets_qcd_DelphesPythia8_nompi_11.dat', 'tree_subjets_qcd_DelphesPythia8_nompi_110.dat', 'tree_subjets_qcd_DelphesPythia8_nompi_111.dat', 'tree_subjets_qcd_DelphesPythia8_nompi_112.dat', 'tree_subjets_qcd_DelphesPythia8_nompi_113.dat', 'tree_subjets_qcd_DelphesPythia8_nompi_114.dat', 'tree_subjets_qcd_DelphesPythia8_nompi_115.dat', 'tree_subjets_qcd_DelphesPythia8_nompi_116.dat', 'tree_subjets_qcd_DelphesPythia8_nompi_117.dat', 'tree_subjets_qcd_DelphesPythia8_nompi_118.dat', 'tree_subjets_qcd_DelphesPythia8_nompi_119.dat', 'tree_subjets_qcd_DelphesPythia8_nompi_12.dat', 'tree_subjets_qcd_DelphesPythia8_nompi_120.dat', 'tree_subjets_qcd_DelphesPythia8_nompi_121.dat', 'tree_subjets_qcd_DelphesPythia8_nompi_122.dat', 'tree_subjets_qcd_DelphesPythia8_nompi_123.dat', 'tree_subjets_qcd_DelphesPythia8_nompi_124.dat', 'tree_subjets_qcd_DelphesPythia8_nompi_125.dat', 'tree_subjets_qcd_DelphesPythia8_nompi_126.dat', 'tree_subjets_qcd_DelphesPythia8_nompi_127.dat', 'tree_subjets_qcd_DelphesPythia8_nompi_128.dat', 'tree_subjets_qcd_DelphesPythia8_nompi_129.dat', 'tree_subjets_qcd_DelphesPythia8_nompi_13.dat', 'tree_subjets_qcd_DelphesPythia8_nompi_130.dat', 'tree_subjets_qcd_DelphesPythia8_nompi_131.dat', 'tree_subjets_qcd_DelphesPythia8_nompi_132.dat', 'tree_subjets_qcd_DelphesPythia8_nompi_133.dat', 'tree_subjets_qcd_DelphesPythia8_nompi_134.dat', 'tree_subjets_qcd_DelphesPythia8_nompi_135.dat', 'tree_subjets_qcd_DelphesPythia8_nompi_136.dat', 'tree_subjets_qcd_DelphesPythia8_nompi_137.dat', 'tree_subjets_qcd_DelphesPythia8_nompi_138.dat', 'tree_subjets_qcd_DelphesPythia8_nompi_139.dat', 'tree_subjets_qcd_DelphesPythia8_nompi_14.dat', 'tree_subjets_qcd_DelphesPythia8_nompi_140.dat', 'tree_subjets_qcd_DelphesPythia8_nompi_141.dat', 'tree_subjets_qcd_DelphesPythia8_nompi_142.dat', 'tree_subjets_qcd_DelphesPythia8_nompi_143.dat', 'tree_subjets_qcd_DelphesPythia8_nompi_144.dat', 'tree_subjets_qcd_DelphesPythia8_nompi_145.dat', 'tree_subjets_qcd_DelphesPythia8_nompi_146.dat', 'tree_subjets_qcd_DelphesPythia8_nompi_147.dat', 'tree_subjets_qcd_DelphesPythia8_nompi_148.dat', 'tree_subjets_qcd_DelphesPythia8_nompi_149.dat', 'tree_subjets_qcd_DelphesPythia8_nompi_15.dat', 'tree_subjets_qcd_DelphesPythia8_nompi_150.dat', 'tree_subjets_qcd_DelphesPythia8_nompi_151.dat', 'tree_subjets_qcd_DelphesPythia8_nompi_152.dat', 'tree_subjets_qcd_DelphesPythia8_nompi_153.dat', 'tree_subjets_qcd_DelphesPythia8_nompi_154.dat', 'tree_subjets_qcd_DelphesPythia8_nompi_155.dat', 'tree_subjets_qcd_DelphesPythia8_nompi_156.dat', 'tree_subjets_qcd_DelphesPythia8_nompi_157.dat', 'tree_subjets_qcd_DelphesPythia8_nompi_158.dat', 'tree_subjets_qcd_DelphesPythia8_nompi_159.dat', 'tree_subjets_qcd_DelphesPythia8_nompi_16.dat', 'tree_subjets_qcd_DelphesPythia8_nompi_160.dat', 'tree_subjets_qcd_DelphesPythia8_nompi_161.dat', 'tree_subjets_qcd_DelphesPythia8_nompi_162.dat', 'tree_subjets_qcd_DelphesPythia8_nompi_163.dat', 'tree_subjets_qcd_DelphesPythia8_nompi_164.dat', 'tree_subjets_qcd_DelphesPythia8_nompi_165.dat', 'tree_subjets_qcd_DelphesPythia8_nompi_166.dat', 'tree_subjets_qcd_DelphesPythia8_nompi_167.dat', 'tree_subjets_qcd_DelphesPythia8_nompi_168.dat', 'tree_subjets_qcd_DelphesPythia8_nompi_169.dat', 'tree_subjets_qcd_DelphesPythia8_nompi_17.dat', 'tree_subjets_qcd_DelphesPythia8_nompi_170.dat', 'tree_subjets_qcd_DelphesPythia8_nompi_171.dat', 'tree_subjets_qcd_DelphesPythia8_nompi_172.dat', 'tree_subjets_qcd_DelphesPythia8_nompi_173.dat', 'tree_subjets_qcd_DelphesPythia8_nompi_174.dat', 'tree_subjets_qcd_DelphesPythia8_nompi_175.dat', 'tree_subjets_qcd_DelphesPythia8_nompi_176.dat', 'tree_subjets_qcd_DelphesPythia8_nompi_177.dat', 'tree_subjets_qcd_DelphesPythia8_nompi_178.dat', 'tree_subjets_qcd_DelphesPythia8_nompi_179.dat', 'tree_subjets_qcd_DelphesPythia8_nompi_18.dat', 'tree_subjets_qcd_DelphesPythia8_nompi_180.dat', 'tree_subjets_qcd_DelphesPythia8_nompi_181.dat', 'tree_subjets_qcd_DelphesPythia8_nompi_182.dat', 'tree_subjets_qcd_DelphesPythia8_nompi_183.dat', 'tree_subjets_qcd_DelphesPythia8_nompi_184.dat', 'tree_subjets_qcd_DelphesPythia8_nompi_185.dat', 'tree_subjets_qcd_DelphesPythia8_nompi_186.dat', 'tree_subjets_qcd_DelphesPythia8_nompi_187.dat', 'tree_subjets_qcd_DelphesPythia8_nompi_188.dat', 'tree_subjets_qcd_DelphesPythia8_nompi_189.dat', 'tree_subjets_qcd_DelphesPythia8_nompi_19.dat', 'tree_subjets_qcd_DelphesPythia8_nompi_190.dat', 'tree_subjets_qcd_DelphesPythia8_nompi_191.dat', 'tree_subjets_qcd_DelphesPythia8_nompi_192.dat', 'tree_subjets_qcd_DelphesPythia8_nompi_193.dat', 'tree_subjets_qcd_DelphesPythia8_nompi_194.dat', 'tree_subjets_qcd_DelphesPythia8_nompi_195.dat', 'tree_subjets_qcd_DelphesPythia8_nompi_196.dat', 'tree_subjets_qcd_DelphesPythia8_nompi_197.dat', 'tree_subjets_qcd_DelphesPythia8_nompi_198.dat', 'tree_subjets_qcd_DelphesPythia8_nompi_199.dat', 'tree_subjets_qcd_DelphesPythia8_nompi_2.dat', 'tree_subjets_qcd_DelphesPythia8_nompi_20.dat', 'tree_subjets_qcd_DelphesPythia8_nompi_21.dat', 'tree_subjets_qcd_DelphesPythia8_nompi_22.dat', 'tree_subjets_qcd_DelphesPythia8_nompi_23.dat', 'tree_subjets_qcd_DelphesPythia8_nompi_24.dat', 'tree_subjets_qcd_DelphesPythia8_nompi_25.dat', 'tree_subjets_qcd_DelphesPythia8_nompi_26.dat', 'tree_subjets_qcd_DelphesPythia8_nompi_27.dat', 'tree_subjets_qcd_DelphesPythia8_nompi_28.dat', 'tree_subjets_qcd_DelphesPythia8_nompi_29.dat', 'tree_subjets_qcd_DelphesPythia8_nompi_3.dat', 'tree_subjets_qcd_DelphesPythia8_nompi_30.dat', 'tree_subjets_qcd_DelphesPythia8_nompi_31.dat', 'tree_subjets_qcd_DelphesPythia8_nompi_32.dat', 'tree_subjets_qcd_DelphesPythia8_nompi_33.dat', 'tree_subjets_qcd_DelphesPythia8_nompi_34.dat', 'tree_subjets_qcd_DelphesPythia8_nompi_35.dat', 'tree_subjets_qcd_DelphesPythia8_nompi_36.dat', 'tree_subjets_qcd_DelphesPythia8_nompi_37.dat', 'tree_subjets_qcd_DelphesPythia8_nompi_38.dat', 'tree_subjets_qcd_DelphesPythia8_nompi_39.dat', 'tree_subjets_qcd_DelphesPythia8_nompi_4.dat', 'tree_subjets_qcd_DelphesPythia8_nompi_40.dat', 'tree_subjets_qcd_DelphesPythia8_nompi_41.dat', 'tree_subjets_qcd_DelphesPythia8_nompi_42.dat', 'tree_subjets_qcd_DelphesPythia8_nompi_43.dat', 'tree_subjets_qcd_DelphesPythia8_nompi_44.dat', 'tree_subjets_qcd_DelphesPythia8_nompi_45.dat', 'tree_subjets_qcd_DelphesPythia8_nompi_46.dat', 'tree_subjets_qcd_DelphesPythia8_nompi_47.dat', 'tree_subjets_qcd_DelphesPythia8_nompi_48.dat', 'tree_subjets_qcd_DelphesPythia8_nompi_49.dat', 'tree_subjets_qcd_DelphesPythia8_nompi_5.dat', 'tree_subjets_qcd_DelphesPythia8_nompi_50.dat', 'tree_subjets_qcd_DelphesPythia8_nompi_51.dat', 'tree_subjets_qcd_DelphesPythia8_nompi_52.dat', 'tree_subjets_qcd_DelphesPythia8_nompi_53.dat', 'tree_subjets_qcd_DelphesPythia8_nompi_54.dat', 'tree_subjets_qcd_DelphesPythia8_nompi_55.dat', 'tree_subjets_qcd_DelphesPythia8_nompi_56.dat', 'tree_subjets_qcd_DelphesPythia8_nompi_57.dat', 'tree_subjets_qcd_DelphesPythia8_nompi_58.dat', 'tree_subjets_qcd_DelphesPythia8_nompi_59.dat', 'tree_subjets_qcd_DelphesPythia8_nompi_6.dat', 'tree_subjets_qcd_DelphesPythia8_nompi_60.dat', 'tree_subjets_qcd_DelphesPythia8_nompi_61.dat', 'tree_subjets_qcd_DelphesPythia8_nompi_62.dat', 'tree_subjets_qcd_DelphesPythia8_nompi_63.dat', 'tree_subjets_qcd_DelphesPythia8_nompi_64.dat', 'tree_subjets_qcd_DelphesPythia8_nompi_65.dat', 'tree_subjets_qcd_DelphesPythia8_nompi_66.dat', 'tree_subjets_qcd_DelphesPythia8_nompi_67.dat', 'tree_subjets_qcd_DelphesPythia8_nompi_68.dat', 'tree_subjets_qcd_DelphesPythia8_nompi_69.dat', 'tree_subjets_qcd_DelphesPythia8_nompi_7.dat', 'tree_subjets_qcd_DelphesPythia8_nompi_70.dat', 'tree_subjets_qcd_DelphesPythia8_nompi_71.dat', 'tree_subjets_qcd_DelphesPythia8_nompi_72.dat', 'tree_subjets_qcd_DelphesPythia8_nompi_73.dat', 'tree_subjets_qcd_DelphesPythia8_nompi_74.dat', 'tree_subjets_qcd_DelphesPythia8_nompi_75.dat', 'tree_subjets_qcd_DelphesPythia8_nompi_76.dat', 'tree_subjets_qcd_DelphesPythia8_nompi_77.dat', 'tree_subjets_qcd_DelphesPythia8_nompi_78.dat', 'tree_subjets_qcd_DelphesPythia8_nompi_79.dat', 'tree_subjets_qcd_DelphesPythia8_nompi_8.dat', 'tree_subjets_qcd_DelphesPythia8_nompi_80.dat', 'tree_subjets_qcd_DelphesPythia8_nompi_81.dat', 'tree_subjets_qcd_DelphesPythia8_nompi_82.dat', 'tree_subjets_qcd_DelphesPythia8_nompi_83.dat', 'tree_subjets_qcd_DelphesPythia8_nompi_84.dat', 'tree_subjets_qcd_DelphesPythia8_nompi_85.dat', 'tree_subjets_qcd_DelphesPythia8_nompi_86.dat', 'tree_subjets_qcd_DelphesPythia8_nompi_87.dat', 'tree_subjets_qcd_DelphesPythia8_nompi_88.dat', 'tree_subjets_qcd_DelphesPythia8_nompi_89.dat', 'tree_subjets_qcd_DelphesPythia8_nompi_9.dat', 'tree_subjets_qcd_DelphesPythia8_nompi_90.dat', 'tree_subjets_qcd_DelphesPythia8_nompi_91.dat', 'tree_subjets_qcd_DelphesPythia8_nompi_92.dat', 'tree_subjets_qcd_DelphesPythia8_nompi_93.dat', 'tree_subjets_qcd_DelphesPythia8_nompi_94.dat', 'tree_subjets_qcd_DelphesPythia8_nompi_95.dat', 'tree_subjets_qcd_DelphesPythia8_nompi_96.dat', 'tree_subjets_qcd_DelphesPythia8_nompi_97.dat', 'tree_subjets_qcd_DelphesPythia8_nompi_98.dat', 'tree_subjets_qcd_DelphesPythia8_nompi_99.dat']
2018-11-07 05:57:46,655:INFO: Ntotjets=10000
2018-11-07 05:57:49,716:INFO: Ntotjets=20000
2018-11-07 05:57:52,753:INFO: Ntotjets=30000
2018-11-07 05:57:55,799:INFO: Ntotjets=40000
2018-11-07 05:57:58,818:INFO: Ntotjets=50000
2018-11-07 05:58:01,889:INFO: Ntotjets=60000
2018-11-07 05:58:05,049:INFO: Ntotjets=70000
2018-11-07 05:58:08,187:INFO: Ntotjets=80000
2018-11-07 05:58:11,267:INFO: Ntotjets=90000
2018-11-07 05:58:14,476:INFO: Ntotjets=100000
2018-11-07 05:58:17,684:INFO: Ntotjets=110000
2018-11-07 05:58:20,676:INFO: Ntotjets=120000
2018-11-07 05:58:23,691:INFO: Ntotjets=130000
2018-11-07 05:58:26,816:INFO: Ntotjets=140000
2018-11-07 05:58:29,865:INFO: Ntotjets=150000
2018-11-07 05:58:32,875:INFO: Ntotjets=160000
2018-11-07 05:58:35,903:INFO: Ntotjets=170000
2018-11-07 05:58:38,940:INFO: Ntotjets=180000
2018-11-07 05:58:41,959:INFO: Ntotjets=190000
2018-11-07 05:58:44,954:INFO: Ntotjets=200000
2018-11-07 05:58:47,985:INFO: Ntotjets=210000
2018-11-07 05:58:51,022:INFO: Ntotjets=220000
2018-11-07 05:58:54,023:INFO: Ntotjets=230000
2018-11-07 05:58:57,023:INFO: Ntotjets=240000
2018-11-07 05:59:00,190:INFO: Ntotjets=250000
2018-11-07 05:59:03,334:INFO: Ntotjets=260000
2018-11-07 05:59:06,375:INFO: Ntotjets=270000
2018-11-07 05:59:09,353:INFO: Ntotjets=280000
2018-11-07 05:59:12,362:INFO: Ntotjets=290000
2018-11-07 05:59:15,399:INFO: Ntotjets=300000
2018-11-07 05:59:18,392:INFO: Ntotjets=310000
2018-11-07 05:59:21,456:INFO: Ntotjets=320000
2018-11-07 05:59:24,494:INFO: Ntotjets=330000
2018-11-07 05:59:27,562:INFO: Ntotjets=340000
2018-11-07 05:59:30,556:INFO: Ntotjets=350000
2018-11-07 05:59:33,540:INFO: Ntotjets=360000
2018-11-07 05:59:36,569:INFO: Ntotjets=370000
2018-11-07 05:59:39,592:INFO: Ntotjets=380000
2018-11-07 05:59:42,587:INFO: Ntotjets=390000
2018-11-07 05:59:45,655:INFO: Ntotjets=400000
2018-11-07 05:59:48,678:INFO: Ntotjets=410000
2018-11-07 05:59:51,746:INFO: Ntotjets=420000
2018-11-07 05:59:54,739:INFO: Ntotjets=430000
2018-11-07 05:59:57,785:INFO: Ntotjets=440000
2018-11-07 06:00:00,805:INFO: Ntotjets=450000
2018-11-07 06:00:03,867:INFO: Ntotjets=460000
2018-11-07 06:00:06,848:INFO: Ntotjets=470000
2018-11-07 06:00:09,873:INFO: Ntotjets=480000
2018-11-07 06:00:12,945:INFO: Ntotjets=490000
2018-11-07 06:00:15,927:INFO: Ntotjets=500000
2018-11-07 06:00:18,935:INFO: Ntotjets=510000
2018-11-07 06:00:21,910:INFO: Ntotjets=520000
2018-11-07 06:00:24,928:INFO: Ntotjets=530000
2018-11-07 06:00:27,896:INFO: Ntotjets=540000
2018-11-07 06:00:30,859:INFO: Ntotjets=550000
2018-11-07 06:00:33,856:INFO: Ntotjets=560000
2018-11-07 06:00:36,954:INFO: Ntotjets=570000
2018-11-07 06:00:39,954:INFO: Ntotjets=580000
2018-11-07 06:00:42,918:INFO: Ntotjets=590000
2018-11-07 06:00:45,895:INFO: Ntotjets=600000
2018-11-07 06:00:48,902:INFO: Ntotjets=610000
2018-11-07 06:00:51,916:INFO: Ntotjets=620000
2018-11-07 06:00:54,914:INFO: Ntotjets=630000
2018-11-07 06:00:57,886:INFO: Ntotjets=640000
2018-11-07 06:01:00,907:INFO: Ntotjets=650000
2018-11-07 06:01:03,914:INFO: Ntotjets=660000
2018-11-07 06:01:06,927:INFO: Ntotjets=670000
2018-11-07 06:01:09,923:INFO: Ntotjets=680000
2018-11-07 06:01:12,922:INFO: Ntotjets=690000
2018-11-07 06:01:15,936:INFO: Ntotjets=700000
2018-11-07 06:01:18,950:INFO: Ntotjets=710000
2018-11-07 06:01:21,940:INFO: Ntotjets=720000
2018-11-07 06:01:24,966:INFO: Ntotjets=730000
2018-11-07 06:01:28,073:INFO: Ntotjets=740000
2018-11-07 06:01:31,145:INFO: Ntotjets=750000
2018-11-07 06:01:34,167:INFO: Ntotjets=760000
2018-11-07 06:01:37,176:INFO: Ntotjets=770000
2018-11-07 06:01:40,172:INFO: Ntotjets=780000
2018-11-07 06:01:43,180:INFO: Ntotjets=790000
2018-11-07 06:01:46,202:INFO: Ntotjets=800000
2018-11-07 06:01:49,214:INFO: Ntotjets=810000
2018-11-07 06:01:52,221:INFO: Ntotjets=820000
2018-11-07 06:01:55,202:INFO: Ntotjets=830000
2018-11-07 06:01:58,212:INFO: Ntotjets=840000
2018-11-07 06:02:01,222:INFO: Ntotjets=850000
2018-11-07 06:02:04,296:INFO: Ntotjets=860000
2018-11-07 06:02:07,288:INFO: Ntotjets=870000
2018-11-07 06:02:10,334:INFO: Ntotjets=880000
2018-11-07 06:02:13,350:INFO: Ntotjets=890000
2018-11-07 06:02:16,365:INFO: Ntotjets=900000
2018-11-07 06:02:19,390:INFO: Ntotjets=910000
2018-11-07 06:02:22,425:INFO: Ntotjets=920000
2018-11-07 06:02:25,422:INFO: Ntotjets=930000
2018-11-07 06:02:28,432:INFO: Ntotjets=940000
2018-11-07 06:02:31,424:INFO: Ntotjets=950000
2018-11-07 06:02:34,432:INFO: Ntotjets=960000
2018-11-07 06:02:37,462:INFO: Ntotjets=970000
2018-11-07 06:02:40,447:INFO: Ntotjets=980000
2018-11-07 06:02:43,419:INFO: Ntotjets=990000
2018-11-07 06:02:46,422:INFO: Ntotjets=1000000
2018-11-07 06:02:49,435:INFO: Ntotjets=1010000
2018-11-07 06:02:52,534:INFO: Ntotjets=1020000
2018-11-07 06:02:55,525:INFO: Ntotjets=1030000
2018-11-07 06:02:58,540:INFO: Ntotjets=1040000
2018-11-07 06:03:01,645:INFO: Ntotjets=1050000
2018-11-07 06:03:04,707:INFO: Ntotjets=1060000
2018-11-07 06:03:07,789:INFO: Ntotjets=1070000
2018-11-07 06:03:10,807:INFO: Ntotjets=1080000
2018-11-07 06:03:13,844:INFO: Ntotjets=1090000
2018-11-07 06:03:16,809:INFO: Ntotjets=1100000
2018-11-07 06:03:19,838:INFO: Ntotjets=1110000
2018-11-07 06:03:22,856:INFO: Ntotjets=1120000
2018-11-07 06:03:25,868:INFO: Ntotjets=1130000
2018-11-07 06:03:28,843:INFO: Ntotjets=1140000
2018-11-07 06:03:31,854:INFO: Ntotjets=1150000
2018-11-07 06:03:34,885:INFO: Ntotjets=1160000
2018-11-07 06:03:37,868:INFO: Ntotjets=1170000
2018-11-07 06:03:40,873:INFO: Ntotjets=1180000
2018-11-07 06:03:43,902:INFO: Ntotjets=1190000
2018-11-07 06:03:46,936:INFO: Ntotjets=1200000
2018-11-07 06:03:46,937:INFO: Tree generation time (minutes) =13.148369300365449
2018-11-07 07:52:12,905:INFO: Splitting into train, validation and test datasets, and shuffling...
2018-11-07 07:59:17,553:INFO: Split sample time (minutes) =128.65840737024942
2018-11-07 07:59:17,571:INFO: Creating train batches ...
2018-11-07 07:59:20,773:INFO: Number of batches created=100
2018-11-07 07:59:24,060:INFO: Number of batches created=200
2018-11-07 07:59:27,368:INFO: Number of batches created=300
2018-11-07 07:59:30,472:INFO: Number of batches created=400
2018-11-07 07:59:33,645:INFO: Number of batches created=500
2018-11-07 07:59:36,917:INFO: Number of batches created=600
2018-11-07 07:59:40,017:INFO: Number of batches created=700
2018-11-07 07:59:43,091:INFO: Number of batches created=800
2018-11-07 07:59:46,183:INFO: Number of batches created=900
2018-11-07 07:59:49,298:INFO: Number of batches created=1000
2018-11-07 07:59:52,405:INFO: Number of batches created=1100
2018-11-07 07:59:55,514:INFO: Number of batches created=1200
2018-11-07 07:59:58,595:INFO: Number of batches created=1300
2018-11-07 08:00:01,690:INFO: Number of batches created=1400
2018-11-07 08:00:04,773:INFO: Number of batches created=1500
2018-11-07 08:00:07,914:INFO: Number of batches created=1600
2018-11-07 08:00:10,978:INFO: Number of batches created=1700
2018-11-07 08:00:14,087:INFO: Number of batches created=1800
2018-11-07 08:00:17,195:INFO: Number of batches created=1900
2018-11-07 08:00:20,298:INFO: Number of batches created=2000
2018-11-07 08:00:23,435:INFO: Number of batches created=2100
2018-11-07 08:00:26,531:INFO: Number of batches created=2200
2018-11-07 08:00:29,615:INFO: Number of batches created=2300
2018-11-07 08:00:32,711:INFO: Number of batches created=2400
2018-11-07 08:00:35,826:INFO: Number of batches created=2500
2018-11-07 08:00:38,934:INFO: Number of batches created=2600
2018-11-07 08:00:42,043:INFO: Number of batches created=2700
2018-11-07 08:00:45,144:INFO: Number of batches created=2800
2018-11-07 08:00:48,252:INFO: Number of batches created=2900
2018-11-07 08:00:51,373:INFO: Number of batches created=3000
2018-11-07 08:00:54,486:INFO: Number of batches created=3100
2018-11-07 08:00:57,592:INFO: Number of batches created=3200
2018-11-07 08:01:00,733:INFO: Number of batches created=3300
2018-11-07 08:01:03,843:INFO: Number of batches created=3400
2018-11-07 08:01:06,939:INFO: Number of batches created=3500
2018-11-07 08:01:10,058:INFO: Number of batches created=3600
2018-11-07 08:01:13,154:INFO: Number of batches created=3700
2018-11-07 08:01:16,243:INFO: Number of batches created=3800
2018-11-07 08:01:19,356:INFO: Number of batches created=3900
2018-11-07 08:01:22,458:INFO: Number of batches created=4000
2018-11-07 08:01:25,691:INFO: Number of batches created=4100
2018-11-07 08:01:28,763:INFO: Number of batches created=4200
2018-11-07 08:01:31,821:INFO: Number of batches created=4300
2018-11-07 08:01:34,893:INFO: Number of batches created=4400
2018-11-07 08:01:38,329:INFO: Number of batches created=4500
2018-11-07 08:01:41,424:INFO: Number of batches created=4600
2018-11-07 08:01:44,515:INFO: Number of batches created=4700
2018-11-07 08:01:47,604:INFO: Number of batches created=4800
2018-11-07 08:01:50,726:INFO: Number of batches created=4900
2018-11-07 08:01:53,847:INFO: Number of batches created=5000
2018-11-07 08:01:56,950:INFO: Number of batches created=5100
2018-11-07 08:02:00,099:INFO: Number of batches created=5200
2018-11-07 08:02:03,254:INFO: Number of batches created=5300
2018-11-07 08:02:06,376:INFO: Number of batches created=5400
2018-11-07 08:02:09,526:INFO: Number of batches created=5500
2018-11-07 08:02:12,641:INFO: Number of batches created=5600
2018-11-07 08:02:15,793:INFO: Number of batches created=5700
2018-11-07 08:02:18,988:INFO: Number of batches created=5800
2018-11-07 08:02:22,095:INFO: Number of batches created=5900
2018-11-07 08:02:25,196:INFO: Number of batches created=6000
2018-11-07 08:02:28,265:INFO: Number of batches created=6100
2018-11-07 08:02:31,474:INFO: Number of batches created=6200
2018-11-07 08:02:34,542:INFO: Number of batches created=6300
2018-11-07 08:02:37,635:INFO: Number of batches created=6400
2018-11-07 08:02:40,704:INFO: Number of batches created=6500
2018-11-07 08:02:43,744:INFO: Number of batches created=6600
2018-11-07 08:02:46,818:INFO: Number of batches created=6700
2018-11-07 08:02:49,903:INFO: Number of batches created=6800
2018-11-07 08:02:52,975:INFO: Number of batches created=6900
2018-11-07 08:02:56,077:INFO: Number of batches created=7000
2018-11-07 08:02:59,161:INFO: Number of batches created=7100
2018-11-07 08:03:02,228:INFO: Number of batches created=7200
2018-11-07 08:03:05,337:INFO: Number of batches created=7300
2018-11-07 08:03:08,465:INFO: Number of batches created=7400
2018-11-07 08:03:11,591:INFO: Number of batches created=7500
2018-11-07 08:03:14,750:INFO: Number of batches created=7600
2018-11-07 08:03:17,898:INFO: Number of batches created=7700
2018-11-07 08:03:21,026:INFO: Number of batches created=7800
2018-11-07 08:03:24,143:INFO: Number of batches created=7900
2018-11-07 08:03:27,251:INFO: Number of batches created=8000
2018-11-07 08:03:30,329:INFO: Number of batches created=8100
2018-11-07 08:03:33,410:INFO: Number of batches created=8200
2018-11-07 08:03:36,462:INFO: Number of batches created=8300
2018-11-07 08:03:39,528:INFO: Number of batches created=8400
2018-11-07 08:03:42,611:INFO: Number of batches created=8500
2018-11-07 08:03:45,917:INFO: Number of batches created=8600
2018-11-07 08:03:49,206:INFO: Number of batches created=8700
2018-11-07 08:03:52,284:INFO: Number of batches created=8800
2018-11-07 08:03:55,357:INFO: Number of batches created=8900
2018-11-07 08:03:58,431:INFO: Number of batches created=9000
2018-11-07 08:04:01,536:INFO: Number of batches created=9100
2018-11-07 08:04:04,623:INFO: Number of batches created=9200
2018-11-07 08:04:07,728:INFO: Number of batches created=9300
2018-11-07 08:04:10,845:INFO: Number of batches created=9400
2018-11-07 08:04:14,016:INFO: Number of batches created=9500
2018-11-07 08:04:17,160:INFO: Number of batches created=9600
2018-11-07 08:04:20,320:INFO: Number of batches created=9700
2018-11-07 08:04:23,496:INFO: Number of batches created=9800
2018-11-07 08:04:26,650:INFO: Number of batches created=9900
2018-11-07 08:04:29,830:INFO: Number of batches created=10000
2018-11-07 08:04:32,973:INFO: Number of batches created=10100
2018-11-07 08:04:36,096:INFO: Number of batches created=10200
2018-11-07 08:04:39,211:INFO: Number of batches created=10300
2018-11-07 08:04:42,322:INFO: Number of batches created=10400
2018-11-07 08:04:45,405:INFO: Number of batches created=10500
2018-11-07 08:04:48,508:INFO: Number of batches created=10600
2018-11-07 08:04:51,604:INFO: Number of batches created=10700
2018-11-07 08:04:54,684:INFO: Number of batches created=10800
2018-11-07 08:04:57,817:INFO: Number of batches created=10900
2018-11-07 08:05:00,947:INFO: Number of batches created=11000
2018-11-07 08:05:04,079:INFO: Number of batches created=11100
2018-11-07 08:05:07,188:INFO: Number of batches created=11200
2018-11-07 08:05:08,803:INFO: Creating val batches ...
2018-11-07 08:05:11,957:INFO: Number of batches created=100
2018-11-07 08:05:15,102:INFO: Number of batches created=200
2018-11-07 08:05:18,237:INFO: Number of batches created=300
2018-11-07 08:05:21,419:INFO: Number of batches created=400
2018-11-07 08:05:24,594:INFO: Number of batches created=500
2018-11-07 08:05:27,754:INFO: Number of batches created=600
2018-11-07 08:05:30,888:INFO: Number of batches created=700
2018-11-07 08:05:34,025:INFO: Number of batches created=800
2018-11-07 08:05:37,156:INFO: Number of batches created=900
2018-11-07 08:05:40,284:INFO: Number of batches created=1000
2018-11-07 08:05:43,356:INFO: Number of batches created=1100
2018-11-07 08:05:46,454:INFO: Number of batches created=1200
2018-11-07 08:05:49,562:INFO: Number of batches created=1300
2018-11-07 08:05:52,654:INFO: Number of batches created=1400
2018-11-07 08:05:55,755:INFO: Number of batches created=1500
2018-11-07 08:05:58,848:INFO: Number of batches created=1600
2018-11-07 08:06:01,962:INFO: Number of batches created=1700
2018-11-07 08:06:05,087:INFO: Number of batches created=1800
2018-11-07 08:06:08,203:INFO: Number of batches created=1900
2018-11-07 08:06:11,315:INFO: Number of batches created=2000
2018-11-07 08:06:14,413:INFO: Number of batches created=2100
2018-11-07 08:06:17,522:INFO: Number of batches created=2200
2018-11-07 08:06:20,643:INFO: Number of batches created=2300
2018-11-07 08:06:23,804:INFO: Number of batches created=2400
2018-11-07 08:06:26,954:INFO: Number of batches created=2500
2018-11-07 08:06:30,103:INFO: Number of batches created=2600
2018-11-07 08:06:33,239:INFO: Number of batches created=2700
2018-11-07 08:06:36,398:INFO: Number of batches created=2800
2018-11-07 08:06:39,555:INFO: Number of batches created=2900
2018-11-07 08:06:42,672:INFO: Number of batches created=3000
2018-11-07 08:06:45,765:INFO: Number of batches created=3100
2018-11-07 08:06:48,870:INFO: Number of batches created=3200
2018-11-07 08:06:51,973:INFO: Number of batches created=3300
2018-11-07 08:06:55,056:INFO: Number of batches created=3400
2018-11-07 08:06:58,138:INFO: Number of batches created=3500
2018-11-07 08:07:01,242:INFO: Number of batches created=3600
2018-11-07 08:07:04,347:INFO: Number of batches created=3700
2018-11-07 08:07:05,913:INFO: Creating test batches ...
2018-11-07 08:07:09,043:INFO: Number of batches created=100
2018-11-07 08:07:12,180:INFO: Number of batches created=200
2018-11-07 08:07:15,301:INFO: Number of batches created=300
2018-11-07 08:07:18,426:INFO: Number of batches created=400
2018-11-07 08:07:21,535:INFO: Number of batches created=500
2018-11-07 08:07:24,681:INFO: Number of batches created=600
2018-11-07 08:07:27,793:INFO: Number of batches created=700
2018-11-07 08:07:30,905:INFO: Number of batches created=800
2018-11-07 08:07:34,037:INFO: Number of batches created=900
2018-11-07 08:07:37,176:INFO: Number of batches created=1000
2018-11-07 08:07:40,327:INFO: Number of batches created=1100
2018-11-07 08:07:43,476:INFO: Number of batches created=1200
2018-11-07 08:07:46,611:INFO: Number of batches created=1300
2018-11-07 08:07:49,743:INFO: Number of batches created=1400
2018-11-07 08:07:52,843:INFO: Number of batches created=1500
2018-11-07 08:07:55,948:INFO: Number of batches created=1600
2018-11-07 08:07:59,056:INFO: Number of batches created=1700
2018-11-07 08:08:02,147:INFO: Number of batches created=1800
2018-11-07 08:08:05,252:INFO: Number of batches created=1900
2018-11-07 08:08:08,351:INFO: Number of batches created=2000
2018-11-07 08:08:11,439:INFO: Number of batches created=2100
2018-11-07 08:08:14,521:INFO: Number of batches created=2200
2018-11-07 08:08:17,609:INFO: Number of batches created=2300
2018-11-07 08:08:20,691:INFO: Number of batches created=2400
2018-11-07 08:08:23,827:INFO: Number of batches created=2500
2018-11-07 08:08:26,930:INFO: Number of batches created=2600
2018-11-07 08:08:30,040:INFO: Number of batches created=2700
2018-11-07 08:08:33,175:INFO: Number of batches created=2800
2018-11-07 08:08:36,288:INFO: Number of batches created=2900
2018-11-07 08:08:39,465:INFO: Number of batches created=3000
2018-11-07 08:08:42,616:INFO: Number of batches created=3100
2018-11-07 08:08:45,762:INFO: Number of batches created=3200
2018-11-07 08:08:48,908:INFO: Number of batches created=3300
2018-11-07 08:08:52,047:INFO: Number of batches created=3400
2018-11-07 08:08:55,138:INFO: Number of batches created=3500
2018-11-07 08:08:58,243:INFO: Number of batches created=3600
2018-11-07 08:09:01,322:INFO: Number of batches created=3700
2018-11-07 08:09:02,863:INFO: Number of test_batches=3750
2018-11-07 08:09:02,863:INFO: Batch generation time (minutes) =138.4138124505679
2018-11-07 08:09:02,863:INFO: Train and val batch size=128
2018-11-07 08:09:02,864:INFO: Number of train_batches=11250
2018-11-07 08:09:02,864:INFO: Number of val_batches=3750
2018-11-07 09:04:39,173:INFO: ------------------------------------------------------------
2018-11-07 09:04:39,190:INFO: Loading the datasets...
2018-11-07 09:46:53,445:INFO: - done loading the datasets
2018-11-07 09:46:53,452:INFO: ------------------------------------------------------------
2018-11-07 10:14:18,369:INFO: Building optimizer...
2018-11-07 10:14:18,379:INFO: Starting training for 50 epoch(s)
2018-11-07 10:14:18,379:INFO: Epoch 1/50
