2018-10-29 16:37:19,648:INFO: Loading the dataset ...
2018-10-29 16:37:19,979:INFO: - done.
2018-10-29 16:37:21,755:INFO: Starting evaluation
2018-10-29 16:37:24,765:INFO: Labels=[0. 0. 1. 0. 0. 0. 0. 1. 0. 1.]
2018-10-29 16:37:24,765:INFO: Out prob=[1. 1. 1. 1. 1. 1. 1. 1. 1. 1.]
2018-10-29 16:37:24,766:INFO: ------------------------------------------------------------------------------------------------------------------------
2018-10-29 16:37:24,766:INFO: len labels after =16000
2018-10-29 16:37:24,766:INFO: len out_prob after16000
2018-10-29 16:37:24,766:INFO: length y_test=16000
2018-10-29 16:37:24,766:INFO: Lenght y_score=16000
2018-10-29 16:37:24,768:INFO: Length y_score 16000
2018-10-29 16:37:24,768:INFO: Length y_test 16000
2018-10-29 16:37:24,768:INFO: Thresholds[0:6] = 
 [2. 1.]
2018-10-29 16:37:24,768:INFO: Thresholds lenght = 
2
2018-10-29 16:37:24,768:INFO: fpr lenght2
2018-10-29 16:37:24,768:INFO: tpr lenght2
2018-10-29 16:37:24,768:INFO: ------------------------------------------------------------------------------------------------------------------------
2018-10-29 16:37:24,770:INFO: roc_auc=0.5
2018-10-29 16:37:24,770:INFO: ------------------------------------------------------------------------------------------------------------------------
2018-10-29 16:37:24,771:INFO: - Eval metrics : accuracy: 0.49994 ; loss: 13.81724
