2018-10-29 18:40:24,878:INFO: Loading the dataset ...
2018-10-29 18:40:25,202:INFO: - done.
2018-10-29 18:40:27,011:INFO: Starting evaluation
2018-10-29 18:40:28,282:INFO: Labels=[0. 0. 1. 0. 0. 0. 0. 1. 0. 1.]
2018-10-29 18:40:28,283:INFO: Out prob=[2.59043620e-04 8.55305314e-01 9.01660144e-01 7.92260826e-01
 6.81092739e-01 3.85548083e-05 3.11365677e-03 6.47261858e-01
 2.20149562e-01 9.00003254e-01]
2018-10-29 18:40:28,283:INFO: ------------------------------------------------------------------------------------------------------------------------
2018-10-29 18:40:28,283:INFO: len labels after =15872
2018-10-29 18:40:28,283:INFO: len out_prob after15872
2018-10-29 18:40:28,283:INFO: length y_test=15872
2018-10-29 18:40:28,283:INFO: Lenght y_score=15872
2018-10-29 18:40:28,286:INFO: Length y_score 15872
2018-10-29 18:40:28,286:INFO: Length y_test 15872
2018-10-29 18:40:28,287:INFO: Thresholds[0:6] = 
 [1.98602432 0.98602432 0.98399341 0.98288065 0.98153979 0.97966284]
2018-10-29 18:40:28,287:INFO: Thresholds lenght = 
15858
2018-10-29 18:40:28,287:INFO: fpr lenght15858
2018-10-29 18:40:28,287:INFO: tpr lenght15858
2018-10-29 18:40:28,335:INFO: ------------------------------------------------------------------------------------------------------------------------
2018-10-29 18:40:28,339:INFO: roc_auc=0.8776131033525257
2018-10-29 18:40:28,339:INFO: ------------------------------------------------------------------------------------------------------------------------
2018-10-29 18:40:28,339:INFO: - Eval metrics : accuracy: 0.79700 ; loss: 0.42503
