2018-10-29 17:57:31,776:INFO: Loading the dataset ...
2018-10-29 17:57:32,106:INFO: - done.
2018-10-29 17:57:33,934:INFO: Starting evaluation
2018-10-29 17:57:35,681:INFO: Labels=[0. 0. 1. 0. 0. 0. 0. 1. 0. 1.]
2018-10-29 17:57:35,682:INFO: Out prob=[4.55017638e-04 7.67340541e-01 9.27549183e-01 6.69999182e-01
 7.14554608e-01 4.07766584e-06 3.22084455e-03 7.86055505e-01
 1.56677663e-02 9.06019270e-01]
2018-10-29 17:57:35,682:INFO: ------------------------------------------------------------------------------------------------------------------------
2018-10-29 17:57:35,682:INFO: len labels after =15872
2018-10-29 17:57:35,682:INFO: len out_prob after15872
2018-10-29 17:57:35,682:INFO: length y_test=15872
2018-10-29 17:57:35,682:INFO: Lenght y_score=15872
2018-10-29 17:57:35,686:INFO: Length y_score 15872
2018-10-29 17:57:35,686:INFO: Length y_test 15872
2018-10-29 17:57:35,687:INFO: Thresholds[0:6] = 
 [0.98343742 0.98158228 0.98023593 0.97696847 0.97680342 0.97598481]
2018-10-29 17:57:35,687:INFO: Thresholds lenght = 
15868
2018-10-29 17:57:35,687:INFO: fpr lenght15868
2018-10-29 17:57:35,687:INFO: tpr lenght15868
2018-10-29 17:57:35,751:INFO: ------------------------------------------------------------------------------------------------------------------------
2018-10-29 17:57:35,757:INFO: roc_auc=0.8910306837258553
2018-10-29 17:57:35,757:INFO: ------------------------------------------------------------------------------------------------------------------------
2018-10-29 17:57:35,758:INFO: - Eval metrics : accuracy: 0.80941 ; loss: 0.40477
