2018-10-29 17:40:07,093:INFO: Loading the dataset ...
2018-10-29 17:40:07,349:INFO: - done.
2018-10-29 17:40:08,955:INFO: Starting evaluation
2018-10-29 17:40:10,521:INFO: Labels=[0. 0. 1. 0. 0. 0. 0. 1. 0. 1.]
2018-10-29 17:40:10,521:INFO: Out prob=[9.04963992e-04 7.05694199e-01 8.89504015e-01 7.22775042e-01
 5.68247974e-01 5.98227473e-07 3.62427766e-03 7.18879521e-01
 4.54668626e-02 9.36763763e-01]
2018-10-29 17:40:10,521:INFO: ------------------------------------------------------------------------------------------------------------------------
2018-10-29 17:40:10,521:INFO: len labels after =15872
2018-10-29 17:40:10,521:INFO: len out_prob after15872
2018-10-29 17:40:10,521:INFO: length y_test=15872
2018-10-29 17:40:10,521:INFO: Lenght y_score=15872
2018-10-29 17:40:10,524:INFO: Length y_score 15872
2018-10-29 17:40:10,524:INFO: Length y_test 15872
2018-10-29 17:40:10,525:INFO: Thresholds[0:6] = 
 [0.97951686 0.97744226 0.97708285 0.97662908 0.97652447 0.9762131 ]
2018-10-29 17:40:10,525:INFO: Thresholds lenght = 
15864
2018-10-29 17:40:10,525:INFO: fpr lenght15864
2018-10-29 17:40:10,525:INFO: tpr lenght15864
2018-10-29 17:40:10,573:INFO: ------------------------------------------------------------------------------------------------------------------------
2018-10-29 17:40:10,577:INFO: roc_auc=0.8828534018112644
2018-10-29 17:40:10,577:INFO: ------------------------------------------------------------------------------------------------------------------------
2018-10-29 17:40:10,578:INFO: - Eval metrics : accuracy: 0.79851 ; loss: 0.41818
