2018-10-29 17:36:07,846:INFO: search_hyperparam_sample_name=top_qcd_jets_antikt_kt__40000_Njets_256_batch
2018-10-29 17:36:07,847:INFO: ------------------------------------------------------------
2018-10-29 17:36:07,847:INFO: Loading the datasets...
2018-10-29 17:36:08,901:INFO: - done loading the datasets
2018-10-29 17:36:08,901:INFO: ------------------------------------------------------------
2018-10-29 17:36:10,453:INFO: Building optimizer...
2018-10-29 17:36:10,453:INFO: Starting training for 30 epoch(s)
2018-10-29 17:36:10,454:INFO: Epoch 1/30
2018-10-29 17:36:17,263:INFO: - Train metrics: accuracy: 0.646 ; loss: 1.189
2018-10-29 17:36:18,456:INFO: - Eval metrics : accuracy: 0.760 ; loss: 0.484
2018-10-29 17:36:18,463:INFO: - Found new best accuracy
2018-10-29 17:36:18,463:INFO: Epoch 2/30
2018-10-29 17:36:25,019:INFO: - Train metrics: accuracy: 0.775 ; loss: 0.466
2018-10-29 17:36:26,348:INFO: - Eval metrics : accuracy: 0.772 ; loss: 0.463
2018-10-29 17:36:26,385:INFO: - Found new best accuracy
2018-10-29 17:36:26,385:INFO: Epoch 3/30
2018-10-29 17:36:32,795:INFO: - Train metrics: accuracy: 0.816 ; loss: 0.428
2018-10-29 17:36:33,972:INFO: - Eval metrics : accuracy: 0.784 ; loss: 0.444
2018-10-29 17:36:34,009:INFO: - Found new best accuracy
2018-10-29 17:36:34,010:INFO: Epoch 4/30
2018-10-29 17:36:40,223:INFO: - Train metrics: accuracy: 0.799 ; loss: 0.426
2018-10-29 17:36:41,486:INFO: - Eval metrics : accuracy: 0.787 ; loss: 0.436
2018-10-29 17:36:41,488:INFO: - Found new best accuracy
2018-10-29 17:36:41,489:INFO: Epoch 5/30
2018-10-29 17:36:48,096:INFO: - Train metrics: accuracy: 0.822 ; loss: 0.407
2018-10-29 17:36:49,327:INFO: - Eval metrics : accuracy: 0.786 ; loss: 0.446
2018-10-29 17:36:49,367:INFO: Epoch 6/30
2018-10-29 17:36:55,602:INFO: - Train metrics: accuracy: 0.812 ; loss: 0.417
2018-10-29 17:36:56,779:INFO: - Eval metrics : accuracy: 0.799 ; loss: 0.423
2018-10-29 17:36:56,816:INFO: - Found new best accuracy
2018-10-29 17:36:56,816:INFO: Epoch 7/30
2018-10-29 17:37:03,137:INFO: - Train metrics: accuracy: 0.807 ; loss: 0.398
2018-10-29 17:37:04,322:INFO: - Eval metrics : accuracy: 0.800 ; loss: 0.420
2018-10-29 17:37:04,361:INFO: - Found new best accuracy
2018-10-29 17:37:04,361:INFO: Epoch 8/30
2018-10-29 17:37:11,337:INFO: - Train metrics: accuracy: 0.820 ; loss: 0.392
2018-10-29 17:37:12,661:INFO: - Eval metrics : accuracy: 0.799 ; loss: 0.418
2018-10-29 17:37:12,663:INFO: Epoch 9/30
2018-10-29 17:37:18,864:INFO: - Train metrics: accuracy: 0.824 ; loss: 0.391
2018-10-29 17:37:20,062:INFO: - Eval metrics : accuracy: 0.802 ; loss: 0.416
2018-10-29 17:37:20,101:INFO: - Found new best accuracy
2018-10-29 17:37:20,102:INFO: Epoch 10/30
2018-10-29 17:37:26,586:INFO: - Train metrics: accuracy: 0.824 ; loss: 0.391
2018-10-29 17:37:27,845:INFO: - Eval metrics : accuracy: 0.801 ; loss: 0.415
2018-10-29 17:37:27,885:INFO: Epoch 11/30
2018-10-29 17:37:34,554:INFO: - Train metrics: accuracy: 0.820 ; loss: 0.393
2018-10-29 17:37:35,858:INFO: - Eval metrics : accuracy: 0.801 ; loss: 0.416
2018-10-29 17:37:35,883:INFO: Epoch 12/30
2018-10-29 17:37:42,231:INFO: - Train metrics: accuracy: 0.826 ; loss: 0.392
2018-10-29 17:37:43,564:INFO: - Eval metrics : accuracy: 0.802 ; loss: 0.414
2018-10-29 17:37:43,566:INFO: - Found new best accuracy
2018-10-29 17:37:43,566:INFO: Epoch 13/30
2018-10-29 17:37:50,012:INFO: - Train metrics: accuracy: 0.824 ; loss: 0.388
2018-10-29 17:37:51,370:INFO: - Eval metrics : accuracy: 0.805 ; loss: 0.411
2018-10-29 17:37:51,412:INFO: - Found new best accuracy
2018-10-29 17:37:51,412:INFO: Epoch 14/30
2018-10-29 17:37:57,901:INFO: - Train metrics: accuracy: 0.820 ; loss: 0.385
2018-10-29 17:37:59,089:INFO: - Eval metrics : accuracy: 0.804 ; loss: 0.410
2018-10-29 17:37:59,119:INFO: Epoch 15/30
2018-10-29 17:38:05,627:INFO: - Train metrics: accuracy: 0.824 ; loss: 0.383
2018-10-29 17:38:06,851:INFO: - Eval metrics : accuracy: 0.805 ; loss: 0.410
2018-10-29 17:38:06,911:INFO: Epoch 16/30
2018-10-29 17:38:13,258:INFO: - Train metrics: accuracy: 0.820 ; loss: 0.382
2018-10-29 17:38:14,434:INFO: - Eval metrics : accuracy: 0.805 ; loss: 0.410
2018-10-29 17:38:14,476:INFO: Epoch 17/30
2018-10-29 17:38:20,940:INFO: - Train metrics: accuracy: 0.816 ; loss: 0.382
2018-10-29 17:38:22,216:INFO: - Eval metrics : accuracy: 0.805 ; loss: 0.410
2018-10-29 17:38:22,255:INFO: Epoch 18/30
2018-10-29 17:38:29,132:INFO: - Train metrics: accuracy: 0.816 ; loss: 0.382
2018-10-29 17:38:30,308:INFO: - Eval metrics : accuracy: 0.805 ; loss: 0.409
2018-10-29 17:38:30,355:INFO: - Found new best accuracy
2018-10-29 17:38:30,356:INFO: Epoch 19/30
2018-10-29 17:38:37,034:INFO: - Train metrics: accuracy: 0.816 ; loss: 0.382
2018-10-29 17:38:38,211:INFO: - Eval metrics : accuracy: 0.805 ; loss: 0.409
2018-10-29 17:38:38,245:INFO: Epoch 20/30
2018-10-29 17:38:44,829:INFO: - Train metrics: accuracy: 0.816 ; loss: 0.382
2018-10-29 17:38:46,013:INFO: - Eval metrics : accuracy: 0.805 ; loss: 0.409
2018-10-29 17:38:46,053:INFO: Epoch 21/30
2018-10-29 17:38:52,736:INFO: - Train metrics: accuracy: 0.814 ; loss: 0.382
2018-10-29 17:38:54,208:INFO: - Eval metrics : accuracy: 0.805 ; loss: 0.409
2018-10-29 17:38:54,256:INFO: Epoch 22/30
2018-10-29 17:39:00,898:INFO: - Train metrics: accuracy: 0.814 ; loss: 0.382
2018-10-29 17:39:02,084:INFO: - Eval metrics : accuracy: 0.805 ; loss: 0.409
2018-10-29 17:39:02,127:INFO: Epoch 23/30
2018-10-29 17:39:08,421:INFO: - Train metrics: accuracy: 0.814 ; loss: 0.382
2018-10-29 17:39:09,708:INFO: - Eval metrics : accuracy: 0.805 ; loss: 0.409
2018-10-29 17:39:09,747:INFO: - Found new best accuracy
2018-10-29 17:39:09,748:INFO: Epoch 24/30
2018-10-29 17:39:16,532:INFO: - Train metrics: accuracy: 0.814 ; loss: 0.382
2018-10-29 17:39:17,767:INFO: - Eval metrics : accuracy: 0.805 ; loss: 0.409
2018-10-29 17:39:17,769:INFO: Epoch 25/30
2018-10-29 17:39:24,291:INFO: - Train metrics: accuracy: 0.814 ; loss: 0.382
2018-10-29 17:39:25,482:INFO: - Eval metrics : accuracy: 0.805 ; loss: 0.409
2018-10-29 17:39:25,516:INFO: - Found new best accuracy
2018-10-29 17:39:25,516:INFO: Epoch 26/30
2018-10-29 17:39:31,915:INFO: - Train metrics: accuracy: 0.814 ; loss: 0.382
2018-10-29 17:39:33,223:INFO: - Eval metrics : accuracy: 0.805 ; loss: 0.409
2018-10-29 17:39:33,261:INFO: Epoch 27/30
2018-10-29 17:39:40,131:INFO: - Train metrics: accuracy: 0.814 ; loss: 0.382
2018-10-29 17:39:41,606:INFO: - Eval metrics : accuracy: 0.805 ; loss: 0.409
2018-10-29 17:39:41,644:INFO: Epoch 28/30
2018-10-29 17:39:48,257:INFO: - Train metrics: accuracy: 0.814 ; loss: 0.382
2018-10-29 17:39:49,689:INFO: - Eval metrics : accuracy: 0.805 ; loss: 0.409
2018-10-29 17:39:49,731:INFO: Epoch 29/30
2018-10-29 17:39:56,351:INFO: - Train metrics: accuracy: 0.814 ; loss: 0.382
2018-10-29 17:39:57,671:INFO: - Eval metrics : accuracy: 0.805 ; loss: 0.409
2018-10-29 17:39:57,709:INFO: Epoch 30/30
2018-10-29 17:40:04,145:INFO: - Train metrics: accuracy: 0.814 ; loss: 0.382
2018-10-29 17:40:05,336:INFO: - Eval metrics : accuracy: 0.805 ; loss: 0.409
2018-10-29 17:40:05,375:INFO: Total time (minutes) =3.9587974826494854
