2018-10-21 14:31:06,640:INFO: Loading the dataset ...
2018-10-21 14:31:06,984:INFO: - done.
2018-10-21 14:31:11,610:INFO: Starting evaluation
2018-10-21 14:31:21,654:INFO: Labels=[0. 0. 1. 0. 0. 0. 0. 1. 0. 1.]
2018-10-21 14:31:21,655:INFO: Out prob=[9.22410861e-02 3.41275662e-01 6.48898602e-01 7.97050357e-01
 8.58267367e-01 4.51565633e-04 2.36372207e-03 9.10938442e-01
 5.77459991e-01 9.38749969e-01]
2018-10-21 14:31:21,655:INFO: ------------------------------------------------------------------------------------------------------------------------
2018-10-21 14:31:21,655:INFO: len labels after =16000
2018-10-21 14:31:21,655:INFO: len out_prob after16000
2018-10-21 14:31:21,655:INFO: length y_test=16000
2018-10-21 14:31:21,655:INFO: Lenght y_score=16000
2018-10-21 14:31:21,659:INFO: Length y_score 16000
2018-10-21 14:31:21,659:INFO: Length y_test 16000
2018-10-21 14:31:21,659:INFO: Thresholds[0:6] = 
 [0.99979979 0.99943072 0.99912518 0.99895382 0.9989478  0.99879199]
2018-10-21 14:31:21,659:INFO: Thresholds lenght = 
15992
2018-10-21 14:31:21,660:INFO: fpr lenght15992
2018-10-21 14:31:21,660:INFO: tpr lenght15992
2018-10-21 14:31:21,713:INFO: ------------------------------------------------------------------------------------------------------------------------
2018-10-21 14:31:21,717:INFO: roc_auc=0.9078121860595654
2018-10-21 14:31:21,717:INFO: ------------------------------------------------------------------------------------------------------------------------
2018-10-21 14:31:21,718:INFO: - Eval metrics : accuracy: 0.828 ; loss: 0.378
