2018-10-29 19:27:51,172:INFO: Loading the dataset ...
2018-10-29 19:27:51,521:INFO: - done.
2018-10-29 19:27:53,292:INFO: Starting evaluation
2018-10-29 19:28:02,783:INFO: Labels=[0. 0. 1. 0. 0. 0. 0. 1. 0. 1.]
2018-10-29 19:28:02,784:INFO: Out prob=[2.28059851e-03 5.14847815e-01 9.80137646e-01 9.10285413e-01
 8.14051151e-01 3.90384441e-14 3.10393370e-05 8.45718026e-01
 1.11493887e-03 9.73290622e-01]
2018-10-29 19:28:02,784:INFO: ------------------------------------------------------------------------------------------------------------------------
2018-10-29 19:28:02,784:INFO: len labels after =16000
2018-10-29 19:28:02,784:INFO: len out_prob after16000
2018-10-29 19:28:02,784:INFO: length y_test=16000
2018-10-29 19:28:02,784:INFO: Lenght y_score=16000
2018-10-29 19:28:02,787:INFO: Length y_score 16000
2018-10-29 19:28:02,787:INFO: Length y_test 16000
2018-10-29 19:28:02,787:INFO: Thresholds[0:6] = 
 [0.9998197  0.99977285 0.99975055 0.9997316  0.99970168 0.99968052]
2018-10-29 19:28:02,788:INFO: Thresholds lenght = 
15955
2018-10-29 19:28:02,788:INFO: fpr lenght15955
2018-10-29 19:28:02,788:INFO: tpr lenght15955
2018-10-29 19:28:02,845:INFO: ------------------------------------------------------------------------------------------------------------------------
2018-10-29 19:28:02,849:INFO: roc_auc=0.9680695776260871
2018-10-29 19:28:02,849:INFO: ------------------------------------------------------------------------------------------------------------------------
2018-10-29 19:28:02,849:INFO: - Eval metrics : accuracy: 0.90638 ; loss: 0.22455
