2018-10-29 18:18:24,515:INFO: Loading the dataset ...
2018-10-29 18:18:24,837:INFO: - done.
2018-10-29 18:18:26,615:INFO: Starting evaluation
2018-10-29 18:18:28,227:INFO: Labels=[0. 0. 1. 0. 0. 0. 0. 1. 0. 1.]
2018-10-29 18:18:28,227:INFO: Out prob=[6.11565292e-06 8.98070216e-01 9.55443084e-01 9.23073649e-01
 3.03652614e-01 6.37147268e-09 4.49603132e-04 6.66503310e-01
 1.47623522e-03 9.62675512e-01]
2018-10-29 18:18:28,227:INFO: ------------------------------------------------------------------------------------------------------------------------
2018-10-29 18:18:28,227:INFO: len labels after =15872
2018-10-29 18:18:28,227:INFO: len out_prob after15872
2018-10-29 18:18:28,228:INFO: length y_test=15872
2018-10-29 18:18:28,228:INFO: Lenght y_score=15872
2018-10-29 18:18:28,231:INFO: Length y_score 15872
2018-10-29 18:18:28,231:INFO: Length y_test 15872
2018-10-29 18:18:28,231:INFO: Thresholds[0:6] = 
 [0.9970175  0.99614269 0.99591225 0.99586248 0.99557745 0.99551696]
2018-10-29 18:18:28,231:INFO: Thresholds lenght = 
15856
2018-10-29 18:18:28,231:INFO: fpr lenght15856
2018-10-29 18:18:28,231:INFO: tpr lenght15856
2018-10-29 18:18:28,281:INFO: ------------------------------------------------------------------------------------------------------------------------
2018-10-29 18:18:28,284:INFO: roc_auc=0.9618919602790061
2018-10-29 18:18:28,284:INFO: ------------------------------------------------------------------------------------------------------------------------
2018-10-29 18:18:28,285:INFO: - Eval metrics : accuracy: 0.89869 ; loss: 0.24347
