2018-10-29 18:13:46,295:INFO: search_hyperparam_sample_name=top_qcd_jets_antikt_kt__40000_Njets_256_batch
2018-10-29 18:13:46,295:INFO: ------------------------------------------------------------
2018-10-29 18:13:46,295:INFO: Loading the datasets...
2018-10-29 18:13:47,307:INFO: - done loading the datasets
2018-10-29 18:13:47,307:INFO: ------------------------------------------------------------
2018-10-29 18:13:48,816:INFO: Building optimizer...
2018-10-29 18:13:48,817:INFO: Starting training for 35 epoch(s)
2018-10-29 18:13:48,817:INFO: Epoch 1/35
2018-10-29 18:13:55,759:INFO: - Train metrics: accuracy: 0.646 ; loss: 1.189
2018-10-29 18:13:57,218:INFO: - Eval metrics : accuracy: 0.760 ; loss: 0.484
2018-10-29 18:13:57,230:INFO: - Found new best accuracy
2018-10-29 18:13:57,231:INFO: Epoch 2/35
2018-10-29 18:14:04,184:INFO: - Train metrics: accuracy: 0.775 ; loss: 0.466
2018-10-29 18:14:05,379:INFO: - Eval metrics : accuracy: 0.772 ; loss: 0.463
2018-10-29 18:14:05,416:INFO: - Found new best accuracy
2018-10-29 18:14:05,416:INFO: Epoch 3/35
2018-10-29 18:14:11,515:INFO: - Train metrics: accuracy: 0.818 ; loss: 0.432
2018-10-29 18:14:12,924:INFO: - Eval metrics : accuracy: 0.785 ; loss: 0.443
2018-10-29 18:14:12,953:INFO: - Found new best accuracy
2018-10-29 18:14:12,953:INFO: Epoch 4/35
2018-10-29 18:14:19,317:INFO: - Train metrics: accuracy: 0.805 ; loss: 0.418
2018-10-29 18:14:20,552:INFO: - Eval metrics : accuracy: 0.788 ; loss: 0.439
2018-10-29 18:14:20,590:INFO: - Found new best accuracy
2018-10-29 18:14:20,590:INFO: Epoch 5/35
2018-10-29 18:14:26,831:INFO: - Train metrics: accuracy: 0.824 ; loss: 0.406
2018-10-29 18:14:28,005:INFO: - Eval metrics : accuracy: 0.789 ; loss: 0.435
2018-10-29 18:14:28,039:INFO: - Found new best accuracy
2018-10-29 18:14:28,040:INFO: Epoch 6/35
2018-10-29 18:14:34,171:INFO: - Train metrics: accuracy: 0.812 ; loss: 0.413
2018-10-29 18:14:35,347:INFO: - Eval metrics : accuracy: 0.797 ; loss: 0.422
2018-10-29 18:14:35,389:INFO: - Found new best accuracy
2018-10-29 18:14:35,389:INFO: Epoch 7/35
2018-10-29 18:14:41,974:INFO: - Train metrics: accuracy: 0.828 ; loss: 0.401
2018-10-29 18:14:43,095:INFO: - Eval metrics : accuracy: 0.800 ; loss: 0.415
2018-10-29 18:14:43,138:INFO: - Found new best accuracy
2018-10-29 18:14:43,138:INFO: Epoch 8/35
2018-10-29 18:14:49,680:INFO: - Train metrics: accuracy: 0.824 ; loss: 0.393
2018-10-29 18:14:50,874:INFO: - Eval metrics : accuracy: 0.801 ; loss: 0.412
2018-10-29 18:14:50,908:INFO: - Found new best accuracy
2018-10-29 18:14:50,908:INFO: Epoch 9/35
2018-10-29 18:14:57,099:INFO: - Train metrics: accuracy: 0.820 ; loss: 0.392
2018-10-29 18:14:58,220:INFO: - Eval metrics : accuracy: 0.810 ; loss: 0.402
2018-10-29 18:14:58,254:INFO: - Found new best accuracy
2018-10-29 18:14:58,254:INFO: Epoch 10/35
2018-10-29 18:15:05,270:INFO: - Train metrics: accuracy: 0.816 ; loss: 0.391
2018-10-29 18:15:06,474:INFO: - Eval metrics : accuracy: 0.812 ; loss: 0.400
2018-10-29 18:15:06,516:INFO: - Found new best accuracy
2018-10-29 18:15:06,516:INFO: Epoch 11/35
2018-10-29 18:15:12,884:INFO: - Train metrics: accuracy: 0.826 ; loss: 0.380
2018-10-29 18:15:14,118:INFO: - Eval metrics : accuracy: 0.818 ; loss: 0.392
2018-10-29 18:15:14,144:INFO: - Found new best accuracy
2018-10-29 18:15:14,144:INFO: Epoch 12/35
2018-10-29 18:15:20,596:INFO: - Train metrics: accuracy: 0.818 ; loss: 0.378
2018-10-29 18:15:21,836:INFO: - Eval metrics : accuracy: 0.820 ; loss: 0.383
2018-10-29 18:15:21,873:INFO: - Found new best accuracy
2018-10-29 18:15:21,873:INFO: Epoch 13/35
2018-10-29 18:15:28,528:INFO: - Train metrics: accuracy: 0.818 ; loss: 0.372
2018-10-29 18:15:29,743:INFO: - Eval metrics : accuracy: 0.830 ; loss: 0.370
2018-10-29 18:15:29,781:INFO: - Found new best accuracy
2018-10-29 18:15:29,781:INFO: Epoch 14/35
2018-10-29 18:15:36,269:INFO: - Train metrics: accuracy: 0.818 ; loss: 0.367
2018-10-29 18:15:37,386:INFO: - Eval metrics : accuracy: 0.834 ; loss: 0.360
2018-10-29 18:15:37,426:INFO: - Found new best accuracy
2018-10-29 18:15:37,426:INFO: Epoch 15/35
2018-10-29 18:15:43,640:INFO: - Train metrics: accuracy: 0.828 ; loss: 0.360
2018-10-29 18:15:44,843:INFO: - Eval metrics : accuracy: 0.844 ; loss: 0.346
2018-10-29 18:15:44,879:INFO: - Found new best accuracy
2018-10-29 18:15:44,880:INFO: Epoch 16/35
2018-10-29 18:15:51,904:INFO: - Train metrics: accuracy: 0.842 ; loss: 0.342
2018-10-29 18:15:53,111:INFO: - Eval metrics : accuracy: 0.852 ; loss: 0.333
2018-10-29 18:15:53,137:INFO: - Found new best accuracy
2018-10-29 18:15:53,138:INFO: Epoch 17/35
2018-10-29 18:15:59,605:INFO: - Train metrics: accuracy: 0.855 ; loss: 0.328
2018-10-29 18:16:00,812:INFO: - Eval metrics : accuracy: 0.863 ; loss: 0.312
2018-10-29 18:16:00,849:INFO: - Found new best accuracy
2018-10-29 18:16:00,849:INFO: Epoch 18/35
2018-10-29 18:16:08,080:INFO: - Train metrics: accuracy: 0.852 ; loss: 0.319
2018-10-29 18:16:09,442:INFO: - Eval metrics : accuracy: 0.868 ; loss: 0.301
2018-10-29 18:16:09,498:INFO: - Found new best accuracy
2018-10-29 18:16:09,498:INFO: Epoch 19/35
2018-10-29 18:16:16,113:INFO: - Train metrics: accuracy: 0.857 ; loss: 0.308
2018-10-29 18:16:17,343:INFO: - Eval metrics : accuracy: 0.874 ; loss: 0.290
2018-10-29 18:16:17,345:INFO: - Found new best accuracy
2018-10-29 18:16:17,346:INFO: Epoch 20/35
2018-10-29 18:16:23,772:INFO: - Train metrics: accuracy: 0.863 ; loss: 0.300
2018-10-29 18:16:24,984:INFO: - Eval metrics : accuracy: 0.879 ; loss: 0.282
2018-10-29 18:16:25,022:INFO: - Found new best accuracy
2018-10-29 18:16:25,023:INFO: Epoch 21/35
2018-10-29 18:16:31,617:INFO: - Train metrics: accuracy: 0.869 ; loss: 0.284
2018-10-29 18:16:32,831:INFO: - Eval metrics : accuracy: 0.882 ; loss: 0.276
2018-10-29 18:16:32,858:INFO: - Found new best accuracy
2018-10-29 18:16:32,859:INFO: Epoch 22/35
2018-10-29 18:16:39,724:INFO: - Train metrics: accuracy: 0.875 ; loss: 0.268
2018-10-29 18:16:40,967:INFO: - Eval metrics : accuracy: 0.885 ; loss: 0.269
2018-10-29 18:16:40,970:INFO: - Found new best accuracy
2018-10-29 18:16:40,970:INFO: Epoch 23/35
2018-10-29 18:16:47,343:INFO: - Train metrics: accuracy: 0.885 ; loss: 0.261
2018-10-29 18:16:48,542:INFO: - Eval metrics : accuracy: 0.888 ; loss: 0.264
2018-10-29 18:16:48,582:INFO: - Found new best accuracy
2018-10-29 18:16:48,583:INFO: Epoch 24/35
2018-10-29 18:16:55,320:INFO: - Train metrics: accuracy: 0.877 ; loss: 0.256
2018-10-29 18:16:56,509:INFO: - Eval metrics : accuracy: 0.890 ; loss: 0.260
2018-10-29 18:16:56,548:INFO: - Found new best accuracy
2018-10-29 18:16:56,548:INFO: Epoch 25/35
2018-10-29 18:17:03,367:INFO: - Train metrics: accuracy: 0.885 ; loss: 0.250
2018-10-29 18:17:04,625:INFO: - Eval metrics : accuracy: 0.892 ; loss: 0.257
2018-10-29 18:17:04,628:INFO: - Found new best accuracy
2018-10-29 18:17:04,628:INFO: Epoch 26/35
2018-10-29 18:17:11,165:INFO: - Train metrics: accuracy: 0.887 ; loss: 0.248
2018-10-29 18:17:12,376:INFO: - Eval metrics : accuracy: 0.894 ; loss: 0.253
2018-10-29 18:17:12,413:INFO: - Found new best accuracy
2018-10-29 18:17:12,413:INFO: Epoch 27/35
2018-10-29 18:17:18,647:INFO: - Train metrics: accuracy: 0.891 ; loss: 0.247
2018-10-29 18:17:19,834:INFO: - Eval metrics : accuracy: 0.894 ; loss: 0.250
2018-10-29 18:17:19,888:INFO: - Found new best accuracy
2018-10-29 18:17:19,889:INFO: Epoch 28/35
2018-10-29 18:17:26,778:INFO: - Train metrics: accuracy: 0.891 ; loss: 0.245
2018-10-29 18:17:28,065:INFO: - Eval metrics : accuracy: 0.895 ; loss: 0.248
2018-10-29 18:17:28,103:INFO: - Found new best accuracy
2018-10-29 18:17:28,104:INFO: Epoch 29/35
2018-10-29 18:17:34,677:INFO: - Train metrics: accuracy: 0.895 ; loss: 0.243
2018-10-29 18:17:36,055:INFO: - Eval metrics : accuracy: 0.896 ; loss: 0.248
2018-10-29 18:17:36,098:INFO: - Found new best accuracy
2018-10-29 18:17:36,099:INFO: Epoch 30/35
2018-10-29 18:17:42,149:INFO: - Train metrics: accuracy: 0.891 ; loss: 0.245
2018-10-29 18:17:43,257:INFO: - Eval metrics : accuracy: 0.895 ; loss: 0.246
2018-10-29 18:17:43,259:INFO: Epoch 31/35
2018-10-29 18:17:49,956:INFO: - Train metrics: accuracy: 0.893 ; loss: 0.244
2018-10-29 18:17:51,312:INFO: - Eval metrics : accuracy: 0.896 ; loss: 0.245
2018-10-29 18:17:51,352:INFO: - Found new best accuracy
2018-10-29 18:17:51,353:INFO: Epoch 32/35
2018-10-29 18:17:57,566:INFO: - Train metrics: accuracy: 0.885 ; loss: 0.243
2018-10-29 18:17:58,736:INFO: - Eval metrics : accuracy: 0.898 ; loss: 0.243
2018-10-29 18:17:58,776:INFO: - Found new best accuracy
2018-10-29 18:17:58,776:INFO: Epoch 33/35
2018-10-29 18:18:05,322:INFO: - Train metrics: accuracy: 0.889 ; loss: 0.240
2018-10-29 18:18:06,672:INFO: - Eval metrics : accuracy: 0.898 ; loss: 0.242
2018-10-29 18:18:06,713:INFO: - Found new best accuracy
2018-10-29 18:18:06,714:INFO: Epoch 34/35
2018-10-29 18:18:13,162:INFO: - Train metrics: accuracy: 0.893 ; loss: 0.239
2018-10-29 18:18:14,548:INFO: - Eval metrics : accuracy: 0.896 ; loss: 0.243
2018-10-29 18:18:14,550:INFO: Epoch 35/35
2018-10-29 18:18:21,356:INFO: - Train metrics: accuracy: 0.895 ; loss: 0.242
2018-10-29 18:18:22,536:INFO: - Eval metrics : accuracy: 0.897 ; loss: 0.243
2018-10-29 18:18:22,574:INFO: Total time (minutes) =4.604657375812531
