2018-11-01 13:58:01,812:INFO: Loading the dataset ...
2018-11-01 13:58:02,627:INFO: - done.
2018-11-01 13:58:04,357:INFO: Starting evaluation
2018-11-01 13:58:09,639:INFO: Labels=[1. 0. 0. 0. 1. 0. 0. 1. 1. 0.]
2018-11-01 13:58:09,639:INFO: Out prob=[9.99075294e-01 2.63032387e-03 5.70384920e-01 1.70253465e-04
 9.18182492e-01 8.49012375e-01 4.18406385e-13 9.99145627e-01
 9.87666368e-01 8.55612394e-04]
2018-11-01 13:58:09,640:INFO: ------------------------------------------------------------------------------------------------------------------------
2018-11-01 13:58:09,640:INFO: len labels after =32000
2018-11-01 13:58:09,640:INFO: len out_prob after32000
2018-11-01 13:58:09,640:INFO: length y_test=32000
2018-11-01 13:58:09,640:INFO: Lenght y_score=32000
2018-11-01 13:58:09,645:INFO: Length y_score 32000
2018-11-01 13:58:09,645:INFO: Length y_test 32000
2018-11-01 13:58:09,646:INFO: Thresholds[0:6] = 
 [1.         0.99999964 0.99999917 0.99999845 0.99999595 0.99999487]
2018-11-01 13:58:09,646:INFO: Thresholds lenght = 
31369
2018-11-01 13:58:09,646:INFO: fpr lenght31369
2018-11-01 13:58:09,646:INFO: tpr lenght31369
2018-11-01 13:58:09,767:INFO: ------------------------------------------------------------------------------------------------------------------------
2018-11-01 13:58:09,774:INFO: roc_auc=0.9799623788279779
2018-11-01 13:58:09,775:INFO: ------------------------------------------------------------------------------------------------------------------------
2018-11-01 13:58:09,775:INFO: - Eval metrics : accuracy: 0.92972 ; loss: 0.18188
