2018-10-29 17:34:36,126:INFO: Loading the dataset ...
2018-10-29 17:34:36,478:INFO: - done.
2018-10-29 17:34:38,291:INFO: Starting evaluation
2018-10-29 17:34:42,653:INFO: Labels=[0. 0. 1. 0. 0. 0. 0. 1. 0. 1.]
2018-10-29 17:34:42,653:INFO: Out prob=[3.87199179e-05 8.82525027e-01 9.00713801e-01 8.77072871e-01
 5.43263376e-01 6.22567882e-07 3.79720477e-05 6.07742786e-01
 9.78156645e-03 9.02605295e-01]
2018-10-29 17:34:42,653:INFO: ------------------------------------------------------------------------------------------------------------------------
2018-10-29 17:34:42,653:INFO: len labels after =16000
2018-10-29 17:34:42,653:INFO: len out_prob after16000
2018-10-29 17:34:42,653:INFO: length y_test=16000
2018-10-29 17:34:42,653:INFO: Lenght y_score=16000
2018-10-29 17:34:42,657:INFO: Length y_score 16000
2018-10-29 17:34:42,657:INFO: Length y_test 16000
2018-10-29 17:34:42,657:INFO: Thresholds[0:6] = 
 [0.99837399 0.99813616 0.99807042 0.99799204 0.99779284 0.99758601]
2018-10-29 17:34:42,657:INFO: Thresholds lenght = 
15988
2018-10-29 17:34:42,657:INFO: fpr lenght15988
2018-10-29 17:34:42,657:INFO: tpr lenght15988
2018-10-29 17:34:42,758:INFO: ------------------------------------------------------------------------------------------------------------------------
2018-10-29 17:34:42,762:INFO: roc_auc=0.947357374177459
2018-10-29 17:34:42,762:INFO: ------------------------------------------------------------------------------------------------------------------------
2018-10-29 17:34:42,763:INFO: - Eval metrics : accuracy: 0.87487 ; loss: 0.28923
