2018-10-20 19:36:13,100:INFO: Loading the dataset ...
2018-10-20 19:36:13,538:INFO: - done.
2018-10-20 19:36:17,966:INFO: Starting evaluation
2018-10-20 19:36:37,548:INFO: Labels=[0. 0. 1. 0. 0. 0. 0. 1. 0. 1.]
2018-10-20 19:36:37,549:INFO: Out prob=[0.18528773 0.42167905 0.33978638 0.36759779 0.75871557 0.00718855
 0.03562098 0.75668699 0.38756329 0.85723758]
2018-10-20 19:36:37,549:INFO: ------------------------------------------------------------------------------------------------------------------------
2018-10-20 19:36:37,549:INFO: len labels after =16000
2018-10-20 19:36:37,549:INFO: len out_prob after16000
2018-10-20 19:36:37,549:INFO: length y_test=16000
2018-10-20 19:36:37,549:INFO: Lenght y_score=16000
2018-10-20 19:36:37,553:INFO: Length y_score 16000
2018-10-20 19:36:37,553:INFO: Length y_test 16000
2018-10-20 19:36:37,553:INFO: Thresholds[0:6] = 
 [1.         0.99999988 0.99999976 0.99999964 0.9999994  0.99999905]
2018-10-20 19:36:37,553:INFO: Thresholds lenght = 
14759
2018-10-20 19:36:37,553:INFO: fpr lenght14759
2018-10-20 19:36:37,553:INFO: tpr lenght14759
2018-10-20 19:36:37,603:INFO: ------------------------------------------------------------------------------------------------------------------------
2018-10-20 19:36:37,607:INFO: roc_auc=0.8655890447748289
2018-10-20 19:36:37,607:INFO: ------------------------------------------------------------------------------------------------------------------------
2018-10-20 19:36:37,607:INFO: - Eval metrics : accuracy: 0.802 ; loss: 0.441
