2018-10-20 18:28:19,223:INFO: sample_name=top_qcd_jets_antikt_kt__40000_Njets_64_batch
2018-10-20 18:28:19,223:INFO: ------------------------------------------------------------
2018-10-20 18:28:19,224:INFO: Loading the datasets...
2018-10-20 18:28:20,932:INFO: - done loading the datasets
2018-10-20 18:28:20,932:INFO: ------------------------------------------------------------
2018-10-20 18:28:24,740:INFO: Building optimizer...
2018-10-20 18:28:24,741:INFO: Starting training for 30 epoch(s)
2018-10-20 18:28:24,741:INFO: Epoch 1/30
2018-10-20 18:30:32,558:INFO: - Train metrics: accuracy: 0.482 ; loss: 0.724
2018-10-20 18:30:50,017:INFO: - Eval metrics : accuracy: 0.502 ; loss: 0.693
2018-10-20 18:30:50,076:INFO: - Found new best accuracy
2018-10-20 18:30:50,076:INFO: Epoch 2/30
2018-10-20 18:32:56,966:INFO: - Train metrics: accuracy: 0.500 ; loss: 0.686
2018-10-20 18:33:11,419:INFO: - Eval metrics : accuracy: 0.500 ; loss: 0.693
2018-10-20 18:33:11,461:INFO: Epoch 3/30
2018-10-20 18:35:16,616:INFO: - Train metrics: accuracy: 0.513 ; loss: 0.688
2018-10-20 18:35:30,691:INFO: - Eval metrics : accuracy: 0.500 ; loss: 0.693
2018-10-20 18:35:30,719:INFO: Epoch 4/30
2018-10-20 18:37:32,921:INFO: - Train metrics: accuracy: 0.529 ; loss: 0.688
2018-10-20 18:37:46,979:INFO: - Eval metrics : accuracy: 0.500 ; loss: 0.693
2018-10-20 18:37:47,016:INFO: Epoch 5/30
2018-10-20 18:39:48,137:INFO: - Train metrics: accuracy: 0.531 ; loss: 0.688
2018-10-20 18:40:02,203:INFO: - Eval metrics : accuracy: 0.500 ; loss: 0.693
2018-10-20 18:40:02,206:INFO: Epoch 6/30
2018-10-20 18:42:01,769:INFO: - Train metrics: accuracy: 0.534 ; loss: 0.687
2018-10-20 18:42:16,707:INFO: - Eval metrics : accuracy: 0.500 ; loss: 0.693
2018-10-20 18:42:16,749:INFO: Epoch 7/30
2018-10-20 18:44:16,337:INFO: - Train metrics: accuracy: 0.513 ; loss: 0.688
2018-10-20 18:44:30,419:INFO: - Eval metrics : accuracy: 0.500 ; loss: 0.693
2018-10-20 18:44:30,454:INFO: Epoch 8/30
2018-10-20 18:46:29,933:INFO: - Train metrics: accuracy: 0.549 ; loss: 0.687
2018-10-20 18:46:43,960:INFO: - Eval metrics : accuracy: 0.511 ; loss: 0.693
2018-10-20 18:46:44,002:INFO: - Found new best accuracy
2018-10-20 18:46:44,003:INFO: Epoch 9/30
2018-10-20 18:48:44,040:INFO: - Train metrics: accuracy: 0.557 ; loss: 0.686
2018-10-20 18:48:58,143:INFO: - Eval metrics : accuracy: 0.514 ; loss: 0.693
2018-10-20 18:48:58,185:INFO: - Found new best accuracy
2018-10-20 18:48:58,185:INFO: Epoch 10/30
2018-10-20 18:50:58,493:INFO: - Train metrics: accuracy: 0.555 ; loss: 0.687
2018-10-20 18:51:12,501:INFO: - Eval metrics : accuracy: 0.508 ; loss: 0.694
2018-10-20 18:51:12,537:INFO: Epoch 11/30
2018-10-20 18:53:14,993:INFO: - Train metrics: accuracy: 0.542 ; loss: 0.690
2018-10-20 18:53:29,041:INFO: - Eval metrics : accuracy: 0.522 ; loss: 0.692
2018-10-20 18:53:29,089:INFO: - Found new best accuracy
2018-10-20 18:53:29,090:INFO: Epoch 12/30
2018-10-20 18:55:28,817:INFO: - Train metrics: accuracy: 0.654 ; loss: 0.629
2018-10-20 18:55:42,839:INFO: - Eval metrics : accuracy: 0.723 ; loss: 0.569
2018-10-20 18:55:42,879:INFO: - Found new best accuracy
2018-10-20 18:55:42,880:INFO: Epoch 13/30
2018-10-20 18:57:42,849:INFO: - Train metrics: accuracy: 0.760 ; loss: 0.525
2018-10-20 18:57:56,930:INFO: - Eval metrics : accuracy: 0.780 ; loss: 0.485
2018-10-20 18:57:56,971:INFO: - Found new best accuracy
2018-10-20 18:57:56,972:INFO: Epoch 14/30
2018-10-20 18:59:58,983:INFO: - Train metrics: accuracy: 0.776 ; loss: 0.498
2018-10-20 19:00:13,041:INFO: - Eval metrics : accuracy: 0.743 ; loss: 0.537
2018-10-20 19:00:13,087:INFO: Epoch 15/30
2018-10-20 19:02:14,331:INFO: - Train metrics: accuracy: 0.776 ; loss: 0.461
2018-10-20 19:02:28,437:INFO: - Eval metrics : accuracy: 0.780 ; loss: 0.500
2018-10-20 19:02:28,487:INFO: - Found new best accuracy
2018-10-20 19:02:28,488:INFO: Epoch 16/30
2018-10-20 19:04:31,094:INFO: - Train metrics: accuracy: 0.779 ; loss: 0.483
2018-10-20 19:04:45,158:INFO: - Eval metrics : accuracy: 0.746 ; loss: 0.517
2018-10-20 19:04:45,198:INFO: Epoch 17/30
2018-10-20 19:06:46,530:INFO: - Train metrics: accuracy: 0.768 ; loss: 0.491
2018-10-20 19:07:00,621:INFO: - Eval metrics : accuracy: 0.777 ; loss: 0.476
2018-10-20 19:07:00,624:INFO: Epoch 18/30
2018-10-20 19:09:00,373:INFO: - Train metrics: accuracy: 0.727 ; loss: 0.543
2018-10-20 19:09:14,440:INFO: - Eval metrics : accuracy: 0.751 ; loss: 0.519
2018-10-20 19:09:14,479:INFO: Epoch 19/30
2018-10-20 19:11:14,415:INFO: - Train metrics: accuracy: 0.688 ; loss: 0.577
2018-10-20 19:11:28,425:INFO: - Eval metrics : accuracy: 0.714 ; loss: 0.554
2018-10-20 19:11:28,463:INFO: Epoch 20/30
2018-10-20 19:13:29,661:INFO: - Train metrics: accuracy: 0.714 ; loss: 0.553
2018-10-20 19:13:43,736:INFO: - Eval metrics : accuracy: 0.733 ; loss: 0.543
2018-10-20 19:13:43,739:INFO: Epoch 21/30
2018-10-20 19:15:44,849:INFO: - Train metrics: accuracy: 0.737 ; loss: 0.540
2018-10-20 19:15:58,923:INFO: - Eval metrics : accuracy: 0.744 ; loss: 0.533
2018-10-20 19:15:58,963:INFO: Epoch 22/30
2018-10-20 19:18:00,288:INFO: - Train metrics: accuracy: 0.771 ; loss: 0.521
2018-10-20 19:18:14,421:INFO: - Eval metrics : accuracy: 0.784 ; loss: 0.476
2018-10-20 19:18:14,455:INFO: - Found new best accuracy
2018-10-20 19:18:14,455:INFO: Epoch 23/30
2018-10-20 19:20:14,894:INFO: - Train metrics: accuracy: 0.781 ; loss: 0.478
2018-10-20 19:20:28,905:INFO: - Eval metrics : accuracy: 0.791 ; loss: 0.466
2018-10-20 19:20:28,947:INFO: - Found new best accuracy
2018-10-20 19:20:28,948:INFO: Epoch 24/30
2018-10-20 19:22:28,786:INFO: - Train metrics: accuracy: 0.789 ; loss: 0.472
2018-10-20 19:22:42,789:INFO: - Eval metrics : accuracy: 0.794 ; loss: 0.463
2018-10-20 19:22:42,792:INFO: - Found new best accuracy
2018-10-20 19:22:42,792:INFO: Epoch 25/30
2018-10-20 19:24:42,774:INFO: - Train metrics: accuracy: 0.784 ; loss: 0.478
2018-10-20 19:24:56,817:INFO: - Eval metrics : accuracy: 0.796 ; loss: 0.458
2018-10-20 19:24:56,857:INFO: - Found new best accuracy
2018-10-20 19:24:56,858:INFO: Epoch 26/30
2018-10-20 19:26:56,897:INFO: - Train metrics: accuracy: 0.797 ; loss: 0.456
2018-10-20 19:27:11,000:INFO: - Eval metrics : accuracy: 0.795 ; loss: 0.459
2018-10-20 19:27:11,033:INFO: Epoch 27/30
2018-10-20 19:29:12,918:INFO: - Train metrics: accuracy: 0.792 ; loss: 0.461
2018-10-20 19:29:26,987:INFO: - Eval metrics : accuracy: 0.800 ; loss: 0.449
2018-10-20 19:29:27,024:INFO: - Found new best accuracy
2018-10-20 19:29:27,025:INFO: Epoch 28/30
2018-10-20 19:31:26,991:INFO: - Train metrics: accuracy: 0.794 ; loss: 0.457
2018-10-20 19:31:41,038:INFO: - Eval metrics : accuracy: 0.801 ; loss: 0.444
2018-10-20 19:31:41,075:INFO: - Found new best accuracy
2018-10-20 19:31:41,076:INFO: Epoch 29/30
2018-10-20 19:33:43,155:INFO: - Train metrics: accuracy: 0.807 ; loss: 0.449
2018-10-20 19:33:57,203:INFO: - Eval metrics : accuracy: 0.801 ; loss: 0.442
2018-10-20 19:33:57,241:INFO: - Found new best accuracy
2018-10-20 19:33:57,242:INFO: Epoch 30/30
2018-10-20 19:35:56,876:INFO: - Train metrics: accuracy: 0.799 ; loss: 0.449
2018-10-20 19:36:10,942:INFO: - Eval metrics : accuracy: 0.801 ; loss: 0.441
2018-10-20 19:36:10,983:INFO: Total time (minutes) =67.86267107725143
