2018-11-01 16:34:26,607:INFO: Loading the dataset ...
2018-11-01 16:34:27,267:INFO: - done.
2018-11-01 16:34:28,990:INFO: Starting evaluation
2018-11-01 16:34:33,593:INFO: Labels=[1. 0. 0. 0. 1. 0. 0. 1. 1. 0.]
2018-11-01 16:34:33,593:INFO: Out prob=[9.97423530e-01 8.23094398e-02 6.53644204e-01 3.47769907e-04
 8.42702150e-01 9.30490255e-01 1.34008394e-15 9.98949945e-01
 9.97971594e-01 9.03675146e-03]
2018-11-01 16:34:33,593:INFO: ------------------------------------------------------------------------------------------------------------------------
2018-11-01 16:34:33,593:INFO: len labels after =32000
2018-11-01 16:34:33,593:INFO: len out_prob after32000
2018-11-01 16:34:33,594:INFO: length y_test=32000
2018-11-01 16:34:33,594:INFO: Lenght y_score=32000
2018-11-01 16:34:33,599:INFO: Length y_score 32000
2018-11-01 16:34:33,599:INFO: Length y_test 32000
2018-11-01 16:34:33,599:INFO: Thresholds[0:6] = 
 [0.99986041 0.99982601 0.99981493 0.99977714 0.99975485 0.99974316]
2018-11-01 16:34:33,599:INFO: Thresholds lenght = 
31484
2018-11-01 16:34:33,600:INFO: fpr lenght31484
2018-11-01 16:34:33,600:INFO: tpr lenght31484
2018-11-01 16:34:33,719:INFO: ------------------------------------------------------------------------------------------------------------------------
2018-11-01 16:34:33,727:INFO: roc_auc=0.9836982850925714
2018-11-01 16:34:33,727:INFO: ------------------------------------------------------------------------------------------------------------------------
2018-11-01 16:34:33,728:INFO: - Eval metrics : accuracy: 0.93619 ; loss: 0.15957
