2018-10-21 13:33:54,465:INFO: Loading the dataset ...
2018-10-21 13:33:54,836:INFO: - done.
2018-10-21 13:33:59,254:INFO: Starting evaluation
2018-10-21 13:34:08,802:INFO: Labels=[0. 0. 1. 0. 0. 0. 0. 1. 0. 1.]
2018-10-21 13:34:08,802:INFO: Out prob=[0.20629147 0.27756801 0.21385086 0.21119872 0.73048681 0.02292001
 0.08242904 0.73048681 0.73048681 0.73048681]
2018-10-21 13:34:08,802:INFO: ------------------------------------------------------------------------------------------------------------------------
2018-10-21 13:34:08,802:INFO: len labels after =16000
2018-10-21 13:34:08,802:INFO: len out_prob after16000
2018-10-21 13:34:08,803:INFO: length y_test=16000
2018-10-21 13:34:08,803:INFO: Lenght y_score=16000
2018-10-21 13:34:08,806:INFO: Length y_score 16000
2018-10-21 13:34:08,806:INFO: Length y_test 16000
2018-10-21 13:34:08,806:INFO: Thresholds[0:6] = 
 [1.81494713 0.81494713 0.7919392  0.757375   0.73048681 0.72518849]
2018-10-21 13:34:08,806:INFO: Thresholds lenght = 
7115
2018-10-21 13:34:08,806:INFO: fpr lenght7115
2018-10-21 13:34:08,806:INFO: tpr lenght7115
2018-10-21 13:34:08,832:INFO: ------------------------------------------------------------------------------------------------------------------------
2018-10-21 13:34:08,835:INFO: roc_auc=0.8173110283954848
2018-10-21 13:34:08,835:INFO: ------------------------------------------------------------------------------------------------------------------------
2018-10-21 13:34:08,835:INFO: - Eval metrics : accuracy: 0.782 ; loss: 0.490
