2018-10-21 12:58:35,974:INFO: sample_name=top_qcd_jets_antikt_kt__40000_Njets_128_batch
2018-10-21 12:58:35,975:INFO: ------------------------------------------------------------
2018-10-21 12:58:35,976:INFO: Loading the datasets...
2018-10-21 12:58:37,442:INFO: - done loading the datasets
2018-10-21 12:58:37,443:INFO: ------------------------------------------------------------
2018-10-21 12:58:41,367:INFO: Building optimizer...
2018-10-21 12:58:41,368:INFO: Starting training for 30 epoch(s)
2018-10-21 12:58:41,368:INFO: Epoch 1/30
2018-10-21 12:59:45,623:INFO: - Train metrics: accuracy: 0.534 ; loss: 0.761
2018-10-21 12:59:53,282:INFO: - Eval metrics : accuracy: 0.500 ; loss: 0.694
2018-10-21 12:59:53,357:INFO: - Found new best accuracy
2018-10-21 12:59:53,357:INFO: Epoch 2/30
2018-10-21 13:00:56,428:INFO: - Train metrics: accuracy: 0.539 ; loss: 0.688
2018-10-21 13:01:03,910:INFO: - Eval metrics : accuracy: 0.502 ; loss: 0.700
2018-10-21 13:01:03,950:INFO: - Found new best accuracy
2018-10-21 13:01:03,951:INFO: Epoch 3/30
2018-10-21 13:02:07,492:INFO: - Train metrics: accuracy: 0.516 ; loss: 0.698
2018-10-21 13:02:14,861:INFO: - Eval metrics : accuracy: 0.500 ; loss: 0.693
2018-10-21 13:02:14,904:INFO: Epoch 4/30
2018-10-21 13:03:19,279:INFO: - Train metrics: accuracy: 0.534 ; loss: 0.688
2018-10-21 13:03:26,812:INFO: - Eval metrics : accuracy: 0.501 ; loss: 0.693
2018-10-21 13:03:26,860:INFO: Epoch 5/30
2018-10-21 13:04:31,146:INFO: - Train metrics: accuracy: 0.521 ; loss: 0.688
2018-10-21 13:04:38,575:INFO: - Eval metrics : accuracy: 0.500 ; loss: 0.693
2018-10-21 13:04:38,618:INFO: Epoch 6/30
2018-10-21 13:05:43,004:INFO: - Train metrics: accuracy: 0.529 ; loss: 0.689
2018-10-21 13:05:50,368:INFO: - Eval metrics : accuracy: 0.507 ; loss: 0.694
2018-10-21 13:05:50,403:INFO: - Found new best accuracy
2018-10-21 13:05:50,403:INFO: Epoch 7/30
2018-10-21 13:06:54,681:INFO: - Train metrics: accuracy: 0.539 ; loss: 0.687
2018-10-21 13:07:02,249:INFO: - Eval metrics : accuracy: 0.538 ; loss: 0.686
2018-10-21 13:07:02,277:INFO: - Found new best accuracy
2018-10-21 13:07:02,277:INFO: Epoch 8/30
2018-10-21 13:08:06,708:INFO: - Train metrics: accuracy: 0.682 ; loss: 0.584
2018-10-21 13:08:14,387:INFO: - Eval metrics : accuracy: 0.779 ; loss: 0.512
2018-10-21 13:08:14,431:INFO: - Found new best accuracy
2018-10-21 13:08:14,431:INFO: Epoch 9/30
2018-10-21 13:09:18,966:INFO: - Train metrics: accuracy: 0.724 ; loss: 0.572
2018-10-21 13:09:27,035:INFO: - Eval metrics : accuracy: 0.772 ; loss: 0.528
2018-10-21 13:09:27,078:INFO: Epoch 10/30
2018-10-21 13:10:30,271:INFO: - Train metrics: accuracy: 0.797 ; loss: 0.496
2018-10-21 13:10:37,543:INFO: - Eval metrics : accuracy: 0.760 ; loss: 0.509
2018-10-21 13:10:37,584:INFO: Epoch 11/30
2018-10-21 13:11:39,978:INFO: - Train metrics: accuracy: 0.799 ; loss: 0.484
2018-10-21 13:11:47,368:INFO: - Eval metrics : accuracy: 0.777 ; loss: 0.489
2018-10-21 13:11:47,408:INFO: Epoch 12/30
2018-10-21 13:12:50,585:INFO: - Train metrics: accuracy: 0.815 ; loss: 0.451
2018-10-21 13:12:58,133:INFO: - Eval metrics : accuracy: 0.751 ; loss: 0.522
2018-10-21 13:12:58,167:INFO: Epoch 13/30
2018-10-21 13:14:01,080:INFO: - Train metrics: accuracy: 0.799 ; loss: 0.475
2018-10-21 13:14:08,421:INFO: - Eval metrics : accuracy: 0.766 ; loss: 0.503
2018-10-21 13:14:08,459:INFO: Epoch 14/30
2018-10-21 13:15:11,665:INFO: - Train metrics: accuracy: 0.799 ; loss: 0.464
2018-10-21 13:15:19,204:INFO: - Eval metrics : accuracy: 0.771 ; loss: 0.497
2018-10-21 13:15:19,241:INFO: Epoch 15/30
2018-10-21 13:16:22,324:INFO: - Train metrics: accuracy: 0.802 ; loss: 0.464
2018-10-21 13:16:29,915:INFO: - Eval metrics : accuracy: 0.761 ; loss: 0.498
2018-10-21 13:16:29,953:INFO: Epoch 16/30
2018-10-21 13:17:33,254:INFO: - Train metrics: accuracy: 0.794 ; loss: 0.479
2018-10-21 13:17:40,584:INFO: - Eval metrics : accuracy: 0.772 ; loss: 0.490
2018-10-21 13:17:40,621:INFO: Epoch 17/30
2018-10-21 13:18:43,510:INFO: - Train metrics: accuracy: 0.802 ; loss: 0.470
2018-10-21 13:18:51,020:INFO: - Eval metrics : accuracy: 0.773 ; loss: 0.487
2018-10-21 13:18:51,061:INFO: Epoch 18/30
2018-10-21 13:19:53,529:INFO: - Train metrics: accuracy: 0.799 ; loss: 0.460
2018-10-21 13:20:01,179:INFO: - Eval metrics : accuracy: 0.781 ; loss: 0.489
2018-10-21 13:20:01,222:INFO: - Found new best accuracy
2018-10-21 13:20:01,222:INFO: Epoch 19/30
2018-10-21 13:21:03,711:INFO: - Train metrics: accuracy: 0.797 ; loss: 0.466
2018-10-21 13:21:11,257:INFO: - Eval metrics : accuracy: 0.769 ; loss: 0.528
2018-10-21 13:21:11,291:INFO: Epoch 20/30
2018-10-21 13:22:13,692:INFO: - Train metrics: accuracy: 0.797 ; loss: 0.482
2018-10-21 13:22:21,489:INFO: - Eval metrics : accuracy: 0.777 ; loss: 0.489
2018-10-21 13:22:21,528:INFO: Epoch 21/30
2018-10-21 13:23:23,998:INFO: - Train metrics: accuracy: 0.799 ; loss: 0.462
2018-10-21 13:23:31,814:INFO: - Eval metrics : accuracy: 0.776 ; loss: 0.482
2018-10-21 13:23:31,855:INFO: Epoch 22/30
2018-10-21 13:24:34,031:INFO: - Train metrics: accuracy: 0.794 ; loss: 0.460
2018-10-21 13:24:41,594:INFO: - Eval metrics : accuracy: 0.776 ; loss: 0.480
2018-10-21 13:24:41,634:INFO: Epoch 23/30
2018-10-21 13:25:44,428:INFO: - Train metrics: accuracy: 0.789 ; loss: 0.475
2018-10-21 13:25:51,794:INFO: - Eval metrics : accuracy: 0.770 ; loss: 0.488
2018-10-21 13:25:51,827:INFO: Epoch 24/30
2018-10-21 13:26:54,442:INFO: - Train metrics: accuracy: 0.784 ; loss: 0.488
2018-10-21 13:27:01,795:INFO: - Eval metrics : accuracy: 0.762 ; loss: 0.497
2018-10-21 13:27:01,831:INFO: Epoch 25/30
2018-10-21 13:28:03,265:INFO: - Train metrics: accuracy: 0.776 ; loss: 0.492
2018-10-21 13:28:10,604:INFO: - Eval metrics : accuracy: 0.764 ; loss: 0.490
2018-10-21 13:28:10,641:INFO: Epoch 26/30
2018-10-21 13:29:11,374:INFO: - Train metrics: accuracy: 0.776 ; loss: 0.480
2018-10-21 13:29:18,727:INFO: - Eval metrics : accuracy: 0.758 ; loss: 0.509
2018-10-21 13:29:18,764:INFO: Epoch 27/30
2018-10-21 13:30:19,785:INFO: - Train metrics: accuracy: 0.773 ; loss: 0.497
2018-10-21 13:30:27,138:INFO: - Eval metrics : accuracy: 0.760 ; loss: 0.497
2018-10-21 13:30:27,174:INFO: Epoch 28/30
2018-10-21 13:31:28,049:INFO: - Train metrics: accuracy: 0.766 ; loss: 0.489
2018-10-21 13:31:35,429:INFO: - Eval metrics : accuracy: 0.759 ; loss: 0.496
2018-10-21 13:31:35,432:INFO: Epoch 29/30
2018-10-21 13:32:36,628:INFO: - Train metrics: accuracy: 0.766 ; loss: 0.485
2018-10-21 13:32:44,013:INFO: - Eval metrics : accuracy: 0.760 ; loss: 0.495
2018-10-21 13:32:44,048:INFO: Epoch 30/30
2018-10-21 13:33:45,106:INFO: - Train metrics: accuracy: 0.766 ; loss: 0.484
2018-10-21 13:33:52,477:INFO: - Eval metrics : accuracy: 0.760 ; loss: 0.494
2018-10-21 13:33:52,512:INFO: Total time (minutes) =35.27561870416005
