2018-10-29 17:53:35,341:INFO: search_hyperparam_sample_name=top_qcd_jets_antikt_kt__40000_Njets_512_batch
2018-10-29 17:53:35,342:INFO: ------------------------------------------------------------
2018-10-29 17:53:35,342:INFO: Loading the datasets...
2018-10-29 17:53:36,376:INFO: - done loading the datasets
2018-10-29 17:53:36,376:INFO: ------------------------------------------------------------
2018-10-29 17:53:38,053:INFO: Building optimizer...
2018-10-29 17:53:38,054:INFO: Starting training for 30 epoch(s)
2018-10-29 17:53:38,054:INFO: Epoch 1/30
2018-10-29 17:53:42,517:INFO: - Train metrics: accuracy: 0.535 ; loss: 1.852
2018-10-29 17:53:43,362:INFO: - Eval metrics : accuracy: 0.753 ; loss: 0.505
2018-10-29 17:53:43,370:INFO: - Found new best accuracy
2018-10-29 17:53:43,370:INFO: Epoch 2/30
2018-10-29 17:53:47,923:INFO: - Train metrics: accuracy: 0.762 ; loss: 0.495
2018-10-29 17:53:48,851:INFO: - Eval metrics : accuracy: 0.765 ; loss: 0.487
2018-10-29 17:53:48,889:INFO: - Found new best accuracy
2018-10-29 17:53:48,890:INFO: Epoch 3/30
2018-10-29 17:53:53,115:INFO: - Train metrics: accuracy: 0.768 ; loss: 0.476
2018-10-29 17:53:54,257:INFO: - Eval metrics : accuracy: 0.771 ; loss: 0.467
2018-10-29 17:53:54,260:INFO: - Found new best accuracy
2018-10-29 17:53:54,261:INFO: Epoch 4/30
2018-10-29 17:53:58,431:INFO: - Train metrics: accuracy: 0.756 ; loss: 0.461
2018-10-29 17:53:59,436:INFO: - Eval metrics : accuracy: 0.776 ; loss: 0.459
2018-10-29 17:53:59,475:INFO: - Found new best accuracy
2018-10-29 17:53:59,476:INFO: Epoch 5/30
2018-10-29 17:54:03,454:INFO: - Train metrics: accuracy: 0.771 ; loss: 0.447
2018-10-29 17:54:04,393:INFO: - Eval metrics : accuracy: 0.780 ; loss: 0.456
2018-10-29 17:54:04,438:INFO: - Found new best accuracy
2018-10-29 17:54:04,438:INFO: Epoch 6/30
2018-10-29 17:54:08,500:INFO: - Train metrics: accuracy: 0.777 ; loss: 0.447
2018-10-29 17:54:09,456:INFO: - Eval metrics : accuracy: 0.784 ; loss: 0.450
2018-10-29 17:54:09,489:INFO: - Found new best accuracy
2018-10-29 17:54:09,490:INFO: Epoch 7/30
2018-10-29 17:54:13,552:INFO: - Train metrics: accuracy: 0.789 ; loss: 0.438
2018-10-29 17:54:14,334:INFO: - Eval metrics : accuracy: 0.778 ; loss: 0.457
2018-10-29 17:54:14,369:INFO: Epoch 8/30
2018-10-29 17:54:18,195:INFO: - Train metrics: accuracy: 0.785 ; loss: 0.448
2018-10-29 17:54:19,285:INFO: - Eval metrics : accuracy: 0.784 ; loss: 0.449
2018-10-29 17:54:19,324:INFO: - Found new best accuracy
2018-10-29 17:54:19,325:INFO: Epoch 9/30
2018-10-29 17:54:23,424:INFO: - Train metrics: accuracy: 0.789 ; loss: 0.438
2018-10-29 17:54:24,266:INFO: - Eval metrics : accuracy: 0.788 ; loss: 0.444
2018-10-29 17:54:24,305:INFO: - Found new best accuracy
2018-10-29 17:54:24,305:INFO: Epoch 10/30
2018-10-29 17:54:28,484:INFO: - Train metrics: accuracy: 0.791 ; loss: 0.430
2018-10-29 17:54:29,292:INFO: - Eval metrics : accuracy: 0.787 ; loss: 0.443
2018-10-29 17:54:29,326:INFO: Epoch 11/30
2018-10-29 17:54:33,280:INFO: - Train metrics: accuracy: 0.787 ; loss: 0.430
2018-10-29 17:54:34,307:INFO: - Eval metrics : accuracy: 0.787 ; loss: 0.442
2018-10-29 17:54:34,345:INFO: Epoch 12/30
2018-10-29 17:54:38,312:INFO: - Train metrics: accuracy: 0.791 ; loss: 0.428
2018-10-29 17:54:39,168:INFO: - Eval metrics : accuracy: 0.788 ; loss: 0.441
2018-10-29 17:54:39,208:INFO: - Found new best accuracy
2018-10-29 17:54:39,209:INFO: Epoch 13/30
2018-10-29 17:54:43,170:INFO: - Train metrics: accuracy: 0.783 ; loss: 0.425
2018-10-29 17:54:44,162:INFO: - Eval metrics : accuracy: 0.788 ; loss: 0.441
2018-10-29 17:54:44,197:INFO: Epoch 14/30
2018-10-29 17:54:48,352:INFO: - Train metrics: accuracy: 0.787 ; loss: 0.424
2018-10-29 17:54:49,173:INFO: - Eval metrics : accuracy: 0.789 ; loss: 0.441
2018-10-29 17:54:49,214:INFO: - Found new best accuracy
2018-10-29 17:54:49,215:INFO: Epoch 15/30
2018-10-29 17:54:53,156:INFO: - Train metrics: accuracy: 0.787 ; loss: 0.423
2018-10-29 17:54:53,928:INFO: - Eval metrics : accuracy: 0.789 ; loss: 0.441
2018-10-29 17:54:53,970:INFO: - Found new best accuracy
2018-10-29 17:54:53,970:INFO: Epoch 16/30
2018-10-29 17:54:57,756:INFO: - Train metrics: accuracy: 0.787 ; loss: 0.423
2018-10-29 17:54:58,868:INFO: - Eval metrics : accuracy: 0.789 ; loss: 0.440
2018-10-29 17:54:58,904:INFO: - Found new best accuracy
2018-10-29 17:54:58,905:INFO: Epoch 17/30
2018-10-29 17:55:02,891:INFO: - Train metrics: accuracy: 0.789 ; loss: 0.423
2018-10-29 17:55:03,652:INFO: - Eval metrics : accuracy: 0.789 ; loss: 0.440
2018-10-29 17:55:03,688:INFO: - Found new best accuracy
2018-10-29 17:55:03,689:INFO: Epoch 18/30
2018-10-29 17:55:07,670:INFO: - Train metrics: accuracy: 0.789 ; loss: 0.423
2018-10-29 17:55:08,522:INFO: - Eval metrics : accuracy: 0.789 ; loss: 0.440
2018-10-29 17:55:08,560:INFO: - Found new best accuracy
2018-10-29 17:55:08,561:INFO: Epoch 19/30
2018-10-29 17:55:12,806:INFO: - Train metrics: accuracy: 0.789 ; loss: 0.423
2018-10-29 17:55:13,680:INFO: - Eval metrics : accuracy: 0.789 ; loss: 0.440
2018-10-29 17:55:13,716:INFO: Epoch 20/30
2018-10-29 17:55:17,690:INFO: - Train metrics: accuracy: 0.791 ; loss: 0.423
2018-10-29 17:55:18,703:INFO: - Eval metrics : accuracy: 0.789 ; loss: 0.440
2018-10-29 17:55:18,737:INFO: Epoch 21/30
2018-10-29 17:55:23,001:INFO: - Train metrics: accuracy: 0.789 ; loss: 0.422
2018-10-29 17:55:24,057:INFO: - Eval metrics : accuracy: 0.789 ; loss: 0.440
2018-10-29 17:55:24,109:INFO: Epoch 22/30
2018-10-29 17:55:28,250:INFO: - Train metrics: accuracy: 0.789 ; loss: 0.422
2018-10-29 17:55:29,165:INFO: - Eval metrics : accuracy: 0.789 ; loss: 0.440
2018-10-29 17:55:29,202:INFO: Epoch 23/30
2018-10-29 17:55:33,172:INFO: - Train metrics: accuracy: 0.789 ; loss: 0.422
2018-10-29 17:55:33,986:INFO: - Eval metrics : accuracy: 0.789 ; loss: 0.440
2018-10-29 17:55:34,028:INFO: Epoch 24/30
2018-10-29 17:55:38,081:INFO: - Train metrics: accuracy: 0.789 ; loss: 0.422
2018-10-29 17:55:38,909:INFO: - Eval metrics : accuracy: 0.789 ; loss: 0.440
2018-10-29 17:55:38,947:INFO: Epoch 25/30
2018-10-29 17:55:43,018:INFO: - Train metrics: accuracy: 0.789 ; loss: 0.422
2018-10-29 17:55:43,853:INFO: - Eval metrics : accuracy: 0.789 ; loss: 0.440
2018-10-29 17:55:43,888:INFO: Epoch 26/30
2018-10-29 17:55:47,917:INFO: - Train metrics: accuracy: 0.789 ; loss: 0.422
2018-10-29 17:55:48,710:INFO: - Eval metrics : accuracy: 0.789 ; loss: 0.440
2018-10-29 17:55:48,713:INFO: Epoch 27/30
2018-10-29 17:55:52,486:INFO: - Train metrics: accuracy: 0.789 ; loss: 0.422
2018-10-29 17:55:53,345:INFO: - Eval metrics : accuracy: 0.789 ; loss: 0.440
2018-10-29 17:55:53,383:INFO: Epoch 28/30
2018-10-29 17:55:57,766:INFO: - Train metrics: accuracy: 0.789 ; loss: 0.422
2018-10-29 17:55:58,559:INFO: - Eval metrics : accuracy: 0.789 ; loss: 0.440
2018-10-29 17:55:58,596:INFO: Epoch 29/30
2018-10-29 17:56:02,384:INFO: - Train metrics: accuracy: 0.789 ; loss: 0.422
2018-10-29 17:56:03,223:INFO: - Eval metrics : accuracy: 0.789 ; loss: 0.440
2018-10-29 17:56:03,257:INFO: Epoch 30/30
2018-10-29 17:56:07,024:INFO: - Train metrics: accuracy: 0.789 ; loss: 0.422
2018-10-29 17:56:07,807:INFO: - Eval metrics : accuracy: 0.789 ; loss: 0.440
2018-10-29 17:56:07,865:INFO: Total time (minutes) =2.5420726855595905
