2018-10-20 21:53:15,732:INFO: Loading the dataset ...
2018-10-20 21:53:16,158:INFO: - done.
2018-10-20 21:53:20,101:INFO: Starting evaluation
2018-10-20 21:53:34,745:INFO: Labels=[0. 0. 1. 0. 0. 0. 0. 1. 0. 1.]
2018-10-20 21:53:34,745:INFO: Out prob=[0.31232443 0.35338131 0.40668631 0.73699892 0.67821902 0.01248547
 0.03069058 0.93242693 0.29233393 0.97612482]
2018-10-20 21:53:34,745:INFO: ------------------------------------------------------------------------------------------------------------------------
2018-10-20 21:53:34,746:INFO: len labels after =16000
2018-10-20 21:53:34,746:INFO: len out_prob after16000
2018-10-20 21:53:34,746:INFO: length y_test=16000
2018-10-20 21:53:34,746:INFO: Lenght y_score=16000
2018-10-20 21:53:34,749:INFO: Length y_score 16000
2018-10-20 21:53:34,749:INFO: Length y_test 16000
2018-10-20 21:53:34,749:INFO: Thresholds[0:6] = 
 [0.99979824 0.99961519 0.99914813 0.99901533 0.99895322 0.99892235]
2018-10-20 21:53:34,749:INFO: Thresholds lenght = 
15992
2018-10-20 21:53:34,750:INFO: fpr lenght15992
2018-10-20 21:53:34,750:INFO: tpr lenght15992
2018-10-20 21:53:34,796:INFO: ------------------------------------------------------------------------------------------------------------------------
2018-10-20 21:53:34,800:INFO: roc_auc=0.8978266702785417
2018-10-20 21:53:34,800:INFO: ------------------------------------------------------------------------------------------------------------------------
2018-10-20 21:53:34,800:INFO: - Eval metrics : accuracy: 0.821 ; loss: 0.401
