2018-10-20 20:45:38,831:INFO: sample_name=top_qcd_jets_antikt_kt__40000_Njets_64_batch
2018-10-20 20:45:38,832:INFO: ------------------------------------------------------------
2018-10-20 20:45:38,832:INFO: Loading the datasets...
2018-10-20 20:45:40,532:INFO: - done loading the datasets
2018-10-20 20:45:40,532:INFO: ------------------------------------------------------------
2018-10-20 20:45:44,938:INFO: Building optimizer...
2018-10-20 20:45:44,939:INFO: Starting training for 30 epoch(s)
2018-10-20 20:45:44,939:INFO: Epoch 1/30
2018-10-20 20:47:44,622:INFO: - Train metrics: accuracy: 0.630 ; loss: 0.635
2018-10-20 20:47:59,793:INFO: - Eval metrics : accuracy: 0.712 ; loss: 0.512
2018-10-20 20:47:59,858:INFO: - Found new best accuracy
2018-10-20 20:47:59,859:INFO: Epoch 2/30
2018-10-20 20:49:59,018:INFO: - Train metrics: accuracy: 0.737 ; loss: 0.529
2018-10-20 20:50:13,234:INFO: - Eval metrics : accuracy: 0.802 ; loss: 0.461
2018-10-20 20:50:13,277:INFO: - Found new best accuracy
2018-10-20 20:50:13,277:INFO: Epoch 3/30
2018-10-20 20:52:13,569:INFO: - Train metrics: accuracy: 0.799 ; loss: 0.413
2018-10-20 20:52:28,480:INFO: - Eval metrics : accuracy: 0.794 ; loss: 0.452
2018-10-20 20:52:28,518:INFO: Epoch 4/30
2018-10-20 20:54:28,938:INFO: - Train metrics: accuracy: 0.792 ; loss: 0.448
2018-10-20 20:54:43,352:INFO: - Eval metrics : accuracy: 0.776 ; loss: 0.456
2018-10-20 20:54:43,385:INFO: Epoch 5/30
2018-10-20 20:56:43,514:INFO: - Train metrics: accuracy: 0.792 ; loss: 0.453
2018-10-20 20:56:58,825:INFO: - Eval metrics : accuracy: 0.793 ; loss: 0.455
2018-10-20 20:56:58,860:INFO: Epoch 6/30
2018-10-20 20:58:58,933:INFO: - Train metrics: accuracy: 0.797 ; loss: 0.436
2018-10-20 20:59:14,439:INFO: - Eval metrics : accuracy: 0.797 ; loss: 0.455
2018-10-20 20:59:14,494:INFO: Epoch 7/30
2018-10-20 21:01:14,336:INFO: - Train metrics: accuracy: 0.807 ; loss: 0.442
2018-10-20 21:01:29,553:INFO: - Eval metrics : accuracy: 0.803 ; loss: 0.433
2018-10-20 21:01:29,594:INFO: - Found new best accuracy
2018-10-20 21:01:29,595:INFO: Epoch 8/30
2018-10-20 21:03:29,664:INFO: - Train metrics: accuracy: 0.794 ; loss: 0.425
2018-10-20 21:03:43,847:INFO: - Eval metrics : accuracy: 0.804 ; loss: 0.431
2018-10-20 21:03:43,886:INFO: - Found new best accuracy
2018-10-20 21:03:43,887:INFO: Epoch 9/30
2018-10-20 21:05:44,123:INFO: - Train metrics: accuracy: 0.807 ; loss: 0.404
2018-10-20 21:05:58,309:INFO: - Eval metrics : accuracy: 0.800 ; loss: 0.444
2018-10-20 21:05:58,350:INFO: Epoch 10/30
2018-10-20 21:07:58,105:INFO: - Train metrics: accuracy: 0.826 ; loss: 0.405
2018-10-20 21:08:12,909:INFO: - Eval metrics : accuracy: 0.809 ; loss: 0.421
2018-10-20 21:08:12,946:INFO: - Found new best accuracy
2018-10-20 21:08:12,947:INFO: Epoch 11/30
2018-10-20 21:10:13,248:INFO: - Train metrics: accuracy: 0.802 ; loss: 0.403
2018-10-20 21:10:27,514:INFO: - Eval metrics : accuracy: 0.812 ; loss: 0.416
2018-10-20 21:10:27,555:INFO: - Found new best accuracy
2018-10-20 21:10:27,555:INFO: Epoch 12/30
2018-10-20 21:12:27,214:INFO: - Train metrics: accuracy: 0.831 ; loss: 0.389
2018-10-20 21:12:41,377:INFO: - Eval metrics : accuracy: 0.814 ; loss: 0.410
2018-10-20 21:12:41,414:INFO: - Found new best accuracy
2018-10-20 21:12:41,415:INFO: Epoch 13/30
2018-10-20 21:14:40,962:INFO: - Train metrics: accuracy: 0.826 ; loss: 0.385
2018-10-20 21:14:55,125:INFO: - Eval metrics : accuracy: 0.814 ; loss: 0.412
2018-10-20 21:14:55,165:INFO: - Found new best accuracy
2018-10-20 21:14:55,165:INFO: Epoch 14/30
2018-10-20 21:16:55,288:INFO: - Train metrics: accuracy: 0.810 ; loss: 0.390
2018-10-20 21:17:09,464:INFO: - Eval metrics : accuracy: 0.814 ; loss: 0.406
2018-10-20 21:17:09,507:INFO: Epoch 15/30
2018-10-20 21:19:08,985:INFO: - Train metrics: accuracy: 0.839 ; loss: 0.387
2018-10-20 21:19:23,252:INFO: - Eval metrics : accuracy: 0.816 ; loss: 0.403
2018-10-20 21:19:23,288:INFO: - Found new best accuracy
2018-10-20 21:19:23,289:INFO: Epoch 16/30
2018-10-20 21:21:23,536:INFO: - Train metrics: accuracy: 0.826 ; loss: 0.382
2018-10-20 21:21:37,598:INFO: - Eval metrics : accuracy: 0.816 ; loss: 0.401
2018-10-20 21:21:37,634:INFO: - Found new best accuracy
2018-10-20 21:21:37,634:INFO: Epoch 17/30
2018-10-20 21:23:36,861:INFO: - Train metrics: accuracy: 0.823 ; loss: 0.386
2018-10-20 21:23:50,966:INFO: - Eval metrics : accuracy: 0.816 ; loss: 0.400
2018-10-20 21:23:50,994:INFO: Epoch 18/30
2018-10-20 21:25:50,594:INFO: - Train metrics: accuracy: 0.823 ; loss: 0.383
2018-10-20 21:26:04,704:INFO: - Eval metrics : accuracy: 0.816 ; loss: 0.400
2018-10-20 21:26:04,745:INFO: - Found new best accuracy
2018-10-20 21:26:04,746:INFO: Epoch 19/30
2018-10-20 21:28:04,588:INFO: - Train metrics: accuracy: 0.828 ; loss: 0.385
2018-10-20 21:28:18,666:INFO: - Eval metrics : accuracy: 0.817 ; loss: 0.400
2018-10-20 21:28:18,696:INFO: - Found new best accuracy
2018-10-20 21:28:18,696:INFO: Epoch 20/30
2018-10-20 21:30:18,713:INFO: - Train metrics: accuracy: 0.828 ; loss: 0.383
2018-10-20 21:30:33,019:INFO: - Eval metrics : accuracy: 0.817 ; loss: 0.398
2018-10-20 21:30:33,055:INFO: Epoch 21/30
2018-10-20 21:32:32,205:INFO: - Train metrics: accuracy: 0.826 ; loss: 0.381
2018-10-20 21:32:46,530:INFO: - Eval metrics : accuracy: 0.817 ; loss: 0.398
2018-10-20 21:32:46,565:INFO: Epoch 22/30
2018-10-20 21:34:46,594:INFO: - Train metrics: accuracy: 0.826 ; loss: 0.382
2018-10-20 21:35:00,662:INFO: - Eval metrics : accuracy: 0.817 ; loss: 0.398
2018-10-20 21:35:00,699:INFO: - Found new best accuracy
2018-10-20 21:35:00,699:INFO: Epoch 23/30
2018-10-20 21:37:00,890:INFO: - Train metrics: accuracy: 0.823 ; loss: 0.381
2018-10-20 21:37:14,941:INFO: - Eval metrics : accuracy: 0.818 ; loss: 0.397
2018-10-20 21:37:14,974:INFO: - Found new best accuracy
2018-10-20 21:37:14,975:INFO: Epoch 24/30
2018-10-20 21:39:14,590:INFO: - Train metrics: accuracy: 0.820 ; loss: 0.380
2018-10-20 21:39:30,883:INFO: - Eval metrics : accuracy: 0.817 ; loss: 0.397
2018-10-20 21:39:30,924:INFO: Epoch 25/30
2018-10-20 21:41:31,253:INFO: - Train metrics: accuracy: 0.818 ; loss: 0.380
2018-10-20 21:41:48,651:INFO: - Eval metrics : accuracy: 0.817 ; loss: 0.397
2018-10-20 21:41:48,689:INFO: Epoch 26/30
2018-10-20 21:43:48,441:INFO: - Train metrics: accuracy: 0.818 ; loss: 0.381
2018-10-20 21:44:06,295:INFO: - Eval metrics : accuracy: 0.817 ; loss: 0.397
2018-10-20 21:44:06,330:INFO: Epoch 27/30
2018-10-20 21:46:06,711:INFO: - Train metrics: accuracy: 0.818 ; loss: 0.381
2018-10-20 21:46:23,147:INFO: - Eval metrics : accuracy: 0.817 ; loss: 0.397
2018-10-20 21:46:23,154:INFO: Epoch 28/30
2018-10-20 21:48:23,209:INFO: - Train metrics: accuracy: 0.820 ; loss: 0.380
2018-10-20 21:48:38,739:INFO: - Eval metrics : accuracy: 0.817 ; loss: 0.397
2018-10-20 21:48:38,779:INFO: Epoch 29/30
2018-10-20 21:50:39,245:INFO: - Train metrics: accuracy: 0.818 ; loss: 0.380
2018-10-20 21:50:57,543:INFO: - Eval metrics : accuracy: 0.817 ; loss: 0.397
2018-10-20 21:50:57,584:INFO: Epoch 30/30
2018-10-20 21:52:57,739:INFO: - Train metrics: accuracy: 0.820 ; loss: 0.380
2018-10-20 21:53:13,487:INFO: - Eval metrics : accuracy: 0.817 ; loss: 0.397
2018-10-20 21:53:13,527:INFO: Total time (minutes) =67.57825968265533
