2018-10-29 19:17:24,998:INFO: search_hyperparam_sample_name=top_qcd_jets_antikt_kt__160000_Njets_64_batch
2018-10-29 19:17:25,000:INFO: Number of jet files for ttbar=200
2018-10-29 19:17:25,000:INFO: Loading ttbar jet files... 
2018-10-29 19:17:25,001:INFO: ttbar files list = ['tree_httv2_ttbar_DelphesPythia8_nompi_0.dat', 'tree_httv2_ttbar_DelphesPythia8_nompi_1.dat', 'tree_httv2_ttbar_DelphesPythia8_nompi_10.dat', 'tree_httv2_ttbar_DelphesPythia8_nompi_100.dat', 'tree_httv2_ttbar_DelphesPythia8_nompi_101.dat', 'tree_httv2_ttbar_DelphesPythia8_nompi_102.dat', 'tree_httv2_ttbar_DelphesPythia8_nompi_103.dat', 'tree_httv2_ttbar_DelphesPythia8_nompi_104.dat', 'tree_httv2_ttbar_DelphesPythia8_nompi_105.dat', 'tree_httv2_ttbar_DelphesPythia8_nompi_106.dat', 'tree_httv2_ttbar_DelphesPythia8_nompi_107.dat', 'tree_httv2_ttbar_DelphesPythia8_nompi_108.dat', 'tree_httv2_ttbar_DelphesPythia8_nompi_109.dat', 'tree_httv2_ttbar_DelphesPythia8_nompi_11.dat', 'tree_httv2_ttbar_DelphesPythia8_nompi_110.dat', 'tree_httv2_ttbar_DelphesPythia8_nompi_111.dat', 'tree_httv2_ttbar_DelphesPythia8_nompi_112.dat', 'tree_httv2_ttbar_DelphesPythia8_nompi_113.dat', 'tree_httv2_ttbar_DelphesPythia8_nompi_114.dat', 'tree_httv2_ttbar_DelphesPythia8_nompi_115.dat', 'tree_httv2_ttbar_DelphesPythia8_nompi_116.dat', 'tree_httv2_ttbar_DelphesPythia8_nompi_117.dat', 'tree_httv2_ttbar_DelphesPythia8_nompi_118.dat', 'tree_httv2_ttbar_DelphesPythia8_nompi_119.dat', 'tree_httv2_ttbar_DelphesPythia8_nompi_12.dat', 'tree_httv2_ttbar_DelphesPythia8_nompi_120.dat', 'tree_httv2_ttbar_DelphesPythia8_nompi_121.dat', 'tree_httv2_ttbar_DelphesPythia8_nompi_122.dat', 'tree_httv2_ttbar_DelphesPythia8_nompi_123.dat', 'tree_httv2_ttbar_DelphesPythia8_nompi_124.dat', 'tree_httv2_ttbar_DelphesPythia8_nompi_125.dat', 'tree_httv2_ttbar_DelphesPythia8_nompi_126.dat', 'tree_httv2_ttbar_DelphesPythia8_nompi_127.dat', 'tree_httv2_ttbar_DelphesPythia8_nompi_128.dat', 'tree_httv2_ttbar_DelphesPythia8_nompi_129.dat', 'tree_httv2_ttbar_DelphesPythia8_nompi_13.dat', 'tree_httv2_ttbar_DelphesPythia8_nompi_130.dat', 'tree_httv2_ttbar_DelphesPythia8_nompi_131.dat', 'tree_httv2_ttbar_DelphesPythia8_nompi_132.dat', 'tree_httv2_ttbar_DelphesPythia8_nompi_133.dat', 'tree_httv2_ttbar_DelphesPythia8_nompi_134.dat', 'tree_httv2_ttbar_DelphesPythia8_nompi_135.dat', 'tree_httv2_ttbar_DelphesPythia8_nompi_136.dat', 'tree_httv2_ttbar_DelphesPythia8_nompi_137.dat', 'tree_httv2_ttbar_DelphesPythia8_nompi_138.dat', 'tree_httv2_ttbar_DelphesPythia8_nompi_139.dat', 'tree_httv2_ttbar_DelphesPythia8_nompi_14.dat', 'tree_httv2_ttbar_DelphesPythia8_nompi_140.dat', 'tree_httv2_ttbar_DelphesPythia8_nompi_141.dat', 'tree_httv2_ttbar_DelphesPythia8_nompi_142.dat', 'tree_httv2_ttbar_DelphesPythia8_nompi_143.dat', 'tree_httv2_ttbar_DelphesPythia8_nompi_144.dat', 'tree_httv2_ttbar_DelphesPythia8_nompi_145.dat', 'tree_httv2_ttbar_DelphesPythia8_nompi_146.dat', 'tree_httv2_ttbar_DelphesPythia8_nompi_147.dat', 'tree_httv2_ttbar_DelphesPythia8_nompi_148.dat', 'tree_httv2_ttbar_DelphesPythia8_nompi_149.dat', 'tree_httv2_ttbar_DelphesPythia8_nompi_15.dat', 'tree_httv2_ttbar_DelphesPythia8_nompi_150.dat', 'tree_httv2_ttbar_DelphesPythia8_nompi_151.dat', 'tree_httv2_ttbar_DelphesPythia8_nompi_152.dat', 'tree_httv2_ttbar_DelphesPythia8_nompi_153.dat', 'tree_httv2_ttbar_DelphesPythia8_nompi_154.dat', 'tree_httv2_ttbar_DelphesPythia8_nompi_155.dat', 'tree_httv2_ttbar_DelphesPythia8_nompi_156.dat', 'tree_httv2_ttbar_DelphesPythia8_nompi_157.dat', 'tree_httv2_ttbar_DelphesPythia8_nompi_158.dat', 'tree_httv2_ttbar_DelphesPythia8_nompi_159.dat', 'tree_httv2_ttbar_DelphesPythia8_nompi_16.dat', 'tree_httv2_ttbar_DelphesPythia8_nompi_160.dat', 'tree_httv2_ttbar_DelphesPythia8_nompi_161.dat', 'tree_httv2_ttbar_DelphesPythia8_nompi_162.dat', 'tree_httv2_ttbar_DelphesPythia8_nompi_163.dat', 'tree_httv2_ttbar_DelphesPythia8_nompi_164.dat', 'tree_httv2_ttbar_DelphesPythia8_nompi_165.dat', 'tree_httv2_ttbar_DelphesPythia8_nompi_166.dat', 'tree_httv2_ttbar_DelphesPythia8_nompi_167.dat', 'tree_httv2_ttbar_DelphesPythia8_nompi_168.dat', 'tree_httv2_ttbar_DelphesPythia8_nompi_169.dat', 'tree_httv2_ttbar_DelphesPythia8_nompi_17.dat', 'tree_httv2_ttbar_DelphesPythia8_nompi_170.dat', 'tree_httv2_ttbar_DelphesPythia8_nompi_171.dat', 'tree_httv2_ttbar_DelphesPythia8_nompi_172.dat', 'tree_httv2_ttbar_DelphesPythia8_nompi_173.dat', 'tree_httv2_ttbar_DelphesPythia8_nompi_174.dat', 'tree_httv2_ttbar_DelphesPythia8_nompi_175.dat', 'tree_httv2_ttbar_DelphesPythia8_nompi_176.dat', 'tree_httv2_ttbar_DelphesPythia8_nompi_177.dat', 'tree_httv2_ttbar_DelphesPythia8_nompi_178.dat', 'tree_httv2_ttbar_DelphesPythia8_nompi_179.dat', 'tree_httv2_ttbar_DelphesPythia8_nompi_18.dat', 'tree_httv2_ttbar_DelphesPythia8_nompi_180.dat', 'tree_httv2_ttbar_DelphesPythia8_nompi_181.dat', 'tree_httv2_ttbar_DelphesPythia8_nompi_182.dat', 'tree_httv2_ttbar_DelphesPythia8_nompi_183.dat', 'tree_httv2_ttbar_DelphesPythia8_nompi_184.dat', 'tree_httv2_ttbar_DelphesPythia8_nompi_185.dat', 'tree_httv2_ttbar_DelphesPythia8_nompi_186.dat', 'tree_httv2_ttbar_DelphesPythia8_nompi_187.dat', 'tree_httv2_ttbar_DelphesPythia8_nompi_188.dat', 'tree_httv2_ttbar_DelphesPythia8_nompi_189.dat', 'tree_httv2_ttbar_DelphesPythia8_nompi_19.dat', 'tree_httv2_ttbar_DelphesPythia8_nompi_190.dat', 'tree_httv2_ttbar_DelphesPythia8_nompi_191.dat', 'tree_httv2_ttbar_DelphesPythia8_nompi_192.dat', 'tree_httv2_ttbar_DelphesPythia8_nompi_193.dat', 'tree_httv2_ttbar_DelphesPythia8_nompi_194.dat', 'tree_httv2_ttbar_DelphesPythia8_nompi_195.dat', 'tree_httv2_ttbar_DelphesPythia8_nompi_196.dat', 'tree_httv2_ttbar_DelphesPythia8_nompi_197.dat', 'tree_httv2_ttbar_DelphesPythia8_nompi_198.dat', 'tree_httv2_ttbar_DelphesPythia8_nompi_199.dat', 'tree_httv2_ttbar_DelphesPythia8_nompi_2.dat', 'tree_httv2_ttbar_DelphesPythia8_nompi_20.dat', 'tree_httv2_ttbar_DelphesPythia8_nompi_21.dat', 'tree_httv2_ttbar_DelphesPythia8_nompi_22.dat', 'tree_httv2_ttbar_DelphesPythia8_nompi_23.dat', 'tree_httv2_ttbar_DelphesPythia8_nompi_24.dat', 'tree_httv2_ttbar_DelphesPythia8_nompi_25.dat', 'tree_httv2_ttbar_DelphesPythia8_nompi_26.dat', 'tree_httv2_ttbar_DelphesPythia8_nompi_27.dat', 'tree_httv2_ttbar_DelphesPythia8_nompi_28.dat', 'tree_httv2_ttbar_DelphesPythia8_nompi_29.dat', 'tree_httv2_ttbar_DelphesPythia8_nompi_3.dat', 'tree_httv2_ttbar_DelphesPythia8_nompi_30.dat', 'tree_httv2_ttbar_DelphesPythia8_nompi_31.dat', 'tree_httv2_ttbar_DelphesPythia8_nompi_32.dat', 'tree_httv2_ttbar_DelphesPythia8_nompi_33.dat', 'tree_httv2_ttbar_DelphesPythia8_nompi_34.dat', 'tree_httv2_ttbar_DelphesPythia8_nompi_35.dat', 'tree_httv2_ttbar_DelphesPythia8_nompi_36.dat', 'tree_httv2_ttbar_DelphesPythia8_nompi_37.dat', 'tree_httv2_ttbar_DelphesPythia8_nompi_38.dat', 'tree_httv2_ttbar_DelphesPythia8_nompi_39.dat', 'tree_httv2_ttbar_DelphesPythia8_nompi_4.dat', 'tree_httv2_ttbar_DelphesPythia8_nompi_40.dat', 'tree_httv2_ttbar_DelphesPythia8_nompi_41.dat', 'tree_httv2_ttbar_DelphesPythia8_nompi_42.dat', 'tree_httv2_ttbar_DelphesPythia8_nompi_43.dat', 'tree_httv2_ttbar_DelphesPythia8_nompi_44.dat', 'tree_httv2_ttbar_DelphesPythia8_nompi_45.dat', 'tree_httv2_ttbar_DelphesPythia8_nompi_46.dat', 'tree_httv2_ttbar_DelphesPythia8_nompi_47.dat', 'tree_httv2_ttbar_DelphesPythia8_nompi_48.dat', 'tree_httv2_ttbar_DelphesPythia8_nompi_49.dat', 'tree_httv2_ttbar_DelphesPythia8_nompi_5.dat', 'tree_httv2_ttbar_DelphesPythia8_nompi_50.dat', 'tree_httv2_ttbar_DelphesPythia8_nompi_51.dat', 'tree_httv2_ttbar_DelphesPythia8_nompi_52.dat', 'tree_httv2_ttbar_DelphesPythia8_nompi_53.dat', 'tree_httv2_ttbar_DelphesPythia8_nompi_54.dat', 'tree_httv2_ttbar_DelphesPythia8_nompi_55.dat', 'tree_httv2_ttbar_DelphesPythia8_nompi_56.dat', 'tree_httv2_ttbar_DelphesPythia8_nompi_57.dat', 'tree_httv2_ttbar_DelphesPythia8_nompi_58.dat', 'tree_httv2_ttbar_DelphesPythia8_nompi_59.dat', 'tree_httv2_ttbar_DelphesPythia8_nompi_6.dat', 'tree_httv2_ttbar_DelphesPythia8_nompi_60.dat', 'tree_httv2_ttbar_DelphesPythia8_nompi_61.dat', 'tree_httv2_ttbar_DelphesPythia8_nompi_62.dat', 'tree_httv2_ttbar_DelphesPythia8_nompi_63.dat', 'tree_httv2_ttbar_DelphesPythia8_nompi_64.dat', 'tree_httv2_ttbar_DelphesPythia8_nompi_65.dat', 'tree_httv2_ttbar_DelphesPythia8_nompi_66.dat', 'tree_httv2_ttbar_DelphesPythia8_nompi_67.dat', 'tree_httv2_ttbar_DelphesPythia8_nompi_68.dat', 'tree_httv2_ttbar_DelphesPythia8_nompi_69.dat', 'tree_httv2_ttbar_DelphesPythia8_nompi_7.dat', 'tree_httv2_ttbar_DelphesPythia8_nompi_70.dat', 'tree_httv2_ttbar_DelphesPythia8_nompi_71.dat', 'tree_httv2_ttbar_DelphesPythia8_nompi_72.dat', 'tree_httv2_ttbar_DelphesPythia8_nompi_73.dat', 'tree_httv2_ttbar_DelphesPythia8_nompi_74.dat', 'tree_httv2_ttbar_DelphesPythia8_nompi_75.dat', 'tree_httv2_ttbar_DelphesPythia8_nompi_76.dat', 'tree_httv2_ttbar_DelphesPythia8_nompi_77.dat', 'tree_httv2_ttbar_DelphesPythia8_nompi_78.dat', 'tree_httv2_ttbar_DelphesPythia8_nompi_79.dat', 'tree_httv2_ttbar_DelphesPythia8_nompi_8.dat', 'tree_httv2_ttbar_DelphesPythia8_nompi_80.dat', 'tree_httv2_ttbar_DelphesPythia8_nompi_81.dat', 'tree_httv2_ttbar_DelphesPythia8_nompi_82.dat', 'tree_httv2_ttbar_DelphesPythia8_nompi_83.dat', 'tree_httv2_ttbar_DelphesPythia8_nompi_84.dat', 'tree_httv2_ttbar_DelphesPythia8_nompi_85.dat', 'tree_httv2_ttbar_DelphesPythia8_nompi_86.dat', 'tree_httv2_ttbar_DelphesPythia8_nompi_87.dat', 'tree_httv2_ttbar_DelphesPythia8_nompi_88.dat', 'tree_httv2_ttbar_DelphesPythia8_nompi_89.dat', 'tree_httv2_ttbar_DelphesPythia8_nompi_9.dat', 'tree_httv2_ttbar_DelphesPythia8_nompi_90.dat', 'tree_httv2_ttbar_DelphesPythia8_nompi_91.dat', 'tree_httv2_ttbar_DelphesPythia8_nompi_92.dat', 'tree_httv2_ttbar_DelphesPythia8_nompi_93.dat', 'tree_httv2_ttbar_DelphesPythia8_nompi_94.dat', 'tree_httv2_ttbar_DelphesPythia8_nompi_95.dat', 'tree_httv2_ttbar_DelphesPythia8_nompi_96.dat', 'tree_httv2_ttbar_DelphesPythia8_nompi_97.dat', 'tree_httv2_ttbar_DelphesPythia8_nompi_98.dat', 'tree_httv2_ttbar_DelphesPythia8_nompi_99.dat']
2018-10-29 19:17:26,812:INFO: Ntotjets=10000
2018-10-29 19:17:28,435:INFO: Ntotjets=20000
2018-10-29 19:17:30,059:INFO: Ntotjets=30000
2018-10-29 19:17:31,706:INFO: Ntotjets=40000
2018-10-29 19:17:33,348:INFO: Ntotjets=50000
2018-10-29 19:17:34,994:INFO: Ntotjets=60000
2018-10-29 19:17:36,671:INFO: Ntotjets=70000
2018-10-29 19:17:38,303:INFO: Ntotjets=80000
2018-10-29 19:17:40,225:INFO: Ntotjets=90000
2018-10-29 19:17:41,945:INFO: Ntotjets=100000
2018-10-29 19:17:43,649:INFO: Ntotjets=110000
2018-10-29 19:17:45,364:INFO: Ntotjets=120000
2018-10-29 19:17:47,048:INFO: Ntotjets=130000
2018-10-29 19:17:48,758:INFO: Ntotjets=140000
2018-10-29 19:17:50,592:INFO: Ntotjets=150000
2018-10-29 19:17:52,297:INFO: Ntotjets=160000
2018-10-29 19:17:52,298:INFO: Number of jet files for qcd=200
2018-10-29 19:17:52,298:INFO: Loading qcd jet files... 
2018-10-29 19:17:52,298:INFO: qcd files list = ['tree_httv2_qcd_DelphesPythia8_nompi_0.dat', 'tree_httv2_qcd_DelphesPythia8_nompi_1.dat', 'tree_httv2_qcd_DelphesPythia8_nompi_10.dat', 'tree_httv2_qcd_DelphesPythia8_nompi_100.dat', 'tree_httv2_qcd_DelphesPythia8_nompi_101.dat', 'tree_httv2_qcd_DelphesPythia8_nompi_102.dat', 'tree_httv2_qcd_DelphesPythia8_nompi_103.dat', 'tree_httv2_qcd_DelphesPythia8_nompi_104.dat', 'tree_httv2_qcd_DelphesPythia8_nompi_105.dat', 'tree_httv2_qcd_DelphesPythia8_nompi_106.dat', 'tree_httv2_qcd_DelphesPythia8_nompi_107.dat', 'tree_httv2_qcd_DelphesPythia8_nompi_108.dat', 'tree_httv2_qcd_DelphesPythia8_nompi_109.dat', 'tree_httv2_qcd_DelphesPythia8_nompi_11.dat', 'tree_httv2_qcd_DelphesPythia8_nompi_110.dat', 'tree_httv2_qcd_DelphesPythia8_nompi_111.dat', 'tree_httv2_qcd_DelphesPythia8_nompi_112.dat', 'tree_httv2_qcd_DelphesPythia8_nompi_113.dat', 'tree_httv2_qcd_DelphesPythia8_nompi_114.dat', 'tree_httv2_qcd_DelphesPythia8_nompi_115.dat', 'tree_httv2_qcd_DelphesPythia8_nompi_116.dat', 'tree_httv2_qcd_DelphesPythia8_nompi_117.dat', 'tree_httv2_qcd_DelphesPythia8_nompi_118.dat', 'tree_httv2_qcd_DelphesPythia8_nompi_119.dat', 'tree_httv2_qcd_DelphesPythia8_nompi_12.dat', 'tree_httv2_qcd_DelphesPythia8_nompi_120.dat', 'tree_httv2_qcd_DelphesPythia8_nompi_121.dat', 'tree_httv2_qcd_DelphesPythia8_nompi_122.dat', 'tree_httv2_qcd_DelphesPythia8_nompi_123.dat', 'tree_httv2_qcd_DelphesPythia8_nompi_124.dat', 'tree_httv2_qcd_DelphesPythia8_nompi_125.dat', 'tree_httv2_qcd_DelphesPythia8_nompi_126.dat', 'tree_httv2_qcd_DelphesPythia8_nompi_127.dat', 'tree_httv2_qcd_DelphesPythia8_nompi_128.dat', 'tree_httv2_qcd_DelphesPythia8_nompi_129.dat', 'tree_httv2_qcd_DelphesPythia8_nompi_13.dat', 'tree_httv2_qcd_DelphesPythia8_nompi_130.dat', 'tree_httv2_qcd_DelphesPythia8_nompi_131.dat', 'tree_httv2_qcd_DelphesPythia8_nompi_132.dat', 'tree_httv2_qcd_DelphesPythia8_nompi_133.dat', 'tree_httv2_qcd_DelphesPythia8_nompi_134.dat', 'tree_httv2_qcd_DelphesPythia8_nompi_135.dat', 'tree_httv2_qcd_DelphesPythia8_nompi_136.dat', 'tree_httv2_qcd_DelphesPythia8_nompi_137.dat', 'tree_httv2_qcd_DelphesPythia8_nompi_138.dat', 'tree_httv2_qcd_DelphesPythia8_nompi_139.dat', 'tree_httv2_qcd_DelphesPythia8_nompi_14.dat', 'tree_httv2_qcd_DelphesPythia8_nompi_140.dat', 'tree_httv2_qcd_DelphesPythia8_nompi_141.dat', 'tree_httv2_qcd_DelphesPythia8_nompi_142.dat', 'tree_httv2_qcd_DelphesPythia8_nompi_143.dat', 'tree_httv2_qcd_DelphesPythia8_nompi_144.dat', 'tree_httv2_qcd_DelphesPythia8_nompi_145.dat', 'tree_httv2_qcd_DelphesPythia8_nompi_146.dat', 'tree_httv2_qcd_DelphesPythia8_nompi_147.dat', 'tree_httv2_qcd_DelphesPythia8_nompi_148.dat', 'tree_httv2_qcd_DelphesPythia8_nompi_149.dat', 'tree_httv2_qcd_DelphesPythia8_nompi_15.dat', 'tree_httv2_qcd_DelphesPythia8_nompi_150.dat', 'tree_httv2_qcd_DelphesPythia8_nompi_151.dat', 'tree_httv2_qcd_DelphesPythia8_nompi_152.dat', 'tree_httv2_qcd_DelphesPythia8_nompi_153.dat', 'tree_httv2_qcd_DelphesPythia8_nompi_154.dat', 'tree_httv2_qcd_DelphesPythia8_nompi_155.dat', 'tree_httv2_qcd_DelphesPythia8_nompi_156.dat', 'tree_httv2_qcd_DelphesPythia8_nompi_157.dat', 'tree_httv2_qcd_DelphesPythia8_nompi_158.dat', 'tree_httv2_qcd_DelphesPythia8_nompi_159.dat', 'tree_httv2_qcd_DelphesPythia8_nompi_16.dat', 'tree_httv2_qcd_DelphesPythia8_nompi_160.dat', 'tree_httv2_qcd_DelphesPythia8_nompi_161.dat', 'tree_httv2_qcd_DelphesPythia8_nompi_162.dat', 'tree_httv2_qcd_DelphesPythia8_nompi_163.dat', 'tree_httv2_qcd_DelphesPythia8_nompi_164.dat', 'tree_httv2_qcd_DelphesPythia8_nompi_165.dat', 'tree_httv2_qcd_DelphesPythia8_nompi_166.dat', 'tree_httv2_qcd_DelphesPythia8_nompi_167.dat', 'tree_httv2_qcd_DelphesPythia8_nompi_168.dat', 'tree_httv2_qcd_DelphesPythia8_nompi_169.dat', 'tree_httv2_qcd_DelphesPythia8_nompi_17.dat', 'tree_httv2_qcd_DelphesPythia8_nompi_170.dat', 'tree_httv2_qcd_DelphesPythia8_nompi_171.dat', 'tree_httv2_qcd_DelphesPythia8_nompi_172.dat', 'tree_httv2_qcd_DelphesPythia8_nompi_173.dat', 'tree_httv2_qcd_DelphesPythia8_nompi_174.dat', 'tree_httv2_qcd_DelphesPythia8_nompi_175.dat', 'tree_httv2_qcd_DelphesPythia8_nompi_176.dat', 'tree_httv2_qcd_DelphesPythia8_nompi_177.dat', 'tree_httv2_qcd_DelphesPythia8_nompi_178.dat', 'tree_httv2_qcd_DelphesPythia8_nompi_179.dat', 'tree_httv2_qcd_DelphesPythia8_nompi_18.dat', 'tree_httv2_qcd_DelphesPythia8_nompi_180.dat', 'tree_httv2_qcd_DelphesPythia8_nompi_181.dat', 'tree_httv2_qcd_DelphesPythia8_nompi_182.dat', 'tree_httv2_qcd_DelphesPythia8_nompi_183.dat', 'tree_httv2_qcd_DelphesPythia8_nompi_184.dat', 'tree_httv2_qcd_DelphesPythia8_nompi_185.dat', 'tree_httv2_qcd_DelphesPythia8_nompi_186.dat', 'tree_httv2_qcd_DelphesPythia8_nompi_187.dat', 'tree_httv2_qcd_DelphesPythia8_nompi_188.dat', 'tree_httv2_qcd_DelphesPythia8_nompi_189.dat', 'tree_httv2_qcd_DelphesPythia8_nompi_19.dat', 'tree_httv2_qcd_DelphesPythia8_nompi_190.dat', 'tree_httv2_qcd_DelphesPythia8_nompi_191.dat', 'tree_httv2_qcd_DelphesPythia8_nompi_192.dat', 'tree_httv2_qcd_DelphesPythia8_nompi_193.dat', 'tree_httv2_qcd_DelphesPythia8_nompi_194.dat', 'tree_httv2_qcd_DelphesPythia8_nompi_195.dat', 'tree_httv2_qcd_DelphesPythia8_nompi_196.dat', 'tree_httv2_qcd_DelphesPythia8_nompi_197.dat', 'tree_httv2_qcd_DelphesPythia8_nompi_198.dat', 'tree_httv2_qcd_DelphesPythia8_nompi_199.dat', 'tree_httv2_qcd_DelphesPythia8_nompi_2.dat', 'tree_httv2_qcd_DelphesPythia8_nompi_20.dat', 'tree_httv2_qcd_DelphesPythia8_nompi_21.dat', 'tree_httv2_qcd_DelphesPythia8_nompi_22.dat', 'tree_httv2_qcd_DelphesPythia8_nompi_23.dat', 'tree_httv2_qcd_DelphesPythia8_nompi_24.dat', 'tree_httv2_qcd_DelphesPythia8_nompi_25.dat', 'tree_httv2_qcd_DelphesPythia8_nompi_26.dat', 'tree_httv2_qcd_DelphesPythia8_nompi_27.dat', 'tree_httv2_qcd_DelphesPythia8_nompi_28.dat', 'tree_httv2_qcd_DelphesPythia8_nompi_29.dat', 'tree_httv2_qcd_DelphesPythia8_nompi_3.dat', 'tree_httv2_qcd_DelphesPythia8_nompi_30.dat', 'tree_httv2_qcd_DelphesPythia8_nompi_31.dat', 'tree_httv2_qcd_DelphesPythia8_nompi_32.dat', 'tree_httv2_qcd_DelphesPythia8_nompi_33.dat', 'tree_httv2_qcd_DelphesPythia8_nompi_34.dat', 'tree_httv2_qcd_DelphesPythia8_nompi_35.dat', 'tree_httv2_qcd_DelphesPythia8_nompi_36.dat', 'tree_httv2_qcd_DelphesPythia8_nompi_37.dat', 'tree_httv2_qcd_DelphesPythia8_nompi_38.dat', 'tree_httv2_qcd_DelphesPythia8_nompi_39.dat', 'tree_httv2_qcd_DelphesPythia8_nompi_4.dat', 'tree_httv2_qcd_DelphesPythia8_nompi_40.dat', 'tree_httv2_qcd_DelphesPythia8_nompi_41.dat', 'tree_httv2_qcd_DelphesPythia8_nompi_42.dat', 'tree_httv2_qcd_DelphesPythia8_nompi_43.dat', 'tree_httv2_qcd_DelphesPythia8_nompi_44.dat', 'tree_httv2_qcd_DelphesPythia8_nompi_45.dat', 'tree_httv2_qcd_DelphesPythia8_nompi_46.dat', 'tree_httv2_qcd_DelphesPythia8_nompi_47.dat', 'tree_httv2_qcd_DelphesPythia8_nompi_48.dat', 'tree_httv2_qcd_DelphesPythia8_nompi_49.dat', 'tree_httv2_qcd_DelphesPythia8_nompi_5.dat', 'tree_httv2_qcd_DelphesPythia8_nompi_50.dat', 'tree_httv2_qcd_DelphesPythia8_nompi_51.dat', 'tree_httv2_qcd_DelphesPythia8_nompi_52.dat', 'tree_httv2_qcd_DelphesPythia8_nompi_53.dat', 'tree_httv2_qcd_DelphesPythia8_nompi_54.dat', 'tree_httv2_qcd_DelphesPythia8_nompi_55.dat', 'tree_httv2_qcd_DelphesPythia8_nompi_56.dat', 'tree_httv2_qcd_DelphesPythia8_nompi_57.dat', 'tree_httv2_qcd_DelphesPythia8_nompi_58.dat', 'tree_httv2_qcd_DelphesPythia8_nompi_59.dat', 'tree_httv2_qcd_DelphesPythia8_nompi_6.dat', 'tree_httv2_qcd_DelphesPythia8_nompi_60.dat', 'tree_httv2_qcd_DelphesPythia8_nompi_61.dat', 'tree_httv2_qcd_DelphesPythia8_nompi_62.dat', 'tree_httv2_qcd_DelphesPythia8_nompi_63.dat', 'tree_httv2_qcd_DelphesPythia8_nompi_64.dat', 'tree_httv2_qcd_DelphesPythia8_nompi_65.dat', 'tree_httv2_qcd_DelphesPythia8_nompi_66.dat', 'tree_httv2_qcd_DelphesPythia8_nompi_67.dat', 'tree_httv2_qcd_DelphesPythia8_nompi_68.dat', 'tree_httv2_qcd_DelphesPythia8_nompi_69.dat', 'tree_httv2_qcd_DelphesPythia8_nompi_7.dat', 'tree_httv2_qcd_DelphesPythia8_nompi_70.dat', 'tree_httv2_qcd_DelphesPythia8_nompi_71.dat', 'tree_httv2_qcd_DelphesPythia8_nompi_72.dat', 'tree_httv2_qcd_DelphesPythia8_nompi_73.dat', 'tree_httv2_qcd_DelphesPythia8_nompi_74.dat', 'tree_httv2_qcd_DelphesPythia8_nompi_75.dat', 'tree_httv2_qcd_DelphesPythia8_nompi_76.dat', 'tree_httv2_qcd_DelphesPythia8_nompi_77.dat', 'tree_httv2_qcd_DelphesPythia8_nompi_78.dat', 'tree_httv2_qcd_DelphesPythia8_nompi_79.dat', 'tree_httv2_qcd_DelphesPythia8_nompi_8.dat', 'tree_httv2_qcd_DelphesPythia8_nompi_80.dat', 'tree_httv2_qcd_DelphesPythia8_nompi_81.dat', 'tree_httv2_qcd_DelphesPythia8_nompi_82.dat', 'tree_httv2_qcd_DelphesPythia8_nompi_83.dat', 'tree_httv2_qcd_DelphesPythia8_nompi_84.dat', 'tree_httv2_qcd_DelphesPythia8_nompi_85.dat', 'tree_httv2_qcd_DelphesPythia8_nompi_86.dat', 'tree_httv2_qcd_DelphesPythia8_nompi_87.dat', 'tree_httv2_qcd_DelphesPythia8_nompi_88.dat', 'tree_httv2_qcd_DelphesPythia8_nompi_89.dat', 'tree_httv2_qcd_DelphesPythia8_nompi_9.dat', 'tree_httv2_qcd_DelphesPythia8_nompi_90.dat', 'tree_httv2_qcd_DelphesPythia8_nompi_91.dat', 'tree_httv2_qcd_DelphesPythia8_nompi_92.dat', 'tree_httv2_qcd_DelphesPythia8_nompi_93.dat', 'tree_httv2_qcd_DelphesPythia8_nompi_94.dat', 'tree_httv2_qcd_DelphesPythia8_nompi_95.dat', 'tree_httv2_qcd_DelphesPythia8_nompi_96.dat', 'tree_httv2_qcd_DelphesPythia8_nompi_97.dat', 'tree_httv2_qcd_DelphesPythia8_nompi_98.dat', 'tree_httv2_qcd_DelphesPythia8_nompi_99.dat']
2018-10-29 19:17:53,740:INFO: Ntotjets=10000
2018-10-29 19:17:55,199:INFO: Ntotjets=20000
2018-10-29 19:17:56,651:INFO: Ntotjets=30000
2018-10-29 19:17:58,112:INFO: Ntotjets=40000
2018-10-29 19:17:59,549:INFO: Ntotjets=50000
2018-10-29 19:18:00,978:INFO: Ntotjets=60000
2018-10-29 19:18:02,394:INFO: Ntotjets=70000
2018-10-29 19:18:03,792:INFO: Ntotjets=80000
2018-10-29 19:18:05,265:INFO: Ntotjets=90000
2018-10-29 19:18:07,001:INFO: Ntotjets=100000
2018-10-29 19:18:09,008:INFO: Ntotjets=110000
2018-10-29 19:18:10,784:INFO: Ntotjets=120000
2018-10-29 19:18:12,251:INFO: Ntotjets=130000
2018-10-29 19:18:13,907:INFO: Ntotjets=140000
2018-10-29 19:18:15,410:INFO: Ntotjets=150000
2018-10-29 19:18:16,931:INFO: Ntotjets=160000
2018-10-29 19:18:16,931:INFO: Tree generation time (minutes) =0.8655505577723185
2018-10-29 19:34:05,075:INFO: Splitting into train, validation and test datasets, and shuffling...
2018-10-29 19:34:24,602:INFO: Split sample time (minutes) =16.993398368358612
2018-10-29 19:34:24,602:INFO: Creating train batches ...
2018-10-29 19:34:25,993:INFO: Number of batches created=100
2018-10-29 19:34:27,389:INFO: Number of batches created=200
2018-10-29 19:34:28,777:INFO: Number of batches created=300
2018-10-29 19:34:30,182:INFO: Number of batches created=400
2018-10-29 19:34:31,608:INFO: Number of batches created=500
2018-10-29 19:34:33,024:INFO: Number of batches created=600
2018-10-29 19:34:34,453:INFO: Number of batches created=700
2018-10-29 19:34:35,872:INFO: Number of batches created=800
2018-10-29 19:34:37,298:INFO: Number of batches created=900
2018-10-29 19:34:38,733:INFO: Number of batches created=1000
2018-10-29 19:34:40,184:INFO: Number of batches created=1100
2018-10-29 19:34:41,617:INFO: Number of batches created=1200
2018-10-29 19:34:43,069:INFO: Number of batches created=1300
2018-10-29 19:34:44,517:INFO: Number of batches created=1400
2018-10-29 19:34:45,978:INFO: Number of batches created=1500
2018-10-29 19:34:47,435:INFO: Number of batches created=1600
2018-10-29 19:34:48,882:INFO: Number of batches created=1700
2018-10-29 19:34:50,328:INFO: Number of batches created=1800
2018-10-29 19:34:51,766:INFO: Number of batches created=1900
2018-10-29 19:34:53,203:INFO: Number of batches created=2000
2018-10-29 19:34:54,645:INFO: Number of batches created=2100
2018-10-29 19:34:56,102:INFO: Number of batches created=2200
2018-10-29 19:34:57,549:INFO: Number of batches created=2300
2018-10-29 19:34:58,981:INFO: Number of batches created=2400
2018-10-29 19:35:00,414:INFO: Number of batches created=2500
2018-10-29 19:35:01,846:INFO: Number of batches created=2600
2018-10-29 19:35:03,271:INFO: Number of batches created=2700
2018-10-29 19:35:04,706:INFO: Number of batches created=2800
2018-10-29 19:35:06,134:INFO: Number of batches created=2900
2018-10-29 19:35:07,568:INFO: Number of batches created=3000
2018-10-29 19:35:07,573:INFO: Creating val batches ...
2018-10-29 19:35:09,010:INFO: Number of batches created=100
2018-10-29 19:35:10,430:INFO: Number of batches created=200
2018-10-29 19:35:11,863:INFO: Number of batches created=300
2018-10-29 19:35:13,308:INFO: Number of batches created=400
2018-10-29 19:35:14,739:INFO: Number of batches created=500
2018-10-29 19:35:16,173:INFO: Number of batches created=600
2018-10-29 19:35:17,609:INFO: Number of batches created=700
2018-10-29 19:35:19,027:INFO: Number of batches created=800
2018-10-29 19:35:20,456:INFO: Number of batches created=900
2018-10-29 19:35:21,886:INFO: Number of batches created=1000
2018-10-29 19:35:21,888:INFO: Creating test batches ...
2018-10-29 19:35:23,349:INFO: Number of batches created=100
2018-10-29 19:35:24,797:INFO: Number of batches created=200
2018-10-29 19:35:26,248:INFO: Number of batches created=300
2018-10-29 19:35:27,690:INFO: Number of batches created=400
2018-10-29 19:35:29,115:INFO: Number of batches created=500
2018-10-29 19:35:30,546:INFO: Number of batches created=600
2018-10-29 19:35:31,976:INFO: Number of batches created=700
2018-10-29 19:35:33,403:INFO: Number of batches created=800
2018-10-29 19:35:34,834:INFO: Number of batches created=900
2018-10-29 19:35:36,252:INFO: Number of batches created=1000
2018-10-29 19:35:36,254:INFO: Number of test_batches=1000
2018-10-29 19:35:36,254:INFO: Batch generation time (minutes) =18.187590742111205
2018-10-29 19:35:36,254:INFO: Train and val batch size=64
2018-10-29 19:35:36,254:INFO: Number of train_batches=3000
2018-10-29 19:35:36,254:INFO: Number of val_batches=1000
2018-10-29 19:35:53,408:INFO: ------------------------------------------------------------
2018-10-29 19:35:53,408:INFO: Loading the datasets...
2018-10-29 19:35:57,824:INFO: - done loading the datasets
2018-10-29 19:35:57,825:INFO: ------------------------------------------------------------
2018-10-29 19:36:00,707:INFO: Building optimizer...
2018-10-29 19:36:00,708:INFO: Starting training for 40 epoch(s)
2018-10-29 19:36:00,708:INFO: Epoch 1/40
2018-10-29 19:37:12,274:INFO: - Train metrics: accuracy: 0.771 ; loss: 0.517
2018-10-29 19:37:27,739:INFO: - Eval metrics : accuracy: 0.792 ; loss: 0.432
2018-10-29 19:37:27,750:INFO: - Found new best accuracy
2018-10-29 19:37:27,750:INFO: Epoch 2/40
2018-10-29 19:38:36,819:INFO: - Train metrics: accuracy: 0.810 ; loss: 0.413
2018-10-29 19:38:52,307:INFO: - Eval metrics : accuracy: 0.788 ; loss: 0.441
2018-10-29 19:38:52,343:INFO: Epoch 3/40
2018-10-29 19:40:03,459:INFO: - Train metrics: accuracy: 0.820 ; loss: 0.402
2018-10-29 19:40:19,579:INFO: - Eval metrics : accuracy: 0.814 ; loss: 0.404
2018-10-29 19:40:19,617:INFO: - Found new best accuracy
2018-10-29 19:40:19,618:INFO: Epoch 4/40
2018-10-29 19:41:29,125:INFO: - Train metrics: accuracy: 0.850 ; loss: 0.343
2018-10-29 19:41:44,575:INFO: - Eval metrics : accuracy: 0.858 ; loss: 0.316
2018-10-29 19:41:44,612:INFO: - Found new best accuracy
2018-10-29 19:41:44,612:INFO: Epoch 5/40
2018-10-29 19:42:54,707:INFO: - Train metrics: accuracy: 0.886 ; loss: 0.256
2018-10-29 19:43:10,144:INFO: - Eval metrics : accuracy: 0.897 ; loss: 0.244
2018-10-29 19:43:10,178:INFO: - Found new best accuracy
2018-10-29 19:43:10,179:INFO: Epoch 6/40
2018-10-29 19:44:21,182:INFO: - Train metrics: accuracy: 0.907 ; loss: 0.216
2018-10-29 19:44:37,258:INFO: - Eval metrics : accuracy: 0.899 ; loss: 0.238
2018-10-29 19:44:37,294:INFO: - Found new best accuracy
2018-10-29 19:44:37,294:INFO: Epoch 7/40
2018-10-29 19:45:50,312:INFO: - Train metrics: accuracy: 0.918 ; loss: 0.197
2018-10-29 19:46:05,788:INFO: - Eval metrics : accuracy: 0.911 ; loss: 0.208
2018-10-29 19:46:05,826:INFO: - Found new best accuracy
2018-10-29 19:46:05,827:INFO: Epoch 8/40
2018-10-29 19:47:14,770:INFO: - Train metrics: accuracy: 0.929 ; loss: 0.186
2018-10-29 19:47:30,288:INFO: - Eval metrics : accuracy: 0.918 ; loss: 0.198
2018-10-29 19:47:30,324:INFO: - Found new best accuracy
2018-10-29 19:47:30,325:INFO: Epoch 9/40
2018-10-29 19:48:40,121:INFO: - Train metrics: accuracy: 0.921 ; loss: 0.189
2018-10-29 19:48:55,627:INFO: - Eval metrics : accuracy: 0.914 ; loss: 0.206
2018-10-29 19:48:55,663:INFO: Epoch 10/40
2018-10-29 19:50:04,298:INFO: - Train metrics: accuracy: 0.924 ; loss: 0.194
2018-10-29 19:50:19,801:INFO: - Eval metrics : accuracy: 0.922 ; loss: 0.188
2018-10-29 19:50:19,837:INFO: - Found new best accuracy
2018-10-29 19:50:19,837:INFO: Epoch 11/40
2018-10-29 19:51:28,596:INFO: - Train metrics: accuracy: 0.932 ; loss: 0.179
2018-10-29 19:51:44,088:INFO: - Eval metrics : accuracy: 0.919 ; loss: 0.193
2018-10-29 19:51:44,129:INFO: Epoch 12/40
2018-10-29 19:52:53,074:INFO: - Train metrics: accuracy: 0.929 ; loss: 0.183
2018-10-29 19:53:08,562:INFO: - Eval metrics : accuracy: 0.925 ; loss: 0.182
2018-10-29 19:53:08,606:INFO: - Found new best accuracy
2018-10-29 19:53:08,606:INFO: Epoch 13/40
2018-10-29 19:54:18,102:INFO: - Train metrics: accuracy: 0.929 ; loss: 0.178
2018-10-29 19:54:33,521:INFO: - Eval metrics : accuracy: 0.925 ; loss: 0.184
2018-10-29 19:54:33,523:INFO: Epoch 14/40
2018-10-29 19:55:43,383:INFO: - Train metrics: accuracy: 0.934 ; loss: 0.176
2018-10-29 19:55:58,820:INFO: - Eval metrics : accuracy: 0.926 ; loss: 0.179
2018-10-29 19:55:58,853:INFO: - Found new best accuracy
2018-10-29 19:55:58,854:INFO: Epoch 15/40
2018-10-29 19:57:08,381:INFO: - Train metrics: accuracy: 0.934 ; loss: 0.171
2018-10-29 19:57:23,725:INFO: - Eval metrics : accuracy: 0.927 ; loss: 0.177
2018-10-29 19:57:23,761:INFO: - Found new best accuracy
2018-10-29 19:57:23,762:INFO: Epoch 16/40
2018-10-29 19:58:31,787:INFO: - Train metrics: accuracy: 0.935 ; loss: 0.170
2018-10-29 19:58:47,175:INFO: - Eval metrics : accuracy: 0.931 ; loss: 0.170
2018-10-29 19:58:47,229:INFO: - Found new best accuracy
2018-10-29 19:58:47,229:INFO: Epoch 17/40
2018-10-29 19:59:56,062:INFO: - Train metrics: accuracy: 0.936 ; loss: 0.174
2018-10-29 20:00:11,389:INFO: - Eval metrics : accuracy: 0.931 ; loss: 0.170
2018-10-29 20:00:11,423:INFO: Epoch 18/40
2018-10-29 20:01:19,814:INFO: - Train metrics: accuracy: 0.941 ; loss: 0.166
2018-10-29 20:01:35,188:INFO: - Eval metrics : accuracy: 0.932 ; loss: 0.168
2018-10-29 20:01:35,230:INFO: - Found new best accuracy
2018-10-29 20:01:35,230:INFO: Epoch 19/40
2018-10-29 20:02:43,947:INFO: - Train metrics: accuracy: 0.938 ; loss: 0.167
2018-10-29 20:02:59,283:INFO: - Eval metrics : accuracy: 0.934 ; loss: 0.164
2018-10-29 20:02:59,328:INFO: - Found new best accuracy
2018-10-29 20:02:59,329:INFO: Epoch 20/40
2018-10-29 20:04:09,363:INFO: - Train metrics: accuracy: 0.939 ; loss: 0.169
2018-10-29 20:04:24,742:INFO: - Eval metrics : accuracy: 0.934 ; loss: 0.163
2018-10-29 20:04:24,775:INFO: - Found new best accuracy
2018-10-29 20:04:24,776:INFO: Epoch 21/40
2018-10-29 20:05:34,280:INFO: - Train metrics: accuracy: 0.940 ; loss: 0.161
2018-10-29 20:05:49,723:INFO: - Eval metrics : accuracy: 0.933 ; loss: 0.164
2018-10-29 20:05:49,757:INFO: Epoch 22/40
2018-10-29 20:07:04,056:INFO: - Train metrics: accuracy: 0.938 ; loss: 0.165
2018-10-29 20:07:19,638:INFO: - Eval metrics : accuracy: 0.932 ; loss: 0.165
2018-10-29 20:07:19,683:INFO: Epoch 23/40
2018-10-29 20:08:34,575:INFO: - Train metrics: accuracy: 0.936 ; loss: 0.163
2018-10-29 20:08:49,960:INFO: - Eval metrics : accuracy: 0.934 ; loss: 0.163
2018-10-29 20:08:49,991:INFO: - Found new best accuracy
2018-10-29 20:08:49,991:INFO: Epoch 24/40
2018-10-29 20:10:03,778:INFO: - Train metrics: accuracy: 0.939 ; loss: 0.167
2018-10-29 20:10:19,153:INFO: - Eval metrics : accuracy: 0.934 ; loss: 0.164
2018-10-29 20:10:19,189:INFO: Epoch 25/40
2018-10-29 20:11:33,445:INFO: - Train metrics: accuracy: 0.939 ; loss: 0.159
2018-10-29 20:11:49,071:INFO: - Eval metrics : accuracy: 0.934 ; loss: 0.163
2018-10-29 20:11:49,104:INFO: Epoch 26/40
2018-10-29 20:13:02,300:INFO: - Train metrics: accuracy: 0.939 ; loss: 0.161
2018-10-29 20:13:17,672:INFO: - Eval metrics : accuracy: 0.933 ; loss: 0.164
2018-10-29 20:13:17,708:INFO: Epoch 27/40
2018-10-29 20:14:36,290:INFO: - Train metrics: accuracy: 0.941 ; loss: 0.160
2018-10-29 20:14:51,866:INFO: - Eval metrics : accuracy: 0.935 ; loss: 0.161
2018-10-29 20:14:51,900:INFO: - Found new best accuracy
2018-10-29 20:14:51,901:INFO: Epoch 28/40
2018-10-29 20:16:08,024:INFO: - Train metrics: accuracy: 0.938 ; loss: 0.160
2018-10-29 20:16:23,375:INFO: - Eval metrics : accuracy: 0.935 ; loss: 0.161
2018-10-29 20:16:23,412:INFO: - Found new best accuracy
2018-10-29 20:16:23,413:INFO: Epoch 29/40
2018-10-29 20:17:38,295:INFO: - Train metrics: accuracy: 0.938 ; loss: 0.161
2018-10-29 20:17:53,655:INFO: - Eval metrics : accuracy: 0.936 ; loss: 0.160
2018-10-29 20:17:53,693:INFO: - Found new best accuracy
2018-10-29 20:17:53,694:INFO: Epoch 30/40
2018-10-29 20:19:08,539:INFO: - Train metrics: accuracy: 0.938 ; loss: 0.160
2018-10-29 20:19:23,900:INFO: - Eval metrics : accuracy: 0.936 ; loss: 0.161
2018-10-29 20:19:23,937:INFO: Epoch 31/40
2018-10-29 20:20:38,210:INFO: - Train metrics: accuracy: 0.941 ; loss: 0.158
2018-10-29 20:20:53,563:INFO: - Eval metrics : accuracy: 0.936 ; loss: 0.160
2018-10-29 20:20:53,603:INFO: - Found new best accuracy
2018-10-29 20:20:53,603:INFO: Epoch 32/40
2018-10-29 20:22:09,391:INFO: - Train metrics: accuracy: 0.937 ; loss: 0.160
2018-10-29 20:22:24,755:INFO: - Eval metrics : accuracy: 0.936 ; loss: 0.160
2018-10-29 20:22:24,793:INFO: - Found new best accuracy
2018-10-29 20:22:24,793:INFO: Epoch 33/40
2018-10-29 20:23:40,004:INFO: - Train metrics: accuracy: 0.938 ; loss: 0.159
2018-10-29 20:23:56,087:INFO: - Eval metrics : accuracy: 0.936 ; loss: 0.160
2018-10-29 20:23:56,115:INFO: - Found new best accuracy
2018-10-29 20:23:56,115:INFO: Epoch 34/40
2018-10-29 20:25:11,219:INFO: - Train metrics: accuracy: 0.939 ; loss: 0.160
2018-10-29 20:25:26,580:INFO: - Eval metrics : accuracy: 0.936 ; loss: 0.160
2018-10-29 20:25:26,611:INFO: Epoch 35/40
2018-10-29 20:26:41,737:INFO: - Train metrics: accuracy: 0.940 ; loss: 0.159
2018-10-29 20:26:57,087:INFO: - Eval metrics : accuracy: 0.936 ; loss: 0.159
2018-10-29 20:26:57,122:INFO: Epoch 36/40
2018-10-29 20:28:12,164:INFO: - Train metrics: accuracy: 0.939 ; loss: 0.159
2018-10-29 20:28:27,521:INFO: - Eval metrics : accuracy: 0.936 ; loss: 0.159
2018-10-29 20:28:27,558:INFO: - Found new best accuracy
2018-10-29 20:28:27,559:INFO: Epoch 37/40
2018-10-29 20:29:42,574:INFO: - Train metrics: accuracy: 0.941 ; loss: 0.158
2018-10-29 20:29:57,940:INFO: - Eval metrics : accuracy: 0.936 ; loss: 0.160
2018-10-29 20:29:57,980:INFO: Epoch 38/40
2018-10-29 20:31:14,422:INFO: - Train metrics: accuracy: 0.942 ; loss: 0.159
2018-10-29 20:31:29,765:INFO: - Eval metrics : accuracy: 0.936 ; loss: 0.159
2018-10-29 20:31:29,799:INFO: - Found new best accuracy
2018-10-29 20:31:29,799:INFO: Epoch 39/40
2018-10-29 20:32:44,025:INFO: - Train metrics: accuracy: 0.940 ; loss: 0.158
2018-10-29 20:32:59,366:INFO: - Eval metrics : accuracy: 0.936 ; loss: 0.159
2018-10-29 20:32:59,410:INFO: Epoch 40/40
2018-10-29 20:34:11,061:INFO: - Train metrics: accuracy: 0.942 ; loss: 0.158
2018-10-29 20:34:26,451:INFO: - Eval metrics : accuracy: 0.936 ; loss: 0.158
2018-10-29 20:34:26,502:INFO: Total time (minutes) =77.02506803274154
