2018-10-31 15:54:50,940:INFO: search_hyperparam_sample_name=top_qcd_jets_antikt_kt__80000_Njets_128_batch
2018-10-31 15:54:50,942:INFO: Number of jet files for ttbar=200
2018-10-31 15:54:50,942:INFO: Loading ttbar jet files... 
2018-10-31 15:54:50,942:INFO: ttbar files list = ['tree_httv2_ttbar_DelphesPythia8_nompi_0.dat', 'tree_httv2_ttbar_DelphesPythia8_nompi_1.dat', 'tree_httv2_ttbar_DelphesPythia8_nompi_10.dat', 'tree_httv2_ttbar_DelphesPythia8_nompi_100.dat', 'tree_httv2_ttbar_DelphesPythia8_nompi_101.dat', 'tree_httv2_ttbar_DelphesPythia8_nompi_102.dat', 'tree_httv2_ttbar_DelphesPythia8_nompi_103.dat', 'tree_httv2_ttbar_DelphesPythia8_nompi_104.dat', 'tree_httv2_ttbar_DelphesPythia8_nompi_105.dat', 'tree_httv2_ttbar_DelphesPythia8_nompi_106.dat', 'tree_httv2_ttbar_DelphesPythia8_nompi_107.dat', 'tree_httv2_ttbar_DelphesPythia8_nompi_108.dat', 'tree_httv2_ttbar_DelphesPythia8_nompi_109.dat', 'tree_httv2_ttbar_DelphesPythia8_nompi_11.dat', 'tree_httv2_ttbar_DelphesPythia8_nompi_110.dat', 'tree_httv2_ttbar_DelphesPythia8_nompi_111.dat', 'tree_httv2_ttbar_DelphesPythia8_nompi_112.dat', 'tree_httv2_ttbar_DelphesPythia8_nompi_113.dat', 'tree_httv2_ttbar_DelphesPythia8_nompi_114.dat', 'tree_httv2_ttbar_DelphesPythia8_nompi_115.dat', 'tree_httv2_ttbar_DelphesPythia8_nompi_116.dat', 'tree_httv2_ttbar_DelphesPythia8_nompi_117.dat', 'tree_httv2_ttbar_DelphesPythia8_nompi_118.dat', 'tree_httv2_ttbar_DelphesPythia8_nompi_119.dat', 'tree_httv2_ttbar_DelphesPythia8_nompi_12.dat', 'tree_httv2_ttbar_DelphesPythia8_nompi_120.dat', 'tree_httv2_ttbar_DelphesPythia8_nompi_121.dat', 'tree_httv2_ttbar_DelphesPythia8_nompi_122.dat', 'tree_httv2_ttbar_DelphesPythia8_nompi_123.dat', 'tree_httv2_ttbar_DelphesPythia8_nompi_124.dat', 'tree_httv2_ttbar_DelphesPythia8_nompi_125.dat', 'tree_httv2_ttbar_DelphesPythia8_nompi_126.dat', 'tree_httv2_ttbar_DelphesPythia8_nompi_127.dat', 'tree_httv2_ttbar_DelphesPythia8_nompi_128.dat', 'tree_httv2_ttbar_DelphesPythia8_nompi_129.dat', 'tree_httv2_ttbar_DelphesPythia8_nompi_13.dat', 'tree_httv2_ttbar_DelphesPythia8_nompi_130.dat', 'tree_httv2_ttbar_DelphesPythia8_nompi_131.dat', 'tree_httv2_ttbar_DelphesPythia8_nompi_132.dat', 'tree_httv2_ttbar_DelphesPythia8_nompi_133.dat', 'tree_httv2_ttbar_DelphesPythia8_nompi_134.dat', 'tree_httv2_ttbar_DelphesPythia8_nompi_135.dat', 'tree_httv2_ttbar_DelphesPythia8_nompi_136.dat', 'tree_httv2_ttbar_DelphesPythia8_nompi_137.dat', 'tree_httv2_ttbar_DelphesPythia8_nompi_138.dat', 'tree_httv2_ttbar_DelphesPythia8_nompi_139.dat', 'tree_httv2_ttbar_DelphesPythia8_nompi_14.dat', 'tree_httv2_ttbar_DelphesPythia8_nompi_140.dat', 'tree_httv2_ttbar_DelphesPythia8_nompi_141.dat', 'tree_httv2_ttbar_DelphesPythia8_nompi_142.dat', 'tree_httv2_ttbar_DelphesPythia8_nompi_143.dat', 'tree_httv2_ttbar_DelphesPythia8_nompi_144.dat', 'tree_httv2_ttbar_DelphesPythia8_nompi_145.dat', 'tree_httv2_ttbar_DelphesPythia8_nompi_146.dat', 'tree_httv2_ttbar_DelphesPythia8_nompi_147.dat', 'tree_httv2_ttbar_DelphesPythia8_nompi_148.dat', 'tree_httv2_ttbar_DelphesPythia8_nompi_149.dat', 'tree_httv2_ttbar_DelphesPythia8_nompi_15.dat', 'tree_httv2_ttbar_DelphesPythia8_nompi_150.dat', 'tree_httv2_ttbar_DelphesPythia8_nompi_151.dat', 'tree_httv2_ttbar_DelphesPythia8_nompi_152.dat', 'tree_httv2_ttbar_DelphesPythia8_nompi_153.dat', 'tree_httv2_ttbar_DelphesPythia8_nompi_154.dat', 'tree_httv2_ttbar_DelphesPythia8_nompi_155.dat', 'tree_httv2_ttbar_DelphesPythia8_nompi_156.dat', 'tree_httv2_ttbar_DelphesPythia8_nompi_157.dat', 'tree_httv2_ttbar_DelphesPythia8_nompi_158.dat', 'tree_httv2_ttbar_DelphesPythia8_nompi_159.dat', 'tree_httv2_ttbar_DelphesPythia8_nompi_16.dat', 'tree_httv2_ttbar_DelphesPythia8_nompi_160.dat', 'tree_httv2_ttbar_DelphesPythia8_nompi_161.dat', 'tree_httv2_ttbar_DelphesPythia8_nompi_162.dat', 'tree_httv2_ttbar_DelphesPythia8_nompi_163.dat', 'tree_httv2_ttbar_DelphesPythia8_nompi_164.dat', 'tree_httv2_ttbar_DelphesPythia8_nompi_165.dat', 'tree_httv2_ttbar_DelphesPythia8_nompi_166.dat', 'tree_httv2_ttbar_DelphesPythia8_nompi_167.dat', 'tree_httv2_ttbar_DelphesPythia8_nompi_168.dat', 'tree_httv2_ttbar_DelphesPythia8_nompi_169.dat', 'tree_httv2_ttbar_DelphesPythia8_nompi_17.dat', 'tree_httv2_ttbar_DelphesPythia8_nompi_170.dat', 'tree_httv2_ttbar_DelphesPythia8_nompi_171.dat', 'tree_httv2_ttbar_DelphesPythia8_nompi_172.dat', 'tree_httv2_ttbar_DelphesPythia8_nompi_173.dat', 'tree_httv2_ttbar_DelphesPythia8_nompi_174.dat', 'tree_httv2_ttbar_DelphesPythia8_nompi_175.dat', 'tree_httv2_ttbar_DelphesPythia8_nompi_176.dat', 'tree_httv2_ttbar_DelphesPythia8_nompi_177.dat', 'tree_httv2_ttbar_DelphesPythia8_nompi_178.dat', 'tree_httv2_ttbar_DelphesPythia8_nompi_179.dat', 'tree_httv2_ttbar_DelphesPythia8_nompi_18.dat', 'tree_httv2_ttbar_DelphesPythia8_nompi_180.dat', 'tree_httv2_ttbar_DelphesPythia8_nompi_181.dat', 'tree_httv2_ttbar_DelphesPythia8_nompi_182.dat', 'tree_httv2_ttbar_DelphesPythia8_nompi_183.dat', 'tree_httv2_ttbar_DelphesPythia8_nompi_184.dat', 'tree_httv2_ttbar_DelphesPythia8_nompi_185.dat', 'tree_httv2_ttbar_DelphesPythia8_nompi_186.dat', 'tree_httv2_ttbar_DelphesPythia8_nompi_187.dat', 'tree_httv2_ttbar_DelphesPythia8_nompi_188.dat', 'tree_httv2_ttbar_DelphesPythia8_nompi_189.dat', 'tree_httv2_ttbar_DelphesPythia8_nompi_19.dat', 'tree_httv2_ttbar_DelphesPythia8_nompi_190.dat', 'tree_httv2_ttbar_DelphesPythia8_nompi_191.dat', 'tree_httv2_ttbar_DelphesPythia8_nompi_192.dat', 'tree_httv2_ttbar_DelphesPythia8_nompi_193.dat', 'tree_httv2_ttbar_DelphesPythia8_nompi_194.dat', 'tree_httv2_ttbar_DelphesPythia8_nompi_195.dat', 'tree_httv2_ttbar_DelphesPythia8_nompi_196.dat', 'tree_httv2_ttbar_DelphesPythia8_nompi_197.dat', 'tree_httv2_ttbar_DelphesPythia8_nompi_198.dat', 'tree_httv2_ttbar_DelphesPythia8_nompi_199.dat', 'tree_httv2_ttbar_DelphesPythia8_nompi_2.dat', 'tree_httv2_ttbar_DelphesPythia8_nompi_20.dat', 'tree_httv2_ttbar_DelphesPythia8_nompi_21.dat', 'tree_httv2_ttbar_DelphesPythia8_nompi_22.dat', 'tree_httv2_ttbar_DelphesPythia8_nompi_23.dat', 'tree_httv2_ttbar_DelphesPythia8_nompi_24.dat', 'tree_httv2_ttbar_DelphesPythia8_nompi_25.dat', 'tree_httv2_ttbar_DelphesPythia8_nompi_26.dat', 'tree_httv2_ttbar_DelphesPythia8_nompi_27.dat', 'tree_httv2_ttbar_DelphesPythia8_nompi_28.dat', 'tree_httv2_ttbar_DelphesPythia8_nompi_29.dat', 'tree_httv2_ttbar_DelphesPythia8_nompi_3.dat', 'tree_httv2_ttbar_DelphesPythia8_nompi_30.dat', 'tree_httv2_ttbar_DelphesPythia8_nompi_31.dat', 'tree_httv2_ttbar_DelphesPythia8_nompi_32.dat', 'tree_httv2_ttbar_DelphesPythia8_nompi_33.dat', 'tree_httv2_ttbar_DelphesPythia8_nompi_34.dat', 'tree_httv2_ttbar_DelphesPythia8_nompi_35.dat', 'tree_httv2_ttbar_DelphesPythia8_nompi_36.dat', 'tree_httv2_ttbar_DelphesPythia8_nompi_37.dat', 'tree_httv2_ttbar_DelphesPythia8_nompi_38.dat', 'tree_httv2_ttbar_DelphesPythia8_nompi_39.dat', 'tree_httv2_ttbar_DelphesPythia8_nompi_4.dat', 'tree_httv2_ttbar_DelphesPythia8_nompi_40.dat', 'tree_httv2_ttbar_DelphesPythia8_nompi_41.dat', 'tree_httv2_ttbar_DelphesPythia8_nompi_42.dat', 'tree_httv2_ttbar_DelphesPythia8_nompi_43.dat', 'tree_httv2_ttbar_DelphesPythia8_nompi_44.dat', 'tree_httv2_ttbar_DelphesPythia8_nompi_45.dat', 'tree_httv2_ttbar_DelphesPythia8_nompi_46.dat', 'tree_httv2_ttbar_DelphesPythia8_nompi_47.dat', 'tree_httv2_ttbar_DelphesPythia8_nompi_48.dat', 'tree_httv2_ttbar_DelphesPythia8_nompi_49.dat', 'tree_httv2_ttbar_DelphesPythia8_nompi_5.dat', 'tree_httv2_ttbar_DelphesPythia8_nompi_50.dat', 'tree_httv2_ttbar_DelphesPythia8_nompi_51.dat', 'tree_httv2_ttbar_DelphesPythia8_nompi_52.dat', 'tree_httv2_ttbar_DelphesPythia8_nompi_53.dat', 'tree_httv2_ttbar_DelphesPythia8_nompi_54.dat', 'tree_httv2_ttbar_DelphesPythia8_nompi_55.dat', 'tree_httv2_ttbar_DelphesPythia8_nompi_56.dat', 'tree_httv2_ttbar_DelphesPythia8_nompi_57.dat', 'tree_httv2_ttbar_DelphesPythia8_nompi_58.dat', 'tree_httv2_ttbar_DelphesPythia8_nompi_59.dat', 'tree_httv2_ttbar_DelphesPythia8_nompi_6.dat', 'tree_httv2_ttbar_DelphesPythia8_nompi_60.dat', 'tree_httv2_ttbar_DelphesPythia8_nompi_61.dat', 'tree_httv2_ttbar_DelphesPythia8_nompi_62.dat', 'tree_httv2_ttbar_DelphesPythia8_nompi_63.dat', 'tree_httv2_ttbar_DelphesPythia8_nompi_64.dat', 'tree_httv2_ttbar_DelphesPythia8_nompi_65.dat', 'tree_httv2_ttbar_DelphesPythia8_nompi_66.dat', 'tree_httv2_ttbar_DelphesPythia8_nompi_67.dat', 'tree_httv2_ttbar_DelphesPythia8_nompi_68.dat', 'tree_httv2_ttbar_DelphesPythia8_nompi_69.dat', 'tree_httv2_ttbar_DelphesPythia8_nompi_7.dat', 'tree_httv2_ttbar_DelphesPythia8_nompi_70.dat', 'tree_httv2_ttbar_DelphesPythia8_nompi_71.dat', 'tree_httv2_ttbar_DelphesPythia8_nompi_72.dat', 'tree_httv2_ttbar_DelphesPythia8_nompi_73.dat', 'tree_httv2_ttbar_DelphesPythia8_nompi_74.dat', 'tree_httv2_ttbar_DelphesPythia8_nompi_75.dat', 'tree_httv2_ttbar_DelphesPythia8_nompi_76.dat', 'tree_httv2_ttbar_DelphesPythia8_nompi_77.dat', 'tree_httv2_ttbar_DelphesPythia8_nompi_78.dat', 'tree_httv2_ttbar_DelphesPythia8_nompi_79.dat', 'tree_httv2_ttbar_DelphesPythia8_nompi_8.dat', 'tree_httv2_ttbar_DelphesPythia8_nompi_80.dat', 'tree_httv2_ttbar_DelphesPythia8_nompi_81.dat', 'tree_httv2_ttbar_DelphesPythia8_nompi_82.dat', 'tree_httv2_ttbar_DelphesPythia8_nompi_83.dat', 'tree_httv2_ttbar_DelphesPythia8_nompi_84.dat', 'tree_httv2_ttbar_DelphesPythia8_nompi_85.dat', 'tree_httv2_ttbar_DelphesPythia8_nompi_86.dat', 'tree_httv2_ttbar_DelphesPythia8_nompi_87.dat', 'tree_httv2_ttbar_DelphesPythia8_nompi_88.dat', 'tree_httv2_ttbar_DelphesPythia8_nompi_89.dat', 'tree_httv2_ttbar_DelphesPythia8_nompi_9.dat', 'tree_httv2_ttbar_DelphesPythia8_nompi_90.dat', 'tree_httv2_ttbar_DelphesPythia8_nompi_91.dat', 'tree_httv2_ttbar_DelphesPythia8_nompi_92.dat', 'tree_httv2_ttbar_DelphesPythia8_nompi_93.dat', 'tree_httv2_ttbar_DelphesPythia8_nompi_94.dat', 'tree_httv2_ttbar_DelphesPythia8_nompi_95.dat', 'tree_httv2_ttbar_DelphesPythia8_nompi_96.dat', 'tree_httv2_ttbar_DelphesPythia8_nompi_97.dat', 'tree_httv2_ttbar_DelphesPythia8_nompi_98.dat', 'tree_httv2_ttbar_DelphesPythia8_nompi_99.dat']
2018-10-31 15:54:52,595:INFO: Ntotjets=10000
2018-10-31 15:54:54,167:INFO: Ntotjets=20000
2018-10-31 15:54:55,742:INFO: Ntotjets=30000
2018-10-31 15:54:57,317:INFO: Ntotjets=40000
2018-10-31 15:54:58,907:INFO: Ntotjets=50000
2018-10-31 15:55:00,493:INFO: Ntotjets=60000
2018-10-31 15:55:02,094:INFO: Ntotjets=70000
2018-10-31 15:55:03,686:INFO: Ntotjets=80000
2018-10-31 15:55:03,687:INFO: Number of jet files for qcd=200
2018-10-31 15:55:03,687:INFO: Loading qcd jet files... 
2018-10-31 15:55:03,687:INFO: qcd files list = ['tree_httv2_qcd_DelphesPythia8_nompi_0.dat', 'tree_httv2_qcd_DelphesPythia8_nompi_1.dat', 'tree_httv2_qcd_DelphesPythia8_nompi_10.dat', 'tree_httv2_qcd_DelphesPythia8_nompi_100.dat', 'tree_httv2_qcd_DelphesPythia8_nompi_101.dat', 'tree_httv2_qcd_DelphesPythia8_nompi_102.dat', 'tree_httv2_qcd_DelphesPythia8_nompi_103.dat', 'tree_httv2_qcd_DelphesPythia8_nompi_104.dat', 'tree_httv2_qcd_DelphesPythia8_nompi_105.dat', 'tree_httv2_qcd_DelphesPythia8_nompi_106.dat', 'tree_httv2_qcd_DelphesPythia8_nompi_107.dat', 'tree_httv2_qcd_DelphesPythia8_nompi_108.dat', 'tree_httv2_qcd_DelphesPythia8_nompi_109.dat', 'tree_httv2_qcd_DelphesPythia8_nompi_11.dat', 'tree_httv2_qcd_DelphesPythia8_nompi_110.dat', 'tree_httv2_qcd_DelphesPythia8_nompi_111.dat', 'tree_httv2_qcd_DelphesPythia8_nompi_112.dat', 'tree_httv2_qcd_DelphesPythia8_nompi_113.dat', 'tree_httv2_qcd_DelphesPythia8_nompi_114.dat', 'tree_httv2_qcd_DelphesPythia8_nompi_115.dat', 'tree_httv2_qcd_DelphesPythia8_nompi_116.dat', 'tree_httv2_qcd_DelphesPythia8_nompi_117.dat', 'tree_httv2_qcd_DelphesPythia8_nompi_118.dat', 'tree_httv2_qcd_DelphesPythia8_nompi_119.dat', 'tree_httv2_qcd_DelphesPythia8_nompi_12.dat', 'tree_httv2_qcd_DelphesPythia8_nompi_120.dat', 'tree_httv2_qcd_DelphesPythia8_nompi_121.dat', 'tree_httv2_qcd_DelphesPythia8_nompi_122.dat', 'tree_httv2_qcd_DelphesPythia8_nompi_123.dat', 'tree_httv2_qcd_DelphesPythia8_nompi_124.dat', 'tree_httv2_qcd_DelphesPythia8_nompi_125.dat', 'tree_httv2_qcd_DelphesPythia8_nompi_126.dat', 'tree_httv2_qcd_DelphesPythia8_nompi_127.dat', 'tree_httv2_qcd_DelphesPythia8_nompi_128.dat', 'tree_httv2_qcd_DelphesPythia8_nompi_129.dat', 'tree_httv2_qcd_DelphesPythia8_nompi_13.dat', 'tree_httv2_qcd_DelphesPythia8_nompi_130.dat', 'tree_httv2_qcd_DelphesPythia8_nompi_131.dat', 'tree_httv2_qcd_DelphesPythia8_nompi_132.dat', 'tree_httv2_qcd_DelphesPythia8_nompi_133.dat', 'tree_httv2_qcd_DelphesPythia8_nompi_134.dat', 'tree_httv2_qcd_DelphesPythia8_nompi_135.dat', 'tree_httv2_qcd_DelphesPythia8_nompi_136.dat', 'tree_httv2_qcd_DelphesPythia8_nompi_137.dat', 'tree_httv2_qcd_DelphesPythia8_nompi_138.dat', 'tree_httv2_qcd_DelphesPythia8_nompi_139.dat', 'tree_httv2_qcd_DelphesPythia8_nompi_14.dat', 'tree_httv2_qcd_DelphesPythia8_nompi_140.dat', 'tree_httv2_qcd_DelphesPythia8_nompi_141.dat', 'tree_httv2_qcd_DelphesPythia8_nompi_142.dat', 'tree_httv2_qcd_DelphesPythia8_nompi_143.dat', 'tree_httv2_qcd_DelphesPythia8_nompi_144.dat', 'tree_httv2_qcd_DelphesPythia8_nompi_145.dat', 'tree_httv2_qcd_DelphesPythia8_nompi_146.dat', 'tree_httv2_qcd_DelphesPythia8_nompi_147.dat', 'tree_httv2_qcd_DelphesPythia8_nompi_148.dat', 'tree_httv2_qcd_DelphesPythia8_nompi_149.dat', 'tree_httv2_qcd_DelphesPythia8_nompi_15.dat', 'tree_httv2_qcd_DelphesPythia8_nompi_150.dat', 'tree_httv2_qcd_DelphesPythia8_nompi_151.dat', 'tree_httv2_qcd_DelphesPythia8_nompi_152.dat', 'tree_httv2_qcd_DelphesPythia8_nompi_153.dat', 'tree_httv2_qcd_DelphesPythia8_nompi_154.dat', 'tree_httv2_qcd_DelphesPythia8_nompi_155.dat', 'tree_httv2_qcd_DelphesPythia8_nompi_156.dat', 'tree_httv2_qcd_DelphesPythia8_nompi_157.dat', 'tree_httv2_qcd_DelphesPythia8_nompi_158.dat', 'tree_httv2_qcd_DelphesPythia8_nompi_159.dat', 'tree_httv2_qcd_DelphesPythia8_nompi_16.dat', 'tree_httv2_qcd_DelphesPythia8_nompi_160.dat', 'tree_httv2_qcd_DelphesPythia8_nompi_161.dat', 'tree_httv2_qcd_DelphesPythia8_nompi_162.dat', 'tree_httv2_qcd_DelphesPythia8_nompi_163.dat', 'tree_httv2_qcd_DelphesPythia8_nompi_164.dat', 'tree_httv2_qcd_DelphesPythia8_nompi_165.dat', 'tree_httv2_qcd_DelphesPythia8_nompi_166.dat', 'tree_httv2_qcd_DelphesPythia8_nompi_167.dat', 'tree_httv2_qcd_DelphesPythia8_nompi_168.dat', 'tree_httv2_qcd_DelphesPythia8_nompi_169.dat', 'tree_httv2_qcd_DelphesPythia8_nompi_17.dat', 'tree_httv2_qcd_DelphesPythia8_nompi_170.dat', 'tree_httv2_qcd_DelphesPythia8_nompi_171.dat', 'tree_httv2_qcd_DelphesPythia8_nompi_172.dat', 'tree_httv2_qcd_DelphesPythia8_nompi_173.dat', 'tree_httv2_qcd_DelphesPythia8_nompi_174.dat', 'tree_httv2_qcd_DelphesPythia8_nompi_175.dat', 'tree_httv2_qcd_DelphesPythia8_nompi_176.dat', 'tree_httv2_qcd_DelphesPythia8_nompi_177.dat', 'tree_httv2_qcd_DelphesPythia8_nompi_178.dat', 'tree_httv2_qcd_DelphesPythia8_nompi_179.dat', 'tree_httv2_qcd_DelphesPythia8_nompi_18.dat', 'tree_httv2_qcd_DelphesPythia8_nompi_180.dat', 'tree_httv2_qcd_DelphesPythia8_nompi_181.dat', 'tree_httv2_qcd_DelphesPythia8_nompi_182.dat', 'tree_httv2_qcd_DelphesPythia8_nompi_183.dat', 'tree_httv2_qcd_DelphesPythia8_nompi_184.dat', 'tree_httv2_qcd_DelphesPythia8_nompi_185.dat', 'tree_httv2_qcd_DelphesPythia8_nompi_186.dat', 'tree_httv2_qcd_DelphesPythia8_nompi_187.dat', 'tree_httv2_qcd_DelphesPythia8_nompi_188.dat', 'tree_httv2_qcd_DelphesPythia8_nompi_189.dat', 'tree_httv2_qcd_DelphesPythia8_nompi_19.dat', 'tree_httv2_qcd_DelphesPythia8_nompi_190.dat', 'tree_httv2_qcd_DelphesPythia8_nompi_191.dat', 'tree_httv2_qcd_DelphesPythia8_nompi_192.dat', 'tree_httv2_qcd_DelphesPythia8_nompi_193.dat', 'tree_httv2_qcd_DelphesPythia8_nompi_194.dat', 'tree_httv2_qcd_DelphesPythia8_nompi_195.dat', 'tree_httv2_qcd_DelphesPythia8_nompi_196.dat', 'tree_httv2_qcd_DelphesPythia8_nompi_197.dat', 'tree_httv2_qcd_DelphesPythia8_nompi_198.dat', 'tree_httv2_qcd_DelphesPythia8_nompi_199.dat', 'tree_httv2_qcd_DelphesPythia8_nompi_2.dat', 'tree_httv2_qcd_DelphesPythia8_nompi_20.dat', 'tree_httv2_qcd_DelphesPythia8_nompi_21.dat', 'tree_httv2_qcd_DelphesPythia8_nompi_22.dat', 'tree_httv2_qcd_DelphesPythia8_nompi_23.dat', 'tree_httv2_qcd_DelphesPythia8_nompi_24.dat', 'tree_httv2_qcd_DelphesPythia8_nompi_25.dat', 'tree_httv2_qcd_DelphesPythia8_nompi_26.dat', 'tree_httv2_qcd_DelphesPythia8_nompi_27.dat', 'tree_httv2_qcd_DelphesPythia8_nompi_28.dat', 'tree_httv2_qcd_DelphesPythia8_nompi_29.dat', 'tree_httv2_qcd_DelphesPythia8_nompi_3.dat', 'tree_httv2_qcd_DelphesPythia8_nompi_30.dat', 'tree_httv2_qcd_DelphesPythia8_nompi_31.dat', 'tree_httv2_qcd_DelphesPythia8_nompi_32.dat', 'tree_httv2_qcd_DelphesPythia8_nompi_33.dat', 'tree_httv2_qcd_DelphesPythia8_nompi_34.dat', 'tree_httv2_qcd_DelphesPythia8_nompi_35.dat', 'tree_httv2_qcd_DelphesPythia8_nompi_36.dat', 'tree_httv2_qcd_DelphesPythia8_nompi_37.dat', 'tree_httv2_qcd_DelphesPythia8_nompi_38.dat', 'tree_httv2_qcd_DelphesPythia8_nompi_39.dat', 'tree_httv2_qcd_DelphesPythia8_nompi_4.dat', 'tree_httv2_qcd_DelphesPythia8_nompi_40.dat', 'tree_httv2_qcd_DelphesPythia8_nompi_41.dat', 'tree_httv2_qcd_DelphesPythia8_nompi_42.dat', 'tree_httv2_qcd_DelphesPythia8_nompi_43.dat', 'tree_httv2_qcd_DelphesPythia8_nompi_44.dat', 'tree_httv2_qcd_DelphesPythia8_nompi_45.dat', 'tree_httv2_qcd_DelphesPythia8_nompi_46.dat', 'tree_httv2_qcd_DelphesPythia8_nompi_47.dat', 'tree_httv2_qcd_DelphesPythia8_nompi_48.dat', 'tree_httv2_qcd_DelphesPythia8_nompi_49.dat', 'tree_httv2_qcd_DelphesPythia8_nompi_5.dat', 'tree_httv2_qcd_DelphesPythia8_nompi_50.dat', 'tree_httv2_qcd_DelphesPythia8_nompi_51.dat', 'tree_httv2_qcd_DelphesPythia8_nompi_52.dat', 'tree_httv2_qcd_DelphesPythia8_nompi_53.dat', 'tree_httv2_qcd_DelphesPythia8_nompi_54.dat', 'tree_httv2_qcd_DelphesPythia8_nompi_55.dat', 'tree_httv2_qcd_DelphesPythia8_nompi_56.dat', 'tree_httv2_qcd_DelphesPythia8_nompi_57.dat', 'tree_httv2_qcd_DelphesPythia8_nompi_58.dat', 'tree_httv2_qcd_DelphesPythia8_nompi_59.dat', 'tree_httv2_qcd_DelphesPythia8_nompi_6.dat', 'tree_httv2_qcd_DelphesPythia8_nompi_60.dat', 'tree_httv2_qcd_DelphesPythia8_nompi_61.dat', 'tree_httv2_qcd_DelphesPythia8_nompi_62.dat', 'tree_httv2_qcd_DelphesPythia8_nompi_63.dat', 'tree_httv2_qcd_DelphesPythia8_nompi_64.dat', 'tree_httv2_qcd_DelphesPythia8_nompi_65.dat', 'tree_httv2_qcd_DelphesPythia8_nompi_66.dat', 'tree_httv2_qcd_DelphesPythia8_nompi_67.dat', 'tree_httv2_qcd_DelphesPythia8_nompi_68.dat', 'tree_httv2_qcd_DelphesPythia8_nompi_69.dat', 'tree_httv2_qcd_DelphesPythia8_nompi_7.dat', 'tree_httv2_qcd_DelphesPythia8_nompi_70.dat', 'tree_httv2_qcd_DelphesPythia8_nompi_71.dat', 'tree_httv2_qcd_DelphesPythia8_nompi_72.dat', 'tree_httv2_qcd_DelphesPythia8_nompi_73.dat', 'tree_httv2_qcd_DelphesPythia8_nompi_74.dat', 'tree_httv2_qcd_DelphesPythia8_nompi_75.dat', 'tree_httv2_qcd_DelphesPythia8_nompi_76.dat', 'tree_httv2_qcd_DelphesPythia8_nompi_77.dat', 'tree_httv2_qcd_DelphesPythia8_nompi_78.dat', 'tree_httv2_qcd_DelphesPythia8_nompi_79.dat', 'tree_httv2_qcd_DelphesPythia8_nompi_8.dat', 'tree_httv2_qcd_DelphesPythia8_nompi_80.dat', 'tree_httv2_qcd_DelphesPythia8_nompi_81.dat', 'tree_httv2_qcd_DelphesPythia8_nompi_82.dat', 'tree_httv2_qcd_DelphesPythia8_nompi_83.dat', 'tree_httv2_qcd_DelphesPythia8_nompi_84.dat', 'tree_httv2_qcd_DelphesPythia8_nompi_85.dat', 'tree_httv2_qcd_DelphesPythia8_nompi_86.dat', 'tree_httv2_qcd_DelphesPythia8_nompi_87.dat', 'tree_httv2_qcd_DelphesPythia8_nompi_88.dat', 'tree_httv2_qcd_DelphesPythia8_nompi_89.dat', 'tree_httv2_qcd_DelphesPythia8_nompi_9.dat', 'tree_httv2_qcd_DelphesPythia8_nompi_90.dat', 'tree_httv2_qcd_DelphesPythia8_nompi_91.dat', 'tree_httv2_qcd_DelphesPythia8_nompi_92.dat', 'tree_httv2_qcd_DelphesPythia8_nompi_93.dat', 'tree_httv2_qcd_DelphesPythia8_nompi_94.dat', 'tree_httv2_qcd_DelphesPythia8_nompi_95.dat', 'tree_httv2_qcd_DelphesPythia8_nompi_96.dat', 'tree_httv2_qcd_DelphesPythia8_nompi_97.dat', 'tree_httv2_qcd_DelphesPythia8_nompi_98.dat', 'tree_httv2_qcd_DelphesPythia8_nompi_99.dat']
2018-10-31 15:55:05,062:INFO: Ntotjets=10000
2018-10-31 15:55:06,436:INFO: Ntotjets=20000
2018-10-31 15:55:07,808:INFO: Ntotjets=30000
2018-10-31 15:55:09,229:INFO: Ntotjets=40000
2018-10-31 15:55:10,592:INFO: Ntotjets=50000
2018-10-31 15:55:11,956:INFO: Ntotjets=60000
2018-10-31 15:55:13,321:INFO: Ntotjets=70000
2018-10-31 15:55:14,688:INFO: Ntotjets=80000
2018-10-31 15:55:14,688:INFO: Tree generation time (minutes) =0.395794161160787
2018-10-31 16:02:25,331:INFO: Splitting into train, validation and test datasets, and shuffling...
2018-10-31 16:02:36,311:INFO: Split sample time (minutes) =7.756178184350332
2018-10-31 16:02:36,311:INFO: Creating train batches ...
2018-10-31 16:02:39,221:INFO: Number of batches created=100
2018-10-31 16:02:42,163:INFO: Number of batches created=200
2018-10-31 16:02:45,053:INFO: Number of batches created=300
2018-10-31 16:02:47,979:INFO: Number of batches created=400
2018-10-31 16:02:50,889:INFO: Number of batches created=500
2018-10-31 16:02:53,768:INFO: Number of batches created=600
2018-10-31 16:02:56,635:INFO: Number of batches created=700
2018-10-31 16:02:58,079:INFO: Creating val batches ...
2018-10-31 16:03:00,978:INFO: Number of batches created=100
2018-10-31 16:03:03,846:INFO: Number of batches created=200
2018-10-31 16:03:05,275:INFO: Creating test batches ...
2018-10-31 16:03:08,196:INFO: Number of batches created=100
2018-10-31 16:03:11,092:INFO: Number of batches created=200
2018-10-31 16:03:12,533:INFO: Number of test_batches=250
2018-10-31 16:03:12,533:INFO: Batch generation time (minutes) =8.359874053796132
2018-10-31 16:03:12,533:INFO: Train and val batch size=128
2018-10-31 16:03:12,533:INFO: Number of train_batches=750
2018-10-31 16:03:12,533:INFO: Number of val_batches=250
2018-10-31 16:03:31,697:INFO: ------------------------------------------------------------
2018-10-31 16:03:31,697:INFO: Loading the datasets...
2018-10-31 16:03:33,982:INFO: - done loading the datasets
2018-10-31 16:03:33,982:INFO: ------------------------------------------------------------
2018-10-31 16:03:35,683:INFO: Building optimizer...
2018-10-31 16:03:35,683:INFO: Starting training for 40 epoch(s)
2018-10-31 16:03:35,683:INFO: Epoch 1/40
2018-10-31 16:03:59,802:INFO: - Train metrics: accuracy: 0.729 ; loss: 0.888
2018-10-31 16:04:04,933:INFO: - Eval metrics : accuracy: 0.787 ; loss: 0.442
2018-10-31 16:04:04,943:INFO: - Found new best accuracy
2018-10-31 16:04:04,944:INFO: Epoch 2/40
2018-10-31 16:04:28,038:INFO: - Train metrics: accuracy: 0.805 ; loss: 0.412
2018-10-31 16:04:32,431:INFO: - Eval metrics : accuracy: 0.773 ; loss: 0.454
2018-10-31 16:04:32,471:INFO: Epoch 3/40
2018-10-31 16:04:52,600:INFO: - Train metrics: accuracy: 0.803 ; loss: 0.409
2018-10-31 16:04:56,804:INFO: - Eval metrics : accuracy: 0.786 ; loss: 0.433
2018-10-31 16:04:56,806:INFO: Epoch 4/40
2018-10-31 16:05:19,022:INFO: - Train metrics: accuracy: 0.811 ; loss: 0.392
2018-10-31 16:05:24,008:INFO: - Eval metrics : accuracy: 0.801 ; loss: 0.417
2018-10-31 16:05:24,048:INFO: - Found new best accuracy
2018-10-31 16:05:24,049:INFO: Epoch 5/40
2018-10-31 16:05:46,931:INFO: - Train metrics: accuracy: 0.829 ; loss: 0.378
2018-10-31 16:05:51,146:INFO: - Eval metrics : accuracy: 0.810 ; loss: 0.410
2018-10-31 16:05:51,193:INFO: - Found new best accuracy
2018-10-31 16:05:51,194:INFO: Epoch 6/40
2018-10-31 16:06:13,221:INFO: - Train metrics: accuracy: 0.837 ; loss: 0.360
2018-10-31 16:06:17,427:INFO: - Eval metrics : accuracy: 0.851 ; loss: 0.331
2018-10-31 16:06:17,482:INFO: - Found new best accuracy
2018-10-31 16:06:17,483:INFO: Epoch 7/40
2018-10-31 16:06:38,856:INFO: - Train metrics: accuracy: 0.900 ; loss: 0.254
2018-10-31 16:06:43,068:INFO: - Eval metrics : accuracy: 0.906 ; loss: 0.231
2018-10-31 16:06:43,096:INFO: - Found new best accuracy
2018-10-31 16:06:43,097:INFO: Epoch 8/40
2018-10-31 16:07:05,161:INFO: - Train metrics: accuracy: 0.922 ; loss: 0.213
2018-10-31 16:07:09,378:INFO: - Eval metrics : accuracy: 0.903 ; loss: 0.232
2018-10-31 16:07:09,416:INFO: Epoch 9/40
2018-10-31 16:07:31,997:INFO: - Train metrics: accuracy: 0.915 ; loss: 0.211
2018-10-31 16:07:36,214:INFO: - Eval metrics : accuracy: 0.919 ; loss: 0.201
2018-10-31 16:07:36,250:INFO: - Found new best accuracy
2018-10-31 16:07:36,251:INFO: Epoch 10/40
2018-10-31 16:07:58,828:INFO: - Train metrics: accuracy: 0.918 ; loss: 0.197
2018-10-31 16:08:03,051:INFO: - Eval metrics : accuracy: 0.919 ; loss: 0.196
2018-10-31 16:08:03,083:INFO: - Found new best accuracy
2018-10-31 16:08:03,084:INFO: Epoch 11/40
2018-10-31 16:08:25,579:INFO: - Train metrics: accuracy: 0.924 ; loss: 0.189
2018-10-31 16:08:29,799:INFO: - Eval metrics : accuracy: 0.921 ; loss: 0.190
2018-10-31 16:08:29,839:INFO: - Found new best accuracy
2018-10-31 16:08:29,840:INFO: Epoch 12/40
2018-10-31 16:08:52,532:INFO: - Train metrics: accuracy: 0.924 ; loss: 0.181
2018-10-31 16:08:56,748:INFO: - Eval metrics : accuracy: 0.923 ; loss: 0.186
2018-10-31 16:08:56,789:INFO: - Found new best accuracy
2018-10-31 16:08:56,790:INFO: Epoch 13/40
2018-10-31 16:09:17,883:INFO: - Train metrics: accuracy: 0.931 ; loss: 0.177
2018-10-31 16:09:22,093:INFO: - Eval metrics : accuracy: 0.925 ; loss: 0.182
2018-10-31 16:09:22,143:INFO: - Found new best accuracy
2018-10-31 16:09:22,153:INFO: Epoch 14/40
2018-10-31 16:09:47,651:INFO: - Train metrics: accuracy: 0.935 ; loss: 0.174
2018-10-31 16:09:52,589:INFO: - Eval metrics : accuracy: 0.927 ; loss: 0.178
2018-10-31 16:09:52,592:INFO: - Found new best accuracy
2018-10-31 16:09:52,592:INFO: Epoch 15/40
2018-10-31 16:10:17,746:INFO: - Train metrics: accuracy: 0.939 ; loss: 0.168
2018-10-31 16:10:22,688:INFO: - Eval metrics : accuracy: 0.927 ; loss: 0.177
2018-10-31 16:10:22,691:INFO: - Found new best accuracy
2018-10-31 16:10:22,692:INFO: Epoch 16/40
2018-10-31 16:10:48,086:INFO: - Train metrics: accuracy: 0.936 ; loss: 0.166
2018-10-31 16:10:53,135:INFO: - Eval metrics : accuracy: 0.930 ; loss: 0.173
2018-10-31 16:10:53,138:INFO: - Found new best accuracy
2018-10-31 16:10:53,138:INFO: Epoch 17/40
2018-10-31 16:11:18,468:INFO: - Train metrics: accuracy: 0.930 ; loss: 0.162
2018-10-31 16:11:23,426:INFO: - Eval metrics : accuracy: 0.931 ; loss: 0.170
2018-10-31 16:11:23,454:INFO: - Found new best accuracy
2018-10-31 16:11:23,454:INFO: Epoch 18/40
2018-10-31 16:11:48,676:INFO: - Train metrics: accuracy: 0.935 ; loss: 0.160
2018-10-31 16:11:53,610:INFO: - Eval metrics : accuracy: 0.931 ; loss: 0.169
2018-10-31 16:11:53,658:INFO: Epoch 19/40
2018-10-31 16:12:18,871:INFO: - Train metrics: accuracy: 0.938 ; loss: 0.154
2018-10-31 16:12:23,802:INFO: - Eval metrics : accuracy: 0.932 ; loss: 0.169
2018-10-31 16:12:23,837:INFO: - Found new best accuracy
2018-10-31 16:12:23,837:INFO: Epoch 20/40
2018-10-31 16:12:45,014:INFO: - Train metrics: accuracy: 0.939 ; loss: 0.154
2018-10-31 16:12:49,223:INFO: - Eval metrics : accuracy: 0.932 ; loss: 0.168
2018-10-31 16:12:49,263:INFO: - Found new best accuracy
2018-10-31 16:12:49,264:INFO: Epoch 21/40
2018-10-31 16:13:12,497:INFO: - Train metrics: accuracy: 0.936 ; loss: 0.153
2018-10-31 16:13:17,506:INFO: - Eval metrics : accuracy: 0.932 ; loss: 0.170
2018-10-31 16:13:17,540:INFO: - Found new best accuracy
2018-10-31 16:13:17,540:INFO: Epoch 22/40
2018-10-31 16:13:38,848:INFO: - Train metrics: accuracy: 0.939 ; loss: 0.152
2018-10-31 16:13:43,068:INFO: - Eval metrics : accuracy: 0.932 ; loss: 0.168
2018-10-31 16:13:43,107:INFO: - Found new best accuracy
2018-10-31 16:13:43,109:INFO: Epoch 23/40
2018-10-31 16:14:07,890:INFO: - Train metrics: accuracy: 0.936 ; loss: 0.149
2018-10-31 16:14:12,092:INFO: - Eval metrics : accuracy: 0.933 ; loss: 0.168
2018-10-31 16:14:12,128:INFO: - Found new best accuracy
2018-10-31 16:14:12,129:INFO: Epoch 24/40
2018-10-31 16:14:33,033:INFO: - Train metrics: accuracy: 0.940 ; loss: 0.145
2018-10-31 16:14:37,241:INFO: - Eval metrics : accuracy: 0.932 ; loss: 0.169
2018-10-31 16:14:37,313:INFO: Epoch 25/40
2018-10-31 16:14:56,560:INFO: - Train metrics: accuracy: 0.940 ; loss: 0.144
2018-10-31 16:15:00,622:INFO: - Eval metrics : accuracy: 0.933 ; loss: 0.168
2018-10-31 16:15:00,659:INFO: Epoch 26/40
2018-10-31 16:15:24,875:INFO: - Train metrics: accuracy: 0.938 ; loss: 0.144
2018-10-31 16:15:29,821:INFO: - Eval metrics : accuracy: 0.932 ; loss: 0.169
2018-10-31 16:15:29,861:INFO: Epoch 27/40
2018-10-31 16:15:51,618:INFO: - Train metrics: accuracy: 0.943 ; loss: 0.141
2018-10-31 16:15:55,827:INFO: - Eval metrics : accuracy: 0.932 ; loss: 0.169
2018-10-31 16:15:55,892:INFO: Epoch 28/40
2018-10-31 16:16:18,613:INFO: - Train metrics: accuracy: 0.943 ; loss: 0.140
2018-10-31 16:16:22,830:INFO: - Eval metrics : accuracy: 0.932 ; loss: 0.168
2018-10-31 16:16:22,867:INFO: Epoch 29/40
2018-10-31 16:16:48,237:INFO: - Train metrics: accuracy: 0.943 ; loss: 0.138
2018-10-31 16:16:53,185:INFO: - Eval metrics : accuracy: 0.933 ; loss: 0.168
2018-10-31 16:16:53,223:INFO: Epoch 30/40
2018-10-31 16:17:18,319:INFO: - Train metrics: accuracy: 0.947 ; loss: 0.137
2018-10-31 16:17:23,245:INFO: - Eval metrics : accuracy: 0.933 ; loss: 0.168
2018-10-31 16:17:23,288:INFO: Epoch 31/40
2018-10-31 16:17:43,309:INFO: - Train metrics: accuracy: 0.945 ; loss: 0.138
2018-10-31 16:17:47,511:INFO: - Eval metrics : accuracy: 0.933 ; loss: 0.168
2018-10-31 16:17:47,548:INFO: Epoch 32/40
2018-10-31 16:18:06,053:INFO: - Train metrics: accuracy: 0.945 ; loss: 0.137
2018-10-31 16:18:10,642:INFO: - Eval metrics : accuracy: 0.933 ; loss: 0.168
2018-10-31 16:18:10,681:INFO: - Found new best accuracy
2018-10-31 16:18:10,682:INFO: Epoch 33/40
2018-10-31 16:18:30,714:INFO: - Train metrics: accuracy: 0.944 ; loss: 0.136
2018-10-31 16:18:34,777:INFO: - Eval metrics : accuracy: 0.933 ; loss: 0.168
2018-10-31 16:18:34,815:INFO: - Found new best accuracy
2018-10-31 16:18:34,815:INFO: Epoch 34/40
2018-10-31 16:18:55,016:INFO: - Train metrics: accuracy: 0.949 ; loss: 0.136
2018-10-31 16:18:59,216:INFO: - Eval metrics : accuracy: 0.933 ; loss: 0.167
2018-10-31 16:18:59,245:INFO: Epoch 35/40
2018-10-31 16:19:24,409:INFO: - Train metrics: accuracy: 0.948 ; loss: 0.136
2018-10-31 16:19:29,423:INFO: - Eval metrics : accuracy: 0.934 ; loss: 0.167
2018-10-31 16:19:29,461:INFO: - Found new best accuracy
2018-10-31 16:19:29,462:INFO: Epoch 36/40
2018-10-31 16:19:48,552:INFO: - Train metrics: accuracy: 0.945 ; loss: 0.135
2018-10-31 16:19:52,763:INFO: - Eval metrics : accuracy: 0.934 ; loss: 0.166
2018-10-31 16:19:52,805:INFO: - Found new best accuracy
2018-10-31 16:19:52,805:INFO: Epoch 37/40
2018-10-31 16:20:12,104:INFO: - Train metrics: accuracy: 0.944 ; loss: 0.135
2018-10-31 16:20:16,315:INFO: - Eval metrics : accuracy: 0.934 ; loss: 0.166
2018-10-31 16:20:16,357:INFO: - Found new best accuracy
2018-10-31 16:20:16,357:INFO: Epoch 38/40
2018-10-31 16:20:35,591:INFO: - Train metrics: accuracy: 0.945 ; loss: 0.134
2018-10-31 16:20:39,797:INFO: - Eval metrics : accuracy: 0.934 ; loss: 0.166
2018-10-31 16:20:39,845:INFO: - Found new best accuracy
2018-10-31 16:20:39,846:INFO: Epoch 39/40
2018-10-31 16:21:04,786:INFO: - Train metrics: accuracy: 0.947 ; loss: 0.134
2018-10-31 16:21:09,209:INFO: - Eval metrics : accuracy: 0.935 ; loss: 0.166
2018-10-31 16:21:09,249:INFO: - Found new best accuracy
2018-10-31 16:21:09,250:INFO: Epoch 40/40
2018-10-31 16:21:34,430:INFO: - Train metrics: accuracy: 0.948 ; loss: 0.133
2018-10-31 16:21:39,364:INFO: - Eval metrics : accuracy: 0.935 ; loss: 0.166
2018-10-31 16:21:39,433:INFO: - Found new best accuracy
2018-10-31 16:21:39,433:INFO: Total time (minutes) =26.808215908209483
