2018-10-29 20:53:12,022:INFO: Loading the dataset ...
2018-10-29 20:53:12,631:INFO: - done.
2018-10-29 20:53:14,896:INFO: Starting evaluation
2018-10-29 20:53:19,614:INFO: Labels=[1. 0. 0. 0. 1. 0. 0. 1. 1. 0.]
2018-10-29 20:53:19,614:INFO: Out prob=[9.97962594e-01 5.53775616e-02 4.17557150e-01 1.24246566e-04
 9.30158019e-01 9.70550954e-01 5.98922995e-11 9.98115897e-01
 9.98842061e-01 7.07305875e-03]
2018-10-29 20:53:19,615:INFO: ------------------------------------------------------------------------------------------------------------------------
2018-10-29 20:53:19,615:INFO: len labels after =32000
2018-10-29 20:53:19,615:INFO: len out_prob after32000
2018-10-29 20:53:19,615:INFO: length y_test=32000
2018-10-29 20:53:19,615:INFO: Lenght y_score=32000
2018-10-29 20:53:19,621:INFO: Length y_score 32000
2018-10-29 20:53:19,621:INFO: Length y_test 32000
2018-10-29 20:53:19,621:INFO: Thresholds[0:6] = 
 [0.99972564 0.99970007 0.99964631 0.99964166 0.99963868 0.99963057]
2018-10-29 20:53:19,621:INFO: Thresholds lenght = 
31658
2018-10-29 20:53:19,621:INFO: fpr lenght31658
2018-10-29 20:53:19,621:INFO: tpr lenght31658
2018-10-29 20:53:19,754:INFO: ------------------------------------------------------------------------------------------------------------------------
2018-10-29 20:53:19,761:INFO: roc_auc=0.9826212655571143
2018-10-29 20:53:19,761:INFO: ------------------------------------------------------------------------------------------------------------------------
2018-10-29 20:53:19,762:INFO: - Eval metrics : accuracy: 0.93275 ; loss: 0.16513
