2018-10-29 21:09:22,523:INFO: Loading the dataset ...
2018-10-29 21:09:23,736:INFO: - done.
2018-10-29 21:09:25,458:INFO: Starting evaluation
2018-10-29 21:09:35,881:INFO: Labels=[1. 1. 1. 1. 1. 1. 0. 0. 1. 0.]
2018-10-29 21:09:35,882:INFO: Out prob=[9.80663896e-01 9.39680457e-01 8.02835464e-01 9.95678484e-01
 9.31619048e-01 9.97625887e-01 2.29301095e-05 6.42817542e-02
 9.46498692e-01 4.38674906e-05]
2018-10-29 21:09:35,882:INFO: ------------------------------------------------------------------------------------------------------------------------
2018-10-29 21:09:35,882:INFO: len labels after =64000
2018-10-29 21:09:35,882:INFO: len out_prob after64000
2018-10-29 21:09:35,882:INFO: length y_test=64000
2018-10-29 21:09:35,882:INFO: Lenght y_score=64000
2018-10-29 21:09:35,894:INFO: Length y_score 64000
2018-10-29 21:09:35,894:INFO: Length y_test 64000
2018-10-29 21:09:35,894:INFO: Thresholds[0:6] = 
 [0.99994278 0.99994266 0.99994028 0.99993789 0.9999299  0.99992907]
2018-10-29 21:09:35,894:INFO: Thresholds lenght = 
62340
2018-10-29 21:09:35,894:INFO: fpr lenght62340
2018-10-29 21:09:35,894:INFO: tpr lenght62340
2018-10-29 21:09:36,127:INFO: ------------------------------------------------------------------------------------------------------------------------
2018-10-29 21:09:36,142:INFO: roc_auc=0.9847565458835512
2018-10-29 21:09:36,142:INFO: ------------------------------------------------------------------------------------------------------------------------
2018-10-29 21:09:36,144:INFO: - Eval metrics : accuracy: 0.93955 ; loss: 0.15355
