2018-10-29 17:17:45,260:INFO: search_hyperparam_sample_name=top_qcd_jets_antikt_kt__40000_Njets_128_batch
2018-10-29 17:17:45,261:INFO: ------------------------------------------------------------
2018-10-29 17:17:45,261:INFO: Loading the datasets...
2018-10-29 17:17:46,275:INFO: - done loading the datasets
2018-10-29 17:17:46,275:INFO: ------------------------------------------------------------
2018-10-29 17:17:47,977:INFO: Building optimizer...
2018-10-29 17:17:47,977:INFO: Starting training for 30 epoch(s)
2018-10-29 17:17:47,977:INFO: Epoch 1/30
2018-10-29 17:17:59,729:INFO: - Train metrics: accuracy: 0.716 ; loss: 0.958
2018-10-29 17:18:02,166:INFO: - Eval metrics : accuracy: 0.772 ; loss: 0.464
2018-10-29 17:18:02,180:INFO: - Found new best accuracy
2018-10-29 17:18:02,180:INFO: Epoch 2/30
2018-10-29 17:18:13,855:INFO: - Train metrics: accuracy: 0.786 ; loss: 0.423
2018-10-29 17:18:16,425:INFO: - Eval metrics : accuracy: 0.786 ; loss: 0.445
2018-10-29 17:18:16,462:INFO: - Found new best accuracy
2018-10-29 17:18:16,463:INFO: Epoch 3/30
2018-10-29 17:18:28,404:INFO: - Train metrics: accuracy: 0.828 ; loss: 0.394
2018-10-29 17:18:30,894:INFO: - Eval metrics : accuracy: 0.784 ; loss: 0.444
2018-10-29 17:18:30,952:INFO: Epoch 4/30
2018-10-29 17:18:43,398:INFO: - Train metrics: accuracy: 0.818 ; loss: 0.383
2018-10-29 17:18:45,933:INFO: - Eval metrics : accuracy: 0.787 ; loss: 0.442
2018-10-29 17:18:45,970:INFO: - Found new best accuracy
2018-10-29 17:18:45,971:INFO: Epoch 5/30
2018-10-29 17:18:57,891:INFO: - Train metrics: accuracy: 0.833 ; loss: 0.377
2018-10-29 17:19:00,235:INFO: - Eval metrics : accuracy: 0.793 ; loss: 0.429
2018-10-29 17:19:00,238:INFO: - Found new best accuracy
2018-10-29 17:19:00,239:INFO: Epoch 6/30
2018-10-29 17:19:10,290:INFO: - Train metrics: accuracy: 0.833 ; loss: 0.370
2018-10-29 17:19:12,775:INFO: - Eval metrics : accuracy: 0.798 ; loss: 0.420
2018-10-29 17:19:12,813:INFO: - Found new best accuracy
2018-10-29 17:19:12,813:INFO: Epoch 7/30
2018-10-29 17:19:23,480:INFO: - Train metrics: accuracy: 0.839 ; loss: 0.364
2018-10-29 17:19:26,035:INFO: - Eval metrics : accuracy: 0.804 ; loss: 0.414
2018-10-29 17:19:26,076:INFO: - Found new best accuracy
2018-10-29 17:19:26,076:INFO: Epoch 8/30
2018-10-29 17:19:36,798:INFO: - Train metrics: accuracy: 0.839 ; loss: 0.357
2018-10-29 17:19:39,289:INFO: - Eval metrics : accuracy: 0.804 ; loss: 0.411
2018-10-29 17:19:39,318:INFO: - Found new best accuracy
2018-10-29 17:19:39,318:INFO: Epoch 9/30
2018-10-29 17:19:51,236:INFO: - Train metrics: accuracy: 0.841 ; loss: 0.358
2018-10-29 17:19:53,461:INFO: - Eval metrics : accuracy: 0.806 ; loss: 0.410
2018-10-29 17:19:53,501:INFO: - Found new best accuracy
2018-10-29 17:19:53,502:INFO: Epoch 10/30
2018-10-29 17:20:04,885:INFO: - Train metrics: accuracy: 0.839 ; loss: 0.357
2018-10-29 17:20:06,946:INFO: - Eval metrics : accuracy: 0.807 ; loss: 0.408
2018-10-29 17:20:06,984:INFO: - Found new best accuracy
2018-10-29 17:20:06,984:INFO: Epoch 11/30
2018-10-29 17:20:17,200:INFO: - Train metrics: accuracy: 0.841 ; loss: 0.352
2018-10-29 17:20:19,310:INFO: - Eval metrics : accuracy: 0.807 ; loss: 0.407
2018-10-29 17:20:19,338:INFO: - Found new best accuracy
2018-10-29 17:20:19,339:INFO: Epoch 12/30
2018-10-29 17:20:28,614:INFO: - Train metrics: accuracy: 0.841 ; loss: 0.351
2018-10-29 17:20:30,637:INFO: - Eval metrics : accuracy: 0.807 ; loss: 0.407
2018-10-29 17:20:30,673:INFO: - Found new best accuracy
2018-10-29 17:20:30,673:INFO: Epoch 13/30
2018-10-29 17:20:40,342:INFO: - Train metrics: accuracy: 0.844 ; loss: 0.353
2018-10-29 17:20:42,741:INFO: - Eval metrics : accuracy: 0.807 ; loss: 0.408
2018-10-29 17:20:42,782:INFO: Epoch 14/30
2018-10-29 17:20:52,641:INFO: - Train metrics: accuracy: 0.839 ; loss: 0.356
2018-10-29 17:20:54,826:INFO: - Eval metrics : accuracy: 0.807 ; loss: 0.408
2018-10-29 17:20:54,866:INFO: - Found new best accuracy
2018-10-29 17:20:54,866:INFO: Epoch 15/30
2018-10-29 17:21:04,915:INFO: - Train metrics: accuracy: 0.839 ; loss: 0.358
2018-10-29 17:21:06,955:INFO: - Eval metrics : accuracy: 0.807 ; loss: 0.407
2018-10-29 17:21:06,992:INFO: - Found new best accuracy
2018-10-29 17:21:06,993:INFO: Epoch 16/30
2018-10-29 17:21:17,418:INFO: - Train metrics: accuracy: 0.836 ; loss: 0.357
2018-10-29 17:21:19,465:INFO: - Eval metrics : accuracy: 0.808 ; loss: 0.406
2018-10-29 17:21:19,493:INFO: - Found new best accuracy
2018-10-29 17:21:19,493:INFO: Epoch 17/30
2018-10-29 17:21:29,066:INFO: - Train metrics: accuracy: 0.841 ; loss: 0.357
2018-10-29 17:21:31,219:INFO: - Eval metrics : accuracy: 0.808 ; loss: 0.406
2018-10-29 17:21:31,258:INFO: Epoch 18/30
2018-10-29 17:21:42,820:INFO: - Train metrics: accuracy: 0.841 ; loss: 0.356
2018-10-29 17:21:45,312:INFO: - Eval metrics : accuracy: 0.808 ; loss: 0.406
2018-10-29 17:21:45,352:INFO: Epoch 19/30
2018-10-29 17:21:57,390:INFO: - Train metrics: accuracy: 0.841 ; loss: 0.356
2018-10-29 17:22:00,012:INFO: - Eval metrics : accuracy: 0.808 ; loss: 0.406
2018-10-29 17:22:00,051:INFO: Epoch 20/30
2018-10-29 17:22:12,278:INFO: - Train metrics: accuracy: 0.841 ; loss: 0.356
2018-10-29 17:22:14,760:INFO: - Eval metrics : accuracy: 0.808 ; loss: 0.406
2018-10-29 17:22:14,789:INFO: Epoch 21/30
2018-10-29 17:22:26,981:INFO: - Train metrics: accuracy: 0.839 ; loss: 0.356
2018-10-29 17:22:29,477:INFO: - Eval metrics : accuracy: 0.808 ; loss: 0.406
2018-10-29 17:22:29,481:INFO: Epoch 22/30
2018-10-29 17:22:40,636:INFO: - Train metrics: accuracy: 0.839 ; loss: 0.355
2018-10-29 17:22:43,052:INFO: - Eval metrics : accuracy: 0.808 ; loss: 0.406
2018-10-29 17:22:43,083:INFO: Epoch 23/30
2018-10-29 17:22:54,595:INFO: - Train metrics: accuracy: 0.839 ; loss: 0.355
2018-10-29 17:22:56,705:INFO: - Eval metrics : accuracy: 0.808 ; loss: 0.406
2018-10-29 17:22:56,738:INFO: Epoch 24/30
2018-10-29 17:23:07,715:INFO: - Train metrics: accuracy: 0.839 ; loss: 0.355
2018-10-29 17:23:09,776:INFO: - Eval metrics : accuracy: 0.808 ; loss: 0.405
2018-10-29 17:23:09,805:INFO: Epoch 25/30
2018-10-29 17:23:19,862:INFO: - Train metrics: accuracy: 0.839 ; loss: 0.355
2018-10-29 17:23:22,384:INFO: - Eval metrics : accuracy: 0.808 ; loss: 0.405
2018-10-29 17:23:22,422:INFO: Epoch 26/30
2018-10-29 17:23:34,629:INFO: - Train metrics: accuracy: 0.839 ; loss: 0.355
2018-10-29 17:23:37,080:INFO: - Eval metrics : accuracy: 0.808 ; loss: 0.405
2018-10-29 17:23:37,116:INFO: Epoch 27/30
2018-10-29 17:23:47,544:INFO: - Train metrics: accuracy: 0.839 ; loss: 0.355
2018-10-29 17:23:49,785:INFO: - Eval metrics : accuracy: 0.807 ; loss: 0.405
2018-10-29 17:23:49,842:INFO: Epoch 28/30
2018-10-29 17:24:00,536:INFO: - Train metrics: accuracy: 0.839 ; loss: 0.355
2018-10-29 17:24:02,947:INFO: - Eval metrics : accuracy: 0.808 ; loss: 0.405
2018-10-29 17:24:02,984:INFO: Epoch 29/30
2018-10-29 17:24:13,164:INFO: - Train metrics: accuracy: 0.839 ; loss: 0.355
2018-10-29 17:24:15,210:INFO: - Eval metrics : accuracy: 0.808 ; loss: 0.405
2018-10-29 17:24:15,248:INFO: Epoch 30/30
2018-10-29 17:24:25,937:INFO: - Train metrics: accuracy: 0.839 ; loss: 0.355
2018-10-29 17:24:28,330:INFO: - Eval metrics : accuracy: 0.808 ; loss: 0.405
2018-10-29 17:24:28,368:INFO: Total time (minutes) =6.718461346626282
