2018-11-01 14:42:47,802:INFO: Loading the dataset ...
2018-11-01 14:42:48,477:INFO: - done.
2018-11-01 14:42:50,143:INFO: Starting evaluation
2018-11-01 14:42:55,313:INFO: Labels=[1. 0. 0. 0. 1. 0. 0. 1. 1. 0.]
2018-11-01 14:42:55,314:INFO: Out prob=[9.99445260e-01 1.00041933e-01 6.42379403e-01 2.19534762e-04
 9.20783639e-01 9.77025807e-01 1.87469836e-24 9.98164356e-01
 9.98967171e-01 6.04213914e-04]
2018-11-01 14:42:55,314:INFO: ------------------------------------------------------------------------------------------------------------------------
2018-11-01 14:42:55,314:INFO: len labels after =32000
2018-11-01 14:42:55,314:INFO: len out_prob after32000
2018-11-01 14:42:55,314:INFO: length y_test=32000
2018-11-01 14:42:55,314:INFO: Lenght y_score=32000
2018-11-01 14:42:55,320:INFO: Length y_score 32000
2018-11-01 14:42:55,320:INFO: Length y_test 32000
2018-11-01 14:42:55,320:INFO: Thresholds[0:6] = 
 [0.99989152 0.99988103 0.99987793 0.99987721 0.99985886 0.99984527]
2018-11-01 14:42:55,320:INFO: Thresholds lenght = 
31472
2018-11-01 14:42:55,321:INFO: fpr lenght31472
2018-11-01 14:42:55,321:INFO: tpr lenght31472
2018-11-01 14:42:55,471:INFO: ------------------------------------------------------------------------------------------------------------------------
2018-11-01 14:42:55,479:INFO: roc_auc=0.9828341132141957
2018-11-01 14:42:55,479:INFO: ------------------------------------------------------------------------------------------------------------------------
2018-11-01 14:42:55,480:INFO: - Eval metrics : accuracy: 0.93350 ; loss: 0.16641
