2018-11-06 20:34:59,532:INFO: Loading the dataset ...
2018-11-06 20:35:00,107:INFO: - done.
2018-11-06 20:35:01,845:INFO: Starting evaluation
2018-11-06 20:35:06,423:INFO: Labels=[1. 0. 0. 0. 1. 0. 0. 1. 1. 0.]
2018-11-06 20:35:06,423:INFO: Out prob=[8.88614476e-01 1.90832463e-04 1.01833465e-02 6.26438498e-01
 9.99335110e-01 8.13095630e-06 2.65675535e-05 9.91888225e-01
 9.66231465e-01 4.58220275e-05]
2018-11-06 20:35:06,423:INFO: ------------------------------------------------------------------------------------------------------------------------
2018-11-06 20:35:06,423:INFO: len labels after =32000
2018-11-06 20:35:06,423:INFO: len out_prob after32000
2018-11-06 20:35:06,423:INFO: length y_test=32000
2018-11-06 20:35:06,423:INFO: Lenght y_score=32000
2018-11-06 20:35:06,429:INFO: Length y_score 32000
2018-11-06 20:35:06,429:INFO: Length y_test 32000
2018-11-06 20:35:06,429:INFO: Thresholds[0:6] = 
 [0.99981517 0.99980062 0.99979752 0.99978536 0.99977392 0.99977249]
2018-11-06 20:35:06,430:INFO: Thresholds lenght = 
31536
2018-11-06 20:35:06,430:INFO: fpr lenght31536
2018-11-06 20:35:06,430:INFO: tpr lenght31536
2018-11-06 20:35:06,556:INFO: ------------------------------------------------------------------------------------------------------------------------
2018-11-06 20:35:06,563:INFO: roc_auc=0.982924611261424
2018-11-06 20:35:06,563:INFO: ------------------------------------------------------------------------------------------------------------------------
2018-11-06 20:35:06,564:INFO: - Eval metrics : accuracy: 0.93312 ; loss: 0.16647
