2018-11-06 20:06:14,249:INFO: sample_name=top_qcd_jets_kt
2018-11-06 20:06:14,249:INFO: --------------------------------------------------------------------------------
2018-11-06 20:06:14,249:INFO: batch_filename=top_qcd_jets_kt__80000_Njets_128_batch_charge
2018-11-06 20:06:14,251:INFO: Number of jet files for ttbar=200
2018-11-06 20:06:14,251:INFO: Loading ttbar jet files... 
2018-11-06 20:06:14,252:INFO: ttbar files list = ['tree_subjets_ttbar_DelphesPythia8_nompi_0.dat', 'tree_subjets_ttbar_DelphesPythia8_nompi_1.dat', 'tree_subjets_ttbar_DelphesPythia8_nompi_10.dat', 'tree_subjets_ttbar_DelphesPythia8_nompi_100.dat', 'tree_subjets_ttbar_DelphesPythia8_nompi_101.dat', 'tree_subjets_ttbar_DelphesPythia8_nompi_102.dat', 'tree_subjets_ttbar_DelphesPythia8_nompi_103.dat', 'tree_subjets_ttbar_DelphesPythia8_nompi_104.dat', 'tree_subjets_ttbar_DelphesPythia8_nompi_105.dat', 'tree_subjets_ttbar_DelphesPythia8_nompi_106.dat', 'tree_subjets_ttbar_DelphesPythia8_nompi_107.dat', 'tree_subjets_ttbar_DelphesPythia8_nompi_108.dat', 'tree_subjets_ttbar_DelphesPythia8_nompi_109.dat', 'tree_subjets_ttbar_DelphesPythia8_nompi_11.dat', 'tree_subjets_ttbar_DelphesPythia8_nompi_110.dat', 'tree_subjets_ttbar_DelphesPythia8_nompi_111.dat', 'tree_subjets_ttbar_DelphesPythia8_nompi_112.dat', 'tree_subjets_ttbar_DelphesPythia8_nompi_113.dat', 'tree_subjets_ttbar_DelphesPythia8_nompi_114.dat', 'tree_subjets_ttbar_DelphesPythia8_nompi_115.dat', 'tree_subjets_ttbar_DelphesPythia8_nompi_116.dat', 'tree_subjets_ttbar_DelphesPythia8_nompi_117.dat', 'tree_subjets_ttbar_DelphesPythia8_nompi_118.dat', 'tree_subjets_ttbar_DelphesPythia8_nompi_119.dat', 'tree_subjets_ttbar_DelphesPythia8_nompi_12.dat', 'tree_subjets_ttbar_DelphesPythia8_nompi_120.dat', 'tree_subjets_ttbar_DelphesPythia8_nompi_121.dat', 'tree_subjets_ttbar_DelphesPythia8_nompi_122.dat', 'tree_subjets_ttbar_DelphesPythia8_nompi_123.dat', 'tree_subjets_ttbar_DelphesPythia8_nompi_124.dat', 'tree_subjets_ttbar_DelphesPythia8_nompi_125.dat', 'tree_subjets_ttbar_DelphesPythia8_nompi_126.dat', 'tree_subjets_ttbar_DelphesPythia8_nompi_127.dat', 'tree_subjets_ttbar_DelphesPythia8_nompi_128.dat', 'tree_subjets_ttbar_DelphesPythia8_nompi_129.dat', 'tree_subjets_ttbar_DelphesPythia8_nompi_13.dat', 'tree_subjets_ttbar_DelphesPythia8_nompi_130.dat', 'tree_subjets_ttbar_DelphesPythia8_nompi_131.dat', 'tree_subjets_ttbar_DelphesPythia8_nompi_132.dat', 'tree_subjets_ttbar_DelphesPythia8_nompi_133.dat', 'tree_subjets_ttbar_DelphesPythia8_nompi_134.dat', 'tree_subjets_ttbar_DelphesPythia8_nompi_135.dat', 'tree_subjets_ttbar_DelphesPythia8_nompi_136.dat', 'tree_subjets_ttbar_DelphesPythia8_nompi_137.dat', 'tree_subjets_ttbar_DelphesPythia8_nompi_138.dat', 'tree_subjets_ttbar_DelphesPythia8_nompi_139.dat', 'tree_subjets_ttbar_DelphesPythia8_nompi_14.dat', 'tree_subjets_ttbar_DelphesPythia8_nompi_140.dat', 'tree_subjets_ttbar_DelphesPythia8_nompi_141.dat', 'tree_subjets_ttbar_DelphesPythia8_nompi_142.dat', 'tree_subjets_ttbar_DelphesPythia8_nompi_143.dat', 'tree_subjets_ttbar_DelphesPythia8_nompi_144.dat', 'tree_subjets_ttbar_DelphesPythia8_nompi_145.dat', 'tree_subjets_ttbar_DelphesPythia8_nompi_146.dat', 'tree_subjets_ttbar_DelphesPythia8_nompi_147.dat', 'tree_subjets_ttbar_DelphesPythia8_nompi_148.dat', 'tree_subjets_ttbar_DelphesPythia8_nompi_149.dat', 'tree_subjets_ttbar_DelphesPythia8_nompi_15.dat', 'tree_subjets_ttbar_DelphesPythia8_nompi_150.dat', 'tree_subjets_ttbar_DelphesPythia8_nompi_151.dat', 'tree_subjets_ttbar_DelphesPythia8_nompi_152.dat', 'tree_subjets_ttbar_DelphesPythia8_nompi_153.dat', 'tree_subjets_ttbar_DelphesPythia8_nompi_154.dat', 'tree_subjets_ttbar_DelphesPythia8_nompi_155.dat', 'tree_subjets_ttbar_DelphesPythia8_nompi_156.dat', 'tree_subjets_ttbar_DelphesPythia8_nompi_157.dat', 'tree_subjets_ttbar_DelphesPythia8_nompi_158.dat', 'tree_subjets_ttbar_DelphesPythia8_nompi_159.dat', 'tree_subjets_ttbar_DelphesPythia8_nompi_16.dat', 'tree_subjets_ttbar_DelphesPythia8_nompi_160.dat', 'tree_subjets_ttbar_DelphesPythia8_nompi_161.dat', 'tree_subjets_ttbar_DelphesPythia8_nompi_162.dat', 'tree_subjets_ttbar_DelphesPythia8_nompi_163.dat', 'tree_subjets_ttbar_DelphesPythia8_nompi_164.dat', 'tree_subjets_ttbar_DelphesPythia8_nompi_165.dat', 'tree_subjets_ttbar_DelphesPythia8_nompi_166.dat', 'tree_subjets_ttbar_DelphesPythia8_nompi_167.dat', 'tree_subjets_ttbar_DelphesPythia8_nompi_168.dat', 'tree_subjets_ttbar_DelphesPythia8_nompi_169.dat', 'tree_subjets_ttbar_DelphesPythia8_nompi_17.dat', 'tree_subjets_ttbar_DelphesPythia8_nompi_170.dat', 'tree_subjets_ttbar_DelphesPythia8_nompi_171.dat', 'tree_subjets_ttbar_DelphesPythia8_nompi_172.dat', 'tree_subjets_ttbar_DelphesPythia8_nompi_173.dat', 'tree_subjets_ttbar_DelphesPythia8_nompi_174.dat', 'tree_subjets_ttbar_DelphesPythia8_nompi_175.dat', 'tree_subjets_ttbar_DelphesPythia8_nompi_176.dat', 'tree_subjets_ttbar_DelphesPythia8_nompi_177.dat', 'tree_subjets_ttbar_DelphesPythia8_nompi_178.dat', 'tree_subjets_ttbar_DelphesPythia8_nompi_179.dat', 'tree_subjets_ttbar_DelphesPythia8_nompi_18.dat', 'tree_subjets_ttbar_DelphesPythia8_nompi_180.dat', 'tree_subjets_ttbar_DelphesPythia8_nompi_181.dat', 'tree_subjets_ttbar_DelphesPythia8_nompi_182.dat', 'tree_subjets_ttbar_DelphesPythia8_nompi_183.dat', 'tree_subjets_ttbar_DelphesPythia8_nompi_184.dat', 'tree_subjets_ttbar_DelphesPythia8_nompi_185.dat', 'tree_subjets_ttbar_DelphesPythia8_nompi_186.dat', 'tree_subjets_ttbar_DelphesPythia8_nompi_187.dat', 'tree_subjets_ttbar_DelphesPythia8_nompi_188.dat', 'tree_subjets_ttbar_DelphesPythia8_nompi_189.dat', 'tree_subjets_ttbar_DelphesPythia8_nompi_19.dat', 'tree_subjets_ttbar_DelphesPythia8_nompi_190.dat', 'tree_subjets_ttbar_DelphesPythia8_nompi_191.dat', 'tree_subjets_ttbar_DelphesPythia8_nompi_192.dat', 'tree_subjets_ttbar_DelphesPythia8_nompi_193.dat', 'tree_subjets_ttbar_DelphesPythia8_nompi_194.dat', 'tree_subjets_ttbar_DelphesPythia8_nompi_195.dat', 'tree_subjets_ttbar_DelphesPythia8_nompi_196.dat', 'tree_subjets_ttbar_DelphesPythia8_nompi_197.dat', 'tree_subjets_ttbar_DelphesPythia8_nompi_198.dat', 'tree_subjets_ttbar_DelphesPythia8_nompi_199.dat', 'tree_subjets_ttbar_DelphesPythia8_nompi_2.dat', 'tree_subjets_ttbar_DelphesPythia8_nompi_20.dat', 'tree_subjets_ttbar_DelphesPythia8_nompi_21.dat', 'tree_subjets_ttbar_DelphesPythia8_nompi_22.dat', 'tree_subjets_ttbar_DelphesPythia8_nompi_23.dat', 'tree_subjets_ttbar_DelphesPythia8_nompi_24.dat', 'tree_subjets_ttbar_DelphesPythia8_nompi_25.dat', 'tree_subjets_ttbar_DelphesPythia8_nompi_26.dat', 'tree_subjets_ttbar_DelphesPythia8_nompi_27.dat', 'tree_subjets_ttbar_DelphesPythia8_nompi_28.dat', 'tree_subjets_ttbar_DelphesPythia8_nompi_29.dat', 'tree_subjets_ttbar_DelphesPythia8_nompi_3.dat', 'tree_subjets_ttbar_DelphesPythia8_nompi_30.dat', 'tree_subjets_ttbar_DelphesPythia8_nompi_31.dat', 'tree_subjets_ttbar_DelphesPythia8_nompi_32.dat', 'tree_subjets_ttbar_DelphesPythia8_nompi_33.dat', 'tree_subjets_ttbar_DelphesPythia8_nompi_34.dat', 'tree_subjets_ttbar_DelphesPythia8_nompi_35.dat', 'tree_subjets_ttbar_DelphesPythia8_nompi_36.dat', 'tree_subjets_ttbar_DelphesPythia8_nompi_37.dat', 'tree_subjets_ttbar_DelphesPythia8_nompi_38.dat', 'tree_subjets_ttbar_DelphesPythia8_nompi_39.dat', 'tree_subjets_ttbar_DelphesPythia8_nompi_4.dat', 'tree_subjets_ttbar_DelphesPythia8_nompi_40.dat', 'tree_subjets_ttbar_DelphesPythia8_nompi_41.dat', 'tree_subjets_ttbar_DelphesPythia8_nompi_42.dat', 'tree_subjets_ttbar_DelphesPythia8_nompi_43.dat', 'tree_subjets_ttbar_DelphesPythia8_nompi_44.dat', 'tree_subjets_ttbar_DelphesPythia8_nompi_45.dat', 'tree_subjets_ttbar_DelphesPythia8_nompi_46.dat', 'tree_subjets_ttbar_DelphesPythia8_nompi_47.dat', 'tree_subjets_ttbar_DelphesPythia8_nompi_48.dat', 'tree_subjets_ttbar_DelphesPythia8_nompi_49.dat', 'tree_subjets_ttbar_DelphesPythia8_nompi_5.dat', 'tree_subjets_ttbar_DelphesPythia8_nompi_50.dat', 'tree_subjets_ttbar_DelphesPythia8_nompi_51.dat', 'tree_subjets_ttbar_DelphesPythia8_nompi_52.dat', 'tree_subjets_ttbar_DelphesPythia8_nompi_53.dat', 'tree_subjets_ttbar_DelphesPythia8_nompi_54.dat', 'tree_subjets_ttbar_DelphesPythia8_nompi_55.dat', 'tree_subjets_ttbar_DelphesPythia8_nompi_56.dat', 'tree_subjets_ttbar_DelphesPythia8_nompi_57.dat', 'tree_subjets_ttbar_DelphesPythia8_nompi_58.dat', 'tree_subjets_ttbar_DelphesPythia8_nompi_59.dat', 'tree_subjets_ttbar_DelphesPythia8_nompi_6.dat', 'tree_subjets_ttbar_DelphesPythia8_nompi_60.dat', 'tree_subjets_ttbar_DelphesPythia8_nompi_61.dat', 'tree_subjets_ttbar_DelphesPythia8_nompi_62.dat', 'tree_subjets_ttbar_DelphesPythia8_nompi_63.dat', 'tree_subjets_ttbar_DelphesPythia8_nompi_64.dat', 'tree_subjets_ttbar_DelphesPythia8_nompi_65.dat', 'tree_subjets_ttbar_DelphesPythia8_nompi_66.dat', 'tree_subjets_ttbar_DelphesPythia8_nompi_67.dat', 'tree_subjets_ttbar_DelphesPythia8_nompi_68.dat', 'tree_subjets_ttbar_DelphesPythia8_nompi_69.dat', 'tree_subjets_ttbar_DelphesPythia8_nompi_7.dat', 'tree_subjets_ttbar_DelphesPythia8_nompi_70.dat', 'tree_subjets_ttbar_DelphesPythia8_nompi_71.dat', 'tree_subjets_ttbar_DelphesPythia8_nompi_72.dat', 'tree_subjets_ttbar_DelphesPythia8_nompi_73.dat', 'tree_subjets_ttbar_DelphesPythia8_nompi_74.dat', 'tree_subjets_ttbar_DelphesPythia8_nompi_75.dat', 'tree_subjets_ttbar_DelphesPythia8_nompi_76.dat', 'tree_subjets_ttbar_DelphesPythia8_nompi_77.dat', 'tree_subjets_ttbar_DelphesPythia8_nompi_78.dat', 'tree_subjets_ttbar_DelphesPythia8_nompi_79.dat', 'tree_subjets_ttbar_DelphesPythia8_nompi_8.dat', 'tree_subjets_ttbar_DelphesPythia8_nompi_80.dat', 'tree_subjets_ttbar_DelphesPythia8_nompi_81.dat', 'tree_subjets_ttbar_DelphesPythia8_nompi_82.dat', 'tree_subjets_ttbar_DelphesPythia8_nompi_83.dat', 'tree_subjets_ttbar_DelphesPythia8_nompi_84.dat', 'tree_subjets_ttbar_DelphesPythia8_nompi_85.dat', 'tree_subjets_ttbar_DelphesPythia8_nompi_86.dat', 'tree_subjets_ttbar_DelphesPythia8_nompi_87.dat', 'tree_subjets_ttbar_DelphesPythia8_nompi_88.dat', 'tree_subjets_ttbar_DelphesPythia8_nompi_89.dat', 'tree_subjets_ttbar_DelphesPythia8_nompi_9.dat', 'tree_subjets_ttbar_DelphesPythia8_nompi_90.dat', 'tree_subjets_ttbar_DelphesPythia8_nompi_91.dat', 'tree_subjets_ttbar_DelphesPythia8_nompi_92.dat', 'tree_subjets_ttbar_DelphesPythia8_nompi_93.dat', 'tree_subjets_ttbar_DelphesPythia8_nompi_94.dat', 'tree_subjets_ttbar_DelphesPythia8_nompi_95.dat', 'tree_subjets_ttbar_DelphesPythia8_nompi_96.dat', 'tree_subjets_ttbar_DelphesPythia8_nompi_97.dat', 'tree_subjets_ttbar_DelphesPythia8_nompi_98.dat', 'tree_subjets_ttbar_DelphesPythia8_nompi_99.dat']
2018-11-06 20:06:17,913:INFO: Ntotjets=10000
2018-11-06 20:06:21,383:INFO: Ntotjets=20000
2018-11-06 20:06:24,849:INFO: Ntotjets=30000
2018-11-06 20:06:28,322:INFO: Ntotjets=40000
2018-11-06 20:06:31,805:INFO: Ntotjets=50000
2018-11-06 20:06:35,303:INFO: Ntotjets=60000
2018-11-06 20:06:38,837:INFO: Ntotjets=70000
2018-11-06 20:06:42,318:INFO: Ntotjets=80000
2018-11-06 20:06:42,319:INFO: Number of jet files for qcd=200
2018-11-06 20:06:42,319:INFO: Loading qcd jet files... 
2018-11-06 20:06:42,319:INFO: qcd files list = ['tree_subjets_qcd_DelphesPythia8_nompi_0.dat', 'tree_subjets_qcd_DelphesPythia8_nompi_1.dat', 'tree_subjets_qcd_DelphesPythia8_nompi_10.dat', 'tree_subjets_qcd_DelphesPythia8_nompi_100.dat', 'tree_subjets_qcd_DelphesPythia8_nompi_101.dat', 'tree_subjets_qcd_DelphesPythia8_nompi_102.dat', 'tree_subjets_qcd_DelphesPythia8_nompi_103.dat', 'tree_subjets_qcd_DelphesPythia8_nompi_104.dat', 'tree_subjets_qcd_DelphesPythia8_nompi_105.dat', 'tree_subjets_qcd_DelphesPythia8_nompi_106.dat', 'tree_subjets_qcd_DelphesPythia8_nompi_107.dat', 'tree_subjets_qcd_DelphesPythia8_nompi_108.dat', 'tree_subjets_qcd_DelphesPythia8_nompi_109.dat', 'tree_subjets_qcd_DelphesPythia8_nompi_11.dat', 'tree_subjets_qcd_DelphesPythia8_nompi_110.dat', 'tree_subjets_qcd_DelphesPythia8_nompi_111.dat', 'tree_subjets_qcd_DelphesPythia8_nompi_112.dat', 'tree_subjets_qcd_DelphesPythia8_nompi_113.dat', 'tree_subjets_qcd_DelphesPythia8_nompi_114.dat', 'tree_subjets_qcd_DelphesPythia8_nompi_115.dat', 'tree_subjets_qcd_DelphesPythia8_nompi_116.dat', 'tree_subjets_qcd_DelphesPythia8_nompi_117.dat', 'tree_subjets_qcd_DelphesPythia8_nompi_118.dat', 'tree_subjets_qcd_DelphesPythia8_nompi_119.dat', 'tree_subjets_qcd_DelphesPythia8_nompi_12.dat', 'tree_subjets_qcd_DelphesPythia8_nompi_120.dat', 'tree_subjets_qcd_DelphesPythia8_nompi_121.dat', 'tree_subjets_qcd_DelphesPythia8_nompi_122.dat', 'tree_subjets_qcd_DelphesPythia8_nompi_123.dat', 'tree_subjets_qcd_DelphesPythia8_nompi_124.dat', 'tree_subjets_qcd_DelphesPythia8_nompi_125.dat', 'tree_subjets_qcd_DelphesPythia8_nompi_126.dat', 'tree_subjets_qcd_DelphesPythia8_nompi_127.dat', 'tree_subjets_qcd_DelphesPythia8_nompi_128.dat', 'tree_subjets_qcd_DelphesPythia8_nompi_129.dat', 'tree_subjets_qcd_DelphesPythia8_nompi_13.dat', 'tree_subjets_qcd_DelphesPythia8_nompi_130.dat', 'tree_subjets_qcd_DelphesPythia8_nompi_131.dat', 'tree_subjets_qcd_DelphesPythia8_nompi_132.dat', 'tree_subjets_qcd_DelphesPythia8_nompi_133.dat', 'tree_subjets_qcd_DelphesPythia8_nompi_134.dat', 'tree_subjets_qcd_DelphesPythia8_nompi_135.dat', 'tree_subjets_qcd_DelphesPythia8_nompi_136.dat', 'tree_subjets_qcd_DelphesPythia8_nompi_137.dat', 'tree_subjets_qcd_DelphesPythia8_nompi_138.dat', 'tree_subjets_qcd_DelphesPythia8_nompi_139.dat', 'tree_subjets_qcd_DelphesPythia8_nompi_14.dat', 'tree_subjets_qcd_DelphesPythia8_nompi_140.dat', 'tree_subjets_qcd_DelphesPythia8_nompi_141.dat', 'tree_subjets_qcd_DelphesPythia8_nompi_142.dat', 'tree_subjets_qcd_DelphesPythia8_nompi_143.dat', 'tree_subjets_qcd_DelphesPythia8_nompi_144.dat', 'tree_subjets_qcd_DelphesPythia8_nompi_145.dat', 'tree_subjets_qcd_DelphesPythia8_nompi_146.dat', 'tree_subjets_qcd_DelphesPythia8_nompi_147.dat', 'tree_subjets_qcd_DelphesPythia8_nompi_148.dat', 'tree_subjets_qcd_DelphesPythia8_nompi_149.dat', 'tree_subjets_qcd_DelphesPythia8_nompi_15.dat', 'tree_subjets_qcd_DelphesPythia8_nompi_150.dat', 'tree_subjets_qcd_DelphesPythia8_nompi_151.dat', 'tree_subjets_qcd_DelphesPythia8_nompi_152.dat', 'tree_subjets_qcd_DelphesPythia8_nompi_153.dat', 'tree_subjets_qcd_DelphesPythia8_nompi_154.dat', 'tree_subjets_qcd_DelphesPythia8_nompi_155.dat', 'tree_subjets_qcd_DelphesPythia8_nompi_156.dat', 'tree_subjets_qcd_DelphesPythia8_nompi_157.dat', 'tree_subjets_qcd_DelphesPythia8_nompi_158.dat', 'tree_subjets_qcd_DelphesPythia8_nompi_159.dat', 'tree_subjets_qcd_DelphesPythia8_nompi_16.dat', 'tree_subjets_qcd_DelphesPythia8_nompi_160.dat', 'tree_subjets_qcd_DelphesPythia8_nompi_161.dat', 'tree_subjets_qcd_DelphesPythia8_nompi_162.dat', 'tree_subjets_qcd_DelphesPythia8_nompi_163.dat', 'tree_subjets_qcd_DelphesPythia8_nompi_164.dat', 'tree_subjets_qcd_DelphesPythia8_nompi_165.dat', 'tree_subjets_qcd_DelphesPythia8_nompi_166.dat', 'tree_subjets_qcd_DelphesPythia8_nompi_167.dat', 'tree_subjets_qcd_DelphesPythia8_nompi_168.dat', 'tree_subjets_qcd_DelphesPythia8_nompi_169.dat', 'tree_subjets_qcd_DelphesPythia8_nompi_17.dat', 'tree_subjets_qcd_DelphesPythia8_nompi_170.dat', 'tree_subjets_qcd_DelphesPythia8_nompi_171.dat', 'tree_subjets_qcd_DelphesPythia8_nompi_172.dat', 'tree_subjets_qcd_DelphesPythia8_nompi_173.dat', 'tree_subjets_qcd_DelphesPythia8_nompi_174.dat', 'tree_subjets_qcd_DelphesPythia8_nompi_175.dat', 'tree_subjets_qcd_DelphesPythia8_nompi_176.dat', 'tree_subjets_qcd_DelphesPythia8_nompi_177.dat', 'tree_subjets_qcd_DelphesPythia8_nompi_178.dat', 'tree_subjets_qcd_DelphesPythia8_nompi_179.dat', 'tree_subjets_qcd_DelphesPythia8_nompi_18.dat', 'tree_subjets_qcd_DelphesPythia8_nompi_180.dat', 'tree_subjets_qcd_DelphesPythia8_nompi_181.dat', 'tree_subjets_qcd_DelphesPythia8_nompi_182.dat', 'tree_subjets_qcd_DelphesPythia8_nompi_183.dat', 'tree_subjets_qcd_DelphesPythia8_nompi_184.dat', 'tree_subjets_qcd_DelphesPythia8_nompi_185.dat', 'tree_subjets_qcd_DelphesPythia8_nompi_186.dat', 'tree_subjets_qcd_DelphesPythia8_nompi_187.dat', 'tree_subjets_qcd_DelphesPythia8_nompi_188.dat', 'tree_subjets_qcd_DelphesPythia8_nompi_189.dat', 'tree_subjets_qcd_DelphesPythia8_nompi_19.dat', 'tree_subjets_qcd_DelphesPythia8_nompi_190.dat', 'tree_subjets_qcd_DelphesPythia8_nompi_191.dat', 'tree_subjets_qcd_DelphesPythia8_nompi_192.dat', 'tree_subjets_qcd_DelphesPythia8_nompi_193.dat', 'tree_subjets_qcd_DelphesPythia8_nompi_194.dat', 'tree_subjets_qcd_DelphesPythia8_nompi_195.dat', 'tree_subjets_qcd_DelphesPythia8_nompi_196.dat', 'tree_subjets_qcd_DelphesPythia8_nompi_197.dat', 'tree_subjets_qcd_DelphesPythia8_nompi_198.dat', 'tree_subjets_qcd_DelphesPythia8_nompi_199.dat', 'tree_subjets_qcd_DelphesPythia8_nompi_2.dat', 'tree_subjets_qcd_DelphesPythia8_nompi_20.dat', 'tree_subjets_qcd_DelphesPythia8_nompi_21.dat', 'tree_subjets_qcd_DelphesPythia8_nompi_22.dat', 'tree_subjets_qcd_DelphesPythia8_nompi_23.dat', 'tree_subjets_qcd_DelphesPythia8_nompi_24.dat', 'tree_subjets_qcd_DelphesPythia8_nompi_25.dat', 'tree_subjets_qcd_DelphesPythia8_nompi_26.dat', 'tree_subjets_qcd_DelphesPythia8_nompi_27.dat', 'tree_subjets_qcd_DelphesPythia8_nompi_28.dat', 'tree_subjets_qcd_DelphesPythia8_nompi_29.dat', 'tree_subjets_qcd_DelphesPythia8_nompi_3.dat', 'tree_subjets_qcd_DelphesPythia8_nompi_30.dat', 'tree_subjets_qcd_DelphesPythia8_nompi_31.dat', 'tree_subjets_qcd_DelphesPythia8_nompi_32.dat', 'tree_subjets_qcd_DelphesPythia8_nompi_33.dat', 'tree_subjets_qcd_DelphesPythia8_nompi_34.dat', 'tree_subjets_qcd_DelphesPythia8_nompi_35.dat', 'tree_subjets_qcd_DelphesPythia8_nompi_36.dat', 'tree_subjets_qcd_DelphesPythia8_nompi_37.dat', 'tree_subjets_qcd_DelphesPythia8_nompi_38.dat', 'tree_subjets_qcd_DelphesPythia8_nompi_39.dat', 'tree_subjets_qcd_DelphesPythia8_nompi_4.dat', 'tree_subjets_qcd_DelphesPythia8_nompi_40.dat', 'tree_subjets_qcd_DelphesPythia8_nompi_41.dat', 'tree_subjets_qcd_DelphesPythia8_nompi_42.dat', 'tree_subjets_qcd_DelphesPythia8_nompi_43.dat', 'tree_subjets_qcd_DelphesPythia8_nompi_44.dat', 'tree_subjets_qcd_DelphesPythia8_nompi_45.dat', 'tree_subjets_qcd_DelphesPythia8_nompi_46.dat', 'tree_subjets_qcd_DelphesPythia8_nompi_47.dat', 'tree_subjets_qcd_DelphesPythia8_nompi_48.dat', 'tree_subjets_qcd_DelphesPythia8_nompi_49.dat', 'tree_subjets_qcd_DelphesPythia8_nompi_5.dat', 'tree_subjets_qcd_DelphesPythia8_nompi_50.dat', 'tree_subjets_qcd_DelphesPythia8_nompi_51.dat', 'tree_subjets_qcd_DelphesPythia8_nompi_52.dat', 'tree_subjets_qcd_DelphesPythia8_nompi_53.dat', 'tree_subjets_qcd_DelphesPythia8_nompi_54.dat', 'tree_subjets_qcd_DelphesPythia8_nompi_55.dat', 'tree_subjets_qcd_DelphesPythia8_nompi_56.dat', 'tree_subjets_qcd_DelphesPythia8_nompi_57.dat', 'tree_subjets_qcd_DelphesPythia8_nompi_58.dat', 'tree_subjets_qcd_DelphesPythia8_nompi_59.dat', 'tree_subjets_qcd_DelphesPythia8_nompi_6.dat', 'tree_subjets_qcd_DelphesPythia8_nompi_60.dat', 'tree_subjets_qcd_DelphesPythia8_nompi_61.dat', 'tree_subjets_qcd_DelphesPythia8_nompi_62.dat', 'tree_subjets_qcd_DelphesPythia8_nompi_63.dat', 'tree_subjets_qcd_DelphesPythia8_nompi_64.dat', 'tree_subjets_qcd_DelphesPythia8_nompi_65.dat', 'tree_subjets_qcd_DelphesPythia8_nompi_66.dat', 'tree_subjets_qcd_DelphesPythia8_nompi_67.dat', 'tree_subjets_qcd_DelphesPythia8_nompi_68.dat', 'tree_subjets_qcd_DelphesPythia8_nompi_69.dat', 'tree_subjets_qcd_DelphesPythia8_nompi_7.dat', 'tree_subjets_qcd_DelphesPythia8_nompi_70.dat', 'tree_subjets_qcd_DelphesPythia8_nompi_71.dat', 'tree_subjets_qcd_DelphesPythia8_nompi_72.dat', 'tree_subjets_qcd_DelphesPythia8_nompi_73.dat', 'tree_subjets_qcd_DelphesPythia8_nompi_74.dat', 'tree_subjets_qcd_DelphesPythia8_nompi_75.dat', 'tree_subjets_qcd_DelphesPythia8_nompi_76.dat', 'tree_subjets_qcd_DelphesPythia8_nompi_77.dat', 'tree_subjets_qcd_DelphesPythia8_nompi_78.dat', 'tree_subjets_qcd_DelphesPythia8_nompi_79.dat', 'tree_subjets_qcd_DelphesPythia8_nompi_8.dat', 'tree_subjets_qcd_DelphesPythia8_nompi_80.dat', 'tree_subjets_qcd_DelphesPythia8_nompi_81.dat', 'tree_subjets_qcd_DelphesPythia8_nompi_82.dat', 'tree_subjets_qcd_DelphesPythia8_nompi_83.dat', 'tree_subjets_qcd_DelphesPythia8_nompi_84.dat', 'tree_subjets_qcd_DelphesPythia8_nompi_85.dat', 'tree_subjets_qcd_DelphesPythia8_nompi_86.dat', 'tree_subjets_qcd_DelphesPythia8_nompi_87.dat', 'tree_subjets_qcd_DelphesPythia8_nompi_88.dat', 'tree_subjets_qcd_DelphesPythia8_nompi_89.dat', 'tree_subjets_qcd_DelphesPythia8_nompi_9.dat', 'tree_subjets_qcd_DelphesPythia8_nompi_90.dat', 'tree_subjets_qcd_DelphesPythia8_nompi_91.dat', 'tree_subjets_qcd_DelphesPythia8_nompi_92.dat', 'tree_subjets_qcd_DelphesPythia8_nompi_93.dat', 'tree_subjets_qcd_DelphesPythia8_nompi_94.dat', 'tree_subjets_qcd_DelphesPythia8_nompi_95.dat', 'tree_subjets_qcd_DelphesPythia8_nompi_96.dat', 'tree_subjets_qcd_DelphesPythia8_nompi_97.dat', 'tree_subjets_qcd_DelphesPythia8_nompi_98.dat', 'tree_subjets_qcd_DelphesPythia8_nompi_99.dat']
2018-11-06 20:06:45,288:INFO: Ntotjets=10000
2018-11-06 20:06:48,266:INFO: Ntotjets=20000
2018-11-06 20:06:51,249:INFO: Ntotjets=30000
2018-11-06 20:06:54,240:INFO: Ntotjets=40000
2018-11-06 20:06:57,218:INFO: Ntotjets=50000
2018-11-06 20:07:00,155:INFO: Ntotjets=60000
2018-11-06 20:07:03,105:INFO: Ntotjets=70000
2018-11-06 20:07:06,078:INFO: Ntotjets=80000
2018-11-06 20:07:06,078:INFO: Tree generation time (minutes) =0.8638203104337057
2018-11-06 20:14:47,266:INFO: Splitting into train, validation and test datasets, and shuffling...
2018-11-06 20:14:59,974:INFO: Split sample time (minutes) =8.762070798873902
2018-11-06 20:14:59,974:INFO: Creating train batches ...
2018-11-06 20:15:02,930:INFO: Number of batches created=100
2018-11-06 20:15:05,854:INFO: Number of batches created=200
2018-11-06 20:15:08,760:INFO: Number of batches created=300
2018-11-06 20:15:11,758:INFO: Number of batches created=400
2018-11-06 20:15:14,768:INFO: Number of batches created=500
2018-11-06 20:15:17,773:INFO: Number of batches created=600
2018-11-06 20:15:20,719:INFO: Number of batches created=700
2018-11-06 20:15:22,202:INFO: Creating val batches ...
2018-11-06 20:15:25,139:INFO: Number of batches created=100
2018-11-06 20:15:28,121:INFO: Number of batches created=200
2018-11-06 20:15:29,594:INFO: Creating test batches ...
2018-11-06 20:15:32,535:INFO: Number of batches created=100
2018-11-06 20:15:35,480:INFO: Number of batches created=200
2018-11-06 20:15:36,923:INFO: Number of test_batches=250
2018-11-06 20:15:36,924:INFO: Batch generation time (minutes) =9.37790697813034
2018-11-06 20:15:36,924:INFO: Train and val batch size=128
2018-11-06 20:15:36,924:INFO: Number of train_batches=750
2018-11-06 20:15:36,924:INFO: Number of val_batches=250
2018-11-06 20:15:50,294:INFO: ------------------------------------------------------------
2018-11-06 20:15:50,294:INFO: Loading the datasets...
2018-11-06 20:15:52,476:INFO: - done loading the datasets
2018-11-06 20:15:52,476:INFO: ------------------------------------------------------------
2018-11-06 20:15:54,964:INFO: Building optimizer...
2018-11-06 20:15:54,964:INFO: Starting training for 40 epoch(s)
2018-11-06 20:15:54,964:INFO: Epoch 1/40
2018-11-06 20:16:20,807:INFO: - Train metrics: accuracy: 0.695 ; loss: 0.679
2018-11-06 20:16:25,624:INFO: - Eval metrics : accuracy: 0.781 ; loss: 0.452
2018-11-06 20:16:25,633:INFO: - Found new best accuracy
2018-11-06 20:16:25,634:INFO: Epoch 2/40
2018-11-06 20:16:51,369:INFO: - Train metrics: accuracy: 0.775 ; loss: 0.459
2018-11-06 20:16:56,528:INFO: - Eval metrics : accuracy: 0.782 ; loss: 0.450
2018-11-06 20:16:56,531:INFO: - Found new best accuracy
2018-11-06 20:16:56,532:INFO: Epoch 3/40
2018-11-06 20:17:22,020:INFO: - Train metrics: accuracy: 0.771 ; loss: 0.450
2018-11-06 20:17:27,222:INFO: - Eval metrics : accuracy: 0.785 ; loss: 0.442
2018-11-06 20:17:27,253:INFO: - Found new best accuracy
2018-11-06 20:17:27,254:INFO: Epoch 4/40
2018-11-06 20:17:52,453:INFO: - Train metrics: accuracy: 0.797 ; loss: 0.427
2018-11-06 20:17:57,402:INFO: - Eval metrics : accuracy: 0.810 ; loss: 0.406
2018-11-06 20:17:57,437:INFO: - Found new best accuracy
2018-11-06 20:17:57,438:INFO: Epoch 5/40
2018-11-06 20:18:24,180:INFO: - Train metrics: accuracy: 0.806 ; loss: 0.408
2018-11-06 20:18:29,366:INFO: - Eval metrics : accuracy: 0.818 ; loss: 0.393
2018-11-06 20:18:29,412:INFO: - Found new best accuracy
2018-11-06 20:18:29,412:INFO: Epoch 6/40
2018-11-06 20:18:54,809:INFO: - Train metrics: accuracy: 0.819 ; loss: 0.390
2018-11-06 20:19:00,182:INFO: - Eval metrics : accuracy: 0.836 ; loss: 0.366
2018-11-06 20:19:00,218:INFO: - Found new best accuracy
2018-11-06 20:19:00,218:INFO: Epoch 7/40
2018-11-06 20:19:26,821:INFO: - Train metrics: accuracy: 0.882 ; loss: 0.303
2018-11-06 20:19:32,105:INFO: - Eval metrics : accuracy: 0.885 ; loss: 0.274
2018-11-06 20:19:32,108:INFO: - Found new best accuracy
2018-11-06 20:19:32,108:INFO: Epoch 8/40
2018-11-06 20:19:56,569:INFO: - Train metrics: accuracy: 0.906 ; loss: 0.224
2018-11-06 20:20:01,126:INFO: - Eval metrics : accuracy: 0.906 ; loss: 0.226
2018-11-06 20:20:01,166:INFO: - Found new best accuracy
2018-11-06 20:20:01,167:INFO: Epoch 9/40
2018-11-06 20:20:27,132:INFO: - Train metrics: accuracy: 0.923 ; loss: 0.198
2018-11-06 20:20:32,473:INFO: - Eval metrics : accuracy: 0.911 ; loss: 0.215
2018-11-06 20:20:32,513:INFO: - Found new best accuracy
2018-11-06 20:20:32,514:INFO: Epoch 10/40
2018-11-06 20:20:57,920:INFO: - Train metrics: accuracy: 0.928 ; loss: 0.185
2018-11-06 20:21:03,473:INFO: - Eval metrics : accuracy: 0.914 ; loss: 0.210
2018-11-06 20:21:03,511:INFO: - Found new best accuracy
2018-11-06 20:21:03,512:INFO: Epoch 11/40
2018-11-06 20:21:27,725:INFO: - Train metrics: accuracy: 0.921 ; loss: 0.180
2018-11-06 20:21:33,119:INFO: - Eval metrics : accuracy: 0.921 ; loss: 0.192
2018-11-06 20:21:33,151:INFO: - Found new best accuracy
2018-11-06 20:21:33,151:INFO: Epoch 12/40
2018-11-06 20:21:59,337:INFO: - Train metrics: accuracy: 0.932 ; loss: 0.170
2018-11-06 20:22:04,385:INFO: - Eval metrics : accuracy: 0.921 ; loss: 0.193
2018-11-06 20:22:04,446:INFO: - Found new best accuracy
2018-11-06 20:22:04,447:INFO: Epoch 13/40
2018-11-06 20:22:30,249:INFO: - Train metrics: accuracy: 0.935 ; loss: 0.174
2018-11-06 20:22:35,652:INFO: - Eval metrics : accuracy: 0.919 ; loss: 0.195
2018-11-06 20:22:35,687:INFO: Epoch 14/40
2018-11-06 20:23:01,445:INFO: - Train metrics: accuracy: 0.932 ; loss: 0.168
2018-11-06 20:23:06,738:INFO: - Eval metrics : accuracy: 0.923 ; loss: 0.188
2018-11-06 20:23:06,777:INFO: - Found new best accuracy
2018-11-06 20:23:06,777:INFO: Epoch 15/40
2018-11-06 20:23:32,700:INFO: - Train metrics: accuracy: 0.932 ; loss: 0.160
2018-11-06 20:23:38,283:INFO: - Eval metrics : accuracy: 0.907 ; loss: 0.218
2018-11-06 20:23:38,316:INFO: Epoch 16/40
2018-11-06 20:24:02,819:INFO: - Train metrics: accuracy: 0.934 ; loss: 0.155
2018-11-06 20:24:08,147:INFO: - Eval metrics : accuracy: 0.901 ; loss: 0.234
2018-11-06 20:24:08,184:INFO: Epoch 17/40
2018-11-06 20:24:32,864:INFO: - Train metrics: accuracy: 0.932 ; loss: 0.158
2018-11-06 20:24:37,872:INFO: - Eval metrics : accuracy: 0.902 ; loss: 0.227
2018-11-06 20:24:37,912:INFO: Epoch 18/40
2018-11-06 20:25:03,158:INFO: - Train metrics: accuracy: 0.936 ; loss: 0.152
2018-11-06 20:25:07,950:INFO: - Eval metrics : accuracy: 0.897 ; loss: 0.238
2018-11-06 20:25:07,991:INFO: Epoch 19/40
2018-11-06 20:25:32,990:INFO: - Train metrics: accuracy: 0.936 ; loss: 0.149
2018-11-06 20:25:38,085:INFO: - Eval metrics : accuracy: 0.913 ; loss: 0.207
2018-11-06 20:25:38,125:INFO: Epoch 20/40
2018-11-06 20:26:01,892:INFO: - Train metrics: accuracy: 0.940 ; loss: 0.141
2018-11-06 20:26:07,186:INFO: - Eval metrics : accuracy: 0.915 ; loss: 0.205
2018-11-06 20:26:07,224:INFO: Epoch 21/40
2018-11-06 20:26:31,747:INFO: - Train metrics: accuracy: 0.940 ; loss: 0.140
2018-11-06 20:26:36,987:INFO: - Eval metrics : accuracy: 0.922 ; loss: 0.189
2018-11-06 20:26:37,022:INFO: Epoch 22/40
2018-11-06 20:27:03,199:INFO: - Train metrics: accuracy: 0.944 ; loss: 0.135
2018-11-06 20:27:08,114:INFO: - Eval metrics : accuracy: 0.925 ; loss: 0.185
2018-11-06 20:27:08,153:INFO: - Found new best accuracy
2018-11-06 20:27:08,154:INFO: Epoch 23/40
2018-11-06 20:27:34,297:INFO: - Train metrics: accuracy: 0.949 ; loss: 0.136
2018-11-06 20:27:39,488:INFO: - Eval metrics : accuracy: 0.927 ; loss: 0.181
2018-11-06 20:27:39,526:INFO: - Found new best accuracy
2018-11-06 20:27:39,527:INFO: Epoch 24/40
2018-11-06 20:28:04,741:INFO: - Train metrics: accuracy: 0.949 ; loss: 0.135
2018-11-06 20:28:09,308:INFO: - Eval metrics : accuracy: 0.929 ; loss: 0.176
2018-11-06 20:28:09,365:INFO: - Found new best accuracy
2018-11-06 20:28:09,366:INFO: Epoch 25/40
2018-11-06 20:28:31,070:INFO: - Train metrics: accuracy: 0.949 ; loss: 0.135
2018-11-06 20:28:35,498:INFO: - Eval metrics : accuracy: 0.931 ; loss: 0.173
2018-11-06 20:28:35,530:INFO: - Found new best accuracy
2018-11-06 20:28:35,531:INFO: Epoch 26/40
2018-11-06 20:28:56,676:INFO: - Train metrics: accuracy: 0.948 ; loss: 0.135
2018-11-06 20:29:00,830:INFO: - Eval metrics : accuracy: 0.931 ; loss: 0.174
2018-11-06 20:29:00,832:INFO: Epoch 27/40
2018-11-06 20:29:21,776:INFO: - Train metrics: accuracy: 0.947 ; loss: 0.136
2018-11-06 20:29:26,146:INFO: - Eval metrics : accuracy: 0.930 ; loss: 0.175
2018-11-06 20:29:26,176:INFO: Epoch 28/40
2018-11-06 20:29:47,921:INFO: - Train metrics: accuracy: 0.948 ; loss: 0.134
2018-11-06 20:29:52,329:INFO: - Eval metrics : accuracy: 0.930 ; loss: 0.176
2018-11-06 20:29:52,363:INFO: Epoch 29/40
2018-11-06 20:30:13,794:INFO: - Train metrics: accuracy: 0.948 ; loss: 0.130
2018-11-06 20:30:18,133:INFO: - Eval metrics : accuracy: 0.929 ; loss: 0.179
2018-11-06 20:30:18,169:INFO: Epoch 30/40
2018-11-06 20:30:39,654:INFO: - Train metrics: accuracy: 0.947 ; loss: 0.128
2018-11-06 20:30:44,048:INFO: - Eval metrics : accuracy: 0.929 ; loss: 0.179
2018-11-06 20:30:44,087:INFO: Epoch 31/40
2018-11-06 20:31:04,434:INFO: - Train metrics: accuracy: 0.948 ; loss: 0.128
2018-11-06 20:31:08,768:INFO: - Eval metrics : accuracy: 0.929 ; loss: 0.177
2018-11-06 20:31:08,808:INFO: Epoch 32/40
2018-11-06 20:31:31,407:INFO: - Train metrics: accuracy: 0.948 ; loss: 0.126
2018-11-06 20:31:35,776:INFO: - Eval metrics : accuracy: 0.931 ; loss: 0.175
2018-11-06 20:31:35,811:INFO: Epoch 33/40
2018-11-06 20:31:56,133:INFO: - Train metrics: accuracy: 0.952 ; loss: 0.125
2018-11-06 20:32:00,524:INFO: - Eval metrics : accuracy: 0.931 ; loss: 0.174
2018-11-06 20:32:00,562:INFO: - Found new best accuracy
2018-11-06 20:32:00,563:INFO: Epoch 34/40
2018-11-06 20:32:21,720:INFO: - Train metrics: accuracy: 0.953 ; loss: 0.124
2018-11-06 20:32:26,131:INFO: - Eval metrics : accuracy: 0.931 ; loss: 0.174
2018-11-06 20:32:26,171:INFO: Epoch 35/40
2018-11-06 20:32:47,335:INFO: - Train metrics: accuracy: 0.954 ; loss: 0.123
2018-11-06 20:32:51,668:INFO: - Eval metrics : accuracy: 0.932 ; loss: 0.173
2018-11-06 20:32:51,671:INFO: - Found new best accuracy
2018-11-06 20:32:51,671:INFO: Epoch 36/40
2018-11-06 20:33:13,755:INFO: - Train metrics: accuracy: 0.954 ; loss: 0.122
2018-11-06 20:33:18,274:INFO: - Eval metrics : accuracy: 0.932 ; loss: 0.173
2018-11-06 20:33:18,308:INFO: - Found new best accuracy
2018-11-06 20:33:18,309:INFO: Epoch 37/40
2018-11-06 20:33:39,333:INFO: - Train metrics: accuracy: 0.954 ; loss: 0.121
2018-11-06 20:33:43,679:INFO: - Eval metrics : accuracy: 0.932 ; loss: 0.173
2018-11-06 20:33:43,682:INFO: - Found new best accuracy
2018-11-06 20:33:43,682:INFO: Epoch 38/40
2018-11-06 20:34:04,513:INFO: - Train metrics: accuracy: 0.954 ; loss: 0.120
2018-11-06 20:34:08,841:INFO: - Eval metrics : accuracy: 0.932 ; loss: 0.173
2018-11-06 20:34:08,886:INFO: Epoch 39/40
2018-11-06 20:34:27,724:INFO: - Train metrics: accuracy: 0.953 ; loss: 0.120
2018-11-06 20:34:31,954:INFO: - Eval metrics : accuracy: 0.932 ; loss: 0.172
2018-11-06 20:34:31,991:INFO: - Found new best accuracy
2018-11-06 20:34:31,992:INFO: Epoch 40/40
2018-11-06 20:34:51,610:INFO: - Train metrics: accuracy: 0.953 ; loss: 0.120
2018-11-06 20:34:55,866:INFO: - Eval metrics : accuracy: 0.932 ; loss: 0.172
2018-11-06 20:34:55,902:INFO: Total time (minutes) =28.694206432501474
