2018-11-01 11:11:51,741:INFO: search_hyperparam_sample_name=top_qcd_jets_antikt_kt__80000_Njets_128_batch9_features
2018-11-01 11:11:51,743:INFO: Number of jet files for ttbar=200
2018-11-01 11:11:51,743:INFO: Loading ttbar jet files... 
2018-11-01 11:11:51,744:INFO: ttbar files list = ['tree_httv2_ttbar_DelphesPythia8_nompi_0.dat', 'tree_httv2_ttbar_DelphesPythia8_nompi_1.dat', 'tree_httv2_ttbar_DelphesPythia8_nompi_10.dat', 'tree_httv2_ttbar_DelphesPythia8_nompi_100.dat', 'tree_httv2_ttbar_DelphesPythia8_nompi_101.dat', 'tree_httv2_ttbar_DelphesPythia8_nompi_102.dat', 'tree_httv2_ttbar_DelphesPythia8_nompi_103.dat', 'tree_httv2_ttbar_DelphesPythia8_nompi_104.dat', 'tree_httv2_ttbar_DelphesPythia8_nompi_105.dat', 'tree_httv2_ttbar_DelphesPythia8_nompi_106.dat', 'tree_httv2_ttbar_DelphesPythia8_nompi_107.dat', 'tree_httv2_ttbar_DelphesPythia8_nompi_108.dat', 'tree_httv2_ttbar_DelphesPythia8_nompi_109.dat', 'tree_httv2_ttbar_DelphesPythia8_nompi_11.dat', 'tree_httv2_ttbar_DelphesPythia8_nompi_110.dat', 'tree_httv2_ttbar_DelphesPythia8_nompi_111.dat', 'tree_httv2_ttbar_DelphesPythia8_nompi_112.dat', 'tree_httv2_ttbar_DelphesPythia8_nompi_113.dat', 'tree_httv2_ttbar_DelphesPythia8_nompi_114.dat', 'tree_httv2_ttbar_DelphesPythia8_nompi_115.dat', 'tree_httv2_ttbar_DelphesPythia8_nompi_116.dat', 'tree_httv2_ttbar_DelphesPythia8_nompi_117.dat', 'tree_httv2_ttbar_DelphesPythia8_nompi_118.dat', 'tree_httv2_ttbar_DelphesPythia8_nompi_119.dat', 'tree_httv2_ttbar_DelphesPythia8_nompi_12.dat', 'tree_httv2_ttbar_DelphesPythia8_nompi_120.dat', 'tree_httv2_ttbar_DelphesPythia8_nompi_121.dat', 'tree_httv2_ttbar_DelphesPythia8_nompi_122.dat', 'tree_httv2_ttbar_DelphesPythia8_nompi_123.dat', 'tree_httv2_ttbar_DelphesPythia8_nompi_124.dat', 'tree_httv2_ttbar_DelphesPythia8_nompi_125.dat', 'tree_httv2_ttbar_DelphesPythia8_nompi_126.dat', 'tree_httv2_ttbar_DelphesPythia8_nompi_127.dat', 'tree_httv2_ttbar_DelphesPythia8_nompi_128.dat', 'tree_httv2_ttbar_DelphesPythia8_nompi_129.dat', 'tree_httv2_ttbar_DelphesPythia8_nompi_13.dat', 'tree_httv2_ttbar_DelphesPythia8_nompi_130.dat', 'tree_httv2_ttbar_DelphesPythia8_nompi_131.dat', 'tree_httv2_ttbar_DelphesPythia8_nompi_132.dat', 'tree_httv2_ttbar_DelphesPythia8_nompi_133.dat', 'tree_httv2_ttbar_DelphesPythia8_nompi_134.dat', 'tree_httv2_ttbar_DelphesPythia8_nompi_135.dat', 'tree_httv2_ttbar_DelphesPythia8_nompi_136.dat', 'tree_httv2_ttbar_DelphesPythia8_nompi_137.dat', 'tree_httv2_ttbar_DelphesPythia8_nompi_138.dat', 'tree_httv2_ttbar_DelphesPythia8_nompi_139.dat', 'tree_httv2_ttbar_DelphesPythia8_nompi_14.dat', 'tree_httv2_ttbar_DelphesPythia8_nompi_140.dat', 'tree_httv2_ttbar_DelphesPythia8_nompi_141.dat', 'tree_httv2_ttbar_DelphesPythia8_nompi_142.dat', 'tree_httv2_ttbar_DelphesPythia8_nompi_143.dat', 'tree_httv2_ttbar_DelphesPythia8_nompi_144.dat', 'tree_httv2_ttbar_DelphesPythia8_nompi_145.dat', 'tree_httv2_ttbar_DelphesPythia8_nompi_146.dat', 'tree_httv2_ttbar_DelphesPythia8_nompi_147.dat', 'tree_httv2_ttbar_DelphesPythia8_nompi_148.dat', 'tree_httv2_ttbar_DelphesPythia8_nompi_149.dat', 'tree_httv2_ttbar_DelphesPythia8_nompi_15.dat', 'tree_httv2_ttbar_DelphesPythia8_nompi_150.dat', 'tree_httv2_ttbar_DelphesPythia8_nompi_151.dat', 'tree_httv2_ttbar_DelphesPythia8_nompi_152.dat', 'tree_httv2_ttbar_DelphesPythia8_nompi_153.dat', 'tree_httv2_ttbar_DelphesPythia8_nompi_154.dat', 'tree_httv2_ttbar_DelphesPythia8_nompi_155.dat', 'tree_httv2_ttbar_DelphesPythia8_nompi_156.dat', 'tree_httv2_ttbar_DelphesPythia8_nompi_157.dat', 'tree_httv2_ttbar_DelphesPythia8_nompi_158.dat', 'tree_httv2_ttbar_DelphesPythia8_nompi_159.dat', 'tree_httv2_ttbar_DelphesPythia8_nompi_16.dat', 'tree_httv2_ttbar_DelphesPythia8_nompi_160.dat', 'tree_httv2_ttbar_DelphesPythia8_nompi_161.dat', 'tree_httv2_ttbar_DelphesPythia8_nompi_162.dat', 'tree_httv2_ttbar_DelphesPythia8_nompi_163.dat', 'tree_httv2_ttbar_DelphesPythia8_nompi_164.dat', 'tree_httv2_ttbar_DelphesPythia8_nompi_165.dat', 'tree_httv2_ttbar_DelphesPythia8_nompi_166.dat', 'tree_httv2_ttbar_DelphesPythia8_nompi_167.dat', 'tree_httv2_ttbar_DelphesPythia8_nompi_168.dat', 'tree_httv2_ttbar_DelphesPythia8_nompi_169.dat', 'tree_httv2_ttbar_DelphesPythia8_nompi_17.dat', 'tree_httv2_ttbar_DelphesPythia8_nompi_170.dat', 'tree_httv2_ttbar_DelphesPythia8_nompi_171.dat', 'tree_httv2_ttbar_DelphesPythia8_nompi_172.dat', 'tree_httv2_ttbar_DelphesPythia8_nompi_173.dat', 'tree_httv2_ttbar_DelphesPythia8_nompi_174.dat', 'tree_httv2_ttbar_DelphesPythia8_nompi_175.dat', 'tree_httv2_ttbar_DelphesPythia8_nompi_176.dat', 'tree_httv2_ttbar_DelphesPythia8_nompi_177.dat', 'tree_httv2_ttbar_DelphesPythia8_nompi_178.dat', 'tree_httv2_ttbar_DelphesPythia8_nompi_179.dat', 'tree_httv2_ttbar_DelphesPythia8_nompi_18.dat', 'tree_httv2_ttbar_DelphesPythia8_nompi_180.dat', 'tree_httv2_ttbar_DelphesPythia8_nompi_181.dat', 'tree_httv2_ttbar_DelphesPythia8_nompi_182.dat', 'tree_httv2_ttbar_DelphesPythia8_nompi_183.dat', 'tree_httv2_ttbar_DelphesPythia8_nompi_184.dat', 'tree_httv2_ttbar_DelphesPythia8_nompi_185.dat', 'tree_httv2_ttbar_DelphesPythia8_nompi_186.dat', 'tree_httv2_ttbar_DelphesPythia8_nompi_187.dat', 'tree_httv2_ttbar_DelphesPythia8_nompi_188.dat', 'tree_httv2_ttbar_DelphesPythia8_nompi_189.dat', 'tree_httv2_ttbar_DelphesPythia8_nompi_19.dat', 'tree_httv2_ttbar_DelphesPythia8_nompi_190.dat', 'tree_httv2_ttbar_DelphesPythia8_nompi_191.dat', 'tree_httv2_ttbar_DelphesPythia8_nompi_192.dat', 'tree_httv2_ttbar_DelphesPythia8_nompi_193.dat', 'tree_httv2_ttbar_DelphesPythia8_nompi_194.dat', 'tree_httv2_ttbar_DelphesPythia8_nompi_195.dat', 'tree_httv2_ttbar_DelphesPythia8_nompi_196.dat', 'tree_httv2_ttbar_DelphesPythia8_nompi_197.dat', 'tree_httv2_ttbar_DelphesPythia8_nompi_198.dat', 'tree_httv2_ttbar_DelphesPythia8_nompi_199.dat', 'tree_httv2_ttbar_DelphesPythia8_nompi_2.dat', 'tree_httv2_ttbar_DelphesPythia8_nompi_20.dat', 'tree_httv2_ttbar_DelphesPythia8_nompi_21.dat', 'tree_httv2_ttbar_DelphesPythia8_nompi_22.dat', 'tree_httv2_ttbar_DelphesPythia8_nompi_23.dat', 'tree_httv2_ttbar_DelphesPythia8_nompi_24.dat', 'tree_httv2_ttbar_DelphesPythia8_nompi_25.dat', 'tree_httv2_ttbar_DelphesPythia8_nompi_26.dat', 'tree_httv2_ttbar_DelphesPythia8_nompi_27.dat', 'tree_httv2_ttbar_DelphesPythia8_nompi_28.dat', 'tree_httv2_ttbar_DelphesPythia8_nompi_29.dat', 'tree_httv2_ttbar_DelphesPythia8_nompi_3.dat', 'tree_httv2_ttbar_DelphesPythia8_nompi_30.dat', 'tree_httv2_ttbar_DelphesPythia8_nompi_31.dat', 'tree_httv2_ttbar_DelphesPythia8_nompi_32.dat', 'tree_httv2_ttbar_DelphesPythia8_nompi_33.dat', 'tree_httv2_ttbar_DelphesPythia8_nompi_34.dat', 'tree_httv2_ttbar_DelphesPythia8_nompi_35.dat', 'tree_httv2_ttbar_DelphesPythia8_nompi_36.dat', 'tree_httv2_ttbar_DelphesPythia8_nompi_37.dat', 'tree_httv2_ttbar_DelphesPythia8_nompi_38.dat', 'tree_httv2_ttbar_DelphesPythia8_nompi_39.dat', 'tree_httv2_ttbar_DelphesPythia8_nompi_4.dat', 'tree_httv2_ttbar_DelphesPythia8_nompi_40.dat', 'tree_httv2_ttbar_DelphesPythia8_nompi_41.dat', 'tree_httv2_ttbar_DelphesPythia8_nompi_42.dat', 'tree_httv2_ttbar_DelphesPythia8_nompi_43.dat', 'tree_httv2_ttbar_DelphesPythia8_nompi_44.dat', 'tree_httv2_ttbar_DelphesPythia8_nompi_45.dat', 'tree_httv2_ttbar_DelphesPythia8_nompi_46.dat', 'tree_httv2_ttbar_DelphesPythia8_nompi_47.dat', 'tree_httv2_ttbar_DelphesPythia8_nompi_48.dat', 'tree_httv2_ttbar_DelphesPythia8_nompi_49.dat', 'tree_httv2_ttbar_DelphesPythia8_nompi_5.dat', 'tree_httv2_ttbar_DelphesPythia8_nompi_50.dat', 'tree_httv2_ttbar_DelphesPythia8_nompi_51.dat', 'tree_httv2_ttbar_DelphesPythia8_nompi_52.dat', 'tree_httv2_ttbar_DelphesPythia8_nompi_53.dat', 'tree_httv2_ttbar_DelphesPythia8_nompi_54.dat', 'tree_httv2_ttbar_DelphesPythia8_nompi_55.dat', 'tree_httv2_ttbar_DelphesPythia8_nompi_56.dat', 'tree_httv2_ttbar_DelphesPythia8_nompi_57.dat', 'tree_httv2_ttbar_DelphesPythia8_nompi_58.dat', 'tree_httv2_ttbar_DelphesPythia8_nompi_59.dat', 'tree_httv2_ttbar_DelphesPythia8_nompi_6.dat', 'tree_httv2_ttbar_DelphesPythia8_nompi_60.dat', 'tree_httv2_ttbar_DelphesPythia8_nompi_61.dat', 'tree_httv2_ttbar_DelphesPythia8_nompi_62.dat', 'tree_httv2_ttbar_DelphesPythia8_nompi_63.dat', 'tree_httv2_ttbar_DelphesPythia8_nompi_64.dat', 'tree_httv2_ttbar_DelphesPythia8_nompi_65.dat', 'tree_httv2_ttbar_DelphesPythia8_nompi_66.dat', 'tree_httv2_ttbar_DelphesPythia8_nompi_67.dat', 'tree_httv2_ttbar_DelphesPythia8_nompi_68.dat', 'tree_httv2_ttbar_DelphesPythia8_nompi_69.dat', 'tree_httv2_ttbar_DelphesPythia8_nompi_7.dat', 'tree_httv2_ttbar_DelphesPythia8_nompi_70.dat', 'tree_httv2_ttbar_DelphesPythia8_nompi_71.dat', 'tree_httv2_ttbar_DelphesPythia8_nompi_72.dat', 'tree_httv2_ttbar_DelphesPythia8_nompi_73.dat', 'tree_httv2_ttbar_DelphesPythia8_nompi_74.dat', 'tree_httv2_ttbar_DelphesPythia8_nompi_75.dat', 'tree_httv2_ttbar_DelphesPythia8_nompi_76.dat', 'tree_httv2_ttbar_DelphesPythia8_nompi_77.dat', 'tree_httv2_ttbar_DelphesPythia8_nompi_78.dat', 'tree_httv2_ttbar_DelphesPythia8_nompi_79.dat', 'tree_httv2_ttbar_DelphesPythia8_nompi_8.dat', 'tree_httv2_ttbar_DelphesPythia8_nompi_80.dat', 'tree_httv2_ttbar_DelphesPythia8_nompi_81.dat', 'tree_httv2_ttbar_DelphesPythia8_nompi_82.dat', 'tree_httv2_ttbar_DelphesPythia8_nompi_83.dat', 'tree_httv2_ttbar_DelphesPythia8_nompi_84.dat', 'tree_httv2_ttbar_DelphesPythia8_nompi_85.dat', 'tree_httv2_ttbar_DelphesPythia8_nompi_86.dat', 'tree_httv2_ttbar_DelphesPythia8_nompi_87.dat', 'tree_httv2_ttbar_DelphesPythia8_nompi_88.dat', 'tree_httv2_ttbar_DelphesPythia8_nompi_89.dat', 'tree_httv2_ttbar_DelphesPythia8_nompi_9.dat', 'tree_httv2_ttbar_DelphesPythia8_nompi_90.dat', 'tree_httv2_ttbar_DelphesPythia8_nompi_91.dat', 'tree_httv2_ttbar_DelphesPythia8_nompi_92.dat', 'tree_httv2_ttbar_DelphesPythia8_nompi_93.dat', 'tree_httv2_ttbar_DelphesPythia8_nompi_94.dat', 'tree_httv2_ttbar_DelphesPythia8_nompi_95.dat', 'tree_httv2_ttbar_DelphesPythia8_nompi_96.dat', 'tree_httv2_ttbar_DelphesPythia8_nompi_97.dat', 'tree_httv2_ttbar_DelphesPythia8_nompi_98.dat', 'tree_httv2_ttbar_DelphesPythia8_nompi_99.dat']
2018-11-01 11:11:53,521:INFO: Ntotjets=10000
2018-11-01 11:11:55,111:INFO: Ntotjets=20000
2018-11-01 11:11:56,699:INFO: Ntotjets=30000
2018-11-01 11:11:58,309:INFO: Ntotjets=40000
2018-11-01 11:11:59,902:INFO: Ntotjets=50000
2018-11-01 11:12:01,496:INFO: Ntotjets=60000
2018-11-01 11:12:03,144:INFO: Ntotjets=70000
2018-11-01 11:12:04,735:INFO: Ntotjets=80000
2018-11-01 11:12:04,736:INFO: Number of jet files for qcd=200
2018-11-01 11:12:04,736:INFO: Loading qcd jet files... 
2018-11-01 11:12:04,736:INFO: qcd files list = ['tree_httv2_qcd_DelphesPythia8_nompi_0.dat', 'tree_httv2_qcd_DelphesPythia8_nompi_1.dat', 'tree_httv2_qcd_DelphesPythia8_nompi_10.dat', 'tree_httv2_qcd_DelphesPythia8_nompi_100.dat', 'tree_httv2_qcd_DelphesPythia8_nompi_101.dat', 'tree_httv2_qcd_DelphesPythia8_nompi_102.dat', 'tree_httv2_qcd_DelphesPythia8_nompi_103.dat', 'tree_httv2_qcd_DelphesPythia8_nompi_104.dat', 'tree_httv2_qcd_DelphesPythia8_nompi_105.dat', 'tree_httv2_qcd_DelphesPythia8_nompi_106.dat', 'tree_httv2_qcd_DelphesPythia8_nompi_107.dat', 'tree_httv2_qcd_DelphesPythia8_nompi_108.dat', 'tree_httv2_qcd_DelphesPythia8_nompi_109.dat', 'tree_httv2_qcd_DelphesPythia8_nompi_11.dat', 'tree_httv2_qcd_DelphesPythia8_nompi_110.dat', 'tree_httv2_qcd_DelphesPythia8_nompi_111.dat', 'tree_httv2_qcd_DelphesPythia8_nompi_112.dat', 'tree_httv2_qcd_DelphesPythia8_nompi_113.dat', 'tree_httv2_qcd_DelphesPythia8_nompi_114.dat', 'tree_httv2_qcd_DelphesPythia8_nompi_115.dat', 'tree_httv2_qcd_DelphesPythia8_nompi_116.dat', 'tree_httv2_qcd_DelphesPythia8_nompi_117.dat', 'tree_httv2_qcd_DelphesPythia8_nompi_118.dat', 'tree_httv2_qcd_DelphesPythia8_nompi_119.dat', 'tree_httv2_qcd_DelphesPythia8_nompi_12.dat', 'tree_httv2_qcd_DelphesPythia8_nompi_120.dat', 'tree_httv2_qcd_DelphesPythia8_nompi_121.dat', 'tree_httv2_qcd_DelphesPythia8_nompi_122.dat', 'tree_httv2_qcd_DelphesPythia8_nompi_123.dat', 'tree_httv2_qcd_DelphesPythia8_nompi_124.dat', 'tree_httv2_qcd_DelphesPythia8_nompi_125.dat', 'tree_httv2_qcd_DelphesPythia8_nompi_126.dat', 'tree_httv2_qcd_DelphesPythia8_nompi_127.dat', 'tree_httv2_qcd_DelphesPythia8_nompi_128.dat', 'tree_httv2_qcd_DelphesPythia8_nompi_129.dat', 'tree_httv2_qcd_DelphesPythia8_nompi_13.dat', 'tree_httv2_qcd_DelphesPythia8_nompi_130.dat', 'tree_httv2_qcd_DelphesPythia8_nompi_131.dat', 'tree_httv2_qcd_DelphesPythia8_nompi_132.dat', 'tree_httv2_qcd_DelphesPythia8_nompi_133.dat', 'tree_httv2_qcd_DelphesPythia8_nompi_134.dat', 'tree_httv2_qcd_DelphesPythia8_nompi_135.dat', 'tree_httv2_qcd_DelphesPythia8_nompi_136.dat', 'tree_httv2_qcd_DelphesPythia8_nompi_137.dat', 'tree_httv2_qcd_DelphesPythia8_nompi_138.dat', 'tree_httv2_qcd_DelphesPythia8_nompi_139.dat', 'tree_httv2_qcd_DelphesPythia8_nompi_14.dat', 'tree_httv2_qcd_DelphesPythia8_nompi_140.dat', 'tree_httv2_qcd_DelphesPythia8_nompi_141.dat', 'tree_httv2_qcd_DelphesPythia8_nompi_142.dat', 'tree_httv2_qcd_DelphesPythia8_nompi_143.dat', 'tree_httv2_qcd_DelphesPythia8_nompi_144.dat', 'tree_httv2_qcd_DelphesPythia8_nompi_145.dat', 'tree_httv2_qcd_DelphesPythia8_nompi_146.dat', 'tree_httv2_qcd_DelphesPythia8_nompi_147.dat', 'tree_httv2_qcd_DelphesPythia8_nompi_148.dat', 'tree_httv2_qcd_DelphesPythia8_nompi_149.dat', 'tree_httv2_qcd_DelphesPythia8_nompi_15.dat', 'tree_httv2_qcd_DelphesPythia8_nompi_150.dat', 'tree_httv2_qcd_DelphesPythia8_nompi_151.dat', 'tree_httv2_qcd_DelphesPythia8_nompi_152.dat', 'tree_httv2_qcd_DelphesPythia8_nompi_153.dat', 'tree_httv2_qcd_DelphesPythia8_nompi_154.dat', 'tree_httv2_qcd_DelphesPythia8_nompi_155.dat', 'tree_httv2_qcd_DelphesPythia8_nompi_156.dat', 'tree_httv2_qcd_DelphesPythia8_nompi_157.dat', 'tree_httv2_qcd_DelphesPythia8_nompi_158.dat', 'tree_httv2_qcd_DelphesPythia8_nompi_159.dat', 'tree_httv2_qcd_DelphesPythia8_nompi_16.dat', 'tree_httv2_qcd_DelphesPythia8_nompi_160.dat', 'tree_httv2_qcd_DelphesPythia8_nompi_161.dat', 'tree_httv2_qcd_DelphesPythia8_nompi_162.dat', 'tree_httv2_qcd_DelphesPythia8_nompi_163.dat', 'tree_httv2_qcd_DelphesPythia8_nompi_164.dat', 'tree_httv2_qcd_DelphesPythia8_nompi_165.dat', 'tree_httv2_qcd_DelphesPythia8_nompi_166.dat', 'tree_httv2_qcd_DelphesPythia8_nompi_167.dat', 'tree_httv2_qcd_DelphesPythia8_nompi_168.dat', 'tree_httv2_qcd_DelphesPythia8_nompi_169.dat', 'tree_httv2_qcd_DelphesPythia8_nompi_17.dat', 'tree_httv2_qcd_DelphesPythia8_nompi_170.dat', 'tree_httv2_qcd_DelphesPythia8_nompi_171.dat', 'tree_httv2_qcd_DelphesPythia8_nompi_172.dat', 'tree_httv2_qcd_DelphesPythia8_nompi_173.dat', 'tree_httv2_qcd_DelphesPythia8_nompi_174.dat', 'tree_httv2_qcd_DelphesPythia8_nompi_175.dat', 'tree_httv2_qcd_DelphesPythia8_nompi_176.dat', 'tree_httv2_qcd_DelphesPythia8_nompi_177.dat', 'tree_httv2_qcd_DelphesPythia8_nompi_178.dat', 'tree_httv2_qcd_DelphesPythia8_nompi_179.dat', 'tree_httv2_qcd_DelphesPythia8_nompi_18.dat', 'tree_httv2_qcd_DelphesPythia8_nompi_180.dat', 'tree_httv2_qcd_DelphesPythia8_nompi_181.dat', 'tree_httv2_qcd_DelphesPythia8_nompi_182.dat', 'tree_httv2_qcd_DelphesPythia8_nompi_183.dat', 'tree_httv2_qcd_DelphesPythia8_nompi_184.dat', 'tree_httv2_qcd_DelphesPythia8_nompi_185.dat', 'tree_httv2_qcd_DelphesPythia8_nompi_186.dat', 'tree_httv2_qcd_DelphesPythia8_nompi_187.dat', 'tree_httv2_qcd_DelphesPythia8_nompi_188.dat', 'tree_httv2_qcd_DelphesPythia8_nompi_189.dat', 'tree_httv2_qcd_DelphesPythia8_nompi_19.dat', 'tree_httv2_qcd_DelphesPythia8_nompi_190.dat', 'tree_httv2_qcd_DelphesPythia8_nompi_191.dat', 'tree_httv2_qcd_DelphesPythia8_nompi_192.dat', 'tree_httv2_qcd_DelphesPythia8_nompi_193.dat', 'tree_httv2_qcd_DelphesPythia8_nompi_194.dat', 'tree_httv2_qcd_DelphesPythia8_nompi_195.dat', 'tree_httv2_qcd_DelphesPythia8_nompi_196.dat', 'tree_httv2_qcd_DelphesPythia8_nompi_197.dat', 'tree_httv2_qcd_DelphesPythia8_nompi_198.dat', 'tree_httv2_qcd_DelphesPythia8_nompi_199.dat', 'tree_httv2_qcd_DelphesPythia8_nompi_2.dat', 'tree_httv2_qcd_DelphesPythia8_nompi_20.dat', 'tree_httv2_qcd_DelphesPythia8_nompi_21.dat', 'tree_httv2_qcd_DelphesPythia8_nompi_22.dat', 'tree_httv2_qcd_DelphesPythia8_nompi_23.dat', 'tree_httv2_qcd_DelphesPythia8_nompi_24.dat', 'tree_httv2_qcd_DelphesPythia8_nompi_25.dat', 'tree_httv2_qcd_DelphesPythia8_nompi_26.dat', 'tree_httv2_qcd_DelphesPythia8_nompi_27.dat', 'tree_httv2_qcd_DelphesPythia8_nompi_28.dat', 'tree_httv2_qcd_DelphesPythia8_nompi_29.dat', 'tree_httv2_qcd_DelphesPythia8_nompi_3.dat', 'tree_httv2_qcd_DelphesPythia8_nompi_30.dat', 'tree_httv2_qcd_DelphesPythia8_nompi_31.dat', 'tree_httv2_qcd_DelphesPythia8_nompi_32.dat', 'tree_httv2_qcd_DelphesPythia8_nompi_33.dat', 'tree_httv2_qcd_DelphesPythia8_nompi_34.dat', 'tree_httv2_qcd_DelphesPythia8_nompi_35.dat', 'tree_httv2_qcd_DelphesPythia8_nompi_36.dat', 'tree_httv2_qcd_DelphesPythia8_nompi_37.dat', 'tree_httv2_qcd_DelphesPythia8_nompi_38.dat', 'tree_httv2_qcd_DelphesPythia8_nompi_39.dat', 'tree_httv2_qcd_DelphesPythia8_nompi_4.dat', 'tree_httv2_qcd_DelphesPythia8_nompi_40.dat', 'tree_httv2_qcd_DelphesPythia8_nompi_41.dat', 'tree_httv2_qcd_DelphesPythia8_nompi_42.dat', 'tree_httv2_qcd_DelphesPythia8_nompi_43.dat', 'tree_httv2_qcd_DelphesPythia8_nompi_44.dat', 'tree_httv2_qcd_DelphesPythia8_nompi_45.dat', 'tree_httv2_qcd_DelphesPythia8_nompi_46.dat', 'tree_httv2_qcd_DelphesPythia8_nompi_47.dat', 'tree_httv2_qcd_DelphesPythia8_nompi_48.dat', 'tree_httv2_qcd_DelphesPythia8_nompi_49.dat', 'tree_httv2_qcd_DelphesPythia8_nompi_5.dat', 'tree_httv2_qcd_DelphesPythia8_nompi_50.dat', 'tree_httv2_qcd_DelphesPythia8_nompi_51.dat', 'tree_httv2_qcd_DelphesPythia8_nompi_52.dat', 'tree_httv2_qcd_DelphesPythia8_nompi_53.dat', 'tree_httv2_qcd_DelphesPythia8_nompi_54.dat', 'tree_httv2_qcd_DelphesPythia8_nompi_55.dat', 'tree_httv2_qcd_DelphesPythia8_nompi_56.dat', 'tree_httv2_qcd_DelphesPythia8_nompi_57.dat', 'tree_httv2_qcd_DelphesPythia8_nompi_58.dat', 'tree_httv2_qcd_DelphesPythia8_nompi_59.dat', 'tree_httv2_qcd_DelphesPythia8_nompi_6.dat', 'tree_httv2_qcd_DelphesPythia8_nompi_60.dat', 'tree_httv2_qcd_DelphesPythia8_nompi_61.dat', 'tree_httv2_qcd_DelphesPythia8_nompi_62.dat', 'tree_httv2_qcd_DelphesPythia8_nompi_63.dat', 'tree_httv2_qcd_DelphesPythia8_nompi_64.dat', 'tree_httv2_qcd_DelphesPythia8_nompi_65.dat', 'tree_httv2_qcd_DelphesPythia8_nompi_66.dat', 'tree_httv2_qcd_DelphesPythia8_nompi_67.dat', 'tree_httv2_qcd_DelphesPythia8_nompi_68.dat', 'tree_httv2_qcd_DelphesPythia8_nompi_69.dat', 'tree_httv2_qcd_DelphesPythia8_nompi_7.dat', 'tree_httv2_qcd_DelphesPythia8_nompi_70.dat', 'tree_httv2_qcd_DelphesPythia8_nompi_71.dat', 'tree_httv2_qcd_DelphesPythia8_nompi_72.dat', 'tree_httv2_qcd_DelphesPythia8_nompi_73.dat', 'tree_httv2_qcd_DelphesPythia8_nompi_74.dat', 'tree_httv2_qcd_DelphesPythia8_nompi_75.dat', 'tree_httv2_qcd_DelphesPythia8_nompi_76.dat', 'tree_httv2_qcd_DelphesPythia8_nompi_77.dat', 'tree_httv2_qcd_DelphesPythia8_nompi_78.dat', 'tree_httv2_qcd_DelphesPythia8_nompi_79.dat', 'tree_httv2_qcd_DelphesPythia8_nompi_8.dat', 'tree_httv2_qcd_DelphesPythia8_nompi_80.dat', 'tree_httv2_qcd_DelphesPythia8_nompi_81.dat', 'tree_httv2_qcd_DelphesPythia8_nompi_82.dat', 'tree_httv2_qcd_DelphesPythia8_nompi_83.dat', 'tree_httv2_qcd_DelphesPythia8_nompi_84.dat', 'tree_httv2_qcd_DelphesPythia8_nompi_85.dat', 'tree_httv2_qcd_DelphesPythia8_nompi_86.dat', 'tree_httv2_qcd_DelphesPythia8_nompi_87.dat', 'tree_httv2_qcd_DelphesPythia8_nompi_88.dat', 'tree_httv2_qcd_DelphesPythia8_nompi_89.dat', 'tree_httv2_qcd_DelphesPythia8_nompi_9.dat', 'tree_httv2_qcd_DelphesPythia8_nompi_90.dat', 'tree_httv2_qcd_DelphesPythia8_nompi_91.dat', 'tree_httv2_qcd_DelphesPythia8_nompi_92.dat', 'tree_httv2_qcd_DelphesPythia8_nompi_93.dat', 'tree_httv2_qcd_DelphesPythia8_nompi_94.dat', 'tree_httv2_qcd_DelphesPythia8_nompi_95.dat', 'tree_httv2_qcd_DelphesPythia8_nompi_96.dat', 'tree_httv2_qcd_DelphesPythia8_nompi_97.dat', 'tree_httv2_qcd_DelphesPythia8_nompi_98.dat', 'tree_httv2_qcd_DelphesPythia8_nompi_99.dat']
2018-11-01 11:12:06,135:INFO: Ntotjets=10000
2018-11-01 11:12:07,524:INFO: Ntotjets=20000
2018-11-01 11:12:08,909:INFO: Ntotjets=30000
2018-11-01 11:12:10,304:INFO: Ntotjets=40000
2018-11-01 11:12:11,697:INFO: Ntotjets=50000
2018-11-01 11:12:13,074:INFO: Ntotjets=60000
2018-11-01 11:12:14,458:INFO: Ntotjets=70000
2018-11-01 11:12:15,838:INFO: Ntotjets=80000
2018-11-01 11:12:15,838:INFO: Tree generation time (minutes) =0.40161291758219403
2018-11-01 11:20:22,284:INFO: Splitting into train, validation and test datasets, and shuffling...
2018-11-01 11:20:44,322:INFO: Split sample time (minutes) =8.876337178548177
2018-11-01 11:20:44,322:INFO: Creating train batches ...
2018-11-01 11:20:47,306:INFO: Number of batches created=100
2018-11-01 11:20:50,245:INFO: Number of batches created=200
2018-11-01 11:20:53,168:INFO: Number of batches created=300
2018-11-01 11:20:56,105:INFO: Number of batches created=400
2018-11-01 11:20:59,061:INFO: Number of batches created=500
2018-11-01 11:21:01,985:INFO: Number of batches created=600
2018-11-01 11:21:04,915:INFO: Number of batches created=700
2018-11-01 11:21:06,393:INFO: Creating val batches ...
2018-11-01 11:21:09,335:INFO: Number of batches created=100
2018-11-01 11:21:12,271:INFO: Number of batches created=200
2018-11-01 11:21:13,740:INFO: Creating test batches ...
2018-11-01 11:21:16,706:INFO: Number of batches created=100
2018-11-01 11:21:19,662:INFO: Number of batches created=200
2018-11-01 11:21:21,137:INFO: Number of test_batches=250
2018-11-01 11:21:21,138:INFO: Batch generation time (minutes) =9.489931046962738
2018-11-01 11:21:21,138:INFO: Train and val batch size=128
2018-11-01 11:21:21,138:INFO: Number of train_batches=750
2018-11-01 11:21:21,138:INFO: Number of val_batches=250
2018-11-01 11:21:37,379:INFO: ------------------------------------------------------------
2018-11-01 11:21:37,379:INFO: Loading the datasets...
2018-11-01 11:21:39,850:INFO: - done loading the datasets
2018-11-01 11:21:39,850:INFO: ------------------------------------------------------------
2018-11-01 11:21:42,284:INFO: Building optimizer...
2018-11-01 11:21:42,284:INFO: Starting training for 40 epoch(s)
2018-11-01 11:21:42,285:INFO: Epoch 1/40
2018-11-01 11:22:06,576:INFO: - Train metrics: accuracy: 0.727 ; loss: 0.662
2018-11-01 11:22:11,865:INFO: - Eval metrics : accuracy: 0.789 ; loss: 0.439
2018-11-01 11:22:11,876:INFO: - Found new best accuracy
2018-11-01 11:22:11,876:INFO: Epoch 2/40
2018-11-01 11:22:35,571:INFO: - Train metrics: accuracy: 0.790 ; loss: 0.427
2018-11-01 11:22:39,976:INFO: - Eval metrics : accuracy: 0.795 ; loss: 0.447
2018-11-01 11:22:40,015:INFO: - Found new best accuracy
2018-11-01 11:22:40,016:INFO: Epoch 3/40
2018-11-01 11:23:03,242:INFO: - Train metrics: accuracy: 0.820 ; loss: 0.412
2018-11-01 11:23:07,578:INFO: - Eval metrics : accuracy: 0.799 ; loss: 0.426
2018-11-01 11:23:07,617:INFO: - Found new best accuracy
2018-11-01 11:23:07,618:INFO: Epoch 4/40
2018-11-01 11:23:31,101:INFO: - Train metrics: accuracy: 0.827 ; loss: 0.395
2018-11-01 11:23:35,683:INFO: - Eval metrics : accuracy: 0.802 ; loss: 0.420
2018-11-01 11:23:35,723:INFO: - Found new best accuracy
2018-11-01 11:23:35,724:INFO: Epoch 5/40
2018-11-01 11:23:58,979:INFO: - Train metrics: accuracy: 0.826 ; loss: 0.387
2018-11-01 11:24:03,500:INFO: - Eval metrics : accuracy: 0.806 ; loss: 0.419
2018-11-01 11:24:03,539:INFO: - Found new best accuracy
2018-11-01 11:24:03,540:INFO: Epoch 6/40
2018-11-01 11:24:27,334:INFO: - Train metrics: accuracy: 0.820 ; loss: 0.385
2018-11-01 11:24:31,687:INFO: - Eval metrics : accuracy: 0.809 ; loss: 0.408
2018-11-01 11:24:31,723:INFO: - Found new best accuracy
2018-11-01 11:24:31,724:INFO: Epoch 7/40
2018-11-01 11:24:54,922:INFO: - Train metrics: accuracy: 0.829 ; loss: 0.373
2018-11-01 11:24:59,439:INFO: - Eval metrics : accuracy: 0.819 ; loss: 0.395
2018-11-01 11:24:59,482:INFO: - Found new best accuracy
2018-11-01 11:24:59,482:INFO: Epoch 8/40
2018-11-01 11:25:22,805:INFO: - Train metrics: accuracy: 0.842 ; loss: 0.364
2018-11-01 11:25:27,219:INFO: - Eval metrics : accuracy: 0.821 ; loss: 0.391
2018-11-01 11:25:27,256:INFO: - Found new best accuracy
2018-11-01 11:25:27,256:INFO: Epoch 9/40
2018-11-01 11:25:50,426:INFO: - Train metrics: accuracy: 0.842 ; loss: 0.354
2018-11-01 11:25:54,954:INFO: - Eval metrics : accuracy: 0.825 ; loss: 0.384
2018-11-01 11:25:54,989:INFO: - Found new best accuracy
2018-11-01 11:25:54,989:INFO: Epoch 10/40
2018-11-01 11:26:18,226:INFO: - Train metrics: accuracy: 0.853 ; loss: 0.340
2018-11-01 11:26:22,563:INFO: - Eval metrics : accuracy: 0.858 ; loss: 0.320
2018-11-01 11:26:22,597:INFO: - Found new best accuracy
2018-11-01 11:26:22,597:INFO: Epoch 11/40
2018-11-01 11:26:45,795:INFO: - Train metrics: accuracy: 0.904 ; loss: 0.234
2018-11-01 11:26:50,157:INFO: - Eval metrics : accuracy: 0.913 ; loss: 0.211
2018-11-01 11:26:50,203:INFO: - Found new best accuracy
2018-11-01 11:26:50,204:INFO: Epoch 12/40
2018-11-01 11:27:13,675:INFO: - Train metrics: accuracy: 0.931 ; loss: 0.189
2018-11-01 11:27:18,080:INFO: - Eval metrics : accuracy: 0.920 ; loss: 0.191
2018-11-01 11:27:18,121:INFO: - Found new best accuracy
2018-11-01 11:27:18,122:INFO: Epoch 13/40
2018-11-01 11:27:41,418:INFO: - Train metrics: accuracy: 0.926 ; loss: 0.181
2018-11-01 11:27:45,764:INFO: - Eval metrics : accuracy: 0.924 ; loss: 0.185
2018-11-01 11:27:45,804:INFO: - Found new best accuracy
2018-11-01 11:27:45,804:INFO: Epoch 14/40
2018-11-01 11:28:09,313:INFO: - Train metrics: accuracy: 0.927 ; loss: 0.180
2018-11-01 11:28:13,843:INFO: - Eval metrics : accuracy: 0.926 ; loss: 0.181
2018-11-01 11:28:13,885:INFO: - Found new best accuracy
2018-11-01 11:28:13,886:INFO: Epoch 15/40
2018-11-01 11:28:37,453:INFO: - Train metrics: accuracy: 0.930 ; loss: 0.179
2018-11-01 11:28:41,810:INFO: - Eval metrics : accuracy: 0.927 ; loss: 0.177
2018-11-01 11:28:41,852:INFO: - Found new best accuracy
2018-11-01 11:28:41,852:INFO: Epoch 16/40
2018-11-01 11:29:04,948:INFO: - Train metrics: accuracy: 0.939 ; loss: 0.165
2018-11-01 11:29:09,280:INFO: - Eval metrics : accuracy: 0.928 ; loss: 0.174
2018-11-01 11:29:09,319:INFO: - Found new best accuracy
2018-11-01 11:29:09,320:INFO: Epoch 17/40
2018-11-01 11:29:32,605:INFO: - Train metrics: accuracy: 0.934 ; loss: 0.160
2018-11-01 11:29:37,005:INFO: - Eval metrics : accuracy: 0.930 ; loss: 0.171
2018-11-01 11:29:37,044:INFO: - Found new best accuracy
2018-11-01 11:29:37,044:INFO: Epoch 18/40
2018-11-01 11:30:00,150:INFO: - Train metrics: accuracy: 0.936 ; loss: 0.159
2018-11-01 11:30:04,482:INFO: - Eval metrics : accuracy: 0.931 ; loss: 0.168
2018-11-01 11:30:04,517:INFO: - Found new best accuracy
2018-11-01 11:30:04,517:INFO: Epoch 19/40
2018-11-01 11:30:27,709:INFO: - Train metrics: accuracy: 0.936 ; loss: 0.151
2018-11-01 11:30:32,041:INFO: - Eval metrics : accuracy: 0.932 ; loss: 0.167
2018-11-01 11:30:32,077:INFO: - Found new best accuracy
2018-11-01 11:30:32,077:INFO: Epoch 20/40
2018-11-01 11:30:56,037:INFO: - Train metrics: accuracy: 0.940 ; loss: 0.149
2018-11-01 11:31:00,477:INFO: - Eval metrics : accuracy: 0.932 ; loss: 0.165
2018-11-01 11:31:00,517:INFO: - Found new best accuracy
2018-11-01 11:31:00,518:INFO: Epoch 21/40
2018-11-01 11:31:24,244:INFO: - Train metrics: accuracy: 0.940 ; loss: 0.149
2018-11-01 11:31:28,627:INFO: - Eval metrics : accuracy: 0.934 ; loss: 0.164
2018-11-01 11:31:28,667:INFO: - Found new best accuracy
2018-11-01 11:31:28,667:INFO: Epoch 22/40
2018-11-01 11:31:52,050:INFO: - Train metrics: accuracy: 0.944 ; loss: 0.147
2018-11-01 11:31:56,578:INFO: - Eval metrics : accuracy: 0.935 ; loss: 0.162
2018-11-01 11:31:56,616:INFO: - Found new best accuracy
2018-11-01 11:31:56,617:INFO: Epoch 23/40
2018-11-01 11:32:19,738:INFO: - Train metrics: accuracy: 0.945 ; loss: 0.145
2018-11-01 11:32:24,186:INFO: - Eval metrics : accuracy: 0.934 ; loss: 0.164
2018-11-01 11:32:24,224:INFO: Epoch 24/40
2018-11-01 11:32:47,339:INFO: - Train metrics: accuracy: 0.941 ; loss: 0.145
2018-11-01 11:32:51,680:INFO: - Eval metrics : accuracy: 0.934 ; loss: 0.160
2018-11-01 11:32:51,715:INFO: Epoch 25/40
2018-11-01 11:33:14,836:INFO: - Train metrics: accuracy: 0.944 ; loss: 0.145
2018-11-01 11:33:19,174:INFO: - Eval metrics : accuracy: 0.935 ; loss: 0.160
2018-11-01 11:33:19,215:INFO: - Found new best accuracy
2018-11-01 11:33:19,216:INFO: Epoch 26/40
2018-11-01 11:33:42,710:INFO: - Train metrics: accuracy: 0.945 ; loss: 0.142
2018-11-01 11:33:47,350:INFO: - Eval metrics : accuracy: 0.935 ; loss: 0.162
2018-11-01 11:33:47,388:INFO: Epoch 27/40
2018-11-01 11:34:10,657:INFO: - Train metrics: accuracy: 0.945 ; loss: 0.139
2018-11-01 11:34:14,991:INFO: - Eval metrics : accuracy: 0.935 ; loss: 0.161
2018-11-01 11:34:14,993:INFO: Epoch 28/40
2018-11-01 11:34:38,451:INFO: - Train metrics: accuracy: 0.945 ; loss: 0.139
2018-11-01 11:34:42,880:INFO: - Eval metrics : accuracy: 0.935 ; loss: 0.160
2018-11-01 11:34:42,914:INFO: Epoch 29/40
2018-11-01 11:35:06,249:INFO: - Train metrics: accuracy: 0.945 ; loss: 0.140
2018-11-01 11:35:10,653:INFO: - Eval metrics : accuracy: 0.935 ; loss: 0.160
2018-11-01 11:35:10,697:INFO: Epoch 30/40
2018-11-01 11:35:33,916:INFO: - Train metrics: accuracy: 0.947 ; loss: 0.138
2018-11-01 11:35:38,298:INFO: - Eval metrics : accuracy: 0.935 ; loss: 0.160
2018-11-01 11:35:38,338:INFO: Epoch 31/40
2018-11-01 11:36:01,506:INFO: - Train metrics: accuracy: 0.948 ; loss: 0.137
2018-11-01 11:36:05,911:INFO: - Eval metrics : accuracy: 0.935 ; loss: 0.160
2018-11-01 11:36:05,946:INFO: Epoch 32/40
2018-11-01 11:36:29,370:INFO: - Train metrics: accuracy: 0.947 ; loss: 0.135
2018-11-01 11:36:33,711:INFO: - Eval metrics : accuracy: 0.935 ; loss: 0.160
2018-11-01 11:36:33,754:INFO: Epoch 33/40
2018-11-01 11:36:56,928:INFO: - Train metrics: accuracy: 0.948 ; loss: 0.135
2018-11-01 11:37:01,265:INFO: - Eval metrics : accuracy: 0.936 ; loss: 0.159
2018-11-01 11:37:01,302:INFO: - Found new best accuracy
2018-11-01 11:37:01,303:INFO: Epoch 34/40
2018-11-01 11:37:24,438:INFO: - Train metrics: accuracy: 0.949 ; loss: 0.134
2018-11-01 11:37:28,780:INFO: - Eval metrics : accuracy: 0.936 ; loss: 0.160
2018-11-01 11:37:28,812:INFO: Epoch 35/40
2018-11-01 11:37:52,235:INFO: - Train metrics: accuracy: 0.949 ; loss: 0.136
2018-11-01 11:37:56,588:INFO: - Eval metrics : accuracy: 0.936 ; loss: 0.159
2018-11-01 11:37:56,651:INFO: - Found new best accuracy
2018-11-01 11:37:56,652:INFO: Epoch 36/40
2018-11-01 11:38:19,741:INFO: - Train metrics: accuracy: 0.951 ; loss: 0.133
2018-11-01 11:38:24,073:INFO: - Eval metrics : accuracy: 0.936 ; loss: 0.158
2018-11-01 11:38:24,111:INFO: - Found new best accuracy
2018-11-01 11:38:24,112:INFO: Epoch 37/40
2018-11-01 11:38:47,598:INFO: - Train metrics: accuracy: 0.951 ; loss: 0.132
2018-11-01 11:38:51,931:INFO: - Eval metrics : accuracy: 0.936 ; loss: 0.158
2018-11-01 11:38:51,968:INFO: Epoch 38/40
2018-11-01 11:39:15,383:INFO: - Train metrics: accuracy: 0.949 ; loss: 0.132
2018-11-01 11:39:19,738:INFO: - Eval metrics : accuracy: 0.937 ; loss: 0.158
2018-11-01 11:39:19,775:INFO: - Found new best accuracy
2018-11-01 11:39:19,776:INFO: Epoch 39/40
2018-11-01 11:39:43,792:INFO: - Train metrics: accuracy: 0.951 ; loss: 0.131
2018-11-01 11:39:48,201:INFO: - Eval metrics : accuracy: 0.937 ; loss: 0.158
2018-11-01 11:39:48,234:INFO: Epoch 40/40
2018-11-01 11:40:11,336:INFO: - Train metrics: accuracy: 0.949 ; loss: 0.130
2018-11-01 11:40:15,667:INFO: - Eval metrics : accuracy: 0.937 ; loss: 0.158
2018-11-01 11:40:15,701:INFO: Total time (minutes) =28.399315305550893
