2018-10-29 16:41:53,640:INFO: search_hyperparam_sample_name=top_qcd_jets_antikt_kt__40000_Njets_64_batch
2018-10-29 16:41:53,641:INFO: ------------------------------------------------------------
2018-10-29 16:41:53,641:INFO: Loading the datasets...
2018-10-29 16:41:54,728:INFO: - done loading the datasets
2018-10-29 16:41:54,728:INFO: ------------------------------------------------------------
2018-10-29 16:41:56,410:INFO: Building optimizer...
2018-10-29 16:41:56,411:INFO: Starting training for 30 epoch(s)
2018-10-29 16:41:56,411:INFO: Epoch 1/30
2018-10-29 16:42:18,029:INFO: - Train metrics: accuracy: 0.703 ; loss: 0.746
2018-10-29 16:42:22,053:INFO: - Eval metrics : accuracy: 0.751 ; loss: 0.502
2018-10-29 16:42:22,073:INFO: - Found new best accuracy
2018-10-29 16:42:22,074:INFO: Epoch 2/30
2018-10-29 16:42:41,729:INFO: - Train metrics: accuracy: 0.763 ; loss: 0.449
2018-10-29 16:42:45,748:INFO: - Eval metrics : accuracy: 0.773 ; loss: 0.460
2018-10-29 16:42:45,784:INFO: - Found new best accuracy
2018-10-29 16:42:45,784:INFO: Epoch 3/30
2018-10-29 16:43:05,398:INFO: - Train metrics: accuracy: 0.792 ; loss: 0.414
2018-10-29 16:43:09,465:INFO: - Eval metrics : accuracy: 0.796 ; loss: 0.428
2018-10-29 16:43:09,500:INFO: - Found new best accuracy
2018-10-29 16:43:09,500:INFO: Epoch 4/30
2018-10-29 16:43:28,077:INFO: - Train metrics: accuracy: 0.807 ; loss: 0.397
2018-10-29 16:43:31,888:INFO: - Eval metrics : accuracy: 0.796 ; loss: 0.426
2018-10-29 16:43:31,890:INFO: Epoch 5/30
2018-10-29 16:43:49,048:INFO: - Train metrics: accuracy: 0.818 ; loss: 0.382
2018-10-29 16:43:52,845:INFO: - Eval metrics : accuracy: 0.802 ; loss: 0.415
2018-10-29 16:43:52,881:INFO: - Found new best accuracy
2018-10-29 16:43:52,882:INFO: Epoch 6/30
2018-10-29 16:44:10,192:INFO: - Train metrics: accuracy: 0.828 ; loss: 0.374
2018-10-29 16:44:13,975:INFO: - Eval metrics : accuracy: 0.805 ; loss: 0.409
2018-10-29 16:44:14,013:INFO: - Found new best accuracy
2018-10-29 16:44:14,013:INFO: Epoch 7/30
2018-10-29 16:44:31,283:INFO: - Train metrics: accuracy: 0.839 ; loss: 0.372
2018-10-29 16:44:35,074:INFO: - Eval metrics : accuracy: 0.805 ; loss: 0.407
2018-10-29 16:44:35,108:INFO: - Found new best accuracy
2018-10-29 16:44:35,108:INFO: Epoch 8/30
2018-10-29 16:44:52,158:INFO: - Train metrics: accuracy: 0.841 ; loss: 0.370
2018-10-29 16:44:55,911:INFO: - Eval metrics : accuracy: 0.806 ; loss: 0.404
2018-10-29 16:44:55,951:INFO: - Found new best accuracy
2018-10-29 16:44:55,952:INFO: Epoch 9/30
2018-10-29 16:45:13,592:INFO: - Train metrics: accuracy: 0.839 ; loss: 0.367
2018-10-29 16:45:17,330:INFO: - Eval metrics : accuracy: 0.810 ; loss: 0.399
2018-10-29 16:45:17,332:INFO: - Found new best accuracy
2018-10-29 16:45:17,332:INFO: Epoch 10/30
2018-10-29 16:45:35,538:INFO: - Train metrics: accuracy: 0.839 ; loss: 0.364
2018-10-29 16:45:39,615:INFO: - Eval metrics : accuracy: 0.813 ; loss: 0.396
2018-10-29 16:45:39,652:INFO: - Found new best accuracy
2018-10-29 16:45:39,652:INFO: Epoch 11/30
2018-10-29 16:45:58,576:INFO: - Train metrics: accuracy: 0.841 ; loss: 0.360
2018-10-29 16:46:02,380:INFO: - Eval metrics : accuracy: 0.812 ; loss: 0.395
2018-10-29 16:46:02,382:INFO: Epoch 12/30
2018-10-29 16:46:20,722:INFO: - Train metrics: accuracy: 0.846 ; loss: 0.358
2018-10-29 16:46:24,542:INFO: - Eval metrics : accuracy: 0.814 ; loss: 0.394
2018-10-29 16:46:24,582:INFO: - Found new best accuracy
2018-10-29 16:46:24,583:INFO: Epoch 13/30
2018-10-29 16:46:42,212:INFO: - Train metrics: accuracy: 0.844 ; loss: 0.357
2018-10-29 16:46:46,016:INFO: - Eval metrics : accuracy: 0.815 ; loss: 0.394
2018-10-29 16:46:46,050:INFO: - Found new best accuracy
2018-10-29 16:46:46,051:INFO: Epoch 14/30
2018-10-29 16:47:04,579:INFO: - Train metrics: accuracy: 0.844 ; loss: 0.357
2018-10-29 16:47:08,384:INFO: - Eval metrics : accuracy: 0.815 ; loss: 0.394
2018-10-29 16:47:08,422:INFO: - Found new best accuracy
2018-10-29 16:47:08,422:INFO: Epoch 15/30
2018-10-29 16:47:25,901:INFO: - Train metrics: accuracy: 0.836 ; loss: 0.358
2018-10-29 16:47:29,663:INFO: - Eval metrics : accuracy: 0.814 ; loss: 0.394
2018-10-29 16:47:29,701:INFO: Epoch 16/30
2018-10-29 16:47:47,397:INFO: - Train metrics: accuracy: 0.836 ; loss: 0.359
2018-10-29 16:47:51,219:INFO: - Eval metrics : accuracy: 0.815 ; loss: 0.394
2018-10-29 16:47:51,260:INFO: Epoch 17/30
2018-10-29 16:48:09,536:INFO: - Train metrics: accuracy: 0.839 ; loss: 0.359
2018-10-29 16:48:13,276:INFO: - Eval metrics : accuracy: 0.815 ; loss: 0.393
2018-10-29 16:48:13,311:INFO: - Found new best accuracy
2018-10-29 16:48:13,311:INFO: Epoch 18/30
2018-10-29 16:48:31,665:INFO: - Train metrics: accuracy: 0.839 ; loss: 0.359
2018-10-29 16:48:35,395:INFO: - Eval metrics : accuracy: 0.816 ; loss: 0.393
2018-10-29 16:48:35,432:INFO: - Found new best accuracy
2018-10-29 16:48:35,433:INFO: Epoch 19/30
2018-10-29 16:48:54,509:INFO: - Train metrics: accuracy: 0.844 ; loss: 0.359
2018-10-29 16:48:58,311:INFO: - Eval metrics : accuracy: 0.817 ; loss: 0.393
2018-10-29 16:48:58,352:INFO: - Found new best accuracy
2018-10-29 16:48:58,352:INFO: Epoch 20/30
2018-10-29 16:49:16,248:INFO: - Train metrics: accuracy: 0.844 ; loss: 0.358
2018-10-29 16:49:20,084:INFO: - Eval metrics : accuracy: 0.817 ; loss: 0.393
2018-10-29 16:49:20,122:INFO: Epoch 21/30
2018-10-29 16:49:38,520:INFO: - Train metrics: accuracy: 0.841 ; loss: 0.359
2018-10-29 16:49:42,352:INFO: - Eval metrics : accuracy: 0.816 ; loss: 0.393
2018-10-29 16:49:42,391:INFO: Epoch 22/30
2018-10-29 16:50:01,344:INFO: - Train metrics: accuracy: 0.844 ; loss: 0.359
2018-10-29 16:50:05,208:INFO: - Eval metrics : accuracy: 0.816 ; loss: 0.393
2018-10-29 16:50:05,244:INFO: Epoch 23/30
2018-10-29 16:50:23,072:INFO: - Train metrics: accuracy: 0.844 ; loss: 0.358
2018-10-29 16:50:26,894:INFO: - Eval metrics : accuracy: 0.816 ; loss: 0.393
2018-10-29 16:50:26,931:INFO: Epoch 24/30
2018-10-29 16:50:45,423:INFO: - Train metrics: accuracy: 0.844 ; loss: 0.358
2018-10-29 16:50:49,749:INFO: - Eval metrics : accuracy: 0.817 ; loss: 0.393
2018-10-29 16:50:49,783:INFO: Epoch 25/30
2018-10-29 16:51:07,715:INFO: - Train metrics: accuracy: 0.844 ; loss: 0.358
2018-10-29 16:51:11,513:INFO: - Eval metrics : accuracy: 0.816 ; loss: 0.393
2018-10-29 16:51:11,553:INFO: Epoch 26/30
2018-10-29 16:51:29,665:INFO: - Train metrics: accuracy: 0.844 ; loss: 0.358
2018-10-29 16:51:33,453:INFO: - Eval metrics : accuracy: 0.816 ; loss: 0.393
2018-10-29 16:51:33,455:INFO: Epoch 27/30
2018-10-29 16:51:51,085:INFO: - Train metrics: accuracy: 0.844 ; loss: 0.358
2018-10-29 16:51:54,945:INFO: - Eval metrics : accuracy: 0.816 ; loss: 0.393
2018-10-29 16:51:54,979:INFO: Epoch 28/30
2018-10-29 16:52:13,479:INFO: - Train metrics: accuracy: 0.844 ; loss: 0.358
2018-10-29 16:52:17,395:INFO: - Eval metrics : accuracy: 0.816 ; loss: 0.393
2018-10-29 16:52:17,432:INFO: Epoch 29/30
2018-10-29 16:52:35,805:INFO: - Train metrics: accuracy: 0.844 ; loss: 0.358
2018-10-29 16:52:39,599:INFO: - Eval metrics : accuracy: 0.816 ; loss: 0.393
2018-10-29 16:52:39,635:INFO: Epoch 30/30
2018-10-29 16:52:58,307:INFO: - Train metrics: accuracy: 0.844 ; loss: 0.358
2018-10-29 16:53:02,099:INFO: - Eval metrics : accuracy: 0.816 ; loss: 0.393
2018-10-29 16:53:02,138:INFO: Total time (minutes) =11.141624450683594
