2018-10-29 15:39:28,704:INFO: Loading the dataset ...
2018-10-29 15:39:29,011:INFO: - done.
2018-10-29 15:39:30,437:INFO: Starting evaluation
2018-10-29 15:39:32,763:INFO: Labels=[0. 0. 1. 0. 0. 0. 0. 1. 0. 1.]
2018-10-29 15:39:32,763:INFO: Out prob=[3.15745641e-03 8.41398716e-01 9.62782800e-01 9.42210555e-01
 8.66805553e-01 2.14547335e-09 2.65266717e-04 7.97787368e-01
 8.63723864e-04 9.80066776e-01]
2018-10-29 15:39:32,763:INFO: ------------------------------------------------------------------------------------------------------------------------
2018-10-29 15:39:32,763:INFO: len labels after =16000
2018-10-29 15:39:32,763:INFO: len out_prob after16000
2018-10-29 15:39:32,763:INFO: length y_test=16000
2018-10-29 15:39:32,764:INFO: Lenght y_score=16000
2018-10-29 15:39:32,767:INFO: Length y_score 16000
2018-10-29 15:39:32,767:INFO: Length y_test 16000
2018-10-29 15:39:32,767:INFO: Thresholds[0:6] = 
 [0.99758685 0.99654657 0.99640441 0.99609178 0.99602991 0.99600816]
2018-10-29 15:39:32,767:INFO: Thresholds lenght = 
15976
2018-10-29 15:39:32,767:INFO: fpr lenght15976
2018-10-29 15:39:32,767:INFO: tpr lenght15976
2018-10-29 15:39:32,813:INFO: ------------------------------------------------------------------------------------------------------------------------
2018-10-29 15:39:32,817:INFO: roc_auc=0.963123702548808
2018-10-29 15:39:32,817:INFO: ------------------------------------------------------------------------------------------------------------------------
2018-10-29 15:39:32,818:INFO: - Eval metrics : accuracy: 0.90169 ; loss: 0.23774
