2018-10-29 17:56:09,565:INFO: Loading the dataset ...
2018-10-29 17:56:09,882:INFO: - done.
2018-10-29 17:56:11,439:INFO: Starting evaluation
2018-10-29 17:56:12,732:INFO: Labels=[0. 0. 1. 0. 0. 0. 0. 1. 0. 1.]
2018-10-29 17:56:12,732:INFO: Out prob=[3.82533253e-05 8.76722872e-01 8.82329345e-01 8.64996254e-01
 7.17298031e-01 7.57349835e-06 1.53272813e-02 7.73923695e-01
 4.47479665e-01 8.24297905e-01]
2018-10-29 17:56:12,732:INFO: ------------------------------------------------------------------------------------------------------------------------
2018-10-29 17:56:12,732:INFO: len labels after =15872
2018-10-29 17:56:12,732:INFO: len out_prob after15872
2018-10-29 17:56:12,732:INFO: length y_test=15872
2018-10-29 17:56:12,732:INFO: Lenght y_score=15872
2018-10-29 17:56:12,736:INFO: Length y_score 15872
2018-10-29 17:56:12,736:INFO: Length y_test 15872
2018-10-29 17:56:12,736:INFO: Thresholds[0:6] = 
 [0.97725052 0.97697699 0.97468692 0.97168159 0.97146553 0.97072595]
2018-10-29 17:56:12,736:INFO: Thresholds lenght = 
15865
2018-10-29 17:56:12,736:INFO: fpr lenght15865
2018-10-29 17:56:12,736:INFO: tpr lenght15865
2018-10-29 17:56:12,783:INFO: ------------------------------------------------------------------------------------------------------------------------
2018-10-29 17:56:12,787:INFO: roc_auc=0.8636230643408356
2018-10-29 17:56:12,787:INFO: ------------------------------------------------------------------------------------------------------------------------
2018-10-29 17:56:12,788:INFO: - Eval metrics : accuracy: 0.78572 ; loss: 0.44592
