2018-10-29 17:19:51,352:INFO: Loading the dataset ...
2018-10-29 17:19:51,706:INFO: - done.
2018-10-29 17:19:53,475:INFO: Starting evaluation
2018-10-29 17:19:57,896:INFO: Labels=[0. 0. 1. 0. 0. 0. 0. 1. 0. 1.]
2018-10-29 17:19:57,897:INFO: Out prob=[1.59929768e-04 8.97855401e-01 8.96087825e-01 8.88806462e-01
 5.21321952e-01 1.31643037e-05 1.13053073e-03 5.51086724e-01
 5.32167554e-02 9.00209844e-01]
2018-10-29 17:19:57,897:INFO: ------------------------------------------------------------------------------------------------------------------------
2018-10-29 17:19:57,897:INFO: len labels after =16000
2018-10-29 17:19:57,897:INFO: len out_prob after16000
2018-10-29 17:19:57,897:INFO: length y_test=16000
2018-10-29 17:19:57,897:INFO: Lenght y_score=16000
2018-10-29 17:19:57,900:INFO: Length y_score 16000
2018-10-29 17:19:57,900:INFO: Length y_test 16000
2018-10-29 17:19:57,900:INFO: Thresholds[0:6] = 
 [0.9937458  0.99284291 0.9926697  0.99134833 0.98972756 0.98940068]
2018-10-29 17:19:57,900:INFO: Thresholds lenght = 
15996
2018-10-29 17:19:57,900:INFO: fpr lenght15996
2018-10-29 17:19:57,900:INFO: tpr lenght15996
2018-10-29 17:19:57,981:INFO: ------------------------------------------------------------------------------------------------------------------------
2018-10-29 17:19:57,985:INFO: roc_auc=0.893479107710611
2018-10-29 17:19:57,985:INFO: ------------------------------------------------------------------------------------------------------------------------
2018-10-29 17:19:57,986:INFO: - Eval metrics : accuracy: 0.81088 ; loss: 0.40069
