2018-10-29 17:05:58,489:INFO: search_hyperparam_sample_name=top_qcd_jets_antikt_kt__40000_Njets_64_batch
2018-10-29 17:05:58,489:INFO: ------------------------------------------------------------
2018-10-29 17:05:58,490:INFO: Loading the datasets...
2018-10-29 17:05:59,592:INFO: - done loading the datasets
2018-10-29 17:05:59,592:INFO: ------------------------------------------------------------
2018-10-29 17:06:01,303:INFO: Building optimizer...
2018-10-29 17:06:01,303:INFO: Starting training for 35 epoch(s)
2018-10-29 17:06:01,303:INFO: Epoch 1/35
2018-10-29 17:06:20,397:INFO: - Train metrics: accuracy: 0.701 ; loss: 0.752
2018-10-29 17:06:24,940:INFO: - Eval metrics : accuracy: 0.764 ; loss: 0.478
2018-10-29 17:06:24,952:INFO: - Found new best accuracy
2018-10-29 17:06:24,953:INFO: Epoch 2/35
2018-10-29 17:06:45,453:INFO: - Train metrics: accuracy: 0.773 ; loss: 0.455
2018-10-29 17:06:49,882:INFO: - Eval metrics : accuracy: 0.780 ; loss: 0.445
2018-10-29 17:06:49,920:INFO: - Found new best accuracy
2018-10-29 17:06:49,921:INFO: Epoch 3/35
2018-10-29 17:07:10,881:INFO: - Train metrics: accuracy: 0.789 ; loss: 0.419
2018-10-29 17:07:15,184:INFO: - Eval metrics : accuracy: 0.792 ; loss: 0.429
2018-10-29 17:07:15,221:INFO: - Found new best accuracy
2018-10-29 17:07:15,221:INFO: Epoch 4/35
2018-10-29 17:07:36,359:INFO: - Train metrics: accuracy: 0.786 ; loss: 0.404
2018-10-29 17:07:40,911:INFO: - Eval metrics : accuracy: 0.796 ; loss: 0.424
2018-10-29 17:07:40,913:INFO: - Found new best accuracy
2018-10-29 17:07:40,914:INFO: Epoch 5/35
2018-10-29 17:08:01,470:INFO: - Train metrics: accuracy: 0.802 ; loss: 0.390
2018-10-29 17:08:05,325:INFO: - Eval metrics : accuracy: 0.801 ; loss: 0.420
2018-10-29 17:08:05,363:INFO: - Found new best accuracy
2018-10-29 17:08:05,363:INFO: Epoch 6/35
2018-10-29 17:08:26,059:INFO: - Train metrics: accuracy: 0.805 ; loss: 0.382
2018-10-29 17:08:30,002:INFO: - Eval metrics : accuracy: 0.803 ; loss: 0.417
2018-10-29 17:08:30,042:INFO: - Found new best accuracy
2018-10-29 17:08:30,042:INFO: Epoch 7/35
2018-10-29 17:08:49,686:INFO: - Train metrics: accuracy: 0.807 ; loss: 0.378
2018-10-29 17:08:53,822:INFO: - Eval metrics : accuracy: 0.804 ; loss: 0.414
2018-10-29 17:08:53,858:INFO: - Found new best accuracy
2018-10-29 17:08:53,859:INFO: Epoch 8/35
2018-10-29 17:09:15,106:INFO: - Train metrics: accuracy: 0.820 ; loss: 0.374
2018-10-29 17:09:19,570:INFO: - Eval metrics : accuracy: 0.806 ; loss: 0.409
2018-10-29 17:09:19,603:INFO: - Found new best accuracy
2018-10-29 17:09:19,603:INFO: Epoch 9/35
2018-10-29 17:09:40,081:INFO: - Train metrics: accuracy: 0.828 ; loss: 0.363
2018-10-29 17:09:44,302:INFO: - Eval metrics : accuracy: 0.807 ; loss: 0.406
2018-10-29 17:09:44,337:INFO: - Found new best accuracy
2018-10-29 17:09:44,338:INFO: Epoch 10/35
2018-10-29 17:10:05,839:INFO: - Train metrics: accuracy: 0.831 ; loss: 0.361
2018-10-29 17:10:10,880:INFO: - Eval metrics : accuracy: 0.809 ; loss: 0.403
2018-10-29 17:10:10,918:INFO: - Found new best accuracy
2018-10-29 17:10:10,918:INFO: Epoch 11/35
2018-10-29 17:10:32,601:INFO: - Train metrics: accuracy: 0.833 ; loss: 0.357
2018-10-29 17:10:36,783:INFO: - Eval metrics : accuracy: 0.810 ; loss: 0.401
2018-10-29 17:10:36,820:INFO: - Found new best accuracy
2018-10-29 17:10:36,821:INFO: Epoch 12/35
2018-10-29 17:10:57,399:INFO: - Train metrics: accuracy: 0.836 ; loss: 0.356
2018-10-29 17:11:01,829:INFO: - Eval metrics : accuracy: 0.811 ; loss: 0.401
2018-10-29 17:11:01,856:INFO: - Found new best accuracy
2018-10-29 17:11:01,856:INFO: Epoch 13/35
2018-10-29 17:11:22,379:INFO: - Train metrics: accuracy: 0.836 ; loss: 0.355
2018-10-29 17:11:26,870:INFO: - Eval metrics : accuracy: 0.812 ; loss: 0.400
2018-10-29 17:11:26,906:INFO: - Found new best accuracy
2018-10-29 17:11:26,906:INFO: Epoch 14/35
2018-10-29 17:11:47,174:INFO: - Train metrics: accuracy: 0.839 ; loss: 0.354
2018-10-29 17:11:50,979:INFO: - Eval metrics : accuracy: 0.812 ; loss: 0.399
2018-10-29 17:11:51,016:INFO: - Found new best accuracy
2018-10-29 17:11:51,016:INFO: Epoch 15/35
2018-10-29 17:12:11,254:INFO: - Train metrics: accuracy: 0.849 ; loss: 0.353
2018-10-29 17:12:15,110:INFO: - Eval metrics : accuracy: 0.812 ; loss: 0.399
2018-10-29 17:12:15,153:INFO: - Found new best accuracy
2018-10-29 17:12:15,153:INFO: Epoch 16/35
2018-10-29 17:12:32,409:INFO: - Train metrics: accuracy: 0.852 ; loss: 0.352
2018-10-29 17:12:36,219:INFO: - Eval metrics : accuracy: 0.813 ; loss: 0.399
2018-10-29 17:12:36,262:INFO: - Found new best accuracy
2018-10-29 17:12:36,262:INFO: Epoch 17/35
2018-10-29 17:12:54,476:INFO: - Train metrics: accuracy: 0.849 ; loss: 0.351
2018-10-29 17:12:58,962:INFO: - Eval metrics : accuracy: 0.814 ; loss: 0.398
2018-10-29 17:12:59,001:INFO: - Found new best accuracy
2018-10-29 17:12:59,002:INFO: Epoch 18/35
2018-10-29 17:13:17,853:INFO: - Train metrics: accuracy: 0.846 ; loss: 0.351
2018-10-29 17:13:21,679:INFO: - Eval metrics : accuracy: 0.814 ; loss: 0.397
2018-10-29 17:13:21,681:INFO: - Found new best accuracy
2018-10-29 17:13:21,682:INFO: Epoch 19/35
2018-10-29 17:13:39,832:INFO: - Train metrics: accuracy: 0.846 ; loss: 0.351
2018-10-29 17:13:43,668:INFO: - Eval metrics : accuracy: 0.814 ; loss: 0.397
2018-10-29 17:13:43,707:INFO: Epoch 20/35
2018-10-29 17:14:01,487:INFO: - Train metrics: accuracy: 0.846 ; loss: 0.352
2018-10-29 17:14:05,297:INFO: - Eval metrics : accuracy: 0.814 ; loss: 0.397
2018-10-29 17:14:05,299:INFO: Epoch 21/35
2018-10-29 17:14:23,645:INFO: - Train metrics: accuracy: 0.846 ; loss: 0.352
2018-10-29 17:14:27,463:INFO: - Eval metrics : accuracy: 0.814 ; loss: 0.397
2018-10-29 17:14:27,497:INFO: Epoch 22/35
2018-10-29 17:14:46,516:INFO: - Train metrics: accuracy: 0.844 ; loss: 0.353
2018-10-29 17:14:50,988:INFO: - Eval metrics : accuracy: 0.815 ; loss: 0.397
2018-10-29 17:14:51,024:INFO: - Found new best accuracy
2018-10-29 17:14:51,025:INFO: Epoch 23/35
2018-10-29 17:15:09,150:INFO: - Train metrics: accuracy: 0.844 ; loss: 0.353
2018-10-29 17:15:12,963:INFO: - Eval metrics : accuracy: 0.816 ; loss: 0.397
2018-10-29 17:15:13,000:INFO: - Found new best accuracy
2018-10-29 17:15:13,001:INFO: Epoch 24/35
2018-10-29 17:15:31,145:INFO: - Train metrics: accuracy: 0.844 ; loss: 0.353
2018-10-29 17:15:34,951:INFO: - Eval metrics : accuracy: 0.816 ; loss: 0.396
2018-10-29 17:15:34,986:INFO: - Found new best accuracy
2018-10-29 17:15:34,987:INFO: Epoch 25/35
2018-10-29 17:15:54,102:INFO: - Train metrics: accuracy: 0.844 ; loss: 0.353
2018-10-29 17:15:57,915:INFO: - Eval metrics : accuracy: 0.815 ; loss: 0.396
2018-10-29 17:15:57,917:INFO: Epoch 26/35
2018-10-29 17:16:15,680:INFO: - Train metrics: accuracy: 0.841 ; loss: 0.353
2018-10-29 17:16:19,492:INFO: - Eval metrics : accuracy: 0.815 ; loss: 0.396
2018-10-29 17:16:19,534:INFO: Epoch 27/35
2018-10-29 17:16:37,683:INFO: - Train metrics: accuracy: 0.841 ; loss: 0.353
2018-10-29 17:16:41,472:INFO: - Eval metrics : accuracy: 0.815 ; loss: 0.396
2018-10-29 17:16:41,513:INFO: Epoch 28/35
2018-10-29 17:16:59,568:INFO: - Train metrics: accuracy: 0.839 ; loss: 0.353
2018-10-29 17:17:03,384:INFO: - Eval metrics : accuracy: 0.815 ; loss: 0.396
2018-10-29 17:17:03,386:INFO: Epoch 29/35
2018-10-29 17:17:22,457:INFO: - Train metrics: accuracy: 0.839 ; loss: 0.353
2018-10-29 17:17:26,967:INFO: - Eval metrics : accuracy: 0.814 ; loss: 0.396
2018-10-29 17:17:27,010:INFO: Epoch 30/35
2018-10-29 17:17:47,148:INFO: - Train metrics: accuracy: 0.839 ; loss: 0.353
2018-10-29 17:17:51,853:INFO: - Eval metrics : accuracy: 0.814 ; loss: 0.395
2018-10-29 17:17:51,894:INFO: Epoch 31/35
2018-10-29 17:18:10,148:INFO: - Train metrics: accuracy: 0.839 ; loss: 0.353
2018-10-29 17:18:14,677:INFO: - Eval metrics : accuracy: 0.814 ; loss: 0.395
2018-10-29 17:18:14,715:INFO: Epoch 32/35
2018-10-29 17:18:33,085:INFO: - Train metrics: accuracy: 0.839 ; loss: 0.353
2018-10-29 17:18:37,618:INFO: - Eval metrics : accuracy: 0.814 ; loss: 0.395
2018-10-29 17:18:37,681:INFO: Epoch 33/35
2018-10-29 17:18:55,897:INFO: - Train metrics: accuracy: 0.836 ; loss: 0.353
2018-10-29 17:18:59,727:INFO: - Eval metrics : accuracy: 0.814 ; loss: 0.395
2018-10-29 17:18:59,762:INFO: Epoch 34/35
2018-10-29 17:19:20,540:INFO: - Train metrics: accuracy: 0.836 ; loss: 0.353
2018-10-29 17:19:25,056:INFO: - Eval metrics : accuracy: 0.814 ; loss: 0.395
2018-10-29 17:19:25,088:INFO: Epoch 35/35
2018-10-29 17:19:45,445:INFO: - Train metrics: accuracy: 0.836 ; loss: 0.353
2018-10-29 17:19:49,404:INFO: - Eval metrics : accuracy: 0.814 ; loss: 0.395
2018-10-29 17:19:49,432:INFO: Total time (minutes) =13.849044795831045
