2018-10-21 15:24:15,075:INFO: Loading the dataset ...
2018-10-21 15:24:15,569:INFO: - done.
2018-10-21 15:24:19,591:INFO: Starting evaluation
2018-10-21 15:24:27,579:INFO: Labels=[0. 0. 1. 0. 0. 0. 0. 1. 0. 1.]
2018-10-21 15:24:27,579:INFO: Out prob=[0.10694958 0.16962586 0.46509263 0.63140088 0.86941898 0.01100039
 0.01433653 0.90349472 0.33386362 0.97233802]
2018-10-21 15:24:27,579:INFO: ------------------------------------------------------------------------------------------------------------------------
2018-10-21 15:24:27,579:INFO: len labels after =16000
2018-10-21 15:24:27,579:INFO: len out_prob after16000
2018-10-21 15:24:27,579:INFO: length y_test=16000
2018-10-21 15:24:27,580:INFO: Lenght y_score=16000
2018-10-21 15:24:27,583:INFO: Length y_score 16000
2018-10-21 15:24:27,583:INFO: Length y_test 16000
2018-10-21 15:24:27,583:INFO: Thresholds[0:6] = 
 [0.99961698 0.99942732 0.99939203 0.99918681 0.99898571 0.998941  ]
2018-10-21 15:24:27,583:INFO: Thresholds lenght = 
15988
2018-10-21 15:24:27,583:INFO: fpr lenght15988
2018-10-21 15:24:27,584:INFO: tpr lenght15988
2018-10-21 15:24:27,632:INFO: ------------------------------------------------------------------------------------------------------------------------
2018-10-21 15:24:27,635:INFO: roc_auc=0.9048374203880847
2018-10-21 15:24:27,635:INFO: ------------------------------------------------------------------------------------------------------------------------
2018-10-21 15:24:27,636:INFO: - Eval metrics : accuracy: 0.825 ; loss: 0.386
