2018-10-21 14:48:22,921:INFO: sample_name=top_qcd_jets_antikt_kt__40000_Njets_128_batch
2018-10-21 14:48:22,922:INFO: ------------------------------------------------------------
2018-10-21 14:48:22,922:INFO: Loading the datasets...
2018-10-21 14:48:24,284:INFO: - done loading the datasets
2018-10-21 14:48:24,284:INFO: ------------------------------------------------------------
2018-10-21 14:48:28,160:INFO: Building optimizer...
2018-10-21 14:48:28,160:INFO: Starting training for 30 epoch(s)
2018-10-21 14:48:28,160:INFO: Epoch 1/30
2018-10-21 14:49:31,146:INFO: - Train metrics: accuracy: 0.552 ; loss: 0.754
2018-10-21 14:49:40,460:INFO: - Eval metrics : accuracy: 0.763 ; loss: 0.547
2018-10-21 14:49:40,519:INFO: - Found new best accuracy
2018-10-21 14:49:40,519:INFO: Epoch 2/30
2018-10-21 14:50:43,119:INFO: - Train metrics: accuracy: 0.784 ; loss: 0.509
2018-10-21 14:50:50,598:INFO: - Eval metrics : accuracy: 0.779 ; loss: 0.485
2018-10-21 14:50:50,631:INFO: - Found new best accuracy
2018-10-21 14:50:50,632:INFO: Epoch 3/30
2018-10-21 14:51:52,745:INFO: - Train metrics: accuracy: 0.797 ; loss: 0.468
2018-10-21 14:52:00,191:INFO: - Eval metrics : accuracy: 0.792 ; loss: 0.467
2018-10-21 14:52:00,194:INFO: - Found new best accuracy
2018-10-21 14:52:00,195:INFO: Epoch 4/30
2018-10-21 14:53:04,191:INFO: - Train metrics: accuracy: 0.797 ; loss: 0.435
2018-10-21 14:53:11,672:INFO: - Eval metrics : accuracy: 0.787 ; loss: 0.469
2018-10-21 14:53:11,736:INFO: Epoch 5/30
2018-10-21 14:54:14,989:INFO: - Train metrics: accuracy: 0.812 ; loss: 0.422
2018-10-21 14:54:22,454:INFO: - Eval metrics : accuracy: 0.799 ; loss: 0.448
2018-10-21 14:54:22,492:INFO: - Found new best accuracy
2018-10-21 14:54:22,493:INFO: Epoch 6/30
2018-10-21 14:55:24,265:INFO: - Train metrics: accuracy: 0.810 ; loss: 0.400
2018-10-21 14:55:31,714:INFO: - Eval metrics : accuracy: 0.803 ; loss: 0.436
2018-10-21 14:55:31,742:INFO: - Found new best accuracy
2018-10-21 14:55:31,743:INFO: Epoch 7/30
2018-10-21 14:56:34,271:INFO: - Train metrics: accuracy: 0.818 ; loss: 0.391
2018-10-21 14:56:41,719:INFO: - Eval metrics : accuracy: 0.796 ; loss: 0.458
2018-10-21 14:56:41,722:INFO: Epoch 8/30
2018-10-21 14:57:44,026:INFO: - Train metrics: accuracy: 0.826 ; loss: 0.403
2018-10-21 14:57:51,486:INFO: - Eval metrics : accuracy: 0.807 ; loss: 0.432
2018-10-21 14:57:51,522:INFO: - Found new best accuracy
2018-10-21 14:57:51,523:INFO: Epoch 9/30
2018-10-21 14:58:53,588:INFO: - Train metrics: accuracy: 0.820 ; loss: 0.389
2018-10-21 14:59:01,041:INFO: - Eval metrics : accuracy: 0.809 ; loss: 0.428
2018-10-21 14:59:01,079:INFO: - Found new best accuracy
2018-10-21 14:59:01,080:INFO: Epoch 10/30
2018-10-21 15:00:02,196:INFO: - Train metrics: accuracy: 0.815 ; loss: 0.385
2018-10-21 15:00:09,696:INFO: - Eval metrics : accuracy: 0.804 ; loss: 0.429
2018-10-21 15:00:09,699:INFO: Epoch 11/30
2018-10-21 15:01:12,634:INFO: - Train metrics: accuracy: 0.828 ; loss: 0.386
2018-10-21 15:01:20,125:INFO: - Eval metrics : accuracy: 0.810 ; loss: 0.423
2018-10-21 15:01:20,160:INFO: - Found new best accuracy
2018-10-21 15:01:20,160:INFO: Epoch 12/30
2018-10-21 15:02:21,802:INFO: - Train metrics: accuracy: 0.823 ; loss: 0.384
2018-10-21 15:02:29,286:INFO: - Eval metrics : accuracy: 0.804 ; loss: 0.433
2018-10-21 15:02:29,326:INFO: Epoch 13/30
2018-10-21 15:03:31,015:INFO: - Train metrics: accuracy: 0.826 ; loss: 0.379
2018-10-21 15:03:38,494:INFO: - Eval metrics : accuracy: 0.809 ; loss: 0.415
2018-10-21 15:03:38,534:INFO: Epoch 14/30
2018-10-21 15:04:43,692:INFO: - Train metrics: accuracy: 0.828 ; loss: 0.377
2018-10-21 15:04:51,156:INFO: - Eval metrics : accuracy: 0.812 ; loss: 0.422
2018-10-21 15:04:51,189:INFO: - Found new best accuracy
2018-10-21 15:04:51,190:INFO: Epoch 15/30
2018-10-21 15:05:55,114:INFO: - Train metrics: accuracy: 0.833 ; loss: 0.380
2018-10-21 15:06:02,626:INFO: - Eval metrics : accuracy: 0.810 ; loss: 0.421
2018-10-21 15:06:02,662:INFO: Epoch 16/30
2018-10-21 15:07:03,996:INFO: - Train metrics: accuracy: 0.836 ; loss: 0.373
2018-10-21 15:07:11,803:INFO: - Eval metrics : accuracy: 0.813 ; loss: 0.409
2018-10-21 15:07:11,844:INFO: - Found new best accuracy
2018-10-21 15:07:11,845:INFO: Epoch 17/30
2018-10-21 15:08:15,761:INFO: - Train metrics: accuracy: 0.836 ; loss: 0.348
2018-10-21 15:08:23,279:INFO: - Eval metrics : accuracy: 0.815 ; loss: 0.403
2018-10-21 15:08:23,317:INFO: - Found new best accuracy
2018-10-21 15:08:23,318:INFO: Epoch 18/30
2018-10-21 15:09:25,635:INFO: - Train metrics: accuracy: 0.844 ; loss: 0.344
2018-10-21 15:09:33,153:INFO: - Eval metrics : accuracy: 0.816 ; loss: 0.396
2018-10-21 15:09:33,191:INFO: - Found new best accuracy
2018-10-21 15:09:33,192:INFO: Epoch 19/30
2018-10-21 15:10:38,002:INFO: - Train metrics: accuracy: 0.836 ; loss: 0.336
2018-10-21 15:10:45,544:INFO: - Eval metrics : accuracy: 0.819 ; loss: 0.394
2018-10-21 15:10:45,580:INFO: - Found new best accuracy
2018-10-21 15:10:45,581:INFO: Epoch 20/30
2018-10-21 15:11:52,187:INFO: - Train metrics: accuracy: 0.849 ; loss: 0.338
2018-10-21 15:12:01,509:INFO: - Eval metrics : accuracy: 0.818 ; loss: 0.397
2018-10-21 15:12:01,550:INFO: Epoch 21/30
2018-10-21 15:13:06,060:INFO: - Train metrics: accuracy: 0.844 ; loss: 0.335
2018-10-21 15:13:15,446:INFO: - Eval metrics : accuracy: 0.818 ; loss: 0.393
2018-10-21 15:13:15,487:INFO: Epoch 22/30
2018-10-21 15:14:22,380:INFO: - Train metrics: accuracy: 0.846 ; loss: 0.335
2018-10-21 15:14:29,883:INFO: - Eval metrics : accuracy: 0.820 ; loss: 0.391
2018-10-21 15:14:29,922:INFO: - Found new best accuracy
2018-10-21 15:14:29,923:INFO: Epoch 23/30
2018-10-21 15:15:35,094:INFO: - Train metrics: accuracy: 0.852 ; loss: 0.333
2018-10-21 15:15:42,592:INFO: - Eval metrics : accuracy: 0.820 ; loss: 0.390
2018-10-21 15:15:42,630:INFO: - Found new best accuracy
2018-10-21 15:15:42,630:INFO: Epoch 24/30
2018-10-21 15:16:47,442:INFO: - Train metrics: accuracy: 0.844 ; loss: 0.333
2018-10-21 15:16:56,839:INFO: - Eval metrics : accuracy: 0.820 ; loss: 0.389
2018-10-21 15:16:56,876:INFO: - Found new best accuracy
2018-10-21 15:16:56,876:INFO: Epoch 25/30
2018-10-21 15:18:00,811:INFO: - Train metrics: accuracy: 0.841 ; loss: 0.332
2018-10-21 15:18:08,328:INFO: - Eval metrics : accuracy: 0.821 ; loss: 0.388
2018-10-21 15:18:08,366:INFO: - Found new best accuracy
2018-10-21 15:18:08,366:INFO: Epoch 26/30
2018-10-21 15:19:10,698:INFO: - Train metrics: accuracy: 0.841 ; loss: 0.330
2018-10-21 15:19:18,198:INFO: - Eval metrics : accuracy: 0.821 ; loss: 0.387
2018-10-21 15:19:18,237:INFO: - Found new best accuracy
2018-10-21 15:19:18,238:INFO: Epoch 27/30
2018-10-21 15:20:23,198:INFO: - Train metrics: accuracy: 0.841 ; loss: 0.329
2018-10-21 15:20:32,933:INFO: - Eval metrics : accuracy: 0.822 ; loss: 0.387
2018-10-21 15:20:32,974:INFO: - Found new best accuracy
2018-10-21 15:20:32,974:INFO: Epoch 28/30
2018-10-21 15:21:37,014:INFO: - Train metrics: accuracy: 0.844 ; loss: 0.328
2018-10-21 15:21:46,594:INFO: - Eval metrics : accuracy: 0.821 ; loss: 0.386
2018-10-21 15:21:46,632:INFO: Epoch 29/30
2018-10-21 15:22:50,855:INFO: - Train metrics: accuracy: 0.839 ; loss: 0.328
2018-10-21 15:22:58,334:INFO: - Eval metrics : accuracy: 0.821 ; loss: 0.385
2018-10-21 15:22:58,337:INFO: Epoch 30/30
2018-10-21 15:24:05,669:INFO: - Train metrics: accuracy: 0.841 ; loss: 0.328
2018-10-21 15:24:13,168:INFO: - Eval metrics : accuracy: 0.823 ; loss: 0.385
2018-10-21 15:24:13,208:INFO: - Found new best accuracy
2018-10-21 15:24:13,208:INFO: Total time (minutes) =35.838116598129275
