2018-10-29 01:56:58,795:INFO: Loading the dataset ...
2018-10-29 01:56:59,364:INFO: - done.
2018-10-29 01:57:01,025:INFO: Starting evaluation
2018-10-29 01:57:37,605:INFO: Labels=[0. 0. 1. 0. 0. 0. 0. 1. 0. 1.]
2018-10-29 01:57:37,605:INFO: Out prob=[0.18847643 0.34485015 0.33849064 0.50526571 0.72043115 0.00225006
 0.02996704 0.78180343 0.5336194  0.95749575]
2018-10-29 01:57:37,605:INFO: ------------------------------------------------------------------------------------------------------------------------
2018-10-29 01:57:37,605:INFO: len labels after =16000
2018-10-29 01:57:37,605:INFO: len out_prob after16000
2018-10-29 01:57:37,605:INFO: length y_test=16000
2018-10-29 01:57:37,605:INFO: Lenght y_score=16000
2018-10-29 01:57:37,609:INFO: Length y_score 16000
2018-10-29 01:57:37,609:INFO: Length y_test 16000
2018-10-29 01:57:37,609:INFO: Thresholds[0:6] = 
 [0.99929237 0.99794322 0.99673849 0.99665028 0.99536127 0.99520701]
2018-10-29 01:57:37,609:INFO: Thresholds lenght = 
15992
2018-10-29 01:57:37,609:INFO: fpr lenght15992
2018-10-29 01:57:37,609:INFO: tpr lenght15992
2018-10-29 01:57:37,661:INFO: ------------------------------------------------------------------------------------------------------------------------
2018-10-29 01:57:37,665:INFO: roc_auc=0.8763384355677881
2018-10-29 01:57:37,665:INFO: ------------------------------------------------------------------------------------------------------------------------
2018-10-29 01:57:37,666:INFO: - Eval metrics : accuracy: 0.80506 ; loss: 0.42700
