2018-10-29 00:07:50,725:INFO: sample_name=top_qcd_jets_antikt_kt__40000_Njets_64_batch
2018-10-29 00:07:50,726:INFO: ------------------------------------------------------------
2018-10-29 00:07:50,726:INFO: Loading the datasets...
2018-10-29 00:07:52,414:INFO: - done loading the datasets
2018-10-29 00:07:52,414:INFO: ------------------------------------------------------------
2018-10-29 00:07:54,063:INFO: Building optimizer...
2018-10-29 00:07:54,063:INFO: Starting training for 30 epoch(s)
2018-10-29 00:07:54,063:INFO: Epoch 1/30
2018-10-29 00:10:47,946:INFO: - Train metrics: accuracy: 0.544 ; loss: 0.698
2018-10-29 00:11:21,846:INFO: - Eval metrics : accuracy: 0.530 ; loss: 0.691
2018-10-29 00:11:21,857:INFO: - Found new best accuracy
2018-10-29 00:11:21,857:INFO: Epoch 2/30
2018-10-29 00:14:16,923:INFO: - Train metrics: accuracy: 0.617 ; loss: 0.641
2018-10-29 00:14:45,737:INFO: - Eval metrics : accuracy: 0.669 ; loss: 0.619
2018-10-29 00:14:45,776:INFO: - Found new best accuracy
2018-10-29 00:14:45,776:INFO: Epoch 3/30
2018-10-29 00:17:37,979:INFO: - Train metrics: accuracy: 0.771 ; loss: 0.486
2018-10-29 00:18:11,058:INFO: - Eval metrics : accuracy: 0.799 ; loss: 0.445
2018-10-29 00:18:11,096:INFO: - Found new best accuracy
2018-10-29 00:18:11,096:INFO: Epoch 4/30
2018-10-29 00:21:06,346:INFO: - Train metrics: accuracy: 0.797 ; loss: 0.442
2018-10-29 00:21:41,221:INFO: - Eval metrics : accuracy: 0.799 ; loss: 0.442
2018-10-29 00:21:41,250:INFO: - Found new best accuracy
2018-10-29 00:21:41,250:INFO: Epoch 5/30
2018-10-29 00:24:38,075:INFO: - Train metrics: accuracy: 0.805 ; loss: 0.434
2018-10-29 00:25:11,192:INFO: - Eval metrics : accuracy: 0.801 ; loss: 0.436
2018-10-29 00:25:11,195:INFO: - Found new best accuracy
2018-10-29 00:25:11,195:INFO: Epoch 6/30
2018-10-29 00:28:09,818:INFO: - Train metrics: accuracy: 0.802 ; loss: 0.432
2018-10-29 00:28:44,310:INFO: - Eval metrics : accuracy: 0.804 ; loss: 0.432
2018-10-29 00:28:44,347:INFO: - Found new best accuracy
2018-10-29 00:28:44,348:INFO: Epoch 7/30
2018-10-29 00:31:42,574:INFO: - Train metrics: accuracy: 0.792 ; loss: 0.425
2018-10-29 00:32:16,043:INFO: - Eval metrics : accuracy: 0.805 ; loss: 0.431
2018-10-29 00:32:16,084:INFO: - Found new best accuracy
2018-10-29 00:32:16,084:INFO: Epoch 8/30
2018-10-29 00:35:12,706:INFO: - Train metrics: accuracy: 0.792 ; loss: 0.422
2018-10-29 00:35:47,856:INFO: - Eval metrics : accuracy: 0.806 ; loss: 0.429
2018-10-29 00:35:47,895:INFO: - Found new best accuracy
2018-10-29 00:35:47,896:INFO: Epoch 9/30
2018-10-29 00:38:48,136:INFO: - Train metrics: accuracy: 0.794 ; loss: 0.419
2018-10-29 00:39:22,164:INFO: - Eval metrics : accuracy: 0.807 ; loss: 0.427
2018-10-29 00:39:22,199:INFO: - Found new best accuracy
2018-10-29 00:39:22,200:INFO: Epoch 10/30
2018-10-29 00:42:21,369:INFO: - Train metrics: accuracy: 0.797 ; loss: 0.419
2018-10-29 00:42:58,874:INFO: - Eval metrics : accuracy: 0.807 ; loss: 0.427
2018-10-29 00:42:58,916:INFO: - Found new best accuracy
2018-10-29 00:42:58,917:INFO: Epoch 11/30
2018-10-29 00:45:55,924:INFO: - Train metrics: accuracy: 0.799 ; loss: 0.418
2018-10-29 00:46:31,848:INFO: - Eval metrics : accuracy: 0.806 ; loss: 0.426
2018-10-29 00:46:31,888:INFO: Epoch 12/30
2018-10-29 00:49:35,173:INFO: - Train metrics: accuracy: 0.799 ; loss: 0.417
2018-10-29 00:50:11,388:INFO: - Eval metrics : accuracy: 0.806 ; loss: 0.426
2018-10-29 00:50:11,425:INFO: Epoch 13/30
2018-10-29 00:53:24,566:INFO: - Train metrics: accuracy: 0.797 ; loss: 0.416
2018-10-29 00:53:59,569:INFO: - Eval metrics : accuracy: 0.807 ; loss: 0.425
2018-10-29 00:53:59,609:INFO: - Found new best accuracy
2018-10-29 00:53:59,610:INFO: Epoch 14/30
2018-10-29 00:56:56,145:INFO: - Train metrics: accuracy: 0.797 ; loss: 0.416
2018-10-29 00:57:32,170:INFO: - Eval metrics : accuracy: 0.808 ; loss: 0.424
2018-10-29 00:57:32,208:INFO: - Found new best accuracy
2018-10-29 00:57:32,208:INFO: Epoch 15/30
2018-10-29 01:00:43,514:INFO: - Train metrics: accuracy: 0.797 ; loss: 0.416
2018-10-29 01:01:19,079:INFO: - Eval metrics : accuracy: 0.807 ; loss: 0.424
2018-10-29 01:01:19,120:INFO: Epoch 16/30
2018-10-29 01:04:21,819:INFO: - Train metrics: accuracy: 0.799 ; loss: 0.416
2018-10-29 01:04:56,808:INFO: - Eval metrics : accuracy: 0.808 ; loss: 0.424
2018-10-29 01:04:56,851:INFO: - Found new best accuracy
2018-10-29 01:04:56,851:INFO: Epoch 17/30
2018-10-29 01:08:11,945:INFO: - Train metrics: accuracy: 0.805 ; loss: 0.416
2018-10-29 01:08:47,445:INFO: - Eval metrics : accuracy: 0.808 ; loss: 0.424
2018-10-29 01:08:47,486:INFO: - Found new best accuracy
2018-10-29 01:08:47,487:INFO: Epoch 18/30
2018-10-29 01:12:01,495:INFO: - Train metrics: accuracy: 0.805 ; loss: 0.416
2018-10-29 01:12:36,789:INFO: - Eval metrics : accuracy: 0.808 ; loss: 0.424
2018-10-29 01:12:36,838:INFO: - Found new best accuracy
2018-10-29 01:12:36,838:INFO: Epoch 19/30
2018-10-29 01:15:52,131:INFO: - Train metrics: accuracy: 0.805 ; loss: 0.415
2018-10-29 01:16:26,728:INFO: - Eval metrics : accuracy: 0.808 ; loss: 0.424
2018-10-29 01:16:26,767:INFO: - Found new best accuracy
2018-10-29 01:16:26,767:INFO: Epoch 20/30
2018-10-29 01:19:37,568:INFO: - Train metrics: accuracy: 0.805 ; loss: 0.415
2018-10-29 01:20:13,723:INFO: - Eval metrics : accuracy: 0.808 ; loss: 0.424
2018-10-29 01:20:13,761:INFO: - Found new best accuracy
2018-10-29 01:20:13,761:INFO: Epoch 21/30
2018-10-29 01:23:26,233:INFO: - Train metrics: accuracy: 0.805 ; loss: 0.415
2018-10-29 01:24:01,783:INFO: - Eval metrics : accuracy: 0.808 ; loss: 0.423
2018-10-29 01:24:01,833:INFO: - Found new best accuracy
2018-10-29 01:24:01,833:INFO: Epoch 22/30
2018-10-29 01:27:09,301:INFO: - Train metrics: accuracy: 0.805 ; loss: 0.415
2018-10-29 01:27:44,220:INFO: - Eval metrics : accuracy: 0.808 ; loss: 0.423
2018-10-29 01:27:44,263:INFO: - Found new best accuracy
2018-10-29 01:27:44,264:INFO: Epoch 23/30
2018-10-29 01:30:47,954:INFO: - Train metrics: accuracy: 0.805 ; loss: 0.415
2018-10-29 01:31:20,740:INFO: - Eval metrics : accuracy: 0.808 ; loss: 0.423
2018-10-29 01:31:20,780:INFO: Epoch 24/30
2018-10-29 01:34:22,561:INFO: - Train metrics: accuracy: 0.802 ; loss: 0.415
2018-10-29 01:34:56,331:INFO: - Eval metrics : accuracy: 0.808 ; loss: 0.423
2018-10-29 01:34:56,367:INFO: - Found new best accuracy
2018-10-29 01:34:56,368:INFO: Epoch 25/30
2018-10-29 01:37:59,986:INFO: - Train metrics: accuracy: 0.802 ; loss: 0.415
2018-10-29 01:38:36,434:INFO: - Eval metrics : accuracy: 0.808 ; loss: 0.423
2018-10-29 01:38:36,473:INFO: Epoch 26/30
2018-10-29 01:41:46,436:INFO: - Train metrics: accuracy: 0.802 ; loss: 0.415
2018-10-29 01:42:23,804:INFO: - Eval metrics : accuracy: 0.808 ; loss: 0.423
2018-10-29 01:42:23,842:INFO: Epoch 27/30
2018-10-29 01:45:36,555:INFO: - Train metrics: accuracy: 0.802 ; loss: 0.415
2018-10-29 01:46:14,450:INFO: - Eval metrics : accuracy: 0.808 ; loss: 0.423
2018-10-29 01:46:14,483:INFO: Epoch 28/30
2018-10-29 01:49:12,368:INFO: - Train metrics: accuracy: 0.802 ; loss: 0.415
2018-10-29 01:49:47,089:INFO: - Eval metrics : accuracy: 0.808 ; loss: 0.423
2018-10-29 01:49:47,127:INFO: Epoch 29/30
2018-10-29 01:52:42,035:INFO: - Train metrics: accuracy: 0.802 ; loss: 0.415
2018-10-29 01:53:17,201:INFO: - Eval metrics : accuracy: 0.808 ; loss: 0.423
2018-10-29 01:53:17,236:INFO: Epoch 30/30
2018-10-29 01:56:21,314:INFO: - Train metrics: accuracy: 0.802 ; loss: 0.415
2018-10-29 01:56:57,054:INFO: - Eval metrics : accuracy: 0.808 ; loss: 0.423
2018-10-29 01:56:57,092:INFO: Total time (minutes) =109.10611236890158
