2018-10-29 22:00:01,055:INFO: Loading the dataset ...
2018-10-29 22:00:01,694:INFO: - done.
2018-10-29 22:00:03,284:INFO: Starting evaluation
2018-10-29 22:00:08,060:INFO: Labels=[1. 0. 0. 0. 1. 0. 0. 1. 1. 0.]
2018-10-29 22:00:08,060:INFO: Out prob=[0. 0. 0. 0. 0. 0. 0. 0. 0. 0.]
2018-10-29 22:00:08,060:INFO: ------------------------------------------------------------------------------------------------------------------------
2018-10-29 22:00:08,060:INFO: len labels after =32000
2018-10-29 22:00:08,060:INFO: len out_prob after32000
2018-10-29 22:00:08,060:INFO: length y_test=32000
2018-10-29 22:00:08,060:INFO: Lenght y_score=32000
2018-10-29 22:00:08,063:INFO: Length y_score 32000
2018-10-29 22:00:08,064:INFO: Length y_test 32000
2018-10-29 22:00:08,064:INFO: Thresholds[0:6] = 
 [1. 0.]
2018-10-29 22:00:08,064:INFO: Thresholds lenght = 
2
2018-10-29 22:00:08,064:INFO: fpr lenght2
2018-10-29 22:00:08,064:INFO: tpr lenght2
2018-10-29 22:00:08,064:INFO: ------------------------------------------------------------------------------------------------------------------------
2018-10-29 22:00:08,068:INFO: roc_auc=0.5
2018-10-29 22:00:08,068:INFO: ------------------------------------------------------------------------------------------------------------------------
2018-10-29 22:00:08,068:INFO: - Eval metrics : accuracy: 0.50003 ; loss: 13.81465
