2018-10-29 16:04:22,856:INFO: Loading the dataset ...
2018-10-29 16:04:23,214:INFO: - done.
2018-10-29 16:04:24,966:INFO: Starting evaluation
2018-10-29 16:04:27,374:INFO: Labels=[0. 0. 1. 0. 0. 0. 0. 1. 0. 1.]
2018-10-29 16:04:27,374:INFO: Out prob=[8.65659968e-06 8.14125657e-01 9.61317122e-01 5.15902579e-01
 4.90076959e-01 2.64878611e-16 1.06220621e-04 4.11480635e-01
 1.71165839e-02 9.68444824e-01]
2018-10-29 16:04:27,374:INFO: ------------------------------------------------------------------------------------------------------------------------
2018-10-29 16:04:27,374:INFO: len labels after =16000
2018-10-29 16:04:27,374:INFO: len out_prob after16000
2018-10-29 16:04:27,374:INFO: length y_test=16000
2018-10-29 16:04:27,374:INFO: Lenght y_score=16000
2018-10-29 16:04:27,377:INFO: Length y_score 16000
2018-10-29 16:04:27,378:INFO: Length y_test 16000
2018-10-29 16:04:27,378:INFO: Thresholds[0:6] = 
 [0.99929178 0.99904746 0.9986425  0.99844223 0.9984023  0.99839526]
2018-10-29 16:04:27,378:INFO: Thresholds lenght = 
15988
2018-10-29 16:04:27,378:INFO: fpr lenght15988
2018-10-29 16:04:27,378:INFO: tpr lenght15988
2018-10-29 16:04:27,425:INFO: ------------------------------------------------------------------------------------------------------------------------
2018-10-29 16:04:27,428:INFO: roc_auc=0.9183658737244668
2018-10-29 16:04:27,428:INFO: ------------------------------------------------------------------------------------------------------------------------
2018-10-29 16:04:27,429:INFO: - Eval metrics : accuracy: 0.83881 ; loss: 0.36497
