2018-11-01 00:57:42,748:INFO: Loading the dataset ...
2018-11-01 00:57:43,429:INFO: - done.
2018-11-01 00:57:45,181:INFO: Starting evaluation
2018-11-01 11:01:18,042:INFO: Loading the dataset ...
2018-11-01 11:01:18,657:INFO: - done.
2018-11-01 11:01:20,385:INFO: Starting evaluation
2018-11-01 11:01:24,772:INFO: Labels=[1. 0. 0. 0. 1. 0. 0. 1. 1. 0.]
2018-11-01 11:01:24,773:INFO: Out prob=[9.93925631e-01 2.61602588e-02 3.65845889e-01 8.02622617e-06
 8.99657190e-01 9.78637993e-01 1.35839517e-17 9.99129951e-01
 9.99269068e-01 5.99149149e-03]
2018-11-01 11:01:24,773:INFO: ------------------------------------------------------------------------------------------------------------------------
2018-11-01 11:01:24,773:INFO: len labels after =32000
2018-11-01 11:01:24,773:INFO: len out_prob after32000
2018-11-01 11:01:24,773:INFO: length y_test=32000
2018-11-01 11:01:24,773:INFO: Lenght y_score=32000
2018-11-01 11:01:24,779:INFO: Length y_score 32000
2018-11-01 11:01:24,779:INFO: Length y_test 32000
2018-11-01 11:01:24,779:INFO: Thresholds[0:6] = 
 [0.99985218 0.99981886 0.9998185  0.99981397 0.99981076 0.99980706]
2018-11-01 11:01:24,779:INFO: Thresholds lenght = 
31510
2018-11-01 11:01:24,779:INFO: fpr lenght31510
2018-11-01 11:01:24,779:INFO: tpr lenght31510
2018-11-01 11:01:24,902:INFO: ------------------------------------------------------------------------------------------------------------------------
2018-11-01 11:01:24,909:INFO: roc_auc=0.9827381366513208
2018-11-01 11:01:24,909:INFO: ------------------------------------------------------------------------------------------------------------------------
2018-11-01 11:01:24,910:INFO: - Eval metrics : accuracy: 0.93250 ; loss: 0.16563
