2018-10-21 23:05:00,671:INFO: Loading the dataset ...
2018-10-21 23:05:00,952:INFO: - done.
2018-10-21 23:05:04,944:INFO: Starting evaluation
2018-10-21 23:05:07,983:INFO: Labels=[0. 0. 1. 0. 0. 0. 0. 1. 0. 1.]
2018-10-21 23:05:07,983:INFO: Out prob=[0.44039571 0.11947253 0.41647723 0.64919013 0.7949453  0.0906373
 0.11240606 0.85443038 0.66993088 0.9673034 ]
2018-10-21 23:05:07,983:INFO: ------------------------------------------------------------------------------------------------------------------------
2018-10-21 23:05:07,983:INFO: len labels after =15872
2018-10-21 23:05:07,983:INFO: len out_prob after15872
2018-10-21 23:05:07,983:INFO: length y_test=15872
2018-10-21 23:05:07,983:INFO: Lenght y_score=15872
2018-10-21 23:05:07,986:INFO: Length y_score 15872
2018-10-21 23:05:07,986:INFO: Length y_test 15872
2018-10-21 23:05:07,987:INFO: Thresholds[0:6] = 
 [0.99232799 0.99124229 0.99091643 0.98995346 0.98979211 0.98921329]
2018-10-21 23:05:07,987:INFO: Thresholds lenght = 
15847
2018-10-21 23:05:07,987:INFO: fpr lenght15847
2018-10-21 23:05:07,987:INFO: tpr lenght15847
2018-10-21 23:05:08,042:INFO: ------------------------------------------------------------------------------------------------------------------------
2018-10-21 23:05:08,046:INFO: roc_auc=0.8675849747831442
2018-10-21 23:05:08,046:INFO: ------------------------------------------------------------------------------------------------------------------------
2018-10-21 23:05:08,046:INFO: - Eval metrics : accuracy: 0.798 ; loss: 0.452
