2018-10-21 22:53:49,914:INFO: sample_name=top_qcd_jets_antikt_kt__40000_Njets_512_batch
2018-10-21 22:53:49,914:INFO: ------------------------------------------------------------
2018-10-21 22:53:49,914:INFO: Loading the datasets...
2018-10-21 22:53:51,099:INFO: - done loading the datasets
2018-10-21 22:53:51,099:INFO: ------------------------------------------------------------
2018-10-21 22:53:54,960:INFO: Building optimizer...
2018-10-21 22:53:54,960:INFO: Starting training for 30 epoch(s)
2018-10-21 22:53:54,960:INFO: Epoch 1/30
2018-10-21 22:54:15,096:INFO: - Train metrics: accuracy: 0.535 ; loss: 0.859
2018-10-21 22:54:18,142:INFO: - Eval metrics : accuracy: 0.548 ; loss: 0.685
2018-10-21 22:54:18,203:INFO: - Found new best accuracy
2018-10-21 22:54:18,204:INFO: Epoch 2/30
2018-10-21 22:54:38,750:INFO: - Train metrics: accuracy: 0.523 ; loss: 0.688
2018-10-21 22:54:41,793:INFO: - Eval metrics : accuracy: 0.648 ; loss: 0.639
2018-10-21 22:54:41,827:INFO: - Found new best accuracy
2018-10-21 22:54:41,827:INFO: Epoch 3/30
2018-10-21 22:55:02,414:INFO: - Train metrics: accuracy: 0.631 ; loss: 0.658
2018-10-21 22:55:05,480:INFO: - Eval metrics : accuracy: 0.785 ; loss: 0.513
2018-10-21 22:55:05,518:INFO: - Found new best accuracy
2018-10-21 22:55:05,519:INFO: Epoch 4/30
2018-10-21 22:55:26,022:INFO: - Train metrics: accuracy: 0.795 ; loss: 0.526
2018-10-21 22:55:29,102:INFO: - Eval metrics : accuracy: 0.758 ; loss: 0.519
2018-10-21 22:55:29,142:INFO: Epoch 5/30
2018-10-21 22:55:49,656:INFO: - Train metrics: accuracy: 0.785 ; loss: 0.509
2018-10-21 22:55:52,716:INFO: - Eval metrics : accuracy: 0.695 ; loss: 0.549
2018-10-21 22:55:52,756:INFO: Epoch 6/30
2018-10-21 22:56:13,369:INFO: - Train metrics: accuracy: 0.705 ; loss: 0.542
2018-10-21 22:56:16,416:INFO: - Eval metrics : accuracy: 0.775 ; loss: 0.481
2018-10-21 22:56:16,446:INFO: Epoch 7/30
2018-10-21 22:56:37,108:INFO: - Train metrics: accuracy: 0.781 ; loss: 0.461
2018-10-21 22:56:40,160:INFO: - Eval metrics : accuracy: 0.791 ; loss: 0.470
2018-10-21 22:56:40,202:INFO: - Found new best accuracy
2018-10-21 22:56:40,202:INFO: Epoch 8/30
2018-10-21 22:57:00,731:INFO: - Train metrics: accuracy: 0.797 ; loss: 0.456
2018-10-21 22:57:03,777:INFO: - Eval metrics : accuracy: 0.782 ; loss: 0.498
2018-10-21 22:57:03,815:INFO: Epoch 9/30
2018-10-21 22:57:22,194:INFO: - Train metrics: accuracy: 0.805 ; loss: 0.475
2018-10-21 22:57:24,712:INFO: - Eval metrics : accuracy: 0.774 ; loss: 0.477
2018-10-21 22:57:24,715:INFO: Epoch 10/30
2018-10-21 22:57:42,996:INFO: - Train metrics: accuracy: 0.770 ; loss: 0.476
2018-10-21 22:57:45,441:INFO: - Eval metrics : accuracy: 0.721 ; loss: 0.514
2018-10-21 22:57:45,471:INFO: Epoch 11/30
2018-10-21 22:58:03,835:INFO: - Train metrics: accuracy: 0.727 ; loss: 0.508
2018-10-21 22:58:06,379:INFO: - Eval metrics : accuracy: 0.792 ; loss: 0.459
2018-10-21 22:58:06,420:INFO: - Found new best accuracy
2018-10-21 22:58:06,421:INFO: Epoch 12/30
2018-10-21 22:58:27,018:INFO: - Train metrics: accuracy: 0.803 ; loss: 0.444
2018-10-21 22:58:30,049:INFO: - Eval metrics : accuracy: 0.788 ; loss: 0.468
2018-10-21 22:58:30,087:INFO: Epoch 13/30
2018-10-21 22:58:50,718:INFO: - Train metrics: accuracy: 0.793 ; loss: 0.469
2018-10-21 22:58:53,762:INFO: - Eval metrics : accuracy: 0.794 ; loss: 0.452
2018-10-21 22:58:53,803:INFO: - Found new best accuracy
2018-10-21 22:58:53,804:INFO: Epoch 14/30
2018-10-21 22:59:14,401:INFO: - Train metrics: accuracy: 0.803 ; loss: 0.444
2018-10-21 22:59:17,440:INFO: - Eval metrics : accuracy: 0.786 ; loss: 0.465
2018-10-21 22:59:17,476:INFO: Epoch 15/30
2018-10-21 22:59:38,073:INFO: - Train metrics: accuracy: 0.803 ; loss: 0.447
2018-10-21 22:59:41,122:INFO: - Eval metrics : accuracy: 0.795 ; loss: 0.455
2018-10-21 22:59:41,159:INFO: - Found new best accuracy
2018-10-21 22:59:41,160:INFO: Epoch 16/30
2018-10-21 23:00:01,686:INFO: - Train metrics: accuracy: 0.795 ; loss: 0.453
2018-10-21 23:00:04,740:INFO: - Eval metrics : accuracy: 0.795 ; loss: 0.450
2018-10-21 23:00:04,764:INFO: - Found new best accuracy
2018-10-21 23:00:04,783:INFO: Epoch 17/30
2018-10-21 23:00:23,002:INFO: - Train metrics: accuracy: 0.809 ; loss: 0.434
2018-10-21 23:00:25,524:INFO: - Eval metrics : accuracy: 0.765 ; loss: 0.499
2018-10-21 23:00:25,574:INFO: Epoch 18/30
2018-10-21 23:00:43,484:INFO: - Train metrics: accuracy: 0.783 ; loss: 0.477
2018-10-21 23:00:45,930:INFO: - Eval metrics : accuracy: 0.614 ; loss: 0.649
2018-10-21 23:00:45,968:INFO: Epoch 19/30
2018-10-21 23:01:06,623:INFO: - Train metrics: accuracy: 0.588 ; loss: 0.670
2018-10-21 23:01:08,948:INFO: - Eval metrics : accuracy: 0.746 ; loss: 0.539
2018-10-21 23:01:08,988:INFO: Epoch 20/30
2018-10-21 23:01:27,147:INFO: - Train metrics: accuracy: 0.773 ; loss: 0.538
2018-10-21 23:01:29,686:INFO: - Eval metrics : accuracy: 0.775 ; loss: 0.474
2018-10-21 23:01:29,727:INFO: Epoch 21/30
2018-10-21 23:01:48,101:INFO: - Train metrics: accuracy: 0.803 ; loss: 0.467
2018-10-21 23:01:50,632:INFO: - Eval metrics : accuracy: 0.776 ; loss: 0.471
2018-10-21 23:01:50,636:INFO: Epoch 22/30
2018-10-21 23:02:08,851:INFO: - Train metrics: accuracy: 0.793 ; loss: 0.458
2018-10-21 23:02:11,383:INFO: - Eval metrics : accuracy: 0.789 ; loss: 0.459
2018-10-21 23:02:11,423:INFO: Epoch 23/30
2018-10-21 23:02:29,890:INFO: - Train metrics: accuracy: 0.795 ; loss: 0.441
2018-10-21 23:02:32,420:INFO: - Eval metrics : accuracy: 0.787 ; loss: 0.456
2018-10-21 23:02:32,460:INFO: Epoch 24/30
2018-10-21 23:02:50,629:INFO: - Train metrics: accuracy: 0.793 ; loss: 0.445
2018-10-21 23:02:53,165:INFO: - Eval metrics : accuracy: 0.787 ; loss: 0.469
2018-10-21 23:02:53,206:INFO: Epoch 25/30
2018-10-21 23:03:11,617:INFO: - Train metrics: accuracy: 0.783 ; loss: 0.468
2018-10-21 23:03:14,158:INFO: - Eval metrics : accuracy: 0.783 ; loss: 0.466
2018-10-21 23:03:14,162:INFO: Epoch 26/30
2018-10-21 23:03:32,391:INFO: - Train metrics: accuracy: 0.791 ; loss: 0.463
2018-10-21 23:03:34,924:INFO: - Eval metrics : accuracy: 0.749 ; loss: 0.516
2018-10-21 23:03:34,963:INFO: Epoch 27/30
2018-10-21 23:03:53,147:INFO: - Train metrics: accuracy: 0.742 ; loss: 0.531
2018-10-21 23:03:55,674:INFO: - Eval metrics : accuracy: 0.786 ; loss: 0.476
2018-10-21 23:03:55,717:INFO: Epoch 28/30
2018-10-21 23:04:14,016:INFO: - Train metrics: accuracy: 0.795 ; loss: 0.475
2018-10-21 23:04:16,574:INFO: - Eval metrics : accuracy: 0.788 ; loss: 0.470
2018-10-21 23:04:16,613:INFO: Epoch 29/30
2018-10-21 23:04:35,500:INFO: - Train metrics: accuracy: 0.787 ; loss: 0.476
2018-10-21 23:04:38,021:INFO: - Eval metrics : accuracy: 0.787 ; loss: 0.466
2018-10-21 23:04:38,057:INFO: Epoch 30/30
2018-10-21 23:04:56,253:INFO: - Train metrics: accuracy: 0.783 ; loss: 0.470
2018-10-21 23:04:58,782:INFO: - Eval metrics : accuracy: 0.786 ; loss: 0.462
2018-10-21 23:04:58,820:INFO: Total time (minutes) =11.148436299959819
