2018-10-29 18:44:27,147:INFO: Loading the dataset ...
2018-10-29 18:44:27,480:INFO: - done.
2018-10-29 18:44:29,272:INFO: Starting evaluation
2018-10-29 18:44:30,183:INFO: Labels=[0. 0. 1. 0. 0. 0. 0. 1. 0. 1.]
2018-10-29 18:44:30,183:INFO: Out prob=[1.82107862e-04 8.80873799e-01 9.39927638e-01 8.01104128e-01
 6.57540441e-01 2.00302082e-07 1.52400543e-03 8.30354512e-01
 1.95943192e-01 9.25914526e-01]
2018-10-29 18:44:30,183:INFO: ------------------------------------------------------------------------------------------------------------------------
2018-10-29 18:44:30,183:INFO: len labels after =15360
2018-10-29 18:44:30,183:INFO: len out_prob after15360
2018-10-29 18:44:30,183:INFO: length y_test=15360
2018-10-29 18:44:30,184:INFO: Lenght y_score=15360
2018-10-29 18:44:30,187:INFO: Length y_score 15360
2018-10-29 18:44:30,187:INFO: Length y_test 15360
2018-10-29 18:44:30,187:INFO: Thresholds[0:6] = 
 [0.99448192 0.99370873 0.99159712 0.99030381 0.99020863 0.987845  ]
2018-10-29 18:44:30,187:INFO: Thresholds lenght = 
15354
2018-10-29 18:44:30,187:INFO: fpr lenght15354
2018-10-29 18:44:30,187:INFO: tpr lenght15354
2018-10-29 18:44:30,233:INFO: ------------------------------------------------------------------------------------------------------------------------
2018-10-29 18:44:30,237:INFO: roc_auc=0.8832326063916117
2018-10-29 18:44:30,237:INFO: ------------------------------------------------------------------------------------------------------------------------
2018-10-29 18:44:30,237:INFO: - Eval metrics : accuracy: 0.80215 ; loss: 0.41792
