2018-10-29 18:42:29,214:INFO: search_hyperparam_sample_name=top_qcd_jets_antikt_kt__40000_Njets_1024_batch
2018-10-29 18:42:29,215:INFO: ------------------------------------------------------------
2018-10-29 18:42:29,215:INFO: Loading the datasets...
2018-10-29 18:42:30,284:INFO: - done loading the datasets
2018-10-29 18:42:30,284:INFO: ------------------------------------------------------------
2018-10-29 18:42:32,059:INFO: Building optimizer...
2018-10-29 18:42:32,059:INFO: Starting training for 35 epoch(s)
2018-10-29 18:42:32,059:INFO: Epoch 1/35
2018-10-29 18:42:35,064:INFO: - Train metrics: accuracy: 0.519 ; loss: 1.946
2018-10-29 18:42:36,029:INFO: - Eval metrics : accuracy: 0.672 ; loss: 0.606
2018-10-29 18:42:36,046:INFO: - Found new best accuracy
2018-10-29 18:42:36,047:INFO: Epoch 2/35
2018-10-29 18:42:38,685:INFO: - Train metrics: accuracy: 0.688 ; loss: 0.597
2018-10-29 18:42:39,392:INFO: - Eval metrics : accuracy: 0.686 ; loss: 0.567
2018-10-29 18:42:39,428:INFO: - Found new best accuracy
2018-10-29 18:42:39,429:INFO: Epoch 3/35
2018-10-29 18:42:42,196:INFO: - Train metrics: accuracy: 0.695 ; loss: 0.567
2018-10-29 18:42:42,703:INFO: - Eval metrics : accuracy: 0.710 ; loss: 0.540
2018-10-29 18:42:42,743:INFO: - Found new best accuracy
2018-10-29 18:42:42,743:INFO: Epoch 4/35
2018-10-29 18:42:45,960:INFO: - Train metrics: accuracy: 0.729 ; loss: 0.538
2018-10-29 18:42:46,923:INFO: - Eval metrics : accuracy: 0.719 ; loss: 0.528
2018-10-29 18:42:46,961:INFO: - Found new best accuracy
2018-10-29 18:42:46,962:INFO: Epoch 5/35
2018-10-29 18:42:49,465:INFO: - Train metrics: accuracy: 0.746 ; loss: 0.523
2018-10-29 18:42:50,061:INFO: - Eval metrics : accuracy: 0.751 ; loss: 0.492
2018-10-29 18:42:50,101:INFO: - Found new best accuracy
2018-10-29 18:42:50,102:INFO: Epoch 6/35
2018-10-29 18:42:52,852:INFO: - Train metrics: accuracy: 0.775 ; loss: 0.484
2018-10-29 18:42:53,347:INFO: - Eval metrics : accuracy: 0.764 ; loss: 0.478
2018-10-29 18:42:53,382:INFO: - Found new best accuracy
2018-10-29 18:42:53,383:INFO: Epoch 7/35
2018-10-29 18:42:55,853:INFO: - Train metrics: accuracy: 0.772 ; loss: 0.465
2018-10-29 18:42:56,368:INFO: - Eval metrics : accuracy: 0.769 ; loss: 0.469
2018-10-29 18:42:56,401:INFO: - Found new best accuracy
2018-10-29 18:42:56,402:INFO: Epoch 8/35
2018-10-29 18:42:59,088:INFO: - Train metrics: accuracy: 0.788 ; loss: 0.457
2018-10-29 18:42:59,671:INFO: - Eval metrics : accuracy: 0.776 ; loss: 0.461
2018-10-29 18:42:59,712:INFO: - Found new best accuracy
2018-10-29 18:42:59,713:INFO: Epoch 9/35
2018-10-29 18:43:02,158:INFO: - Train metrics: accuracy: 0.788 ; loss: 0.447
2018-10-29 18:43:02,656:INFO: - Eval metrics : accuracy: 0.781 ; loss: 0.451
2018-10-29 18:43:02,697:INFO: - Found new best accuracy
2018-10-29 18:43:02,697:INFO: Epoch 10/35
2018-10-29 18:43:05,301:INFO: - Train metrics: accuracy: 0.796 ; loss: 0.436
2018-10-29 18:43:05,889:INFO: - Eval metrics : accuracy: 0.782 ; loss: 0.449
2018-10-29 18:43:05,895:INFO: - Found new best accuracy
2018-10-29 18:43:05,896:INFO: Epoch 11/35
2018-10-29 18:43:08,254:INFO: - Train metrics: accuracy: 0.797 ; loss: 0.437
2018-10-29 18:43:08,821:INFO: - Eval metrics : accuracy: 0.790 ; loss: 0.439
2018-10-29 18:43:08,867:INFO: - Found new best accuracy
2018-10-29 18:43:08,868:INFO: Epoch 12/35
2018-10-29 18:43:11,397:INFO: - Train metrics: accuracy: 0.799 ; loss: 0.419
2018-10-29 18:43:11,960:INFO: - Eval metrics : accuracy: 0.789 ; loss: 0.436
2018-10-29 18:43:11,996:INFO: Epoch 13/35
2018-10-29 18:43:14,351:INFO: - Train metrics: accuracy: 0.805 ; loss: 0.421
2018-10-29 18:43:14,847:INFO: - Eval metrics : accuracy: 0.792 ; loss: 0.433
2018-10-29 18:43:14,881:INFO: - Found new best accuracy
2018-10-29 18:43:14,882:INFO: Epoch 14/35
2018-10-29 18:43:17,484:INFO: - Train metrics: accuracy: 0.806 ; loss: 0.417
2018-10-29 18:43:18,045:INFO: - Eval metrics : accuracy: 0.793 ; loss: 0.431
2018-10-29 18:43:18,088:INFO: - Found new best accuracy
2018-10-29 18:43:18,088:INFO: Epoch 15/35
2018-10-29 18:43:20,572:INFO: - Train metrics: accuracy: 0.806 ; loss: 0.414
2018-10-29 18:43:21,139:INFO: - Eval metrics : accuracy: 0.795 ; loss: 0.428
2018-10-29 18:43:21,169:INFO: - Found new best accuracy
2018-10-29 18:43:21,169:INFO: Epoch 16/35
2018-10-29 18:43:23,744:INFO: - Train metrics: accuracy: 0.808 ; loss: 0.410
2018-10-29 18:43:24,354:INFO: - Eval metrics : accuracy: 0.796 ; loss: 0.426
2018-10-29 18:43:24,417:INFO: - Found new best accuracy
2018-10-29 18:43:24,418:INFO: Epoch 17/35
2018-10-29 18:43:26,867:INFO: - Train metrics: accuracy: 0.808 ; loss: 0.409
2018-10-29 18:43:27,437:INFO: - Eval metrics : accuracy: 0.797 ; loss: 0.425
2018-10-29 18:43:27,473:INFO: - Found new best accuracy
2018-10-29 18:43:27,474:INFO: Epoch 18/35
2018-10-29 18:43:30,039:INFO: - Train metrics: accuracy: 0.808 ; loss: 0.407
2018-10-29 18:43:30,538:INFO: - Eval metrics : accuracy: 0.798 ; loss: 0.424
2018-10-29 18:43:30,576:INFO: - Found new best accuracy
2018-10-29 18:43:30,577:INFO: Epoch 19/35
2018-10-29 18:43:33,420:INFO: - Train metrics: accuracy: 0.812 ; loss: 0.405
2018-10-29 18:43:34,091:INFO: - Eval metrics : accuracy: 0.798 ; loss: 0.423
2018-10-29 18:43:34,133:INFO: - Found new best accuracy
2018-10-29 18:43:34,134:INFO: Epoch 20/35
2018-10-29 18:43:36,742:INFO: - Train metrics: accuracy: 0.812 ; loss: 0.403
2018-10-29 18:43:37,228:INFO: - Eval metrics : accuracy: 0.799 ; loss: 0.422
2018-10-29 18:43:37,267:INFO: - Found new best accuracy
2018-10-29 18:43:37,268:INFO: Epoch 21/35
2018-10-29 18:43:39,988:INFO: - Train metrics: accuracy: 0.812 ; loss: 0.403
2018-10-29 18:43:40,783:INFO: - Eval metrics : accuracy: 0.799 ; loss: 0.421
2018-10-29 18:43:40,820:INFO: - Found new best accuracy
2018-10-29 18:43:40,820:INFO: Epoch 22/35
2018-10-29 18:43:43,594:INFO: - Train metrics: accuracy: 0.812 ; loss: 0.403
2018-10-29 18:43:44,162:INFO: - Eval metrics : accuracy: 0.798 ; loss: 0.421
2018-10-29 18:43:44,196:INFO: Epoch 23/35
2018-10-29 18:43:46,468:INFO: - Train metrics: accuracy: 0.812 ; loss: 0.404
2018-10-29 18:43:46,910:INFO: - Eval metrics : accuracy: 0.798 ; loss: 0.420
2018-10-29 18:43:46,949:INFO: Epoch 24/35
2018-10-29 18:43:50,162:INFO: - Train metrics: accuracy: 0.813 ; loss: 0.403
2018-10-29 18:43:50,776:INFO: - Eval metrics : accuracy: 0.799 ; loss: 0.420
2018-10-29 18:43:50,817:INFO: Epoch 25/35
2018-10-29 18:43:53,098:INFO: - Train metrics: accuracy: 0.816 ; loss: 0.402
2018-10-29 18:43:53,548:INFO: - Eval metrics : accuracy: 0.800 ; loss: 0.419
2018-10-29 18:43:53,587:INFO: - Found new best accuracy
2018-10-29 18:43:53,588:INFO: Epoch 26/35
2018-10-29 18:43:56,642:INFO: - Train metrics: accuracy: 0.815 ; loss: 0.400
2018-10-29 18:43:57,310:INFO: - Eval metrics : accuracy: 0.800 ; loss: 0.419
2018-10-29 18:43:57,347:INFO: - Found new best accuracy
2018-10-29 18:43:57,348:INFO: Epoch 27/35
2018-10-29 18:43:59,725:INFO: - Train metrics: accuracy: 0.815 ; loss: 0.398
2018-10-29 18:44:00,325:INFO: - Eval metrics : accuracy: 0.800 ; loss: 0.419
2018-10-29 18:44:00,378:INFO: Epoch 28/35
2018-10-29 18:44:02,946:INFO: - Train metrics: accuracy: 0.816 ; loss: 0.396
2018-10-29 18:44:03,450:INFO: - Eval metrics : accuracy: 0.800 ; loss: 0.418
2018-10-29 18:44:03,481:INFO: Epoch 29/35
2018-10-29 18:44:05,810:INFO: - Train metrics: accuracy: 0.815 ; loss: 0.396
2018-10-29 18:44:06,291:INFO: - Eval metrics : accuracy: 0.799 ; loss: 0.418
2018-10-29 18:44:06,324:INFO: Epoch 30/35
2018-10-29 18:44:08,904:INFO: - Train metrics: accuracy: 0.817 ; loss: 0.395
2018-10-29 18:44:09,442:INFO: - Eval metrics : accuracy: 0.801 ; loss: 0.418
2018-10-29 18:44:09,484:INFO: - Found new best accuracy
2018-10-29 18:44:09,485:INFO: Epoch 31/35
2018-10-29 18:44:12,039:INFO: - Train metrics: accuracy: 0.821 ; loss: 0.395
2018-10-29 18:44:12,518:INFO: - Eval metrics : accuracy: 0.801 ; loss: 0.418
2018-10-29 18:44:12,563:INFO: - Found new best accuracy
2018-10-29 18:44:12,563:INFO: Epoch 32/35
2018-10-29 18:44:15,158:INFO: - Train metrics: accuracy: 0.821 ; loss: 0.395
2018-10-29 18:44:15,770:INFO: - Eval metrics : accuracy: 0.800 ; loss: 0.417
2018-10-29 18:44:15,810:INFO: Epoch 33/35
2018-10-29 18:44:18,251:INFO: - Train metrics: accuracy: 0.819 ; loss: 0.395
2018-10-29 18:44:18,825:INFO: - Eval metrics : accuracy: 0.800 ; loss: 0.417
2018-10-29 18:44:18,863:INFO: Epoch 34/35
2018-10-29 18:44:21,439:INFO: - Train metrics: accuracy: 0.815 ; loss: 0.396
2018-10-29 18:44:22,045:INFO: - Eval metrics : accuracy: 0.800 ; loss: 0.417
2018-10-29 18:44:22,086:INFO: Epoch 35/35
2018-10-29 18:44:24,570:INFO: - Train metrics: accuracy: 0.813 ; loss: 0.397
2018-10-29 18:44:25,240:INFO: - Eval metrics : accuracy: 0.800 ; loss: 0.417
2018-10-29 18:44:25,309:INFO: Total time (minutes) =1.9349158604939778
