2018-10-29 17:10:24,941:INFO: search_hyperparam_sample_name=top_qcd_jets_antikt_kt__40000_Njets_128_batch
2018-10-29 17:10:24,941:INFO: ------------------------------------------------------------
2018-10-29 17:10:24,941:INFO: Loading the datasets...
2018-10-29 17:10:25,962:INFO: - done loading the datasets
2018-10-29 17:10:25,963:INFO: ------------------------------------------------------------
2018-10-29 17:10:27,514:INFO: Building optimizer...
2018-10-29 17:10:27,514:INFO: Starting training for 30 epoch(s)
2018-10-29 17:10:27,514:INFO: Epoch 1/30
2018-10-29 17:10:40,100:INFO: - Train metrics: accuracy: 0.737 ; loss: 0.973
2018-10-29 17:10:42,696:INFO: - Eval metrics : accuracy: 0.757 ; loss: 0.484
2018-10-29 17:10:42,706:INFO: - Found new best accuracy
2018-10-29 17:10:42,706:INFO: Epoch 2/30
2018-10-29 17:10:54,608:INFO: - Train metrics: accuracy: 0.802 ; loss: 0.427
2018-10-29 17:10:57,176:INFO: - Eval metrics : accuracy: 0.766 ; loss: 0.463
2018-10-29 17:10:57,209:INFO: - Found new best accuracy
2018-10-29 17:10:57,209:INFO: Epoch 3/30
2018-10-29 17:11:08,554:INFO: - Train metrics: accuracy: 0.794 ; loss: 0.429
2018-10-29 17:11:11,068:INFO: - Eval metrics : accuracy: 0.787 ; loss: 0.445
2018-10-29 17:11:11,107:INFO: - Found new best accuracy
2018-10-29 17:11:11,108:INFO: Epoch 4/30
2018-10-29 17:11:22,981:INFO: - Train metrics: accuracy: 0.805 ; loss: 0.411
2018-10-29 17:11:25,424:INFO: - Eval metrics : accuracy: 0.784 ; loss: 0.447
2018-10-29 17:11:25,464:INFO: Epoch 5/30
2018-10-29 17:11:36,648:INFO: - Train metrics: accuracy: 0.794 ; loss: 0.413
2018-10-29 17:11:38,790:INFO: - Eval metrics : accuracy: 0.796 ; loss: 0.425
2018-10-29 17:11:38,817:INFO: - Found new best accuracy
2018-10-29 17:11:38,817:INFO: Epoch 6/30
2018-10-29 17:11:50,268:INFO: - Train metrics: accuracy: 0.828 ; loss: 0.380
2018-10-29 17:11:52,969:INFO: - Eval metrics : accuracy: 0.800 ; loss: 0.417
2018-10-29 17:11:53,000:INFO: - Found new best accuracy
2018-10-29 17:11:53,000:INFO: Epoch 7/30
2018-10-29 17:12:04,998:INFO: - Train metrics: accuracy: 0.831 ; loss: 0.372
2018-10-29 17:12:07,469:INFO: - Eval metrics : accuracy: 0.801 ; loss: 0.416
2018-10-29 17:12:07,514:INFO: - Found new best accuracy
2018-10-29 17:12:07,514:INFO: Epoch 8/30
2018-10-29 17:12:19,553:INFO: - Train metrics: accuracy: 0.836 ; loss: 0.364
2018-10-29 17:12:22,043:INFO: - Eval metrics : accuracy: 0.806 ; loss: 0.408
2018-10-29 17:12:22,072:INFO: - Found new best accuracy
2018-10-29 17:12:22,072:INFO: Epoch 9/30
2018-10-29 17:12:34,749:INFO: - Train metrics: accuracy: 0.839 ; loss: 0.359
2018-10-29 17:12:37,289:INFO: - Eval metrics : accuracy: 0.809 ; loss: 0.404
2018-10-29 17:12:37,328:INFO: - Found new best accuracy
2018-10-29 17:12:37,328:INFO: Epoch 10/30
2018-10-29 17:12:48,776:INFO: - Train metrics: accuracy: 0.841 ; loss: 0.358
2018-10-29 17:12:51,679:INFO: - Eval metrics : accuracy: 0.809 ; loss: 0.403
2018-10-29 17:12:51,719:INFO: - Found new best accuracy
2018-10-29 17:12:51,719:INFO: Epoch 11/30
2018-10-29 17:13:03,645:INFO: - Train metrics: accuracy: 0.844 ; loss: 0.355
2018-10-29 17:13:06,247:INFO: - Eval metrics : accuracy: 0.810 ; loss: 0.402
2018-10-29 17:13:06,286:INFO: - Found new best accuracy
2018-10-29 17:13:06,287:INFO: Epoch 12/30
2018-10-29 17:13:18,915:INFO: - Train metrics: accuracy: 0.841 ; loss: 0.355
2018-10-29 17:13:21,478:INFO: - Eval metrics : accuracy: 0.810 ; loss: 0.402
2018-10-29 17:13:21,518:INFO: Epoch 13/30
2018-10-29 17:13:31,876:INFO: - Train metrics: accuracy: 0.841 ; loss: 0.356
2018-10-29 17:13:34,652:INFO: - Eval metrics : accuracy: 0.811 ; loss: 0.402
2018-10-29 17:13:34,692:INFO: - Found new best accuracy
2018-10-29 17:13:34,693:INFO: Epoch 14/30
2018-10-29 17:13:47,302:INFO: - Train metrics: accuracy: 0.836 ; loss: 0.359
2018-10-29 17:13:49,832:INFO: - Eval metrics : accuracy: 0.810 ; loss: 0.402
2018-10-29 17:13:49,875:INFO: Epoch 15/30
2018-10-29 17:14:02,589:INFO: - Train metrics: accuracy: 0.831 ; loss: 0.362
2018-10-29 17:14:05,208:INFO: - Eval metrics : accuracy: 0.810 ; loss: 0.401
2018-10-29 17:14:05,243:INFO: Epoch 16/30
2018-10-29 17:14:17,871:INFO: - Train metrics: accuracy: 0.828 ; loss: 0.363
2018-10-29 17:14:20,576:INFO: - Eval metrics : accuracy: 0.811 ; loss: 0.400
2018-10-29 17:14:20,614:INFO: - Found new best accuracy
2018-10-29 17:14:20,615:INFO: Epoch 17/30
2018-10-29 17:14:31,330:INFO: - Train metrics: accuracy: 0.831 ; loss: 0.363
2018-10-29 17:14:34,032:INFO: - Eval metrics : accuracy: 0.813 ; loss: 0.400
2018-10-29 17:14:34,074:INFO: - Found new best accuracy
2018-10-29 17:14:34,074:INFO: Epoch 18/30
2018-10-29 17:14:45,350:INFO: - Train metrics: accuracy: 0.831 ; loss: 0.364
2018-10-29 17:14:47,996:INFO: - Eval metrics : accuracy: 0.813 ; loss: 0.400
2018-10-29 17:14:48,025:INFO: - Found new best accuracy
2018-10-29 17:14:48,026:INFO: Epoch 19/30
2018-10-29 17:14:59,626:INFO: - Train metrics: accuracy: 0.828 ; loss: 0.364
2018-10-29 17:15:01,759:INFO: - Eval metrics : accuracy: 0.813 ; loss: 0.400
2018-10-29 17:15:01,797:INFO: - Found new best accuracy
2018-10-29 17:15:01,798:INFO: Epoch 20/30
2018-10-29 17:15:12,942:INFO: - Train metrics: accuracy: 0.828 ; loss: 0.364
2018-10-29 17:15:15,684:INFO: - Eval metrics : accuracy: 0.813 ; loss: 0.400
2018-10-29 17:15:15,725:INFO: - Found new best accuracy
2018-10-29 17:15:15,725:INFO: Epoch 21/30
2018-10-29 17:15:26,976:INFO: - Train metrics: accuracy: 0.828 ; loss: 0.364
2018-10-29 17:15:29,613:INFO: - Eval metrics : accuracy: 0.813 ; loss: 0.399
2018-10-29 17:15:29,650:INFO: Epoch 22/30
2018-10-29 17:15:41,561:INFO: - Train metrics: accuracy: 0.831 ; loss: 0.364
2018-10-29 17:15:44,187:INFO: - Eval metrics : accuracy: 0.813 ; loss: 0.399
2018-10-29 17:15:44,224:INFO: - Found new best accuracy
2018-10-29 17:15:44,225:INFO: Epoch 23/30
2018-10-29 17:15:55,477:INFO: - Train metrics: accuracy: 0.831 ; loss: 0.364
2018-10-29 17:15:57,831:INFO: - Eval metrics : accuracy: 0.813 ; loss: 0.399
2018-10-29 17:15:57,857:INFO: Epoch 24/30
2018-10-29 17:16:09,498:INFO: - Train metrics: accuracy: 0.831 ; loss: 0.364
2018-10-29 17:16:12,118:INFO: - Eval metrics : accuracy: 0.812 ; loss: 0.399
2018-10-29 17:16:12,155:INFO: Epoch 25/30
2018-10-29 17:16:24,001:INFO: - Train metrics: accuracy: 0.831 ; loss: 0.364
2018-10-29 17:16:26,666:INFO: - Eval metrics : accuracy: 0.812 ; loss: 0.399
2018-10-29 17:16:26,706:INFO: Epoch 26/30
2018-10-29 17:16:38,113:INFO: - Train metrics: accuracy: 0.831 ; loss: 0.364
2018-10-29 17:16:40,658:INFO: - Eval metrics : accuracy: 0.812 ; loss: 0.399
2018-10-29 17:16:40,689:INFO: Epoch 27/30
2018-10-29 17:16:51,490:INFO: - Train metrics: accuracy: 0.831 ; loss: 0.364
2018-10-29 17:16:54,122:INFO: - Eval metrics : accuracy: 0.812 ; loss: 0.399
2018-10-29 17:16:54,163:INFO: Epoch 28/30
2018-10-29 17:17:05,773:INFO: - Train metrics: accuracy: 0.831 ; loss: 0.364
2018-10-29 17:17:08,403:INFO: - Eval metrics : accuracy: 0.812 ; loss: 0.399
2018-10-29 17:17:08,421:INFO: Epoch 29/30
2018-10-29 17:17:20,713:INFO: - Train metrics: accuracy: 0.831 ; loss: 0.364
2018-10-29 17:17:23,419:INFO: - Eval metrics : accuracy: 0.812 ; loss: 0.399
2018-10-29 17:17:23,455:INFO: Epoch 30/30
2018-10-29 17:17:34,678:INFO: - Train metrics: accuracy: 0.831 ; loss: 0.364
2018-10-29 17:17:37,189:INFO: - Eval metrics : accuracy: 0.812 ; loss: 0.399
2018-10-29 17:17:37,228:INFO: Total time (minutes) =7.204784989356995
