2018-10-21 19:12:29,503:INFO: Loading the dataset ...
2018-10-21 19:12:29,937:INFO: - done.
2018-10-21 19:12:35,240:INFO: Starting evaluation
2018-10-21 19:12:39,890:INFO: Labels=[0. 0. 1. 0. 0. 0. 0. 1. 0. 1.]
2018-10-21 19:12:39,891:INFO: Out prob=[0.30027339 0.3495892  0.35136595 0.38285479 0.78232414 0.02424421
 0.11075026 0.85180742 0.57868087 0.97444534]
2018-10-21 19:12:39,891:INFO: ------------------------------------------------------------------------------------------------------------------------
2018-10-21 19:12:39,891:INFO: len labels after =15872
2018-10-21 19:12:39,891:INFO: len out_prob after15872
2018-10-21 19:12:39,891:INFO: length y_test=15872
2018-10-21 19:12:39,891:INFO: Lenght y_score=15872
2018-10-21 19:12:39,894:INFO: Length y_score 15872
2018-10-21 19:12:39,894:INFO: Length y_test 15872
2018-10-21 19:12:39,894:INFO: Thresholds[0:6] = 
 [0.99928778 0.9990865  0.99903691 0.99875402 0.99794179 0.99789232]
2018-10-21 19:12:39,894:INFO: Thresholds lenght = 
15866
2018-10-21 19:12:39,894:INFO: fpr lenght15866
2018-10-21 19:12:39,894:INFO: tpr lenght15866
2018-10-21 19:12:39,940:INFO: ------------------------------------------------------------------------------------------------------------------------
2018-10-21 19:12:39,944:INFO: roc_auc=0.8842977787775997
2018-10-21 19:12:39,944:INFO: ------------------------------------------------------------------------------------------------------------------------
2018-10-21 19:12:39,944:INFO: - Eval metrics : accuracy: 0.810 ; loss: 0.425
