2018-10-21 23:23:05,315:INFO: Loading the dataset ...
2018-10-21 23:23:05,703:INFO: - done.
2018-10-21 23:23:09,485:INFO: Starting evaluation
2018-10-21 23:23:12,065:INFO: Labels=[0. 0. 1. 0. 0. 0. 0. 1. 0. 1.]
2018-10-21 23:23:12,066:INFO: Out prob=[0.36969882 0.35652274 0.38604543 0.60280031 0.83208346 0.06454331
 0.12646671 0.84118938 0.6504041  0.98283434]
2018-10-21 23:23:12,066:INFO: ------------------------------------------------------------------------------------------------------------------------
2018-10-21 23:23:12,066:INFO: len labels after =15872
2018-10-21 23:23:12,066:INFO: len out_prob after15872
2018-10-21 23:23:12,066:INFO: length y_test=15872
2018-10-21 23:23:12,066:INFO: Lenght y_score=15872
2018-10-21 23:23:12,069:INFO: Length y_score 15872
2018-10-21 23:23:12,069:INFO: Length y_test 15872
2018-10-21 23:23:12,069:INFO: Thresholds[0:6] = 
 [0.99958891 0.99951363 0.99946922 0.99912459 0.99907935 0.99874914]
2018-10-21 23:23:12,069:INFO: Thresholds lenght = 
15863
2018-10-21 23:23:12,069:INFO: fpr lenght15863
2018-10-21 23:23:12,069:INFO: tpr lenght15863
2018-10-21 23:23:12,118:INFO: ------------------------------------------------------------------------------------------------------------------------
2018-10-21 23:23:12,122:INFO: roc_auc=0.8699155364894966
2018-10-21 23:23:12,122:INFO: ------------------------------------------------------------------------------------------------------------------------
2018-10-21 23:23:12,122:INFO: - Eval metrics : accuracy: 0.799 ; loss: 0.447
