2018-10-21 23:12:08,620:INFO: sample_name=top_qcd_jets_antikt_kt__40000_Njets_512_batch
2018-10-21 23:12:08,621:INFO: ------------------------------------------------------------
2018-10-21 23:12:08,621:INFO: Loading the datasets...
2018-10-21 23:12:09,780:INFO: - done loading the datasets
2018-10-21 23:12:09,780:INFO: ------------------------------------------------------------
2018-10-21 23:12:13,802:INFO: Building optimizer...
2018-10-21 23:12:13,802:INFO: Starting training for 30 epoch(s)
2018-10-21 23:12:13,802:INFO: Epoch 1/30
2018-10-21 23:12:33,857:INFO: - Train metrics: accuracy: 0.535 ; loss: 0.859
2018-10-21 23:12:36,819:INFO: - Eval metrics : accuracy: 0.508 ; loss: 0.693
2018-10-21 23:12:36,883:INFO: - Found new best accuracy
2018-10-21 23:12:36,884:INFO: Epoch 2/30
2018-10-21 23:12:55,866:INFO: - Train metrics: accuracy: 0.482 ; loss: 0.695
2018-10-21 23:12:58,526:INFO: - Eval metrics : accuracy: 0.519 ; loss: 0.692
2018-10-21 23:12:58,566:INFO: - Found new best accuracy
2018-10-21 23:12:58,567:INFO: Epoch 3/30
2018-10-21 23:13:17,604:INFO: - Train metrics: accuracy: 0.496 ; loss: 0.692
2018-10-21 23:13:20,204:INFO: - Eval metrics : accuracy: 0.780 ; loss: 0.517
2018-10-21 23:13:20,207:INFO: - Found new best accuracy
2018-10-21 23:13:20,208:INFO: Epoch 4/30
2018-10-21 23:13:39,381:INFO: - Train metrics: accuracy: 0.793 ; loss: 0.516
2018-10-21 23:13:42,301:INFO: - Eval metrics : accuracy: 0.763 ; loss: 0.534
2018-10-21 23:13:42,340:INFO: Epoch 5/30
2018-10-21 23:14:01,154:INFO: - Train metrics: accuracy: 0.771 ; loss: 0.524
2018-10-21 23:14:04,434:INFO: - Eval metrics : accuracy: 0.778 ; loss: 0.470
2018-10-21 23:14:04,468:INFO: Epoch 6/30
2018-10-21 23:14:23,793:INFO: - Train metrics: accuracy: 0.797 ; loss: 0.467
2018-10-21 23:14:26,636:INFO: - Eval metrics : accuracy: 0.790 ; loss: 0.461
2018-10-21 23:14:26,675:INFO: - Found new best accuracy
2018-10-21 23:14:26,675:INFO: Epoch 7/30
2018-10-21 23:14:45,909:INFO: - Train metrics: accuracy: 0.791 ; loss: 0.463
2018-10-21 23:14:48,816:INFO: - Eval metrics : accuracy: 0.793 ; loss: 0.452
2018-10-21 23:14:48,820:INFO: - Found new best accuracy
2018-10-21 23:14:48,821:INFO: Epoch 8/30
2018-10-21 23:15:07,682:INFO: - Train metrics: accuracy: 0.785 ; loss: 0.444
2018-10-21 23:15:10,462:INFO: - Eval metrics : accuracy: 0.794 ; loss: 0.450
2018-10-21 23:15:10,502:INFO: - Found new best accuracy
2018-10-21 23:15:10,502:INFO: Epoch 9/30
2018-10-21 23:15:29,854:INFO: - Train metrics: accuracy: 0.787 ; loss: 0.435
2018-10-21 23:15:32,898:INFO: - Eval metrics : accuracy: 0.797 ; loss: 0.453
2018-10-21 23:15:32,932:INFO: - Found new best accuracy
2018-10-21 23:15:32,932:INFO: Epoch 10/30
2018-10-21 23:15:52,215:INFO: - Train metrics: accuracy: 0.801 ; loss: 0.445
2018-10-21 23:15:54,777:INFO: - Eval metrics : accuracy: 0.797 ; loss: 0.449
2018-10-21 23:15:54,816:INFO: Epoch 11/30
2018-10-21 23:16:13,795:INFO: - Train metrics: accuracy: 0.789 ; loss: 0.434
2018-10-21 23:16:16,594:INFO: - Eval metrics : accuracy: 0.797 ; loss: 0.448
2018-10-21 23:16:16,632:INFO: Epoch 12/30
2018-10-21 23:16:35,649:INFO: - Train metrics: accuracy: 0.799 ; loss: 0.430
2018-10-21 23:16:38,235:INFO: - Eval metrics : accuracy: 0.797 ; loss: 0.447
2018-10-21 23:16:38,275:INFO: Epoch 13/30
2018-10-21 23:16:57,138:INFO: - Train metrics: accuracy: 0.799 ; loss: 0.424
2018-10-21 23:16:59,885:INFO: - Eval metrics : accuracy: 0.798 ; loss: 0.446
2018-10-21 23:16:59,920:INFO: - Found new best accuracy
2018-10-21 23:16:59,921:INFO: Epoch 14/30
2018-10-21 23:17:18,794:INFO: - Train metrics: accuracy: 0.795 ; loss: 0.425
2018-10-21 23:17:21,397:INFO: - Eval metrics : accuracy: 0.798 ; loss: 0.446
2018-10-21 23:17:21,400:INFO: Epoch 15/30
2018-10-21 23:17:40,262:INFO: - Train metrics: accuracy: 0.797 ; loss: 0.427
2018-10-21 23:17:42,862:INFO: - Eval metrics : accuracy: 0.798 ; loss: 0.447
2018-10-21 23:17:42,900:INFO: - Found new best accuracy
2018-10-21 23:17:42,900:INFO: Epoch 16/30
2018-10-21 23:18:01,837:INFO: - Train metrics: accuracy: 0.801 ; loss: 0.426
2018-10-21 23:18:04,365:INFO: - Eval metrics : accuracy: 0.798 ; loss: 0.446
2018-10-21 23:18:04,406:INFO: - Found new best accuracy
2018-10-21 23:18:04,406:INFO: Epoch 17/30
2018-10-21 23:18:23,465:INFO: - Train metrics: accuracy: 0.797 ; loss: 0.427
2018-10-21 23:18:26,082:INFO: - Eval metrics : accuracy: 0.798 ; loss: 0.446
2018-10-21 23:18:26,123:INFO: - Found new best accuracy
2018-10-21 23:18:26,124:INFO: Epoch 18/30
2018-10-21 23:18:44,988:INFO: - Train metrics: accuracy: 0.797 ; loss: 0.427
2018-10-21 23:18:47,581:INFO: - Eval metrics : accuracy: 0.798 ; loss: 0.446
2018-10-21 23:18:47,618:INFO: Epoch 19/30
2018-10-21 23:19:06,621:INFO: - Train metrics: accuracy: 0.797 ; loss: 0.427
2018-10-21 23:19:09,227:INFO: - Eval metrics : accuracy: 0.798 ; loss: 0.446
2018-10-21 23:19:09,267:INFO: Epoch 20/30
2018-10-21 23:19:27,803:INFO: - Train metrics: accuracy: 0.797 ; loss: 0.427
2018-10-21 23:19:30,467:INFO: - Eval metrics : accuracy: 0.798 ; loss: 0.446
2018-10-21 23:19:30,505:INFO: Epoch 21/30
2018-10-21 23:19:49,357:INFO: - Train metrics: accuracy: 0.797 ; loss: 0.427
2018-10-21 23:19:51,944:INFO: - Eval metrics : accuracy: 0.798 ; loss: 0.446
2018-10-21 23:19:51,987:INFO: Epoch 22/30
2018-10-21 23:20:10,664:INFO: - Train metrics: accuracy: 0.797 ; loss: 0.427
2018-10-21 23:20:13,251:INFO: - Eval metrics : accuracy: 0.798 ; loss: 0.446
2018-10-21 23:20:13,291:INFO: Epoch 23/30
2018-10-21 23:20:32,002:INFO: - Train metrics: accuracy: 0.797 ; loss: 0.427
2018-10-21 23:20:34,578:INFO: - Eval metrics : accuracy: 0.798 ; loss: 0.446
2018-10-21 23:20:34,615:INFO: Epoch 24/30
2018-10-21 23:20:53,249:INFO: - Train metrics: accuracy: 0.797 ; loss: 0.427
2018-10-21 23:20:55,835:INFO: - Eval metrics : accuracy: 0.798 ; loss: 0.446
2018-10-21 23:20:55,873:INFO: Epoch 25/30
2018-10-21 23:21:14,465:INFO: - Train metrics: accuracy: 0.797 ; loss: 0.427
2018-10-21 23:21:17,051:INFO: - Eval metrics : accuracy: 0.798 ; loss: 0.446
2018-10-21 23:21:17,089:INFO: Epoch 26/30
2018-10-21 23:21:35,712:INFO: - Train metrics: accuracy: 0.797 ; loss: 0.427
2018-10-21 23:21:38,218:INFO: - Eval metrics : accuracy: 0.798 ; loss: 0.446
2018-10-21 23:21:38,255:INFO: Epoch 27/30
2018-10-21 23:21:56,889:INFO: - Train metrics: accuracy: 0.797 ; loss: 0.426
2018-10-21 23:21:59,480:INFO: - Eval metrics : accuracy: 0.798 ; loss: 0.446
2018-10-21 23:21:59,521:INFO: Epoch 28/30
2018-10-21 23:22:18,133:INFO: - Train metrics: accuracy: 0.797 ; loss: 0.426
2018-10-21 23:22:20,710:INFO: - Eval metrics : accuracy: 0.798 ; loss: 0.446
2018-10-21 23:22:20,749:INFO: Epoch 29/30
2018-10-21 23:22:39,380:INFO: - Train metrics: accuracy: 0.797 ; loss: 0.426
2018-10-21 23:22:41,964:INFO: - Eval metrics : accuracy: 0.798 ; loss: 0.446
2018-10-21 23:22:42,003:INFO: Epoch 30/30
2018-10-21 23:23:00,783:INFO: - Train metrics: accuracy: 0.797 ; loss: 0.426
2018-10-21 23:23:03,371:INFO: - Eval metrics : accuracy: 0.798 ; loss: 0.446
2018-10-21 23:23:03,403:INFO: Total time (minutes) =10.913047695159912
