2018-10-29 18:34:28,775:INFO: search_hyperparam_sample_name=top_qcd_jets_antikt_kt__40000_Njets_512_batch
2018-10-29 18:34:28,776:INFO: ------------------------------------------------------------
2018-10-29 18:34:28,776:INFO: Loading the datasets...
2018-10-29 18:34:29,768:INFO: - done loading the datasets
2018-10-29 18:34:29,768:INFO: ------------------------------------------------------------
2018-10-29 18:34:31,483:INFO: Building optimizer...
2018-10-29 18:34:31,484:INFO: Starting training for 35 epoch(s)
2018-10-29 18:34:31,484:INFO: Epoch 1/35
2018-10-29 18:34:35,522:INFO: - Train metrics: accuracy: 0.535 ; loss: 1.852
2018-10-29 18:34:36,282:INFO: - Eval metrics : accuracy: 0.753 ; loss: 0.505
2018-10-29 18:34:36,291:INFO: - Found new best accuracy
2018-10-29 18:34:36,291:INFO: Epoch 2/35
2018-10-29 18:34:40,439:INFO: - Train metrics: accuracy: 0.762 ; loss: 0.495
2018-10-29 18:34:41,276:INFO: - Eval metrics : accuracy: 0.765 ; loss: 0.487
2018-10-29 18:34:41,318:INFO: - Found new best accuracy
2018-10-29 18:34:41,319:INFO: Epoch 3/35
2018-10-29 18:34:45,381:INFO: - Train metrics: accuracy: 0.768 ; loss: 0.476
2018-10-29 18:34:46,384:INFO: - Eval metrics : accuracy: 0.772 ; loss: 0.468
2018-10-29 18:34:46,386:INFO: - Found new best accuracy
2018-10-29 18:34:46,387:INFO: Epoch 4/35
2018-10-29 18:34:50,450:INFO: - Train metrics: accuracy: 0.771 ; loss: 0.456
2018-10-29 18:34:51,316:INFO: - Eval metrics : accuracy: 0.777 ; loss: 0.456
2018-10-29 18:34:51,354:INFO: - Found new best accuracy
2018-10-29 18:34:51,354:INFO: Epoch 5/35
2018-10-29 18:34:55,455:INFO: - Train metrics: accuracy: 0.777 ; loss: 0.445
2018-10-29 18:34:56,321:INFO: - Eval metrics : accuracy: 0.774 ; loss: 0.459
2018-10-29 18:34:56,359:INFO: Epoch 6/35
2018-10-29 18:35:00,265:INFO: - Train metrics: accuracy: 0.771 ; loss: 0.451
2018-10-29 18:35:01,014:INFO: - Eval metrics : accuracy: 0.776 ; loss: 0.456
2018-10-29 18:35:01,052:INFO: Epoch 7/35
2018-10-29 18:35:05,316:INFO: - Train metrics: accuracy: 0.787 ; loss: 0.446
2018-10-29 18:35:06,166:INFO: - Eval metrics : accuracy: 0.785 ; loss: 0.443
2018-10-29 18:35:06,207:INFO: - Found new best accuracy
2018-10-29 18:35:06,207:INFO: Epoch 8/35
2018-10-29 18:35:10,250:INFO: - Train metrics: accuracy: 0.789 ; loss: 0.426
2018-10-29 18:35:10,999:INFO: - Eval metrics : accuracy: 0.788 ; loss: 0.437
2018-10-29 18:35:11,001:INFO: - Found new best accuracy
2018-10-29 18:35:11,002:INFO: Epoch 9/35
2018-10-29 18:35:15,152:INFO: - Train metrics: accuracy: 0.783 ; loss: 0.420
2018-10-29 18:35:16,004:INFO: - Eval metrics : accuracy: 0.792 ; loss: 0.432
2018-10-29 18:35:16,042:INFO: - Found new best accuracy
2018-10-29 18:35:16,043:INFO: Epoch 10/35
2018-10-29 18:35:20,112:INFO: - Train metrics: accuracy: 0.793 ; loss: 0.412
2018-10-29 18:35:20,951:INFO: - Eval metrics : accuracy: 0.794 ; loss: 0.428
2018-10-29 18:35:20,985:INFO: - Found new best accuracy
2018-10-29 18:35:20,986:INFO: Epoch 11/35
2018-10-29 18:35:25,130:INFO: - Train metrics: accuracy: 0.799 ; loss: 0.407
2018-10-29 18:35:25,988:INFO: - Eval metrics : accuracy: 0.794 ; loss: 0.425
2018-10-29 18:35:26,019:INFO: - Found new best accuracy
2018-10-29 18:35:26,020:INFO: Epoch 12/35
2018-10-29 18:35:29,960:INFO: - Train metrics: accuracy: 0.803 ; loss: 0.404
2018-10-29 18:35:30,839:INFO: - Eval metrics : accuracy: 0.796 ; loss: 0.423
2018-10-29 18:35:30,879:INFO: - Found new best accuracy
2018-10-29 18:35:30,880:INFO: Epoch 13/35
2018-10-29 18:35:34,997:INFO: - Train metrics: accuracy: 0.811 ; loss: 0.400
2018-10-29 18:35:35,767:INFO: - Eval metrics : accuracy: 0.797 ; loss: 0.423
2018-10-29 18:35:35,805:INFO: - Found new best accuracy
2018-10-29 18:35:35,806:INFO: Epoch 14/35
2018-10-29 18:35:40,271:INFO: - Train metrics: accuracy: 0.814 ; loss: 0.403
2018-10-29 18:35:41,230:INFO: - Eval metrics : accuracy: 0.795 ; loss: 0.429
2018-10-29 18:35:41,265:INFO: Epoch 15/35
2018-10-29 18:35:45,470:INFO: - Train metrics: accuracy: 0.824 ; loss: 0.409
2018-10-29 18:35:46,220:INFO: - Eval metrics : accuracy: 0.798 ; loss: 0.424
2018-10-29 18:35:46,253:INFO: - Found new best accuracy
2018-10-29 18:35:46,254:INFO: Epoch 16/35
2018-10-29 18:35:50,437:INFO: - Train metrics: accuracy: 0.822 ; loss: 0.403
2018-10-29 18:35:51,246:INFO: - Eval metrics : accuracy: 0.801 ; loss: 0.418
2018-10-29 18:35:51,288:INFO: - Found new best accuracy
2018-10-29 18:35:51,289:INFO: Epoch 17/35
2018-10-29 18:35:55,374:INFO: - Train metrics: accuracy: 0.816 ; loss: 0.395
2018-10-29 18:35:56,132:INFO: - Eval metrics : accuracy: 0.802 ; loss: 0.414
2018-10-29 18:35:56,168:INFO: - Found new best accuracy
2018-10-29 18:35:56,169:INFO: Epoch 18/35
2018-10-29 18:36:00,328:INFO: - Train metrics: accuracy: 0.820 ; loss: 0.390
2018-10-29 18:36:01,300:INFO: - Eval metrics : accuracy: 0.803 ; loss: 0.413
2018-10-29 18:36:01,340:INFO: - Found new best accuracy
2018-10-29 18:36:01,341:INFO: Epoch 19/35
2018-10-29 18:36:05,644:INFO: - Train metrics: accuracy: 0.816 ; loss: 0.389
2018-10-29 18:36:06,484:INFO: - Eval metrics : accuracy: 0.804 ; loss: 0.413
2018-10-29 18:36:06,520:INFO: - Found new best accuracy
2018-10-29 18:36:06,521:INFO: Epoch 20/35
2018-10-29 18:36:10,816:INFO: - Train metrics: accuracy: 0.818 ; loss: 0.391
2018-10-29 18:36:11,680:INFO: - Eval metrics : accuracy: 0.803 ; loss: 0.416
2018-10-29 18:36:11,708:INFO: Epoch 21/35
2018-10-29 18:36:16,068:INFO: - Train metrics: accuracy: 0.822 ; loss: 0.394
2018-10-29 18:36:16,978:INFO: - Eval metrics : accuracy: 0.801 ; loss: 0.419
2018-10-29 18:36:17,018:INFO: Epoch 22/35
2018-10-29 18:36:21,608:INFO: - Train metrics: accuracy: 0.824 ; loss: 0.398
2018-10-29 18:36:22,724:INFO: - Eval metrics : accuracy: 0.800 ; loss: 0.420
2018-10-29 18:36:22,764:INFO: Epoch 23/35
2018-10-29 18:36:27,034:INFO: - Train metrics: accuracy: 0.824 ; loss: 0.400
2018-10-29 18:36:27,905:INFO: - Eval metrics : accuracy: 0.802 ; loss: 0.417
2018-10-29 18:36:27,948:INFO: Epoch 24/35
2018-10-29 18:36:32,543:INFO: - Train metrics: accuracy: 0.822 ; loss: 0.395
2018-10-29 18:36:33,512:INFO: - Eval metrics : accuracy: 0.807 ; loss: 0.411
2018-10-29 18:36:33,549:INFO: - Found new best accuracy
2018-10-29 18:36:33,550:INFO: Epoch 25/35
2018-10-29 18:36:37,965:INFO: - Train metrics: accuracy: 0.824 ; loss: 0.387
2018-10-29 18:36:38,818:INFO: - Eval metrics : accuracy: 0.807 ; loss: 0.408
2018-10-29 18:36:38,858:INFO: - Found new best accuracy
2018-10-29 18:36:38,859:INFO: Epoch 26/35
2018-10-29 18:36:43,018:INFO: - Train metrics: accuracy: 0.834 ; loss: 0.382
2018-10-29 18:36:43,886:INFO: - Eval metrics : accuracy: 0.809 ; loss: 0.408
2018-10-29 18:36:43,922:INFO: - Found new best accuracy
2018-10-29 18:36:43,922:INFO: Epoch 27/35
2018-10-29 18:36:48,342:INFO: - Train metrics: accuracy: 0.830 ; loss: 0.381
2018-10-29 18:36:49,133:INFO: - Eval metrics : accuracy: 0.809 ; loss: 0.407
2018-10-29 18:36:49,136:INFO: - Found new best accuracy
2018-10-29 18:36:49,136:INFO: Epoch 28/35
2018-10-29 18:36:53,409:INFO: - Train metrics: accuracy: 0.832 ; loss: 0.380
2018-10-29 18:36:54,508:INFO: - Eval metrics : accuracy: 0.809 ; loss: 0.407
2018-10-29 18:36:54,553:INFO: - Found new best accuracy
2018-10-29 18:36:54,554:INFO: Epoch 29/35
2018-10-29 18:36:58,832:INFO: - Train metrics: accuracy: 0.836 ; loss: 0.379
2018-10-29 18:36:59,778:INFO: - Eval metrics : accuracy: 0.809 ; loss: 0.407
2018-10-29 18:36:59,812:INFO: Epoch 30/35
2018-10-29 18:37:04,484:INFO: - Train metrics: accuracy: 0.834 ; loss: 0.379
2018-10-29 18:37:05,337:INFO: - Eval metrics : accuracy: 0.809 ; loss: 0.407
2018-10-29 18:37:05,339:INFO: - Found new best accuracy
2018-10-29 18:37:05,340:INFO: Epoch 31/35
2018-10-29 18:37:09,687:INFO: - Train metrics: accuracy: 0.834 ; loss: 0.379
2018-10-29 18:37:10,634:INFO: - Eval metrics : accuracy: 0.809 ; loss: 0.406
2018-10-29 18:37:10,672:INFO: Epoch 32/35
2018-10-29 18:37:15,218:INFO: - Train metrics: accuracy: 0.834 ; loss: 0.379
2018-10-29 18:37:16,092:INFO: - Eval metrics : accuracy: 0.809 ; loss: 0.406
2018-10-29 18:37:16,132:INFO: Epoch 33/35
2018-10-29 18:37:20,718:INFO: - Train metrics: accuracy: 0.834 ; loss: 0.379
2018-10-29 18:37:21,476:INFO: - Eval metrics : accuracy: 0.809 ; loss: 0.406
2018-10-29 18:37:21,515:INFO: Epoch 34/35
2018-10-29 18:37:25,780:INFO: - Train metrics: accuracy: 0.832 ; loss: 0.379
2018-10-29 18:37:26,564:INFO: - Eval metrics : accuracy: 0.809 ; loss: 0.406
2018-10-29 18:37:26,603:INFO: Epoch 35/35
2018-10-29 18:37:30,689:INFO: - Train metrics: accuracy: 0.836 ; loss: 0.378
2018-10-29 18:37:31,791:INFO: - Eval metrics : accuracy: 0.809 ; loss: 0.406
2018-10-29 18:37:31,817:INFO: Total time (minutes) =3.0507058103879294
