2018-10-21 18:37:39,625:INFO: Loading the dataset ...
2018-10-21 18:37:40,058:INFO: - done.
2018-10-21 18:37:44,188:INFO: Starting evaluation
2018-10-21 18:37:49,058:INFO: Labels=[0. 0. 1. 0. 0. 0. 0. 1. 0. 1.]
2018-10-21 18:37:49,058:INFO: Out prob=[0.06397897 0.28810319 0.38484871 0.62753057 0.7464025  0.0741637
 0.08069787 0.85249013 0.67565316 0.96925712]
2018-10-21 18:37:49,058:INFO: ------------------------------------------------------------------------------------------------------------------------
2018-10-21 18:37:49,058:INFO: len labels after =15872
2018-10-21 18:37:49,058:INFO: len out_prob after15872
2018-10-21 18:37:49,058:INFO: length y_test=15872
2018-10-21 18:37:49,058:INFO: Lenght y_score=15872
2018-10-21 18:37:49,061:INFO: Length y_score 15872
2018-10-21 18:37:49,061:INFO: Length y_test 15872
2018-10-21 18:37:49,061:INFO: Thresholds[0:6] = 
 [0.99721599 0.99613625 0.99534351 0.99525011 0.99500835 0.99446529]
2018-10-21 18:37:49,061:INFO: Thresholds lenght = 
15861
2018-10-21 18:37:49,061:INFO: fpr lenght15861
2018-10-21 18:37:49,061:INFO: tpr lenght15861
2018-10-21 18:37:49,107:INFO: ------------------------------------------------------------------------------------------------------------------------
2018-10-21 18:37:49,111:INFO: roc_auc=0.8610708532422687
2018-10-21 18:37:49,111:INFO: ------------------------------------------------------------------------------------------------------------------------
2018-10-21 18:37:49,112:INFO: - Eval metrics : accuracy: 0.797 ; loss: 0.457
