2018-10-21 18:17:19,016:INFO: sample_name=top_qcd_jets_antikt_kt__40000_Njets_256_batch
2018-10-21 18:17:19,017:INFO: ------------------------------------------------------------
2018-10-21 18:17:19,017:INFO: Loading the datasets...
2018-10-21 18:17:20,281:INFO: - done loading the datasets
2018-10-21 18:17:20,281:INFO: ------------------------------------------------------------
2018-10-21 18:17:24,166:INFO: Building optimizer...
2018-10-21 18:17:24,167:INFO: Starting training for 30 epoch(s)
2018-10-21 18:17:24,167:INFO: Epoch 1/30
2018-10-21 18:18:00,603:INFO: - Train metrics: accuracy: 0.533 ; loss: 0.778
2018-10-21 18:18:06,129:INFO: - Eval metrics : accuracy: 0.507 ; loss: 0.693
2018-10-21 18:18:06,187:INFO: - Found new best accuracy
2018-10-21 18:18:06,188:INFO: Epoch 2/30
2018-10-21 18:18:41,849:INFO: - Train metrics: accuracy: 0.496 ; loss: 0.716
2018-10-21 18:18:46,884:INFO: - Eval metrics : accuracy: 0.537 ; loss: 0.689
2018-10-21 18:18:46,915:INFO: - Found new best accuracy
2018-10-21 18:18:46,916:INFO: Epoch 3/30
2018-10-21 18:19:21,808:INFO: - Train metrics: accuracy: 0.645 ; loss: 0.612
2018-10-21 18:19:27,295:INFO: - Eval metrics : accuracy: 0.761 ; loss: 0.541
2018-10-21 18:19:27,323:INFO: - Found new best accuracy
2018-10-21 18:19:27,324:INFO: Epoch 4/30
2018-10-21 18:20:02,185:INFO: - Train metrics: accuracy: 0.771 ; loss: 0.516
2018-10-21 18:20:07,457:INFO: - Eval metrics : accuracy: 0.769 ; loss: 0.504
2018-10-21 18:20:07,461:INFO: - Found new best accuracy
2018-10-21 18:20:07,462:INFO: Epoch 5/30
2018-10-21 18:20:42,058:INFO: - Train metrics: accuracy: 0.779 ; loss: 0.486
2018-10-21 18:20:47,804:INFO: - Eval metrics : accuracy: 0.764 ; loss: 0.500
2018-10-21 18:20:47,807:INFO: Epoch 6/30
2018-10-21 18:21:23,622:INFO: - Train metrics: accuracy: 0.799 ; loss: 0.458
2018-10-21 18:21:29,140:INFO: - Eval metrics : accuracy: 0.672 ; loss: 0.570
2018-10-21 18:21:29,145:INFO: Epoch 7/30
2018-10-21 18:22:03,892:INFO: - Train metrics: accuracy: 0.742 ; loss: 0.505
2018-10-21 18:22:09,392:INFO: - Eval metrics : accuracy: 0.783 ; loss: 0.484
2018-10-21 18:22:09,396:INFO: - Found new best accuracy
2018-10-21 18:22:09,398:INFO: Epoch 8/30
2018-10-21 18:22:45,485:INFO: - Train metrics: accuracy: 0.787 ; loss: 0.459
2018-10-21 18:22:51,011:INFO: - Eval metrics : accuracy: 0.788 ; loss: 0.471
2018-10-21 18:22:51,054:INFO: - Found new best accuracy
2018-10-21 18:22:51,055:INFO: Epoch 9/30
2018-10-21 18:23:29,672:INFO: - Train metrics: accuracy: 0.809 ; loss: 0.443
2018-10-21 18:23:35,863:INFO: - Eval metrics : accuracy: 0.788 ; loss: 0.467
2018-10-21 18:23:35,898:INFO: - Found new best accuracy
2018-10-21 18:23:35,899:INFO: Epoch 10/30
2018-10-21 18:24:13,146:INFO: - Train metrics: accuracy: 0.805 ; loss: 0.443
2018-10-21 18:24:18,787:INFO: - Eval metrics : accuracy: 0.791 ; loss: 0.462
2018-10-21 18:24:18,827:INFO: - Found new best accuracy
2018-10-21 18:24:18,828:INFO: Epoch 11/30
2018-10-21 18:24:54,329:INFO: - Train metrics: accuracy: 0.799 ; loss: 0.443
2018-10-21 18:24:59,613:INFO: - Eval metrics : accuracy: 0.788 ; loss: 0.465
2018-10-21 18:24:59,653:INFO: Epoch 12/30
2018-10-21 18:25:36,290:INFO: - Train metrics: accuracy: 0.797 ; loss: 0.442
2018-10-21 18:25:41,819:INFO: - Eval metrics : accuracy: 0.792 ; loss: 0.461
2018-10-21 18:25:41,877:INFO: - Found new best accuracy
2018-10-21 18:25:41,878:INFO: Epoch 13/30
2018-10-21 18:26:18,219:INFO: - Train metrics: accuracy: 0.791 ; loss: 0.449
2018-10-21 18:26:23,663:INFO: - Eval metrics : accuracy: 0.792 ; loss: 0.464
2018-10-21 18:26:23,709:INFO: - Found new best accuracy
2018-10-21 18:26:23,710:INFO: Epoch 14/30
2018-10-21 18:26:59,446:INFO: - Train metrics: accuracy: 0.787 ; loss: 0.456
2018-10-21 18:27:05,165:INFO: - Eval metrics : accuracy: 0.792 ; loss: 0.462
2018-10-21 18:27:05,203:INFO: Epoch 15/30
2018-10-21 18:27:41,348:INFO: - Train metrics: accuracy: 0.789 ; loss: 0.448
2018-10-21 18:27:47,539:INFO: - Eval metrics : accuracy: 0.793 ; loss: 0.461
2018-10-21 18:27:47,588:INFO: - Found new best accuracy
2018-10-21 18:27:47,589:INFO: Epoch 16/30
2018-10-21 18:28:23,287:INFO: - Train metrics: accuracy: 0.789 ; loss: 0.446
2018-10-21 18:28:29,075:INFO: - Eval metrics : accuracy: 0.791 ; loss: 0.462
2018-10-21 18:28:29,112:INFO: Epoch 17/30
2018-10-21 18:29:04,070:INFO: - Train metrics: accuracy: 0.793 ; loss: 0.454
2018-10-21 18:29:09,968:INFO: - Eval metrics : accuracy: 0.792 ; loss: 0.460
2018-10-21 18:29:10,007:INFO: Epoch 18/30
2018-10-21 18:29:45,681:INFO: - Train metrics: accuracy: 0.791 ; loss: 0.447
2018-10-21 18:29:50,195:INFO: - Eval metrics : accuracy: 0.794 ; loss: 0.460
2018-10-21 18:29:50,234:INFO: - Found new best accuracy
2018-10-21 18:29:50,234:INFO: Epoch 19/30
2018-10-21 18:30:25,594:INFO: - Train metrics: accuracy: 0.785 ; loss: 0.445
2018-10-21 18:30:30,154:INFO: - Eval metrics : accuracy: 0.792 ; loss: 0.460
2018-10-21 18:30:30,193:INFO: Epoch 20/30
2018-10-21 18:31:04,890:INFO: - Train metrics: accuracy: 0.797 ; loss: 0.446
2018-10-21 18:31:09,308:INFO: - Eval metrics : accuracy: 0.793 ; loss: 0.460
2018-10-21 18:31:09,350:INFO: Epoch 21/30
2018-10-21 18:31:44,079:INFO: - Train metrics: accuracy: 0.795 ; loss: 0.444
2018-10-21 18:31:48,453:INFO: - Eval metrics : accuracy: 0.793 ; loss: 0.460
2018-10-21 18:31:48,494:INFO: Epoch 22/30
2018-10-21 18:32:22,754:INFO: - Train metrics: accuracy: 0.795 ; loss: 0.444
2018-10-21 18:32:27,700:INFO: - Eval metrics : accuracy: 0.793 ; loss: 0.460
2018-10-21 18:32:27,740:INFO: Epoch 23/30
2018-10-21 18:33:02,101:INFO: - Train metrics: accuracy: 0.795 ; loss: 0.444
2018-10-21 18:33:06,475:INFO: - Eval metrics : accuracy: 0.793 ; loss: 0.460
2018-10-21 18:33:06,478:INFO: Epoch 24/30
2018-10-21 18:33:40,926:INFO: - Train metrics: accuracy: 0.793 ; loss: 0.444
2018-10-21 18:33:45,301:INFO: - Eval metrics : accuracy: 0.793 ; loss: 0.460
2018-10-21 18:33:45,342:INFO: Epoch 25/30
2018-10-21 18:34:19,672:INFO: - Train metrics: accuracy: 0.793 ; loss: 0.444
2018-10-21 18:34:24,023:INFO: - Eval metrics : accuracy: 0.793 ; loss: 0.460
2018-10-21 18:34:24,026:INFO: Epoch 26/30
2018-10-21 18:34:58,375:INFO: - Train metrics: accuracy: 0.793 ; loss: 0.444
2018-10-21 18:35:02,749:INFO: - Eval metrics : accuracy: 0.793 ; loss: 0.460
2018-10-21 18:35:02,792:INFO: Epoch 27/30
2018-10-21 18:35:37,343:INFO: - Train metrics: accuracy: 0.793 ; loss: 0.444
2018-10-21 18:35:41,699:INFO: - Eval metrics : accuracy: 0.793 ; loss: 0.460
2018-10-21 18:35:41,737:INFO: Epoch 28/30
2018-10-21 18:36:15,748:INFO: - Train metrics: accuracy: 0.793 ; loss: 0.444
2018-10-21 18:36:20,041:INFO: - Eval metrics : accuracy: 0.793 ; loss: 0.460
2018-10-21 18:36:20,080:INFO: Epoch 29/30
2018-10-21 18:36:54,446:INFO: - Train metrics: accuracy: 0.793 ; loss: 0.445
2018-10-21 18:36:58,866:INFO: - Eval metrics : accuracy: 0.793 ; loss: 0.460
2018-10-21 18:36:58,869:INFO: Epoch 30/30
2018-10-21 18:37:33,265:INFO: - Train metrics: accuracy: 0.793 ; loss: 0.444
2018-10-21 18:37:37,658:INFO: - Eval metrics : accuracy: 0.793 ; loss: 0.460
2018-10-21 18:37:37,693:INFO: Total time (minutes) =20.31126745144526
