2018-10-21 22:57:27,666:INFO: Loading the dataset ...
2018-10-21 22:57:28,067:INFO: - done.
2018-10-21 22:57:32,323:INFO: Starting evaluation
2018-10-21 22:57:35,529:INFO: Labels=[0. 0. 1. 0. 0. 0. 0. 1. 0. 1.]
2018-10-21 22:57:35,529:INFO: Out prob=[4.55155745e-02 3.12219530e-01 4.42128062e-01 6.35739207e-01
 8.29576612e-01 1.10253466e-04 5.69922058e-03 8.41714799e-01
 2.82870740e-01 9.51741219e-01]
2018-10-21 22:57:35,529:INFO: ------------------------------------------------------------------------------------------------------------------------
2018-10-21 22:57:35,529:INFO: len labels after =15872
2018-10-21 22:57:35,530:INFO: len out_prob after15872
2018-10-21 22:57:35,530:INFO: length y_test=15872
2018-10-21 22:57:35,530:INFO: Lenght y_score=15872
2018-10-21 22:57:35,533:INFO: Length y_score 15872
2018-10-21 22:57:35,533:INFO: Length y_test 15872
2018-10-21 22:57:35,533:INFO: Thresholds[0:6] = 
 [0.99980634 0.9992106  0.99670142 0.99645531 0.99584478 0.99527752]
2018-10-21 22:57:35,533:INFO: Thresholds lenght = 
15863
2018-10-21 22:57:35,533:INFO: fpr lenght15863
2018-10-21 22:57:35,533:INFO: tpr lenght15863
2018-10-21 22:57:35,586:INFO: ------------------------------------------------------------------------------------------------------------------------
2018-10-21 22:57:35,589:INFO: roc_auc=0.8994916346269145
2018-10-21 22:57:35,589:INFO: ------------------------------------------------------------------------------------------------------------------------
2018-10-21 22:57:35,590:INFO: - Eval metrics : accuracy: 0.819 ; loss: 0.393
