2018-10-21 22:46:22,220:INFO: sample_name=top_qcd_jets_antikt_kt__40000_Njets_512_batch
2018-10-21 22:46:22,222:INFO: ------------------------------------------------------------
2018-10-21 22:46:22,222:INFO: Loading the datasets...
2018-10-21 22:46:23,527:INFO: - done loading the datasets
2018-10-21 22:46:23,527:INFO: ------------------------------------------------------------
2018-10-21 22:46:27,481:INFO: Building optimizer...
2018-10-21 22:46:27,481:INFO: Starting training for 30 epoch(s)
2018-10-21 22:46:27,481:INFO: Epoch 1/30
2018-10-21 22:46:47,033:INFO: - Train metrics: accuracy: 0.535 ; loss: 0.859
2018-10-21 22:46:49,674:INFO: - Eval metrics : accuracy: 0.548 ; loss: 0.685
2018-10-21 22:46:49,731:INFO: - Found new best accuracy
2018-10-21 22:46:49,732:INFO: Epoch 2/30
2018-10-21 22:47:09,149:INFO: - Train metrics: accuracy: 0.523 ; loss: 0.688
2018-10-21 22:47:11,770:INFO: - Eval metrics : accuracy: 0.648 ; loss: 0.639
2018-10-21 22:47:11,810:INFO: - Found new best accuracy
2018-10-21 22:47:11,810:INFO: Epoch 3/30
2018-10-21 22:47:31,345:INFO: - Train metrics: accuracy: 0.631 ; loss: 0.658
2018-10-21 22:47:33,973:INFO: - Eval metrics : accuracy: 0.754 ; loss: 0.522
2018-10-21 22:47:34,015:INFO: - Found new best accuracy
2018-10-21 22:47:34,015:INFO: Epoch 4/30
2018-10-21 22:47:53,665:INFO: - Train metrics: accuracy: 0.746 ; loss: 0.527
2018-10-21 22:47:56,346:INFO: - Eval metrics : accuracy: 0.768 ; loss: 0.517
2018-10-21 22:47:56,382:INFO: - Found new best accuracy
2018-10-21 22:47:56,383:INFO: Epoch 5/30
2018-10-21 22:48:15,796:INFO: - Train metrics: accuracy: 0.762 ; loss: 0.530
2018-10-21 22:48:18,435:INFO: - Eval metrics : accuracy: 0.800 ; loss: 0.450
2018-10-21 22:48:18,477:INFO: - Found new best accuracy
2018-10-21 22:48:18,478:INFO: Epoch 6/30
2018-10-21 22:48:37,889:INFO: - Train metrics: accuracy: 0.801 ; loss: 0.440
2018-10-21 22:48:40,543:INFO: - Eval metrics : accuracy: 0.804 ; loss: 0.453
2018-10-21 22:48:40,582:INFO: - Found new best accuracy
2018-10-21 22:48:40,582:INFO: Epoch 7/30
2018-10-21 22:48:59,996:INFO: - Train metrics: accuracy: 0.805 ; loss: 0.415
2018-10-21 22:49:02,645:INFO: - Eval metrics : accuracy: 0.810 ; loss: 0.417
2018-10-21 22:49:02,683:INFO: - Found new best accuracy
2018-10-21 22:49:02,684:INFO: Epoch 8/30
2018-10-21 22:49:22,133:INFO: - Train metrics: accuracy: 0.828 ; loss: 0.396
2018-10-21 22:49:24,760:INFO: - Eval metrics : accuracy: 0.810 ; loss: 0.414
2018-10-21 22:49:24,797:INFO: - Found new best accuracy
2018-10-21 22:49:24,797:INFO: Epoch 9/30
2018-10-21 22:49:44,234:INFO: - Train metrics: accuracy: 0.826 ; loss: 0.380
2018-10-21 22:49:46,902:INFO: - Eval metrics : accuracy: 0.810 ; loss: 0.411
2018-10-21 22:49:46,939:INFO: - Found new best accuracy
2018-10-21 22:49:46,940:INFO: Epoch 10/30
2018-10-21 22:50:06,418:INFO: - Train metrics: accuracy: 0.822 ; loss: 0.385
2018-10-21 22:50:09,048:INFO: - Eval metrics : accuracy: 0.808 ; loss: 0.413
2018-10-21 22:50:09,088:INFO: Epoch 11/30
2018-10-21 22:50:28,627:INFO: - Train metrics: accuracy: 0.830 ; loss: 0.393
2018-10-21 22:50:31,246:INFO: - Eval metrics : accuracy: 0.814 ; loss: 0.403
2018-10-21 22:50:31,281:INFO: - Found new best accuracy
2018-10-21 22:50:31,281:INFO: Epoch 12/30
2018-10-21 22:50:50,719:INFO: - Train metrics: accuracy: 0.834 ; loss: 0.375
2018-10-21 22:50:53,302:INFO: - Eval metrics : accuracy: 0.814 ; loss: 0.400
2018-10-21 22:50:53,340:INFO: Epoch 13/30
2018-10-21 22:51:12,616:INFO: - Train metrics: accuracy: 0.832 ; loss: 0.372
2018-10-21 22:51:15,298:INFO: - Eval metrics : accuracy: 0.809 ; loss: 0.408
2018-10-21 22:51:15,335:INFO: Epoch 14/30
2018-10-21 22:51:34,799:INFO: - Train metrics: accuracy: 0.824 ; loss: 0.391
2018-10-21 22:51:37,603:INFO: - Eval metrics : accuracy: 0.810 ; loss: 0.407
2018-10-21 22:51:37,642:INFO: Epoch 15/30
2018-10-21 22:51:57,038:INFO: - Train metrics: accuracy: 0.820 ; loss: 0.389
2018-10-21 22:51:59,674:INFO: - Eval metrics : accuracy: 0.815 ; loss: 0.399
2018-10-21 22:51:59,724:INFO: - Found new best accuracy
2018-10-21 22:51:59,725:INFO: Epoch 16/30
2018-10-21 22:52:19,185:INFO: - Train metrics: accuracy: 0.832 ; loss: 0.374
2018-10-21 22:52:21,808:INFO: - Eval metrics : accuracy: 0.815 ; loss: 0.398
2018-10-21 22:52:21,846:INFO: Epoch 17/30
2018-10-21 22:52:41,061:INFO: - Train metrics: accuracy: 0.834 ; loss: 0.372
2018-10-21 22:52:43,636:INFO: - Eval metrics : accuracy: 0.815 ; loss: 0.397
2018-10-21 22:52:43,674:INFO: Epoch 18/30
2018-10-21 22:53:03,169:INFO: - Train metrics: accuracy: 0.836 ; loss: 0.370
2018-10-21 22:53:05,781:INFO: - Eval metrics : accuracy: 0.816 ; loss: 0.396
2018-10-21 22:53:05,821:INFO: - Found new best accuracy
2018-10-21 22:53:05,822:INFO: Epoch 19/30
2018-10-21 22:53:25,281:INFO: - Train metrics: accuracy: 0.838 ; loss: 0.367
2018-10-21 22:53:27,915:INFO: - Eval metrics : accuracy: 0.816 ; loss: 0.395
2018-10-21 22:53:27,953:INFO: - Found new best accuracy
2018-10-21 22:53:27,954:INFO: Epoch 20/30
2018-10-21 22:53:47,467:INFO: - Train metrics: accuracy: 0.836 ; loss: 0.364
2018-10-21 22:53:50,087:INFO: - Eval metrics : accuracy: 0.817 ; loss: 0.394
2018-10-21 22:53:50,125:INFO: - Found new best accuracy
2018-10-21 22:53:50,126:INFO: Epoch 21/30
2018-10-21 22:54:09,221:INFO: - Train metrics: accuracy: 0.842 ; loss: 0.362
2018-10-21 22:54:11,811:INFO: - Eval metrics : accuracy: 0.816 ; loss: 0.393
2018-10-21 22:54:11,851:INFO: Epoch 22/30
2018-10-21 22:54:30,857:INFO: - Train metrics: accuracy: 0.842 ; loss: 0.361
2018-10-21 22:54:33,431:INFO: - Eval metrics : accuracy: 0.816 ; loss: 0.393
2018-10-21 22:54:33,471:INFO: Epoch 23/30
2018-10-21 22:54:52,372:INFO: - Train metrics: accuracy: 0.846 ; loss: 0.359
2018-10-21 22:54:54,946:INFO: - Eval metrics : accuracy: 0.816 ; loss: 0.393
2018-10-21 22:54:54,975:INFO: Epoch 24/30
2018-10-21 22:55:13,799:INFO: - Train metrics: accuracy: 0.848 ; loss: 0.358
2018-10-21 22:55:16,291:INFO: - Eval metrics : accuracy: 0.816 ; loss: 0.393
2018-10-21 22:55:16,330:INFO: Epoch 25/30
2018-10-21 22:55:35,280:INFO: - Train metrics: accuracy: 0.846 ; loss: 0.359
2018-10-21 22:55:37,825:INFO: - Eval metrics : accuracy: 0.816 ; loss: 0.393
2018-10-21 22:55:37,859:INFO: Epoch 26/30
2018-10-21 22:55:56,556:INFO: - Train metrics: accuracy: 0.842 ; loss: 0.359
2018-10-21 22:55:59,081:INFO: - Eval metrics : accuracy: 0.817 ; loss: 0.393
2018-10-21 22:55:59,143:INFO: Epoch 27/30
2018-10-21 22:56:17,870:INFO: - Train metrics: accuracy: 0.842 ; loss: 0.359
2018-10-21 22:56:20,375:INFO: - Eval metrics : accuracy: 0.816 ; loss: 0.393
2018-10-21 22:56:20,410:INFO: Epoch 28/30
2018-10-21 22:56:39,549:INFO: - Train metrics: accuracy: 0.842 ; loss: 0.359
2018-10-21 22:56:42,122:INFO: - Eval metrics : accuracy: 0.816 ; loss: 0.393
2018-10-21 22:56:42,159:INFO: Epoch 29/30
2018-10-21 22:57:01,355:INFO: - Train metrics: accuracy: 0.838 ; loss: 0.359
2018-10-21 22:57:03,827:INFO: - Eval metrics : accuracy: 0.816 ; loss: 0.393
2018-10-21 22:57:03,830:INFO: Epoch 30/30
2018-10-21 22:57:23,157:INFO: - Train metrics: accuracy: 0.838 ; loss: 0.359
2018-10-21 22:57:25,642:INFO: - Eval metrics : accuracy: 0.816 ; loss: 0.393
2018-10-21 22:57:25,690:INFO: Total time (minutes) =11.057828279336293
