2018-10-21 22:14:27,222:INFO: Loading the dataset ...
2018-10-21 22:14:27,480:INFO: - done.
2018-10-21 22:14:31,515:INFO: Starting evaluation
2018-10-21 22:14:33,234:INFO: Labels=[0. 0. 1. 0. 0. 0. 0. 1. 0. 1.]
2018-10-21 22:14:33,234:INFO: Out prob=[7.13719353e-02 4.74379689e-01 5.56622028e-01 6.43170238e-01
 8.81995797e-01 6.75033370e-04 4.92507741e-02 8.31843674e-01
 5.53911388e-01 9.17360246e-01]
2018-10-21 22:14:33,234:INFO: ------------------------------------------------------------------------------------------------------------------------
2018-10-21 22:14:33,234:INFO: len labels after =15360
2018-10-21 22:14:33,234:INFO: len out_prob after15360
2018-10-21 22:14:33,234:INFO: length y_test=15360
2018-10-21 22:14:33,234:INFO: Lenght y_score=15360
2018-10-21 22:14:33,238:INFO: Length y_score 15360
2018-10-21 22:14:33,238:INFO: Length y_test 15360
2018-10-21 22:14:33,238:INFO: Thresholds[0:6] = 
 [0.99793953 0.99323785 0.99272525 0.9921428  0.99199378 0.99101251]
2018-10-21 22:14:33,238:INFO: Thresholds lenght = 
15353
2018-10-21 22:14:33,238:INFO: fpr lenght15353
2018-10-21 22:14:33,238:INFO: tpr lenght15353
2018-10-21 22:14:33,282:INFO: ------------------------------------------------------------------------------------------------------------------------
2018-10-21 22:14:33,286:INFO: roc_auc=0.8822615709476314
2018-10-21 22:14:33,286:INFO: ------------------------------------------------------------------------------------------------------------------------
2018-10-21 22:14:33,287:INFO: - Eval metrics : accuracy: 0.808 ; loss: 0.424
