2018-10-21 22:07:53,220:INFO: sample_name=top_qcd_jets_antikt_kt__40000_Njets_1024_batch
2018-10-21 22:07:53,221:INFO: ------------------------------------------------------------
2018-10-21 22:07:53,221:INFO: Loading the datasets...
2018-10-21 22:07:54,366:INFO: - done loading the datasets
2018-10-21 22:07:54,366:INFO: ------------------------------------------------------------
2018-10-21 22:07:58,432:INFO: Building optimizer...
2018-10-21 22:07:58,433:INFO: Starting training for 30 epoch(s)
2018-10-21 22:07:58,433:INFO: Epoch 1/30
2018-10-21 22:08:09,429:INFO: - Train metrics: accuracy: 0.519 ; loss: 0.898
2018-10-21 22:08:11,305:INFO: - Eval metrics : accuracy: 0.526 ; loss: 0.692
2018-10-21 22:08:11,360:INFO: - Found new best accuracy
2018-10-21 22:08:11,360:INFO: Epoch 2/30
2018-10-21 22:08:22,618:INFO: - Train metrics: accuracy: 0.514 ; loss: 0.693
2018-10-21 22:08:24,403:INFO: - Eval metrics : accuracy: 0.560 ; loss: 0.681
2018-10-21 22:08:24,429:INFO: - Found new best accuracy
2018-10-21 22:08:24,430:INFO: Epoch 3/30
2018-10-21 22:08:35,717:INFO: - Train metrics: accuracy: 0.542 ; loss: 0.680
2018-10-21 22:08:37,488:INFO: - Eval metrics : accuracy: 0.766 ; loss: 0.519
2018-10-21 22:08:37,526:INFO: - Found new best accuracy
2018-10-21 22:08:37,526:INFO: Epoch 4/30
2018-10-21 22:08:48,689:INFO: - Train metrics: accuracy: 0.772 ; loss: 0.516
2018-10-21 22:08:50,485:INFO: - Eval metrics : accuracy: 0.770 ; loss: 0.496
2018-10-21 22:08:50,534:INFO: - Found new best accuracy
2018-10-21 22:08:50,535:INFO: Epoch 5/30
2018-10-21 22:09:01,720:INFO: - Train metrics: accuracy: 0.774 ; loss: 0.484
2018-10-21 22:09:03,179:INFO: - Eval metrics : accuracy: 0.796 ; loss: 0.459
2018-10-21 22:09:03,218:INFO: - Found new best accuracy
2018-10-21 22:09:03,222:INFO: Epoch 6/30
2018-10-21 22:09:14,541:INFO: - Train metrics: accuracy: 0.806 ; loss: 0.440
2018-10-21 22:09:16,354:INFO: - Eval metrics : accuracy: 0.801 ; loss: 0.442
2018-10-21 22:09:16,359:INFO: - Found new best accuracy
2018-10-21 22:09:16,360:INFO: Epoch 7/30
2018-10-21 22:09:27,879:INFO: - Train metrics: accuracy: 0.805 ; loss: 0.423
2018-10-21 22:09:29,207:INFO: - Eval metrics : accuracy: 0.799 ; loss: 0.438
2018-10-21 22:09:29,210:INFO: Epoch 8/30
2018-10-21 22:09:39,782:INFO: - Train metrics: accuracy: 0.807 ; loss: 0.422
2018-10-21 22:09:41,735:INFO: - Eval metrics : accuracy: 0.802 ; loss: 0.433
2018-10-21 22:09:41,794:INFO: - Found new best accuracy
2018-10-21 22:09:41,794:INFO: Epoch 9/30
2018-10-21 22:09:52,528:INFO: - Train metrics: accuracy: 0.810 ; loss: 0.416
2018-10-21 22:09:54,167:INFO: - Eval metrics : accuracy: 0.804 ; loss: 0.429
2018-10-21 22:09:54,172:INFO: - Found new best accuracy
2018-10-21 22:09:54,172:INFO: Epoch 10/30
2018-10-21 22:10:05,462:INFO: - Train metrics: accuracy: 0.812 ; loss: 0.411
2018-10-21 22:10:07,326:INFO: - Eval metrics : accuracy: 0.805 ; loss: 0.428
2018-10-21 22:10:07,371:INFO: - Found new best accuracy
2018-10-21 22:10:07,385:INFO: Epoch 11/30
2018-10-21 22:10:18,597:INFO: - Train metrics: accuracy: 0.812 ; loss: 0.408
2018-10-21 22:10:20,374:INFO: - Eval metrics : accuracy: 0.806 ; loss: 0.427
2018-10-21 22:10:20,413:INFO: - Found new best accuracy
2018-10-21 22:10:20,413:INFO: Epoch 12/30
2018-10-21 22:10:31,682:INFO: - Train metrics: accuracy: 0.816 ; loss: 0.405
2018-10-21 22:10:33,485:INFO: - Eval metrics : accuracy: 0.806 ; loss: 0.426
2018-10-21 22:10:33,525:INFO: - Found new best accuracy
2018-10-21 22:10:33,526:INFO: Epoch 13/30
2018-10-21 22:10:44,537:INFO: - Train metrics: accuracy: 0.815 ; loss: 0.404
2018-10-21 22:10:46,400:INFO: - Eval metrics : accuracy: 0.806 ; loss: 0.425
2018-10-21 22:10:46,442:INFO: - Found new best accuracy
2018-10-21 22:10:46,442:INFO: Epoch 14/30
2018-10-21 22:10:57,433:INFO: - Train metrics: accuracy: 0.816 ; loss: 0.404
2018-10-21 22:10:59,291:INFO: - Eval metrics : accuracy: 0.806 ; loss: 0.425
2018-10-21 22:10:59,330:INFO: Epoch 15/30
2018-10-21 22:11:10,317:INFO: - Train metrics: accuracy: 0.817 ; loss: 0.403
2018-10-21 22:11:12,042:INFO: - Eval metrics : accuracy: 0.806 ; loss: 0.425
2018-10-21 22:11:12,081:INFO: - Found new best accuracy
2018-10-21 22:11:12,082:INFO: Epoch 16/30
2018-10-21 22:11:23,014:INFO: - Train metrics: accuracy: 0.817 ; loss: 0.403
2018-10-21 22:11:24,813:INFO: - Eval metrics : accuracy: 0.806 ; loss: 0.425
2018-10-21 22:11:24,852:INFO: Epoch 17/30
2018-10-21 22:11:35,361:INFO: - Train metrics: accuracy: 0.817 ; loss: 0.403
2018-10-21 22:11:36,882:INFO: - Eval metrics : accuracy: 0.807 ; loss: 0.425
2018-10-21 22:11:36,920:INFO: - Found new best accuracy
2018-10-21 22:11:36,920:INFO: Epoch 18/30
2018-10-21 22:11:48,241:INFO: - Train metrics: accuracy: 0.819 ; loss: 0.403
2018-10-21 22:11:50,032:INFO: - Eval metrics : accuracy: 0.807 ; loss: 0.425
2018-10-21 22:11:50,061:INFO: - Found new best accuracy
2018-10-21 22:11:50,061:INFO: Epoch 19/30
2018-10-21 22:12:01,265:INFO: - Train metrics: accuracy: 0.818 ; loss: 0.403
2018-10-21 22:12:03,248:INFO: - Eval metrics : accuracy: 0.806 ; loss: 0.425
2018-10-21 22:12:03,287:INFO: Epoch 20/30
2018-10-21 22:12:14,032:INFO: - Train metrics: accuracy: 0.818 ; loss: 0.403
2018-10-21 22:12:15,815:INFO: - Eval metrics : accuracy: 0.807 ; loss: 0.425
2018-10-21 22:12:15,854:INFO: - Found new best accuracy
2018-10-21 22:12:15,854:INFO: Epoch 21/30
2018-10-21 22:12:26,348:INFO: - Train metrics: accuracy: 0.819 ; loss: 0.403
2018-10-21 22:12:28,150:INFO: - Eval metrics : accuracy: 0.807 ; loss: 0.425
2018-10-21 22:12:28,188:INFO: - Found new best accuracy
2018-10-21 22:12:28,188:INFO: Epoch 22/30
2018-10-21 22:12:39,416:INFO: - Train metrics: accuracy: 0.819 ; loss: 0.403
2018-10-21 22:12:41,268:INFO: - Eval metrics : accuracy: 0.807 ; loss: 0.425
2018-10-21 22:12:41,309:INFO: Epoch 23/30
2018-10-21 22:12:52,057:INFO: - Train metrics: accuracy: 0.819 ; loss: 0.403
2018-10-21 22:12:53,846:INFO: - Eval metrics : accuracy: 0.807 ; loss: 0.425
2018-10-21 22:12:53,885:INFO: Epoch 24/30
2018-10-21 22:13:05,095:INFO: - Train metrics: accuracy: 0.818 ; loss: 0.403
2018-10-21 22:13:06,878:INFO: - Eval metrics : accuracy: 0.807 ; loss: 0.425
2018-10-21 22:13:06,918:INFO: Epoch 25/30
2018-10-21 22:13:18,122:INFO: - Train metrics: accuracy: 0.817 ; loss: 0.403
2018-10-21 22:13:19,572:INFO: - Eval metrics : accuracy: 0.807 ; loss: 0.425
2018-10-21 22:13:19,616:INFO: Epoch 26/30
2018-10-21 22:13:30,885:INFO: - Train metrics: accuracy: 0.817 ; loss: 0.403
2018-10-21 22:13:32,688:INFO: - Eval metrics : accuracy: 0.807 ; loss: 0.425
2018-10-21 22:13:32,727:INFO: Epoch 27/30
2018-10-21 22:13:43,958:INFO: - Train metrics: accuracy: 0.816 ; loss: 0.403
2018-10-21 22:13:45,784:INFO: - Eval metrics : accuracy: 0.807 ; loss: 0.425
2018-10-21 22:13:45,824:INFO: Epoch 28/30
2018-10-21 22:13:57,186:INFO: - Train metrics: accuracy: 0.816 ; loss: 0.403
2018-10-21 22:13:59,017:INFO: - Eval metrics : accuracy: 0.807 ; loss: 0.425
2018-10-21 22:13:59,020:INFO: Epoch 29/30
2018-10-21 22:14:10,370:INFO: - Train metrics: accuracy: 0.816 ; loss: 0.403
2018-10-21 22:14:12,172:INFO: - Eval metrics : accuracy: 0.807 ; loss: 0.425
2018-10-21 22:14:12,203:INFO: Epoch 30/30
2018-10-21 22:14:23,504:INFO: - Train metrics: accuracy: 0.816 ; loss: 0.403
2018-10-21 22:14:25,300:INFO: - Eval metrics : accuracy: 0.807 ; loss: 0.425
2018-10-21 22:14:25,337:INFO: Total time (minutes) =6.5352816700935366
