2018-10-29 17:31:55,770:INFO: search_hyperparam_sample_name=top_qcd_jets_antikt_kt__40000_Njets_256_batch
2018-10-29 17:31:55,771:INFO: ------------------------------------------------------------
2018-10-29 17:31:55,771:INFO: Loading the datasets...
2018-10-29 17:31:56,872:INFO: - done loading the datasets
2018-10-29 17:31:56,872:INFO: ------------------------------------------------------------
2018-10-29 17:31:58,434:INFO: Building optimizer...
2018-10-29 17:31:58,435:INFO: Starting training for 30 epoch(s)
2018-10-29 17:31:58,435:INFO: Epoch 1/30
2018-10-29 17:32:05,439:INFO: - Train metrics: accuracy: 0.658 ; loss: 1.179
2018-10-29 17:32:06,682:INFO: - Eval metrics : accuracy: 0.759 ; loss: 0.490
2018-10-29 17:32:06,689:INFO: - Found new best accuracy
2018-10-29 17:32:06,690:INFO: Epoch 2/30
2018-10-29 17:32:13,397:INFO: - Train metrics: accuracy: 0.768 ; loss: 0.493
2018-10-29 17:32:14,763:INFO: - Eval metrics : accuracy: 0.773 ; loss: 0.467
2018-10-29 17:32:14,798:INFO: - Found new best accuracy
2018-10-29 17:32:14,799:INFO: Epoch 3/30
2018-10-29 17:32:21,613:INFO: - Train metrics: accuracy: 0.775 ; loss: 0.466
2018-10-29 17:32:23,142:INFO: - Eval metrics : accuracy: 0.780 ; loss: 0.454
2018-10-29 17:32:23,181:INFO: - Found new best accuracy
2018-10-29 17:32:23,182:INFO: Epoch 4/30
2018-10-29 17:32:29,880:INFO: - Train metrics: accuracy: 0.775 ; loss: 0.455
2018-10-29 17:32:31,187:INFO: - Eval metrics : accuracy: 0.787 ; loss: 0.439
2018-10-29 17:32:31,226:INFO: - Found new best accuracy
2018-10-29 17:32:31,226:INFO: Epoch 5/30
2018-10-29 17:32:37,723:INFO: - Train metrics: accuracy: 0.799 ; loss: 0.427
2018-10-29 17:32:39,226:INFO: - Eval metrics : accuracy: 0.793 ; loss: 0.432
2018-10-29 17:32:39,274:INFO: - Found new best accuracy
2018-10-29 17:32:39,275:INFO: Epoch 6/30
2018-10-29 17:32:45,892:INFO: - Train metrics: accuracy: 0.801 ; loss: 0.422
2018-10-29 17:32:47,133:INFO: - Eval metrics : accuracy: 0.794 ; loss: 0.431
2018-10-29 17:32:47,177:INFO: - Found new best accuracy
2018-10-29 17:32:47,178:INFO: Epoch 7/30
2018-10-29 17:32:53,747:INFO: - Train metrics: accuracy: 0.807 ; loss: 0.414
2018-10-29 17:32:55,019:INFO: - Eval metrics : accuracy: 0.791 ; loss: 0.432
2018-10-29 17:32:55,056:INFO: Epoch 8/30
2018-10-29 17:33:01,452:INFO: - Train metrics: accuracy: 0.814 ; loss: 0.410
2018-10-29 17:33:02,823:INFO: - Eval metrics : accuracy: 0.797 ; loss: 0.426
2018-10-29 17:33:02,852:INFO: - Found new best accuracy
2018-10-29 17:33:02,853:INFO: Epoch 9/30
2018-10-29 17:33:09,521:INFO: - Train metrics: accuracy: 0.816 ; loss: 0.408
2018-10-29 17:33:10,968:INFO: - Eval metrics : accuracy: 0.795 ; loss: 0.425
2018-10-29 17:33:11,005:INFO: Epoch 10/30
2018-10-29 17:33:17,535:INFO: - Train metrics: accuracy: 0.814 ; loss: 0.411
2018-10-29 17:33:18,809:INFO: - Eval metrics : accuracy: 0.796 ; loss: 0.424
2018-10-29 17:33:18,850:INFO: Epoch 11/30
2018-10-29 17:33:25,733:INFO: - Train metrics: accuracy: 0.818 ; loss: 0.412
2018-10-29 17:33:27,148:INFO: - Eval metrics : accuracy: 0.795 ; loss: 0.425
2018-10-29 17:33:27,186:INFO: Epoch 12/30
2018-10-29 17:33:33,606:INFO: - Train metrics: accuracy: 0.822 ; loss: 0.411
2018-10-29 17:33:34,921:INFO: - Eval metrics : accuracy: 0.795 ; loss: 0.424
2018-10-29 17:33:34,961:INFO: Epoch 13/30
2018-10-29 17:33:41,606:INFO: - Train metrics: accuracy: 0.820 ; loss: 0.409
2018-10-29 17:33:42,857:INFO: - Eval metrics : accuracy: 0.800 ; loss: 0.421
2018-10-29 17:33:42,885:INFO: - Found new best accuracy
2018-10-29 17:33:42,885:INFO: Epoch 14/30
2018-10-29 17:33:49,606:INFO: - Train metrics: accuracy: 0.814 ; loss: 0.406
2018-10-29 17:33:50,857:INFO: - Eval metrics : accuracy: 0.801 ; loss: 0.420
2018-10-29 17:33:50,888:INFO: - Found new best accuracy
2018-10-29 17:33:50,889:INFO: Epoch 15/30
2018-10-29 17:33:57,282:INFO: - Train metrics: accuracy: 0.816 ; loss: 0.405
2018-10-29 17:33:58,717:INFO: - Eval metrics : accuracy: 0.802 ; loss: 0.420
2018-10-29 17:33:58,750:INFO: - Found new best accuracy
2018-10-29 17:33:58,751:INFO: Epoch 16/30
2018-10-29 17:34:05,726:INFO: - Train metrics: accuracy: 0.822 ; loss: 0.404
2018-10-29 17:34:07,004:INFO: - Eval metrics : accuracy: 0.802 ; loss: 0.420
2018-10-29 17:34:07,042:INFO: - Found new best accuracy
2018-10-29 17:34:07,042:INFO: Epoch 17/30
2018-10-29 17:34:13,912:INFO: - Train metrics: accuracy: 0.822 ; loss: 0.403
2018-10-29 17:34:15,250:INFO: - Eval metrics : accuracy: 0.802 ; loss: 0.420
2018-10-29 17:34:15,287:INFO: Epoch 18/30
2018-10-29 17:34:21,839:INFO: - Train metrics: accuracy: 0.824 ; loss: 0.404
2018-10-29 17:34:23,168:INFO: - Eval metrics : accuracy: 0.802 ; loss: 0.420
2018-10-29 17:34:23,202:INFO: - Found new best accuracy
2018-10-29 17:34:23,203:INFO: Epoch 19/30
2018-10-29 17:34:29,807:INFO: - Train metrics: accuracy: 0.824 ; loss: 0.404
2018-10-29 17:34:31,259:INFO: - Eval metrics : accuracy: 0.803 ; loss: 0.420
2018-10-29 17:34:31,294:INFO: - Found new best accuracy
2018-10-29 17:34:31,295:INFO: Epoch 20/30
2018-10-29 17:34:38,485:INFO: - Train metrics: accuracy: 0.826 ; loss: 0.404
2018-10-29 17:34:39,859:INFO: - Eval metrics : accuracy: 0.803 ; loss: 0.419
2018-10-29 17:34:39,897:INFO: - Found new best accuracy
2018-10-29 17:34:39,897:INFO: Epoch 21/30
2018-10-29 17:34:46,880:INFO: - Train metrics: accuracy: 0.826 ; loss: 0.404
2018-10-29 17:34:48,149:INFO: - Eval metrics : accuracy: 0.803 ; loss: 0.419
2018-10-29 17:34:48,178:INFO: - Found new best accuracy
2018-10-29 17:34:48,179:INFO: Epoch 22/30
2018-10-29 17:34:54,764:INFO: - Train metrics: accuracy: 0.824 ; loss: 0.404
2018-10-29 17:34:56,046:INFO: - Eval metrics : accuracy: 0.803 ; loss: 0.419
2018-10-29 17:34:56,095:INFO: - Found new best accuracy
2018-10-29 17:34:56,096:INFO: Epoch 23/30
2018-10-29 17:35:02,435:INFO: - Train metrics: accuracy: 0.824 ; loss: 0.404
2018-10-29 17:35:03,662:INFO: - Eval metrics : accuracy: 0.803 ; loss: 0.419
2018-10-29 17:35:03,698:INFO: Epoch 24/30
2018-10-29 17:35:10,336:INFO: - Train metrics: accuracy: 0.824 ; loss: 0.404
2018-10-29 17:35:11,555:INFO: - Eval metrics : accuracy: 0.803 ; loss: 0.419
2018-10-29 17:35:11,589:INFO: Epoch 25/30
2018-10-29 17:35:18,104:INFO: - Train metrics: accuracy: 0.824 ; loss: 0.404
2018-10-29 17:35:19,373:INFO: - Eval metrics : accuracy: 0.802 ; loss: 0.419
2018-10-29 17:35:19,409:INFO: Epoch 26/30
2018-10-29 17:35:26,222:INFO: - Train metrics: accuracy: 0.824 ; loss: 0.404
2018-10-29 17:35:27,446:INFO: - Eval metrics : accuracy: 0.802 ; loss: 0.419
2018-10-29 17:35:27,479:INFO: Epoch 27/30
2018-10-29 17:35:34,623:INFO: - Train metrics: accuracy: 0.824 ; loss: 0.404
2018-10-29 17:35:35,902:INFO: - Eval metrics : accuracy: 0.802 ; loss: 0.419
2018-10-29 17:35:35,929:INFO: Epoch 28/30
2018-10-29 17:35:42,662:INFO: - Train metrics: accuracy: 0.824 ; loss: 0.404
2018-10-29 17:35:44,194:INFO: - Eval metrics : accuracy: 0.802 ; loss: 0.419
2018-10-29 17:35:44,232:INFO: Epoch 29/30
2018-10-29 17:35:51,531:INFO: - Train metrics: accuracy: 0.824 ; loss: 0.404
2018-10-29 17:35:52,751:INFO: - Eval metrics : accuracy: 0.802 ; loss: 0.419
2018-10-29 17:35:52,788:INFO: Epoch 30/30
2018-10-29 17:35:59,899:INFO: - Train metrics: accuracy: 0.824 ; loss: 0.404
2018-10-29 17:36:01,141:INFO: - Eval metrics : accuracy: 0.802 ; loss: 0.419
2018-10-29 17:36:01,175:INFO: Total time (minutes) =4.090075063705444
