2018-10-29 18:28:19,528:INFO: Loading the dataset ...
2018-10-29 18:28:19,777:INFO: - done.
2018-10-29 18:28:21,396:INFO: Starting evaluation
2018-10-29 18:28:23,132:INFO: Labels=[0. 0. 1. 0. 0. 0. 0. 1. 0. 1.]
2018-10-29 18:28:23,132:INFO: Out prob=[4.23681340e-04 8.58663917e-01 9.17604983e-01 8.11228871e-01
 5.46648741e-01 2.68257008e-06 8.51513236e-04 6.73770607e-01
 1.26405492e-01 8.78422976e-01]
2018-10-29 18:28:23,132:INFO: ------------------------------------------------------------------------------------------------------------------------
2018-10-29 18:28:23,132:INFO: len labels after =15872
2018-10-29 18:28:23,132:INFO: len out_prob after15872
2018-10-29 18:28:23,132:INFO: length y_test=15872
2018-10-29 18:28:23,132:INFO: Lenght y_score=15872
2018-10-29 18:28:23,137:INFO: Length y_score 15872
2018-10-29 18:28:23,137:INFO: Length y_test 15872
2018-10-29 18:28:23,137:INFO: Thresholds[0:6] = 
 [1.99476141 0.99476141 0.99343771 0.99003989 0.98903847 0.9886747 ]
2018-10-29 18:28:23,137:INFO: Thresholds lenght = 
15862
2018-10-29 18:28:23,137:INFO: fpr lenght15862
2018-10-29 18:28:23,137:INFO: tpr lenght15862
2018-10-29 18:28:23,200:INFO: ------------------------------------------------------------------------------------------------------------------------
2018-10-29 18:28:23,204:INFO: roc_auc=0.8894154273756585
2018-10-29 18:28:23,204:INFO: ------------------------------------------------------------------------------------------------------------------------
2018-10-29 18:28:23,204:INFO: - Eval metrics : accuracy: 0.80929 ; loss: 0.40745
