2018-10-29 18:23:33,745:INFO: search_hyperparam_sample_name=top_qcd_jets_antikt_kt__40000_Njets_256_batch
2018-10-29 18:23:33,746:INFO: ------------------------------------------------------------
2018-10-29 18:23:33,746:INFO: Loading the datasets...
2018-10-29 18:23:34,831:INFO: - done loading the datasets
2018-10-29 18:23:34,831:INFO: ------------------------------------------------------------
2018-10-29 18:23:36,653:INFO: Building optimizer...
2018-10-29 18:23:36,654:INFO: Starting training for 35 epoch(s)
2018-10-29 18:23:36,654:INFO: Epoch 1/35
2018-10-29 18:23:43,661:INFO: - Train metrics: accuracy: 0.658 ; loss: 1.182
2018-10-29 18:23:44,904:INFO: - Eval metrics : accuracy: 0.739 ; loss: 0.510
2018-10-29 18:23:44,914:INFO: - Found new best accuracy
2018-10-29 18:23:44,914:INFO: Epoch 2/35
2018-10-29 18:23:51,312:INFO: - Train metrics: accuracy: 0.777 ; loss: 0.486
2018-10-29 18:23:52,675:INFO: - Eval metrics : accuracy: 0.768 ; loss: 0.470
2018-10-29 18:23:52,678:INFO: - Found new best accuracy
2018-10-29 18:23:52,678:INFO: Epoch 3/35
2018-10-29 18:23:59,163:INFO: - Train metrics: accuracy: 0.799 ; loss: 0.440
2018-10-29 18:24:00,597:INFO: - Eval metrics : accuracy: 0.777 ; loss: 0.454
2018-10-29 18:24:00,599:INFO: - Found new best accuracy
2018-10-29 18:24:00,600:INFO: Epoch 4/35
2018-10-29 18:24:07,337:INFO: - Train metrics: accuracy: 0.814 ; loss: 0.419
2018-10-29 18:24:08,711:INFO: - Eval metrics : accuracy: 0.780 ; loss: 0.451
2018-10-29 18:24:08,749:INFO: - Found new best accuracy
2018-10-29 18:24:08,750:INFO: Epoch 5/35
2018-10-29 18:24:15,036:INFO: - Train metrics: accuracy: 0.818 ; loss: 0.417
2018-10-29 18:24:16,338:INFO: - Eval metrics : accuracy: 0.778 ; loss: 0.451
2018-10-29 18:24:16,340:INFO: Epoch 6/35
2018-10-29 18:24:22,824:INFO: - Train metrics: accuracy: 0.818 ; loss: 0.414
2018-10-29 18:24:24,301:INFO: - Eval metrics : accuracy: 0.792 ; loss: 0.435
2018-10-29 18:24:24,339:INFO: - Found new best accuracy
2018-10-29 18:24:24,340:INFO: Epoch 7/35
2018-10-29 18:24:30,790:INFO: - Train metrics: accuracy: 0.826 ; loss: 0.404
2018-10-29 18:24:32,114:INFO: - Eval metrics : accuracy: 0.791 ; loss: 0.436
2018-10-29 18:24:32,147:INFO: Epoch 8/35
2018-10-29 18:24:38,520:INFO: - Train metrics: accuracy: 0.822 ; loss: 0.408
2018-10-29 18:24:39,816:INFO: - Eval metrics : accuracy: 0.791 ; loss: 0.433
2018-10-29 18:24:39,859:INFO: Epoch 9/35
2018-10-29 18:24:46,898:INFO: - Train metrics: accuracy: 0.820 ; loss: 0.407
2018-10-29 18:24:48,445:INFO: - Eval metrics : accuracy: 0.796 ; loss: 0.428
2018-10-29 18:24:48,483:INFO: - Found new best accuracy
2018-10-29 18:24:48,484:INFO: Epoch 10/35
2018-10-29 18:24:55,030:INFO: - Train metrics: accuracy: 0.826 ; loss: 0.401
2018-10-29 18:24:56,256:INFO: - Eval metrics : accuracy: 0.798 ; loss: 0.425
2018-10-29 18:24:56,282:INFO: - Found new best accuracy
2018-10-29 18:24:56,282:INFO: Epoch 11/35
2018-10-29 18:25:03,511:INFO: - Train metrics: accuracy: 0.830 ; loss: 0.394
2018-10-29 18:25:04,818:INFO: - Eval metrics : accuracy: 0.801 ; loss: 0.420
2018-10-29 18:25:04,852:INFO: - Found new best accuracy
2018-10-29 18:25:04,852:INFO: Epoch 12/35
2018-10-29 18:25:11,614:INFO: - Train metrics: accuracy: 0.834 ; loss: 0.390
2018-10-29 18:25:13,011:INFO: - Eval metrics : accuracy: 0.800 ; loss: 0.419
2018-10-29 18:25:13,046:INFO: Epoch 13/35
2018-10-29 18:25:19,961:INFO: - Train metrics: accuracy: 0.836 ; loss: 0.385
2018-10-29 18:25:21,364:INFO: - Eval metrics : accuracy: 0.800 ; loss: 0.420
2018-10-29 18:25:21,391:INFO: Epoch 14/35
2018-10-29 18:25:27,982:INFO: - Train metrics: accuracy: 0.834 ; loss: 0.381
2018-10-29 18:25:29,420:INFO: - Eval metrics : accuracy: 0.800 ; loss: 0.419
2018-10-29 18:25:29,449:INFO: Epoch 15/35
2018-10-29 18:25:36,919:INFO: - Train metrics: accuracy: 0.834 ; loss: 0.379
2018-10-29 18:25:38,387:INFO: - Eval metrics : accuracy: 0.800 ; loss: 0.417
2018-10-29 18:25:38,414:INFO: Epoch 16/35
2018-10-29 18:25:45,244:INFO: - Train metrics: accuracy: 0.836 ; loss: 0.377
2018-10-29 18:25:46,674:INFO: - Eval metrics : accuracy: 0.802 ; loss: 0.415
2018-10-29 18:25:46,676:INFO: - Found new best accuracy
2018-10-29 18:25:46,677:INFO: Epoch 17/35
2018-10-29 18:25:53,168:INFO: - Train metrics: accuracy: 0.832 ; loss: 0.377
2018-10-29 18:25:54,604:INFO: - Eval metrics : accuracy: 0.802 ; loss: 0.412
2018-10-29 18:25:54,642:INFO: - Found new best accuracy
2018-10-29 18:25:54,643:INFO: Epoch 18/35
2018-10-29 18:26:01,365:INFO: - Train metrics: accuracy: 0.834 ; loss: 0.375
2018-10-29 18:26:02,800:INFO: - Eval metrics : accuracy: 0.802 ; loss: 0.411
2018-10-29 18:26:02,841:INFO: - Found new best accuracy
2018-10-29 18:26:02,841:INFO: Epoch 19/35
2018-10-29 18:26:09,122:INFO: - Train metrics: accuracy: 0.836 ; loss: 0.374
2018-10-29 18:26:10,391:INFO: - Eval metrics : accuracy: 0.802 ; loss: 0.410
2018-10-29 18:26:10,428:INFO: - Found new best accuracy
2018-10-29 18:26:10,428:INFO: Epoch 20/35
2018-10-29 18:26:16,754:INFO: - Train metrics: accuracy: 0.840 ; loss: 0.373
2018-10-29 18:26:18,345:INFO: - Eval metrics : accuracy: 0.803 ; loss: 0.409
2018-10-29 18:26:18,381:INFO: - Found new best accuracy
2018-10-29 18:26:18,382:INFO: Epoch 21/35
2018-10-29 18:26:24,779:INFO: - Train metrics: accuracy: 0.834 ; loss: 0.372
2018-10-29 18:26:26,057:INFO: - Eval metrics : accuracy: 0.804 ; loss: 0.408
2018-10-29 18:26:26,085:INFO: - Found new best accuracy
2018-10-29 18:26:26,085:INFO: Epoch 22/35
2018-10-29 18:26:32,330:INFO: - Train metrics: accuracy: 0.836 ; loss: 0.372
2018-10-29 18:26:33,840:INFO: - Eval metrics : accuracy: 0.804 ; loss: 0.408
2018-10-29 18:26:33,880:INFO: - Found new best accuracy
2018-10-29 18:26:33,881:INFO: Epoch 23/35
2018-10-29 18:26:40,447:INFO: - Train metrics: accuracy: 0.834 ; loss: 0.373
2018-10-29 18:26:41,930:INFO: - Eval metrics : accuracy: 0.804 ; loss: 0.408
2018-10-29 18:26:41,933:INFO: - Found new best accuracy
2018-10-29 18:26:41,934:INFO: Epoch 24/35
2018-10-29 18:26:48,553:INFO: - Train metrics: accuracy: 0.832 ; loss: 0.374
2018-10-29 18:26:50,135:INFO: - Eval metrics : accuracy: 0.805 ; loss: 0.409
2018-10-29 18:26:50,174:INFO: - Found new best accuracy
2018-10-29 18:26:50,175:INFO: Epoch 25/35
2018-10-29 18:26:57,335:INFO: - Train metrics: accuracy: 0.830 ; loss: 0.375
2018-10-29 18:26:58,746:INFO: - Eval metrics : accuracy: 0.806 ; loss: 0.408
2018-10-29 18:26:58,798:INFO: - Found new best accuracy
2018-10-29 18:26:58,798:INFO: Epoch 26/35
2018-10-29 18:27:05,218:INFO: - Train metrics: accuracy: 0.828 ; loss: 0.375
2018-10-29 18:27:06,947:INFO: - Eval metrics : accuracy: 0.806 ; loss: 0.408
2018-10-29 18:27:06,949:INFO: - Found new best accuracy
2018-10-29 18:27:06,950:INFO: Epoch 27/35
2018-10-29 18:27:13,299:INFO: - Train metrics: accuracy: 0.824 ; loss: 0.375
2018-10-29 18:27:14,671:INFO: - Eval metrics : accuracy: 0.806 ; loss: 0.408
2018-10-29 18:27:14,705:INFO: Epoch 28/35
2018-10-29 18:27:21,236:INFO: - Train metrics: accuracy: 0.824 ; loss: 0.375
2018-10-29 18:27:22,758:INFO: - Eval metrics : accuracy: 0.805 ; loss: 0.408
2018-10-29 18:27:22,800:INFO: Epoch 29/35
2018-10-29 18:27:30,035:INFO: - Train metrics: accuracy: 0.824 ; loss: 0.376
2018-10-29 18:27:31,249:INFO: - Eval metrics : accuracy: 0.804 ; loss: 0.409
2018-10-29 18:27:31,278:INFO: Epoch 30/35
2018-10-29 18:27:37,586:INFO: - Train metrics: accuracy: 0.822 ; loss: 0.377
2018-10-29 18:27:38,903:INFO: - Eval metrics : accuracy: 0.804 ; loss: 0.409
2018-10-29 18:27:38,936:INFO: Epoch 31/35
2018-10-29 18:27:45,449:INFO: - Train metrics: accuracy: 0.822 ; loss: 0.377
2018-10-29 18:27:46,647:INFO: - Eval metrics : accuracy: 0.805 ; loss: 0.408
2018-10-29 18:27:46,704:INFO: Epoch 32/35
2018-10-29 18:27:54,285:INFO: - Train metrics: accuracy: 0.824 ; loss: 0.376
2018-10-29 18:27:55,498:INFO: - Eval metrics : accuracy: 0.806 ; loss: 0.407
2018-10-29 18:27:55,500:INFO: Epoch 33/35
2018-10-29 18:28:00,992:INFO: - Train metrics: accuracy: 0.830 ; loss: 0.374
2018-10-29 18:28:02,327:INFO: - Eval metrics : accuracy: 0.806 ; loss: 0.405
2018-10-29 18:28:02,355:INFO: - Found new best accuracy
2018-10-29 18:28:02,356:INFO: Epoch 34/35
2018-10-29 18:28:08,846:INFO: - Train metrics: accuracy: 0.834 ; loss: 0.373
2018-10-29 18:28:10,243:INFO: - Eval metrics : accuracy: 0.807 ; loss: 0.405
2018-10-29 18:28:10,283:INFO: - Found new best accuracy
2018-10-29 18:28:10,284:INFO: Epoch 35/35
2018-10-29 18:28:16,536:INFO: - Train metrics: accuracy: 0.832 ; loss: 0.372
2018-10-29 18:28:17,750:INFO: - Eval metrics : accuracy: 0.808 ; loss: 0.405
2018-10-29 18:28:17,804:INFO: - Found new best accuracy
2018-10-29 18:28:17,805:INFO: Total time (minutes) =4.734329458077749
