2018-10-29 01:44:43,833:INFO: Loading the dataset ...
2018-10-29 01:44:44,195:INFO: - done.
2018-10-29 01:44:45,651:INFO: Starting evaluation
2018-10-29 01:45:34,717:INFO: Labels=[0. 0. 1. 0. 0. 0. 0. 1. 0. 1.]
2018-10-29 01:45:34,718:INFO: Out prob=[1.46201700e-01 2.57440478e-01 4.23085392e-01 5.88211775e-01
 8.36498618e-01 1.13170157e-04 5.25446981e-02 8.46283376e-01
 5.09644449e-01 8.63042533e-01]
2018-10-29 01:45:34,718:INFO: ------------------------------------------------------------------------------------------------------------------------
2018-10-29 01:45:34,718:INFO: len labels after =16000
2018-10-29 01:45:34,718:INFO: len out_prob after16000
2018-10-29 01:45:34,718:INFO: length y_test=16000
2018-10-29 01:45:34,718:INFO: Lenght y_score=16000
2018-10-29 01:45:34,721:INFO: Length y_score 16000
2018-10-29 01:45:34,721:INFO: Length y_test 16000
2018-10-29 01:45:34,721:INFO: Thresholds[0:6] = 
 [0.98784608 0.98629063 0.98616713 0.98605967 0.98514915 0.98452616]
2018-10-29 01:45:34,721:INFO: Thresholds lenght = 
15991
2018-10-29 01:45:34,721:INFO: fpr lenght15991
2018-10-29 01:45:34,721:INFO: tpr lenght15991
2018-10-29 01:45:34,767:INFO: ------------------------------------------------------------------------------------------------------------------------
2018-10-29 01:45:34,771:INFO: roc_auc=0.8763822636934729
2018-10-29 01:45:34,771:INFO: ------------------------------------------------------------------------------------------------------------------------
2018-10-29 01:45:34,772:INFO: - Eval metrics : accuracy: 0.80581 ; loss: 0.42614
