2018-10-28 23:41:58,303:INFO: sample_name=top_qcd_jets_antikt_kt__40000_Njets_128_batch
2018-10-28 23:41:58,304:INFO: ------------------------------------------------------------
2018-10-28 23:41:58,304:INFO: Loading the datasets...
2018-10-28 23:41:59,862:INFO: - done loading the datasets
2018-10-28 23:41:59,862:INFO: ------------------------------------------------------------
2018-10-28 23:42:01,269:INFO: Building optimizer...
2018-10-28 23:42:01,269:INFO: Starting training for 30 epoch(s)
2018-10-28 23:42:01,269:INFO: Epoch 1/30
2018-10-28 23:45:20,597:INFO: - Train metrics: accuracy: 0.516 ; loss: 0.731
2018-10-28 23:46:08,928:INFO: - Eval metrics : accuracy: 0.516 ; loss: 0.692
2018-10-28 23:46:08,938:INFO: - Found new best accuracy
2018-10-28 23:46:08,938:INFO: Epoch 2/30
2018-10-28 23:49:25,292:INFO: - Train metrics: accuracy: 0.607 ; loss: 0.650
2018-10-28 23:50:13,706:INFO: - Eval metrics : accuracy: 0.775 ; loss: 0.497
2018-10-28 23:50:13,745:INFO: - Found new best accuracy
2018-10-28 23:50:13,746:INFO: Epoch 3/30
2018-10-28 23:53:33,525:INFO: - Train metrics: accuracy: 0.794 ; loss: 0.491
2018-10-28 23:54:21,885:INFO: - Eval metrics : accuracy: 0.788 ; loss: 0.476
2018-10-28 23:54:21,926:INFO: - Found new best accuracy
2018-10-28 23:54:21,926:INFO: Epoch 4/30
2018-10-28 23:57:40,778:INFO: - Train metrics: accuracy: 0.812 ; loss: 0.440
2018-10-28 23:58:28,564:INFO: - Eval metrics : accuracy: 0.792 ; loss: 0.469
2018-10-28 23:58:28,599:INFO: - Found new best accuracy
2018-10-28 23:58:28,600:INFO: Epoch 5/30
2018-10-29 00:01:44,670:INFO: - Train metrics: accuracy: 0.815 ; loss: 0.412
2018-10-29 00:02:32,545:INFO: - Eval metrics : accuracy: 0.500 ; loss: 0.698
2018-10-29 00:02:32,582:INFO: Epoch 6/30
2018-10-29 00:05:46,092:INFO: - Train metrics: accuracy: 0.615 ; loss: 0.588
2018-10-29 00:06:35,305:INFO: - Eval metrics : accuracy: 0.575 ; loss: 0.686
2018-10-29 00:06:35,341:INFO: Epoch 7/30
2018-10-29 00:09:56,599:INFO: - Train metrics: accuracy: 0.693 ; loss: 0.590
2018-10-29 00:10:45,999:INFO: - Eval metrics : accuracy: 0.737 ; loss: 0.525
2018-10-29 00:10:46,037:INFO: Epoch 8/30
2018-10-29 00:14:05,646:INFO: - Train metrics: accuracy: 0.794 ; loss: 0.465
2018-10-29 00:14:55,187:INFO: - Eval metrics : accuracy: 0.750 ; loss: 0.497
2018-10-29 00:14:55,222:INFO: Epoch 9/30
2018-10-29 00:18:16,340:INFO: - Train metrics: accuracy: 0.792 ; loss: 0.458
2018-10-29 00:19:05,603:INFO: - Eval metrics : accuracy: 0.783 ; loss: 0.466
2018-10-29 00:19:05,640:INFO: Epoch 10/30
2018-10-29 00:22:26,180:INFO: - Train metrics: accuracy: 0.812 ; loss: 0.443
2018-10-29 00:23:15,964:INFO: - Eval metrics : accuracy: 0.793 ; loss: 0.453
2018-10-29 00:23:15,999:INFO: - Found new best accuracy
2018-10-29 00:23:16,000:INFO: Epoch 11/30
2018-10-29 00:26:33,404:INFO: - Train metrics: accuracy: 0.823 ; loss: 0.435
2018-10-29 00:27:21,675:INFO: - Eval metrics : accuracy: 0.795 ; loss: 0.447
2018-10-29 00:27:21,710:INFO: - Found new best accuracy
2018-10-29 00:27:21,710:INFO: Epoch 12/30
2018-10-29 00:30:38,633:INFO: - Train metrics: accuracy: 0.820 ; loss: 0.427
2018-10-29 00:31:27,258:INFO: - Eval metrics : accuracy: 0.796 ; loss: 0.446
2018-10-29 00:31:27,292:INFO: - Found new best accuracy
2018-10-29 00:31:27,292:INFO: Epoch 13/30
2018-10-29 00:34:42,214:INFO: - Train metrics: accuracy: 0.818 ; loss: 0.423
2018-10-29 00:35:30,911:INFO: - Eval metrics : accuracy: 0.798 ; loss: 0.443
2018-10-29 00:35:30,950:INFO: - Found new best accuracy
2018-10-29 00:35:30,950:INFO: Epoch 14/30
2018-10-29 00:38:50,252:INFO: - Train metrics: accuracy: 0.818 ; loss: 0.418
2018-10-29 00:39:38,561:INFO: - Eval metrics : accuracy: 0.800 ; loss: 0.440
2018-10-29 00:39:38,600:INFO: - Found new best accuracy
2018-10-29 00:39:38,601:INFO: Epoch 15/30
2018-10-29 00:42:57,697:INFO: - Train metrics: accuracy: 0.828 ; loss: 0.412
2018-10-29 00:43:47,073:INFO: - Eval metrics : accuracy: 0.801 ; loss: 0.438
2018-10-29 00:43:47,111:INFO: - Found new best accuracy
2018-10-29 00:43:47,111:INFO: Epoch 16/30
2018-10-29 00:47:03,412:INFO: - Train metrics: accuracy: 0.828 ; loss: 0.406
2018-10-29 00:47:52,172:INFO: - Eval metrics : accuracy: 0.801 ; loss: 0.436
2018-10-29 00:47:52,208:INFO: - Found new best accuracy
2018-10-29 00:47:52,208:INFO: Epoch 17/30
2018-10-29 00:51:09,597:INFO: - Train metrics: accuracy: 0.828 ; loss: 0.405
2018-10-29 00:51:58,275:INFO: - Eval metrics : accuracy: 0.802 ; loss: 0.435
2018-10-29 00:51:58,305:INFO: - Found new best accuracy
2018-10-29 00:51:58,305:INFO: Epoch 18/30
2018-10-29 00:55:14,305:INFO: - Train metrics: accuracy: 0.831 ; loss: 0.404
2018-10-29 00:56:02,806:INFO: - Eval metrics : accuracy: 0.802 ; loss: 0.433
2018-10-29 00:56:02,841:INFO: - Found new best accuracy
2018-10-29 00:56:02,842:INFO: Epoch 19/30
2018-10-29 00:59:21,233:INFO: - Train metrics: accuracy: 0.831 ; loss: 0.401
2018-10-29 01:00:10,289:INFO: - Eval metrics : accuracy: 0.803 ; loss: 0.433
2018-10-29 01:00:10,327:INFO: - Found new best accuracy
2018-10-29 01:00:10,327:INFO: Epoch 20/30
2018-10-29 01:03:26,026:INFO: - Train metrics: accuracy: 0.828 ; loss: 0.400
2018-10-29 01:04:14,361:INFO: - Eval metrics : accuracy: 0.803 ; loss: 0.431
2018-10-29 01:04:14,393:INFO: - Found new best accuracy
2018-10-29 01:04:14,394:INFO: Epoch 21/30
2018-10-29 01:07:33,754:INFO: - Train metrics: accuracy: 0.831 ; loss: 0.399
2018-10-29 01:08:22,665:INFO: - Eval metrics : accuracy: 0.803 ; loss: 0.431
2018-10-29 01:08:22,701:INFO: - Found new best accuracy
2018-10-29 01:08:22,701:INFO: Epoch 22/30
2018-10-29 01:11:35,319:INFO: - Train metrics: accuracy: 0.831 ; loss: 0.398
2018-10-29 01:12:23,862:INFO: - Eval metrics : accuracy: 0.804 ; loss: 0.430
2018-10-29 01:12:23,903:INFO: - Found new best accuracy
2018-10-29 01:12:23,903:INFO: Epoch 23/30
2018-10-29 01:15:39,299:INFO: - Train metrics: accuracy: 0.828 ; loss: 0.397
2018-10-29 01:16:27,717:INFO: - Eval metrics : accuracy: 0.804 ; loss: 0.429
2018-10-29 01:16:27,750:INFO: - Found new best accuracy
2018-10-29 01:16:27,750:INFO: Epoch 24/30
2018-10-29 01:19:44,299:INFO: - Train metrics: accuracy: 0.831 ; loss: 0.396
2018-10-29 01:20:32,344:INFO: - Eval metrics : accuracy: 0.805 ; loss: 0.428
2018-10-29 01:20:32,374:INFO: - Found new best accuracy
2018-10-29 01:20:32,374:INFO: Epoch 25/30
2018-10-29 01:23:51,182:INFO: - Train metrics: accuracy: 0.833 ; loss: 0.395
2018-10-29 01:24:39,139:INFO: - Eval metrics : accuracy: 0.805 ; loss: 0.428
2018-10-29 01:24:39,168:INFO: Epoch 26/30
2018-10-29 01:27:55,183:INFO: - Train metrics: accuracy: 0.831 ; loss: 0.393
2018-10-29 01:28:43,822:INFO: - Eval metrics : accuracy: 0.806 ; loss: 0.427
2018-10-29 01:28:43,859:INFO: - Found new best accuracy
2018-10-29 01:28:43,860:INFO: Epoch 27/30
2018-10-29 01:31:47,513:INFO: - Train metrics: accuracy: 0.833 ; loss: 0.392
2018-10-29 01:32:36,147:INFO: - Eval metrics : accuracy: 0.806 ; loss: 0.426
2018-10-29 01:32:36,178:INFO: Epoch 28/30
2018-10-29 01:35:43,390:INFO: - Train metrics: accuracy: 0.833 ; loss: 0.391
2018-10-29 01:36:32,101:INFO: - Eval metrics : accuracy: 0.805 ; loss: 0.426
2018-10-29 01:36:32,141:INFO: Epoch 29/30
2018-10-29 01:39:46,630:INFO: - Train metrics: accuracy: 0.833 ; loss: 0.391
2018-10-29 01:40:35,286:INFO: - Eval metrics : accuracy: 0.805 ; loss: 0.426
2018-10-29 01:40:35,325:INFO: Epoch 30/30
2018-10-29 01:43:52,447:INFO: - Train metrics: accuracy: 0.836 ; loss: 0.390
2018-10-29 01:44:42,051:INFO: - Eval metrics : accuracy: 0.805 ; loss: 0.425
2018-10-29 01:44:42,086:INFO: Total time (minutes) =122.72970980405807
