2018-10-29 18:03:56,330:INFO: search_hyperparam_sample_name=top_qcd_jets_antikt_kt__40000_Njets_1024_batch
2018-10-29 18:03:56,330:INFO: ------------------------------------------------------------
2018-10-29 18:03:56,330:INFO: Loading the datasets...
2018-10-29 18:03:57,362:INFO: - done loading the datasets
2018-10-29 18:03:57,362:INFO: ------------------------------------------------------------
2018-10-29 18:03:58,935:INFO: Building optimizer...
2018-10-29 18:03:58,935:INFO: Starting training for 30 epoch(s)
2018-10-29 18:03:58,935:INFO: Epoch 1/30
2018-10-29 18:04:02,100:INFO: - Train metrics: accuracy: 0.519 ; loss: 1.946
2018-10-29 18:04:02,632:INFO: - Eval metrics : accuracy: 0.637 ; loss: 0.626
2018-10-29 18:04:02,640:INFO: - Found new best accuracy
2018-10-29 18:04:02,640:INFO: Epoch 2/30
2018-10-29 18:04:05,252:INFO: - Train metrics: accuracy: 0.661 ; loss: 0.612
2018-10-29 18:04:05,837:INFO: - Eval metrics : accuracy: 0.692 ; loss: 0.575
2018-10-29 18:04:05,880:INFO: - Found new best accuracy
2018-10-29 18:04:05,880:INFO: Epoch 3/30
2018-10-29 18:04:08,694:INFO: - Train metrics: accuracy: 0.706 ; loss: 0.560
2018-10-29 18:04:09,341:INFO: - Eval metrics : accuracy: 0.727 ; loss: 0.540
2018-10-29 18:04:09,411:INFO: - Found new best accuracy
2018-10-29 18:04:09,412:INFO: Epoch 4/30
2018-10-29 18:04:11,911:INFO: - Train metrics: accuracy: 0.735 ; loss: 0.523
2018-10-29 18:04:12,419:INFO: - Eval metrics : accuracy: 0.737 ; loss: 0.523
2018-10-29 18:04:12,447:INFO: - Found new best accuracy
2018-10-29 18:04:12,447:INFO: Epoch 5/30
2018-10-29 18:04:14,999:INFO: - Train metrics: accuracy: 0.750 ; loss: 0.502
2018-10-29 18:04:15,445:INFO: - Eval metrics : accuracy: 0.745 ; loss: 0.515
2018-10-29 18:04:15,482:INFO: - Found new best accuracy
2018-10-29 18:04:15,483:INFO: Epoch 6/30
2018-10-29 18:04:18,141:INFO: - Train metrics: accuracy: 0.760 ; loss: 0.492
2018-10-29 18:04:18,660:INFO: - Eval metrics : accuracy: 0.750 ; loss: 0.510
2018-10-29 18:04:18,702:INFO: - Found new best accuracy
2018-10-29 18:04:18,702:INFO: Epoch 7/30
2018-10-29 18:04:20,982:INFO: - Train metrics: accuracy: 0.765 ; loss: 0.485
2018-10-29 18:04:21,477:INFO: - Eval metrics : accuracy: 0.750 ; loss: 0.506
2018-10-29 18:04:21,512:INFO: - Found new best accuracy
2018-10-29 18:04:21,512:INFO: Epoch 8/30
2018-10-29 18:04:23,889:INFO: - Train metrics: accuracy: 0.770 ; loss: 0.481
2018-10-29 18:04:24,423:INFO: - Eval metrics : accuracy: 0.751 ; loss: 0.505
2018-10-29 18:04:24,448:INFO: - Found new best accuracy
2018-10-29 18:04:24,449:INFO: Epoch 9/30
2018-10-29 18:04:26,842:INFO: - Train metrics: accuracy: 0.773 ; loss: 0.479
2018-10-29 18:04:27,271:INFO: - Eval metrics : accuracy: 0.751 ; loss: 0.503
2018-10-29 18:04:27,308:INFO: Epoch 10/30
2018-10-29 18:04:29,892:INFO: - Train metrics: accuracy: 0.776 ; loss: 0.478
2018-10-29 18:04:30,481:INFO: - Eval metrics : accuracy: 0.751 ; loss: 0.503
2018-10-29 18:04:30,519:INFO: Epoch 11/30
2018-10-29 18:04:32,991:INFO: - Train metrics: accuracy: 0.776 ; loss: 0.477
2018-10-29 18:04:33,539:INFO: - Eval metrics : accuracy: 0.752 ; loss: 0.502
2018-10-29 18:04:33,571:INFO: - Found new best accuracy
2018-10-29 18:04:33,571:INFO: Epoch 12/30
2018-10-29 18:04:35,948:INFO: - Train metrics: accuracy: 0.776 ; loss: 0.477
2018-10-29 18:04:36,377:INFO: - Eval metrics : accuracy: 0.752 ; loss: 0.502
2018-10-29 18:04:36,411:INFO: - Found new best accuracy
2018-10-29 18:04:36,412:INFO: Epoch 13/30
2018-10-29 18:04:38,995:INFO: - Train metrics: accuracy: 0.776 ; loss: 0.476
2018-10-29 18:04:39,514:INFO: - Eval metrics : accuracy: 0.752 ; loss: 0.501
2018-10-29 18:04:39,542:INFO: - Found new best accuracy
2018-10-29 18:04:39,543:INFO: Epoch 14/30
2018-10-29 18:04:42,048:INFO: - Train metrics: accuracy: 0.775 ; loss: 0.476
2018-10-29 18:04:42,568:INFO: - Eval metrics : accuracy: 0.753 ; loss: 0.501
2018-10-29 18:04:42,612:INFO: - Found new best accuracy
2018-10-29 18:04:42,613:INFO: Epoch 15/30
2018-10-29 18:04:44,908:INFO: - Train metrics: accuracy: 0.777 ; loss: 0.475
2018-10-29 18:04:45,439:INFO: - Eval metrics : accuracy: 0.753 ; loss: 0.501
2018-10-29 18:04:45,480:INFO: Epoch 16/30
2018-10-29 18:04:48,423:INFO: - Train metrics: accuracy: 0.776 ; loss: 0.475
2018-10-29 18:04:49,066:INFO: - Eval metrics : accuracy: 0.753 ; loss: 0.501
2018-10-29 18:04:49,103:INFO: Epoch 17/30
2018-10-29 18:04:51,585:INFO: - Train metrics: accuracy: 0.776 ; loss: 0.475
2018-10-29 18:04:52,056:INFO: - Eval metrics : accuracy: 0.753 ; loss: 0.501
2018-10-29 18:04:52,093:INFO: Epoch 18/30
2018-10-29 18:04:54,925:INFO: - Train metrics: accuracy: 0.776 ; loss: 0.475
2018-10-29 18:04:55,541:INFO: - Eval metrics : accuracy: 0.753 ; loss: 0.501
2018-10-29 18:04:55,579:INFO: Epoch 19/30
2018-10-29 18:04:58,359:INFO: - Train metrics: accuracy: 0.776 ; loss: 0.475
2018-10-29 18:04:58,963:INFO: - Eval metrics : accuracy: 0.753 ; loss: 0.501
2018-10-29 18:04:59,002:INFO: Epoch 20/30
2018-10-29 18:05:01,532:INFO: - Train metrics: accuracy: 0.776 ; loss: 0.475
2018-10-29 18:05:02,063:INFO: - Eval metrics : accuracy: 0.753 ; loss: 0.501
2018-10-29 18:05:02,100:INFO: Epoch 21/30
2018-10-29 18:05:04,697:INFO: - Train metrics: accuracy: 0.776 ; loss: 0.475
2018-10-29 18:05:05,241:INFO: - Eval metrics : accuracy: 0.753 ; loss: 0.501
2018-10-29 18:05:05,268:INFO: Epoch 22/30
2018-10-29 18:05:07,925:INFO: - Train metrics: accuracy: 0.776 ; loss: 0.475
2018-10-29 18:05:08,440:INFO: - Eval metrics : accuracy: 0.753 ; loss: 0.501
2018-10-29 18:05:08,479:INFO: Epoch 23/30
2018-10-29 18:05:11,081:INFO: - Train metrics: accuracy: 0.776 ; loss: 0.475
2018-10-29 18:05:11,606:INFO: - Eval metrics : accuracy: 0.753 ; loss: 0.501
2018-10-29 18:05:11,644:INFO: - Found new best accuracy
2018-10-29 18:05:11,645:INFO: Epoch 24/30
2018-10-29 18:05:14,309:INFO: - Train metrics: accuracy: 0.776 ; loss: 0.475
2018-10-29 18:05:14,860:INFO: - Eval metrics : accuracy: 0.753 ; loss: 0.501
2018-10-29 18:05:14,892:INFO: - Found new best accuracy
2018-10-29 18:05:14,893:INFO: Epoch 25/30
2018-10-29 18:05:17,549:INFO: - Train metrics: accuracy: 0.776 ; loss: 0.475
2018-10-29 18:05:18,087:INFO: - Eval metrics : accuracy: 0.753 ; loss: 0.501
2018-10-29 18:05:18,090:INFO: - Found new best accuracy
2018-10-29 18:05:18,090:INFO: Epoch 26/30
2018-10-29 18:05:20,724:INFO: - Train metrics: accuracy: 0.776 ; loss: 0.475
2018-10-29 18:05:21,361:INFO: - Eval metrics : accuracy: 0.753 ; loss: 0.501
2018-10-29 18:05:21,400:INFO: - Found new best accuracy
2018-10-29 18:05:21,401:INFO: Epoch 27/30
2018-10-29 18:05:23,996:INFO: - Train metrics: accuracy: 0.776 ; loss: 0.475
2018-10-29 18:05:24,529:INFO: - Eval metrics : accuracy: 0.753 ; loss: 0.501
2018-10-29 18:05:24,532:INFO: - Found new best accuracy
2018-10-29 18:05:24,532:INFO: Epoch 28/30
2018-10-29 18:05:27,240:INFO: - Train metrics: accuracy: 0.776 ; loss: 0.475
2018-10-29 18:05:27,790:INFO: - Eval metrics : accuracy: 0.753 ; loss: 0.501
2018-10-29 18:05:27,826:INFO: - Found new best accuracy
2018-10-29 18:05:27,826:INFO: Epoch 29/30
2018-10-29 18:05:30,306:INFO: - Train metrics: accuracy: 0.776 ; loss: 0.475
2018-10-29 18:05:30,874:INFO: - Eval metrics : accuracy: 0.753 ; loss: 0.501
2018-10-29 18:05:30,911:INFO: - Found new best accuracy
2018-10-29 18:05:30,911:INFO: Epoch 30/30
2018-10-29 18:05:33,609:INFO: - Train metrics: accuracy: 0.776 ; loss: 0.475
2018-10-29 18:05:34,178:INFO: - Eval metrics : accuracy: 0.753 ; loss: 0.501
2018-10-29 18:05:34,181:INFO: - Found new best accuracy
2018-10-29 18:05:34,181:INFO: Total time (minutes) =1.6308592240015665
