2018-10-29 18:31:17,316:INFO: Loading the dataset ...
2018-10-29 18:31:17,626:INFO: - done.
2018-10-29 18:31:19,341:INFO: Starting evaluation
2018-10-29 18:31:20,587:INFO: Labels=[0. 0. 1. 0. 0. 0. 0. 1. 0. 1.]
2018-10-29 18:31:20,587:INFO: Out prob=[4.03464946e-05 7.59746134e-01 9.14674699e-01 8.66648257e-01
 7.09083498e-01 6.74154208e-08 5.90762310e-03 7.58374393e-01
 3.46866883e-02 9.20113564e-01]
2018-10-29 18:31:20,587:INFO: ------------------------------------------------------------------------------------------------------------------------
2018-10-29 18:31:20,587:INFO: len labels after =15872
2018-10-29 18:31:20,587:INFO: len out_prob after15872
2018-10-29 18:31:20,587:INFO: length y_test=15872
2018-10-29 18:31:20,587:INFO: Lenght y_score=15872
2018-10-29 18:31:20,590:INFO: Length y_score 15872
2018-10-29 18:31:20,590:INFO: Length y_test 15872
2018-10-29 18:31:20,591:INFO: Thresholds[0:6] = 
 [0.97407794 0.97362399 0.97317725 0.97304869 0.97268236 0.97230959]
2018-10-29 18:31:20,591:INFO: Thresholds lenght = 
15858
2018-10-29 18:31:20,591:INFO: fpr lenght15858
2018-10-29 18:31:20,591:INFO: tpr lenght15858
2018-10-29 18:31:20,637:INFO: ------------------------------------------------------------------------------------------------------------------------
2018-10-29 18:31:20,641:INFO: roc_auc=0.8857596612745715
2018-10-29 18:31:20,641:INFO: ------------------------------------------------------------------------------------------------------------------------
2018-10-29 18:31:20,642:INFO: - Eval metrics : accuracy: 0.80141 ; loss: 0.41227
