2018-10-29 16:53:03,836:INFO: Loading the dataset ...
2018-10-29 16:53:04,128:INFO: - done.
2018-10-29 16:53:05,820:INFO: Starting evaluation
2018-10-29 16:53:10,362:INFO: Labels=[0. 0. 1. 0. 0. 0. 0. 1. 0. 1.]
2018-10-29 16:53:10,363:INFO: Out prob=[2.87107196e-06 8.63095224e-01 9.24219072e-01 8.21694613e-01
 6.39150441e-01 9.80804415e-08 1.82510552e-03 7.15424836e-01
 1.28747463e-01 8.78167570e-01]
2018-10-29 16:53:10,363:INFO: ------------------------------------------------------------------------------------------------------------------------
2018-10-29 16:53:10,363:INFO: len labels after =16000
2018-10-29 16:53:10,363:INFO: len out_prob after16000
2018-10-29 16:53:10,363:INFO: length y_test=16000
2018-10-29 16:53:10,363:INFO: Lenght y_score=16000
2018-10-29 16:53:10,366:INFO: Length y_score 16000
2018-10-29 16:53:10,366:INFO: Length y_test 16000
2018-10-29 16:53:10,366:INFO: Thresholds[0:6] = 
 [0.98996234 0.9894861  0.98811066 0.98799396 0.98737794 0.98732811]
2018-10-29 16:53:10,366:INFO: Thresholds lenght = 
15990
2018-10-29 16:53:10,366:INFO: fpr lenght15990
2018-10-29 16:53:10,366:INFO: tpr lenght15990
2018-10-29 16:53:10,453:INFO: ------------------------------------------------------------------------------------------------------------------------
2018-10-29 16:53:10,457:INFO: roc_auc=0.8945203108518799
2018-10-29 16:53:10,457:INFO: ------------------------------------------------------------------------------------------------------------------------
2018-10-29 16:53:10,457:INFO: - Eval metrics : accuracy: 0.81375 ; loss: 0.39772
