2018-11-01 00:31:16,404:INFO: search_hyperparam_sample_name=top_qcd_jets_antikt_kt__80000_Njets_128_batch6_features
2018-11-01 00:31:16,406:INFO: Number of jet files for ttbar=200
2018-11-01 00:31:16,406:INFO: Loading ttbar jet files... 
2018-11-01 00:31:16,406:INFO: ttbar files list = ['tree_httv2_ttbar_DelphesPythia8_nompi_0.dat', 'tree_httv2_ttbar_DelphesPythia8_nompi_1.dat', 'tree_httv2_ttbar_DelphesPythia8_nompi_10.dat', 'tree_httv2_ttbar_DelphesPythia8_nompi_100.dat', 'tree_httv2_ttbar_DelphesPythia8_nompi_101.dat', 'tree_httv2_ttbar_DelphesPythia8_nompi_102.dat', 'tree_httv2_ttbar_DelphesPythia8_nompi_103.dat', 'tree_httv2_ttbar_DelphesPythia8_nompi_104.dat', 'tree_httv2_ttbar_DelphesPythia8_nompi_105.dat', 'tree_httv2_ttbar_DelphesPythia8_nompi_106.dat', 'tree_httv2_ttbar_DelphesPythia8_nompi_107.dat', 'tree_httv2_ttbar_DelphesPythia8_nompi_108.dat', 'tree_httv2_ttbar_DelphesPythia8_nompi_109.dat', 'tree_httv2_ttbar_DelphesPythia8_nompi_11.dat', 'tree_httv2_ttbar_DelphesPythia8_nompi_110.dat', 'tree_httv2_ttbar_DelphesPythia8_nompi_111.dat', 'tree_httv2_ttbar_DelphesPythia8_nompi_112.dat', 'tree_httv2_ttbar_DelphesPythia8_nompi_113.dat', 'tree_httv2_ttbar_DelphesPythia8_nompi_114.dat', 'tree_httv2_ttbar_DelphesPythia8_nompi_115.dat', 'tree_httv2_ttbar_DelphesPythia8_nompi_116.dat', 'tree_httv2_ttbar_DelphesPythia8_nompi_117.dat', 'tree_httv2_ttbar_DelphesPythia8_nompi_118.dat', 'tree_httv2_ttbar_DelphesPythia8_nompi_119.dat', 'tree_httv2_ttbar_DelphesPythia8_nompi_12.dat', 'tree_httv2_ttbar_DelphesPythia8_nompi_120.dat', 'tree_httv2_ttbar_DelphesPythia8_nompi_121.dat', 'tree_httv2_ttbar_DelphesPythia8_nompi_122.dat', 'tree_httv2_ttbar_DelphesPythia8_nompi_123.dat', 'tree_httv2_ttbar_DelphesPythia8_nompi_124.dat', 'tree_httv2_ttbar_DelphesPythia8_nompi_125.dat', 'tree_httv2_ttbar_DelphesPythia8_nompi_126.dat', 'tree_httv2_ttbar_DelphesPythia8_nompi_127.dat', 'tree_httv2_ttbar_DelphesPythia8_nompi_128.dat', 'tree_httv2_ttbar_DelphesPythia8_nompi_129.dat', 'tree_httv2_ttbar_DelphesPythia8_nompi_13.dat', 'tree_httv2_ttbar_DelphesPythia8_nompi_130.dat', 'tree_httv2_ttbar_DelphesPythia8_nompi_131.dat', 'tree_httv2_ttbar_DelphesPythia8_nompi_132.dat', 'tree_httv2_ttbar_DelphesPythia8_nompi_133.dat', 'tree_httv2_ttbar_DelphesPythia8_nompi_134.dat', 'tree_httv2_ttbar_DelphesPythia8_nompi_135.dat', 'tree_httv2_ttbar_DelphesPythia8_nompi_136.dat', 'tree_httv2_ttbar_DelphesPythia8_nompi_137.dat', 'tree_httv2_ttbar_DelphesPythia8_nompi_138.dat', 'tree_httv2_ttbar_DelphesPythia8_nompi_139.dat', 'tree_httv2_ttbar_DelphesPythia8_nompi_14.dat', 'tree_httv2_ttbar_DelphesPythia8_nompi_140.dat', 'tree_httv2_ttbar_DelphesPythia8_nompi_141.dat', 'tree_httv2_ttbar_DelphesPythia8_nompi_142.dat', 'tree_httv2_ttbar_DelphesPythia8_nompi_143.dat', 'tree_httv2_ttbar_DelphesPythia8_nompi_144.dat', 'tree_httv2_ttbar_DelphesPythia8_nompi_145.dat', 'tree_httv2_ttbar_DelphesPythia8_nompi_146.dat', 'tree_httv2_ttbar_DelphesPythia8_nompi_147.dat', 'tree_httv2_ttbar_DelphesPythia8_nompi_148.dat', 'tree_httv2_ttbar_DelphesPythia8_nompi_149.dat', 'tree_httv2_ttbar_DelphesPythia8_nompi_15.dat', 'tree_httv2_ttbar_DelphesPythia8_nompi_150.dat', 'tree_httv2_ttbar_DelphesPythia8_nompi_151.dat', 'tree_httv2_ttbar_DelphesPythia8_nompi_152.dat', 'tree_httv2_ttbar_DelphesPythia8_nompi_153.dat', 'tree_httv2_ttbar_DelphesPythia8_nompi_154.dat', 'tree_httv2_ttbar_DelphesPythia8_nompi_155.dat', 'tree_httv2_ttbar_DelphesPythia8_nompi_156.dat', 'tree_httv2_ttbar_DelphesPythia8_nompi_157.dat', 'tree_httv2_ttbar_DelphesPythia8_nompi_158.dat', 'tree_httv2_ttbar_DelphesPythia8_nompi_159.dat', 'tree_httv2_ttbar_DelphesPythia8_nompi_16.dat', 'tree_httv2_ttbar_DelphesPythia8_nompi_160.dat', 'tree_httv2_ttbar_DelphesPythia8_nompi_161.dat', 'tree_httv2_ttbar_DelphesPythia8_nompi_162.dat', 'tree_httv2_ttbar_DelphesPythia8_nompi_163.dat', 'tree_httv2_ttbar_DelphesPythia8_nompi_164.dat', 'tree_httv2_ttbar_DelphesPythia8_nompi_165.dat', 'tree_httv2_ttbar_DelphesPythia8_nompi_166.dat', 'tree_httv2_ttbar_DelphesPythia8_nompi_167.dat', 'tree_httv2_ttbar_DelphesPythia8_nompi_168.dat', 'tree_httv2_ttbar_DelphesPythia8_nompi_169.dat', 'tree_httv2_ttbar_DelphesPythia8_nompi_17.dat', 'tree_httv2_ttbar_DelphesPythia8_nompi_170.dat', 'tree_httv2_ttbar_DelphesPythia8_nompi_171.dat', 'tree_httv2_ttbar_DelphesPythia8_nompi_172.dat', 'tree_httv2_ttbar_DelphesPythia8_nompi_173.dat', 'tree_httv2_ttbar_DelphesPythia8_nompi_174.dat', 'tree_httv2_ttbar_DelphesPythia8_nompi_175.dat', 'tree_httv2_ttbar_DelphesPythia8_nompi_176.dat', 'tree_httv2_ttbar_DelphesPythia8_nompi_177.dat', 'tree_httv2_ttbar_DelphesPythia8_nompi_178.dat', 'tree_httv2_ttbar_DelphesPythia8_nompi_179.dat', 'tree_httv2_ttbar_DelphesPythia8_nompi_18.dat', 'tree_httv2_ttbar_DelphesPythia8_nompi_180.dat', 'tree_httv2_ttbar_DelphesPythia8_nompi_181.dat', 'tree_httv2_ttbar_DelphesPythia8_nompi_182.dat', 'tree_httv2_ttbar_DelphesPythia8_nompi_183.dat', 'tree_httv2_ttbar_DelphesPythia8_nompi_184.dat', 'tree_httv2_ttbar_DelphesPythia8_nompi_185.dat', 'tree_httv2_ttbar_DelphesPythia8_nompi_186.dat', 'tree_httv2_ttbar_DelphesPythia8_nompi_187.dat', 'tree_httv2_ttbar_DelphesPythia8_nompi_188.dat', 'tree_httv2_ttbar_DelphesPythia8_nompi_189.dat', 'tree_httv2_ttbar_DelphesPythia8_nompi_19.dat', 'tree_httv2_ttbar_DelphesPythia8_nompi_190.dat', 'tree_httv2_ttbar_DelphesPythia8_nompi_191.dat', 'tree_httv2_ttbar_DelphesPythia8_nompi_192.dat', 'tree_httv2_ttbar_DelphesPythia8_nompi_193.dat', 'tree_httv2_ttbar_DelphesPythia8_nompi_194.dat', 'tree_httv2_ttbar_DelphesPythia8_nompi_195.dat', 'tree_httv2_ttbar_DelphesPythia8_nompi_196.dat', 'tree_httv2_ttbar_DelphesPythia8_nompi_197.dat', 'tree_httv2_ttbar_DelphesPythia8_nompi_198.dat', 'tree_httv2_ttbar_DelphesPythia8_nompi_199.dat', 'tree_httv2_ttbar_DelphesPythia8_nompi_2.dat', 'tree_httv2_ttbar_DelphesPythia8_nompi_20.dat', 'tree_httv2_ttbar_DelphesPythia8_nompi_21.dat', 'tree_httv2_ttbar_DelphesPythia8_nompi_22.dat', 'tree_httv2_ttbar_DelphesPythia8_nompi_23.dat', 'tree_httv2_ttbar_DelphesPythia8_nompi_24.dat', 'tree_httv2_ttbar_DelphesPythia8_nompi_25.dat', 'tree_httv2_ttbar_DelphesPythia8_nompi_26.dat', 'tree_httv2_ttbar_DelphesPythia8_nompi_27.dat', 'tree_httv2_ttbar_DelphesPythia8_nompi_28.dat', 'tree_httv2_ttbar_DelphesPythia8_nompi_29.dat', 'tree_httv2_ttbar_DelphesPythia8_nompi_3.dat', 'tree_httv2_ttbar_DelphesPythia8_nompi_30.dat', 'tree_httv2_ttbar_DelphesPythia8_nompi_31.dat', 'tree_httv2_ttbar_DelphesPythia8_nompi_32.dat', 'tree_httv2_ttbar_DelphesPythia8_nompi_33.dat', 'tree_httv2_ttbar_DelphesPythia8_nompi_34.dat', 'tree_httv2_ttbar_DelphesPythia8_nompi_35.dat', 'tree_httv2_ttbar_DelphesPythia8_nompi_36.dat', 'tree_httv2_ttbar_DelphesPythia8_nompi_37.dat', 'tree_httv2_ttbar_DelphesPythia8_nompi_38.dat', 'tree_httv2_ttbar_DelphesPythia8_nompi_39.dat', 'tree_httv2_ttbar_DelphesPythia8_nompi_4.dat', 'tree_httv2_ttbar_DelphesPythia8_nompi_40.dat', 'tree_httv2_ttbar_DelphesPythia8_nompi_41.dat', 'tree_httv2_ttbar_DelphesPythia8_nompi_42.dat', 'tree_httv2_ttbar_DelphesPythia8_nompi_43.dat', 'tree_httv2_ttbar_DelphesPythia8_nompi_44.dat', 'tree_httv2_ttbar_DelphesPythia8_nompi_45.dat', 'tree_httv2_ttbar_DelphesPythia8_nompi_46.dat', 'tree_httv2_ttbar_DelphesPythia8_nompi_47.dat', 'tree_httv2_ttbar_DelphesPythia8_nompi_48.dat', 'tree_httv2_ttbar_DelphesPythia8_nompi_49.dat', 'tree_httv2_ttbar_DelphesPythia8_nompi_5.dat', 'tree_httv2_ttbar_DelphesPythia8_nompi_50.dat', 'tree_httv2_ttbar_DelphesPythia8_nompi_51.dat', 'tree_httv2_ttbar_DelphesPythia8_nompi_52.dat', 'tree_httv2_ttbar_DelphesPythia8_nompi_53.dat', 'tree_httv2_ttbar_DelphesPythia8_nompi_54.dat', 'tree_httv2_ttbar_DelphesPythia8_nompi_55.dat', 'tree_httv2_ttbar_DelphesPythia8_nompi_56.dat', 'tree_httv2_ttbar_DelphesPythia8_nompi_57.dat', 'tree_httv2_ttbar_DelphesPythia8_nompi_58.dat', 'tree_httv2_ttbar_DelphesPythia8_nompi_59.dat', 'tree_httv2_ttbar_DelphesPythia8_nompi_6.dat', 'tree_httv2_ttbar_DelphesPythia8_nompi_60.dat', 'tree_httv2_ttbar_DelphesPythia8_nompi_61.dat', 'tree_httv2_ttbar_DelphesPythia8_nompi_62.dat', 'tree_httv2_ttbar_DelphesPythia8_nompi_63.dat', 'tree_httv2_ttbar_DelphesPythia8_nompi_64.dat', 'tree_httv2_ttbar_DelphesPythia8_nompi_65.dat', 'tree_httv2_ttbar_DelphesPythia8_nompi_66.dat', 'tree_httv2_ttbar_DelphesPythia8_nompi_67.dat', 'tree_httv2_ttbar_DelphesPythia8_nompi_68.dat', 'tree_httv2_ttbar_DelphesPythia8_nompi_69.dat', 'tree_httv2_ttbar_DelphesPythia8_nompi_7.dat', 'tree_httv2_ttbar_DelphesPythia8_nompi_70.dat', 'tree_httv2_ttbar_DelphesPythia8_nompi_71.dat', 'tree_httv2_ttbar_DelphesPythia8_nompi_72.dat', 'tree_httv2_ttbar_DelphesPythia8_nompi_73.dat', 'tree_httv2_ttbar_DelphesPythia8_nompi_74.dat', 'tree_httv2_ttbar_DelphesPythia8_nompi_75.dat', 'tree_httv2_ttbar_DelphesPythia8_nompi_76.dat', 'tree_httv2_ttbar_DelphesPythia8_nompi_77.dat', 'tree_httv2_ttbar_DelphesPythia8_nompi_78.dat', 'tree_httv2_ttbar_DelphesPythia8_nompi_79.dat', 'tree_httv2_ttbar_DelphesPythia8_nompi_8.dat', 'tree_httv2_ttbar_DelphesPythia8_nompi_80.dat', 'tree_httv2_ttbar_DelphesPythia8_nompi_81.dat', 'tree_httv2_ttbar_DelphesPythia8_nompi_82.dat', 'tree_httv2_ttbar_DelphesPythia8_nompi_83.dat', 'tree_httv2_ttbar_DelphesPythia8_nompi_84.dat', 'tree_httv2_ttbar_DelphesPythia8_nompi_85.dat', 'tree_httv2_ttbar_DelphesPythia8_nompi_86.dat', 'tree_httv2_ttbar_DelphesPythia8_nompi_87.dat', 'tree_httv2_ttbar_DelphesPythia8_nompi_88.dat', 'tree_httv2_ttbar_DelphesPythia8_nompi_89.dat', 'tree_httv2_ttbar_DelphesPythia8_nompi_9.dat', 'tree_httv2_ttbar_DelphesPythia8_nompi_90.dat', 'tree_httv2_ttbar_DelphesPythia8_nompi_91.dat', 'tree_httv2_ttbar_DelphesPythia8_nompi_92.dat', 'tree_httv2_ttbar_DelphesPythia8_nompi_93.dat', 'tree_httv2_ttbar_DelphesPythia8_nompi_94.dat', 'tree_httv2_ttbar_DelphesPythia8_nompi_95.dat', 'tree_httv2_ttbar_DelphesPythia8_nompi_96.dat', 'tree_httv2_ttbar_DelphesPythia8_nompi_97.dat', 'tree_httv2_ttbar_DelphesPythia8_nompi_98.dat', 'tree_httv2_ttbar_DelphesPythia8_nompi_99.dat']
2018-11-01 00:31:18,187:INFO: Ntotjets=10000
2018-11-01 00:31:19,772:INFO: Ntotjets=20000
2018-11-01 00:31:21,356:INFO: Ntotjets=30000
2018-11-01 00:31:22,958:INFO: Ntotjets=40000
2018-11-01 00:31:24,545:INFO: Ntotjets=50000
2018-11-01 00:31:26,134:INFO: Ntotjets=60000
2018-11-01 00:31:27,777:INFO: Ntotjets=70000
2018-11-01 00:31:29,365:INFO: Ntotjets=80000
2018-11-01 00:31:29,366:INFO: Number of jet files for qcd=200
2018-11-01 00:31:29,366:INFO: Loading qcd jet files... 
2018-11-01 00:31:29,366:INFO: qcd files list = ['tree_httv2_qcd_DelphesPythia8_nompi_0.dat', 'tree_httv2_qcd_DelphesPythia8_nompi_1.dat', 'tree_httv2_qcd_DelphesPythia8_nompi_10.dat', 'tree_httv2_qcd_DelphesPythia8_nompi_100.dat', 'tree_httv2_qcd_DelphesPythia8_nompi_101.dat', 'tree_httv2_qcd_DelphesPythia8_nompi_102.dat', 'tree_httv2_qcd_DelphesPythia8_nompi_103.dat', 'tree_httv2_qcd_DelphesPythia8_nompi_104.dat', 'tree_httv2_qcd_DelphesPythia8_nompi_105.dat', 'tree_httv2_qcd_DelphesPythia8_nompi_106.dat', 'tree_httv2_qcd_DelphesPythia8_nompi_107.dat', 'tree_httv2_qcd_DelphesPythia8_nompi_108.dat', 'tree_httv2_qcd_DelphesPythia8_nompi_109.dat', 'tree_httv2_qcd_DelphesPythia8_nompi_11.dat', 'tree_httv2_qcd_DelphesPythia8_nompi_110.dat', 'tree_httv2_qcd_DelphesPythia8_nompi_111.dat', 'tree_httv2_qcd_DelphesPythia8_nompi_112.dat', 'tree_httv2_qcd_DelphesPythia8_nompi_113.dat', 'tree_httv2_qcd_DelphesPythia8_nompi_114.dat', 'tree_httv2_qcd_DelphesPythia8_nompi_115.dat', 'tree_httv2_qcd_DelphesPythia8_nompi_116.dat', 'tree_httv2_qcd_DelphesPythia8_nompi_117.dat', 'tree_httv2_qcd_DelphesPythia8_nompi_118.dat', 'tree_httv2_qcd_DelphesPythia8_nompi_119.dat', 'tree_httv2_qcd_DelphesPythia8_nompi_12.dat', 'tree_httv2_qcd_DelphesPythia8_nompi_120.dat', 'tree_httv2_qcd_DelphesPythia8_nompi_121.dat', 'tree_httv2_qcd_DelphesPythia8_nompi_122.dat', 'tree_httv2_qcd_DelphesPythia8_nompi_123.dat', 'tree_httv2_qcd_DelphesPythia8_nompi_124.dat', 'tree_httv2_qcd_DelphesPythia8_nompi_125.dat', 'tree_httv2_qcd_DelphesPythia8_nompi_126.dat', 'tree_httv2_qcd_DelphesPythia8_nompi_127.dat', 'tree_httv2_qcd_DelphesPythia8_nompi_128.dat', 'tree_httv2_qcd_DelphesPythia8_nompi_129.dat', 'tree_httv2_qcd_DelphesPythia8_nompi_13.dat', 'tree_httv2_qcd_DelphesPythia8_nompi_130.dat', 'tree_httv2_qcd_DelphesPythia8_nompi_131.dat', 'tree_httv2_qcd_DelphesPythia8_nompi_132.dat', 'tree_httv2_qcd_DelphesPythia8_nompi_133.dat', 'tree_httv2_qcd_DelphesPythia8_nompi_134.dat', 'tree_httv2_qcd_DelphesPythia8_nompi_135.dat', 'tree_httv2_qcd_DelphesPythia8_nompi_136.dat', 'tree_httv2_qcd_DelphesPythia8_nompi_137.dat', 'tree_httv2_qcd_DelphesPythia8_nompi_138.dat', 'tree_httv2_qcd_DelphesPythia8_nompi_139.dat', 'tree_httv2_qcd_DelphesPythia8_nompi_14.dat', 'tree_httv2_qcd_DelphesPythia8_nompi_140.dat', 'tree_httv2_qcd_DelphesPythia8_nompi_141.dat', 'tree_httv2_qcd_DelphesPythia8_nompi_142.dat', 'tree_httv2_qcd_DelphesPythia8_nompi_143.dat', 'tree_httv2_qcd_DelphesPythia8_nompi_144.dat', 'tree_httv2_qcd_DelphesPythia8_nompi_145.dat', 'tree_httv2_qcd_DelphesPythia8_nompi_146.dat', 'tree_httv2_qcd_DelphesPythia8_nompi_147.dat', 'tree_httv2_qcd_DelphesPythia8_nompi_148.dat', 'tree_httv2_qcd_DelphesPythia8_nompi_149.dat', 'tree_httv2_qcd_DelphesPythia8_nompi_15.dat', 'tree_httv2_qcd_DelphesPythia8_nompi_150.dat', 'tree_httv2_qcd_DelphesPythia8_nompi_151.dat', 'tree_httv2_qcd_DelphesPythia8_nompi_152.dat', 'tree_httv2_qcd_DelphesPythia8_nompi_153.dat', 'tree_httv2_qcd_DelphesPythia8_nompi_154.dat', 'tree_httv2_qcd_DelphesPythia8_nompi_155.dat', 'tree_httv2_qcd_DelphesPythia8_nompi_156.dat', 'tree_httv2_qcd_DelphesPythia8_nompi_157.dat', 'tree_httv2_qcd_DelphesPythia8_nompi_158.dat', 'tree_httv2_qcd_DelphesPythia8_nompi_159.dat', 'tree_httv2_qcd_DelphesPythia8_nompi_16.dat', 'tree_httv2_qcd_DelphesPythia8_nompi_160.dat', 'tree_httv2_qcd_DelphesPythia8_nompi_161.dat', 'tree_httv2_qcd_DelphesPythia8_nompi_162.dat', 'tree_httv2_qcd_DelphesPythia8_nompi_163.dat', 'tree_httv2_qcd_DelphesPythia8_nompi_164.dat', 'tree_httv2_qcd_DelphesPythia8_nompi_165.dat', 'tree_httv2_qcd_DelphesPythia8_nompi_166.dat', 'tree_httv2_qcd_DelphesPythia8_nompi_167.dat', 'tree_httv2_qcd_DelphesPythia8_nompi_168.dat', 'tree_httv2_qcd_DelphesPythia8_nompi_169.dat', 'tree_httv2_qcd_DelphesPythia8_nompi_17.dat', 'tree_httv2_qcd_DelphesPythia8_nompi_170.dat', 'tree_httv2_qcd_DelphesPythia8_nompi_171.dat', 'tree_httv2_qcd_DelphesPythia8_nompi_172.dat', 'tree_httv2_qcd_DelphesPythia8_nompi_173.dat', 'tree_httv2_qcd_DelphesPythia8_nompi_174.dat', 'tree_httv2_qcd_DelphesPythia8_nompi_175.dat', 'tree_httv2_qcd_DelphesPythia8_nompi_176.dat', 'tree_httv2_qcd_DelphesPythia8_nompi_177.dat', 'tree_httv2_qcd_DelphesPythia8_nompi_178.dat', 'tree_httv2_qcd_DelphesPythia8_nompi_179.dat', 'tree_httv2_qcd_DelphesPythia8_nompi_18.dat', 'tree_httv2_qcd_DelphesPythia8_nompi_180.dat', 'tree_httv2_qcd_DelphesPythia8_nompi_181.dat', 'tree_httv2_qcd_DelphesPythia8_nompi_182.dat', 'tree_httv2_qcd_DelphesPythia8_nompi_183.dat', 'tree_httv2_qcd_DelphesPythia8_nompi_184.dat', 'tree_httv2_qcd_DelphesPythia8_nompi_185.dat', 'tree_httv2_qcd_DelphesPythia8_nompi_186.dat', 'tree_httv2_qcd_DelphesPythia8_nompi_187.dat', 'tree_httv2_qcd_DelphesPythia8_nompi_188.dat', 'tree_httv2_qcd_DelphesPythia8_nompi_189.dat', 'tree_httv2_qcd_DelphesPythia8_nompi_19.dat', 'tree_httv2_qcd_DelphesPythia8_nompi_190.dat', 'tree_httv2_qcd_DelphesPythia8_nompi_191.dat', 'tree_httv2_qcd_DelphesPythia8_nompi_192.dat', 'tree_httv2_qcd_DelphesPythia8_nompi_193.dat', 'tree_httv2_qcd_DelphesPythia8_nompi_194.dat', 'tree_httv2_qcd_DelphesPythia8_nompi_195.dat', 'tree_httv2_qcd_DelphesPythia8_nompi_196.dat', 'tree_httv2_qcd_DelphesPythia8_nompi_197.dat', 'tree_httv2_qcd_DelphesPythia8_nompi_198.dat', 'tree_httv2_qcd_DelphesPythia8_nompi_199.dat', 'tree_httv2_qcd_DelphesPythia8_nompi_2.dat', 'tree_httv2_qcd_DelphesPythia8_nompi_20.dat', 'tree_httv2_qcd_DelphesPythia8_nompi_21.dat', 'tree_httv2_qcd_DelphesPythia8_nompi_22.dat', 'tree_httv2_qcd_DelphesPythia8_nompi_23.dat', 'tree_httv2_qcd_DelphesPythia8_nompi_24.dat', 'tree_httv2_qcd_DelphesPythia8_nompi_25.dat', 'tree_httv2_qcd_DelphesPythia8_nompi_26.dat', 'tree_httv2_qcd_DelphesPythia8_nompi_27.dat', 'tree_httv2_qcd_DelphesPythia8_nompi_28.dat', 'tree_httv2_qcd_DelphesPythia8_nompi_29.dat', 'tree_httv2_qcd_DelphesPythia8_nompi_3.dat', 'tree_httv2_qcd_DelphesPythia8_nompi_30.dat', 'tree_httv2_qcd_DelphesPythia8_nompi_31.dat', 'tree_httv2_qcd_DelphesPythia8_nompi_32.dat', 'tree_httv2_qcd_DelphesPythia8_nompi_33.dat', 'tree_httv2_qcd_DelphesPythia8_nompi_34.dat', 'tree_httv2_qcd_DelphesPythia8_nompi_35.dat', 'tree_httv2_qcd_DelphesPythia8_nompi_36.dat', 'tree_httv2_qcd_DelphesPythia8_nompi_37.dat', 'tree_httv2_qcd_DelphesPythia8_nompi_38.dat', 'tree_httv2_qcd_DelphesPythia8_nompi_39.dat', 'tree_httv2_qcd_DelphesPythia8_nompi_4.dat', 'tree_httv2_qcd_DelphesPythia8_nompi_40.dat', 'tree_httv2_qcd_DelphesPythia8_nompi_41.dat', 'tree_httv2_qcd_DelphesPythia8_nompi_42.dat', 'tree_httv2_qcd_DelphesPythia8_nompi_43.dat', 'tree_httv2_qcd_DelphesPythia8_nompi_44.dat', 'tree_httv2_qcd_DelphesPythia8_nompi_45.dat', 'tree_httv2_qcd_DelphesPythia8_nompi_46.dat', 'tree_httv2_qcd_DelphesPythia8_nompi_47.dat', 'tree_httv2_qcd_DelphesPythia8_nompi_48.dat', 'tree_httv2_qcd_DelphesPythia8_nompi_49.dat', 'tree_httv2_qcd_DelphesPythia8_nompi_5.dat', 'tree_httv2_qcd_DelphesPythia8_nompi_50.dat', 'tree_httv2_qcd_DelphesPythia8_nompi_51.dat', 'tree_httv2_qcd_DelphesPythia8_nompi_52.dat', 'tree_httv2_qcd_DelphesPythia8_nompi_53.dat', 'tree_httv2_qcd_DelphesPythia8_nompi_54.dat', 'tree_httv2_qcd_DelphesPythia8_nompi_55.dat', 'tree_httv2_qcd_DelphesPythia8_nompi_56.dat', 'tree_httv2_qcd_DelphesPythia8_nompi_57.dat', 'tree_httv2_qcd_DelphesPythia8_nompi_58.dat', 'tree_httv2_qcd_DelphesPythia8_nompi_59.dat', 'tree_httv2_qcd_DelphesPythia8_nompi_6.dat', 'tree_httv2_qcd_DelphesPythia8_nompi_60.dat', 'tree_httv2_qcd_DelphesPythia8_nompi_61.dat', 'tree_httv2_qcd_DelphesPythia8_nompi_62.dat', 'tree_httv2_qcd_DelphesPythia8_nompi_63.dat', 'tree_httv2_qcd_DelphesPythia8_nompi_64.dat', 'tree_httv2_qcd_DelphesPythia8_nompi_65.dat', 'tree_httv2_qcd_DelphesPythia8_nompi_66.dat', 'tree_httv2_qcd_DelphesPythia8_nompi_67.dat', 'tree_httv2_qcd_DelphesPythia8_nompi_68.dat', 'tree_httv2_qcd_DelphesPythia8_nompi_69.dat', 'tree_httv2_qcd_DelphesPythia8_nompi_7.dat', 'tree_httv2_qcd_DelphesPythia8_nompi_70.dat', 'tree_httv2_qcd_DelphesPythia8_nompi_71.dat', 'tree_httv2_qcd_DelphesPythia8_nompi_72.dat', 'tree_httv2_qcd_DelphesPythia8_nompi_73.dat', 'tree_httv2_qcd_DelphesPythia8_nompi_74.dat', 'tree_httv2_qcd_DelphesPythia8_nompi_75.dat', 'tree_httv2_qcd_DelphesPythia8_nompi_76.dat', 'tree_httv2_qcd_DelphesPythia8_nompi_77.dat', 'tree_httv2_qcd_DelphesPythia8_nompi_78.dat', 'tree_httv2_qcd_DelphesPythia8_nompi_79.dat', 'tree_httv2_qcd_DelphesPythia8_nompi_8.dat', 'tree_httv2_qcd_DelphesPythia8_nompi_80.dat', 'tree_httv2_qcd_DelphesPythia8_nompi_81.dat', 'tree_httv2_qcd_DelphesPythia8_nompi_82.dat', 'tree_httv2_qcd_DelphesPythia8_nompi_83.dat', 'tree_httv2_qcd_DelphesPythia8_nompi_84.dat', 'tree_httv2_qcd_DelphesPythia8_nompi_85.dat', 'tree_httv2_qcd_DelphesPythia8_nompi_86.dat', 'tree_httv2_qcd_DelphesPythia8_nompi_87.dat', 'tree_httv2_qcd_DelphesPythia8_nompi_88.dat', 'tree_httv2_qcd_DelphesPythia8_nompi_89.dat', 'tree_httv2_qcd_DelphesPythia8_nompi_9.dat', 'tree_httv2_qcd_DelphesPythia8_nompi_90.dat', 'tree_httv2_qcd_DelphesPythia8_nompi_91.dat', 'tree_httv2_qcd_DelphesPythia8_nompi_92.dat', 'tree_httv2_qcd_DelphesPythia8_nompi_93.dat', 'tree_httv2_qcd_DelphesPythia8_nompi_94.dat', 'tree_httv2_qcd_DelphesPythia8_nompi_95.dat', 'tree_httv2_qcd_DelphesPythia8_nompi_96.dat', 'tree_httv2_qcd_DelphesPythia8_nompi_97.dat', 'tree_httv2_qcd_DelphesPythia8_nompi_98.dat', 'tree_httv2_qcd_DelphesPythia8_nompi_99.dat']
2018-11-01 00:31:30,767:INFO: Ntotjets=10000
2018-11-01 00:31:32,161:INFO: Ntotjets=20000
2018-11-01 00:31:33,547:INFO: Ntotjets=30000
2018-11-01 00:31:34,946:INFO: Ntotjets=40000
2018-11-01 00:31:36,341:INFO: Ntotjets=50000
2018-11-01 00:31:37,721:INFO: Ntotjets=60000
2018-11-01 00:31:39,108:INFO: Ntotjets=70000
2018-11-01 00:31:40,489:INFO: Ntotjets=80000
2018-11-01 00:31:40,490:INFO: Tree generation time (minutes) =0.40142051776250204
2018-11-01 00:40:22,827:INFO: Splitting into train, validation and test datasets, and shuffling...
2018-11-01 00:40:39,201:INFO: Split sample time (minutes) =9.379947209358216
2018-11-01 00:40:39,201:INFO: Creating train batches ...
2018-11-01 00:40:42,099:INFO: Number of batches created=100
2018-11-01 00:40:44,942:INFO: Number of batches created=200
2018-11-01 00:40:47,774:INFO: Number of batches created=300
2018-11-01 00:40:50,622:INFO: Number of batches created=400
2018-11-01 00:40:53,480:INFO: Number of batches created=500
2018-11-01 00:40:56,320:INFO: Number of batches created=600
2018-11-01 00:40:59,161:INFO: Number of batches created=700
2018-11-01 00:41:00,595:INFO: Creating val batches ...
2018-11-01 00:41:03,459:INFO: Number of batches created=100
2018-11-01 00:41:06,297:INFO: Number of batches created=200
2018-11-01 00:41:07,721:INFO: Creating test batches ...
2018-11-01 00:41:10,613:INFO: Number of batches created=100
2018-11-01 00:41:13,479:INFO: Number of batches created=200
2018-11-01 00:41:14,913:INFO: Number of test_batches=250
2018-11-01 00:41:14,913:INFO: Batch generation time (minutes) =9.975148340066275
2018-11-01 00:41:14,913:INFO: Train and val batch size=128
2018-11-01 00:41:14,913:INFO: Number of train_batches=750
2018-11-01 00:41:14,913:INFO: Number of val_batches=250
2018-11-01 00:41:25,984:INFO: ------------------------------------------------------------
2018-11-01 00:41:25,984:INFO: Loading the datasets...
2018-11-01 00:41:27,826:INFO: - done loading the datasets
2018-11-01 00:41:27,826:INFO: ------------------------------------------------------------
2018-11-01 00:41:30,301:INFO: Building optimizer...
2018-11-01 00:41:30,302:INFO: Starting training for 40 epoch(s)
2018-11-01 00:41:30,302:INFO: Epoch 1/40
2018-11-01 00:41:51,835:INFO: - Train metrics: accuracy: 0.750 ; loss: 0.619
2018-11-01 00:41:56,129:INFO: - Eval metrics : accuracy: 0.787 ; loss: 0.442
2018-11-01 00:41:56,160:INFO: - Found new best accuracy
2018-11-01 00:41:56,160:INFO: Epoch 2/40
2018-11-01 00:42:17,179:INFO: - Train metrics: accuracy: 0.812 ; loss: 0.423
2018-11-01 00:42:21,293:INFO: - Eval metrics : accuracy: 0.789 ; loss: 0.437
2018-11-01 00:42:21,340:INFO: - Found new best accuracy
2018-11-01 00:42:21,341:INFO: Epoch 3/40
2018-11-01 00:42:40,542:INFO: - Train metrics: accuracy: 0.803 ; loss: 0.416
2018-11-01 00:42:44,710:INFO: - Eval metrics : accuracy: 0.802 ; loss: 0.419
2018-11-01 00:42:44,745:INFO: - Found new best accuracy
2018-11-01 00:42:44,745:INFO: Epoch 4/40
2018-11-01 00:43:03,867:INFO: - Train metrics: accuracy: 0.807 ; loss: 0.402
2018-11-01 00:43:07,991:INFO: - Eval metrics : accuracy: 0.803 ; loss: 0.418
2018-11-01 00:43:08,033:INFO: - Found new best accuracy
2018-11-01 00:43:08,034:INFO: Epoch 5/40
2018-11-01 00:43:28,341:INFO: - Train metrics: accuracy: 0.818 ; loss: 0.396
2018-11-01 00:43:32,521:INFO: - Eval metrics : accuracy: 0.811 ; loss: 0.404
2018-11-01 00:43:32,582:INFO: - Found new best accuracy
2018-11-01 00:43:32,582:INFO: Epoch 6/40
2018-11-01 00:43:52,049:INFO: - Train metrics: accuracy: 0.816 ; loss: 0.392
2018-11-01 00:43:56,173:INFO: - Eval metrics : accuracy: 0.811 ; loss: 0.403
2018-11-01 00:43:56,212:INFO: - Found new best accuracy
2018-11-01 00:43:56,212:INFO: Epoch 7/40
2018-11-01 00:44:15,575:INFO: - Train metrics: accuracy: 0.812 ; loss: 0.390
2018-11-01 00:44:19,790:INFO: - Eval metrics : accuracy: 0.812 ; loss: 0.401
2018-11-01 00:44:19,822:INFO: - Found new best accuracy
2018-11-01 00:44:19,823:INFO: Epoch 8/40
2018-11-01 00:44:39,475:INFO: - Train metrics: accuracy: 0.820 ; loss: 0.381
2018-11-01 00:44:43,595:INFO: - Eval metrics : accuracy: 0.815 ; loss: 0.397
2018-11-01 00:44:43,637:INFO: - Found new best accuracy
2018-11-01 00:44:43,638:INFO: Epoch 9/40
2018-11-01 00:45:03,589:INFO: - Train metrics: accuracy: 0.823 ; loss: 0.373
2018-11-01 00:45:07,761:INFO: - Eval metrics : accuracy: 0.822 ; loss: 0.386
2018-11-01 00:45:07,798:INFO: - Found new best accuracy
2018-11-01 00:45:07,798:INFO: Epoch 10/40
2018-11-01 00:45:27,368:INFO: - Train metrics: accuracy: 0.833 ; loss: 0.361
2018-11-01 00:45:31,503:INFO: - Eval metrics : accuracy: 0.821 ; loss: 0.385
2018-11-01 00:45:31,542:INFO: Epoch 11/40
2018-11-01 00:45:52,332:INFO: - Train metrics: accuracy: 0.854 ; loss: 0.326
2018-11-01 00:45:56,666:INFO: - Eval metrics : accuracy: 0.901 ; loss: 0.239
2018-11-01 00:45:56,728:INFO: - Found new best accuracy
2018-11-01 00:45:56,729:INFO: Epoch 12/40
2018-11-01 00:46:16,454:INFO: - Train metrics: accuracy: 0.915 ; loss: 0.213
2018-11-01 00:46:20,624:INFO: - Eval metrics : accuracy: 0.912 ; loss: 0.212
2018-11-01 00:46:20,627:INFO: - Found new best accuracy
2018-11-01 00:46:20,627:INFO: Epoch 13/40
2018-11-01 00:46:41,192:INFO: - Train metrics: accuracy: 0.919 ; loss: 0.199
2018-11-01 00:46:45,338:INFO: - Eval metrics : accuracy: 0.916 ; loss: 0.200
2018-11-01 00:46:45,374:INFO: - Found new best accuracy
2018-11-01 00:46:45,375:INFO: Epoch 14/40
2018-11-01 00:47:04,583:INFO: - Train metrics: accuracy: 0.926 ; loss: 0.184
2018-11-01 00:47:08,712:INFO: - Eval metrics : accuracy: 0.923 ; loss: 0.188
2018-11-01 00:47:08,749:INFO: - Found new best accuracy
2018-11-01 00:47:08,749:INFO: Epoch 15/40
2018-11-01 00:47:28,741:INFO: - Train metrics: accuracy: 0.932 ; loss: 0.174
2018-11-01 00:47:32,867:INFO: - Eval metrics : accuracy: 0.925 ; loss: 0.182
2018-11-01 00:47:32,909:INFO: - Found new best accuracy
2018-11-01 00:47:32,909:INFO: Epoch 16/40
2018-11-01 00:47:52,499:INFO: - Train metrics: accuracy: 0.934 ; loss: 0.165
2018-11-01 00:47:56,795:INFO: - Eval metrics : accuracy: 0.928 ; loss: 0.176
2018-11-01 00:47:56,836:INFO: - Found new best accuracy
2018-11-01 00:47:56,836:INFO: Epoch 17/40
2018-11-01 00:48:16,601:INFO: - Train metrics: accuracy: 0.939 ; loss: 0.160
2018-11-01 00:48:20,787:INFO: - Eval metrics : accuracy: 0.930 ; loss: 0.173
2018-11-01 00:48:20,824:INFO: - Found new best accuracy
2018-11-01 00:48:20,824:INFO: Epoch 18/40
2018-11-01 00:48:40,593:INFO: - Train metrics: accuracy: 0.930 ; loss: 0.162
2018-11-01 00:48:44,868:INFO: - Eval metrics : accuracy: 0.930 ; loss: 0.172
2018-11-01 00:48:44,904:INFO: - Found new best accuracy
2018-11-01 00:48:44,904:INFO: Epoch 19/40
2018-11-01 00:49:05,099:INFO: - Train metrics: accuracy: 0.939 ; loss: 0.160
2018-11-01 00:49:09,386:INFO: - Eval metrics : accuracy: 0.925 ; loss: 0.183
2018-11-01 00:49:09,424:INFO: Epoch 20/40
2018-11-01 00:49:29,876:INFO: - Train metrics: accuracy: 0.938 ; loss: 0.153
2018-11-01 00:49:34,210:INFO: - Eval metrics : accuracy: 0.931 ; loss: 0.171
2018-11-01 00:49:34,251:INFO: - Found new best accuracy
2018-11-01 00:49:34,251:INFO: Epoch 21/40
2018-11-01 00:49:54,975:INFO: - Train metrics: accuracy: 0.938 ; loss: 0.152
2018-11-01 00:49:59,148:INFO: - Eval metrics : accuracy: 0.932 ; loss: 0.169
2018-11-01 00:49:59,189:INFO: - Found new best accuracy
2018-11-01 00:49:59,189:INFO: Epoch 22/40
2018-11-01 00:50:18,846:INFO: - Train metrics: accuracy: 0.943 ; loss: 0.150
2018-11-01 00:50:23,016:INFO: - Eval metrics : accuracy: 0.931 ; loss: 0.168
2018-11-01 00:50:23,054:INFO: Epoch 23/40
2018-11-01 00:50:42,346:INFO: - Train metrics: accuracy: 0.939 ; loss: 0.147
2018-11-01 00:50:46,512:INFO: - Eval metrics : accuracy: 0.932 ; loss: 0.167
2018-11-01 00:50:46,515:INFO: - Found new best accuracy
2018-11-01 00:50:46,516:INFO: Epoch 24/40
2018-11-01 00:51:06,168:INFO: - Train metrics: accuracy: 0.940 ; loss: 0.148
2018-11-01 00:51:10,325:INFO: - Eval metrics : accuracy: 0.932 ; loss: 0.168
2018-11-01 00:51:10,366:INFO: Epoch 25/40
2018-11-01 00:51:30,676:INFO: - Train metrics: accuracy: 0.945 ; loss: 0.145
2018-11-01 00:51:34,839:INFO: - Eval metrics : accuracy: 0.933 ; loss: 0.166
2018-11-01 00:51:34,876:INFO: - Found new best accuracy
2018-11-01 00:51:34,877:INFO: Epoch 26/40
2018-11-01 00:51:54,566:INFO: - Train metrics: accuracy: 0.940 ; loss: 0.148
2018-11-01 00:51:58,831:INFO: - Eval metrics : accuracy: 0.931 ; loss: 0.168
2018-11-01 00:51:58,870:INFO: Epoch 27/40
2018-11-01 00:52:18,312:INFO: - Train metrics: accuracy: 0.941 ; loss: 0.147
2018-11-01 00:52:22,441:INFO: - Eval metrics : accuracy: 0.931 ; loss: 0.168
2018-11-01 00:52:22,475:INFO: Epoch 28/40
2018-11-01 00:52:42,272:INFO: - Train metrics: accuracy: 0.944 ; loss: 0.146
2018-11-01 00:52:46,483:INFO: - Eval metrics : accuracy: 0.931 ; loss: 0.167
2018-11-01 00:52:46,522:INFO: Epoch 29/40
2018-11-01 00:53:06,336:INFO: - Train metrics: accuracy: 0.943 ; loss: 0.146
2018-11-01 00:53:10,616:INFO: - Eval metrics : accuracy: 0.931 ; loss: 0.168
2018-11-01 00:53:10,654:INFO: Epoch 30/40
2018-11-01 00:53:31,044:INFO: - Train metrics: accuracy: 0.949 ; loss: 0.145
2018-11-01 00:53:35,337:INFO: - Eval metrics : accuracy: 0.931 ; loss: 0.167
2018-11-01 00:53:35,377:INFO: Epoch 31/40
2018-11-01 00:53:56,043:INFO: - Train metrics: accuracy: 0.947 ; loss: 0.144
2018-11-01 00:54:00,220:INFO: - Eval metrics : accuracy: 0.932 ; loss: 0.166
2018-11-01 00:54:00,262:INFO: Epoch 32/40
2018-11-01 00:54:19,782:INFO: - Train metrics: accuracy: 0.945 ; loss: 0.143
2018-11-01 00:54:23,954:INFO: - Eval metrics : accuracy: 0.932 ; loss: 0.166
2018-11-01 00:54:23,989:INFO: Epoch 33/40
2018-11-01 00:54:43,421:INFO: - Train metrics: accuracy: 0.945 ; loss: 0.142
2018-11-01 00:54:47,586:INFO: - Eval metrics : accuracy: 0.932 ; loss: 0.166
2018-11-01 00:54:47,589:INFO: Epoch 34/40
2018-11-01 00:55:08,932:INFO: - Train metrics: accuracy: 0.948 ; loss: 0.142
2018-11-01 00:55:13,232:INFO: - Eval metrics : accuracy: 0.932 ; loss: 0.165
2018-11-01 00:55:13,275:INFO: Epoch 35/40
2018-11-01 00:55:33,817:INFO: - Train metrics: accuracy: 0.947 ; loss: 0.142
2018-11-01 00:55:38,134:INFO: - Eval metrics : accuracy: 0.933 ; loss: 0.165
2018-11-01 00:55:38,177:INFO: - Found new best accuracy
2018-11-01 00:55:38,177:INFO: Epoch 36/40
2018-11-01 00:55:58,966:INFO: - Train metrics: accuracy: 0.945 ; loss: 0.142
2018-11-01 00:56:03,282:INFO: - Eval metrics : accuracy: 0.934 ; loss: 0.164
2018-11-01 00:56:03,319:INFO: - Found new best accuracy
2018-11-01 00:56:03,320:INFO: Epoch 37/40
2018-11-01 00:56:22,689:INFO: - Train metrics: accuracy: 0.947 ; loss: 0.141
2018-11-01 00:56:26,960:INFO: - Eval metrics : accuracy: 0.934 ; loss: 0.164
2018-11-01 00:56:26,997:INFO: - Found new best accuracy
2018-11-01 00:56:26,997:INFO: Epoch 38/40
2018-11-01 00:56:46,676:INFO: - Train metrics: accuracy: 0.948 ; loss: 0.141
2018-11-01 00:56:50,838:INFO: - Eval metrics : accuracy: 0.934 ; loss: 0.165
2018-11-01 00:56:50,874:INFO: Epoch 39/40
2018-11-01 00:57:11,270:INFO: - Train metrics: accuracy: 0.949 ; loss: 0.140
2018-11-01 00:57:15,435:INFO: - Eval metrics : accuracy: 0.933 ; loss: 0.165
2018-11-01 00:57:15,473:INFO: Epoch 40/40
2018-11-01 00:57:35,541:INFO: - Train metrics: accuracy: 0.949 ; loss: 0.139
2018-11-01 00:57:39,724:INFO: - Eval metrics : accuracy: 0.933 ; loss: 0.165
2018-11-01 00:57:39,760:INFO: Total time (minutes) =26.389256425698598
