2018-10-21 23:33:54,416:INFO: Loading the dataset ...
2018-10-21 23:33:54,761:INFO: - done.
2018-10-21 23:33:58,603:INFO: Starting evaluation
2018-10-21 23:34:01,104:INFO: Labels=[0. 0. 1. 0. 0. 0. 0. 1. 0. 1.]
2018-10-21 23:34:01,105:INFO: Out prob=[7.01474249e-02 2.97568202e-01 5.65518141e-01 6.59954548e-01
 8.37991357e-01 3.72730050e-04 1.36035299e-02 8.45167100e-01
 5.02700627e-01 9.18523431e-01]
2018-10-21 23:34:01,105:INFO: ------------------------------------------------------------------------------------------------------------------------
2018-10-21 23:34:01,105:INFO: len labels after =15872
2018-10-21 23:34:01,105:INFO: len out_prob after15872
2018-10-21 23:34:01,105:INFO: length y_test=15872
2018-10-21 23:34:01,105:INFO: Lenght y_score=15872
2018-10-21 23:34:01,109:INFO: Length y_score 15872
2018-10-21 23:34:01,110:INFO: Length y_test 15872
2018-10-21 23:34:01,110:INFO: Thresholds[0:6] = 
 [0.99980825 0.9933449  0.99259031 0.99137992 0.99103832 0.99095613]
2018-10-21 23:34:01,110:INFO: Thresholds lenght = 
15863
2018-10-21 23:34:01,110:INFO: fpr lenght15863
2018-10-21 23:34:01,110:INFO: tpr lenght15863
2018-10-21 23:34:01,179:INFO: ------------------------------------------------------------------------------------------------------------------------
2018-10-21 23:34:01,184:INFO: roc_auc=0.8842517563009114
2018-10-21 23:34:01,184:INFO: ------------------------------------------------------------------------------------------------------------------------
2018-10-21 23:34:01,185:INFO: - Eval metrics : accuracy: 0.811 ; loss: 0.415
