2018-10-29 16:38:10,271:INFO: search_hyperparam_sample_name=top_qcd_jets_antikt_kt__40000_Njets_64_batch
2018-10-29 16:38:10,272:INFO: ------------------------------------------------------------
2018-10-29 16:38:10,272:INFO: Loading the datasets...
2018-10-29 16:38:11,451:INFO: - done loading the datasets
2018-10-29 16:38:11,451:INFO: ------------------------------------------------------------
2018-10-29 16:38:13,145:INFO: Building optimizer...
2018-10-29 16:38:13,145:INFO: Starting training for 35 epoch(s)
2018-10-29 16:38:13,145:INFO: Epoch 1/35
2018-10-29 16:38:34,490:INFO: - Train metrics: accuracy: 0.732 ; loss: 0.741
2018-10-29 16:38:39,112:INFO: - Eval metrics : accuracy: 0.763 ; loss: 0.476
2018-10-29 16:38:39,126:INFO: - Found new best accuracy
2018-10-29 16:38:39,126:INFO: Epoch 2/35
2018-10-29 16:38:59,626:INFO: - Train metrics: accuracy: 0.773 ; loss: 0.471
2018-10-29 16:39:04,628:INFO: - Eval metrics : accuracy: 0.764 ; loss: 0.479
2018-10-29 16:39:04,669:INFO: - Found new best accuracy
2018-10-29 16:39:04,669:INFO: Epoch 3/35
2018-10-29 16:39:25,877:INFO: - Train metrics: accuracy: 0.784 ; loss: 0.456
2018-10-29 16:39:30,069:INFO: - Eval metrics : accuracy: 0.771 ; loss: 0.469
2018-10-29 16:39:30,104:INFO: - Found new best accuracy
2018-10-29 16:39:30,104:INFO: Epoch 4/35
2018-10-29 16:39:49,577:INFO: - Train metrics: accuracy: 0.786 ; loss: 0.464
2018-10-29 16:39:53,767:INFO: - Eval metrics : accuracy: 0.766 ; loss: 0.467
2018-10-29 16:39:53,806:INFO: Epoch 5/35
2018-10-29 16:40:14,798:INFO: - Train metrics: accuracy: 0.794 ; loss: 0.442
2018-10-29 16:40:19,361:INFO: - Eval metrics : accuracy: 0.781 ; loss: 0.445
2018-10-29 16:40:19,396:INFO: - Found new best accuracy
2018-10-29 16:40:19,397:INFO: Epoch 6/35
2018-10-29 16:40:40,202:INFO: - Train metrics: accuracy: 0.794 ; loss: 0.423
2018-10-29 16:40:44,888:INFO: - Eval metrics : accuracy: 0.783 ; loss: 0.442
2018-10-29 16:40:44,891:INFO: - Found new best accuracy
2018-10-29 16:40:44,891:INFO: Epoch 7/35
2018-10-29 16:41:06,777:INFO: - Train metrics: accuracy: 0.812 ; loss: 0.422
2018-10-29 16:41:11,330:INFO: - Eval metrics : accuracy: 0.786 ; loss: 0.438
2018-10-29 16:41:11,358:INFO: - Found new best accuracy
2018-10-29 16:41:11,359:INFO: Epoch 8/35
2018-10-29 16:41:30,664:INFO: - Train metrics: accuracy: 0.805 ; loss: 0.418
2018-10-29 16:41:35,836:INFO: - Eval metrics : accuracy: 0.787 ; loss: 0.437
2018-10-29 16:41:35,840:INFO: - Found new best accuracy
2018-10-29 16:41:35,841:INFO: Epoch 9/35
2018-10-29 16:41:58,977:INFO: - Train metrics: accuracy: 0.802 ; loss: 0.414
2018-10-29 16:42:04,016:INFO: - Eval metrics : accuracy: 0.787 ; loss: 0.436
2018-10-29 16:42:04,057:INFO: - Found new best accuracy
2018-10-29 16:42:04,057:INFO: Epoch 10/35
2018-10-29 16:42:29,149:INFO: - Train metrics: accuracy: 0.810 ; loss: 0.400
2018-10-29 16:42:34,580:INFO: - Eval metrics : accuracy: 0.786 ; loss: 0.440
2018-10-29 16:42:34,622:INFO: Epoch 11/35
2018-10-29 16:42:58,601:INFO: - Train metrics: accuracy: 0.802 ; loss: 0.398
2018-10-29 16:43:03,615:INFO: - Eval metrics : accuracy: 0.793 ; loss: 0.427
2018-10-29 16:43:03,653:INFO: - Found new best accuracy
2018-10-29 16:43:03,654:INFO: Epoch 12/35
2018-10-29 16:43:28,746:INFO: - Train metrics: accuracy: 0.812 ; loss: 0.387
2018-10-29 16:43:33,455:INFO: - Eval metrics : accuracy: 0.795 ; loss: 0.424
2018-10-29 16:43:33,493:INFO: - Found new best accuracy
2018-10-29 16:43:33,494:INFO: Epoch 13/35
2018-10-29 16:43:58,075:INFO: - Train metrics: accuracy: 0.820 ; loss: 0.378
2018-10-29 16:44:02,433:INFO: - Eval metrics : accuracy: 0.798 ; loss: 0.423
2018-10-29 16:44:02,462:INFO: - Found new best accuracy
2018-10-29 16:44:02,462:INFO: Epoch 14/35
2018-10-29 16:44:25,684:INFO: - Train metrics: accuracy: 0.820 ; loss: 0.371
2018-10-29 16:44:29,905:INFO: - Eval metrics : accuracy: 0.799 ; loss: 0.421
2018-10-29 16:44:29,942:INFO: - Found new best accuracy
2018-10-29 16:44:29,942:INFO: Epoch 15/35
2018-10-29 16:44:54,292:INFO: - Train metrics: accuracy: 0.820 ; loss: 0.368
2018-10-29 16:44:59,244:INFO: - Eval metrics : accuracy: 0.800 ; loss: 0.422
2018-10-29 16:44:59,277:INFO: - Found new best accuracy
2018-10-29 16:44:59,278:INFO: Epoch 16/35
2018-10-29 16:45:23,910:INFO: - Train metrics: accuracy: 0.820 ; loss: 0.364
2018-10-29 16:45:28,569:INFO: - Eval metrics : accuracy: 0.802 ; loss: 0.420
2018-10-29 16:45:28,606:INFO: - Found new best accuracy
2018-10-29 16:45:28,606:INFO: Epoch 17/35
2018-10-29 16:45:53,694:INFO: - Train metrics: accuracy: 0.815 ; loss: 0.360
2018-10-29 16:45:58,688:INFO: - Eval metrics : accuracy: 0.804 ; loss: 0.416
2018-10-29 16:45:58,729:INFO: - Found new best accuracy
2018-10-29 16:45:58,729:INFO: Epoch 18/35
2018-10-29 16:46:21,577:INFO: - Train metrics: accuracy: 0.823 ; loss: 0.354
2018-10-29 16:46:26,407:INFO: - Eval metrics : accuracy: 0.804 ; loss: 0.414
2018-10-29 16:46:26,445:INFO: - Found new best accuracy
2018-10-29 16:46:26,446:INFO: Epoch 19/35
2018-10-29 16:46:49,532:INFO: - Train metrics: accuracy: 0.833 ; loss: 0.350
2018-10-29 16:46:54,561:INFO: - Eval metrics : accuracy: 0.809 ; loss: 0.411
2018-10-29 16:46:54,595:INFO: - Found new best accuracy
2018-10-29 16:46:54,596:INFO: Epoch 20/35
2018-10-29 16:47:18,759:INFO: - Train metrics: accuracy: 0.831 ; loss: 0.351
2018-10-29 16:47:23,852:INFO: - Eval metrics : accuracy: 0.809 ; loss: 0.409
2018-10-29 16:47:23,893:INFO: - Found new best accuracy
2018-10-29 16:47:23,894:INFO: Epoch 21/35
2018-10-29 16:47:45,769:INFO: - Train metrics: accuracy: 0.828 ; loss: 0.346
2018-10-29 16:47:50,478:INFO: - Eval metrics : accuracy: 0.806 ; loss: 0.413
2018-10-29 16:47:50,513:INFO: Epoch 22/35
2018-10-29 16:48:12,745:INFO: - Train metrics: accuracy: 0.833 ; loss: 0.349
2018-10-29 16:48:17,226:INFO: - Eval metrics : accuracy: 0.814 ; loss: 0.407
2018-10-29 16:48:17,263:INFO: - Found new best accuracy
2018-10-29 16:48:17,263:INFO: Epoch 23/35
2018-10-29 16:48:38,165:INFO: - Train metrics: accuracy: 0.828 ; loss: 0.347
2018-10-29 16:48:43,188:INFO: - Eval metrics : accuracy: 0.811 ; loss: 0.409
2018-10-29 16:48:43,253:INFO: Epoch 24/35
2018-10-29 16:49:06,762:INFO: - Train metrics: accuracy: 0.823 ; loss: 0.346
2018-10-29 16:49:11,263:INFO: - Eval metrics : accuracy: 0.811 ; loss: 0.407
2018-10-29 16:49:11,302:INFO: Epoch 25/35
2018-10-29 16:49:34,418:INFO: - Train metrics: accuracy: 0.836 ; loss: 0.340
2018-10-29 16:49:39,262:INFO: - Eval metrics : accuracy: 0.812 ; loss: 0.408
2018-10-29 16:49:39,302:INFO: Epoch 26/35
2018-10-29 16:50:00,213:INFO: - Train metrics: accuracy: 0.831 ; loss: 0.339
2018-10-29 16:50:04,392:INFO: - Eval metrics : accuracy: 0.811 ; loss: 0.408
2018-10-29 16:50:04,431:INFO: Epoch 27/35
2018-10-29 16:50:26,187:INFO: - Train metrics: accuracy: 0.831 ; loss: 0.338
2018-10-29 16:50:31,030:INFO: - Eval metrics : accuracy: 0.811 ; loss: 0.409
2018-10-29 16:50:31,070:INFO: Epoch 28/35
2018-10-29 16:50:54,580:INFO: - Train metrics: accuracy: 0.833 ; loss: 0.333
2018-10-29 16:50:59,429:INFO: - Eval metrics : accuracy: 0.811 ; loss: 0.409
2018-10-29 16:50:59,469:INFO: Epoch 29/35
2018-10-29 16:51:19,380:INFO: - Train metrics: accuracy: 0.828 ; loss: 0.332
2018-10-29 16:51:24,373:INFO: - Eval metrics : accuracy: 0.812 ; loss: 0.409
2018-10-29 16:51:24,412:INFO: Epoch 30/35
2018-10-29 16:51:46,121:INFO: - Train metrics: accuracy: 0.833 ; loss: 0.332
2018-10-29 16:51:50,500:INFO: - Eval metrics : accuracy: 0.812 ; loss: 0.409
2018-10-29 16:51:50,538:INFO: Epoch 31/35
2018-10-29 16:52:13,369:INFO: - Train metrics: accuracy: 0.839 ; loss: 0.331
2018-10-29 16:52:17,642:INFO: - Eval metrics : accuracy: 0.812 ; loss: 0.408
2018-10-29 16:52:17,644:INFO: Epoch 32/35
2018-10-29 16:52:40,648:INFO: - Train metrics: accuracy: 0.844 ; loss: 0.333
2018-10-29 16:52:44,861:INFO: - Eval metrics : accuracy: 0.812 ; loss: 0.408
2018-10-29 16:52:44,896:INFO: Epoch 33/35
2018-10-29 16:53:07,479:INFO: - Train metrics: accuracy: 0.836 ; loss: 0.332
2018-10-29 16:53:12,558:INFO: - Eval metrics : accuracy: 0.813 ; loss: 0.406
2018-10-29 16:53:12,604:INFO: Epoch 34/35
2018-10-29 16:53:32,625:INFO: - Train metrics: accuracy: 0.833 ; loss: 0.331
2018-10-29 16:53:36,839:INFO: - Eval metrics : accuracy: 0.813 ; loss: 0.406
2018-10-29 16:53:36,872:INFO: Epoch 35/35
2018-10-29 16:53:59,227:INFO: - Train metrics: accuracy: 0.833 ; loss: 0.332
2018-10-29 16:54:03,561:INFO: - Eval metrics : accuracy: 0.814 ; loss: 0.405
2018-10-29 16:54:03,606:INFO: - Found new best accuracy
2018-10-29 16:54:03,607:INFO: Total time (minutes) =15.888927392164867
