2018-10-29 16:17:51,333:INFO: Loading the dataset ...
2018-10-29 16:17:51,680:INFO: - done.
2018-10-29 16:17:53,335:INFO: Starting evaluation
2018-10-29 16:17:55,756:INFO: Labels=[0. 0. 1. 0. 0. 0. 0. 1. 0. 1.]
2018-10-29 16:17:55,757:INFO: Out prob=[1. 1. 1. 1. 1. 1. 1. 1. 1. 1.]
2018-10-29 16:17:55,757:INFO: ------------------------------------------------------------------------------------------------------------------------
2018-10-29 16:17:55,757:INFO: len labels after =16000
2018-10-29 16:17:55,757:INFO: len out_prob after16000
2018-10-29 16:17:55,757:INFO: length y_test=16000
2018-10-29 16:17:55,757:INFO: Lenght y_score=16000
2018-10-29 16:17:55,759:INFO: Length y_score 16000
2018-10-29 16:17:55,759:INFO: Length y_test 16000
2018-10-29 16:17:55,759:INFO: Thresholds[0:6] = 
 [2. 1.]
2018-10-29 16:17:55,759:INFO: Thresholds lenght = 
2
2018-10-29 16:17:55,759:INFO: fpr lenght2
2018-10-29 16:17:55,759:INFO: tpr lenght2
2018-10-29 16:17:55,759:INFO: ------------------------------------------------------------------------------------------------------------------------
2018-10-29 16:17:55,762:INFO: roc_auc=0.5
2018-10-29 16:17:55,762:INFO: ------------------------------------------------------------------------------------------------------------------------
2018-10-29 16:17:55,762:INFO: - Eval metrics : accuracy: 0.49994 ; loss: 13.81724
